2017-11-08 22:06:14,603: log.pubsub.pub.0001 : pmgr.0000.launching.0           : MainThread     : INFO    : python.interpreter   version: 2.7.12 (default, Nov 19 2016, 06:48:10) [GCC 5.4.0 20160609]
2017-11-08 22:06:14,604: log.pubsub.pub.0001 : pmgr.0000.launching.0           : MainThread     : INFO    :                      pid: 27162
2017-11-08 22:06:14,604: log.pubsub.pub.0001 : pmgr.0000.launching.0           : MainThread     : INFO    :                      tid: MainThread
2017-11-08 22:06:14,604: log.pubsub.pub.0001 : pmgr.0000.launching.0           : MainThread     : INFO    : radical.pilot        version: 0.47-v0.46.2-182-gc994bc73@rc-v0.46.3
2017-11-08 22:06:14,604: log.pubsub.pub.0001 : pmgr.0000.launching.0           : MainThread     : INFO    : create log_pubsub - pub - tcp://138.201.86.166:32837
2017-11-08 22:06:14,604: log.pubsub.pub.0001 : pmgr.0000.launching.0           : MainThread     : DEBUG   : start process
2017-11-08 22:06:14,604: log.pubsub.pub.0001 : pmgr.0000.launching.0           : MainThread     : DEBUG   : ru_initialize_common (NOOP)
2017-11-08 22:06:14,604: log.pubsub.pub.0001 : pmgr.0000.launching.0           : MainThread     : DEBUG   : ru_initialize_parent (NOOP)
2017-11-08 22:06:14,604: log.pubsub.pub.0001 : pmgr.0000.launching.0           : MainThread     : DEBUG   : process class started (no child)
2017-11-08 22:06:14,641: log.pubsub.pub.0001 : MainProcess                     : MainThread     : INFO    : python.interpreter   version: 2.7.12 (default, Nov 19 2016, 06:48:10) [GCC 5.4.0 20160609]
2017-11-08 22:06:14,641: log.pubsub.pub.0001 : MainProcess                     : MainThread     : INFO    :                      pid: 27015
2017-11-08 22:06:14,641: log.pubsub.pub.0001 : MainProcess                     : MainThread     : INFO    :                      tid: MainThread
2017-11-08 22:06:14,641: log.pubsub.pub.0001 : MainProcess                     : MainThread     : INFO    : radical.pilot        version: 0.47-v0.46.2-182-gc994bc73@rc-v0.46.3
2017-11-08 22:06:14,641: log.pubsub.pub.0001 : MainProcess                     : MainThread     : INFO    : create log_pubsub - pub - tcp://138.201.86.166:32837
2017-11-08 22:06:14,647: log.pubsub.pub.0001 : MainProcess                     : MainThread     : DEBUG   : start process
2017-11-08 22:06:14,647: log.pubsub.pub.0001 : MainProcess                     : MainThread     : DEBUG   : ru_initialize_common (NOOP)
2017-11-08 22:06:14,647: log.pubsub.pub.0001 : MainProcess                     : MainThread     : DEBUG   : ru_initialize_parent (NOOP)
2017-11-08 22:06:14,647: log.pubsub.pub.0001 : MainProcess                     : MainThread     : DEBUG   : process class started (no child)
2017-11-09 16:31:31,542: log.pubsub.pub.0001 : MainProcess                     : MainThread     : INFO    : parent stops child  27015 -> None [log.pubsub.pub.0001]
2017-11-09 16:31:31,542: log.pubsub.pub.0001 : MainProcess                     : MainThread     : DEBUG   : ru_finalize_parent (NOOP)
