2017-11-08 22:06:36,106: umgr.0000.staging.output.0.child: umgr.0000.staging.output.0      : MainThread     : INFO    : python.interpreter   version: 2.7.12 (default, Nov 19 2016, 06:48:10) [GCC 5.4.0 20160609]
2017-11-08 22:06:36,106: umgr.0000.staging.output.0.child: umgr.0000.staging.output.0      : MainThread     : INFO    :                      pid: 27764
2017-11-08 22:06:36,107: umgr.0000.staging.output.0.child: umgr.0000.staging.output.0      : MainThread     : INFO    :                      tid: MainThread
2017-11-08 22:06:36,107: umgr.0000.staging.output.0.child: umgr.0000.staging.output.0      : MainThread     : INFO    : radical.pilot        version: 0.47-v0.46.2-182-gc994bc73@rc-v0.46.3
2017-11-08 22:06:36,157: umgr.0000.staging.output.0.child: umgr.0000.staging.output.0      : MainThread     : INFO    : initialize umgr.0000.staging.output.0.child
2017-11-08 22:06:36,159: umgr.0000.staging.output.0.child: umgr.0000.staging.output.0      : MainThread     : INFO    : cfg: {'agents': {},
 u'bridges': {u'control_pubsub': {'addr_in': 'tcp://138.201.86.166:34230',
                                  'addr_out': 'tcp://138.201.86.166:35448',
                                  u'bulk_size': 0,
                                  u'log_level': u'debug',
                                  u'stall_hwm': 1},
              u'log_pubsub': {'addr_in': 'tcp://138.201.86.166:32837',
                              'addr_out': 'tcp://138.201.86.166:39793',
                              u'bulk_size': 0,
                              u'log_level': u'debug',
                              u'stall_hwm': 1},
              u'state_pubsub': {'addr_in': 'tcp://138.201.86.166:36132',
                                'addr_out': 'tcp://138.201.86.166:37498',
                                u'bulk_size': 0,
                                u'log_level': u'debug',
                                u'stall_hwm': 1},
              u'umgr_reschedule_pubsub': {'addr_in': 'tcp://138.201.86.166:38555',
                                          'addr_out': 'tcp://138.201.86.166:46561',
                                          u'bulk_size': 0,
                                          u'log_level': u'debug',
                                          u'stall_hwm': 1},
              u'umgr_scheduling_queue': {'addr_in': 'tcp://138.201.86.166:36583',
                                         'addr_out': 'tcp://138.201.86.166:34993',
                                         u'bulk_size': 0,
                                         u'log_level': u'debug',
                                         u'stall_hwm': 1},
              u'umgr_staging_input_queue': {'addr_in': 'tcp://138.201.86.166:34303',
                                            'addr_out': 'tcp://138.201.86.166:36971',
                                            u'bulk_size': 0,
                                            u'log_level': u'debug',
                                            u'stall_hwm': 1},
              u'umgr_staging_output_queue': {'addr_in': 'tcp://138.201.86.166:34294',
                                             'addr_out': 'tcp://138.201.86.166:46751',
                                             u'bulk_size': 0,
                                             u'log_level': u'debug',
                                             u'stall_hwm': 1},
              u'umgr_unschedule_pubsub': {'addr_in': 'tcp://138.201.86.166:38993',
                                          'addr_out': 'tcp://138.201.86.166:38213',
                                          u'bulk_size': 0,
                                          u'log_level': u'debug',
                                          u'stall_hwm': 1}},
 u'bulk_collection_size': 100,
 u'bulk_collection_time': 1.0,
 'cname': u'UMGRStagingOutputComponent',
 u'components': {},
 u'count': 1,
 u'db_poll_sleeptime': 1.0,
 'number': 0,
 'owner': 'umgr.0000',
 u'scheduler': u'round_robin',
 'uid': 'umgr.0000'}
2017-11-08 22:06:36,159: umgr.0000.staging.output.0.child: umgr.0000.staging.output.0      : MainThread     : DEBUG   : start components: {}
2017-11-08 22:06:36,159: umgr.0000.staging.output.0.child: umgr.0000.staging.output.0      : MainThread     : DEBUG   : alive check in term
2017-11-08 22:06:36,159: umgr.0000.staging.output.0.child: umgr.0000.staging.output.0      : MainThread     : DEBUG   : START: umgr.0000.staging.output.0.child register publisher log_pubsub
2017-11-08 22:06:36,159: umgr.0000.staging.output.0.child: umgr.0000.staging.output.0      : MainThread     : DEBUG   : using addr tcp://138.201.86.166:32837 for pubsub log_pubsub
2017-11-08 22:06:36,161: umgr.0000.staging.output.0.child: umgr.0000.staging.output.0      : MainThread     : DEBUG   : registered publisher : log_pubsub : log.pubsub.pub.0004
2017-11-08 22:06:36,161: umgr.0000.staging.output.0.child: umgr.0000.staging.output.0      : MainThread     : DEBUG   : alive check in term
2017-11-08 22:06:36,161: umgr.0000.staging.output.0.child: umgr.0000.staging.output.0      : MainThread     : DEBUG   : START: umgr.0000.staging.output.0.child register publisher state_pubsub
2017-11-08 22:06:36,161: umgr.0000.staging.output.0.child: umgr.0000.staging.output.0      : MainThread     : DEBUG   : using addr tcp://138.201.86.166:36132 for pubsub state_pubsub
2017-11-08 22:06:36,162: umgr.0000.staging.output.0.child: umgr.0000.staging.output.0      : MainThread     : DEBUG   : registered publisher : state_pubsub : state.pubsub.pub.0004
2017-11-08 22:06:36,162: umgr.0000.staging.output.0.child: umgr.0000.staging.output.0      : MainThread     : DEBUG   : alive check in term
2017-11-08 22:06:36,162: umgr.0000.staging.output.0.child: umgr.0000.staging.output.0      : MainThread     : DEBUG   : START: umgr.0000.staging.output.0.child register publisher control_pubsub
2017-11-08 22:06:36,162: umgr.0000.staging.output.0.child: umgr.0000.staging.output.0      : MainThread     : DEBUG   : using addr tcp://138.201.86.166:34230 for pubsub control_pubsub
2017-11-08 22:06:36,164: umgr.0000.staging.output.0.child: umgr.0000.staging.output.0      : MainThread     : DEBUG   : registered publisher : control_pubsub : control.pubsub.pub.0004
2017-11-08 22:06:36,164: umgr.0000.staging.output.0.child: umgr.0000.staging.output.0      : MainThread     : DEBUG   : alive check in term
2017-11-08 22:06:36,164: umgr.0000.staging.output.0.child: umgr.0000.staging.output.0      : MainThread     : DEBUG   : START: umgr.0000.staging.output.0.child register subscriber umgr.0000.staging.output.0.child.subscriber._cancel_monitor_cb
2017-11-08 22:06:36,164: umgr.0000.staging.output.0.child: umgr.0000.staging.output.0      : MainThread     : DEBUG   : using addr tcp://138.201.86.166:35448 for pubsub control_pubsub
2017-11-08 22:06:36,165: umgr.0000.staging.output.0.child: umgr.0000.staging.output.0      : MainThread     : DEBUG   : parent name: umgr.0000.staging.output.0.child.subscriber._cancel_monitor_cb
2017-11-08 22:06:36,165: umgr.0000.staging.output.0.child: umgr.0000.staging.output.0      : MainThread     : DEBUG   : start thread
2017-11-08 22:06:36,165: umgr.0000.staging.output.0.child: umgr.0000.staging.output.0      : umgr.0000.staging.output.0.child.subscriber._cancel_monitor_cb: DEBUG   : child name: umgr.0000.staging.output.0.child.subscriber._cancel_monitor_cb.thread
2017-11-08 22:06:36,165: umgr.0000.staging.output.0.child: umgr.0000.staging.output.0      : umgr.0000.staging.output.0.child.subscriber._cancel_monitor_cb: INFO    : child (me) initializing
2017-11-08 22:06:36,165: umgr.0000.staging.output.0.child: umgr.0000.staging.output.0      : umgr.0000.staging.output.0.child.subscriber._cancel_monitor_cb: DEBUG   : ru_initialize_common (NOOP)
2017-11-08 22:06:36,165: umgr.0000.staging.output.0.child: umgr.0000.staging.output.0      : umgr.0000.staging.output.0.child.subscriber._cancel_monitor_cb: DEBUG   : ru_initialize_child (NOOP)
2017-11-08 22:06:36,165: umgr.0000.staging.output.0.child: umgr.0000.staging.output.0      : umgr.0000.staging.output.0.child.subscriber._cancel_monitor_cb: INFO    : send alive
2017-11-08 22:06:36,165: umgr.0000.staging.output.0.child: umgr.0000.staging.output.0      : umgr.0000.staging.output.0.child.subscriber._cancel_monitor_cb: INFO    : put message: [umgr.0000.staging.output.0.child.subscriber._cancel_monitor_cb.thread] alive
2017-11-08 22:06:36,166: umgr.0000.staging.output.0.child: umgr.0000.staging.output.0      : MainThread     : INFO    : get msg: alive
2017-11-08 22:06:36,166: umgr.0000.staging.output.0.child: umgr.0000.staging.output.0      : MainThread     : DEBUG   : ru_initialize_common (NOOP)
2017-11-08 22:06:36,166: umgr.0000.staging.output.0.child: umgr.0000.staging.output.0      : MainThread     : DEBUG   : ru_initialize_parent (NOOP)
2017-11-08 22:06:36,166: umgr.0000.staging.output.0.child: umgr.0000.staging.output.0      : MainThread     : DEBUG   : child thread umgr.0000.staging.output.0.child.subscriber._cancel_monitor_cb started
2017-11-08 22:06:36,167: umgr.0000.staging.output.0.child: umgr.0000.staging.output.0      : MainThread     : DEBUG   : umgr.0000.staging.output.0.child registered control_pubsub subscriber umgr.0000.staging.output.0.child.subscriber._cancel_monitor_cb
2017-11-08 22:06:36,167: umgr.0000.staging.output.0.child: umgr.0000.staging.output.0      : MainThread     : DEBUG   : alive check in term
2017-11-08 22:06:36,167: umgr.0000.staging.output.0.child: umgr.0000.staging.output.0      : MainThread     : DEBUG   : using addr tcp://138.201.86.166:46751 for input umgr_staging_output_queue
2017-11-08 22:06:36,168: umgr.0000.staging.output.0.child: umgr.0000.staging.output.0      : MainThread     : DEBUG   : registered input umgr.0000.staging.output.0.child.work.UMGR_STAGING_OUTPUT_PENDING
2017-11-08 22:06:36,168: umgr.0000.staging.output.0.child: umgr.0000.staging.output.0      : MainThread     : DEBUG   : START: umgr.0000.staging.output.0.child register input UMGR_STAGING_OUTPUT_PENDING: umgr.0000.staging.output.0.child.work.UMGR_STAGING_OUTPUT_PENDING
2017-11-08 22:06:36,168: umgr.0000.staging.output.0.child: umgr.0000.staging.output.0      : MainThread     : DEBUG   : registered worker work [UMGR_STAGING_OUTPUT_PENDING]
2017-11-08 22:06:36,168: umgr.0000.staging.output.0.child: umgr.0000.staging.output.0      : MainThread     : INFO    : child (me) initializing
2017-11-08 22:06:36,168: umgr.0000.staging.output.0.child: umgr.0000.staging.output.0      : MainThread     : DEBUG   : parent name: umgr.0000.staging.output.0.child.watch
2017-11-08 22:06:36,168: umgr.0000.staging.output.0.child: umgr.0000.staging.output.0      : MainThread     : DEBUG   : start thread
2017-11-08 22:06:36,168: umgr.0000.staging.output.0.child: umgr.0000.staging.output.0      : umgr.0000.staging.output.0.child.watch: DEBUG   : child name: umgr.0000.staging.output.0.child.watch.thread
2017-11-08 22:06:36,169: umgr.0000.staging.output.0.child: umgr.0000.staging.output.0      : umgr.0000.staging.output.0.child.watch: INFO    : child (me) initializing
2017-11-08 22:06:36,169: umgr.0000.staging.output.0.child: umgr.0000.staging.output.0      : umgr.0000.staging.output.0.child.watch: DEBUG   : ru_initialize_common (NOOP)
2017-11-08 22:06:36,169: umgr.0000.staging.output.0.child: umgr.0000.staging.output.0      : umgr.0000.staging.output.0.child.watch: DEBUG   : ru_initialize_child (NOOP)
2017-11-08 22:06:36,169: umgr.0000.staging.output.0.child: umgr.0000.staging.output.0      : umgr.0000.staging.output.0.child.watch: INFO    : send alive
2017-11-08 22:06:36,169: umgr.0000.staging.output.0.child: umgr.0000.staging.output.0      : umgr.0000.staging.output.0.child.watch: INFO    : put message: [umgr.0000.staging.output.0.child.watch.thread] alive
2017-11-08 22:06:36,170: umgr.0000.staging.output.0.child: umgr.0000.staging.output.0      : MainThread     : INFO    : get msg: alive
2017-11-08 22:06:36,170: umgr.0000.staging.output.0.child: umgr.0000.staging.output.0      : MainThread     : DEBUG   : ru_initialize_common (NOOP)
2017-11-08 22:06:36,170: umgr.0000.staging.output.0.child: umgr.0000.staging.output.0      : MainThread     : DEBUG   : ru_initialize_parent (NOOP)
2017-11-08 22:06:36,170: umgr.0000.staging.output.0.child: umgr.0000.staging.output.0      : MainThread     : DEBUG   : child thread umgr.0000.staging.output.0.child.watch started
2017-11-08 22:06:36,170: umgr.0000.staging.output.0.child: umgr.0000.staging.output.0      : MainThread     : INFO    : child (me) is alive
2017-11-08 22:06:36,170: umgr.0000.staging.output.0.child: umgr.0000.staging.output.0      : MainThread     : INFO    : send alive
2017-11-08 22:06:36,170: umgr.0000.staging.output.0.child: umgr.0000.staging.output.0      : MainThread     : INFO    : send message: [umgr.0000.staging.output.0.child] alive
2017-11-08 22:06:36,637: umgr.0000.staging.output.0.child: umgr.0000.staging.output.0      : umgr.0000.staging.output.0.child.subscriber._cancel_monitor_cb: DEBUG   : command ignored: add_pilots
2017-11-08 23:39:42,304: umgr.0000.staging.output.0.child: umgr.0000.staging.output.0      : MainThread     : DEBUG   : got unit (unit.000004)
2017-11-08 23:39:42,304: umgr.0000.staging.output.0.child: umgr.0000.staging.output.0      : MainThread     : DEBUG   : advance bulk size: 1 [False, True]
2017-11-08 23:39:42,304: umgr.0000.staging.output.0.child: umgr.0000.staging.output.0      : MainThread     : DEBUG   : advance bulk size: 1 [True, True]
2017-11-08 23:39:42,304: umgr.0000.staging.output.0.child: umgr.0000.staging.output.0      : MainThread     : DEBUG   : final unit.000004 [DONE]
2017-11-08 23:41:37,119: umgr.0000.staging.output.0.child: umgr.0000.staging.output.0      : MainThread     : DEBUG   : got unit (unit.000003)
2017-11-08 23:41:37,119: umgr.0000.staging.output.0.child: umgr.0000.staging.output.0      : MainThread     : DEBUG   : advance bulk size: 1 [False, True]
2017-11-08 23:41:37,119: umgr.0000.staging.output.0.child: umgr.0000.staging.output.0      : MainThread     : DEBUG   : advance bulk size: 1 [True, True]
2017-11-08 23:41:37,119: umgr.0000.staging.output.0.child: umgr.0000.staging.output.0      : MainThread     : DEBUG   : final unit.000003 [DONE]
2017-11-08 23:43:03,447: umgr.0000.staging.output.0.child: umgr.0000.staging.output.0      : MainThread     : DEBUG   : got unit (unit.000002)
2017-11-08 23:43:03,447: umgr.0000.staging.output.0.child: umgr.0000.staging.output.0      : MainThread     : DEBUG   : advance bulk size: 1 [False, True]
2017-11-08 23:43:03,447: umgr.0000.staging.output.0.child: umgr.0000.staging.output.0      : MainThread     : DEBUG   : advance bulk size: 1 [True, True]
2017-11-08 23:43:03,447: umgr.0000.staging.output.0.child: umgr.0000.staging.output.0      : MainThread     : DEBUG   : final unit.000002 [DONE]
2017-11-08 23:43:42,634: umgr.0000.staging.output.0.child: umgr.0000.staging.output.0      : MainThread     : DEBUG   : got unit (unit.000000)
2017-11-08 23:43:42,634: umgr.0000.staging.output.0.child: umgr.0000.staging.output.0      : MainThread     : DEBUG   : advance bulk size: 1 [False, True]
2017-11-08 23:43:42,634: umgr.0000.staging.output.0.child: umgr.0000.staging.output.0      : MainThread     : DEBUG   : advance bulk size: 1 [True, True]
2017-11-08 23:43:42,634: umgr.0000.staging.output.0.child: umgr.0000.staging.output.0      : MainThread     : DEBUG   : final unit.000000 [DONE]
2017-11-08 23:51:49,625: umgr.0000.staging.output.0.child: umgr.0000.staging.output.0      : MainThread     : DEBUG   : got unit (unit.000009)
2017-11-08 23:51:49,625: umgr.0000.staging.output.0.child: umgr.0000.staging.output.0      : MainThread     : DEBUG   : advance bulk size: 1 [False, True]
2017-11-08 23:51:49,625: umgr.0000.staging.output.0.child: umgr.0000.staging.output.0      : MainThread     : DEBUG   : advance bulk size: 1 [True, True]
2017-11-08 23:51:49,625: umgr.0000.staging.output.0.child: umgr.0000.staging.output.0      : MainThread     : DEBUG   : final unit.000009 [DONE]
2017-11-08 23:52:02,744: umgr.0000.staging.output.0.child: umgr.0000.staging.output.0      : MainThread     : DEBUG   : got unit (unit.000006)
2017-11-08 23:52:02,744: umgr.0000.staging.output.0.child: umgr.0000.staging.output.0      : MainThread     : DEBUG   : advance bulk size: 1 [False, True]
2017-11-08 23:52:02,744: umgr.0000.staging.output.0.child: umgr.0000.staging.output.0      : MainThread     : DEBUG   : advance bulk size: 1 [True, True]
2017-11-08 23:52:02,745: umgr.0000.staging.output.0.child: umgr.0000.staging.output.0      : MainThread     : DEBUG   : final unit.000006 [DONE]
2017-11-08 23:52:07,251: umgr.0000.staging.output.0.child: umgr.0000.staging.output.0      : MainThread     : DEBUG   : got unit (unit.000011)
2017-11-08 23:52:07,251: umgr.0000.staging.output.0.child: umgr.0000.staging.output.0      : MainThread     : DEBUG   : advance bulk size: 1 [False, True]
2017-11-08 23:52:07,251: umgr.0000.staging.output.0.child: umgr.0000.staging.output.0      : MainThread     : DEBUG   : advance bulk size: 1 [True, True]
2017-11-08 23:52:07,251: umgr.0000.staging.output.0.child: umgr.0000.staging.output.0      : MainThread     : DEBUG   : final unit.000011 [DONE]
2017-11-08 23:52:10,266: umgr.0000.staging.output.0.child: umgr.0000.staging.output.0      : MainThread     : DEBUG   : got unit (unit.000007)
2017-11-08 23:52:10,266: umgr.0000.staging.output.0.child: umgr.0000.staging.output.0      : MainThread     : DEBUG   : got unit (unit.000010)
2017-11-08 23:52:10,266: umgr.0000.staging.output.0.child: umgr.0000.staging.output.0      : MainThread     : DEBUG   : advance bulk size: 2 [False, True]
2017-11-08 23:52:10,266: umgr.0000.staging.output.0.child: umgr.0000.staging.output.0      : MainThread     : DEBUG   : advance bulk size: 2 [True, True]
2017-11-08 23:52:10,267: umgr.0000.staging.output.0.child: umgr.0000.staging.output.0      : MainThread     : DEBUG   : final unit.000007 [DONE]
2017-11-08 23:52:10,267: umgr.0000.staging.output.0.child: umgr.0000.staging.output.0      : MainThread     : DEBUG   : final unit.000010 [DONE]
2017-11-08 23:52:11,669: umgr.0000.staging.output.0.child: umgr.0000.staging.output.0      : MainThread     : DEBUG   : got unit (unit.000008)
2017-11-08 23:52:11,669: umgr.0000.staging.output.0.child: umgr.0000.staging.output.0      : MainThread     : DEBUG   : advance bulk size: 1 [False, True]
2017-11-08 23:52:11,669: umgr.0000.staging.output.0.child: umgr.0000.staging.output.0      : MainThread     : DEBUG   : advance bulk size: 1 [True, True]
2017-11-08 23:52:11,669: umgr.0000.staging.output.0.child: umgr.0000.staging.output.0      : MainThread     : DEBUG   : final unit.000008 [DONE]
2017-11-08 23:52:14,307: umgr.0000.staging.output.0.child: umgr.0000.staging.output.0      : MainThread     : DEBUG   : got unit (unit.000005)
2017-11-08 23:52:14,307: umgr.0000.staging.output.0.child: umgr.0000.staging.output.0      : MainThread     : DEBUG   : advance bulk size: 1 [False, True]
2017-11-08 23:52:14,307: umgr.0000.staging.output.0.child: umgr.0000.staging.output.0      : MainThread     : DEBUG   : advance bulk size: 1 [True, True]
2017-11-08 23:52:14,307: umgr.0000.staging.output.0.child: umgr.0000.staging.output.0      : MainThread     : DEBUG   : final unit.000005 [DONE]
2017-11-09 01:22:17,105: umgr.0000.staging.output.0.child: umgr.0000.staging.output.0      : MainThread     : DEBUG   : got unit (unit.000028)
2017-11-09 01:22:17,105: umgr.0000.staging.output.0.child: umgr.0000.staging.output.0      : MainThread     : DEBUG   : advance bulk size: 1 [False, True]
2017-11-09 01:22:17,105: umgr.0000.staging.output.0.child: umgr.0000.staging.output.0      : MainThread     : DEBUG   : advance bulk size: 1 [True, True]
2017-11-09 01:22:17,105: umgr.0000.staging.output.0.child: umgr.0000.staging.output.0      : MainThread     : DEBUG   : final unit.000028 [DONE]
2017-11-09 01:27:41,353: umgr.0000.staging.output.0.child: umgr.0000.staging.output.0      : MainThread     : DEBUG   : got unit (unit.000035)
2017-11-09 01:27:41,353: umgr.0000.staging.output.0.child: umgr.0000.staging.output.0      : MainThread     : DEBUG   : advance bulk size: 1 [False, True]
2017-11-09 01:27:41,353: umgr.0000.staging.output.0.child: umgr.0000.staging.output.0      : MainThread     : DEBUG   : advance bulk size: 1 [True, True]
2017-11-09 01:27:41,353: umgr.0000.staging.output.0.child: umgr.0000.staging.output.0      : MainThread     : DEBUG   : final unit.000035 [DONE]
2017-11-09 01:58:39,238: umgr.0000.staging.output.0.child: umgr.0000.staging.output.0      : MainThread     : DEBUG   : got unit (unit.000027)
2017-11-09 01:58:39,238: umgr.0000.staging.output.0.child: umgr.0000.staging.output.0      : MainThread     : DEBUG   : advance bulk size: 1 [False, True]
2017-11-09 01:58:39,238: umgr.0000.staging.output.0.child: umgr.0000.staging.output.0      : MainThread     : DEBUG   : advance bulk size: 1 [True, True]
2017-11-09 01:58:39,238: umgr.0000.staging.output.0.child: umgr.0000.staging.output.0      : MainThread     : DEBUG   : final unit.000027 [DONE]
2017-11-09 02:09:20,392: umgr.0000.staging.output.0.child: umgr.0000.staging.output.0      : MainThread     : DEBUG   : got unit (unit.000012)
2017-11-09 02:09:20,392: umgr.0000.staging.output.0.child: umgr.0000.staging.output.0      : MainThread     : DEBUG   : advance bulk size: 1 [False, True]
2017-11-09 02:09:20,392: umgr.0000.staging.output.0.child: umgr.0000.staging.output.0      : MainThread     : DEBUG   : advance bulk size: 1 [True, True]
2017-11-09 02:09:20,392: umgr.0000.staging.output.0.child: umgr.0000.staging.output.0      : MainThread     : DEBUG   : final unit.000012 [DONE]
2017-11-09 02:52:57,743: umgr.0000.staging.output.0.child: umgr.0000.staging.output.0      : MainThread     : DEBUG   : got unit (unit.000020)
2017-11-09 02:52:57,744: umgr.0000.staging.output.0.child: umgr.0000.staging.output.0      : MainThread     : DEBUG   : advance bulk size: 1 [False, True]
2017-11-09 02:52:57,744: umgr.0000.staging.output.0.child: umgr.0000.staging.output.0      : MainThread     : DEBUG   : advance bulk size: 1 [True, True]
2017-11-09 02:52:57,744: umgr.0000.staging.output.0.child: umgr.0000.staging.output.0      : MainThread     : DEBUG   : final unit.000020 [DONE]
2017-11-09 03:09:28,923: umgr.0000.staging.output.0.child: umgr.0000.staging.output.0      : umgr.0000.staging.output.0.child.watch: INFO    : recv message: STOP
2017-11-09 03:09:28,923: umgr.0000.staging.output.0.child: umgr.0000.staging.output.0      : umgr.0000.staging.output.0.child.watch: INFO    : message received: STOP
2017-11-09 03:09:28,923: umgr.0000.staging.output.0.child: umgr.0000.staging.output.0      : umgr.0000.staging.output.0.child.watch: INFO    : STOP received: STOP
2017-11-09 03:09:28,923: umgr.0000.staging.output.0.child: umgr.0000.staging.output.0      : umgr.0000.staging.output.0.child.watch: INFO    : watcher closes
2017-11-09 03:09:28,923: umgr.0000.staging.output.0.child: umgr.0000.staging.output.0      : umgr.0000.staging.output.0.child.watch: INFO    : put message: [umgr.0000.staging.output.0.child.watch.thread] work finished
2017-11-09 03:09:28,923: umgr.0000.staging.output.0.child: umgr.0000.staging.output.0      : umgr.0000.staging.output.0.child.watch: DEBUG   : ru_finalize_child (NOOP)
2017-11-09 03:09:28,924: umgr.0000.staging.output.0.child: umgr.0000.staging.output.0      : umgr.0000.staging.output.0.child.watch: DEBUG   : ru_finalize_common (NOOP)
2017-11-09 03:09:28,924: umgr.0000.staging.output.0.child: umgr.0000.staging.output.0      : umgr.0000.staging.output.0.child.watch: INFO    : put message: [umgr.0000.staging.output.0.child.watch.thread] terminating
2017-11-09 03:09:29,641: umgr.0000.staging.output.0.child: umgr.0000.staging.output.0      : MainThread     : DEBUG   : ru_finalize_common()
2017-11-09 03:09:29,642: umgr.0000.staging.output.0.child: umgr.0000.staging.output.0      : MainThread     : WARNING : alive check: proc invalid - stop [False - True]
2017-11-09 03:09:29,662: umgr.0000.staging.output.0.child: umgr.0000.staging.output.0      : MainThread     : INFO    : stop umgr.0000.staging.output.0.child (27764 : 27764 : MainThread) [radical.utils.process.Default.is_valid]
2017-11-09 03:09:29,756: umgr.0000.staging.output.0.child: umgr.0000.staging.output.0      : MainThread     : INFO    : parent stops child  27764 -> 27764 [umgr.0000.staging.output.0.child]
2017-11-09 03:09:29,756: umgr.0000.staging.output.0.child: umgr.0000.staging.output.0      : MainThread     : INFO    : send message: [umgr.0000.staging.output.0.child] STOP
2017-11-09 03:09:29,756: umgr.0000.staging.output.0.child: umgr.0000.staging.output.0      : MainThread     : WARNING : send failed ([Errno 9] Bad file descriptor) - terminate
2017-11-09 03:09:29,756: umgr.0000.staging.output.0.child: umgr.0000.staging.output.0      : MainThread     : DEBUG   : ru_finalize_common()
2017-11-09 03:09:29,756: umgr.0000.staging.output.0.child: umgr.0000.staging.output.0      : MainThread     : DEBUG   : TERM : umgr.0000.staging.output.0.child unregister publisher log_pubsub
2017-11-09 03:09:29,757: umgr.0000.staging.output.0.child: umgr.0000.staging.output.0      : MainThread     : DEBUG   : unregistered publisher log_pubsub
2017-11-09 03:09:29,757: umgr.0000.staging.output.0.child: umgr.0000.staging.output.0      : MainThread     : DEBUG   : TERM : umgr.0000.staging.output.0.child unregister publisher state_pubsub
2017-11-09 03:09:29,757: umgr.0000.staging.output.0.child: umgr.0000.staging.output.0      : MainThread     : DEBUG   : unregistered publisher state_pubsub
2017-11-09 03:09:29,757: umgr.0000.staging.output.0.child: umgr.0000.staging.output.0      : MainThread     : DEBUG   : TERM : umgr.0000.staging.output.0.child unregister publisher control_pubsub
2017-11-09 03:09:29,758: umgr.0000.staging.output.0.child: umgr.0000.staging.output.0      : MainThread     : DEBUG   : unregistered publisher control_pubsub
2017-11-09 03:09:29,758: umgr.0000.staging.output.0.child: umgr.0000.staging.output.0      : MainThread     : DEBUG   : umgr.0000.staging.output.0.child close prof
2017-11-09 03:09:29,789: umgr.0000.staging.output.0.child: umgr.0000.staging.output.0      : MainThread     : INFO    : parent stops child
2017-11-09 03:09:29,789: umgr.0000.staging.output.0.child: umgr.0000.staging.output.0      : MainThread     : DEBUG   : ru_finalize_parent (NOOP)
2017-11-09 03:09:29,789: umgr.0000.staging.output.0.child: umgr.0000.staging.output.0      : MainThread     : DEBUG   : ru_finalize_common (NOOP)
2017-11-09 03:09:29,789: umgr.0000.staging.output.0.child: umgr.0000.staging.output.0      : MainThread     : INFO    : parent stops child
2017-11-09 03:09:29,790: umgr.0000.staging.output.0.child: umgr.0000.staging.output.0      : MainThread     : DEBUG   : ru_finalize_parent (NOOP)
2017-11-09 03:09:29,790: umgr.0000.staging.output.0.child: umgr.0000.staging.output.0      : umgr.0000.staging.output.0.child.subscriber._cancel_monitor_cb: DEBUG   : ru_finalize_child (NOOP)
2017-11-09 03:09:29,790: umgr.0000.staging.output.0.child: umgr.0000.staging.output.0      : umgr.0000.staging.output.0.child.subscriber._cancel_monitor_cb: INFO    : put message: [umgr.0000.staging.output.0.child.subscriber._cancel_monitor_cb.thread] terminating
2017-11-09 03:09:29,790: umgr.0000.staging.output.0.child: umgr.0000.staging.output.0      : MainThread     : WARNING : super umgr.0000.staging.output.0.child is invalid
2017-11-09 03:09:29,790: umgr.0000.staging.output.0.child: umgr.0000.staging.output.0      : MainThread     : WARNING : component umgr.0000.staging.output.0.child is invalid
2017-11-09 03:09:29,791: umgr.0000.staging.output.0.child: umgr.0000.staging.output.0      : MainThread     : INFO    : stop umgr.0000.staging.output.0.child (27764 : 27764 : MainThread) [radical.pilot.utils.component.Default.is_valid]
2017-11-09 03:09:29,791: umgr.0000.staging.output.0.child: umgr.0000.staging.output.0      : MainThread     : WARNING : publisher log_pubsub is not registered
2017-11-09 03:09:29,791: umgr.0000.staging.output.0.child: umgr.0000.staging.output.0      : MainThread     : WARNING : publisher state_pubsub is not registered
2017-11-09 03:09:29,791: umgr.0000.staging.output.0.child: umgr.0000.staging.output.0      : MainThread     : WARNING : publisher control_pubsub is not registered
2017-11-09 03:09:29,791: umgr.0000.staging.output.0.child: umgr.0000.staging.output.0      : MainThread     : DEBUG   : umgr.0000.staging.output.0.child close prof
2017-11-09 03:09:29,791: umgr.0000.staging.output.0.child: umgr.0000.staging.output.0      : MainThread     : INFO    : send message: [umgr.0000.staging.output.0.child] terminating
2017-11-09 03:09:29,791: umgr.0000.staging.output.0.child: umgr.0000.staging.output.0      : MainThread     : WARNING : send failed ([Errno 9] Bad file descriptor) - terminate
2017-11-09 03:09:29,791: umgr.0000.staging.output.0.child: umgr.0000.staging.output.0      : MainThread     : INFO    : parent stops child
