000 (9894140.000.000) 10/26 23:41:56 Job submitted from host: <129.79.53.198:9615?addrs=129.79.53.198-9615+[fd2f-6feb-37--1f]-9615&noUDP&sock=930205_24f3_5>
...
001 (9894140.000.000) 10/27 00:04:16 Job executing on host: <10.0.255.211:38146?CCBID=129.79.53.179:9757%3faddrs%3d129.79.53.179-9757+[fd2f-6feb-37--1d]-9757#2167799&addrs=10.0.255.211-38146+[--1]-38146&noUDP>
...
006 (9894140.000.000) 10/27 00:04:26 Image size of job updated: 1
	3  -  MemoryUsage of job (MB)
	2500  -  ResidentSetSize of job (KB)
...
006 (9894140.000.000) 10/27 00:09:26 Image size of job updated: 86712
	23  -  MemoryUsage of job (MB)
	23276  -  ResidentSetSize of job (KB)
...
006 (9894140.000.000) 10/27 00:14:26 Image size of job updated: 86712
	23  -  MemoryUsage of job (MB)
	23284  -  ResidentSetSize of job (KB)
...
006 (9894140.000.000) 10/27 00:24:27 Image size of job updated: 88040
	24  -  MemoryUsage of job (MB)
	24492  -  ResidentSetSize of job (KB)
...
006 (9894140.000.000) 10/27 00:39:29 Image size of job updated: 88040
	24  -  MemoryUsage of job (MB)
	24576  -  ResidentSetSize of job (KB)
...
005 (9894140.000.000) 10/27 02:18:12 Job terminated.
	(1) Normal termination (return value 0)
		Usr 0 02:13:53, Sys 0 00:00:00  -  Run Remote Usage
		Usr 0 00:00:00, Sys 0 00:00:00  -  Run Local Usage
		Usr 0 02:13:53, Sys 0 00:00:00  -  Total Remote Usage
		Usr 0 00:00:00, Sys 0 00:00:00  -  Total Local Usage
	34771  -  Run Bytes Sent By Job
	816753  -  Run Bytes Received By Job
	34771  -  Total Bytes Sent By Job
	816753  -  Total Bytes Received By Job
	Partitionable Resources :    Usage  Request Allocated
	   Cpus                 :                 1         1
	   Disk (KB)            :     3021     1000  41369220
	   Memory (MB)          :       24     1800      2048
...
