000 (9589384.000.000) 09/18 00:03:51 Job submitted from host: <129.79.53.198:9615?addrs=129.79.53.198-9615&noUDP&sock=93448_51d1>
...
001 (9589384.000.000) 09/18 00:08:29 Job executing on host: <10.2.11.98:45988?CCBID=129.79.53.179:9615%3faddrs%3d129.79.53.179-9615+[fd2f-6feb-37--1d]-9615%26noUDP%26sock%3d7925_4707#192092&addrs=10.2.11.98-45988+[--1]-45988&noUDP>
...
006 (9589384.000.000) 09/18 00:08:37 Image size of job updated: 97736
	10  -  MemoryUsage of job (MB)
	9316  -  ResidentSetSize of job (KB)
...
006 (9589384.000.000) 09/18 00:13:37 Image size of job updated: 97736
	22  -  MemoryUsage of job (MB)
	21932  -  ResidentSetSize of job (KB)
...
006 (9589384.000.000) 09/18 00:18:37 Image size of job updated: 97736
	22  -  MemoryUsage of job (MB)
	21936  -  ResidentSetSize of job (KB)
...
006 (9589384.000.000) 09/18 00:23:38 Image size of job updated: 97736
	22  -  MemoryUsage of job (MB)
	21944  -  ResidentSetSize of job (KB)
...
006 (9589384.000.000) 09/18 00:28:39 Image size of job updated: 97736
	23  -  MemoryUsage of job (MB)
	23192  -  ResidentSetSize of job (KB)
...
006 (9589384.000.000) 09/18 00:43:40 Image size of job updated: 97736
	23  -  MemoryUsage of job (MB)
	23364  -  ResidentSetSize of job (KB)
...
006 (9589384.000.000) 09/18 01:08:43 Image size of job updated: 97736
	23  -  MemoryUsage of job (MB)
	23368  -  ResidentSetSize of job (KB)
...
006 (9589384.000.000) 09/18 01:13:44 Image size of job updated: 97736
	23  -  MemoryUsage of job (MB)
	23400  -  ResidentSetSize of job (KB)
...
006 (9589384.000.000) 09/18 02:23:52 Image size of job updated: 97736
	23  -  MemoryUsage of job (MB)
	23404  -  ResidentSetSize of job (KB)
...
005 (9589384.000.000) 09/18 03:17:13 Job terminated.
	(1) Normal termination (return value 0)
		Usr 0 03:07:30, Sys 0 00:00:01  -  Run Remote Usage
		Usr 0 00:00:00, Sys 0 00:00:00  -  Run Local Usage
		Usr 0 03:07:30, Sys 0 00:00:01  -  Total Remote Usage
		Usr 0 00:00:00, Sys 0 00:00:00  -  Total Local Usage
	38219  -  Run Bytes Sent By Job
	816757  -  Run Bytes Received By Job
	38219  -  Total Bytes Sent By Job
	816757  -  Total Bytes Received By Job
	Partitionable Resources :    Usage  Request Allocated
	   Cpus                 :                 1         1
	   Disk (KB)            :     3026     1000   1028786
	   Memory (MB)          :       23     1800      1800
...
