000 (9586221.000.000) 09/17 15:57:20 Job submitted from host: <129.79.53.198:9615?addrs=129.79.53.198-9615&noUDP&sock=93448_51d1>
...
001 (9586221.000.000) 09/17 15:58:21 Job executing on host: <10.0.255.238:43603?CCBID=129.79.53.179:9615%3faddrs%3d129.79.53.179-9615+[fd2f-6feb-37--1d]-9615%26noUDP%26sock%3d7881_c92d#186297&addrs=10.0.255.238-43603+[--1]-43603&noUDP>
...
006 (9586221.000.000) 09/17 15:58:30 Image size of job updated: 1
	3  -  MemoryUsage of job (MB)
	2500  -  ResidentSetSize of job (KB)
...
006 (9586221.000.000) 09/17 16:03:31 Image size of job updated: 86712
	23  -  MemoryUsage of job (MB)
	23204  -  ResidentSetSize of job (KB)
...
006 (9586221.000.000) 09/17 16:08:31 Image size of job updated: 86712
	23  -  MemoryUsage of job (MB)
	23208  -  ResidentSetSize of job (KB)
...
006 (9586221.000.000) 09/17 16:18:32 Image size of job updated: 88040
	25  -  MemoryUsage of job (MB)
	24620  -  ResidentSetSize of job (KB)
...
006 (9586221.000.000) 09/17 16:23:33 Image size of job updated: 88040
	25  -  MemoryUsage of job (MB)
	24636  -  ResidentSetSize of job (KB)
...
006 (9586221.000.000) 09/17 17:58:43 Image size of job updated: 88044
	25  -  MemoryUsage of job (MB)
	24636  -  ResidentSetSize of job (KB)
...
005 (9586221.000.000) 09/17 18:51:00 Job terminated.
	(1) Normal termination (return value 0)
		Usr 0 02:52:32, Sys 0 00:00:01  -  Run Remote Usage
		Usr 0 00:00:00, Sys 0 00:00:00  -  Run Local Usage
		Usr 0 02:52:32, Sys 0 00:00:01  -  Total Remote Usage
		Usr 0 00:00:00, Sys 0 00:00:00  -  Total Local Usage
	37571  -  Run Bytes Sent By Job
	816757  -  Run Bytes Received By Job
	37571  -  Total Bytes Sent By Job
	816757  -  Total Bytes Received By Job
	Partitionable Resources :    Usage  Request Allocated
	   Cpus                 :                 1         1
	   Disk (KB)            :     3024     1000  40612540
	   Memory (MB)          :       25     1800      2048
...
