2017-05-30 21:45:59,593: control.pubsub.bridge: MainProcess                     : MainThread     : INFO    : python.interpreter   version: 2.7.12 (default, Nov 19 2016, 06:48:10) [GCC 5.4.0 20160609]
2017-05-30 21:45:59,594: control.pubsub.bridge: MainProcess                     : MainThread     : INFO    :                      pid: 16316
2017-05-30 21:45:59,594: control.pubsub.bridge: MainProcess                     : MainThread     : INFO    :                      tid: MainThread
2017-05-30 21:45:59,594: control.pubsub.bridge: MainProcess                     : MainThread     : INFO    : radical.pilot        version: split-81-gf853cc9b@feature-bridges
2017-05-30 21:45:59,594: control.pubsub.bridge: MainProcess                     : MainThread     : INFO    : create control_pubsub - bridge - tcp://*:*
2017-05-30 21:45:59,596: control.pubsub.bridge: MainProcess                     : MainThread     : DEBUG   : start process
2017-05-30 21:45:59,599: control.pubsub.bridge: control.pubsub.bridge           : MainThread     : INFO    : child (me) initializing
2017-05-30 21:45:59,599: control.pubsub.bridge: control.pubsub.bridge           : MainThread     : DEBUG   : start thread
2017-05-30 21:45:59,599: control.pubsub.bridge: control.pubsub.bridge           : control.pubsub.bridge.child.watch: INFO    : child (me) initializing
2017-05-30 21:45:59,599: control.pubsub.bridge: control.pubsub.bridge           : control.pubsub.bridge.child.watch: DEBUG   : ru_initialize_common (NOOP)
2017-05-30 21:45:59,600: control.pubsub.bridge: control.pubsub.bridge           : control.pubsub.bridge.child.watch: DEBUG   : ru_initialize_child (NOOP)
2017-05-30 21:45:59,600: control.pubsub.bridge: control.pubsub.bridge           : control.pubsub.bridge.child.watch: INFO    : send alive
2017-05-30 21:45:59,600: control.pubsub.bridge: control.pubsub.bridge           : control.pubsub.bridge.child.watch: INFO    : send message: alive
2017-05-30 21:45:59,601: control.pubsub.bridge: control.pubsub.bridge           : MainThread     : INFO    : recv message: alive
2017-05-30 21:45:59,601: control.pubsub.bridge: control.pubsub.bridge           : MainThread     : DEBUG   : ru_initialize_common (NOOP)
2017-05-30 21:45:59,601: control.pubsub.bridge: control.pubsub.bridge           : MainThread     : DEBUG   : ru_initialize_parent (NOOP)
2017-05-30 21:45:59,601: control.pubsub.bridge: control.pubsub.bridge           : MainThread     : DEBUG   : child thread control.pubsub.bridge.child.watch started
2017-05-30 21:45:59,601: control.pubsub.bridge: control.pubsub.bridge           : MainThread     : INFO    : child (me) is alive
2017-05-30 21:45:59,601: control.pubsub.bridge: control.pubsub.bridge           : MainThread     : DEBUG   : ru_initialize_common (NOOP)
2017-05-30 21:45:59,603: control.pubsub.bridge: control.pubsub.bridge.child     : MainThread     : INFO    : send alive
2017-05-30 21:45:59,603: control.pubsub.bridge: control.pubsub.bridge.child     : MainThread     : INFO    : send message: alive
2017-05-30 21:45:59,603: control.pubsub.bridge: MainProcess                     : MainThread     : INFO    : recv message: alive
2017-05-30 21:45:59,603: control.pubsub.bridge: MainProcess                     : MainThread     : DEBUG   : start thread
2017-05-30 21:45:59,604: control.pubsub.bridge: MainProcess                     : control.pubsub.bridge.watch: INFO    : child (me) initializing
2017-05-30 21:45:59,604: control.pubsub.bridge: MainProcess                     : control.pubsub.bridge.watch: DEBUG   : ru_initialize_common (NOOP)
2017-05-30 21:45:59,604: control.pubsub.bridge: MainProcess                     : control.pubsub.bridge.watch: DEBUG   : ru_initialize_child (NOOP)
2017-05-30 21:45:59,604: control.pubsub.bridge: MainProcess                     : control.pubsub.bridge.watch: INFO    : send alive
2017-05-30 21:45:59,604: control.pubsub.bridge: MainProcess                     : control.pubsub.bridge.watch: INFO    : send message: alive
2017-05-30 21:45:59,605: control.pubsub.bridge: MainProcess                     : MainThread     : INFO    : recv message: alive
2017-05-30 21:45:59,605: control.pubsub.bridge: MainProcess                     : MainThread     : DEBUG   : ru_initialize_common (NOOP)
2017-05-30 21:45:59,605: control.pubsub.bridge: MainProcess                     : MainThread     : DEBUG   : ru_initialize_parent (NOOP)
2017-05-30 21:45:59,605: control.pubsub.bridge: MainProcess                     : MainThread     : DEBUG   : child thread control.pubsub.bridge.watch started
2017-05-30 21:45:59,605: control.pubsub.bridge: MainProcess                     : MainThread     : INFO    : child is alive
2017-05-30 21:45:59,605: control.pubsub.bridge: MainProcess                     : MainThread     : DEBUG   : ru_initialize_common (NOOP)
2017-05-30 21:45:59,605: control.pubsub.bridge: MainProcess                     : MainThread     : DEBUG   : ru_initialize_parent (NOOP)
2017-05-30 21:45:59,605: control.pubsub.bridge: MainProcess                     : MainThread     : DEBUG   : child process started
2017-05-30 22:02:05,600: control.pubsub.bridge: MainProcess                     : MainThread     : INFO    : parent stops child
2017-05-30 22:02:05,600: control.pubsub.bridge: MainProcess                     : MainThread     : DEBUG   : ru_finalize_parent (NOOP)
2017-05-30 22:02:05,600: control.pubsub.bridge: MainProcess                     : MainThread     : DEBUG   : ru_finalize_common (NOOP)
2017-05-30 22:02:05,600: control.pubsub.bridge: MainProcess                     : MainThread     : INFO    : parent stops child
2017-05-30 22:02:05,601: control.pubsub.bridge: MainProcess                     : MainThread     : DEBUG   : ru_finalize_parent (NOOP)
2017-05-30 22:02:05,601: control.pubsub.bridge: MainProcess                     : MainThread     : DEBUG   : ru_finalize_common (NOOP)
2017-05-30 22:02:05,700: control.pubsub.bridge: MainProcess                     : control.pubsub.bridge.watch: INFO    : send message: work finished
2017-05-30 22:02:05,700: control.pubsub.bridge: MainProcess                     : control.pubsub.bridge.watch: DEBUG   : ru_finalize_child (NOOP)
2017-05-30 22:02:05,701: control.pubsub.bridge: MainProcess                     : control.pubsub.bridge.watch: DEBUG   : ru_finalize_common (NOOP)
2017-05-30 22:02:05,701: control.pubsub.bridge: MainProcess                     : control.pubsub.bridge.watch: INFO    : send message: terminating
2017-05-30 22:02:05,815: control.pubsub.bridge: MainProcess                     : MainThread     : WARNING : failed to stop child - terminate
2017-05-30 22:02:07,533: control.pubsub.bridge: MainProcess                     : MainThread     : INFO    : radical.pilot        version: split-81-gf853cc9b@feature-bridges
2017-05-30 22:02:07,533: control.pubsub.bridge: MainProcess                     : MainThread     : INFO    : create control_pubsub - bridge - tcp://*:*
2017-05-30 22:02:07,534: control.pubsub.bridge: MainProcess                     : MainThread     : DEBUG   : start process
2017-05-30 22:02:07,539: control.pubsub.bridge: control.pubsub.bridge           : MainThread     : INFO    : child (me) initializing
2017-05-30 22:02:07,540: control.pubsub.bridge: control.pubsub.bridge           : MainThread     : DEBUG   : start thread
2017-05-30 22:02:07,540: control.pubsub.bridge: control.pubsub.bridge           : control.pubsub.bridge.child.watch: INFO    : child (me) initializing
2017-05-30 22:02:07,540: control.pubsub.bridge: control.pubsub.bridge           : control.pubsub.bridge.child.watch: DEBUG   : ru_initialize_common (NOOP)
2017-05-30 22:02:07,540: control.pubsub.bridge: control.pubsub.bridge           : control.pubsub.bridge.child.watch: DEBUG   : ru_initialize_child (NOOP)
2017-05-30 22:02:07,540: control.pubsub.bridge: control.pubsub.bridge           : control.pubsub.bridge.child.watch: INFO    : send alive
2017-05-30 22:02:07,540: control.pubsub.bridge: control.pubsub.bridge           : control.pubsub.bridge.child.watch: INFO    : send message: alive
2017-05-30 22:02:07,541: control.pubsub.bridge: control.pubsub.bridge           : MainThread     : INFO    : recv message: alive
2017-05-30 22:02:07,541: control.pubsub.bridge: control.pubsub.bridge           : MainThread     : DEBUG   : ru_initialize_common (NOOP)
2017-05-30 22:02:07,541: control.pubsub.bridge: control.pubsub.bridge           : MainThread     : DEBUG   : ru_initialize_parent (NOOP)
2017-05-30 22:02:07,541: control.pubsub.bridge: control.pubsub.bridge           : MainThread     : DEBUG   : child thread control.pubsub.bridge.child.watch started
2017-05-30 22:02:07,541: control.pubsub.bridge: control.pubsub.bridge           : MainThread     : INFO    : child (me) is alive
2017-05-30 22:02:07,542: control.pubsub.bridge: control.pubsub.bridge           : MainThread     : DEBUG   : ru_initialize_common (NOOP)
2017-05-30 22:02:07,543: control.pubsub.bridge: control.pubsub.bridge.child     : MainThread     : INFO    : send alive
2017-05-30 22:02:07,544: control.pubsub.bridge: control.pubsub.bridge.child     : MainThread     : INFO    : send message: alive
2017-05-30 22:02:07,544: control.pubsub.bridge: MainProcess                     : MainThread     : INFO    : recv message: alive
2017-05-30 22:02:07,544: control.pubsub.bridge: MainProcess                     : MainThread     : DEBUG   : start thread
2017-05-30 22:02:07,545: control.pubsub.bridge: MainProcess                     : control.pubsub.bridge.watch: INFO    : child (me) initializing
2017-05-30 22:02:07,545: control.pubsub.bridge: MainProcess                     : control.pubsub.bridge.watch: DEBUG   : ru_initialize_common (NOOP)
2017-05-30 22:02:07,545: control.pubsub.bridge: MainProcess                     : control.pubsub.bridge.watch: DEBUG   : ru_initialize_child (NOOP)
2017-05-30 22:02:07,545: control.pubsub.bridge: MainProcess                     : control.pubsub.bridge.watch: INFO    : send alive
2017-05-30 22:02:07,545: control.pubsub.bridge: MainProcess                     : control.pubsub.bridge.watch: INFO    : send message: alive
2017-05-30 22:02:07,546: control.pubsub.bridge: MainProcess                     : MainThread     : INFO    : recv message: alive
2017-05-30 22:02:07,546: control.pubsub.bridge: MainProcess                     : MainThread     : DEBUG   : ru_initialize_common (NOOP)
2017-05-30 22:02:07,546: control.pubsub.bridge: MainProcess                     : MainThread     : DEBUG   : ru_initialize_parent (NOOP)
2017-05-30 22:02:07,546: control.pubsub.bridge: MainProcess                     : MainThread     : DEBUG   : child thread control.pubsub.bridge.watch started
2017-05-30 22:02:07,546: control.pubsub.bridge: MainProcess                     : MainThread     : INFO    : child is alive
2017-05-30 22:02:07,546: control.pubsub.bridge: MainProcess                     : MainThread     : DEBUG   : ru_initialize_common (NOOP)
2017-05-30 22:02:07,546: control.pubsub.bridge: MainProcess                     : MainThread     : DEBUG   : ru_initialize_parent (NOOP)
2017-05-30 22:02:07,546: control.pubsub.bridge: MainProcess                     : MainThread     : DEBUG   : child process started
2017-05-30 22:11:53,818: control.pubsub.bridge: MainProcess                     : MainThread     : INFO    : parent stops child
2017-05-30 22:11:53,818: control.pubsub.bridge: MainProcess                     : MainThread     : DEBUG   : ru_finalize_parent (NOOP)
2017-05-30 22:11:53,818: control.pubsub.bridge: MainProcess                     : MainThread     : DEBUG   : ru_finalize_common (NOOP)
2017-05-30 22:11:53,818: control.pubsub.bridge: MainProcess                     : MainThread     : INFO    : parent stops child
2017-05-30 22:11:53,818: control.pubsub.bridge: MainProcess                     : MainThread     : DEBUG   : ru_finalize_parent (NOOP)
2017-05-30 22:11:53,819: control.pubsub.bridge: MainProcess                     : MainThread     : DEBUG   : ru_finalize_common (NOOP)
2017-05-30 22:11:53,871: control.pubsub.bridge: MainProcess                     : control.pubsub.bridge.watch: INFO    : send message: work finished
2017-05-30 22:11:53,872: control.pubsub.bridge: MainProcess                     : control.pubsub.bridge.watch: DEBUG   : ru_finalize_child (NOOP)
2017-05-30 22:11:53,872: control.pubsub.bridge: MainProcess                     : control.pubsub.bridge.watch: DEBUG   : ru_finalize_common (NOOP)
2017-05-30 22:11:53,872: control.pubsub.bridge: MainProcess                     : control.pubsub.bridge.watch: INFO    : send message: terminating
2017-05-30 22:11:53,983: control.pubsub.bridge: MainProcess                     : MainThread     : WARNING : failed to stop child - terminate
2017-05-30 22:11:55,485: control.pubsub.bridge: MainProcess                     : MainThread     : INFO    : radical.pilot        version: split-81-gf853cc9b@feature-bridges
2017-05-30 22:11:55,485: control.pubsub.bridge: MainProcess                     : MainThread     : INFO    : create control_pubsub - bridge - tcp://*:*
2017-05-30 22:11:55,486: control.pubsub.bridge: MainProcess                     : MainThread     : DEBUG   : start process
2017-05-30 22:11:55,494: control.pubsub.bridge: control.pubsub.bridge           : MainThread     : INFO    : child (me) initializing
2017-05-30 22:11:55,495: control.pubsub.bridge: control.pubsub.bridge           : MainThread     : DEBUG   : start thread
2017-05-30 22:11:55,495: control.pubsub.bridge: control.pubsub.bridge           : control.pubsub.bridge.child.watch: INFO    : child (me) initializing
2017-05-30 22:11:55,495: control.pubsub.bridge: control.pubsub.bridge           : control.pubsub.bridge.child.watch: DEBUG   : ru_initialize_common (NOOP)
2017-05-30 22:11:55,495: control.pubsub.bridge: control.pubsub.bridge           : control.pubsub.bridge.child.watch: DEBUG   : ru_initialize_child (NOOP)
2017-05-30 22:11:55,495: control.pubsub.bridge: control.pubsub.bridge           : control.pubsub.bridge.child.watch: INFO    : send alive
2017-05-30 22:11:55,495: control.pubsub.bridge: control.pubsub.bridge           : control.pubsub.bridge.child.watch: INFO    : send message: alive
2017-05-30 22:11:55,496: control.pubsub.bridge: control.pubsub.bridge           : MainThread     : INFO    : recv message: alive
2017-05-30 22:11:55,496: control.pubsub.bridge: control.pubsub.bridge           : MainThread     : DEBUG   : ru_initialize_common (NOOP)
2017-05-30 22:11:55,497: control.pubsub.bridge: control.pubsub.bridge           : MainThread     : DEBUG   : ru_initialize_parent (NOOP)
2017-05-30 22:11:55,497: control.pubsub.bridge: control.pubsub.bridge           : MainThread     : DEBUG   : child thread control.pubsub.bridge.child.watch started
2017-05-30 22:11:55,497: control.pubsub.bridge: control.pubsub.bridge           : MainThread     : INFO    : child (me) is alive
2017-05-30 22:11:55,497: control.pubsub.bridge: control.pubsub.bridge           : MainThread     : DEBUG   : ru_initialize_common (NOOP)
2017-05-30 22:11:55,499: control.pubsub.bridge: control.pubsub.bridge.child     : MainThread     : INFO    : send alive
2017-05-30 22:11:55,499: control.pubsub.bridge: control.pubsub.bridge.child     : MainThread     : INFO    : send message: alive
2017-05-30 22:11:55,499: control.pubsub.bridge: MainProcess                     : MainThread     : INFO    : recv message: alive
2017-05-30 22:11:55,499: control.pubsub.bridge: MainProcess                     : MainThread     : DEBUG   : start thread
2017-05-30 22:11:55,499: control.pubsub.bridge: MainProcess                     : control.pubsub.bridge.watch: INFO    : child (me) initializing
2017-05-30 22:11:55,500: control.pubsub.bridge: MainProcess                     : control.pubsub.bridge.watch: DEBUG   : ru_initialize_common (NOOP)
2017-05-30 22:11:55,500: control.pubsub.bridge: MainProcess                     : control.pubsub.bridge.watch: DEBUG   : ru_initialize_child (NOOP)
2017-05-30 22:11:55,500: control.pubsub.bridge: MainProcess                     : control.pubsub.bridge.watch: INFO    : send alive
2017-05-30 22:11:55,500: control.pubsub.bridge: MainProcess                     : control.pubsub.bridge.watch: INFO    : send message: alive
2017-05-30 22:11:55,501: control.pubsub.bridge: MainProcess                     : MainThread     : INFO    : recv message: alive
2017-05-30 22:11:55,501: control.pubsub.bridge: MainProcess                     : MainThread     : DEBUG   : ru_initialize_common (NOOP)
2017-05-30 22:11:55,501: control.pubsub.bridge: MainProcess                     : MainThread     : DEBUG   : ru_initialize_parent (NOOP)
2017-05-30 22:11:55,501: control.pubsub.bridge: MainProcess                     : MainThread     : DEBUG   : child thread control.pubsub.bridge.watch started
2017-05-30 22:11:55,501: control.pubsub.bridge: MainProcess                     : MainThread     : INFO    : child is alive
2017-05-30 22:11:55,501: control.pubsub.bridge: MainProcess                     : MainThread     : DEBUG   : ru_initialize_common (NOOP)
2017-05-30 22:11:55,501: control.pubsub.bridge: MainProcess                     : MainThread     : DEBUG   : ru_initialize_parent (NOOP)
2017-05-30 22:11:55,501: control.pubsub.bridge: MainProcess                     : MainThread     : DEBUG   : child process started
2017-05-30 22:13:17,346: control.pubsub.bridge: control.pubsub.bridge.child     : MainThread     : ERROR   : abort: KeyboardInterrupt()
Traceback (most recent call last):
  File "/home/mingtha/ve/ve.rp_add_res_cfg/local/lib/python2.7/site-packages/radical/utils/process.py", line 549, in _run
    if not self.work_cb():
  File "/home/mingtha/ve/ve.rp_add_res_cfg/local/lib/python2.7/site-packages/radical/pilot/utils/pubsub.py", line 231, in work_cb
    _socks = dict(_uninterruptible(self._poll.poll, timeout=1000)) # timeout in ms
  File "/home/mingtha/ve/ve.rp_add_res_cfg/local/lib/python2.7/site-packages/radical/pilot/utils/pubsub.py", line 50, in _uninterruptible
    return f(*args, **kwargs)
  File "/home/mingtha/ve/ve.rp_add_res_cfg/local/lib/python2.7/site-packages/zmq/sugar/poll.py", line 99, in poll
    return zmq_poll(self.sockets, timeout=timeout)
  File "zmq/backend/cython/_poll.pyx", line 116, in zmq.backend.cython._poll.zmq_poll (zmq/backend/cython/_poll.c:2036)
  File "zmq/backend/cython/checkrc.pxd", line 12, in zmq.backend.cython.checkrc._check_rc (zmq/backend/cython/_poll.c:2418)
    PyErr_CheckSignals()
KeyboardInterrupt
2017-05-30 22:13:17,349: control.pubsub.bridge: control.pubsub.bridge.child     : MainThread     : INFO    : send message: abort: KeyboardInterrupt()
2017-05-30 22:13:17,349: control.pubsub.bridge: control.pubsub.bridge.child     : MainThread     : DEBUG   : ru_finalize_child (NOOP)
2017-05-30 22:13:17,349: control.pubsub.bridge: control.pubsub.bridge.child     : MainThread     : DEBUG   : ru_finalize_common (NOOP)
2017-05-30 22:13:17,349: control.pubsub.bridge: control.pubsub.bridge.child     : MainThread     : INFO    : send message: terminating
2017-05-30 22:13:17,381: control.pubsub.bridge: control.pubsub.bridge.child     : control.pubsub.bridge.child.watch: INFO    : send message: work finished
2017-05-30 22:13:17,381: control.pubsub.bridge: control.pubsub.bridge.child     : control.pubsub.bridge.child.watch: DEBUG   : ru_finalize_child (NOOP)
2017-05-30 22:13:17,381: control.pubsub.bridge: control.pubsub.bridge.child     : control.pubsub.bridge.child.watch: DEBUG   : ru_finalize_common (NOOP)
2017-05-30 22:13:17,381: control.pubsub.bridge: control.pubsub.bridge.child     : control.pubsub.bridge.child.watch: INFO    : send message: terminating
2017-05-30 22:13:17,685: control.pubsub.bridge: MainProcess                     : control.pubsub.bridge.watch: WARNING : endpoint disappeard
2017-05-30 22:13:17,685: control.pubsub.bridge: MainProcess                     : control.pubsub.bridge.watch: WARNING : watcher failed
2017-05-30 22:13:17,686: control.pubsub.bridge: MainProcess                     : control.pubsub.bridge.watch: INFO    : send message: work finished
2017-05-30 22:13:17,686: control.pubsub.bridge: MainProcess                     : control.pubsub.bridge.watch: DEBUG   : ru_finalize_child (NOOP)
2017-05-30 22:13:17,686: control.pubsub.bridge: MainProcess                     : control.pubsub.bridge.watch: DEBUG   : ru_finalize_common (NOOP)
2017-05-30 22:13:17,686: control.pubsub.bridge: MainProcess                     : control.pubsub.bridge.watch: INFO    : send message: terminating
2017-05-30 22:13:29,365: control.pubsub.bridge: MainProcess                     : MainThread     : INFO    : parent stops child
2017-05-30 22:13:29,366: control.pubsub.bridge: MainProcess                     : MainThread     : DEBUG   : ru_finalize_parent (NOOP)
2017-05-30 22:13:29,366: control.pubsub.bridge: MainProcess                     : MainThread     : DEBUG   : ru_finalize_common (NOOP)
2017-05-30 22:13:29,366: control.pubsub.bridge: MainProcess                     : MainThread     : INFO    : parent stops child
2017-05-30 22:13:29,366: control.pubsub.bridge: MainProcess                     : MainThread     : DEBUG   : ru_finalize_parent (NOOP)
2017-05-30 22:13:29,366: control.pubsub.bridge: MainProcess                     : MainThread     : DEBUG   : ru_finalize_common (NOOP)
