2017-05-30 21:45:59,620: log.pubsub.bridge   : MainProcess                     : MainThread     : INFO    : python.interpreter   version: 2.7.12 (default, Nov 19 2016, 06:48:10) [GCC 5.4.0 20160609]
2017-05-30 21:45:59,620: log.pubsub.bridge   : MainProcess                     : MainThread     : INFO    :                      pid: 16316
2017-05-30 21:45:59,620: log.pubsub.bridge   : MainProcess                     : MainThread     : INFO    :                      tid: MainThread
2017-05-30 21:45:59,621: log.pubsub.bridge   : MainProcess                     : MainThread     : INFO    : radical.pilot        version: split-81-gf853cc9b@feature-bridges
2017-05-30 21:45:59,621: log.pubsub.bridge   : MainProcess                     : MainThread     : INFO    : create log_pubsub - bridge - tcp://*:*
2017-05-30 21:45:59,621: log.pubsub.bridge   : MainProcess                     : MainThread     : DEBUG   : start process
2017-05-30 21:45:59,625: log.pubsub.bridge   : log.pubsub.bridge               : MainThread     : INFO    : child (me) initializing
2017-05-30 21:45:59,626: log.pubsub.bridge   : log.pubsub.bridge               : MainThread     : DEBUG   : start thread
2017-05-30 21:45:59,626: log.pubsub.bridge   : log.pubsub.bridge               : log.pubsub.bridge.child.watch: INFO    : child (me) initializing
2017-05-30 21:45:59,626: log.pubsub.bridge   : log.pubsub.bridge               : log.pubsub.bridge.child.watch: DEBUG   : ru_initialize_common (NOOP)
2017-05-30 21:45:59,626: log.pubsub.bridge   : log.pubsub.bridge               : log.pubsub.bridge.child.watch: DEBUG   : ru_initialize_child (NOOP)
2017-05-30 21:45:59,627: log.pubsub.bridge   : log.pubsub.bridge               : log.pubsub.bridge.child.watch: INFO    : send alive
2017-05-30 21:45:59,627: log.pubsub.bridge   : log.pubsub.bridge               : log.pubsub.bridge.child.watch: INFO    : send message: alive
2017-05-30 21:45:59,628: log.pubsub.bridge   : log.pubsub.bridge               : MainThread     : INFO    : recv message: alive
2017-05-30 21:45:59,628: log.pubsub.bridge   : log.pubsub.bridge               : MainThread     : DEBUG   : ru_initialize_common (NOOP)
2017-05-30 21:45:59,628: log.pubsub.bridge   : log.pubsub.bridge               : MainThread     : DEBUG   : ru_initialize_parent (NOOP)
2017-05-30 21:45:59,628: log.pubsub.bridge   : log.pubsub.bridge               : MainThread     : DEBUG   : child thread log.pubsub.bridge.child.watch started
2017-05-30 21:45:59,628: log.pubsub.bridge   : log.pubsub.bridge               : MainThread     : INFO    : child (me) is alive
2017-05-30 21:45:59,628: log.pubsub.bridge   : log.pubsub.bridge               : MainThread     : DEBUG   : ru_initialize_common (NOOP)
2017-05-30 21:45:59,631: log.pubsub.bridge   : log.pubsub.bridge.child         : MainThread     : INFO    : send alive
2017-05-30 21:45:59,632: log.pubsub.bridge   : log.pubsub.bridge.child         : MainThread     : INFO    : send message: alive
2017-05-30 21:45:59,632: log.pubsub.bridge   : MainProcess                     : MainThread     : INFO    : recv message: alive
2017-05-30 21:45:59,633: log.pubsub.bridge   : MainProcess                     : MainThread     : DEBUG   : start thread
2017-05-30 21:45:59,633: log.pubsub.bridge   : MainProcess                     : log.pubsub.bridge.watch: INFO    : child (me) initializing
2017-05-30 21:45:59,633: log.pubsub.bridge   : MainProcess                     : log.pubsub.bridge.watch: DEBUG   : ru_initialize_common (NOOP)
2017-05-30 21:45:59,633: log.pubsub.bridge   : MainProcess                     : log.pubsub.bridge.watch: DEBUG   : ru_initialize_child (NOOP)
2017-05-30 21:45:59,633: log.pubsub.bridge   : MainProcess                     : log.pubsub.bridge.watch: INFO    : send alive
2017-05-30 21:45:59,634: log.pubsub.bridge   : MainProcess                     : log.pubsub.bridge.watch: INFO    : send message: alive
2017-05-30 21:45:59,634: log.pubsub.bridge   : MainProcess                     : MainThread     : INFO    : recv message: alive
2017-05-30 21:45:59,635: log.pubsub.bridge   : MainProcess                     : MainThread     : DEBUG   : ru_initialize_common (NOOP)
2017-05-30 21:45:59,635: log.pubsub.bridge   : MainProcess                     : MainThread     : DEBUG   : ru_initialize_parent (NOOP)
2017-05-30 21:45:59,635: log.pubsub.bridge   : MainProcess                     : MainThread     : DEBUG   : child thread log.pubsub.bridge.watch started
2017-05-30 21:45:59,635: log.pubsub.bridge   : MainProcess                     : MainThread     : INFO    : child is alive
2017-05-30 21:45:59,635: log.pubsub.bridge   : MainProcess                     : MainThread     : DEBUG   : ru_initialize_common (NOOP)
2017-05-30 21:45:59,635: log.pubsub.bridge   : MainProcess                     : MainThread     : DEBUG   : ru_initialize_parent (NOOP)
2017-05-30 21:45:59,636: log.pubsub.bridge   : MainProcess                     : MainThread     : DEBUG   : child process started
2017-05-30 22:02:06,039: log.pubsub.bridge   : MainProcess                     : MainThread     : INFO    : parent stops child
2017-05-30 22:02:06,039: log.pubsub.bridge   : MainProcess                     : MainThread     : DEBUG   : ru_finalize_parent (NOOP)
2017-05-30 22:02:06,039: log.pubsub.bridge   : MainProcess                     : MainThread     : DEBUG   : ru_finalize_common (NOOP)
2017-05-30 22:02:06,040: log.pubsub.bridge   : MainProcess                     : MainThread     : INFO    : parent stops child
2017-05-30 22:02:06,040: log.pubsub.bridge   : MainProcess                     : MainThread     : DEBUG   : ru_finalize_parent (NOOP)
2017-05-30 22:02:06,040: log.pubsub.bridge   : MainProcess                     : MainThread     : DEBUG   : ru_finalize_common (NOOP)
2017-05-30 22:02:06,101: log.pubsub.bridge   : MainProcess                     : log.pubsub.bridge.watch: INFO    : send message: work finished
2017-05-30 22:02:06,102: log.pubsub.bridge   : MainProcess                     : log.pubsub.bridge.watch: DEBUG   : ru_finalize_child (NOOP)
2017-05-30 22:02:06,102: log.pubsub.bridge   : MainProcess                     : log.pubsub.bridge.watch: DEBUG   : ru_finalize_common (NOOP)
2017-05-30 22:02:06,102: log.pubsub.bridge   : MainProcess                     : log.pubsub.bridge.watch: INFO    : send message: terminating
2017-05-30 22:02:06,205: log.pubsub.bridge   : MainProcess                     : MainThread     : WARNING : failed to stop child - terminate
2017-05-30 22:02:07,562: log.pubsub.bridge   : MainProcess                     : MainThread     : INFO    : radical.pilot        version: split-81-gf853cc9b@feature-bridges
2017-05-30 22:02:07,562: log.pubsub.bridge   : MainProcess                     : MainThread     : INFO    : create log_pubsub - bridge - tcp://*:*
2017-05-30 22:02:07,563: log.pubsub.bridge   : MainProcess                     : MainThread     : DEBUG   : start process
2017-05-30 22:02:07,569: log.pubsub.bridge   : log.pubsub.bridge               : MainThread     : INFO    : child (me) initializing
2017-05-30 22:02:07,570: log.pubsub.bridge   : log.pubsub.bridge               : MainThread     : DEBUG   : start thread
2017-05-30 22:02:07,570: log.pubsub.bridge   : log.pubsub.bridge               : log.pubsub.bridge.child.watch: INFO    : child (me) initializing
2017-05-30 22:02:07,570: log.pubsub.bridge   : log.pubsub.bridge               : log.pubsub.bridge.child.watch: DEBUG   : ru_initialize_common (NOOP)
2017-05-30 22:02:07,570: log.pubsub.bridge   : log.pubsub.bridge               : log.pubsub.bridge.child.watch: DEBUG   : ru_initialize_child (NOOP)
2017-05-30 22:02:07,570: log.pubsub.bridge   : log.pubsub.bridge               : log.pubsub.bridge.child.watch: INFO    : send alive
2017-05-30 22:02:07,570: log.pubsub.bridge   : log.pubsub.bridge               : log.pubsub.bridge.child.watch: INFO    : send message: alive
2017-05-30 22:02:07,571: log.pubsub.bridge   : log.pubsub.bridge               : MainThread     : INFO    : recv message: alive
2017-05-30 22:02:07,571: log.pubsub.bridge   : log.pubsub.bridge               : MainThread     : DEBUG   : ru_initialize_common (NOOP)
2017-05-30 22:02:07,571: log.pubsub.bridge   : log.pubsub.bridge               : MainThread     : DEBUG   : ru_initialize_parent (NOOP)
2017-05-30 22:02:07,571: log.pubsub.bridge   : log.pubsub.bridge               : MainThread     : DEBUG   : child thread log.pubsub.bridge.child.watch started
2017-05-30 22:02:07,571: log.pubsub.bridge   : log.pubsub.bridge               : MainThread     : INFO    : child (me) is alive
2017-05-30 22:02:07,571: log.pubsub.bridge   : log.pubsub.bridge               : MainThread     : DEBUG   : ru_initialize_common (NOOP)
2017-05-30 22:02:07,573: log.pubsub.bridge   : log.pubsub.bridge.child         : MainThread     : INFO    : send alive
2017-05-30 22:02:07,573: log.pubsub.bridge   : log.pubsub.bridge.child         : MainThread     : INFO    : send message: alive
2017-05-30 22:02:07,573: log.pubsub.bridge   : MainProcess                     : MainThread     : INFO    : recv message: alive
2017-05-30 22:02:07,573: log.pubsub.bridge   : MainProcess                     : MainThread     : DEBUG   : start thread
2017-05-30 22:02:07,574: log.pubsub.bridge   : MainProcess                     : log.pubsub.bridge.watch: INFO    : child (me) initializing
2017-05-30 22:02:07,574: log.pubsub.bridge   : MainProcess                     : log.pubsub.bridge.watch: DEBUG   : ru_initialize_common (NOOP)
2017-05-30 22:02:07,574: log.pubsub.bridge   : MainProcess                     : log.pubsub.bridge.watch: DEBUG   : ru_initialize_child (NOOP)
2017-05-30 22:02:07,574: log.pubsub.bridge   : MainProcess                     : log.pubsub.bridge.watch: INFO    : send alive
2017-05-30 22:02:07,574: log.pubsub.bridge   : MainProcess                     : log.pubsub.bridge.watch: INFO    : send message: alive
2017-05-30 22:02:07,575: log.pubsub.bridge   : MainProcess                     : MainThread     : INFO    : recv message: alive
2017-05-30 22:02:07,575: log.pubsub.bridge   : MainProcess                     : MainThread     : DEBUG   : ru_initialize_common (NOOP)
2017-05-30 22:02:07,575: log.pubsub.bridge   : MainProcess                     : MainThread     : DEBUG   : ru_initialize_parent (NOOP)
2017-05-30 22:02:07,575: log.pubsub.bridge   : MainProcess                     : MainThread     : DEBUG   : child thread log.pubsub.bridge.watch started
2017-05-30 22:02:07,575: log.pubsub.bridge   : MainProcess                     : MainThread     : INFO    : child is alive
2017-05-30 22:02:07,575: log.pubsub.bridge   : MainProcess                     : MainThread     : DEBUG   : ru_initialize_common (NOOP)
2017-05-30 22:02:07,575: log.pubsub.bridge   : MainProcess                     : MainThread     : DEBUG   : ru_initialize_parent (NOOP)
2017-05-30 22:02:07,575: log.pubsub.bridge   : MainProcess                     : MainThread     : DEBUG   : child process started
2017-05-30 22:11:54,207: log.pubsub.bridge   : MainProcess                     : MainThread     : INFO    : parent stops child
2017-05-30 22:11:54,207: log.pubsub.bridge   : MainProcess                     : MainThread     : DEBUG   : ru_finalize_parent (NOOP)
2017-05-30 22:11:54,208: log.pubsub.bridge   : MainProcess                     : MainThread     : DEBUG   : ru_finalize_common (NOOP)
2017-05-30 22:11:54,208: log.pubsub.bridge   : MainProcess                     : MainThread     : INFO    : parent stops child
2017-05-30 22:11:54,208: log.pubsub.bridge   : MainProcess                     : MainThread     : DEBUG   : ru_finalize_parent (NOOP)
2017-05-30 22:11:54,208: log.pubsub.bridge   : MainProcess                     : MainThread     : DEBUG   : ru_finalize_common (NOOP)
2017-05-30 22:11:54,211: log.pubsub.bridge   : MainProcess                     : log.pubsub.bridge.watch: INFO    : send message: work finished
2017-05-30 22:11:54,211: log.pubsub.bridge   : MainProcess                     : log.pubsub.bridge.watch: DEBUG   : ru_finalize_child (NOOP)
2017-05-30 22:11:54,211: log.pubsub.bridge   : MainProcess                     : log.pubsub.bridge.watch: DEBUG   : ru_finalize_common (NOOP)
2017-05-30 22:11:54,211: log.pubsub.bridge   : MainProcess                     : log.pubsub.bridge.watch: INFO    : send message: terminating
2017-05-30 22:11:54,312: log.pubsub.bridge   : MainProcess                     : MainThread     : WARNING : failed to stop child - terminate
2017-05-30 22:11:55,517: log.pubsub.bridge   : MainProcess                     : MainThread     : INFO    : radical.pilot        version: split-81-gf853cc9b@feature-bridges
2017-05-30 22:11:55,517: log.pubsub.bridge   : MainProcess                     : MainThread     : INFO    : create log_pubsub - bridge - tcp://*:*
2017-05-30 22:11:55,517: log.pubsub.bridge   : MainProcess                     : MainThread     : DEBUG   : start process
2017-05-30 22:11:55,524: log.pubsub.bridge   : log.pubsub.bridge               : MainThread     : INFO    : child (me) initializing
2017-05-30 22:11:55,524: log.pubsub.bridge   : log.pubsub.bridge               : MainThread     : DEBUG   : start thread
2017-05-30 22:11:55,525: log.pubsub.bridge   : log.pubsub.bridge               : log.pubsub.bridge.child.watch: INFO    : child (me) initializing
2017-05-30 22:11:55,525: log.pubsub.bridge   : log.pubsub.bridge               : log.pubsub.bridge.child.watch: DEBUG   : ru_initialize_common (NOOP)
2017-05-30 22:11:55,525: log.pubsub.bridge   : log.pubsub.bridge               : log.pubsub.bridge.child.watch: DEBUG   : ru_initialize_child (NOOP)
2017-05-30 22:11:55,525: log.pubsub.bridge   : log.pubsub.bridge               : log.pubsub.bridge.child.watch: INFO    : send alive
2017-05-30 22:11:55,525: log.pubsub.bridge   : log.pubsub.bridge               : log.pubsub.bridge.child.watch: INFO    : send message: alive
2017-05-30 22:11:55,526: log.pubsub.bridge   : log.pubsub.bridge               : MainThread     : INFO    : recv message: alive
2017-05-30 22:11:55,526: log.pubsub.bridge   : log.pubsub.bridge               : MainThread     : DEBUG   : ru_initialize_common (NOOP)
2017-05-30 22:11:55,526: log.pubsub.bridge   : log.pubsub.bridge               : MainThread     : DEBUG   : ru_initialize_parent (NOOP)
2017-05-30 22:11:55,526: log.pubsub.bridge   : log.pubsub.bridge               : MainThread     : DEBUG   : child thread log.pubsub.bridge.child.watch started
2017-05-30 22:11:55,526: log.pubsub.bridge   : log.pubsub.bridge               : MainThread     : INFO    : child (me) is alive
2017-05-30 22:11:55,526: log.pubsub.bridge   : log.pubsub.bridge               : MainThread     : DEBUG   : ru_initialize_common (NOOP)
2017-05-30 22:11:55,528: log.pubsub.bridge   : log.pubsub.bridge.child         : MainThread     : INFO    : send alive
2017-05-30 22:11:55,528: log.pubsub.bridge   : log.pubsub.bridge.child         : MainThread     : INFO    : send message: alive
2017-05-30 22:11:55,529: log.pubsub.bridge   : MainProcess                     : MainThread     : INFO    : recv message: alive
2017-05-30 22:11:55,529: log.pubsub.bridge   : MainProcess                     : MainThread     : DEBUG   : start thread
2017-05-30 22:11:55,529: log.pubsub.bridge   : MainProcess                     : log.pubsub.bridge.watch: INFO    : child (me) initializing
2017-05-30 22:11:55,529: log.pubsub.bridge   : MainProcess                     : log.pubsub.bridge.watch: DEBUG   : ru_initialize_common (NOOP)
2017-05-30 22:11:55,530: log.pubsub.bridge   : MainProcess                     : log.pubsub.bridge.watch: DEBUG   : ru_initialize_child (NOOP)
2017-05-30 22:11:55,530: log.pubsub.bridge   : MainProcess                     : log.pubsub.bridge.watch: INFO    : send alive
2017-05-30 22:11:55,530: log.pubsub.bridge   : MainProcess                     : log.pubsub.bridge.watch: INFO    : send message: alive
2017-05-30 22:11:55,531: log.pubsub.bridge   : MainProcess                     : MainThread     : INFO    : recv message: alive
2017-05-30 22:11:55,531: log.pubsub.bridge   : MainProcess                     : MainThread     : DEBUG   : ru_initialize_common (NOOP)
2017-05-30 22:11:55,531: log.pubsub.bridge   : MainProcess                     : MainThread     : DEBUG   : ru_initialize_parent (NOOP)
2017-05-30 22:11:55,531: log.pubsub.bridge   : MainProcess                     : MainThread     : DEBUG   : child thread log.pubsub.bridge.watch started
2017-05-30 22:11:55,531: log.pubsub.bridge   : MainProcess                     : MainThread     : INFO    : child is alive
2017-05-30 22:11:55,531: log.pubsub.bridge   : MainProcess                     : MainThread     : DEBUG   : ru_initialize_common (NOOP)
2017-05-30 22:11:55,531: log.pubsub.bridge   : MainProcess                     : MainThread     : DEBUG   : ru_initialize_parent (NOOP)
2017-05-30 22:11:55,531: log.pubsub.bridge   : MainProcess                     : MainThread     : DEBUG   : child process started
2017-05-30 22:13:17,343: log.pubsub.bridge   : log.pubsub.bridge.child         : MainThread     : ERROR   : abort: KeyboardInterrupt()
Traceback (most recent call last):
  File "/home/mingtha/ve/ve.rp_add_res_cfg/local/lib/python2.7/site-packages/radical/utils/process.py", line 549, in _run
    if not self.work_cb():
  File "/home/mingtha/ve/ve.rp_add_res_cfg/local/lib/python2.7/site-packages/radical/pilot/utils/pubsub.py", line 231, in work_cb
    _socks = dict(_uninterruptible(self._poll.poll, timeout=1000)) # timeout in ms
  File "/home/mingtha/ve/ve.rp_add_res_cfg/local/lib/python2.7/site-packages/radical/pilot/utils/pubsub.py", line 50, in _uninterruptible
    return f(*args, **kwargs)
  File "/home/mingtha/ve/ve.rp_add_res_cfg/local/lib/python2.7/site-packages/zmq/sugar/poll.py", line 99, in poll
    return zmq_poll(self.sockets, timeout=timeout)
  File "zmq/backend/cython/_poll.pyx", line 116, in zmq.backend.cython._poll.zmq_poll (zmq/backend/cython/_poll.c:2036)
  File "zmq/backend/cython/checkrc.pxd", line 12, in zmq.backend.cython.checkrc._check_rc (zmq/backend/cython/_poll.c:2418)
    PyErr_CheckSignals()
KeyboardInterrupt
2017-05-30 22:13:17,344: log.pubsub.bridge   : log.pubsub.bridge.child         : MainThread     : INFO    : send message: abort: KeyboardInterrupt()
2017-05-30 22:13:17,345: log.pubsub.bridge   : log.pubsub.bridge.child         : MainThread     : DEBUG   : ru_finalize_child (NOOP)
2017-05-30 22:13:17,345: log.pubsub.bridge   : log.pubsub.bridge.child         : MainThread     : DEBUG   : ru_finalize_common (NOOP)
2017-05-30 22:13:17,345: log.pubsub.bridge   : log.pubsub.bridge.child         : MainThread     : INFO    : send message: terminating
2017-05-30 22:13:17,401: log.pubsub.bridge   : log.pubsub.bridge.child         : log.pubsub.bridge.child.watch: INFO    : send message: work finished
2017-05-30 22:13:17,401: log.pubsub.bridge   : log.pubsub.bridge.child         : log.pubsub.bridge.child.watch: DEBUG   : ru_finalize_child (NOOP)
2017-05-30 22:13:17,402: log.pubsub.bridge   : log.pubsub.bridge.child         : log.pubsub.bridge.child.watch: DEBUG   : ru_finalize_common (NOOP)
2017-05-30 22:13:17,402: log.pubsub.bridge   : log.pubsub.bridge.child         : log.pubsub.bridge.child.watch: INFO    : send message: terminating
2017-05-30 22:13:17,719: log.pubsub.bridge   : MainProcess                     : log.pubsub.bridge.watch: WARNING : endpoint disappeard
2017-05-30 22:13:17,720: log.pubsub.bridge   : MainProcess                     : log.pubsub.bridge.watch: WARNING : watcher failed
2017-05-30 22:13:17,720: log.pubsub.bridge   : MainProcess                     : log.pubsub.bridge.watch: INFO    : send message: work finished
2017-05-30 22:13:17,720: log.pubsub.bridge   : MainProcess                     : log.pubsub.bridge.watch: DEBUG   : ru_finalize_child (NOOP)
2017-05-30 22:13:17,720: log.pubsub.bridge   : MainProcess                     : log.pubsub.bridge.watch: DEBUG   : ru_finalize_common (NOOP)
2017-05-30 22:13:17,720: log.pubsub.bridge   : MainProcess                     : log.pubsub.bridge.watch: INFO    : send message: terminating
2017-05-30 22:13:29,369: log.pubsub.bridge   : MainProcess                     : MainThread     : INFO    : parent stops child
2017-05-30 22:13:29,369: log.pubsub.bridge   : MainProcess                     : MainThread     : DEBUG   : ru_finalize_parent (NOOP)
2017-05-30 22:13:29,369: log.pubsub.bridge   : MainProcess                     : MainThread     : DEBUG   : ru_finalize_common (NOOP)
2017-05-30 22:13:29,369: log.pubsub.bridge   : MainProcess                     : MainThread     : INFO    : parent stops child
2017-05-30 22:13:29,370: log.pubsub.bridge   : MainProcess                     : MainThread     : DEBUG   : ru_finalize_parent (NOOP)
2017-05-30 22:13:29,370: log.pubsub.bridge   : MainProcess                     : MainThread     : DEBUG   : ru_finalize_common (NOOP)
