2017-05-30 21:46:00,384: pmgr.launching.queue.bridge: MainProcess                     : MainThread     : INFO    : python.interpreter   version: 2.7.12 (default, Nov 19 2016, 06:48:10) [GCC 5.4.0 20160609]
2017-05-30 21:46:00,384: pmgr.launching.queue.bridge: MainProcess                     : MainThread     : INFO    :                      pid: 16316
2017-05-30 21:46:00,385: pmgr.launching.queue.bridge: MainProcess                     : MainThread     : INFO    :                      tid: MainThread
2017-05-30 21:46:00,385: pmgr.launching.queue.bridge: MainProcess                     : MainThread     : INFO    : radical.pilot        version: split-81-gf853cc9b@feature-bridges
2017-05-30 21:46:00,385: pmgr.launching.queue.bridge: MainProcess                     : MainThread     : INFO    : create pmgr_launching_queue - bridge - tcp://*:*
2017-05-30 21:46:00,386: pmgr.launching.queue.bridge: MainProcess                     : MainThread     : DEBUG   : start process
2017-05-30 21:46:00,393: pmgr.launching.queue.bridge: pmgr.launching.queue.bridge     : MainThread     : INFO    : child (me) initializing
2017-05-30 21:46:00,393: pmgr.launching.queue.bridge: pmgr.launching.queue.bridge     : MainThread     : DEBUG   : start thread
2017-05-30 21:46:00,394: pmgr.launching.queue.bridge: pmgr.launching.queue.bridge     : pmgr.launching.queue.bridge.child.watch: INFO    : child (me) initializing
2017-05-30 21:46:00,394: pmgr.launching.queue.bridge: pmgr.launching.queue.bridge     : pmgr.launching.queue.bridge.child.watch: DEBUG   : ru_initialize_common (NOOP)
2017-05-30 21:46:00,394: pmgr.launching.queue.bridge: pmgr.launching.queue.bridge     : pmgr.launching.queue.bridge.child.watch: DEBUG   : ru_initialize_child (NOOP)
2017-05-30 21:46:00,394: pmgr.launching.queue.bridge: pmgr.launching.queue.bridge     : pmgr.launching.queue.bridge.child.watch: INFO    : send alive
2017-05-30 21:46:00,394: pmgr.launching.queue.bridge: pmgr.launching.queue.bridge     : pmgr.launching.queue.bridge.child.watch: INFO    : send message: alive
2017-05-30 21:46:00,395: pmgr.launching.queue.bridge: pmgr.launching.queue.bridge     : MainThread     : INFO    : recv message: alive
2017-05-30 21:46:00,395: pmgr.launching.queue.bridge: pmgr.launching.queue.bridge     : MainThread     : DEBUG   : ru_initialize_common (NOOP)
2017-05-30 21:46:00,395: pmgr.launching.queue.bridge: pmgr.launching.queue.bridge     : MainThread     : DEBUG   : ru_initialize_parent (NOOP)
2017-05-30 21:46:00,395: pmgr.launching.queue.bridge: pmgr.launching.queue.bridge     : MainThread     : DEBUG   : child thread pmgr.launching.queue.bridge.child.watch started
2017-05-30 21:46:00,395: pmgr.launching.queue.bridge: pmgr.launching.queue.bridge     : MainThread     : INFO    : child (me) is alive
2017-05-30 21:46:00,395: pmgr.launching.queue.bridge: pmgr.launching.queue.bridge     : MainThread     : DEBUG   : ru_initialize_common (NOOP)
2017-05-30 21:46:00,397: pmgr.launching.queue.bridge: pmgr.launching.queue.bridge.child: MainThread     : INFO    : send alive
2017-05-30 21:46:00,397: pmgr.launching.queue.bridge: pmgr.launching.queue.bridge.child: MainThread     : INFO    : send message: alive
2017-05-30 21:46:00,397: pmgr.launching.queue.bridge: MainProcess                     : MainThread     : INFO    : recv message: alive
2017-05-30 21:46:00,397: pmgr.launching.queue.bridge: MainProcess                     : MainThread     : DEBUG   : start thread
2017-05-30 21:46:00,398: pmgr.launching.queue.bridge: MainProcess                     : pmgr.launching.queue.bridge.watch: INFO    : child (me) initializing
2017-05-30 21:46:00,398: pmgr.launching.queue.bridge: MainProcess                     : pmgr.launching.queue.bridge.watch: DEBUG   : ru_initialize_common (NOOP)
2017-05-30 21:46:00,398: pmgr.launching.queue.bridge: MainProcess                     : pmgr.launching.queue.bridge.watch: DEBUG   : ru_initialize_child (NOOP)
2017-05-30 21:46:00,398: pmgr.launching.queue.bridge: MainProcess                     : pmgr.launching.queue.bridge.watch: INFO    : send alive
2017-05-30 21:46:00,398: pmgr.launching.queue.bridge: MainProcess                     : pmgr.launching.queue.bridge.watch: INFO    : send message: alive
2017-05-30 21:46:00,399: pmgr.launching.queue.bridge: MainProcess                     : MainThread     : INFO    : recv message: alive
2017-05-30 21:46:00,399: pmgr.launching.queue.bridge: MainProcess                     : MainThread     : DEBUG   : ru_initialize_common (NOOP)
2017-05-30 21:46:00,399: pmgr.launching.queue.bridge: MainProcess                     : MainThread     : DEBUG   : ru_initialize_parent (NOOP)
2017-05-30 21:46:00,399: pmgr.launching.queue.bridge: MainProcess                     : MainThread     : DEBUG   : child thread pmgr.launching.queue.bridge.watch started
2017-05-30 21:46:00,399: pmgr.launching.queue.bridge: MainProcess                     : MainThread     : INFO    : child is alive
2017-05-30 21:46:00,399: pmgr.launching.queue.bridge: MainProcess                     : MainThread     : DEBUG   : ru_initialize_common (NOOP)
2017-05-30 21:46:00,399: pmgr.launching.queue.bridge: MainProcess                     : MainThread     : DEBUG   : ru_initialize_parent (NOOP)
2017-05-30 21:46:00,399: pmgr.launching.queue.bridge: MainProcess                     : MainThread     : DEBUG   : child process started
2017-05-30 22:02:04,927: pmgr.launching.queue.bridge: MainProcess                     : MainThread     : INFO    : parent stops child
2017-05-30 22:02:04,927: pmgr.launching.queue.bridge: MainProcess                     : MainThread     : DEBUG   : ru_finalize_parent (NOOP)
2017-05-30 22:02:04,927: pmgr.launching.queue.bridge: MainProcess                     : MainThread     : DEBUG   : ru_finalize_common (NOOP)
2017-05-30 22:02:04,927: pmgr.launching.queue.bridge: MainProcess                     : MainThread     : INFO    : parent stops child
2017-05-30 22:02:04,928: pmgr.launching.queue.bridge: MainProcess                     : MainThread     : DEBUG   : ru_finalize_parent (NOOP)
2017-05-30 22:02:04,928: pmgr.launching.queue.bridge: MainProcess                     : MainThread     : DEBUG   : ru_finalize_common (NOOP)
2017-05-30 22:02:04,998: pmgr.launching.queue.bridge: MainProcess                     : pmgr.launching.queue.bridge.watch: INFO    : send message: work finished
2017-05-30 22:02:04,999: pmgr.launching.queue.bridge: MainProcess                     : pmgr.launching.queue.bridge.watch: DEBUG   : ru_finalize_child (NOOP)
2017-05-30 22:02:04,999: pmgr.launching.queue.bridge: MainProcess                     : pmgr.launching.queue.bridge.watch: DEBUG   : ru_finalize_common (NOOP)
2017-05-30 22:02:04,999: pmgr.launching.queue.bridge: MainProcess                     : pmgr.launching.queue.bridge.watch: INFO    : send message: terminating
2017-05-30 22:02:05,098: pmgr.launching.queue.bridge: pmgr.launching.queue.bridge.child: pmgr.launching.queue.bridge.child.watch: WARNING : endpoint disappeard
2017-05-30 22:02:05,098: pmgr.launching.queue.bridge: pmgr.launching.queue.bridge.child: pmgr.launching.queue.bridge.child.watch: WARNING : watcher failed
2017-05-30 22:02:05,099: pmgr.launching.queue.bridge: pmgr.launching.queue.bridge.child: pmgr.launching.queue.bridge.child.watch: INFO    : send message: work finished
2017-05-30 22:02:05,099: pmgr.launching.queue.bridge: pmgr.launching.queue.bridge.child: pmgr.launching.queue.bridge.child.watch: DEBUG   : ru_finalize_child (NOOP)
2017-05-30 22:02:05,099: pmgr.launching.queue.bridge: pmgr.launching.queue.bridge.child: pmgr.launching.queue.bridge.child.watch: DEBUG   : ru_finalize_common (NOOP)
2017-05-30 22:02:05,099: pmgr.launching.queue.bridge: pmgr.launching.queue.bridge.child: pmgr.launching.queue.bridge.child.watch: INFO    : send message: terminating
2017-05-30 22:02:05,142: pmgr.launching.queue.bridge: MainProcess                     : MainThread     : WARNING : failed to stop child - terminate
2017-05-30 22:02:08,340: pmgr.launching.queue.bridge: MainProcess                     : MainThread     : INFO    : radical.pilot        version: split-81-gf853cc9b@feature-bridges
2017-05-30 22:02:08,340: pmgr.launching.queue.bridge: MainProcess                     : MainThread     : INFO    : create pmgr_launching_queue - bridge - tcp://*:*
2017-05-30 22:02:08,341: pmgr.launching.queue.bridge: MainProcess                     : MainThread     : DEBUG   : start process
2017-05-30 22:02:08,350: pmgr.launching.queue.bridge: pmgr.launching.queue.bridge     : MainThread     : INFO    : child (me) initializing
2017-05-30 22:02:08,350: pmgr.launching.queue.bridge: pmgr.launching.queue.bridge     : MainThread     : DEBUG   : start thread
2017-05-30 22:02:08,350: pmgr.launching.queue.bridge: pmgr.launching.queue.bridge     : pmgr.launching.queue.bridge.child.watch: INFO    : child (me) initializing
2017-05-30 22:02:08,350: pmgr.launching.queue.bridge: pmgr.launching.queue.bridge     : pmgr.launching.queue.bridge.child.watch: DEBUG   : ru_initialize_common (NOOP)
2017-05-30 22:02:08,351: pmgr.launching.queue.bridge: pmgr.launching.queue.bridge     : pmgr.launching.queue.bridge.child.watch: DEBUG   : ru_initialize_child (NOOP)
2017-05-30 22:02:08,351: pmgr.launching.queue.bridge: pmgr.launching.queue.bridge     : pmgr.launching.queue.bridge.child.watch: INFO    : send alive
2017-05-30 22:02:08,351: pmgr.launching.queue.bridge: pmgr.launching.queue.bridge     : pmgr.launching.queue.bridge.child.watch: INFO    : send message: alive
2017-05-30 22:02:08,351: pmgr.launching.queue.bridge: pmgr.launching.queue.bridge     : MainThread     : INFO    : recv message: alive
2017-05-30 22:02:08,352: pmgr.launching.queue.bridge: pmgr.launching.queue.bridge     : MainThread     : DEBUG   : ru_initialize_common (NOOP)
2017-05-30 22:02:08,352: pmgr.launching.queue.bridge: pmgr.launching.queue.bridge     : MainThread     : DEBUG   : ru_initialize_parent (NOOP)
2017-05-30 22:02:08,352: pmgr.launching.queue.bridge: pmgr.launching.queue.bridge     : MainThread     : DEBUG   : child thread pmgr.launching.queue.bridge.child.watch started
2017-05-30 22:02:08,352: pmgr.launching.queue.bridge: pmgr.launching.queue.bridge     : MainThread     : INFO    : child (me) is alive
2017-05-30 22:02:08,352: pmgr.launching.queue.bridge: pmgr.launching.queue.bridge     : MainThread     : DEBUG   : ru_initialize_common (NOOP)
2017-05-30 22:02:08,354: pmgr.launching.queue.bridge: pmgr.launching.queue.bridge.child: MainThread     : INFO    : send alive
2017-05-30 22:02:08,354: pmgr.launching.queue.bridge: pmgr.launching.queue.bridge.child: MainThread     : INFO    : send message: alive
2017-05-30 22:02:08,354: pmgr.launching.queue.bridge: MainProcess                     : MainThread     : INFO    : recv message: alive
2017-05-30 22:02:08,354: pmgr.launching.queue.bridge: MainProcess                     : MainThread     : DEBUG   : start thread
2017-05-30 22:02:08,355: pmgr.launching.queue.bridge: MainProcess                     : pmgr.launching.queue.bridge.watch: INFO    : child (me) initializing
2017-05-30 22:02:08,355: pmgr.launching.queue.bridge: MainProcess                     : pmgr.launching.queue.bridge.watch: DEBUG   : ru_initialize_common (NOOP)
2017-05-30 22:02:08,355: pmgr.launching.queue.bridge: MainProcess                     : pmgr.launching.queue.bridge.watch: DEBUG   : ru_initialize_child (NOOP)
2017-05-30 22:02:08,355: pmgr.launching.queue.bridge: MainProcess                     : pmgr.launching.queue.bridge.watch: INFO    : send alive
2017-05-30 22:02:08,355: pmgr.launching.queue.bridge: MainProcess                     : pmgr.launching.queue.bridge.watch: INFO    : send message: alive
2017-05-30 22:02:08,356: pmgr.launching.queue.bridge: MainProcess                     : MainThread     : INFO    : recv message: alive
2017-05-30 22:02:08,356: pmgr.launching.queue.bridge: MainProcess                     : MainThread     : DEBUG   : ru_initialize_common (NOOP)
2017-05-30 22:02:08,356: pmgr.launching.queue.bridge: MainProcess                     : MainThread     : DEBUG   : ru_initialize_parent (NOOP)
2017-05-30 22:02:08,356: pmgr.launching.queue.bridge: MainProcess                     : MainThread     : DEBUG   : child thread pmgr.launching.queue.bridge.watch started
2017-05-30 22:02:08,356: pmgr.launching.queue.bridge: MainProcess                     : MainThread     : INFO    : child is alive
2017-05-30 22:02:08,356: pmgr.launching.queue.bridge: MainProcess                     : MainThread     : DEBUG   : ru_initialize_common (NOOP)
2017-05-30 22:02:08,356: pmgr.launching.queue.bridge: MainProcess                     : MainThread     : DEBUG   : ru_initialize_parent (NOOP)
2017-05-30 22:02:08,356: pmgr.launching.queue.bridge: MainProcess                     : MainThread     : DEBUG   : child process started
2017-05-30 22:11:53,346: pmgr.launching.queue.bridge: MainProcess                     : MainThread     : INFO    : parent stops child
2017-05-30 22:11:53,347: pmgr.launching.queue.bridge: MainProcess                     : MainThread     : DEBUG   : ru_finalize_parent (NOOP)
2017-05-30 22:11:53,347: pmgr.launching.queue.bridge: MainProcess                     : MainThread     : DEBUG   : ru_finalize_common (NOOP)
2017-05-30 22:11:53,347: pmgr.launching.queue.bridge: MainProcess                     : MainThread     : INFO    : parent stops child
2017-05-30 22:11:53,347: pmgr.launching.queue.bridge: MainProcess                     : MainThread     : DEBUG   : ru_finalize_parent (NOOP)
2017-05-30 22:11:53,347: pmgr.launching.queue.bridge: MainProcess                     : MainThread     : DEBUG   : ru_finalize_common (NOOP)
2017-05-30 22:11:53,370: pmgr.launching.queue.bridge: MainProcess                     : pmgr.launching.queue.bridge.watch: INFO    : send message: work finished
2017-05-30 22:11:53,371: pmgr.launching.queue.bridge: MainProcess                     : pmgr.launching.queue.bridge.watch: DEBUG   : ru_finalize_child (NOOP)
2017-05-30 22:11:53,371: pmgr.launching.queue.bridge: MainProcess                     : pmgr.launching.queue.bridge.watch: DEBUG   : ru_finalize_common (NOOP)
2017-05-30 22:11:53,371: pmgr.launching.queue.bridge: MainProcess                     : pmgr.launching.queue.bridge.watch: INFO    : send message: terminating
2017-05-30 22:11:53,479: pmgr.launching.queue.bridge: MainProcess                     : MainThread     : WARNING : failed to stop child - terminate
2017-05-30 22:11:56,133: pmgr.launching.queue.bridge: MainProcess                     : MainThread     : INFO    : radical.pilot        version: split-81-gf853cc9b@feature-bridges
2017-05-30 22:11:56,134: pmgr.launching.queue.bridge: MainProcess                     : MainThread     : INFO    : create pmgr_launching_queue - bridge - tcp://*:*
2017-05-30 22:11:56,134: pmgr.launching.queue.bridge: MainProcess                     : MainThread     : DEBUG   : start process
2017-05-30 22:11:56,140: pmgr.launching.queue.bridge: pmgr.launching.queue.bridge     : MainThread     : INFO    : child (me) initializing
2017-05-30 22:11:56,140: pmgr.launching.queue.bridge: pmgr.launching.queue.bridge     : MainThread     : DEBUG   : start thread
2017-05-30 22:11:56,140: pmgr.launching.queue.bridge: pmgr.launching.queue.bridge     : pmgr.launching.queue.bridge.child.watch: INFO    : child (me) initializing
2017-05-30 22:11:56,141: pmgr.launching.queue.bridge: pmgr.launching.queue.bridge     : pmgr.launching.queue.bridge.child.watch: DEBUG   : ru_initialize_common (NOOP)
2017-05-30 22:11:56,141: pmgr.launching.queue.bridge: pmgr.launching.queue.bridge     : pmgr.launching.queue.bridge.child.watch: DEBUG   : ru_initialize_child (NOOP)
2017-05-30 22:11:56,141: pmgr.launching.queue.bridge: pmgr.launching.queue.bridge     : pmgr.launching.queue.bridge.child.watch: INFO    : send alive
2017-05-30 22:11:56,141: pmgr.launching.queue.bridge: pmgr.launching.queue.bridge     : pmgr.launching.queue.bridge.child.watch: INFO    : send message: alive
2017-05-30 22:11:56,142: pmgr.launching.queue.bridge: pmgr.launching.queue.bridge     : MainThread     : INFO    : recv message: alive
2017-05-30 22:11:56,142: pmgr.launching.queue.bridge: pmgr.launching.queue.bridge     : MainThread     : DEBUG   : ru_initialize_common (NOOP)
2017-05-30 22:11:56,142: pmgr.launching.queue.bridge: pmgr.launching.queue.bridge     : MainThread     : DEBUG   : ru_initialize_parent (NOOP)
2017-05-30 22:11:56,142: pmgr.launching.queue.bridge: pmgr.launching.queue.bridge     : MainThread     : DEBUG   : child thread pmgr.launching.queue.bridge.child.watch started
2017-05-30 22:11:56,142: pmgr.launching.queue.bridge: pmgr.launching.queue.bridge     : MainThread     : INFO    : child (me) is alive
2017-05-30 22:11:56,142: pmgr.launching.queue.bridge: pmgr.launching.queue.bridge     : MainThread     : DEBUG   : ru_initialize_common (NOOP)
2017-05-30 22:11:56,144: pmgr.launching.queue.bridge: pmgr.launching.queue.bridge.child: MainThread     : INFO    : send alive
2017-05-30 22:11:56,144: pmgr.launching.queue.bridge: pmgr.launching.queue.bridge.child: MainThread     : INFO    : send message: alive
2017-05-30 22:11:56,145: pmgr.launching.queue.bridge: MainProcess                     : MainThread     : INFO    : recv message: alive
2017-05-30 22:11:56,145: pmgr.launching.queue.bridge: MainProcess                     : MainThread     : DEBUG   : start thread
2017-05-30 22:11:56,145: pmgr.launching.queue.bridge: MainProcess                     : pmgr.launching.queue.bridge.watch: INFO    : child (me) initializing
2017-05-30 22:11:56,145: pmgr.launching.queue.bridge: MainProcess                     : pmgr.launching.queue.bridge.watch: DEBUG   : ru_initialize_common (NOOP)
2017-05-30 22:11:56,145: pmgr.launching.queue.bridge: MainProcess                     : pmgr.launching.queue.bridge.watch: DEBUG   : ru_initialize_child (NOOP)
2017-05-30 22:11:56,145: pmgr.launching.queue.bridge: MainProcess                     : pmgr.launching.queue.bridge.watch: INFO    : send alive
2017-05-30 22:11:56,145: pmgr.launching.queue.bridge: MainProcess                     : pmgr.launching.queue.bridge.watch: INFO    : send message: alive
2017-05-30 22:11:56,146: pmgr.launching.queue.bridge: MainProcess                     : MainThread     : INFO    : recv message: alive
2017-05-30 22:11:56,146: pmgr.launching.queue.bridge: MainProcess                     : MainThread     : DEBUG   : ru_initialize_common (NOOP)
2017-05-30 22:11:56,147: pmgr.launching.queue.bridge: MainProcess                     : MainThread     : DEBUG   : ru_initialize_parent (NOOP)
2017-05-30 22:11:56,147: pmgr.launching.queue.bridge: MainProcess                     : MainThread     : DEBUG   : child thread pmgr.launching.queue.bridge.watch started
2017-05-30 22:11:56,147: pmgr.launching.queue.bridge: MainProcess                     : MainThread     : INFO    : child is alive
2017-05-30 22:11:56,147: pmgr.launching.queue.bridge: MainProcess                     : MainThread     : DEBUG   : ru_initialize_common (NOOP)
2017-05-30 22:11:56,147: pmgr.launching.queue.bridge: MainProcess                     : MainThread     : DEBUG   : ru_initialize_parent (NOOP)
2017-05-30 22:11:56,147: pmgr.launching.queue.bridge: MainProcess                     : MainThread     : DEBUG   : child process started
2017-05-30 22:13:17,347: pmgr.launching.queue.bridge: pmgr.launching.queue.bridge.child: MainThread     : ERROR   : abort: KeyboardInterrupt()
Traceback (most recent call last):
  File "/home/mingtha/ve/ve.rp_add_res_cfg/local/lib/python2.7/site-packages/radical/utils/process.py", line 549, in _run
    if not self.work_cb():
  File "/home/mingtha/ve/ve.rp_add_res_cfg/local/lib/python2.7/site-packages/radical/pilot/utils/queue.py", line 320, in work_cb
    timeout=1000):
  File "/home/mingtha/ve/ve.rp_add_res_cfg/local/lib/python2.7/site-packages/radical/pilot/utils/queue.py", line 50, in _uninterruptible
    return f(*args, **kwargs)
  File "/home/mingtha/ve/ve.rp_add_res_cfg/local/lib/python2.7/site-packages/zmq/sugar/socket.py", line 558, in poll
    evts = dict(p.poll(timeout))
  File "/home/mingtha/ve/ve.rp_add_res_cfg/local/lib/python2.7/site-packages/zmq/sugar/poll.py", line 99, in poll
    return zmq_poll(self.sockets, timeout=timeout)
  File "zmq/backend/cython/_poll.pyx", line 116, in zmq.backend.cython._poll.zmq_poll (zmq/backend/cython/_poll.c:2036)
  File "zmq/backend/cython/checkrc.pxd", line 12, in zmq.backend.cython.checkrc._check_rc (zmq/backend/cython/_poll.c:2418)
    PyErr_CheckSignals()
KeyboardInterrupt
2017-05-30 22:13:17,348: pmgr.launching.queue.bridge: pmgr.launching.queue.bridge.child: MainThread     : INFO    : send message: abort: KeyboardInterrupt()
2017-05-30 22:13:17,348: pmgr.launching.queue.bridge: pmgr.launching.queue.bridge.child: MainThread     : DEBUG   : ru_finalize_child (NOOP)
2017-05-30 22:13:17,348: pmgr.launching.queue.bridge: pmgr.launching.queue.bridge.child: MainThread     : DEBUG   : ru_finalize_common (NOOP)
2017-05-30 22:13:17,348: pmgr.launching.queue.bridge: pmgr.launching.queue.bridge.child: MainThread     : INFO    : send message: terminating
2017-05-30 22:13:17,349: pmgr.launching.queue.bridge: MainProcess                     : pmgr.launching.queue.bridge.watch: INFO    : recv message: abort: KeyboardInterrupt()terminating
2017-05-30 22:13:17,350: pmgr.launching.queue.bridge: MainProcess                     : pmgr.launching.queue.bridge.watch: INFO    : message received: abort: KeyboardInterrupt()terminating
2017-05-30 22:13:17,418: pmgr.launching.queue.bridge: pmgr.launching.queue.bridge.child: pmgr.launching.queue.bridge.child.watch: INFO    : send message: work finished
2017-05-30 22:13:17,419: pmgr.launching.queue.bridge: pmgr.launching.queue.bridge.child: pmgr.launching.queue.bridge.child.watch: DEBUG   : ru_finalize_child (NOOP)
2017-05-30 22:13:17,419: pmgr.launching.queue.bridge: pmgr.launching.queue.bridge.child: pmgr.launching.queue.bridge.child.watch: DEBUG   : ru_finalize_common (NOOP)
2017-05-30 22:13:17,419: pmgr.launching.queue.bridge: pmgr.launching.queue.bridge.child: pmgr.launching.queue.bridge.child.watch: INFO    : send message: terminating
2017-05-30 22:13:17,851: pmgr.launching.queue.bridge: MainProcess                     : pmgr.launching.queue.bridge.watch: WARNING : endpoint disappeard
2017-05-30 22:13:17,851: pmgr.launching.queue.bridge: MainProcess                     : pmgr.launching.queue.bridge.watch: WARNING : watcher failed
2017-05-30 22:13:17,851: pmgr.launching.queue.bridge: MainProcess                     : pmgr.launching.queue.bridge.watch: INFO    : send message: work finished
2017-05-30 22:13:17,851: pmgr.launching.queue.bridge: MainProcess                     : pmgr.launching.queue.bridge.watch: DEBUG   : ru_finalize_child (NOOP)
2017-05-30 22:13:17,852: pmgr.launching.queue.bridge: MainProcess                     : pmgr.launching.queue.bridge.watch: DEBUG   : ru_finalize_common (NOOP)
2017-05-30 22:13:17,852: pmgr.launching.queue.bridge: MainProcess                     : pmgr.launching.queue.bridge.watch: INFO    : send message: terminating
2017-05-30 22:13:28,881: pmgr.launching.queue.bridge: MainProcess                     : MainThread     : INFO    : parent stops child
2017-05-30 22:13:28,882: pmgr.launching.queue.bridge: MainProcess                     : MainThread     : DEBUG   : ru_finalize_parent (NOOP)
2017-05-30 22:13:28,882: pmgr.launching.queue.bridge: MainProcess                     : MainThread     : DEBUG   : ru_finalize_common (NOOP)
2017-05-30 22:13:28,882: pmgr.launching.queue.bridge: MainProcess                     : MainThread     : INFO    : parent stops child
2017-05-30 22:13:28,882: pmgr.launching.queue.bridge: MainProcess                     : MainThread     : DEBUG   : ru_finalize_parent (NOOP)
2017-05-30 22:13:28,882: pmgr.launching.queue.bridge: MainProcess                     : MainThread     : DEBUG   : ru_finalize_common (NOOP)
