2017-05-30 21:46:00,338: pmgr.0000           : MainProcess                     : MainThread     : INFO    : python.interpreter   version: 2.7.12 (default, Nov 19 2016, 06:48:10) [GCC 5.4.0 20160609]
2017-05-30 21:46:00,339: pmgr.0000           : MainProcess                     : MainThread     : INFO    :                      pid: 16316
2017-05-30 21:46:00,339: pmgr.0000           : MainProcess                     : MainThread     : INFO    :                      tid: MainThread
2017-05-30 21:46:00,339: pmgr.0000           : MainProcess                     : MainThread     : INFO    : radical.pilot        version: split-81-gf853cc9b@feature-bridges
2017-05-30 21:46:00,340: pmgr.0000           : MainProcess                     : MainThread     : DEBUG   : start process
2017-05-30 21:46:00,340: pmgr.0000           : MainProcess                     : MainThread     : INFO    : radical.pilot        version: split-81-gf853cc9b@feature-bridges
2017-05-30 21:46:00,382: pmgr.0000           : MainProcess                     : MainThread     : INFO    : initialize pmgr.0000
2017-05-30 21:46:00,383: pmgr.0000           : MainProcess                     : MainThread     : INFO    : cfg: {u'bridges': {u'pmgr_launching_queue': {u'bulk_size': 0,
                                        u'log_level': u'debug',
                                        u'stall_hwm': 1}},
 u'components': {u'PMGRLaunchingComponent': {u'count': 1}},
 u'db_poll_sleeptime': 1.0,
 'owner': 'pmgr.0000'}
2017-05-30 21:46:00,383: pmgr.0000           : MainProcess                     : MainThread     : DEBUG   : start bridges   : {u'pmgr_launching_queue': {u'bulk_size': 0,
                           u'log_level': u'debug',
                           u'stall_hwm': 1}}
2017-05-30 21:46:00,383: pmgr.0000           : MainProcess                     : MainThread     : INFO    : create bridge pmgr_launching_queue
2017-05-30 21:46:00,400: pmgr.0000           : MainProcess                     : MainThread     : INFO    : created bridge pmgr_launching_queue (pmgr.launching.queue.bridge)
2017-05-30 21:46:00,400: pmgr.0000           : MainProcess                     : MainThread     : DEBUG   : start components: {u'PMGRLaunchingComponent': {u'count': 1}}
2017-05-30 21:46:00,400: pmgr.0000           : MainProcess                     : MainThread     : DEBUG   : start 1 component(s) PMGRLaunchingComponent
2017-05-30 21:46:00,640: pmgr.0000           : MainProcess                     : MainThread     : INFO    : pmgr.0000                      starts pmgr.launching.0
2017-05-30 21:46:00,641: pmgr.0000           : MainProcess                     : MainThread     : DEBUG   : START: pmgr.0000 register publisher log_pubsub
2017-05-30 21:46:00,641: pmgr.0000           : MainProcess                     : MainThread     : DEBUG   : using addr tcp://138.201.86.166:44883 for pubsub log_pubsub
2017-05-30 21:46:00,642: pmgr.0000           : MainProcess                     : MainThread     : DEBUG   : registered publisher : log_pubsub : log.pubsub.pub
2017-05-30 21:46:00,643: pmgr.0000           : MainProcess                     : MainThread     : DEBUG   : START: pmgr.0000 register publisher state_pubsub
2017-05-30 21:46:00,643: pmgr.0000           : MainProcess                     : MainThread     : DEBUG   : using addr tcp://138.201.86.166:39610 for pubsub state_pubsub
2017-05-30 21:46:00,644: pmgr.0000           : MainProcess                     : MainThread     : DEBUG   : registered publisher : state_pubsub : state.pubsub.pub
2017-05-30 21:46:00,644: pmgr.0000           : MainProcess                     : MainThread     : DEBUG   : START: pmgr.0000 register publisher control_pubsub
2017-05-30 21:46:00,644: pmgr.0000           : MainProcess                     : MainThread     : DEBUG   : using addr tcp://138.201.86.166:43795 for pubsub control_pubsub
2017-05-30 21:46:00,645: pmgr.0000           : MainProcess                     : MainThread     : DEBUG   : registered publisher : control_pubsub : control.pubsub.pub
2017-05-30 21:46:00,646: pmgr.0000           : MainProcess                     : MainThread     : DEBUG   : child process started
2017-05-30 21:46:00,646: pmgr.0000           : MainProcess                     : MainThread     : DEBUG   : START: pmgr.0000 register output PMGR_LAUNCHING_PENDING
2017-05-30 21:46:00,647: pmgr.0000           : MainProcess                     : MainThread     : DEBUG   : using addr tcp://138.201.86.166:42391 for output pmgr_launching_queue
2017-05-30 21:46:00,649: pmgr.0000           : MainProcess                     : MainThread     : DEBUG   : registered output    : PMGR_LAUNCHING_PENDING : pmgr_launching_queue : pmgr.launching.queue.input
2017-05-30 21:46:00,650: pmgr.0000           : MainProcess                     : MainThread     : DEBUG   : START: pmgr.0000 register idler pmgr.0000.idler._state_pull_cb
2017-05-30 21:46:00,650: pmgr.0000           : MainProcess                     : MainThread     : DEBUG   : start thread
2017-05-30 21:46:00,651: pmgr.0000           : MainProcess                     : pmgr.0000.idler._state_pull_cb: INFO    : child (me) initializing
2017-05-30 21:46:00,651: pmgr.0000           : MainProcess                     : pmgr.0000.idler._state_pull_cb: DEBUG   : ru_initialize_common (NOOP)
2017-05-30 21:46:00,651: pmgr.0000           : MainProcess                     : pmgr.0000.idler._state_pull_cb: DEBUG   : ru_initialize_child (NOOP)
2017-05-30 21:46:00,652: pmgr.0000           : MainProcess                     : pmgr.0000.idler._state_pull_cb: INFO    : send alive
2017-05-30 21:46:00,652: pmgr.0000           : MainProcess                     : pmgr.0000.idler._state_pull_cb: INFO    : send message: alive
2017-05-30 21:46:00,653: pmgr.0000           : MainProcess                     : MainThread     : INFO    : recv message: alive
2017-05-30 21:46:00,653: pmgr.0000           : MainProcess                     : MainThread     : DEBUG   : ru_initialize_common (NOOP)
2017-05-30 21:46:00,653: pmgr.0000           : MainProcess                     : MainThread     : DEBUG   : ru_initialize_parent (NOOP)
2017-05-30 21:46:00,653: pmgr.0000           : MainProcess                     : MainThread     : DEBUG   : child thread pmgr.0000.idler._state_pull_cb started
2017-05-30 21:46:00,654: pmgr.0000           : MainProcess                     : MainThread     : DEBUG   : pmgr.0000 registered idler pmgr.0000.idler._state_pull_cb
2017-05-30 21:46:00,654: pmgr.0000           : MainProcess                     : MainThread     : DEBUG   : START: pmgr.0000 register subscriber pmgr.0000.subscriber._state_sub_cb
2017-05-30 21:46:00,654: pmgr.0000           : MainProcess                     : MainThread     : DEBUG   : using addr tcp://138.201.86.166:34583 for pubsub state_pubsub
2017-05-30 21:46:00,656: pmgr.0000           : MainProcess                     : MainThread     : DEBUG   : start thread
2017-05-30 21:46:00,657: pmgr.0000           : MainProcess                     : pmgr.0000.subscriber._state_sub_cb: INFO    : child (me) initializing
2017-05-30 21:46:00,657: pmgr.0000           : MainProcess                     : pmgr.0000.subscriber._state_sub_cb: DEBUG   : ru_initialize_common (NOOP)
2017-05-30 21:46:00,657: pmgr.0000           : MainProcess                     : pmgr.0000.subscriber._state_sub_cb: DEBUG   : ru_initialize_child (NOOP)
2017-05-30 21:46:00,657: pmgr.0000           : MainProcess                     : pmgr.0000.subscriber._state_sub_cb: INFO    : send alive
2017-05-30 21:46:00,658: pmgr.0000           : MainProcess                     : pmgr.0000.subscriber._state_sub_cb: INFO    : send message: alive
2017-05-30 21:46:00,658: pmgr.0000           : MainProcess                     : MainThread     : INFO    : recv message: alive
2017-05-30 21:46:00,658: pmgr.0000           : MainProcess                     : MainThread     : DEBUG   : ru_initialize_common (NOOP)
2017-05-30 21:46:00,659: pmgr.0000           : MainProcess                     : MainThread     : DEBUG   : ru_initialize_parent (NOOP)
2017-05-30 21:46:00,659: pmgr.0000           : MainProcess                     : MainThread     : DEBUG   : child thread pmgr.0000.subscriber._state_sub_cb started
2017-05-30 21:46:00,659: pmgr.0000           : MainProcess                     : MainThread     : DEBUG   : pmgr.0000 registered state_pubsub subscriber pmgr.0000.subscriber._state_sub_cb
2017-05-30 21:46:01,181: pmgr.0000           : MainProcess                     : MainThread     : DEBUG   : PMGR setup done (      NoneNone) : None
2017-05-30 21:46:04,471: pmgr.0000           : MainProcess                     : MainThread     : DEBUG   : advance bulk size: 1 [False, False]
2017-05-30 21:46:04,471: pmgr.0000           : MainProcess                     : MainThread     : DEBUG   : advance bulk: pilot.0000 [1]
2017-05-30 21:46:04,572: pmgr.0000           : MainProcess                     : MainThread     : INFO    : [Callback]: pilot pilot.0000 state: PMGR_LAUNCHING_PENDING.
2017-05-30 21:46:04,573: pmgr.0000           : MainProcess                     : MainThread     : DEBUG   : advance bulk size: 1 [True, True]
2017-05-30 21:46:04,573: pmgr.0000           : MainProcess                     : MainThread     : DEBUG   : advance bulk: pilot.0000 [1]
2017-05-30 21:46:04,574: pmgr.0000           : MainProcess                     : MainThread     : DEBUG   : bucket: PMGR_LAUNCHING_PENDING : ['pilot.0000']
2017-05-30 21:46:04,574: pmgr.0000           : MainProcess                     : MainThread     : DEBUG   : put bulk PMGR_LAUNCHING_PENDING: 1
2017-05-30 21:46:04,574: pmgr.0000           : MainProcess                     : MainThread     : DEBUG   : push pilot.0000 ---> PMGR_LAUNCHING_PENDING
2017-05-30 21:46:04,577: pmgr.0000           : MainProcess                     : pmgr.0000.subscriber._state_sub_cb: INFO    : [Callback]: pilot pilot.0000 state: PMGR_LAUNCHING.
2017-05-30 21:46:04,578: pmgr.0000           : MainProcess                     : pmgr.0000.subscriber._state_sub_cb: DEBUG   : advance bulk size: 1 [False, False]
2017-05-30 21:46:04,578: pmgr.0000           : MainProcess                     : pmgr.0000.subscriber._state_sub_cb: DEBUG   : advance bulk: pilot.0000 [1]
2017-05-30 21:46:19,978: pmgr.0000           : MainProcess                     : pmgr.0000.subscriber._state_sub_cb: INFO    : [Callback]: pilot pilot.0000 state: PMGR_ACTIVE_PENDING.
2017-05-30 21:46:19,980: pmgr.0000           : MainProcess                     : pmgr.0000.subscriber._state_sub_cb: DEBUG   : advance bulk size: 1 [False, False]
2017-05-30 21:46:19,980: pmgr.0000           : MainProcess                     : pmgr.0000.subscriber._state_sub_cb: DEBUG   : advance bulk: pilot.0000 [1]
2017-05-30 21:57:02,697: pmgr.0000           : MainProcess                     : pmgr.0000.idler._state_pull_cb: INFO    : [Callback]: pilot pilot.0000 state: PMGR_ACTIVE.
2017-05-30 21:57:02,698: pmgr.0000           : MainProcess                     : pmgr.0000.idler._state_pull_cb: DEBUG   : advance bulk size: 1 [False, True]
2017-05-30 21:57:02,698: pmgr.0000           : MainProcess                     : pmgr.0000.idler._state_pull_cb: DEBUG   : advance bulk: pilot.0000 [1]
2017-05-30 21:57:02,699: pmgr.0000           : MainProcess                     : pmgr.0000.idler._state_pull_cb: INFO    : pilot pilot.0000 is PMGR_ACTIVE: None [None]
2017-05-30 22:02:04,698: pmgr.0000           : MainProcess                     : MainThread     : DEBUG   : wait timed out
2017-05-30 22:02:04,700: pmgr.0000           : MainProcess                     : MainThread     : DEBUG   : stop pmgr.0000 (16316 : None : MainThread) [radical.pilot.pilot_manager.PilotManager.close]
2017-05-30 22:02:04,700: pmgr.0000           : MainProcess                     : MainThread     : INFO    : parent stops child
2017-05-30 22:02:05,146: pmgr.0000           : MainProcess                     : MainThread     : DEBUG   : ru_finalize_common()
2017-05-30 22:02:05,147: pmgr.0000           : MainProcess                     : MainThread     : DEBUG   : TERM : pmgr.0000 unregister publisher state_pubsub
2017-05-30 22:02:05,148: pmgr.0000           : MainProcess                     : MainThread     : DEBUG   : unregistered publisher state_pubsub
2017-05-30 22:02:05,148: pmgr.0000           : MainProcess                     : MainThread     : DEBUG   : TERM : pmgr.0000 unregister publisher control_pubsub
2017-05-30 22:02:05,149: pmgr.0000           : MainProcess                     : MainThread     : DEBUG   : unregistered publisher control_pubsub
2017-05-30 22:02:05,149: pmgr.0000           : MainProcess                     : MainThread     : DEBUG   : pmgr.0000 close prof
2017-05-30 22:02:05,149: pmgr.0000           : MainProcess                     : MainThread     : INFO    : parent stops child
2017-05-30 22:02:05,150: pmgr.0000           : MainProcess                     : MainThread     : DEBUG   : ru_finalize_parent (NOOP)
2017-05-30 22:02:05,150: pmgr.0000           : MainProcess                     : MainThread     : DEBUG   : ru_finalize_common (NOOP)
2017-05-30 22:02:05,523: pmgr.0000           : MainProcess                     : pmgr.0000.subscriber._state_sub_cb: DEBUG   : ru_finalize_child (NOOP)
2017-05-30 22:02:05,524: pmgr.0000           : MainProcess                     : pmgr.0000.subscriber._state_sub_cb: DEBUG   : ru_finalize_common (NOOP)
2017-05-30 22:02:05,524: pmgr.0000           : MainProcess                     : pmgr.0000.subscriber._state_sub_cb: INFO    : send message: terminating
2017-05-30 22:02:05,565: pmgr.0000           : MainProcess                     : MainThread     : INFO    : parent stops child
2017-05-30 22:02:05,566: pmgr.0000           : MainProcess                     : MainThread     : DEBUG   : ru_finalize_parent (NOOP)
2017-05-30 22:02:05,566: pmgr.0000           : MainProcess                     : MainThread     : DEBUG   : ru_finalize_common (NOOP)
2017-05-30 22:02:05,588: pmgr.0000           : MainProcess                     : pmgr.0000.idler._state_pull_cb: DEBUG   : ru_finalize_child (NOOP)
2017-05-30 22:02:05,588: pmgr.0000           : MainProcess                     : pmgr.0000.idler._state_pull_cb: DEBUG   : ru_finalize_common (NOOP)
2017-05-30 22:02:05,588: pmgr.0000           : MainProcess                     : pmgr.0000.idler._state_pull_cb: INFO    : send message: terminating
2017-05-30 22:02:05,598: pmgr.0000           : MainProcess                     : MainThread     : INFO    : Closed PilotManager pmgr.0000.
2017-05-30 22:02:08,313: pmgr.0000           : MainProcess                     : MainThread     : INFO    : radical.pilot        version: split-81-gf853cc9b@feature-bridges
2017-05-30 22:02:08,313: pmgr.0000           : MainProcess                     : MainThread     : DEBUG   : start process
2017-05-30 22:02:08,313: pmgr.0000           : MainProcess                     : MainThread     : INFO    : radical.pilot        version: split-81-gf853cc9b@feature-bridges
2017-05-30 22:02:08,339: pmgr.0000           : MainProcess                     : MainThread     : INFO    : initialize pmgr.0000
2017-05-30 22:02:08,339: pmgr.0000           : MainProcess                     : MainThread     : INFO    : cfg: {u'bridges': {u'pmgr_launching_queue': {u'bulk_size': 0,
                                        u'log_level': u'debug',
                                        u'stall_hwm': 1}},
 u'components': {u'PMGRLaunchingComponent': {u'count': 1}},
 u'db_poll_sleeptime': 1.0,
 'owner': 'pmgr.0000'}
2017-05-30 22:02:08,340: pmgr.0000           : MainProcess                     : MainThread     : DEBUG   : start bridges   : {u'pmgr_launching_queue': {u'bulk_size': 0,
                           u'log_level': u'debug',
                           u'stall_hwm': 1}}
2017-05-30 22:02:08,340: pmgr.0000           : MainProcess                     : MainThread     : INFO    : create bridge pmgr_launching_queue
2017-05-30 22:02:08,356: pmgr.0000           : MainProcess                     : MainThread     : INFO    : created bridge pmgr_launching_queue (pmgr.launching.queue.bridge)
2017-05-30 22:02:08,357: pmgr.0000           : MainProcess                     : MainThread     : DEBUG   : start components: {u'PMGRLaunchingComponent': {u'count': 1}}
2017-05-30 22:02:08,357: pmgr.0000           : MainProcess                     : MainThread     : DEBUG   : start 1 component(s) PMGRLaunchingComponent
2017-05-30 22:02:08,567: pmgr.0000           : MainProcess                     : MainThread     : INFO    : pmgr.0000                      starts pmgr.launching.0
2017-05-30 22:02:08,567: pmgr.0000           : MainProcess                     : MainThread     : DEBUG   : START: pmgr.0000 register publisher log_pubsub
2017-05-30 22:02:08,567: pmgr.0000           : MainProcess                     : MainThread     : DEBUG   : using addr tcp://138.201.86.166:45767 for pubsub log_pubsub
2017-05-30 22:02:08,568: pmgr.0000           : MainProcess                     : MainThread     : DEBUG   : registered publisher : log_pubsub : log.pubsub.pub
2017-05-30 22:02:08,568: pmgr.0000           : MainProcess                     : MainThread     : DEBUG   : START: pmgr.0000 register publisher state_pubsub
2017-05-30 22:02:08,568: pmgr.0000           : MainProcess                     : MainThread     : DEBUG   : using addr tcp://138.201.86.166:44244 for pubsub state_pubsub
2017-05-30 22:02:08,568: pmgr.0000           : MainProcess                     : MainThread     : DEBUG   : registered publisher : state_pubsub : state.pubsub.pub
2017-05-30 22:02:08,568: pmgr.0000           : MainProcess                     : MainThread     : DEBUG   : START: pmgr.0000 register publisher control_pubsub
2017-05-30 22:02:08,568: pmgr.0000           : MainProcess                     : MainThread     : DEBUG   : using addr tcp://138.201.86.166:38121 for pubsub control_pubsub
2017-05-30 22:02:08,569: pmgr.0000           : MainProcess                     : MainThread     : DEBUG   : registered publisher : control_pubsub : control.pubsub.pub
2017-05-30 22:02:08,569: pmgr.0000           : MainProcess                     : MainThread     : DEBUG   : child process started
2017-05-30 22:02:08,569: pmgr.0000           : MainProcess                     : MainThread     : DEBUG   : START: pmgr.0000 register output PMGR_LAUNCHING_PENDING
2017-05-30 22:02:08,569: pmgr.0000           : MainProcess                     : MainThread     : DEBUG   : using addr tcp://138.201.86.166:34345 for output pmgr_launching_queue
2017-05-30 22:02:08,569: pmgr.0000           : MainProcess                     : MainThread     : DEBUG   : registered output    : PMGR_LAUNCHING_PENDING : pmgr_launching_queue : pmgr.launching.queue.input
2017-05-30 22:02:08,570: pmgr.0000           : MainProcess                     : MainThread     : DEBUG   : START: pmgr.0000 register idler pmgr.0000.idler._state_pull_cb
2017-05-30 22:02:08,570: pmgr.0000           : MainProcess                     : MainThread     : DEBUG   : start thread
2017-05-30 22:02:08,570: pmgr.0000           : MainProcess                     : pmgr.0000.idler._state_pull_cb: INFO    : child (me) initializing
2017-05-30 22:02:08,570: pmgr.0000           : MainProcess                     : pmgr.0000.idler._state_pull_cb: DEBUG   : ru_initialize_common (NOOP)
2017-05-30 22:02:08,570: pmgr.0000           : MainProcess                     : pmgr.0000.idler._state_pull_cb: DEBUG   : ru_initialize_child (NOOP)
2017-05-30 22:02:08,570: pmgr.0000           : MainProcess                     : pmgr.0000.idler._state_pull_cb: INFO    : send alive
2017-05-30 22:02:08,570: pmgr.0000           : MainProcess                     : pmgr.0000.idler._state_pull_cb: INFO    : send message: alive
2017-05-30 22:02:08,571: pmgr.0000           : MainProcess                     : MainThread     : INFO    : recv message: alive
2017-05-30 22:02:08,571: pmgr.0000           : MainProcess                     : MainThread     : DEBUG   : ru_initialize_common (NOOP)
2017-05-30 22:02:08,571: pmgr.0000           : MainProcess                     : MainThread     : DEBUG   : ru_initialize_parent (NOOP)
2017-05-30 22:02:08,571: pmgr.0000           : MainProcess                     : MainThread     : DEBUG   : child thread pmgr.0000.idler._state_pull_cb started
2017-05-30 22:02:08,571: pmgr.0000           : MainProcess                     : MainThread     : DEBUG   : pmgr.0000 registered idler pmgr.0000.idler._state_pull_cb
2017-05-30 22:02:08,571: pmgr.0000           : MainProcess                     : MainThread     : DEBUG   : START: pmgr.0000 register subscriber pmgr.0000.subscriber._state_sub_cb
2017-05-30 22:02:08,571: pmgr.0000           : MainProcess                     : MainThread     : DEBUG   : using addr tcp://138.201.86.166:34973 for pubsub state_pubsub
2017-05-30 22:02:08,572: pmgr.0000           : MainProcess                     : MainThread     : DEBUG   : start thread
2017-05-30 22:02:08,572: pmgr.0000           : MainProcess                     : pmgr.0000.subscriber._state_sub_cb: INFO    : child (me) initializing
2017-05-30 22:02:08,572: pmgr.0000           : MainProcess                     : pmgr.0000.subscriber._state_sub_cb: DEBUG   : ru_initialize_common (NOOP)
2017-05-30 22:02:08,572: pmgr.0000           : MainProcess                     : pmgr.0000.subscriber._state_sub_cb: DEBUG   : ru_initialize_child (NOOP)
2017-05-30 22:02:08,572: pmgr.0000           : MainProcess                     : pmgr.0000.subscriber._state_sub_cb: INFO    : send alive
2017-05-30 22:02:08,572: pmgr.0000           : MainProcess                     : pmgr.0000.subscriber._state_sub_cb: INFO    : send message: alive
2017-05-30 22:02:08,573: pmgr.0000           : MainProcess                     : MainThread     : INFO    : recv message: alive
2017-05-30 22:02:08,573: pmgr.0000           : MainProcess                     : MainThread     : DEBUG   : ru_initialize_common (NOOP)
2017-05-30 22:02:08,574: pmgr.0000           : MainProcess                     : MainThread     : DEBUG   : ru_initialize_parent (NOOP)
2017-05-30 22:02:08,574: pmgr.0000           : MainProcess                     : MainThread     : DEBUG   : child thread pmgr.0000.subscriber._state_sub_cb started
2017-05-30 22:02:08,574: pmgr.0000           : MainProcess                     : MainThread     : DEBUG   : pmgr.0000 registered state_pubsub subscriber pmgr.0000.subscriber._state_sub_cb
2017-05-30 22:02:09,103: pmgr.0000           : MainProcess                     : MainThread     : DEBUG   : PMGR setup done (      NoneNone) : None
2017-05-30 22:02:10,298: pmgr.0000           : MainProcess                     : MainThread     : DEBUG   : advance bulk size: 1 [False, False]
2017-05-30 22:02:10,298: pmgr.0000           : MainProcess                     : MainThread     : DEBUG   : advance bulk: pilot.0000 [1]
2017-05-30 22:02:10,399: pmgr.0000           : MainProcess                     : MainThread     : INFO    : [Callback]: pilot pilot.0000 state: PMGR_LAUNCHING_PENDING.
2017-05-30 22:02:10,399: pmgr.0000           : MainProcess                     : MainThread     : DEBUG   : advance bulk size: 1 [True, True]
2017-05-30 22:02:10,399: pmgr.0000           : MainProcess                     : MainThread     : DEBUG   : advance bulk: pilot.0000 [1]
2017-05-30 22:02:10,400: pmgr.0000           : MainProcess                     : MainThread     : DEBUG   : bucket: PMGR_LAUNCHING_PENDING : ['pilot.0000']
2017-05-30 22:02:10,400: pmgr.0000           : MainProcess                     : MainThread     : DEBUG   : put bulk PMGR_LAUNCHING_PENDING: 1
2017-05-30 22:02:10,400: pmgr.0000           : MainProcess                     : MainThread     : DEBUG   : push pilot.0000 ---> PMGR_LAUNCHING_PENDING
2017-05-30 22:02:10,403: pmgr.0000           : MainProcess                     : pmgr.0000.subscriber._state_sub_cb: INFO    : [Callback]: pilot pilot.0000 state: PMGR_LAUNCHING.
2017-05-30 22:02:10,404: pmgr.0000           : MainProcess                     : pmgr.0000.subscriber._state_sub_cb: DEBUG   : advance bulk size: 1 [False, False]
2017-05-30 22:02:10,404: pmgr.0000           : MainProcess                     : pmgr.0000.subscriber._state_sub_cb: DEBUG   : advance bulk: pilot.0000 [1]
2017-05-30 22:02:26,575: pmgr.0000           : MainProcess                     : pmgr.0000.subscriber._state_sub_cb: INFO    : [Callback]: pilot pilot.0000 state: PMGR_ACTIVE_PENDING.
2017-05-30 22:02:26,578: pmgr.0000           : MainProcess                     : pmgr.0000.subscriber._state_sub_cb: DEBUG   : advance bulk size: 1 [False, False]
2017-05-30 22:02:26,578: pmgr.0000           : MainProcess                     : pmgr.0000.subscriber._state_sub_cb: DEBUG   : advance bulk: pilot.0000 [1]
2017-05-30 22:06:55,236: pmgr.0000           : MainProcess                     : pmgr.0000.idler._state_pull_cb: INFO    : [Callback]: pilot pilot.0000 state: PMGR_ACTIVE.
2017-05-30 22:06:55,237: pmgr.0000           : MainProcess                     : pmgr.0000.idler._state_pull_cb: DEBUG   : advance bulk size: 1 [False, True]
2017-05-30 22:06:55,237: pmgr.0000           : MainProcess                     : pmgr.0000.idler._state_pull_cb: DEBUG   : advance bulk: pilot.0000 [1]
2017-05-30 22:06:55,238: pmgr.0000           : MainProcess                     : pmgr.0000.idler._state_pull_cb: INFO    : pilot pilot.0000 is PMGR_ACTIVE: None [None]
2017-05-30 22:11:53,213: pmgr.0000           : MainProcess                     : pmgr.0000.idler._state_pull_cb: INFO    : [Callback]: pilot pilot.0000 state: CANCELED.
2017-05-30 22:11:53,213: pmgr.0000           : MainProcess                     : pmgr.0000.idler._state_pull_cb: DEBUG   : advance bulk size: 1 [False, True]
2017-05-30 22:11:53,213: pmgr.0000           : MainProcess                     : pmgr.0000.idler._state_pull_cb: DEBUG   : advance bulk: pilot.0000 [1]
2017-05-30 22:11:53,230: pmgr.0000           : MainProcess                     : MainThread     : DEBUG   : stop pmgr.0000 (16316 : None : MainThread) [radical.pilot.pilot_manager.PilotManager.close]
2017-05-30 22:11:53,230: pmgr.0000           : MainProcess                     : MainThread     : INFO    : parent stops child
2017-05-30 22:11:53,483: pmgr.0000           : MainProcess                     : MainThread     : DEBUG   : ru_finalize_common()
2017-05-30 22:11:53,483: pmgr.0000           : MainProcess                     : MainThread     : DEBUG   : TERM : pmgr.0000 unregister publisher state_pubsub
2017-05-30 22:11:53,484: pmgr.0000           : MainProcess                     : MainThread     : DEBUG   : unregistered publisher state_pubsub
2017-05-30 22:11:53,485: pmgr.0000           : MainProcess                     : MainThread     : DEBUG   : TERM : pmgr.0000 unregister publisher control_pubsub
2017-05-30 22:11:53,486: pmgr.0000           : MainProcess                     : MainThread     : DEBUG   : unregistered publisher control_pubsub
2017-05-30 22:11:53,486: pmgr.0000           : MainProcess                     : MainThread     : DEBUG   : pmgr.0000 close prof
2017-05-30 22:11:53,486: pmgr.0000           : MainProcess                     : MainThread     : INFO    : parent stops child
2017-05-30 22:11:53,487: pmgr.0000           : MainProcess                     : MainThread     : DEBUG   : ru_finalize_parent (NOOP)
2017-05-30 22:11:53,487: pmgr.0000           : MainProcess                     : MainThread     : DEBUG   : ru_finalize_common (NOOP)
2017-05-30 22:11:53,716: pmgr.0000           : MainProcess                     : pmgr.0000.subscriber._state_sub_cb: DEBUG   : ru_finalize_child (NOOP)
2017-05-30 22:11:53,716: pmgr.0000           : MainProcess                     : pmgr.0000.subscriber._state_sub_cb: DEBUG   : ru_finalize_common (NOOP)
2017-05-30 22:11:53,716: pmgr.0000           : MainProcess                     : pmgr.0000.subscriber._state_sub_cb: INFO    : send message: terminating
2017-05-30 22:11:53,752: pmgr.0000           : MainProcess                     : MainThread     : INFO    : parent stops child
2017-05-30 22:11:53,752: pmgr.0000           : MainProcess                     : MainThread     : DEBUG   : ru_finalize_parent (NOOP)
2017-05-30 22:11:53,752: pmgr.0000           : MainProcess                     : MainThread     : DEBUG   : ru_finalize_common (NOOP)
2017-05-30 22:11:53,816: pmgr.0000           : MainProcess                     : pmgr.0000.idler._state_pull_cb: DEBUG   : ru_finalize_child (NOOP)
2017-05-30 22:11:53,816: pmgr.0000           : MainProcess                     : pmgr.0000.idler._state_pull_cb: DEBUG   : ru_finalize_common (NOOP)
2017-05-30 22:11:53,816: pmgr.0000           : MainProcess                     : pmgr.0000.idler._state_pull_cb: INFO    : send message: terminating
2017-05-30 22:11:53,817: pmgr.0000           : MainProcess                     : MainThread     : INFO    : Closed PilotManager pmgr.0000.
2017-05-30 22:11:56,128: pmgr.0000           : MainProcess                     : MainThread     : INFO    : radical.pilot        version: split-81-gf853cc9b@feature-bridges
2017-05-30 22:11:56,128: pmgr.0000           : MainProcess                     : MainThread     : DEBUG   : start process
2017-05-30 22:11:56,128: pmgr.0000           : MainProcess                     : MainThread     : INFO    : radical.pilot        version: split-81-gf853cc9b@feature-bridges
2017-05-30 22:11:56,133: pmgr.0000           : MainProcess                     : MainThread     : INFO    : initialize pmgr.0000
2017-05-30 22:11:56,133: pmgr.0000           : MainProcess                     : MainThread     : INFO    : cfg: {u'bridges': {u'pmgr_launching_queue': {u'bulk_size': 0,
                                        u'log_level': u'debug',
                                        u'stall_hwm': 1}},
 u'components': {u'PMGRLaunchingComponent': {u'count': 1}},
 u'db_poll_sleeptime': 1.0,
 'owner': 'pmgr.0000'}
2017-05-30 22:11:56,133: pmgr.0000           : MainProcess                     : MainThread     : DEBUG   : start bridges   : {u'pmgr_launching_queue': {u'bulk_size': 0,
                           u'log_level': u'debug',
                           u'stall_hwm': 1}}
2017-05-30 22:11:56,133: pmgr.0000           : MainProcess                     : MainThread     : INFO    : create bridge pmgr_launching_queue
2017-05-30 22:11:56,147: pmgr.0000           : MainProcess                     : MainThread     : INFO    : created bridge pmgr_launching_queue (pmgr.launching.queue.bridge)
2017-05-30 22:11:56,147: pmgr.0000           : MainProcess                     : MainThread     : DEBUG   : start components: {u'PMGRLaunchingComponent': {u'count': 1}}
2017-05-30 22:11:56,147: pmgr.0000           : MainProcess                     : MainThread     : DEBUG   : start 1 component(s) PMGRLaunchingComponent
2017-05-30 22:11:56,220: pmgr.0000           : MainProcess                     : MainThread     : INFO    : pmgr.0000                      starts pmgr.launching.0
2017-05-30 22:11:56,220: pmgr.0000           : MainProcess                     : MainThread     : DEBUG   : START: pmgr.0000 register publisher log_pubsub
2017-05-30 22:11:56,221: pmgr.0000           : MainProcess                     : MainThread     : DEBUG   : using addr tcp://138.201.86.166:46414 for pubsub log_pubsub
2017-05-30 22:11:56,222: pmgr.0000           : MainProcess                     : MainThread     : DEBUG   : registered publisher : log_pubsub : log.pubsub.pub
2017-05-30 22:11:56,222: pmgr.0000           : MainProcess                     : MainThread     : DEBUG   : START: pmgr.0000 register publisher state_pubsub
2017-05-30 22:11:56,222: pmgr.0000           : MainProcess                     : MainThread     : DEBUG   : using addr tcp://138.201.86.166:42924 for pubsub state_pubsub
2017-05-30 22:11:56,224: pmgr.0000           : MainProcess                     : MainThread     : DEBUG   : registered publisher : state_pubsub : state.pubsub.pub
2017-05-30 22:11:56,224: pmgr.0000           : MainProcess                     : MainThread     : DEBUG   : START: pmgr.0000 register publisher control_pubsub
2017-05-30 22:11:56,224: pmgr.0000           : MainProcess                     : MainThread     : DEBUG   : using addr tcp://138.201.86.166:33004 for pubsub control_pubsub
2017-05-30 22:11:56,225: pmgr.0000           : MainProcess                     : MainThread     : DEBUG   : registered publisher : control_pubsub : control.pubsub.pub
2017-05-30 22:11:56,226: pmgr.0000           : MainProcess                     : MainThread     : DEBUG   : child process started
2017-05-30 22:11:56,226: pmgr.0000           : MainProcess                     : MainThread     : DEBUG   : START: pmgr.0000 register output PMGR_LAUNCHING_PENDING
2017-05-30 22:11:56,227: pmgr.0000           : MainProcess                     : MainThread     : DEBUG   : using addr tcp://138.201.86.166:44388 for output pmgr_launching_queue
2017-05-30 22:11:56,228: pmgr.0000           : MainProcess                     : MainThread     : DEBUG   : registered output    : PMGR_LAUNCHING_PENDING : pmgr_launching_queue : pmgr.launching.queue.input
2017-05-30 22:11:56,228: pmgr.0000           : MainProcess                     : MainThread     : DEBUG   : START: pmgr.0000 register idler pmgr.0000.idler._state_pull_cb
2017-05-30 22:11:56,229: pmgr.0000           : MainProcess                     : MainThread     : DEBUG   : start thread
2017-05-30 22:11:56,229: pmgr.0000           : MainProcess                     : pmgr.0000.idler._state_pull_cb: INFO    : child (me) initializing
2017-05-30 22:11:56,229: pmgr.0000           : MainProcess                     : pmgr.0000.idler._state_pull_cb: DEBUG   : ru_initialize_common (NOOP)
2017-05-30 22:11:56,230: pmgr.0000           : MainProcess                     : pmgr.0000.idler._state_pull_cb: DEBUG   : ru_initialize_child (NOOP)
2017-05-30 22:11:56,230: pmgr.0000           : MainProcess                     : pmgr.0000.idler._state_pull_cb: INFO    : send alive
2017-05-30 22:11:56,230: pmgr.0000           : MainProcess                     : pmgr.0000.idler._state_pull_cb: INFO    : send message: alive
2017-05-30 22:11:56,231: pmgr.0000           : MainProcess                     : MainThread     : INFO    : recv message: alive
2017-05-30 22:11:56,231: pmgr.0000           : MainProcess                     : MainThread     : DEBUG   : ru_initialize_common (NOOP)
2017-05-30 22:11:56,231: pmgr.0000           : MainProcess                     : MainThread     : DEBUG   : ru_initialize_parent (NOOP)
2017-05-30 22:11:56,232: pmgr.0000           : MainProcess                     : MainThread     : DEBUG   : child thread pmgr.0000.idler._state_pull_cb started
2017-05-30 22:11:56,232: pmgr.0000           : MainProcess                     : MainThread     : DEBUG   : pmgr.0000 registered idler pmgr.0000.idler._state_pull_cb
2017-05-30 22:11:56,232: pmgr.0000           : MainProcess                     : MainThread     : DEBUG   : START: pmgr.0000 register subscriber pmgr.0000.subscriber._state_sub_cb
2017-05-30 22:11:56,232: pmgr.0000           : MainProcess                     : MainThread     : DEBUG   : using addr tcp://138.201.86.166:37800 for pubsub state_pubsub
2017-05-30 22:11:56,234: pmgr.0000           : MainProcess                     : MainThread     : DEBUG   : start thread
2017-05-30 22:11:56,234: pmgr.0000           : MainProcess                     : pmgr.0000.subscriber._state_sub_cb: INFO    : child (me) initializing
2017-05-30 22:11:56,235: pmgr.0000           : MainProcess                     : pmgr.0000.subscriber._state_sub_cb: DEBUG   : ru_initialize_common (NOOP)
2017-05-30 22:11:56,235: pmgr.0000           : MainProcess                     : pmgr.0000.subscriber._state_sub_cb: DEBUG   : ru_initialize_child (NOOP)
2017-05-30 22:11:56,235: pmgr.0000           : MainProcess                     : pmgr.0000.subscriber._state_sub_cb: INFO    : send alive
2017-05-30 22:11:56,235: pmgr.0000           : MainProcess                     : pmgr.0000.subscriber._state_sub_cb: INFO    : send message: alive
2017-05-30 22:11:56,236: pmgr.0000           : MainProcess                     : MainThread     : INFO    : recv message: alive
2017-05-30 22:11:56,236: pmgr.0000           : MainProcess                     : MainThread     : DEBUG   : ru_initialize_common (NOOP)
2017-05-30 22:11:56,236: pmgr.0000           : MainProcess                     : MainThread     : DEBUG   : ru_initialize_parent (NOOP)
2017-05-30 22:11:56,236: pmgr.0000           : MainProcess                     : MainThread     : DEBUG   : child thread pmgr.0000.subscriber._state_sub_cb started
2017-05-30 22:11:56,237: pmgr.0000           : MainProcess                     : MainThread     : DEBUG   : pmgr.0000 registered state_pubsub subscriber pmgr.0000.subscriber._state_sub_cb
2017-05-30 22:11:56,748: pmgr.0000           : MainProcess                     : MainThread     : DEBUG   : PMGR setup done (      NoneNone) : None
2017-05-30 22:11:57,939: pmgr.0000           : MainProcess                     : MainThread     : DEBUG   : advance bulk size: 1 [False, False]
2017-05-30 22:11:57,940: pmgr.0000           : MainProcess                     : MainThread     : DEBUG   : advance bulk: pilot.0000 [1]
2017-05-30 22:11:58,041: pmgr.0000           : MainProcess                     : MainThread     : INFO    : [Callback]: pilot pilot.0000 state: PMGR_LAUNCHING_PENDING.
2017-05-30 22:11:58,042: pmgr.0000           : MainProcess                     : MainThread     : DEBUG   : advance bulk size: 1 [True, True]
2017-05-30 22:11:58,042: pmgr.0000           : MainProcess                     : MainThread     : DEBUG   : advance bulk: pilot.0000 [1]
2017-05-30 22:11:58,043: pmgr.0000           : MainProcess                     : MainThread     : DEBUG   : bucket: PMGR_LAUNCHING_PENDING : ['pilot.0000']
2017-05-30 22:11:58,043: pmgr.0000           : MainProcess                     : MainThread     : DEBUG   : put bulk PMGR_LAUNCHING_PENDING: 1
2017-05-30 22:11:58,043: pmgr.0000           : MainProcess                     : MainThread     : DEBUG   : push pilot.0000 ---> PMGR_LAUNCHING_PENDING
2017-05-30 22:11:58,046: pmgr.0000           : MainProcess                     : pmgr.0000.subscriber._state_sub_cb: INFO    : [Callback]: pilot pilot.0000 state: PMGR_LAUNCHING.
2017-05-30 22:11:58,048: pmgr.0000           : MainProcess                     : pmgr.0000.subscriber._state_sub_cb: DEBUG   : advance bulk size: 1 [False, False]
2017-05-30 22:11:58,048: pmgr.0000           : MainProcess                     : pmgr.0000.subscriber._state_sub_cb: DEBUG   : advance bulk: pilot.0000 [1]
2017-05-30 22:12:14,605: pmgr.0000           : MainProcess                     : pmgr.0000.subscriber._state_sub_cb: INFO    : [Callback]: pilot pilot.0000 state: PMGR_ACTIVE_PENDING.
2017-05-30 22:12:14,607: pmgr.0000           : MainProcess                     : pmgr.0000.subscriber._state_sub_cb: DEBUG   : advance bulk size: 1 [False, False]
2017-05-30 22:12:14,607: pmgr.0000           : MainProcess                     : pmgr.0000.subscriber._state_sub_cb: DEBUG   : advance bulk: pilot.0000 [1]
2017-05-30 22:13:28,876: pmgr.0000           : MainProcess                     : MainThread     : DEBUG   : wait timed out
2017-05-30 22:13:28,877: pmgr.0000           : MainProcess                     : MainThread     : DEBUG   : stop pmgr.0000 (16316 : None : MainThread) [radical.pilot.pilot_manager.PilotManager.close]
2017-05-30 22:13:28,877: pmgr.0000           : MainProcess                     : MainThread     : INFO    : parent stops child
2017-05-30 22:13:28,882: pmgr.0000           : MainProcess                     : MainThread     : DEBUG   : ru_finalize_common()
2017-05-30 22:13:28,882: pmgr.0000           : MainProcess                     : MainThread     : DEBUG   : TERM : pmgr.0000 unregister publisher state_pubsub
2017-05-30 22:13:28,882: pmgr.0000           : MainProcess                     : MainThread     : DEBUG   : unregistered publisher state_pubsub
2017-05-30 22:13:28,883: pmgr.0000           : MainProcess                     : MainThread     : DEBUG   : TERM : pmgr.0000 unregister publisher control_pubsub
2017-05-30 22:13:29,134: pmgr.0000           : MainProcess                     : MainThread     : DEBUG   : unregistered publisher control_pubsub
2017-05-30 22:13:29,134: pmgr.0000           : MainProcess                     : MainThread     : DEBUG   : pmgr.0000 close prof
2017-05-30 22:13:29,135: pmgr.0000           : MainProcess                     : MainThread     : INFO    : parent stops child
2017-05-30 22:13:29,135: pmgr.0000           : MainProcess                     : MainThread     : DEBUG   : ru_finalize_parent (NOOP)
2017-05-30 22:13:29,135: pmgr.0000           : MainProcess                     : MainThread     : DEBUG   : ru_finalize_common (NOOP)
2017-05-30 22:13:29,207: pmgr.0000           : MainProcess                     : pmgr.0000.subscriber._state_sub_cb: DEBUG   : ru_finalize_child (NOOP)
2017-05-30 22:13:29,207: pmgr.0000           : MainProcess                     : pmgr.0000.subscriber._state_sub_cb: DEBUG   : ru_finalize_common (NOOP)
2017-05-30 22:13:29,276: pmgr.0000           : MainProcess                     : pmgr.0000.subscriber._state_sub_cb: INFO    : send message: terminating
2017-05-30 22:13:29,299: pmgr.0000           : MainProcess                     : MainThread     : INFO    : parent stops child
2017-05-30 22:13:29,300: pmgr.0000           : MainProcess                     : MainThread     : DEBUG   : ru_finalize_parent (NOOP)
2017-05-30 22:13:29,300: pmgr.0000           : MainProcess                     : MainThread     : DEBUG   : ru_finalize_common (NOOP)
2017-05-30 22:13:29,346: pmgr.0000           : MainProcess                     : pmgr.0000.idler._state_pull_cb: DEBUG   : ru_finalize_child (NOOP)
2017-05-30 22:13:29,347: pmgr.0000           : MainProcess                     : pmgr.0000.idler._state_pull_cb: DEBUG   : ru_finalize_common (NOOP)
2017-05-30 22:13:29,347: pmgr.0000           : MainProcess                     : pmgr.0000.idler._state_pull_cb: INFO    : send message: terminating
2017-05-30 22:13:29,364: pmgr.0000           : MainProcess                     : MainThread     : INFO    : Closed PilotManager pmgr.0000.
