2017-05-30 21:46:00,402: pmgr.launching.0    : MainProcess                     : MainThread     : INFO    : python.interpreter   version: 2.7.12 (default, Nov 19 2016, 06:48:10) [GCC 5.4.0 20160609]
2017-05-30 21:46:00,402: pmgr.launching.0    : MainProcess                     : MainThread     : INFO    :                      pid: 16316
2017-05-30 21:46:00,402: pmgr.launching.0    : MainProcess                     : MainThread     : INFO    :                      tid: MainThread
2017-05-30 21:46:00,402: pmgr.launching.0    : MainProcess                     : MainThread     : INFO    : radical.pilot        version: split-81-gf853cc9b@feature-bridges
2017-05-30 21:46:00,402: pmgr.launching.0    : MainProcess                     : MainThread     : DEBUG   : start process
2017-05-30 21:46:00,406: pmgr.launching.0    : pmgr.launching.0                : MainThread     : INFO    : child (me) initializing
2017-05-30 21:46:00,406: pmgr.launching.0    : pmgr.launching.0                : MainThread     : DEBUG   : start thread
2017-05-30 21:46:00,406: pmgr.launching.0    : pmgr.launching.0                : pmgr.launching.0.child.watch: INFO    : child (me) initializing
2017-05-30 21:46:00,406: pmgr.launching.0    : pmgr.launching.0                : pmgr.launching.0.child.watch: DEBUG   : ru_initialize_common (NOOP)
2017-05-30 21:46:00,406: pmgr.launching.0    : pmgr.launching.0                : pmgr.launching.0.child.watch: DEBUG   : ru_initialize_child (NOOP)
2017-05-30 21:46:00,407: pmgr.launching.0    : pmgr.launching.0                : pmgr.launching.0.child.watch: INFO    : send alive
2017-05-30 21:46:00,407: pmgr.launching.0    : pmgr.launching.0                : pmgr.launching.0.child.watch: INFO    : send message: alive
2017-05-30 21:46:00,407: pmgr.launching.0    : pmgr.launching.0                : MainThread     : INFO    : recv message: alive
2017-05-30 21:46:00,408: pmgr.launching.0    : pmgr.launching.0                : MainThread     : DEBUG   : ru_initialize_common (NOOP)
2017-05-30 21:46:00,408: pmgr.launching.0    : pmgr.launching.0                : MainThread     : DEBUG   : ru_initialize_parent (NOOP)
2017-05-30 21:46:00,408: pmgr.launching.0    : pmgr.launching.0                : MainThread     : DEBUG   : child thread pmgr.launching.0.child.watch started
2017-05-30 21:46:00,408: pmgr.launching.0    : pmgr.launching.0                : MainThread     : INFO    : child (me) is alive
2017-05-30 21:46:00,494: pmgr.launching.0    : pmgr.launching.0                : MainThread     : INFO    : send alive
2017-05-30 21:46:00,495: pmgr.launching.0    : pmgr.launching.0                : MainThread     : INFO    : send message: alive
2017-05-30 21:46:00,495: pmgr.launching.0    : MainProcess                     : MainThread     : INFO    : recv message: alive
2017-05-30 21:46:00,496: pmgr.launching.0    : MainProcess                     : MainThread     : DEBUG   : start thread
2017-05-30 21:46:00,496: pmgr.launching.0    : MainProcess                     : pmgr.launching.0.watch: INFO    : child (me) initializing
2017-05-30 21:46:00,496: pmgr.launching.0    : MainProcess                     : pmgr.launching.0.watch: DEBUG   : ru_initialize_common (NOOP)
2017-05-30 21:46:00,497: pmgr.launching.0    : MainProcess                     : pmgr.launching.0.watch: DEBUG   : ru_initialize_child (NOOP)
2017-05-30 21:46:00,497: pmgr.launching.0    : MainProcess                     : pmgr.launching.0.watch: INFO    : send alive
2017-05-30 21:46:00,497: pmgr.launching.0    : MainProcess                     : pmgr.launching.0.watch: INFO    : send message: alive
2017-05-30 21:46:00,498: pmgr.launching.0    : MainProcess                     : MainThread     : INFO    : recv message: alive
2017-05-30 21:46:00,498: pmgr.launching.0    : MainProcess                     : MainThread     : DEBUG   : ru_initialize_common (NOOP)
2017-05-30 21:46:00,498: pmgr.launching.0    : MainProcess                     : MainThread     : DEBUG   : ru_initialize_parent (NOOP)
2017-05-30 21:46:00,498: pmgr.launching.0    : MainProcess                     : MainThread     : DEBUG   : child thread pmgr.launching.0.watch started
2017-05-30 21:46:00,498: pmgr.launching.0    : MainProcess                     : MainThread     : INFO    : child is alive
2017-05-30 21:46:00,498: pmgr.launching.0    : MainProcess                     : MainThread     : INFO    : radical.pilot        version: split-81-gf853cc9b@feature-bridges
2017-05-30 21:46:00,630: pmgr.launching.0    : MainProcess                     : MainThread     : INFO    : initialize pmgr.launching.0
2017-05-30 21:46:00,634: pmgr.launching.0    : MainProcess                     : MainThread     : INFO    : cfg: {'agents': {},
 u'bridges': {u'control_pubsub': {'addr_in': 'tcp://138.201.86.166:43795',
                                  'addr_out': 'tcp://138.201.86.166:45433',
                                  u'bulk_size': 0,
                                  u'log_level': u'debug',
                                  u'stall_hwm': 1},
              u'log_pubsub': {'addr_in': 'tcp://138.201.86.166:44883',
                              'addr_out': 'tcp://138.201.86.166:35663',
                              u'bulk_size': 0,
                              u'log_level': u'debug',
                              u'stall_hwm': 1},
              u'pmgr_launching_queue': {'addr_in': 'tcp://138.201.86.166:42391',
                                        'addr_out': 'tcp://138.201.86.166:44569',
                                        u'bulk_size': 0,
                                        u'log_level': u'debug',
                                        u'stall_hwm': 1},
              u'state_pubsub': {'addr_in': 'tcp://138.201.86.166:39610',
                                'addr_out': 'tcp://138.201.86.166:34583',
                                u'bulk_size': 0,
                                u'log_level': u'debug',
                                u'stall_hwm': 1}},
 'cname': u'PMGRLaunchingComponent',
 u'components': {},
 u'count': 1,
 u'db_poll_sleeptime': 1.0,
 'number': 0,
 'owner': 'pmgr.0000',
 'uid': 'pmgr.0000'}
2017-05-30 21:46:00,634: pmgr.launching.0    : MainProcess                     : MainThread     : DEBUG   : START: pmgr.launching.0 register publisher log_pubsub
2017-05-30 21:46:00,635: pmgr.launching.0    : MainProcess                     : MainThread     : DEBUG   : using addr tcp://138.201.86.166:44883 for pubsub log_pubsub
2017-05-30 21:46:00,636: pmgr.launching.0    : MainProcess                     : MainThread     : DEBUG   : registered publisher : log_pubsub : log.pubsub.pub
2017-05-30 21:46:00,637: pmgr.launching.0    : MainProcess                     : MainThread     : DEBUG   : START: pmgr.launching.0 register publisher state_pubsub
2017-05-30 21:46:00,637: pmgr.launching.0    : MainProcess                     : MainThread     : DEBUG   : using addr tcp://138.201.86.166:39610 for pubsub state_pubsub
2017-05-30 21:46:00,638: pmgr.launching.0    : MainProcess                     : MainThread     : DEBUG   : registered publisher : state_pubsub : state.pubsub.pub
2017-05-30 21:46:00,639: pmgr.launching.0    : MainProcess                     : MainThread     : DEBUG   : START: pmgr.launching.0 register publisher control_pubsub
2017-05-30 21:46:00,639: pmgr.launching.0    : MainProcess                     : MainThread     : DEBUG   : using addr tcp://138.201.86.166:43795 for pubsub control_pubsub
2017-05-30 21:46:00,640: pmgr.launching.0    : MainProcess                     : MainThread     : DEBUG   : registered publisher : control_pubsub : control.pubsub.pub
2017-05-30 21:46:00,640: pmgr.launching.0    : MainProcess                     : MainThread     : DEBUG   : child process started
2017-05-30 22:02:04,702: pmgr.launching.0    : MainProcess                     : MainThread     : DEBUG   : stop pmgr.launching.0 (16316 : 16384 : MainThread) [radical.pilot.pilot_manager.PilotManager.finalize_parent]
2017-05-30 22:02:04,702: pmgr.launching.0    : MainProcess                     : MainThread     : INFO    : parent stops child
2017-05-30 22:02:04,702: pmgr.launching.0    : MainProcess                     : MainThread     : DEBUG   : ru_finalize_common()
2017-05-30 22:02:04,702: pmgr.launching.0    : MainProcess                     : MainThread     : DEBUG   : TERM : pmgr.launching.0 unregister publisher state_pubsub
2017-05-30 22:02:04,703: pmgr.launching.0    : MainProcess                     : MainThread     : DEBUG   : unregistered publisher state_pubsub
2017-05-30 22:02:04,703: pmgr.launching.0    : MainProcess                     : MainThread     : DEBUG   : TERM : pmgr.launching.0 unregister publisher control_pubsub
2017-05-30 22:02:04,704: pmgr.launching.0    : MainProcess                     : MainThread     : DEBUG   : unregistered publisher control_pubsub
2017-05-30 22:02:04,704: pmgr.launching.0    : MainProcess                     : MainThread     : DEBUG   : pmgr.launching.0 close prof
2017-05-30 22:02:04,704: pmgr.launching.0    : MainProcess                     : MainThread     : INFO    : parent stops child
2017-05-30 22:02:04,704: pmgr.launching.0    : MainProcess                     : MainThread     : DEBUG   : ru_finalize_parent (NOOP)
2017-05-30 22:02:04,704: pmgr.launching.0    : MainProcess                     : MainThread     : DEBUG   : ru_finalize_common (NOOP)
2017-05-30 22:02:04,797: pmgr.launching.0    : MainProcess                     : pmgr.launching.0.watch: INFO    : send message: work finished
2017-05-30 22:02:04,798: pmgr.launching.0    : MainProcess                     : pmgr.launching.0.watch: DEBUG   : ru_finalize_child (NOOP)
2017-05-30 22:02:04,798: pmgr.launching.0    : MainProcess                     : pmgr.launching.0.watch: DEBUG   : ru_finalize_common (NOOP)
2017-05-30 22:02:04,799: pmgr.launching.0    : MainProcess                     : pmgr.launching.0.watch: INFO    : send message: terminating
2017-05-30 22:02:04,918: pmgr.launching.0    : MainProcess                     : MainThread     : WARNING : failed to stop child - terminate
2017-05-30 22:02:08,357: pmgr.launching.0    : MainProcess                     : MainThread     : INFO    : radical.pilot        version: split-81-gf853cc9b@feature-bridges
2017-05-30 22:02:08,357: pmgr.launching.0    : MainProcess                     : MainThread     : DEBUG   : start process
2017-05-30 22:02:08,363: pmgr.launching.0    : pmgr.launching.0                : MainThread     : INFO    : child (me) initializing
2017-05-30 22:02:08,364: pmgr.launching.0    : pmgr.launching.0                : MainThread     : DEBUG   : start thread
2017-05-30 22:02:08,364: pmgr.launching.0    : pmgr.launching.0                : pmgr.launching.0.child.watch: INFO    : child (me) initializing
2017-05-30 22:02:08,364: pmgr.launching.0    : pmgr.launching.0                : pmgr.launching.0.child.watch: DEBUG   : ru_initialize_common (NOOP)
2017-05-30 22:02:08,364: pmgr.launching.0    : pmgr.launching.0                : pmgr.launching.0.child.watch: DEBUG   : ru_initialize_child (NOOP)
2017-05-30 22:02:08,364: pmgr.launching.0    : pmgr.launching.0                : pmgr.launching.0.child.watch: INFO    : send alive
2017-05-30 22:02:08,364: pmgr.launching.0    : pmgr.launching.0                : pmgr.launching.0.child.watch: INFO    : send message: alive
2017-05-30 22:02:08,365: pmgr.launching.0    : pmgr.launching.0                : MainThread     : INFO    : recv message: alive
2017-05-30 22:02:08,365: pmgr.launching.0    : pmgr.launching.0                : MainThread     : DEBUG   : ru_initialize_common (NOOP)
2017-05-30 22:02:08,365: pmgr.launching.0    : pmgr.launching.0                : MainThread     : DEBUG   : ru_initialize_parent (NOOP)
2017-05-30 22:02:08,365: pmgr.launching.0    : pmgr.launching.0                : MainThread     : DEBUG   : child thread pmgr.launching.0.child.watch started
2017-05-30 22:02:08,365: pmgr.launching.0    : pmgr.launching.0                : MainThread     : INFO    : child (me) is alive
2017-05-30 22:02:08,389: pmgr.launching.0    : pmgr.launching.0                : MainThread     : INFO    : send alive
2017-05-30 22:02:08,390: pmgr.launching.0    : pmgr.launching.0                : MainThread     : INFO    : send message: alive
2017-05-30 22:02:08,390: pmgr.launching.0    : MainProcess                     : MainThread     : INFO    : recv message: alive
2017-05-30 22:02:08,390: pmgr.launching.0    : MainProcess                     : MainThread     : DEBUG   : start thread
2017-05-30 22:02:08,390: pmgr.launching.0    : MainProcess                     : pmgr.launching.0.watch: INFO    : child (me) initializing
2017-05-30 22:02:08,391: pmgr.launching.0    : MainProcess                     : pmgr.launching.0.watch: DEBUG   : ru_initialize_common (NOOP)
2017-05-30 22:02:08,391: pmgr.launching.0    : MainProcess                     : pmgr.launching.0.watch: DEBUG   : ru_initialize_child (NOOP)
2017-05-30 22:02:08,391: pmgr.launching.0    : MainProcess                     : pmgr.launching.0.watch: INFO    : send alive
2017-05-30 22:02:08,391: pmgr.launching.0    : MainProcess                     : pmgr.launching.0.watch: INFO    : send message: alive
2017-05-30 22:02:08,392: pmgr.launching.0    : MainProcess                     : MainThread     : INFO    : recv message: alive
2017-05-30 22:02:08,392: pmgr.launching.0    : MainProcess                     : MainThread     : DEBUG   : ru_initialize_common (NOOP)
2017-05-30 22:02:08,392: pmgr.launching.0    : MainProcess                     : MainThread     : DEBUG   : ru_initialize_parent (NOOP)
2017-05-30 22:02:08,392: pmgr.launching.0    : MainProcess                     : MainThread     : DEBUG   : child thread pmgr.launching.0.watch started
2017-05-30 22:02:08,392: pmgr.launching.0    : MainProcess                     : MainThread     : INFO    : child is alive
2017-05-30 22:02:08,392: pmgr.launching.0    : MainProcess                     : MainThread     : INFO    : radical.pilot        version: split-81-gf853cc9b@feature-bridges
2017-05-30 22:02:08,561: pmgr.launching.0    : MainProcess                     : MainThread     : INFO    : initialize pmgr.launching.0
2017-05-30 22:02:08,565: pmgr.launching.0    : MainProcess                     : MainThread     : INFO    : cfg: {'agents': {},
 u'bridges': {u'control_pubsub': {'addr_in': 'tcp://138.201.86.166:38121',
                                  'addr_out': 'tcp://138.201.86.166:37013',
                                  u'bulk_size': 0,
                                  u'log_level': u'debug',
                                  u'stall_hwm': 1},
              u'log_pubsub': {'addr_in': 'tcp://138.201.86.166:45767',
                              'addr_out': 'tcp://138.201.86.166:46787',
                              u'bulk_size': 0,
                              u'log_level': u'debug',
                              u'stall_hwm': 1},
              u'pmgr_launching_queue': {'addr_in': 'tcp://138.201.86.166:34345',
                                        'addr_out': 'tcp://138.201.86.166:37063',
                                        u'bulk_size': 0,
                                        u'log_level': u'debug',
                                        u'stall_hwm': 1},
              u'state_pubsub': {'addr_in': 'tcp://138.201.86.166:44244',
                                'addr_out': 'tcp://138.201.86.166:34973',
                                u'bulk_size': 0,
                                u'log_level': u'debug',
                                u'stall_hwm': 1}},
 'cname': u'PMGRLaunchingComponent',
 u'components': {},
 u'count': 1,
 u'db_poll_sleeptime': 1.0,
 'number': 0,
 'owner': 'pmgr.0000',
 'uid': 'pmgr.0000'}
2017-05-30 22:02:08,565: pmgr.launching.0    : MainProcess                     : MainThread     : DEBUG   : START: pmgr.launching.0 register publisher log_pubsub
2017-05-30 22:02:08,565: pmgr.launching.0    : MainProcess                     : MainThread     : DEBUG   : using addr tcp://138.201.86.166:45767 for pubsub log_pubsub
2017-05-30 22:02:08,565: pmgr.launching.0    : MainProcess                     : MainThread     : DEBUG   : registered publisher : log_pubsub : log.pubsub.pub
2017-05-30 22:02:08,565: pmgr.launching.0    : MainProcess                     : MainThread     : DEBUG   : START: pmgr.launching.0 register publisher state_pubsub
2017-05-30 22:02:08,566: pmgr.launching.0    : MainProcess                     : MainThread     : DEBUG   : using addr tcp://138.201.86.166:44244 for pubsub state_pubsub
2017-05-30 22:02:08,566: pmgr.launching.0    : MainProcess                     : MainThread     : DEBUG   : registered publisher : state_pubsub : state.pubsub.pub
2017-05-30 22:02:08,566: pmgr.launching.0    : MainProcess                     : MainThread     : DEBUG   : START: pmgr.launching.0 register publisher control_pubsub
2017-05-30 22:02:08,566: pmgr.launching.0    : MainProcess                     : MainThread     : DEBUG   : using addr tcp://138.201.86.166:38121 for pubsub control_pubsub
2017-05-30 22:02:08,567: pmgr.launching.0    : MainProcess                     : MainThread     : DEBUG   : registered publisher : control_pubsub : control.pubsub.pub
2017-05-30 22:02:08,567: pmgr.launching.0    : MainProcess                     : MainThread     : DEBUG   : child process started
2017-05-30 22:11:53,231: pmgr.launching.0    : MainProcess                     : MainThread     : DEBUG   : stop pmgr.launching.0 (16316 : 20802 : MainThread) [radical.pilot.pilot_manager.PilotManager.finalize_parent]
2017-05-30 22:11:53,231: pmgr.launching.0    : MainProcess                     : MainThread     : INFO    : parent stops child
2017-05-30 22:11:53,232: pmgr.launching.0    : MainProcess                     : MainThread     : DEBUG   : ru_finalize_common()
2017-05-30 22:11:53,232: pmgr.launching.0    : MainProcess                     : MainThread     : DEBUG   : TERM : pmgr.launching.0 unregister publisher state_pubsub
2017-05-30 22:11:53,233: pmgr.launching.0    : MainProcess                     : MainThread     : DEBUG   : unregistered publisher state_pubsub
2017-05-30 22:11:53,233: pmgr.launching.0    : MainProcess                     : MainThread     : DEBUG   : TERM : pmgr.launching.0 unregister publisher control_pubsub
2017-05-30 22:11:53,234: pmgr.launching.0    : MainProcess                     : MainThread     : DEBUG   : unregistered publisher control_pubsub
2017-05-30 22:11:53,234: pmgr.launching.0    : MainProcess                     : MainThread     : DEBUG   : pmgr.launching.0 close prof
2017-05-30 22:11:53,234: pmgr.launching.0    : MainProcess                     : MainThread     : INFO    : parent stops child
2017-05-30 22:11:53,234: pmgr.launching.0    : MainProcess                     : MainThread     : DEBUG   : ru_finalize_parent (NOOP)
2017-05-30 22:11:53,234: pmgr.launching.0    : MainProcess                     : MainThread     : DEBUG   : ru_finalize_common (NOOP)
2017-05-30 22:11:53,235: pmgr.launching.0    : MainProcess                     : pmgr.launching.0.watch: INFO    : send message: work finished
2017-05-30 22:11:53,236: pmgr.launching.0    : MainProcess                     : pmgr.launching.0.watch: DEBUG   : ru_finalize_child (NOOP)
2017-05-30 22:11:53,236: pmgr.launching.0    : MainProcess                     : pmgr.launching.0.watch: DEBUG   : ru_finalize_common (NOOP)
2017-05-30 22:11:53,236: pmgr.launching.0    : MainProcess                     : pmgr.launching.0.watch: INFO    : send message: terminating
2017-05-30 22:11:53,338: pmgr.launching.0    : MainProcess                     : MainThread     : WARNING : failed to stop child - terminate
2017-05-30 22:11:56,148: pmgr.launching.0    : MainProcess                     : MainThread     : INFO    : radical.pilot        version: split-81-gf853cc9b@feature-bridges
2017-05-30 22:11:56,148: pmgr.launching.0    : MainProcess                     : MainThread     : DEBUG   : start process
2017-05-30 22:11:56,154: pmgr.launching.0    : pmgr.launching.0                : MainThread     : INFO    : child (me) initializing
2017-05-30 22:11:56,155: pmgr.launching.0    : pmgr.launching.0                : MainThread     : DEBUG   : start thread
2017-05-30 22:11:56,155: pmgr.launching.0    : pmgr.launching.0                : pmgr.launching.0.child.watch: INFO    : child (me) initializing
2017-05-30 22:11:56,155: pmgr.launching.0    : pmgr.launching.0                : pmgr.launching.0.child.watch: DEBUG   : ru_initialize_common (NOOP)
2017-05-30 22:11:56,155: pmgr.launching.0    : pmgr.launching.0                : pmgr.launching.0.child.watch: DEBUG   : ru_initialize_child (NOOP)
2017-05-30 22:11:56,155: pmgr.launching.0    : pmgr.launching.0                : pmgr.launching.0.child.watch: INFO    : send alive
2017-05-30 22:11:56,155: pmgr.launching.0    : pmgr.launching.0                : pmgr.launching.0.child.watch: INFO    : send message: alive
2017-05-30 22:11:56,156: pmgr.launching.0    : pmgr.launching.0                : MainThread     : INFO    : recv message: alive
2017-05-30 22:11:56,156: pmgr.launching.0    : pmgr.launching.0                : MainThread     : DEBUG   : ru_initialize_common (NOOP)
2017-05-30 22:11:56,156: pmgr.launching.0    : pmgr.launching.0                : MainThread     : DEBUG   : ru_initialize_parent (NOOP)
2017-05-30 22:11:56,156: pmgr.launching.0    : pmgr.launching.0                : MainThread     : DEBUG   : child thread pmgr.launching.0.child.watch started
2017-05-30 22:11:56,156: pmgr.launching.0    : pmgr.launching.0                : MainThread     : INFO    : child (me) is alive
2017-05-30 22:11:56,175: pmgr.launching.0    : pmgr.launching.0                : MainThread     : INFO    : send alive
2017-05-30 22:11:56,175: pmgr.launching.0    : pmgr.launching.0                : MainThread     : INFO    : send message: alive
2017-05-30 22:11:56,175: pmgr.launching.0    : MainProcess                     : MainThread     : INFO    : recv message: alive
2017-05-30 22:11:56,176: pmgr.launching.0    : MainProcess                     : MainThread     : DEBUG   : start thread
2017-05-30 22:11:56,176: pmgr.launching.0    : MainProcess                     : pmgr.launching.0.watch: INFO    : child (me) initializing
2017-05-30 22:11:56,176: pmgr.launching.0    : MainProcess                     : pmgr.launching.0.watch: DEBUG   : ru_initialize_common (NOOP)
2017-05-30 22:11:56,176: pmgr.launching.0    : MainProcess                     : pmgr.launching.0.watch: DEBUG   : ru_initialize_child (NOOP)
2017-05-30 22:11:56,176: pmgr.launching.0    : MainProcess                     : pmgr.launching.0.watch: INFO    : send alive
2017-05-30 22:11:56,176: pmgr.launching.0    : MainProcess                     : pmgr.launching.0.watch: INFO    : send message: alive
2017-05-30 22:11:56,177: pmgr.launching.0    : MainProcess                     : MainThread     : INFO    : recv message: alive
2017-05-30 22:11:56,177: pmgr.launching.0    : MainProcess                     : MainThread     : DEBUG   : ru_initialize_common (NOOP)
2017-05-30 22:11:56,178: pmgr.launching.0    : MainProcess                     : MainThread     : DEBUG   : ru_initialize_parent (NOOP)
2017-05-30 22:11:56,178: pmgr.launching.0    : MainProcess                     : MainThread     : DEBUG   : child thread pmgr.launching.0.watch started
2017-05-30 22:11:56,178: pmgr.launching.0    : MainProcess                     : MainThread     : INFO    : child is alive
2017-05-30 22:11:56,178: pmgr.launching.0    : MainProcess                     : MainThread     : INFO    : radical.pilot        version: split-81-gf853cc9b@feature-bridges
2017-05-30 22:11:56,210: pmgr.launching.0    : MainProcess                     : MainThread     : INFO    : initialize pmgr.launching.0
2017-05-30 22:11:56,213: pmgr.launching.0    : MainProcess                     : MainThread     : INFO    : cfg: {'agents': {},
 u'bridges': {u'control_pubsub': {'addr_in': 'tcp://138.201.86.166:33004',
                                  'addr_out': 'tcp://138.201.86.166:44976',
                                  u'bulk_size': 0,
                                  u'log_level': u'debug',
                                  u'stall_hwm': 1},
              u'log_pubsub': {'addr_in': 'tcp://138.201.86.166:46414',
                              'addr_out': 'tcp://138.201.86.166:33366',
                              u'bulk_size': 0,
                              u'log_level': u'debug',
                              u'stall_hwm': 1},
              u'pmgr_launching_queue': {'addr_in': 'tcp://138.201.86.166:44388',
                                        'addr_out': 'tcp://138.201.86.166:44425',
                                        u'bulk_size': 0,
                                        u'log_level': u'debug',
                                        u'stall_hwm': 1},
              u'state_pubsub': {'addr_in': 'tcp://138.201.86.166:42924',
                                'addr_out': 'tcp://138.201.86.166:37800',
                                u'bulk_size': 0,
                                u'log_level': u'debug',
                                u'stall_hwm': 1}},
 'cname': u'PMGRLaunchingComponent',
 u'components': {},
 u'count': 1,
 u'db_poll_sleeptime': 1.0,
 'number': 0,
 'owner': 'pmgr.0000',
 'uid': 'pmgr.0000'}
2017-05-30 22:11:56,214: pmgr.launching.0    : MainProcess                     : MainThread     : DEBUG   : START: pmgr.launching.0 register publisher log_pubsub
2017-05-30 22:11:56,214: pmgr.launching.0    : MainProcess                     : MainThread     : DEBUG   : using addr tcp://138.201.86.166:46414 for pubsub log_pubsub
2017-05-30 22:11:56,215: pmgr.launching.0    : MainProcess                     : MainThread     : DEBUG   : registered publisher : log_pubsub : log.pubsub.pub
2017-05-30 22:11:56,216: pmgr.launching.0    : MainProcess                     : MainThread     : DEBUG   : START: pmgr.launching.0 register publisher state_pubsub
2017-05-30 22:11:56,216: pmgr.launching.0    : MainProcess                     : MainThread     : DEBUG   : using addr tcp://138.201.86.166:42924 for pubsub state_pubsub
2017-05-30 22:11:56,217: pmgr.launching.0    : MainProcess                     : MainThread     : DEBUG   : registered publisher : state_pubsub : state.pubsub.pub
2017-05-30 22:11:56,217: pmgr.launching.0    : MainProcess                     : MainThread     : DEBUG   : START: pmgr.launching.0 register publisher control_pubsub
2017-05-30 22:11:56,217: pmgr.launching.0    : MainProcess                     : MainThread     : DEBUG   : using addr tcp://138.201.86.166:33004 for pubsub control_pubsub
2017-05-30 22:11:56,219: pmgr.launching.0    : MainProcess                     : MainThread     : DEBUG   : registered publisher : control_pubsub : control.pubsub.pub
2017-05-30 22:11:56,220: pmgr.launching.0    : MainProcess                     : MainThread     : DEBUG   : child process started
2017-05-30 22:13:17,342: pmgr.launching.0    : pmgr.launching.0                : MainThread     : ERROR   : abort: KeyboardInterrupt()
Traceback (most recent call last):
  File "/home/mingtha/ve/ve.rp_add_res_cfg/local/lib/python2.7/site-packages/radical/utils/process.py", line 549, in _run
    if not self.work_cb():
  File "/home/mingtha/ve/ve.rp_add_res_cfg/local/lib/python2.7/site-packages/radical/pilot/utils/component.py", line 1136, in work_cb
    things = input.get_nowait(1000) # timeout in microseconds
  File "/home/mingtha/ve/ve.rp_add_res_cfg/local/lib/python2.7/site-packages/radical/pilot/utils/queue.py", line 413, in get_nowait
    if _uninterruptible(self._q.poll, flags=zmq.POLLIN, timeout=timeout):
  File "/home/mingtha/ve/ve.rp_add_res_cfg/local/lib/python2.7/site-packages/radical/pilot/utils/queue.py", line 50, in _uninterruptible
    return f(*args, **kwargs)
  File "/home/mingtha/ve/ve.rp_add_res_cfg/local/lib/python2.7/site-packages/zmq/sugar/socket.py", line 558, in poll
    evts = dict(p.poll(timeout))
  File "/home/mingtha/ve/ve.rp_add_res_cfg/local/lib/python2.7/site-packages/zmq/sugar/poll.py", line 99, in poll
    return zmq_poll(self.sockets, timeout=timeout)
  File "zmq/backend/cython/_poll.pyx", line 116, in zmq.backend.cython._poll.zmq_poll (zmq/backend/cython/_poll.c:2036)
  File "zmq/backend/cython/checkrc.pxd", line 12, in zmq.backend.cython.checkrc._check_rc (zmq/backend/cython/_poll.c:2418)
    PyErr_CheckSignals()
KeyboardInterrupt
2017-05-30 22:13:17,348: pmgr.launching.0    : pmgr.launching.0                : MainThread     : INFO    : send message: abort: KeyboardInterrupt()
2017-05-30 22:13:17,356: pmgr.launching.0    : MainProcess                     : pmgr.launching.0.watch: INFO    : recv message: abort: KeyboardInterrupt()
2017-05-30 22:13:17,356: pmgr.launching.0    : MainProcess                     : pmgr.launching.0.watch: INFO    : message received: abort: KeyboardInterrupt()
2017-05-30 22:13:17,901: pmgr.launching.0    : pmgr.launching.0                : MainThread     : INFO    : send message: terminating
2017-05-30 22:13:17,949: pmgr.launching.0    : pmgr.launching.0                : pmgr.launching.0.child.watch: INFO    : send message: work finished
2017-05-30 22:13:17,949: pmgr.launching.0    : pmgr.launching.0                : pmgr.launching.0.child.watch: DEBUG   : ru_finalize_child (NOOP)
2017-05-30 22:13:17,949: pmgr.launching.0    : pmgr.launching.0                : pmgr.launching.0.child.watch: DEBUG   : ru_finalize_common (NOOP)
2017-05-30 22:13:17,949: pmgr.launching.0    : pmgr.launching.0                : pmgr.launching.0.child.watch: INFO    : send message: terminating
2017-05-30 22:13:18,358: pmgr.launching.0    : MainProcess                     : pmgr.launching.0.watch: INFO    : recv message: terminating
2017-05-30 22:13:18,359: pmgr.launching.0    : MainProcess                     : pmgr.launching.0.watch: INFO    : message received: terminating
2017-05-30 22:13:18,860: pmgr.launching.0    : MainProcess                     : pmgr.launching.0.watch: WARNING : endpoint disappeard
2017-05-30 22:13:18,860: pmgr.launching.0    : MainProcess                     : pmgr.launching.0.watch: WARNING : watcher failed
2017-05-30 22:13:18,860: pmgr.launching.0    : MainProcess                     : pmgr.launching.0.watch: INFO    : send message: work finished
2017-05-30 22:13:18,860: pmgr.launching.0    : MainProcess                     : pmgr.launching.0.watch: DEBUG   : ru_finalize_child (NOOP)
2017-05-30 22:13:18,861: pmgr.launching.0    : MainProcess                     : pmgr.launching.0.watch: DEBUG   : ru_finalize_common (NOOP)
2017-05-30 22:13:18,861: pmgr.launching.0    : MainProcess                     : pmgr.launching.0.watch: INFO    : send message: terminating
2017-05-30 22:13:28,879: pmgr.launching.0    : MainProcess                     : MainThread     : DEBUG   : stop pmgr.launching.0 (16316 : 23515 : MainThread) [radical.pilot.pilot_manager.PilotManager.finalize_parent]
2017-05-30 22:13:28,879: pmgr.launching.0    : MainProcess                     : MainThread     : INFO    : parent stops child
2017-05-30 22:13:28,879: pmgr.launching.0    : MainProcess                     : MainThread     : DEBUG   : ru_finalize_common()
2017-05-30 22:13:28,879: pmgr.launching.0    : MainProcess                     : MainThread     : DEBUG   : TERM : pmgr.launching.0 unregister publisher state_pubsub
2017-05-30 22:13:28,880: pmgr.launching.0    : MainProcess                     : MainThread     : DEBUG   : unregistered publisher state_pubsub
2017-05-30 22:13:28,880: pmgr.launching.0    : MainProcess                     : MainThread     : DEBUG   : TERM : pmgr.launching.0 unregister publisher control_pubsub
2017-05-30 22:13:28,881: pmgr.launching.0    : MainProcess                     : MainThread     : DEBUG   : unregistered publisher control_pubsub
2017-05-30 22:13:28,881: pmgr.launching.0    : MainProcess                     : MainThread     : DEBUG   : pmgr.launching.0 close prof
2017-05-30 22:13:28,881: pmgr.launching.0    : MainProcess                     : MainThread     : INFO    : parent stops child
2017-05-30 22:13:28,881: pmgr.launching.0    : MainProcess                     : MainThread     : DEBUG   : ru_finalize_parent (NOOP)
2017-05-30 22:13:28,881: pmgr.launching.0    : MainProcess                     : MainThread     : DEBUG   : ru_finalize_common (NOOP)
