2017-05-30 21:45:59,607: state.pubsub.bridge : MainProcess                     : MainThread     : INFO    : python.interpreter   version: 2.7.12 (default, Nov 19 2016, 06:48:10) [GCC 5.4.0 20160609]
2017-05-30 21:45:59,607: state.pubsub.bridge : MainProcess                     : MainThread     : INFO    :                      pid: 16316
2017-05-30 21:45:59,607: state.pubsub.bridge : MainProcess                     : MainThread     : INFO    :                      tid: MainThread
2017-05-30 21:45:59,607: state.pubsub.bridge : MainProcess                     : MainThread     : INFO    : radical.pilot        version: split-81-gf853cc9b@feature-bridges
2017-05-30 21:45:59,607: state.pubsub.bridge : MainProcess                     : MainThread     : INFO    : create state_pubsub - bridge - tcp://*:*
2017-05-30 21:45:59,607: state.pubsub.bridge : MainProcess                     : MainThread     : DEBUG   : start process
2017-05-30 21:45:59,610: state.pubsub.bridge : state.pubsub.bridge             : MainThread     : INFO    : child (me) initializing
2017-05-30 21:45:59,611: state.pubsub.bridge : state.pubsub.bridge             : MainThread     : DEBUG   : start thread
2017-05-30 21:45:59,611: state.pubsub.bridge : state.pubsub.bridge             : state.pubsub.bridge.child.watch: INFO    : child (me) initializing
2017-05-30 21:45:59,611: state.pubsub.bridge : state.pubsub.bridge             : state.pubsub.bridge.child.watch: DEBUG   : ru_initialize_common (NOOP)
2017-05-30 21:45:59,611: state.pubsub.bridge : state.pubsub.bridge             : state.pubsub.bridge.child.watch: DEBUG   : ru_initialize_child (NOOP)
2017-05-30 21:45:59,612: state.pubsub.bridge : state.pubsub.bridge             : state.pubsub.bridge.child.watch: INFO    : send alive
2017-05-30 21:45:59,612: state.pubsub.bridge : state.pubsub.bridge             : state.pubsub.bridge.child.watch: INFO    : send message: alive
2017-05-30 21:45:59,612: state.pubsub.bridge : state.pubsub.bridge             : MainThread     : INFO    : recv message: alive
2017-05-30 21:45:59,613: state.pubsub.bridge : state.pubsub.bridge             : MainThread     : DEBUG   : ru_initialize_common (NOOP)
2017-05-30 21:45:59,613: state.pubsub.bridge : state.pubsub.bridge             : MainThread     : DEBUG   : ru_initialize_parent (NOOP)
2017-05-30 21:45:59,613: state.pubsub.bridge : state.pubsub.bridge             : MainThread     : DEBUG   : child thread state.pubsub.bridge.child.watch started
2017-05-30 21:45:59,613: state.pubsub.bridge : state.pubsub.bridge             : MainThread     : INFO    : child (me) is alive
2017-05-30 21:45:59,613: state.pubsub.bridge : state.pubsub.bridge             : MainThread     : DEBUG   : ru_initialize_common (NOOP)
2017-05-30 21:45:59,615: state.pubsub.bridge : state.pubsub.bridge.child       : MainThread     : INFO    : send alive
2017-05-30 21:45:59,616: state.pubsub.bridge : state.pubsub.bridge.child       : MainThread     : INFO    : send message: alive
2017-05-30 21:45:59,616: state.pubsub.bridge : MainProcess                     : MainThread     : INFO    : recv message: alive
2017-05-30 21:45:59,616: state.pubsub.bridge : MainProcess                     : MainThread     : DEBUG   : start thread
2017-05-30 21:45:59,617: state.pubsub.bridge : MainProcess                     : state.pubsub.bridge.watch: INFO    : child (me) initializing
2017-05-30 21:45:59,617: state.pubsub.bridge : MainProcess                     : state.pubsub.bridge.watch: DEBUG   : ru_initialize_common (NOOP)
2017-05-30 21:45:59,617: state.pubsub.bridge : MainProcess                     : state.pubsub.bridge.watch: DEBUG   : ru_initialize_child (NOOP)
2017-05-30 21:45:59,617: state.pubsub.bridge : MainProcess                     : state.pubsub.bridge.watch: INFO    : send alive
2017-05-30 21:45:59,617: state.pubsub.bridge : MainProcess                     : state.pubsub.bridge.watch: INFO    : send message: alive
2017-05-30 21:45:59,618: state.pubsub.bridge : MainProcess                     : MainThread     : INFO    : recv message: alive
2017-05-30 21:45:59,618: state.pubsub.bridge : MainProcess                     : MainThread     : DEBUG   : ru_initialize_common (NOOP)
2017-05-30 21:45:59,618: state.pubsub.bridge : MainProcess                     : MainThread     : DEBUG   : ru_initialize_parent (NOOP)
2017-05-30 21:45:59,618: state.pubsub.bridge : MainProcess                     : MainThread     : DEBUG   : child thread state.pubsub.bridge.watch started
2017-05-30 21:45:59,619: state.pubsub.bridge : MainProcess                     : MainThread     : INFO    : child is alive
2017-05-30 21:45:59,619: state.pubsub.bridge : MainProcess                     : MainThread     : DEBUG   : ru_initialize_common (NOOP)
2017-05-30 21:45:59,619: state.pubsub.bridge : MainProcess                     : MainThread     : DEBUG   : ru_initialize_parent (NOOP)
2017-05-30 21:45:59,619: state.pubsub.bridge : MainProcess                     : MainThread     : DEBUG   : child process started
2017-05-30 22:02:05,819: state.pubsub.bridge : MainProcess                     : MainThread     : INFO    : parent stops child
2017-05-30 22:02:05,820: state.pubsub.bridge : MainProcess                     : MainThread     : DEBUG   : ru_finalize_parent (NOOP)
2017-05-30 22:02:05,820: state.pubsub.bridge : MainProcess                     : MainThread     : DEBUG   : ru_finalize_common (NOOP)
2017-05-30 22:02:05,820: state.pubsub.bridge : MainProcess                     : MainThread     : INFO    : parent stops child
2017-05-30 22:02:05,820: state.pubsub.bridge : MainProcess                     : MainThread     : DEBUG   : ru_finalize_parent (NOOP)
2017-05-30 22:02:05,820: state.pubsub.bridge : MainProcess                     : MainThread     : DEBUG   : ru_finalize_common (NOOP)
2017-05-30 22:02:05,900: state.pubsub.bridge : MainProcess                     : state.pubsub.bridge.watch: INFO    : send message: work finished
2017-05-30 22:02:05,900: state.pubsub.bridge : MainProcess                     : state.pubsub.bridge.watch: DEBUG   : ru_finalize_child (NOOP)
2017-05-30 22:02:05,900: state.pubsub.bridge : MainProcess                     : state.pubsub.bridge.watch: DEBUG   : ru_finalize_common (NOOP)
2017-05-30 22:02:05,901: state.pubsub.bridge : MainProcess                     : state.pubsub.bridge.watch: INFO    : send message: terminating
2017-05-30 22:02:06,035: state.pubsub.bridge : MainProcess                     : MainThread     : WARNING : failed to stop child - terminate
2017-05-30 22:02:07,547: state.pubsub.bridge : MainProcess                     : MainThread     : INFO    : radical.pilot        version: split-81-gf853cc9b@feature-bridges
2017-05-30 22:02:07,547: state.pubsub.bridge : MainProcess                     : MainThread     : INFO    : create state_pubsub - bridge - tcp://*:*
2017-05-30 22:02:07,548: state.pubsub.bridge : MainProcess                     : MainThread     : DEBUG   : start process
2017-05-30 22:02:07,554: state.pubsub.bridge : state.pubsub.bridge             : MainThread     : INFO    : child (me) initializing
2017-05-30 22:02:07,554: state.pubsub.bridge : state.pubsub.bridge             : MainThread     : DEBUG   : start thread
2017-05-30 22:02:07,554: state.pubsub.bridge : state.pubsub.bridge             : state.pubsub.bridge.child.watch: INFO    : child (me) initializing
2017-05-30 22:02:07,555: state.pubsub.bridge : state.pubsub.bridge             : state.pubsub.bridge.child.watch: DEBUG   : ru_initialize_common (NOOP)
2017-05-30 22:02:07,555: state.pubsub.bridge : state.pubsub.bridge             : state.pubsub.bridge.child.watch: DEBUG   : ru_initialize_child (NOOP)
2017-05-30 22:02:07,555: state.pubsub.bridge : state.pubsub.bridge             : state.pubsub.bridge.child.watch: INFO    : send alive
2017-05-30 22:02:07,555: state.pubsub.bridge : state.pubsub.bridge             : state.pubsub.bridge.child.watch: INFO    : send message: alive
2017-05-30 22:02:07,556: state.pubsub.bridge : state.pubsub.bridge             : MainThread     : INFO    : recv message: alive
2017-05-30 22:02:07,556: state.pubsub.bridge : state.pubsub.bridge             : MainThread     : DEBUG   : ru_initialize_common (NOOP)
2017-05-30 22:02:07,556: state.pubsub.bridge : state.pubsub.bridge             : MainThread     : DEBUG   : ru_initialize_parent (NOOP)
2017-05-30 22:02:07,556: state.pubsub.bridge : state.pubsub.bridge             : MainThread     : DEBUG   : child thread state.pubsub.bridge.child.watch started
2017-05-30 22:02:07,556: state.pubsub.bridge : state.pubsub.bridge             : MainThread     : INFO    : child (me) is alive
2017-05-30 22:02:07,556: state.pubsub.bridge : state.pubsub.bridge             : MainThread     : DEBUG   : ru_initialize_common (NOOP)
2017-05-30 22:02:07,559: state.pubsub.bridge : state.pubsub.bridge.child       : MainThread     : INFO    : send alive
2017-05-30 22:02:07,559: state.pubsub.bridge : state.pubsub.bridge.child       : MainThread     : INFO    : send message: alive
2017-05-30 22:02:07,559: state.pubsub.bridge : MainProcess                     : MainThread     : INFO    : recv message: alive
2017-05-30 22:02:07,559: state.pubsub.bridge : MainProcess                     : MainThread     : DEBUG   : start thread
2017-05-30 22:02:07,560: state.pubsub.bridge : MainProcess                     : state.pubsub.bridge.watch: INFO    : child (me) initializing
2017-05-30 22:02:07,560: state.pubsub.bridge : MainProcess                     : state.pubsub.bridge.watch: DEBUG   : ru_initialize_common (NOOP)
2017-05-30 22:02:07,560: state.pubsub.bridge : MainProcess                     : state.pubsub.bridge.watch: DEBUG   : ru_initialize_child (NOOP)
2017-05-30 22:02:07,560: state.pubsub.bridge : MainProcess                     : state.pubsub.bridge.watch: INFO    : send alive
2017-05-30 22:02:07,560: state.pubsub.bridge : MainProcess                     : state.pubsub.bridge.watch: INFO    : send message: alive
2017-05-30 22:02:07,561: state.pubsub.bridge : MainProcess                     : MainThread     : INFO    : recv message: alive
2017-05-30 22:02:07,561: state.pubsub.bridge : MainProcess                     : MainThread     : DEBUG   : ru_initialize_common (NOOP)
2017-05-30 22:02:07,561: state.pubsub.bridge : MainProcess                     : MainThread     : DEBUG   : ru_initialize_parent (NOOP)
2017-05-30 22:02:07,561: state.pubsub.bridge : MainProcess                     : MainThread     : DEBUG   : child thread state.pubsub.bridge.watch started
2017-05-30 22:02:07,561: state.pubsub.bridge : MainProcess                     : MainThread     : INFO    : child is alive
2017-05-30 22:02:07,561: state.pubsub.bridge : MainProcess                     : MainThread     : DEBUG   : ru_initialize_common (NOOP)
2017-05-30 22:02:07,561: state.pubsub.bridge : MainProcess                     : MainThread     : DEBUG   : ru_initialize_parent (NOOP)
2017-05-30 22:02:07,562: state.pubsub.bridge : MainProcess                     : MainThread     : DEBUG   : child process started
2017-05-30 22:11:53,987: state.pubsub.bridge : MainProcess                     : MainThread     : INFO    : parent stops child
2017-05-30 22:11:53,987: state.pubsub.bridge : MainProcess                     : MainThread     : DEBUG   : ru_finalize_parent (NOOP)
2017-05-30 22:11:53,988: state.pubsub.bridge : MainProcess                     : MainThread     : DEBUG   : ru_finalize_common (NOOP)
2017-05-30 22:11:53,988: state.pubsub.bridge : MainProcess                     : MainThread     : INFO    : parent stops child
2017-05-30 22:11:53,988: state.pubsub.bridge : MainProcess                     : MainThread     : DEBUG   : ru_finalize_parent (NOOP)
2017-05-30 22:11:53,988: state.pubsub.bridge : MainProcess                     : MainThread     : DEBUG   : ru_finalize_common (NOOP)
2017-05-30 22:11:54,071: state.pubsub.bridge : MainProcess                     : state.pubsub.bridge.watch: INFO    : send message: work finished
2017-05-30 22:11:54,072: state.pubsub.bridge : MainProcess                     : state.pubsub.bridge.watch: DEBUG   : ru_finalize_child (NOOP)
2017-05-30 22:11:54,072: state.pubsub.bridge : MainProcess                     : state.pubsub.bridge.watch: DEBUG   : ru_finalize_common (NOOP)
2017-05-30 22:11:54,072: state.pubsub.bridge : MainProcess                     : state.pubsub.bridge.watch: INFO    : send message: terminating
2017-05-30 22:11:54,203: state.pubsub.bridge : MainProcess                     : MainThread     : WARNING : failed to stop child - terminate
2017-05-30 22:11:55,502: state.pubsub.bridge : MainProcess                     : MainThread     : INFO    : radical.pilot        version: split-81-gf853cc9b@feature-bridges
2017-05-30 22:11:55,502: state.pubsub.bridge : MainProcess                     : MainThread     : INFO    : create state_pubsub - bridge - tcp://*:*
2017-05-30 22:11:55,502: state.pubsub.bridge : MainProcess                     : MainThread     : DEBUG   : start process
2017-05-30 22:11:55,509: state.pubsub.bridge : state.pubsub.bridge             : MainThread     : INFO    : child (me) initializing
2017-05-30 22:11:55,509: state.pubsub.bridge : state.pubsub.bridge             : MainThread     : DEBUG   : start thread
2017-05-30 22:11:55,510: state.pubsub.bridge : state.pubsub.bridge             : state.pubsub.bridge.child.watch: INFO    : child (me) initializing
2017-05-30 22:11:55,510: state.pubsub.bridge : state.pubsub.bridge             : state.pubsub.bridge.child.watch: DEBUG   : ru_initialize_common (NOOP)
2017-05-30 22:11:55,510: state.pubsub.bridge : state.pubsub.bridge             : state.pubsub.bridge.child.watch: DEBUG   : ru_initialize_child (NOOP)
2017-05-30 22:11:55,510: state.pubsub.bridge : state.pubsub.bridge             : state.pubsub.bridge.child.watch: INFO    : send alive
2017-05-30 22:11:55,510: state.pubsub.bridge : state.pubsub.bridge             : state.pubsub.bridge.child.watch: INFO    : send message: alive
2017-05-30 22:11:55,511: state.pubsub.bridge : state.pubsub.bridge             : MainThread     : INFO    : recv message: alive
2017-05-30 22:11:55,511: state.pubsub.bridge : state.pubsub.bridge             : MainThread     : DEBUG   : ru_initialize_common (NOOP)
2017-05-30 22:11:55,511: state.pubsub.bridge : state.pubsub.bridge             : MainThread     : DEBUG   : ru_initialize_parent (NOOP)
2017-05-30 22:11:55,511: state.pubsub.bridge : state.pubsub.bridge             : MainThread     : DEBUG   : child thread state.pubsub.bridge.child.watch started
2017-05-30 22:11:55,511: state.pubsub.bridge : state.pubsub.bridge             : MainThread     : INFO    : child (me) is alive
2017-05-30 22:11:55,511: state.pubsub.bridge : state.pubsub.bridge             : MainThread     : DEBUG   : ru_initialize_common (NOOP)
2017-05-30 22:11:55,513: state.pubsub.bridge : state.pubsub.bridge.child       : MainThread     : INFO    : send alive
2017-05-30 22:11:55,514: state.pubsub.bridge : state.pubsub.bridge.child       : MainThread     : INFO    : send message: alive
2017-05-30 22:11:55,514: state.pubsub.bridge : MainProcess                     : MainThread     : INFO    : recv message: alive
2017-05-30 22:11:55,514: state.pubsub.bridge : MainProcess                     : MainThread     : DEBUG   : start thread
2017-05-30 22:11:55,514: state.pubsub.bridge : MainProcess                     : state.pubsub.bridge.watch: INFO    : child (me) initializing
2017-05-30 22:11:55,515: state.pubsub.bridge : MainProcess                     : state.pubsub.bridge.watch: DEBUG   : ru_initialize_common (NOOP)
2017-05-30 22:11:55,515: state.pubsub.bridge : MainProcess                     : state.pubsub.bridge.watch: DEBUG   : ru_initialize_child (NOOP)
2017-05-30 22:11:55,515: state.pubsub.bridge : MainProcess                     : state.pubsub.bridge.watch: INFO    : send alive
2017-05-30 22:11:55,515: state.pubsub.bridge : MainProcess                     : state.pubsub.bridge.watch: INFO    : send message: alive
2017-05-30 22:11:55,516: state.pubsub.bridge : MainProcess                     : MainThread     : INFO    : recv message: alive
2017-05-30 22:11:55,516: state.pubsub.bridge : MainProcess                     : MainThread     : DEBUG   : ru_initialize_common (NOOP)
2017-05-30 22:11:55,516: state.pubsub.bridge : MainProcess                     : MainThread     : DEBUG   : ru_initialize_parent (NOOP)
2017-05-30 22:11:55,516: state.pubsub.bridge : MainProcess                     : MainThread     : DEBUG   : child thread state.pubsub.bridge.watch started
2017-05-30 22:11:55,516: state.pubsub.bridge : MainProcess                     : MainThread     : INFO    : child is alive
2017-05-30 22:11:55,516: state.pubsub.bridge : MainProcess                     : MainThread     : DEBUG   : ru_initialize_common (NOOP)
2017-05-30 22:11:55,516: state.pubsub.bridge : MainProcess                     : MainThread     : DEBUG   : ru_initialize_parent (NOOP)
2017-05-30 22:11:55,516: state.pubsub.bridge : MainProcess                     : MainThread     : DEBUG   : child process started
2017-05-30 22:13:17,562: state.pubsub.bridge : state.pubsub.bridge.child       : MainThread     : ERROR   : abort: KeyboardInterrupt()
Traceback (most recent call last):
  File "/home/mingtha/ve/ve.rp_add_res_cfg/local/lib/python2.7/site-packages/radical/utils/process.py", line 549, in _run
    if not self.work_cb():
  File "/home/mingtha/ve/ve.rp_add_res_cfg/local/lib/python2.7/site-packages/radical/pilot/utils/pubsub.py", line 231, in work_cb
    _socks = dict(_uninterruptible(self._poll.poll, timeout=1000)) # timeout in ms
  File "/home/mingtha/ve/ve.rp_add_res_cfg/local/lib/python2.7/site-packages/radical/pilot/utils/pubsub.py", line 50, in _uninterruptible
    return f(*args, **kwargs)
  File "/home/mingtha/ve/ve.rp_add_res_cfg/local/lib/python2.7/site-packages/zmq/sugar/poll.py", line 99, in poll
    return zmq_poll(self.sockets, timeout=timeout)
  File "zmq/backend/cython/_poll.pyx", line 116, in zmq.backend.cython._poll.zmq_poll (zmq/backend/cython/_poll.c:2036)
  File "zmq/backend/cython/checkrc.pxd", line 12, in zmq.backend.cython.checkrc._check_rc (zmq/backend/cython/_poll.c:2418)
    PyErr_CheckSignals()
KeyboardInterrupt
2017-05-30 22:13:17,563: state.pubsub.bridge : state.pubsub.bridge.child       : MainThread     : INFO    : send message: abort: KeyboardInterrupt()
2017-05-30 22:13:17,563: state.pubsub.bridge : state.pubsub.bridge.child       : MainThread     : DEBUG   : ru_finalize_child (NOOP)
2017-05-30 22:13:17,564: state.pubsub.bridge : state.pubsub.bridge.child       : MainThread     : DEBUG   : ru_finalize_common (NOOP)
2017-05-30 22:13:17,564: state.pubsub.bridge : state.pubsub.bridge.child       : MainThread     : INFO    : send message: terminating
2017-05-30 22:13:17,587: state.pubsub.bridge : state.pubsub.bridge.child       : state.pubsub.bridge.child.watch: INFO    : send message: work finished
2017-05-30 22:13:17,587: state.pubsub.bridge : state.pubsub.bridge.child       : state.pubsub.bridge.child.watch: DEBUG   : ru_finalize_child (NOOP)
2017-05-30 22:13:17,588: state.pubsub.bridge : state.pubsub.bridge.child       : state.pubsub.bridge.child.watch: DEBUG   : ru_finalize_common (NOOP)
2017-05-30 22:13:17,588: state.pubsub.bridge : state.pubsub.bridge.child       : state.pubsub.bridge.child.watch: INFO    : send message: terminating
2017-05-30 22:13:17,698: state.pubsub.bridge : MainProcess                     : state.pubsub.bridge.watch: WARNING : endpoint disappeard
2017-05-30 22:13:17,699: state.pubsub.bridge : MainProcess                     : state.pubsub.bridge.watch: WARNING : watcher failed
2017-05-30 22:13:17,699: state.pubsub.bridge : MainProcess                     : state.pubsub.bridge.watch: INFO    : send message: work finished
2017-05-30 22:13:17,699: state.pubsub.bridge : MainProcess                     : state.pubsub.bridge.watch: DEBUG   : ru_finalize_child (NOOP)
2017-05-30 22:13:17,699: state.pubsub.bridge : MainProcess                     : state.pubsub.bridge.watch: DEBUG   : ru_finalize_common (NOOP)
2017-05-30 22:13:17,699: state.pubsub.bridge : MainProcess                     : state.pubsub.bridge.watch: INFO    : send message: terminating
2017-05-30 22:13:29,367: state.pubsub.bridge : MainProcess                     : MainThread     : INFO    : parent stops child
2017-05-30 22:13:29,368: state.pubsub.bridge : MainProcess                     : MainThread     : DEBUG   : ru_finalize_parent (NOOP)
2017-05-30 22:13:29,368: state.pubsub.bridge : MainProcess                     : MainThread     : DEBUG   : ru_finalize_common (NOOP)
2017-05-30 22:13:29,368: state.pubsub.bridge : MainProcess                     : MainThread     : INFO    : parent stops child
2017-05-30 22:13:29,368: state.pubsub.bridge : MainProcess                     : MainThread     : DEBUG   : ru_finalize_parent (NOOP)
2017-05-30 22:13:29,368: state.pubsub.bridge : MainProcess                     : MainThread     : DEBUG   : ru_finalize_common (NOOP)
