2017-05-30 21:46:04,797: umgr.unschedule.pubsub.bridge: MainProcess                     : MainThread     : INFO    : python.interpreter   version: 2.7.12 (default, Nov 19 2016, 06:48:10) [GCC 5.4.0 20160609]
2017-05-30 21:46:04,797: umgr.unschedule.pubsub.bridge: MainProcess                     : MainThread     : INFO    :                      pid: 16316
2017-05-30 21:46:04,798: umgr.unschedule.pubsub.bridge: MainProcess                     : MainThread     : INFO    :                      tid: MainThread
2017-05-30 21:46:04,798: umgr.unschedule.pubsub.bridge: MainProcess                     : MainThread     : INFO    : radical.pilot        version: split-81-gf853cc9b@feature-bridges
2017-05-30 21:46:04,798: umgr.unschedule.pubsub.bridge: MainProcess                     : MainThread     : INFO    : create umgr_unschedule_pubsub - bridge - tcp://*:*
2017-05-30 21:46:04,799: umgr.unschedule.pubsub.bridge: MainProcess                     : MainThread     : DEBUG   : start process
2017-05-30 21:46:04,809: umgr.unschedule.pubsub.bridge: umgr.unschedule.pubsub.bridge   : MainThread     : INFO    : child (me) initializing
2017-05-30 21:46:04,810: umgr.unschedule.pubsub.bridge: umgr.unschedule.pubsub.bridge   : MainThread     : DEBUG   : start thread
2017-05-30 21:46:04,811: umgr.unschedule.pubsub.bridge: umgr.unschedule.pubsub.bridge   : umgr.unschedule.pubsub.bridge.child.watch: INFO    : child (me) initializing
2017-05-30 21:46:04,811: umgr.unschedule.pubsub.bridge: umgr.unschedule.pubsub.bridge   : umgr.unschedule.pubsub.bridge.child.watch: DEBUG   : ru_initialize_common (NOOP)
2017-05-30 21:46:04,811: umgr.unschedule.pubsub.bridge: umgr.unschedule.pubsub.bridge   : umgr.unschedule.pubsub.bridge.child.watch: DEBUG   : ru_initialize_child (NOOP)
2017-05-30 21:46:04,812: umgr.unschedule.pubsub.bridge: umgr.unschedule.pubsub.bridge   : umgr.unschedule.pubsub.bridge.child.watch: INFO    : send alive
2017-05-30 21:46:04,812: umgr.unschedule.pubsub.bridge: umgr.unschedule.pubsub.bridge   : umgr.unschedule.pubsub.bridge.child.watch: INFO    : send message: alive
2017-05-30 21:46:04,813: umgr.unschedule.pubsub.bridge: umgr.unschedule.pubsub.bridge   : MainThread     : INFO    : recv message: alive
2017-05-30 21:46:04,813: umgr.unschedule.pubsub.bridge: umgr.unschedule.pubsub.bridge   : MainThread     : DEBUG   : ru_initialize_common (NOOP)
2017-05-30 21:46:04,813: umgr.unschedule.pubsub.bridge: umgr.unschedule.pubsub.bridge   : MainThread     : DEBUG   : ru_initialize_parent (NOOP)
2017-05-30 21:46:04,813: umgr.unschedule.pubsub.bridge: umgr.unschedule.pubsub.bridge   : MainThread     : DEBUG   : child thread umgr.unschedule.pubsub.bridge.child.watch started
2017-05-30 21:46:04,813: umgr.unschedule.pubsub.bridge: umgr.unschedule.pubsub.bridge   : MainThread     : INFO    : child (me) is alive
2017-05-30 21:46:04,813: umgr.unschedule.pubsub.bridge: umgr.unschedule.pubsub.bridge   : MainThread     : DEBUG   : ru_initialize_common (NOOP)
2017-05-30 21:46:04,818: umgr.unschedule.pubsub.bridge: umgr.unschedule.pubsub.bridge.child: MainThread     : INFO    : send alive
2017-05-30 21:46:04,818: umgr.unschedule.pubsub.bridge: umgr.unschedule.pubsub.bridge.child: MainThread     : INFO    : send message: alive
2017-05-30 21:46:04,818: umgr.unschedule.pubsub.bridge: MainProcess                     : MainThread     : INFO    : recv message: alive
2017-05-30 21:46:04,819: umgr.unschedule.pubsub.bridge: MainProcess                     : MainThread     : DEBUG   : start thread
2017-05-30 21:46:04,820: umgr.unschedule.pubsub.bridge: MainProcess                     : umgr.unschedule.pubsub.bridge.watch: INFO    : child (me) initializing
2017-05-30 21:46:04,820: umgr.unschedule.pubsub.bridge: MainProcess                     : umgr.unschedule.pubsub.bridge.watch: DEBUG   : ru_initialize_common (NOOP)
2017-05-30 21:46:04,820: umgr.unschedule.pubsub.bridge: MainProcess                     : umgr.unschedule.pubsub.bridge.watch: DEBUG   : ru_initialize_child (NOOP)
2017-05-30 21:46:04,820: umgr.unschedule.pubsub.bridge: MainProcess                     : umgr.unschedule.pubsub.bridge.watch: INFO    : send alive
2017-05-30 21:46:04,820: umgr.unschedule.pubsub.bridge: MainProcess                     : umgr.unschedule.pubsub.bridge.watch: INFO    : send message: alive
2017-05-30 21:46:04,821: umgr.unschedule.pubsub.bridge: MainProcess                     : MainThread     : INFO    : recv message: alive
2017-05-30 21:46:04,821: umgr.unschedule.pubsub.bridge: MainProcess                     : MainThread     : DEBUG   : ru_initialize_common (NOOP)
2017-05-30 21:46:04,821: umgr.unschedule.pubsub.bridge: MainProcess                     : MainThread     : DEBUG   : ru_initialize_parent (NOOP)
2017-05-30 21:46:04,822: umgr.unschedule.pubsub.bridge: MainProcess                     : MainThread     : DEBUG   : child thread umgr.unschedule.pubsub.bridge.watch started
2017-05-30 21:46:04,822: umgr.unschedule.pubsub.bridge: MainProcess                     : MainThread     : INFO    : child is alive
2017-05-30 21:46:04,822: umgr.unschedule.pubsub.bridge: MainProcess                     : MainThread     : DEBUG   : ru_initialize_common (NOOP)
2017-05-30 21:46:04,822: umgr.unschedule.pubsub.bridge: MainProcess                     : MainThread     : DEBUG   : ru_initialize_parent (NOOP)
2017-05-30 21:46:04,822: umgr.unschedule.pubsub.bridge: MainProcess                     : MainThread     : DEBUG   : child process started
2017-05-30 22:01:53,575: umgr.unschedule.pubsub.bridge: MainProcess                     : MainThread     : INFO    : parent stops child
2017-05-30 22:01:53,575: umgr.unschedule.pubsub.bridge: MainProcess                     : MainThread     : DEBUG   : ru_finalize_parent (NOOP)
2017-05-30 22:01:53,575: umgr.unschedule.pubsub.bridge: MainProcess                     : MainThread     : DEBUG   : ru_finalize_common (NOOP)
2017-05-30 22:01:53,575: umgr.unschedule.pubsub.bridge: MainProcess                     : MainThread     : INFO    : parent stops child
2017-05-30 22:01:53,575: umgr.unschedule.pubsub.bridge: MainProcess                     : MainThread     : DEBUG   : ru_finalize_parent (NOOP)
2017-05-30 22:01:53,576: umgr.unschedule.pubsub.bridge: MainProcess                     : MainThread     : DEBUG   : ru_finalize_common (NOOP)
2017-05-30 22:01:53,672: umgr.unschedule.pubsub.bridge: MainProcess                     : umgr.unschedule.pubsub.bridge.watch: INFO    : send message: work finished
2017-05-30 22:01:53,672: umgr.unschedule.pubsub.bridge: MainProcess                     : umgr.unschedule.pubsub.bridge.watch: DEBUG   : ru_finalize_child (NOOP)
2017-05-30 22:01:53,673: umgr.unschedule.pubsub.bridge: MainProcess                     : umgr.unschedule.pubsub.bridge.watch: DEBUG   : ru_finalize_common (NOOP)
2017-05-30 22:01:53,673: umgr.unschedule.pubsub.bridge: MainProcess                     : umgr.unschedule.pubsub.bridge.watch: INFO    : send message: terminating
2017-05-30 22:01:53,790: umgr.unschedule.pubsub.bridge: MainProcess                     : MainThread     : WARNING : failed to stop child - terminate
2017-05-30 22:02:10,452: umgr.unschedule.pubsub.bridge: MainProcess                     : MainThread     : INFO    : radical.pilot        version: split-81-gf853cc9b@feature-bridges
2017-05-30 22:02:10,452: umgr.unschedule.pubsub.bridge: MainProcess                     : MainThread     : INFO    : create umgr_unschedule_pubsub - bridge - tcp://*:*
2017-05-30 22:02:10,452: umgr.unschedule.pubsub.bridge: MainProcess                     : MainThread     : DEBUG   : start process
2017-05-30 22:02:10,458: umgr.unschedule.pubsub.bridge: umgr.unschedule.pubsub.bridge   : MainThread     : INFO    : child (me) initializing
2017-05-30 22:02:10,459: umgr.unschedule.pubsub.bridge: umgr.unschedule.pubsub.bridge   : MainThread     : DEBUG   : start thread
2017-05-30 22:02:10,459: umgr.unschedule.pubsub.bridge: umgr.unschedule.pubsub.bridge   : umgr.unschedule.pubsub.bridge.child.watch: INFO    : child (me) initializing
2017-05-30 22:02:10,459: umgr.unschedule.pubsub.bridge: umgr.unschedule.pubsub.bridge   : umgr.unschedule.pubsub.bridge.child.watch: DEBUG   : ru_initialize_common (NOOP)
2017-05-30 22:02:10,459: umgr.unschedule.pubsub.bridge: umgr.unschedule.pubsub.bridge   : umgr.unschedule.pubsub.bridge.child.watch: DEBUG   : ru_initialize_child (NOOP)
2017-05-30 22:02:10,459: umgr.unschedule.pubsub.bridge: umgr.unschedule.pubsub.bridge   : umgr.unschedule.pubsub.bridge.child.watch: INFO    : send alive
2017-05-30 22:02:10,459: umgr.unschedule.pubsub.bridge: umgr.unschedule.pubsub.bridge   : umgr.unschedule.pubsub.bridge.child.watch: INFO    : send message: alive
2017-05-30 22:02:10,460: umgr.unschedule.pubsub.bridge: umgr.unschedule.pubsub.bridge   : MainThread     : INFO    : recv message: alive
2017-05-30 22:02:10,460: umgr.unschedule.pubsub.bridge: umgr.unschedule.pubsub.bridge   : MainThread     : DEBUG   : ru_initialize_common (NOOP)
2017-05-30 22:02:10,460: umgr.unschedule.pubsub.bridge: umgr.unschedule.pubsub.bridge   : MainThread     : DEBUG   : ru_initialize_parent (NOOP)
2017-05-30 22:02:10,460: umgr.unschedule.pubsub.bridge: umgr.unschedule.pubsub.bridge   : MainThread     : DEBUG   : child thread umgr.unschedule.pubsub.bridge.child.watch started
2017-05-30 22:02:10,460: umgr.unschedule.pubsub.bridge: umgr.unschedule.pubsub.bridge   : MainThread     : INFO    : child (me) is alive
2017-05-30 22:02:10,460: umgr.unschedule.pubsub.bridge: umgr.unschedule.pubsub.bridge   : MainThread     : DEBUG   : ru_initialize_common (NOOP)
2017-05-30 22:02:10,462: umgr.unschedule.pubsub.bridge: umgr.unschedule.pubsub.bridge.child: MainThread     : INFO    : send alive
2017-05-30 22:02:10,462: umgr.unschedule.pubsub.bridge: umgr.unschedule.pubsub.bridge.child: MainThread     : INFO    : send message: alive
2017-05-30 22:02:10,462: umgr.unschedule.pubsub.bridge: MainProcess                     : MainThread     : INFO    : recv message: alive
2017-05-30 22:02:10,463: umgr.unschedule.pubsub.bridge: MainProcess                     : MainThread     : DEBUG   : start thread
2017-05-30 22:02:10,463: umgr.unschedule.pubsub.bridge: MainProcess                     : umgr.unschedule.pubsub.bridge.watch: INFO    : child (me) initializing
2017-05-30 22:02:10,463: umgr.unschedule.pubsub.bridge: MainProcess                     : umgr.unschedule.pubsub.bridge.watch: DEBUG   : ru_initialize_common (NOOP)
2017-05-30 22:02:10,463: umgr.unschedule.pubsub.bridge: MainProcess                     : umgr.unschedule.pubsub.bridge.watch: DEBUG   : ru_initialize_child (NOOP)
2017-05-30 22:02:10,464: umgr.unschedule.pubsub.bridge: MainProcess                     : umgr.unschedule.pubsub.bridge.watch: INFO    : send alive
2017-05-30 22:02:10,464: umgr.unschedule.pubsub.bridge: MainProcess                     : umgr.unschedule.pubsub.bridge.watch: INFO    : send message: alive
2017-05-30 22:02:10,464: umgr.unschedule.pubsub.bridge: MainProcess                     : MainThread     : INFO    : recv message: alive
2017-05-30 22:02:10,465: umgr.unschedule.pubsub.bridge: MainProcess                     : MainThread     : DEBUG   : ru_initialize_common (NOOP)
2017-05-30 22:02:10,465: umgr.unschedule.pubsub.bridge: MainProcess                     : MainThread     : DEBUG   : ru_initialize_parent (NOOP)
2017-05-30 22:02:10,465: umgr.unschedule.pubsub.bridge: MainProcess                     : MainThread     : DEBUG   : child thread umgr.unschedule.pubsub.bridge.watch started
2017-05-30 22:02:10,465: umgr.unschedule.pubsub.bridge: MainProcess                     : MainThread     : INFO    : child is alive
2017-05-30 22:02:10,465: umgr.unschedule.pubsub.bridge: MainProcess                     : MainThread     : DEBUG   : ru_initialize_common (NOOP)
2017-05-30 22:02:10,465: umgr.unschedule.pubsub.bridge: MainProcess                     : MainThread     : DEBUG   : ru_initialize_parent (NOOP)
2017-05-30 22:02:10,465: umgr.unschedule.pubsub.bridge: MainProcess                     : MainThread     : DEBUG   : child process started
2017-05-30 22:11:50,179: umgr.unschedule.pubsub.bridge: MainProcess                     : MainThread     : INFO    : parent stops child
2017-05-30 22:11:50,179: umgr.unschedule.pubsub.bridge: MainProcess                     : MainThread     : DEBUG   : ru_finalize_parent (NOOP)
2017-05-30 22:11:50,179: umgr.unschedule.pubsub.bridge: MainProcess                     : MainThread     : DEBUG   : ru_finalize_common (NOOP)
2017-05-30 22:11:50,179: umgr.unschedule.pubsub.bridge: MainProcess                     : MainThread     : INFO    : parent stops child
2017-05-30 22:11:50,179: umgr.unschedule.pubsub.bridge: MainProcess                     : MainThread     : DEBUG   : ru_finalize_parent (NOOP)
2017-05-30 22:11:50,180: umgr.unschedule.pubsub.bridge: MainProcess                     : MainThread     : DEBUG   : ru_finalize_common (NOOP)
2017-05-30 22:11:50,263: umgr.unschedule.pubsub.bridge: MainProcess                     : umgr.unschedule.pubsub.bridge.watch: INFO    : send message: work finished
2017-05-30 22:11:50,264: umgr.unschedule.pubsub.bridge: MainProcess                     : umgr.unschedule.pubsub.bridge.watch: DEBUG   : ru_finalize_child (NOOP)
2017-05-30 22:11:50,264: umgr.unschedule.pubsub.bridge: MainProcess                     : umgr.unschedule.pubsub.bridge.watch: DEBUG   : ru_finalize_common (NOOP)
2017-05-30 22:11:50,264: umgr.unschedule.pubsub.bridge: MainProcess                     : umgr.unschedule.pubsub.bridge.watch: INFO    : send message: terminating
2017-05-30 22:11:50,394: umgr.unschedule.pubsub.bridge: MainProcess                     : MainThread     : WARNING : failed to stop child - terminate
2017-05-30 22:11:58,113: umgr.unschedule.pubsub.bridge: MainProcess                     : MainThread     : INFO    : radical.pilot        version: split-81-gf853cc9b@feature-bridges
2017-05-30 22:11:58,114: umgr.unschedule.pubsub.bridge: MainProcess                     : MainThread     : INFO    : create umgr_unschedule_pubsub - bridge - tcp://*:*
2017-05-30 22:11:58,114: umgr.unschedule.pubsub.bridge: MainProcess                     : MainThread     : DEBUG   : start process
2017-05-30 22:11:58,122: umgr.unschedule.pubsub.bridge: umgr.unschedule.pubsub.bridge   : MainThread     : INFO    : child (me) initializing
2017-05-30 22:11:58,123: umgr.unschedule.pubsub.bridge: umgr.unschedule.pubsub.bridge   : MainThread     : DEBUG   : start thread
2017-05-30 22:11:58,123: umgr.unschedule.pubsub.bridge: umgr.unschedule.pubsub.bridge   : umgr.unschedule.pubsub.bridge.child.watch: INFO    : child (me) initializing
2017-05-30 22:11:58,123: umgr.unschedule.pubsub.bridge: umgr.unschedule.pubsub.bridge   : umgr.unschedule.pubsub.bridge.child.watch: DEBUG   : ru_initialize_common (NOOP)
2017-05-30 22:11:58,123: umgr.unschedule.pubsub.bridge: umgr.unschedule.pubsub.bridge   : umgr.unschedule.pubsub.bridge.child.watch: DEBUG   : ru_initialize_child (NOOP)
2017-05-30 22:11:58,123: umgr.unschedule.pubsub.bridge: umgr.unschedule.pubsub.bridge   : umgr.unschedule.pubsub.bridge.child.watch: INFO    : send alive
2017-05-30 22:11:58,123: umgr.unschedule.pubsub.bridge: umgr.unschedule.pubsub.bridge   : umgr.unschedule.pubsub.bridge.child.watch: INFO    : send message: alive
2017-05-30 22:11:58,124: umgr.unschedule.pubsub.bridge: umgr.unschedule.pubsub.bridge   : MainThread     : INFO    : recv message: alive
2017-05-30 22:11:58,124: umgr.unschedule.pubsub.bridge: umgr.unschedule.pubsub.bridge   : MainThread     : DEBUG   : ru_initialize_common (NOOP)
2017-05-30 22:11:58,124: umgr.unschedule.pubsub.bridge: umgr.unschedule.pubsub.bridge   : MainThread     : DEBUG   : ru_initialize_parent (NOOP)
2017-05-30 22:11:58,124: umgr.unschedule.pubsub.bridge: umgr.unschedule.pubsub.bridge   : MainThread     : DEBUG   : child thread umgr.unschedule.pubsub.bridge.child.watch started
2017-05-30 22:11:58,124: umgr.unschedule.pubsub.bridge: umgr.unschedule.pubsub.bridge   : MainThread     : INFO    : child (me) is alive
2017-05-30 22:11:58,124: umgr.unschedule.pubsub.bridge: umgr.unschedule.pubsub.bridge   : MainThread     : DEBUG   : ru_initialize_common (NOOP)
2017-05-30 22:11:58,126: umgr.unschedule.pubsub.bridge: umgr.unschedule.pubsub.bridge.child: MainThread     : INFO    : send alive
2017-05-30 22:11:58,126: umgr.unschedule.pubsub.bridge: umgr.unschedule.pubsub.bridge.child: MainThread     : INFO    : send message: alive
2017-05-30 22:11:58,126: umgr.unschedule.pubsub.bridge: MainProcess                     : MainThread     : INFO    : recv message: alive
2017-05-30 22:11:58,127: umgr.unschedule.pubsub.bridge: MainProcess                     : MainThread     : DEBUG   : start thread
2017-05-30 22:11:58,127: umgr.unschedule.pubsub.bridge: MainProcess                     : umgr.unschedule.pubsub.bridge.watch: INFO    : child (me) initializing
2017-05-30 22:11:58,127: umgr.unschedule.pubsub.bridge: MainProcess                     : umgr.unschedule.pubsub.bridge.watch: DEBUG   : ru_initialize_common (NOOP)
2017-05-30 22:11:58,127: umgr.unschedule.pubsub.bridge: MainProcess                     : umgr.unschedule.pubsub.bridge.watch: DEBUG   : ru_initialize_child (NOOP)
2017-05-30 22:11:58,128: umgr.unschedule.pubsub.bridge: MainProcess                     : umgr.unschedule.pubsub.bridge.watch: INFO    : send alive
2017-05-30 22:11:58,128: umgr.unschedule.pubsub.bridge: MainProcess                     : umgr.unschedule.pubsub.bridge.watch: INFO    : send message: alive
2017-05-30 22:11:58,128: umgr.unschedule.pubsub.bridge: MainProcess                     : MainThread     : INFO    : recv message: alive
2017-05-30 22:11:58,129: umgr.unschedule.pubsub.bridge: MainProcess                     : MainThread     : DEBUG   : ru_initialize_common (NOOP)
2017-05-30 22:11:58,129: umgr.unschedule.pubsub.bridge: MainProcess                     : MainThread     : DEBUG   : ru_initialize_parent (NOOP)
2017-05-30 22:11:58,129: umgr.unschedule.pubsub.bridge: MainProcess                     : MainThread     : DEBUG   : child thread umgr.unschedule.pubsub.bridge.watch started
2017-05-30 22:11:58,129: umgr.unschedule.pubsub.bridge: MainProcess                     : MainThread     : INFO    : child is alive
2017-05-30 22:11:58,129: umgr.unschedule.pubsub.bridge: MainProcess                     : MainThread     : DEBUG   : ru_initialize_common (NOOP)
2017-05-30 22:11:58,129: umgr.unschedule.pubsub.bridge: MainProcess                     : MainThread     : DEBUG   : ru_initialize_parent (NOOP)
2017-05-30 22:11:58,129: umgr.unschedule.pubsub.bridge: MainProcess                     : MainThread     : DEBUG   : child process started
2017-05-30 22:13:17,341: umgr.unschedule.pubsub.bridge: umgr.unschedule.pubsub.bridge.child: MainThread     : ERROR   : abort: KeyboardInterrupt()
Traceback (most recent call last):
  File "/home/mingtha/ve/ve.rp_add_res_cfg/local/lib/python2.7/site-packages/radical/utils/process.py", line 549, in _run
    if not self.work_cb():
  File "/home/mingtha/ve/ve.rp_add_res_cfg/local/lib/python2.7/site-packages/radical/pilot/utils/pubsub.py", line 231, in work_cb
    _socks = dict(_uninterruptible(self._poll.poll, timeout=1000)) # timeout in ms
  File "/home/mingtha/ve/ve.rp_add_res_cfg/local/lib/python2.7/site-packages/radical/pilot/utils/pubsub.py", line 50, in _uninterruptible
    return f(*args, **kwargs)
  File "/home/mingtha/ve/ve.rp_add_res_cfg/local/lib/python2.7/site-packages/zmq/sugar/poll.py", line 99, in poll
    return zmq_poll(self.sockets, timeout=timeout)
  File "zmq/backend/cython/_poll.pyx", line 116, in zmq.backend.cython._poll.zmq_poll (zmq/backend/cython/_poll.c:2036)
  File "zmq/backend/cython/checkrc.pxd", line 12, in zmq.backend.cython.checkrc._check_rc (zmq/backend/cython/_poll.c:2418)
    PyErr_CheckSignals()
KeyboardInterrupt
2017-05-30 22:13:17,347: umgr.unschedule.pubsub.bridge: umgr.unschedule.pubsub.bridge.child: MainThread     : INFO    : send message: abort: KeyboardInterrupt()
2017-05-30 22:13:17,347: umgr.unschedule.pubsub.bridge: umgr.unschedule.pubsub.bridge.child: MainThread     : DEBUG   : ru_finalize_child (NOOP)
2017-05-30 22:13:17,347: umgr.unschedule.pubsub.bridge: umgr.unschedule.pubsub.bridge.child: MainThread     : DEBUG   : ru_finalize_common (NOOP)
2017-05-30 22:13:17,347: umgr.unschedule.pubsub.bridge: umgr.unschedule.pubsub.bridge.child: MainThread     : INFO    : send message: terminating
2017-05-30 22:13:17,398: umgr.unschedule.pubsub.bridge: umgr.unschedule.pubsub.bridge.child: umgr.unschedule.pubsub.bridge.child.watch: INFO    : send message: work finished
2017-05-30 22:13:17,398: umgr.unschedule.pubsub.bridge: umgr.unschedule.pubsub.bridge.child: umgr.unschedule.pubsub.bridge.child.watch: DEBUG   : ru_finalize_child (NOOP)
2017-05-30 22:13:17,398: umgr.unschedule.pubsub.bridge: umgr.unschedule.pubsub.bridge.child: umgr.unschedule.pubsub.bridge.child.watch: DEBUG   : ru_finalize_common (NOOP)
2017-05-30 22:13:17,398: umgr.unschedule.pubsub.bridge: umgr.unschedule.pubsub.bridge.child: umgr.unschedule.pubsub.bridge.child.watch: INFO    : send message: terminating
2017-05-30 22:13:17,802: umgr.unschedule.pubsub.bridge: MainProcess                     : umgr.unschedule.pubsub.bridge.watch: WARNING : endpoint disappeard
2017-05-30 22:13:17,803: umgr.unschedule.pubsub.bridge: MainProcess                     : umgr.unschedule.pubsub.bridge.watch: WARNING : watcher failed
2017-05-30 22:13:17,803: umgr.unschedule.pubsub.bridge: MainProcess                     : umgr.unschedule.pubsub.bridge.watch: INFO    : send message: work finished
2017-05-30 22:13:17,803: umgr.unschedule.pubsub.bridge: MainProcess                     : umgr.unschedule.pubsub.bridge.watch: DEBUG   : ru_finalize_child (NOOP)
2017-05-30 22:13:17,803: umgr.unschedule.pubsub.bridge: MainProcess                     : umgr.unschedule.pubsub.bridge.watch: DEBUG   : ru_finalize_common (NOOP)
2017-05-30 22:13:17,803: umgr.unschedule.pubsub.bridge: MainProcess                     : umgr.unschedule.pubsub.bridge.watch: INFO    : send message: terminating
2017-05-30 22:13:18,544: umgr.unschedule.pubsub.bridge: MainProcess                     : MainThread     : INFO    : parent stops child
2017-05-30 22:13:18,544: umgr.unschedule.pubsub.bridge: MainProcess                     : MainThread     : DEBUG   : ru_finalize_parent (NOOP)
2017-05-30 22:13:18,544: umgr.unschedule.pubsub.bridge: MainProcess                     : MainThread     : DEBUG   : ru_finalize_common (NOOP)
2017-05-30 22:13:18,544: umgr.unschedule.pubsub.bridge: MainProcess                     : MainThread     : INFO    : parent stops child
2017-05-30 22:13:18,545: umgr.unschedule.pubsub.bridge: MainProcess                     : MainThread     : DEBUG   : ru_finalize_parent (NOOP)
2017-05-30 22:13:18,545: umgr.unschedule.pubsub.bridge: MainProcess                     : MainThread     : DEBUG   : ru_finalize_common (NOOP)
