2017-05-30 21:46:04,718: umgr.reschedule.pubsub.bridge: MainProcess                     : MainThread     : INFO    : python.interpreter   version: 2.7.12 (default, Nov 19 2016, 06:48:10) [GCC 5.4.0 20160609]
2017-05-30 21:46:04,718: umgr.reschedule.pubsub.bridge: MainProcess                     : MainThread     : INFO    :                      pid: 16316
2017-05-30 21:46:04,718: umgr.reschedule.pubsub.bridge: MainProcess                     : MainThread     : INFO    :                      tid: MainThread
2017-05-30 21:46:04,719: umgr.reschedule.pubsub.bridge: MainProcess                     : MainThread     : INFO    : radical.pilot        version: split-81-gf853cc9b@feature-bridges
2017-05-30 21:46:04,719: umgr.reschedule.pubsub.bridge: MainProcess                     : MainThread     : INFO    : create umgr_reschedule_pubsub - bridge - tcp://*:*
2017-05-30 21:46:04,720: umgr.reschedule.pubsub.bridge: MainProcess                     : MainThread     : DEBUG   : start process
2017-05-30 21:46:04,730: umgr.reschedule.pubsub.bridge: umgr.reschedule.pubsub.bridge   : MainThread     : INFO    : child (me) initializing
2017-05-30 21:46:04,731: umgr.reschedule.pubsub.bridge: umgr.reschedule.pubsub.bridge   : MainThread     : DEBUG   : start thread
2017-05-30 21:46:04,731: umgr.reschedule.pubsub.bridge: umgr.reschedule.pubsub.bridge   : umgr.reschedule.pubsub.bridge.child.watch: INFO    : child (me) initializing
2017-05-30 21:46:04,731: umgr.reschedule.pubsub.bridge: umgr.reschedule.pubsub.bridge   : umgr.reschedule.pubsub.bridge.child.watch: DEBUG   : ru_initialize_common (NOOP)
2017-05-30 21:46:04,732: umgr.reschedule.pubsub.bridge: umgr.reschedule.pubsub.bridge   : umgr.reschedule.pubsub.bridge.child.watch: DEBUG   : ru_initialize_child (NOOP)
2017-05-30 21:46:04,732: umgr.reschedule.pubsub.bridge: umgr.reschedule.pubsub.bridge   : umgr.reschedule.pubsub.bridge.child.watch: INFO    : send alive
2017-05-30 21:46:04,732: umgr.reschedule.pubsub.bridge: umgr.reschedule.pubsub.bridge   : umgr.reschedule.pubsub.bridge.child.watch: INFO    : send message: alive
2017-05-30 21:46:04,733: umgr.reschedule.pubsub.bridge: umgr.reschedule.pubsub.bridge   : MainThread     : INFO    : recv message: alive
2017-05-30 21:46:04,733: umgr.reschedule.pubsub.bridge: umgr.reschedule.pubsub.bridge   : MainThread     : DEBUG   : ru_initialize_common (NOOP)
2017-05-30 21:46:04,734: umgr.reschedule.pubsub.bridge: umgr.reschedule.pubsub.bridge   : MainThread     : DEBUG   : ru_initialize_parent (NOOP)
2017-05-30 21:46:04,734: umgr.reschedule.pubsub.bridge: umgr.reschedule.pubsub.bridge   : MainThread     : DEBUG   : child thread umgr.reschedule.pubsub.bridge.child.watch started
2017-05-30 21:46:04,734: umgr.reschedule.pubsub.bridge: umgr.reschedule.pubsub.bridge   : MainThread     : INFO    : child (me) is alive
2017-05-30 21:46:04,734: umgr.reschedule.pubsub.bridge: umgr.reschedule.pubsub.bridge   : MainThread     : DEBUG   : ru_initialize_common (NOOP)
2017-05-30 21:46:04,738: umgr.reschedule.pubsub.bridge: umgr.reschedule.pubsub.bridge.child: MainThread     : INFO    : send alive
2017-05-30 21:46:04,738: umgr.reschedule.pubsub.bridge: umgr.reschedule.pubsub.bridge.child: MainThread     : INFO    : send message: alive
2017-05-30 21:46:04,739: umgr.reschedule.pubsub.bridge: MainProcess                     : MainThread     : INFO    : recv message: alive
2017-05-30 21:46:04,740: umgr.reschedule.pubsub.bridge: MainProcess                     : MainThread     : DEBUG   : start thread
2017-05-30 21:46:04,740: umgr.reschedule.pubsub.bridge: MainProcess                     : umgr.reschedule.pubsub.bridge.watch: INFO    : child (me) initializing
2017-05-30 21:46:04,741: umgr.reschedule.pubsub.bridge: MainProcess                     : umgr.reschedule.pubsub.bridge.watch: DEBUG   : ru_initialize_common (NOOP)
2017-05-30 21:46:04,741: umgr.reschedule.pubsub.bridge: MainProcess                     : umgr.reschedule.pubsub.bridge.watch: DEBUG   : ru_initialize_child (NOOP)
2017-05-30 21:46:04,741: umgr.reschedule.pubsub.bridge: MainProcess                     : umgr.reschedule.pubsub.bridge.watch: INFO    : send alive
2017-05-30 21:46:04,741: umgr.reschedule.pubsub.bridge: MainProcess                     : umgr.reschedule.pubsub.bridge.watch: INFO    : send message: alive
2017-05-30 21:46:04,742: umgr.reschedule.pubsub.bridge: MainProcess                     : MainThread     : INFO    : recv message: alive
2017-05-30 21:46:04,742: umgr.reschedule.pubsub.bridge: MainProcess                     : MainThread     : DEBUG   : ru_initialize_common (NOOP)
2017-05-30 21:46:04,742: umgr.reschedule.pubsub.bridge: MainProcess                     : MainThread     : DEBUG   : ru_initialize_parent (NOOP)
2017-05-30 21:46:04,742: umgr.reschedule.pubsub.bridge: MainProcess                     : MainThread     : DEBUG   : child thread umgr.reschedule.pubsub.bridge.watch started
2017-05-30 21:46:04,742: umgr.reschedule.pubsub.bridge: MainProcess                     : MainThread     : INFO    : child is alive
2017-05-30 21:46:04,743: umgr.reschedule.pubsub.bridge: MainProcess                     : MainThread     : DEBUG   : ru_initialize_common (NOOP)
2017-05-30 21:46:04,743: umgr.reschedule.pubsub.bridge: MainProcess                     : MainThread     : DEBUG   : ru_initialize_parent (NOOP)
2017-05-30 21:46:04,743: umgr.reschedule.pubsub.bridge: MainProcess                     : MainThread     : DEBUG   : child process started
2017-05-30 22:01:53,018: umgr.reschedule.pubsub.bridge: MainProcess                     : MainThread     : INFO    : parent stops child
2017-05-30 22:01:53,019: umgr.reschedule.pubsub.bridge: MainProcess                     : MainThread     : DEBUG   : ru_finalize_parent (NOOP)
2017-05-30 22:01:53,019: umgr.reschedule.pubsub.bridge: MainProcess                     : MainThread     : DEBUG   : ru_finalize_common (NOOP)
2017-05-30 22:01:53,019: umgr.reschedule.pubsub.bridge: MainProcess                     : MainThread     : INFO    : parent stops child
2017-05-30 22:01:53,019: umgr.reschedule.pubsub.bridge: MainProcess                     : MainThread     : DEBUG   : ru_finalize_parent (NOOP)
2017-05-30 22:01:53,019: umgr.reschedule.pubsub.bridge: MainProcess                     : MainThread     : DEBUG   : ru_finalize_common (NOOP)
2017-05-30 22:01:53,071: umgr.reschedule.pubsub.bridge: MainProcess                     : umgr.reschedule.pubsub.bridge.watch: INFO    : send message: work finished
2017-05-30 22:01:53,072: umgr.reschedule.pubsub.bridge: MainProcess                     : umgr.reschedule.pubsub.bridge.watch: DEBUG   : ru_finalize_child (NOOP)
2017-05-30 22:01:53,072: umgr.reschedule.pubsub.bridge: MainProcess                     : umgr.reschedule.pubsub.bridge.watch: DEBUG   : ru_finalize_common (NOOP)
2017-05-30 22:01:53,072: umgr.reschedule.pubsub.bridge: MainProcess                     : umgr.reschedule.pubsub.bridge.watch: INFO    : send message: terminating
2017-05-30 22:01:53,184: umgr.reschedule.pubsub.bridge: MainProcess                     : MainThread     : WARNING : failed to stop child - terminate
2017-05-30 22:02:10,414: umgr.reschedule.pubsub.bridge: MainProcess                     : MainThread     : INFO    : radical.pilot        version: split-81-gf853cc9b@feature-bridges
2017-05-30 22:02:10,414: umgr.reschedule.pubsub.bridge: MainProcess                     : MainThread     : INFO    : create umgr_reschedule_pubsub - bridge - tcp://*:*
2017-05-30 22:02:10,415: umgr.reschedule.pubsub.bridge: MainProcess                     : MainThread     : DEBUG   : start process
2017-05-30 22:02:10,420: umgr.reschedule.pubsub.bridge: umgr.reschedule.pubsub.bridge   : MainThread     : INFO    : child (me) initializing
2017-05-30 22:02:10,420: umgr.reschedule.pubsub.bridge: umgr.reschedule.pubsub.bridge   : MainThread     : DEBUG   : start thread
2017-05-30 22:02:10,420: umgr.reschedule.pubsub.bridge: umgr.reschedule.pubsub.bridge   : umgr.reschedule.pubsub.bridge.child.watch: INFO    : child (me) initializing
2017-05-30 22:02:10,420: umgr.reschedule.pubsub.bridge: umgr.reschedule.pubsub.bridge   : umgr.reschedule.pubsub.bridge.child.watch: DEBUG   : ru_initialize_common (NOOP)
2017-05-30 22:02:10,421: umgr.reschedule.pubsub.bridge: umgr.reschedule.pubsub.bridge   : umgr.reschedule.pubsub.bridge.child.watch: DEBUG   : ru_initialize_child (NOOP)
2017-05-30 22:02:10,421: umgr.reschedule.pubsub.bridge: umgr.reschedule.pubsub.bridge   : umgr.reschedule.pubsub.bridge.child.watch: INFO    : send alive
2017-05-30 22:02:10,421: umgr.reschedule.pubsub.bridge: umgr.reschedule.pubsub.bridge   : umgr.reschedule.pubsub.bridge.child.watch: INFO    : send message: alive
2017-05-30 22:02:10,422: umgr.reschedule.pubsub.bridge: umgr.reschedule.pubsub.bridge   : MainThread     : INFO    : recv message: alive
2017-05-30 22:02:10,422: umgr.reschedule.pubsub.bridge: umgr.reschedule.pubsub.bridge   : MainThread     : DEBUG   : ru_initialize_common (NOOP)
2017-05-30 22:02:10,422: umgr.reschedule.pubsub.bridge: umgr.reschedule.pubsub.bridge   : MainThread     : DEBUG   : ru_initialize_parent (NOOP)
2017-05-30 22:02:10,422: umgr.reschedule.pubsub.bridge: umgr.reschedule.pubsub.bridge   : MainThread     : DEBUG   : child thread umgr.reschedule.pubsub.bridge.child.watch started
2017-05-30 22:02:10,422: umgr.reschedule.pubsub.bridge: umgr.reschedule.pubsub.bridge   : MainThread     : INFO    : child (me) is alive
2017-05-30 22:02:10,422: umgr.reschedule.pubsub.bridge: umgr.reschedule.pubsub.bridge   : MainThread     : DEBUG   : ru_initialize_common (NOOP)
2017-05-30 22:02:10,423: umgr.reschedule.pubsub.bridge: umgr.reschedule.pubsub.bridge.child: MainThread     : INFO    : send alive
2017-05-30 22:02:10,424: umgr.reschedule.pubsub.bridge: umgr.reschedule.pubsub.bridge.child: MainThread     : INFO    : send message: alive
2017-05-30 22:02:10,424: umgr.reschedule.pubsub.bridge: MainProcess                     : MainThread     : INFO    : recv message: alive
2017-05-30 22:02:10,424: umgr.reschedule.pubsub.bridge: MainProcess                     : MainThread     : DEBUG   : start thread
2017-05-30 22:02:10,424: umgr.reschedule.pubsub.bridge: MainProcess                     : umgr.reschedule.pubsub.bridge.watch: INFO    : child (me) initializing
2017-05-30 22:02:10,424: umgr.reschedule.pubsub.bridge: MainProcess                     : umgr.reschedule.pubsub.bridge.watch: DEBUG   : ru_initialize_common (NOOP)
2017-05-30 22:02:10,424: umgr.reschedule.pubsub.bridge: MainProcess                     : umgr.reschedule.pubsub.bridge.watch: DEBUG   : ru_initialize_child (NOOP)
2017-05-30 22:02:10,425: umgr.reschedule.pubsub.bridge: MainProcess                     : umgr.reschedule.pubsub.bridge.watch: INFO    : send alive
2017-05-30 22:02:10,425: umgr.reschedule.pubsub.bridge: MainProcess                     : umgr.reschedule.pubsub.bridge.watch: INFO    : send message: alive
2017-05-30 22:02:10,426: umgr.reschedule.pubsub.bridge: MainProcess                     : MainThread     : INFO    : recv message: alive
2017-05-30 22:02:10,426: umgr.reschedule.pubsub.bridge: MainProcess                     : MainThread     : DEBUG   : ru_initialize_common (NOOP)
2017-05-30 22:02:10,426: umgr.reschedule.pubsub.bridge: MainProcess                     : MainThread     : DEBUG   : ru_initialize_parent (NOOP)
2017-05-30 22:02:10,426: umgr.reschedule.pubsub.bridge: MainProcess                     : MainThread     : DEBUG   : child thread umgr.reschedule.pubsub.bridge.watch started
2017-05-30 22:02:10,426: umgr.reschedule.pubsub.bridge: MainProcess                     : MainThread     : INFO    : child is alive
2017-05-30 22:02:10,426: umgr.reschedule.pubsub.bridge: MainProcess                     : MainThread     : DEBUG   : ru_initialize_common (NOOP)
2017-05-30 22:02:10,426: umgr.reschedule.pubsub.bridge: MainProcess                     : MainThread     : DEBUG   : ru_initialize_parent (NOOP)
2017-05-30 22:02:10,426: umgr.reschedule.pubsub.bridge: MainProcess                     : MainThread     : DEBUG   : child process started
2017-05-30 22:11:49,645: umgr.reschedule.pubsub.bridge: MainProcess                     : MainThread     : INFO    : parent stops child
2017-05-30 22:11:49,646: umgr.reschedule.pubsub.bridge: MainProcess                     : MainThread     : DEBUG   : ru_finalize_parent (NOOP)
2017-05-30 22:11:49,646: umgr.reschedule.pubsub.bridge: MainProcess                     : MainThread     : DEBUG   : ru_finalize_common (NOOP)
2017-05-30 22:11:49,646: umgr.reschedule.pubsub.bridge: MainProcess                     : MainThread     : INFO    : parent stops child
2017-05-30 22:11:49,647: umgr.reschedule.pubsub.bridge: MainProcess                     : MainThread     : DEBUG   : ru_finalize_parent (NOOP)
2017-05-30 22:11:49,647: umgr.reschedule.pubsub.bridge: MainProcess                     : MainThread     : DEBUG   : ru_finalize_common (NOOP)
2017-05-30 22:11:49,670: umgr.reschedule.pubsub.bridge: MainProcess                     : umgr.reschedule.pubsub.bridge.watch: INFO    : send message: work finished
2017-05-30 22:11:49,670: umgr.reschedule.pubsub.bridge: MainProcess                     : umgr.reschedule.pubsub.bridge.watch: DEBUG   : ru_finalize_child (NOOP)
2017-05-30 22:11:49,671: umgr.reschedule.pubsub.bridge: MainProcess                     : umgr.reschedule.pubsub.bridge.watch: DEBUG   : ru_finalize_common (NOOP)
2017-05-30 22:11:49,671: umgr.reschedule.pubsub.bridge: MainProcess                     : umgr.reschedule.pubsub.bridge.watch: INFO    : send message: terminating
2017-05-30 22:11:49,779: umgr.reschedule.pubsub.bridge: MainProcess                     : MainThread     : WARNING : failed to stop child - terminate
2017-05-30 22:11:58,068: umgr.reschedule.pubsub.bridge: MainProcess                     : MainThread     : INFO    : radical.pilot        version: split-81-gf853cc9b@feature-bridges
2017-05-30 22:11:58,068: umgr.reschedule.pubsub.bridge: MainProcess                     : MainThread     : INFO    : create umgr_reschedule_pubsub - bridge - tcp://*:*
2017-05-30 22:11:58,069: umgr.reschedule.pubsub.bridge: MainProcess                     : MainThread     : DEBUG   : start process
2017-05-30 22:11:58,075: umgr.reschedule.pubsub.bridge: umgr.reschedule.pubsub.bridge   : MainThread     : INFO    : child (me) initializing
2017-05-30 22:11:58,076: umgr.reschedule.pubsub.bridge: umgr.reschedule.pubsub.bridge   : MainThread     : DEBUG   : start thread
2017-05-30 22:11:58,076: umgr.reschedule.pubsub.bridge: umgr.reschedule.pubsub.bridge   : umgr.reschedule.pubsub.bridge.child.watch: INFO    : child (me) initializing
2017-05-30 22:11:58,076: umgr.reschedule.pubsub.bridge: umgr.reschedule.pubsub.bridge   : umgr.reschedule.pubsub.bridge.child.watch: DEBUG   : ru_initialize_common (NOOP)
2017-05-30 22:11:58,076: umgr.reschedule.pubsub.bridge: umgr.reschedule.pubsub.bridge   : umgr.reschedule.pubsub.bridge.child.watch: DEBUG   : ru_initialize_child (NOOP)
2017-05-30 22:11:58,076: umgr.reschedule.pubsub.bridge: umgr.reschedule.pubsub.bridge   : umgr.reschedule.pubsub.bridge.child.watch: INFO    : send alive
2017-05-30 22:11:58,076: umgr.reschedule.pubsub.bridge: umgr.reschedule.pubsub.bridge   : umgr.reschedule.pubsub.bridge.child.watch: INFO    : send message: alive
2017-05-30 22:11:58,077: umgr.reschedule.pubsub.bridge: umgr.reschedule.pubsub.bridge   : MainThread     : INFO    : recv message: alive
2017-05-30 22:11:58,077: umgr.reschedule.pubsub.bridge: umgr.reschedule.pubsub.bridge   : MainThread     : DEBUG   : ru_initialize_common (NOOP)
2017-05-30 22:11:58,077: umgr.reschedule.pubsub.bridge: umgr.reschedule.pubsub.bridge   : MainThread     : DEBUG   : ru_initialize_parent (NOOP)
2017-05-30 22:11:58,077: umgr.reschedule.pubsub.bridge: umgr.reschedule.pubsub.bridge   : MainThread     : DEBUG   : child thread umgr.reschedule.pubsub.bridge.child.watch started
2017-05-30 22:11:58,077: umgr.reschedule.pubsub.bridge: umgr.reschedule.pubsub.bridge   : MainThread     : INFO    : child (me) is alive
2017-05-30 22:11:58,077: umgr.reschedule.pubsub.bridge: umgr.reschedule.pubsub.bridge   : MainThread     : DEBUG   : ru_initialize_common (NOOP)
2017-05-30 22:11:58,079: umgr.reschedule.pubsub.bridge: umgr.reschedule.pubsub.bridge.child: MainThread     : INFO    : send alive
2017-05-30 22:11:58,079: umgr.reschedule.pubsub.bridge: umgr.reschedule.pubsub.bridge.child: MainThread     : INFO    : send message: alive
2017-05-30 22:11:58,079: umgr.reschedule.pubsub.bridge: MainProcess                     : MainThread     : INFO    : recv message: alive
2017-05-30 22:11:58,080: umgr.reschedule.pubsub.bridge: MainProcess                     : MainThread     : DEBUG   : start thread
2017-05-30 22:11:58,080: umgr.reschedule.pubsub.bridge: MainProcess                     : umgr.reschedule.pubsub.bridge.watch: INFO    : child (me) initializing
2017-05-30 22:11:58,080: umgr.reschedule.pubsub.bridge: MainProcess                     : umgr.reschedule.pubsub.bridge.watch: DEBUG   : ru_initialize_common (NOOP)
2017-05-30 22:11:58,080: umgr.reschedule.pubsub.bridge: MainProcess                     : umgr.reschedule.pubsub.bridge.watch: DEBUG   : ru_initialize_child (NOOP)
2017-05-30 22:11:58,080: umgr.reschedule.pubsub.bridge: MainProcess                     : umgr.reschedule.pubsub.bridge.watch: INFO    : send alive
2017-05-30 22:11:58,080: umgr.reschedule.pubsub.bridge: MainProcess                     : umgr.reschedule.pubsub.bridge.watch: INFO    : send message: alive
2017-05-30 22:11:58,081: umgr.reschedule.pubsub.bridge: MainProcess                     : MainThread     : INFO    : recv message: alive
2017-05-30 22:11:58,081: umgr.reschedule.pubsub.bridge: MainProcess                     : MainThread     : DEBUG   : ru_initialize_common (NOOP)
2017-05-30 22:11:58,081: umgr.reschedule.pubsub.bridge: MainProcess                     : MainThread     : DEBUG   : ru_initialize_parent (NOOP)
2017-05-30 22:11:58,082: umgr.reschedule.pubsub.bridge: MainProcess                     : MainThread     : DEBUG   : child thread umgr.reschedule.pubsub.bridge.watch started
2017-05-30 22:11:58,082: umgr.reschedule.pubsub.bridge: MainProcess                     : MainThread     : INFO    : child is alive
2017-05-30 22:11:58,082: umgr.reschedule.pubsub.bridge: MainProcess                     : MainThread     : DEBUG   : ru_initialize_common (NOOP)
2017-05-30 22:11:58,082: umgr.reschedule.pubsub.bridge: MainProcess                     : MainThread     : DEBUG   : ru_initialize_parent (NOOP)
2017-05-30 22:11:58,082: umgr.reschedule.pubsub.bridge: MainProcess                     : MainThread     : DEBUG   : child process started
2017-05-30 22:13:17,346: umgr.reschedule.pubsub.bridge: umgr.reschedule.pubsub.bridge.child: MainThread     : ERROR   : abort: KeyboardInterrupt()
Traceback (most recent call last):
  File "/home/mingtha/ve/ve.rp_add_res_cfg/local/lib/python2.7/site-packages/radical/utils/process.py", line 549, in _run
    if not self.work_cb():
  File "/home/mingtha/ve/ve.rp_add_res_cfg/local/lib/python2.7/site-packages/radical/pilot/utils/pubsub.py", line 231, in work_cb
    _socks = dict(_uninterruptible(self._poll.poll, timeout=1000)) # timeout in ms
  File "/home/mingtha/ve/ve.rp_add_res_cfg/local/lib/python2.7/site-packages/radical/pilot/utils/pubsub.py", line 50, in _uninterruptible
    return f(*args, **kwargs)
  File "/home/mingtha/ve/ve.rp_add_res_cfg/local/lib/python2.7/site-packages/zmq/sugar/poll.py", line 99, in poll
    return zmq_poll(self.sockets, timeout=timeout)
  File "zmq/backend/cython/_poll.pyx", line 116, in zmq.backend.cython._poll.zmq_poll (zmq/backend/cython/_poll.c:2036)
  File "zmq/backend/cython/checkrc.pxd", line 12, in zmq.backend.cython.checkrc._check_rc (zmq/backend/cython/_poll.c:2418)
    PyErr_CheckSignals()
KeyboardInterrupt
2017-05-30 22:13:17,347: umgr.reschedule.pubsub.bridge: umgr.reschedule.pubsub.bridge.child: MainThread     : INFO    : send message: abort: KeyboardInterrupt()
2017-05-30 22:13:17,347: umgr.reschedule.pubsub.bridge: umgr.reschedule.pubsub.bridge.child: MainThread     : DEBUG   : ru_finalize_child (NOOP)
2017-05-30 22:13:17,347: umgr.reschedule.pubsub.bridge: umgr.reschedule.pubsub.bridge.child: MainThread     : DEBUG   : ru_finalize_common (NOOP)
2017-05-30 22:13:17,347: umgr.reschedule.pubsub.bridge: umgr.reschedule.pubsub.bridge.child: MainThread     : INFO    : send message: terminating
2017-05-30 22:13:17,349: umgr.reschedule.pubsub.bridge: umgr.reschedule.pubsub.bridge.child: umgr.reschedule.pubsub.bridge.child.watch: INFO    : send message: work finished
2017-05-30 22:13:17,349: umgr.reschedule.pubsub.bridge: umgr.reschedule.pubsub.bridge.child: umgr.reschedule.pubsub.bridge.child.watch: DEBUG   : ru_finalize_child (NOOP)
2017-05-30 22:13:17,349: umgr.reschedule.pubsub.bridge: umgr.reschedule.pubsub.bridge.child: umgr.reschedule.pubsub.bridge.child.watch: DEBUG   : ru_finalize_common (NOOP)
2017-05-30 22:13:17,349: umgr.reschedule.pubsub.bridge: umgr.reschedule.pubsub.bridge.child: umgr.reschedule.pubsub.bridge.child.watch: INFO    : send message: terminating
2017-05-30 22:13:17,756: umgr.reschedule.pubsub.bridge: MainProcess                     : umgr.reschedule.pubsub.bridge.watch: WARNING : endpoint disappeard
2017-05-30 22:13:17,757: umgr.reschedule.pubsub.bridge: MainProcess                     : umgr.reschedule.pubsub.bridge.watch: WARNING : watcher failed
2017-05-30 22:13:17,757: umgr.reschedule.pubsub.bridge: MainProcess                     : umgr.reschedule.pubsub.bridge.watch: INFO    : send message: work finished
2017-05-30 22:13:17,757: umgr.reschedule.pubsub.bridge: MainProcess                     : umgr.reschedule.pubsub.bridge.watch: DEBUG   : ru_finalize_child (NOOP)
2017-05-30 22:13:17,758: umgr.reschedule.pubsub.bridge: MainProcess                     : umgr.reschedule.pubsub.bridge.watch: DEBUG   : ru_finalize_common (NOOP)
2017-05-30 22:13:17,758: umgr.reschedule.pubsub.bridge: MainProcess                     : umgr.reschedule.pubsub.bridge.watch: INFO    : send message: terminating
2017-05-30 22:13:18,544: umgr.reschedule.pubsub.bridge: MainProcess                     : MainThread     : INFO    : parent stops child
2017-05-30 22:13:18,544: umgr.reschedule.pubsub.bridge: MainProcess                     : MainThread     : DEBUG   : ru_finalize_parent (NOOP)
2017-05-30 22:13:18,544: umgr.reschedule.pubsub.bridge: MainProcess                     : MainThread     : DEBUG   : ru_finalize_common (NOOP)
2017-05-30 22:13:18,544: umgr.reschedule.pubsub.bridge: MainProcess                     : MainThread     : INFO    : parent stops child
2017-05-30 22:13:18,544: umgr.reschedule.pubsub.bridge: MainProcess                     : MainThread     : DEBUG   : ru_finalize_parent (NOOP)
2017-05-30 22:13:18,544: umgr.reschedule.pubsub.bridge: MainProcess                     : MainThread     : DEBUG   : ru_finalize_common (NOOP)
