2017-05-30 21:46:04,745: umgr.staging.input.queue.bridge: MainProcess                     : MainThread     : INFO    : python.interpreter   version: 2.7.12 (default, Nov 19 2016, 06:48:10) [GCC 5.4.0 20160609]
2017-05-30 21:46:04,745: umgr.staging.input.queue.bridge: MainProcess                     : MainThread     : INFO    :                      pid: 16316
2017-05-30 21:46:04,745: umgr.staging.input.queue.bridge: MainProcess                     : MainThread     : INFO    :                      tid: MainThread
2017-05-30 21:46:04,746: umgr.staging.input.queue.bridge: MainProcess                     : MainThread     : INFO    : radical.pilot        version: split-81-gf853cc9b@feature-bridges
2017-05-30 21:46:04,746: umgr.staging.input.queue.bridge: MainProcess                     : MainThread     : INFO    : create umgr_staging_input_queue - bridge - tcp://*:*
2017-05-30 21:46:04,747: umgr.staging.input.queue.bridge: MainProcess                     : MainThread     : DEBUG   : start process
2017-05-30 21:46:04,756: umgr.staging.input.queue.bridge: umgr.staging.input.queue.bridge : MainThread     : INFO    : child (me) initializing
2017-05-30 21:46:04,757: umgr.staging.input.queue.bridge: umgr.staging.input.queue.bridge : MainThread     : DEBUG   : start thread
2017-05-30 21:46:04,758: umgr.staging.input.queue.bridge: umgr.staging.input.queue.bridge : umgr.staging.input.queue.bridge.child.watch: INFO    : child (me) initializing
2017-05-30 21:46:04,758: umgr.staging.input.queue.bridge: umgr.staging.input.queue.bridge : umgr.staging.input.queue.bridge.child.watch: DEBUG   : ru_initialize_common (NOOP)
2017-05-30 21:46:04,758: umgr.staging.input.queue.bridge: umgr.staging.input.queue.bridge : umgr.staging.input.queue.bridge.child.watch: DEBUG   : ru_initialize_child (NOOP)
2017-05-30 21:46:04,758: umgr.staging.input.queue.bridge: umgr.staging.input.queue.bridge : umgr.staging.input.queue.bridge.child.watch: INFO    : send alive
2017-05-30 21:46:04,758: umgr.staging.input.queue.bridge: umgr.staging.input.queue.bridge : umgr.staging.input.queue.bridge.child.watch: INFO    : send message: alive
2017-05-30 21:46:04,759: umgr.staging.input.queue.bridge: umgr.staging.input.queue.bridge : MainThread     : INFO    : recv message: alive
2017-05-30 21:46:04,759: umgr.staging.input.queue.bridge: umgr.staging.input.queue.bridge : MainThread     : DEBUG   : ru_initialize_common (NOOP)
2017-05-30 21:46:04,760: umgr.staging.input.queue.bridge: umgr.staging.input.queue.bridge : MainThread     : DEBUG   : ru_initialize_parent (NOOP)
2017-05-30 21:46:04,760: umgr.staging.input.queue.bridge: umgr.staging.input.queue.bridge : MainThread     : DEBUG   : child thread umgr.staging.input.queue.bridge.child.watch started
2017-05-30 21:46:04,760: umgr.staging.input.queue.bridge: umgr.staging.input.queue.bridge : MainThread     : INFO    : child (me) is alive
2017-05-30 21:46:04,760: umgr.staging.input.queue.bridge: umgr.staging.input.queue.bridge : MainThread     : DEBUG   : ru_initialize_common (NOOP)
2017-05-30 21:46:04,764: umgr.staging.input.queue.bridge: umgr.staging.input.queue.bridge.child: MainThread     : INFO    : send alive
2017-05-30 21:46:04,765: umgr.staging.input.queue.bridge: umgr.staging.input.queue.bridge.child: MainThread     : INFO    : send message: alive
2017-05-30 21:46:04,765: umgr.staging.input.queue.bridge: MainProcess                     : MainThread     : INFO    : recv message: alive
2017-05-30 21:46:04,766: umgr.staging.input.queue.bridge: MainProcess                     : MainThread     : DEBUG   : start thread
2017-05-30 21:46:04,766: umgr.staging.input.queue.bridge: MainProcess                     : umgr.staging.input.queue.bridge.watch: INFO    : child (me) initializing
2017-05-30 21:46:04,767: umgr.staging.input.queue.bridge: MainProcess                     : umgr.staging.input.queue.bridge.watch: DEBUG   : ru_initialize_common (NOOP)
2017-05-30 21:46:04,767: umgr.staging.input.queue.bridge: MainProcess                     : umgr.staging.input.queue.bridge.watch: DEBUG   : ru_initialize_child (NOOP)
2017-05-30 21:46:04,767: umgr.staging.input.queue.bridge: MainProcess                     : umgr.staging.input.queue.bridge.watch: INFO    : send alive
2017-05-30 21:46:04,767: umgr.staging.input.queue.bridge: MainProcess                     : umgr.staging.input.queue.bridge.watch: INFO    : send message: alive
2017-05-30 21:46:04,768: umgr.staging.input.queue.bridge: MainProcess                     : MainThread     : INFO    : recv message: alive
2017-05-30 21:46:04,768: umgr.staging.input.queue.bridge: MainProcess                     : MainThread     : DEBUG   : ru_initialize_common (NOOP)
2017-05-30 21:46:04,768: umgr.staging.input.queue.bridge: MainProcess                     : MainThread     : DEBUG   : ru_initialize_parent (NOOP)
2017-05-30 21:46:04,768: umgr.staging.input.queue.bridge: MainProcess                     : MainThread     : DEBUG   : child thread umgr.staging.input.queue.bridge.watch started
2017-05-30 21:46:04,768: umgr.staging.input.queue.bridge: MainProcess                     : MainThread     : INFO    : child is alive
2017-05-30 21:46:04,768: umgr.staging.input.queue.bridge: MainProcess                     : MainThread     : DEBUG   : ru_initialize_common (NOOP)
2017-05-30 21:46:04,769: umgr.staging.input.queue.bridge: MainProcess                     : MainThread     : DEBUG   : ru_initialize_parent (NOOP)
2017-05-30 21:46:04,769: umgr.staging.input.queue.bridge: MainProcess                     : MainThread     : DEBUG   : child process started
2017-05-30 22:01:53,187: umgr.staging.input.queue.bridge: MainProcess                     : MainThread     : INFO    : parent stops child
2017-05-30 22:01:53,188: umgr.staging.input.queue.bridge: MainProcess                     : MainThread     : DEBUG   : ru_finalize_parent (NOOP)
2017-05-30 22:01:53,188: umgr.staging.input.queue.bridge: MainProcess                     : MainThread     : DEBUG   : ru_finalize_common (NOOP)
2017-05-30 22:01:53,188: umgr.staging.input.queue.bridge: MainProcess                     : MainThread     : INFO    : parent stops child
2017-05-30 22:01:53,188: umgr.staging.input.queue.bridge: MainProcess                     : MainThread     : DEBUG   : ru_finalize_parent (NOOP)
2017-05-30 22:01:53,188: umgr.staging.input.queue.bridge: MainProcess                     : MainThread     : DEBUG   : ru_finalize_common (NOOP)
2017-05-30 22:01:53,271: umgr.staging.input.queue.bridge: MainProcess                     : umgr.staging.input.queue.bridge.watch: INFO    : send message: work finished
2017-05-30 22:01:53,272: umgr.staging.input.queue.bridge: MainProcess                     : umgr.staging.input.queue.bridge.watch: DEBUG   : ru_finalize_child (NOOP)
2017-05-30 22:01:53,272: umgr.staging.input.queue.bridge: MainProcess                     : umgr.staging.input.queue.bridge.watch: DEBUG   : ru_finalize_common (NOOP)
2017-05-30 22:01:53,272: umgr.staging.input.queue.bridge: MainProcess                     : umgr.staging.input.queue.bridge.watch: INFO    : send message: terminating
2017-05-30 22:01:53,403: umgr.staging.input.queue.bridge: MainProcess                     : MainThread     : WARNING : failed to stop child - terminate
2017-05-30 22:02:10,426: umgr.staging.input.queue.bridge: MainProcess                     : MainThread     : INFO    : radical.pilot        version: split-81-gf853cc9b@feature-bridges
2017-05-30 22:02:10,427: umgr.staging.input.queue.bridge: MainProcess                     : MainThread     : INFO    : create umgr_staging_input_queue - bridge - tcp://*:*
2017-05-30 22:02:10,427: umgr.staging.input.queue.bridge: MainProcess                     : MainThread     : DEBUG   : start process
2017-05-30 22:02:10,432: umgr.staging.input.queue.bridge: umgr.staging.input.queue.bridge : MainThread     : INFO    : child (me) initializing
2017-05-30 22:02:10,433: umgr.staging.input.queue.bridge: umgr.staging.input.queue.bridge : MainThread     : DEBUG   : start thread
2017-05-30 22:02:10,433: umgr.staging.input.queue.bridge: umgr.staging.input.queue.bridge : umgr.staging.input.queue.bridge.child.watch: INFO    : child (me) initializing
2017-05-30 22:02:10,433: umgr.staging.input.queue.bridge: umgr.staging.input.queue.bridge : umgr.staging.input.queue.bridge.child.watch: DEBUG   : ru_initialize_common (NOOP)
2017-05-30 22:02:10,433: umgr.staging.input.queue.bridge: umgr.staging.input.queue.bridge : umgr.staging.input.queue.bridge.child.watch: DEBUG   : ru_initialize_child (NOOP)
2017-05-30 22:02:10,433: umgr.staging.input.queue.bridge: umgr.staging.input.queue.bridge : umgr.staging.input.queue.bridge.child.watch: INFO    : send alive
2017-05-30 22:02:10,433: umgr.staging.input.queue.bridge: umgr.staging.input.queue.bridge : umgr.staging.input.queue.bridge.child.watch: INFO    : send message: alive
2017-05-30 22:02:10,434: umgr.staging.input.queue.bridge: umgr.staging.input.queue.bridge : MainThread     : INFO    : recv message: alive
2017-05-30 22:02:10,434: umgr.staging.input.queue.bridge: umgr.staging.input.queue.bridge : MainThread     : DEBUG   : ru_initialize_common (NOOP)
2017-05-30 22:02:10,434: umgr.staging.input.queue.bridge: umgr.staging.input.queue.bridge : MainThread     : DEBUG   : ru_initialize_parent (NOOP)
2017-05-30 22:02:10,434: umgr.staging.input.queue.bridge: umgr.staging.input.queue.bridge : MainThread     : DEBUG   : child thread umgr.staging.input.queue.bridge.child.watch started
2017-05-30 22:02:10,434: umgr.staging.input.queue.bridge: umgr.staging.input.queue.bridge : MainThread     : INFO    : child (me) is alive
2017-05-30 22:02:10,434: umgr.staging.input.queue.bridge: umgr.staging.input.queue.bridge : MainThread     : DEBUG   : ru_initialize_common (NOOP)
2017-05-30 22:02:10,436: umgr.staging.input.queue.bridge: umgr.staging.input.queue.bridge.child: MainThread     : INFO    : send alive
2017-05-30 22:02:10,436: umgr.staging.input.queue.bridge: umgr.staging.input.queue.bridge.child: MainThread     : INFO    : send message: alive
2017-05-30 22:02:10,437: umgr.staging.input.queue.bridge: MainProcess                     : MainThread     : INFO    : recv message: alive
2017-05-30 22:02:10,437: umgr.staging.input.queue.bridge: MainProcess                     : MainThread     : DEBUG   : start thread
2017-05-30 22:02:10,437: umgr.staging.input.queue.bridge: MainProcess                     : umgr.staging.input.queue.bridge.watch: INFO    : child (me) initializing
2017-05-30 22:02:10,437: umgr.staging.input.queue.bridge: MainProcess                     : umgr.staging.input.queue.bridge.watch: DEBUG   : ru_initialize_common (NOOP)
2017-05-30 22:02:10,437: umgr.staging.input.queue.bridge: MainProcess                     : umgr.staging.input.queue.bridge.watch: DEBUG   : ru_initialize_child (NOOP)
2017-05-30 22:02:10,437: umgr.staging.input.queue.bridge: MainProcess                     : umgr.staging.input.queue.bridge.watch: INFO    : send alive
2017-05-30 22:02:10,437: umgr.staging.input.queue.bridge: MainProcess                     : umgr.staging.input.queue.bridge.watch: INFO    : send message: alive
2017-05-30 22:02:10,438: umgr.staging.input.queue.bridge: MainProcess                     : MainThread     : INFO    : recv message: alive
2017-05-30 22:02:10,438: umgr.staging.input.queue.bridge: MainProcess                     : MainThread     : DEBUG   : ru_initialize_common (NOOP)
2017-05-30 22:02:10,438: umgr.staging.input.queue.bridge: MainProcess                     : MainThread     : DEBUG   : ru_initialize_parent (NOOP)
2017-05-30 22:02:10,438: umgr.staging.input.queue.bridge: MainProcess                     : MainThread     : DEBUG   : child thread umgr.staging.input.queue.bridge.watch started
2017-05-30 22:02:10,438: umgr.staging.input.queue.bridge: MainProcess                     : MainThread     : INFO    : child is alive
2017-05-30 22:02:10,439: umgr.staging.input.queue.bridge: MainProcess                     : MainThread     : DEBUG   : ru_initialize_common (NOOP)
2017-05-30 22:02:10,439: umgr.staging.input.queue.bridge: MainProcess                     : MainThread     : DEBUG   : ru_initialize_parent (NOOP)
2017-05-30 22:02:10,439: umgr.staging.input.queue.bridge: MainProcess                     : MainThread     : DEBUG   : child process started
2017-05-30 22:11:49,784: umgr.staging.input.queue.bridge: MainProcess                     : MainThread     : INFO    : parent stops child
2017-05-30 22:11:49,784: umgr.staging.input.queue.bridge: MainProcess                     : MainThread     : DEBUG   : ru_finalize_parent (NOOP)
2017-05-30 22:11:49,784: umgr.staging.input.queue.bridge: MainProcess                     : MainThread     : DEBUG   : ru_finalize_common (NOOP)
2017-05-30 22:11:49,784: umgr.staging.input.queue.bridge: MainProcess                     : MainThread     : INFO    : parent stops child
2017-05-30 22:11:49,784: umgr.staging.input.queue.bridge: MainProcess                     : MainThread     : DEBUG   : ru_finalize_parent (NOOP)
2017-05-30 22:11:49,784: umgr.staging.input.queue.bridge: MainProcess                     : MainThread     : DEBUG   : ru_finalize_common (NOOP)
2017-05-30 22:11:49,867: umgr.staging.input.queue.bridge: MainProcess                     : umgr.staging.input.queue.bridge.watch: INFO    : send message: work finished
2017-05-30 22:11:49,868: umgr.staging.input.queue.bridge: MainProcess                     : umgr.staging.input.queue.bridge.watch: DEBUG   : ru_finalize_child (NOOP)
2017-05-30 22:11:49,868: umgr.staging.input.queue.bridge: MainProcess                     : umgr.staging.input.queue.bridge.watch: DEBUG   : ru_finalize_common (NOOP)
2017-05-30 22:11:49,868: umgr.staging.input.queue.bridge: MainProcess                     : umgr.staging.input.queue.bridge.watch: INFO    : send message: terminating
2017-05-30 22:11:49,999: umgr.staging.input.queue.bridge: MainProcess                     : MainThread     : WARNING : failed to stop child - terminate
2017-05-30 22:11:58,082: umgr.staging.input.queue.bridge: MainProcess                     : MainThread     : INFO    : radical.pilot        version: split-81-gf853cc9b@feature-bridges
2017-05-30 22:11:58,082: umgr.staging.input.queue.bridge: MainProcess                     : MainThread     : INFO    : create umgr_staging_input_queue - bridge - tcp://*:*
2017-05-30 22:11:58,083: umgr.staging.input.queue.bridge: MainProcess                     : MainThread     : DEBUG   : start process
2017-05-30 22:11:58,090: umgr.staging.input.queue.bridge: umgr.staging.input.queue.bridge : MainThread     : INFO    : child (me) initializing
2017-05-30 22:11:58,091: umgr.staging.input.queue.bridge: umgr.staging.input.queue.bridge : MainThread     : DEBUG   : start thread
2017-05-30 22:11:58,091: umgr.staging.input.queue.bridge: umgr.staging.input.queue.bridge : umgr.staging.input.queue.bridge.child.watch: INFO    : child (me) initializing
2017-05-30 22:11:58,091: umgr.staging.input.queue.bridge: umgr.staging.input.queue.bridge : umgr.staging.input.queue.bridge.child.watch: DEBUG   : ru_initialize_common (NOOP)
2017-05-30 22:11:58,091: umgr.staging.input.queue.bridge: umgr.staging.input.queue.bridge : umgr.staging.input.queue.bridge.child.watch: DEBUG   : ru_initialize_child (NOOP)
2017-05-30 22:11:58,091: umgr.staging.input.queue.bridge: umgr.staging.input.queue.bridge : umgr.staging.input.queue.bridge.child.watch: INFO    : send alive
2017-05-30 22:11:58,091: umgr.staging.input.queue.bridge: umgr.staging.input.queue.bridge : umgr.staging.input.queue.bridge.child.watch: INFO    : send message: alive
2017-05-30 22:11:58,092: umgr.staging.input.queue.bridge: umgr.staging.input.queue.bridge : MainThread     : INFO    : recv message: alive
2017-05-30 22:11:58,092: umgr.staging.input.queue.bridge: umgr.staging.input.queue.bridge : MainThread     : DEBUG   : ru_initialize_common (NOOP)
2017-05-30 22:11:58,092: umgr.staging.input.queue.bridge: umgr.staging.input.queue.bridge : MainThread     : DEBUG   : ru_initialize_parent (NOOP)
2017-05-30 22:11:58,092: umgr.staging.input.queue.bridge: umgr.staging.input.queue.bridge : MainThread     : DEBUG   : child thread umgr.staging.input.queue.bridge.child.watch started
2017-05-30 22:11:58,093: umgr.staging.input.queue.bridge: umgr.staging.input.queue.bridge : MainThread     : INFO    : child (me) is alive
2017-05-30 22:11:58,093: umgr.staging.input.queue.bridge: umgr.staging.input.queue.bridge : MainThread     : DEBUG   : ru_initialize_common (NOOP)
2017-05-30 22:11:58,095: umgr.staging.input.queue.bridge: umgr.staging.input.queue.bridge.child: MainThread     : INFO    : send alive
2017-05-30 22:11:58,095: umgr.staging.input.queue.bridge: umgr.staging.input.queue.bridge.child: MainThread     : INFO    : send message: alive
2017-05-30 22:11:58,095: umgr.staging.input.queue.bridge: MainProcess                     : MainThread     : INFO    : recv message: alive
2017-05-30 22:11:58,095: umgr.staging.input.queue.bridge: MainProcess                     : MainThread     : DEBUG   : start thread
2017-05-30 22:11:58,096: umgr.staging.input.queue.bridge: MainProcess                     : umgr.staging.input.queue.bridge.watch: INFO    : child (me) initializing
2017-05-30 22:11:58,096: umgr.staging.input.queue.bridge: MainProcess                     : umgr.staging.input.queue.bridge.watch: DEBUG   : ru_initialize_common (NOOP)
2017-05-30 22:11:58,096: umgr.staging.input.queue.bridge: MainProcess                     : umgr.staging.input.queue.bridge.watch: DEBUG   : ru_initialize_child (NOOP)
2017-05-30 22:11:58,096: umgr.staging.input.queue.bridge: MainProcess                     : umgr.staging.input.queue.bridge.watch: INFO    : send alive
2017-05-30 22:11:58,096: umgr.staging.input.queue.bridge: MainProcess                     : umgr.staging.input.queue.bridge.watch: INFO    : send message: alive
2017-05-30 22:11:58,097: umgr.staging.input.queue.bridge: MainProcess                     : MainThread     : INFO    : recv message: alive
2017-05-30 22:11:58,097: umgr.staging.input.queue.bridge: MainProcess                     : MainThread     : DEBUG   : ru_initialize_common (NOOP)
2017-05-30 22:11:58,097: umgr.staging.input.queue.bridge: MainProcess                     : MainThread     : DEBUG   : ru_initialize_parent (NOOP)
2017-05-30 22:11:58,097: umgr.staging.input.queue.bridge: MainProcess                     : MainThread     : DEBUG   : child thread umgr.staging.input.queue.bridge.watch started
2017-05-30 22:11:58,097: umgr.staging.input.queue.bridge: MainProcess                     : MainThread     : INFO    : child is alive
2017-05-30 22:11:58,097: umgr.staging.input.queue.bridge: MainProcess                     : MainThread     : DEBUG   : ru_initialize_common (NOOP)
2017-05-30 22:11:58,097: umgr.staging.input.queue.bridge: MainProcess                     : MainThread     : DEBUG   : ru_initialize_parent (NOOP)
2017-05-30 22:11:58,097: umgr.staging.input.queue.bridge: MainProcess                     : MainThread     : DEBUG   : child process started
2017-05-30 22:13:17,348: umgr.staging.input.queue.bridge: umgr.staging.input.queue.bridge.child: MainThread     : ERROR   : abort: KeyboardInterrupt()
Traceback (most recent call last):
  File "/home/mingtha/ve/ve.rp_add_res_cfg/local/lib/python2.7/site-packages/radical/utils/process.py", line 549, in _run
    if not self.work_cb():
  File "/home/mingtha/ve/ve.rp_add_res_cfg/local/lib/python2.7/site-packages/radical/pilot/utils/queue.py", line 320, in work_cb
    timeout=1000):
  File "/home/mingtha/ve/ve.rp_add_res_cfg/local/lib/python2.7/site-packages/radical/pilot/utils/queue.py", line 50, in _uninterruptible
    return f(*args, **kwargs)
  File "/home/mingtha/ve/ve.rp_add_res_cfg/local/lib/python2.7/site-packages/zmq/sugar/socket.py", line 558, in poll
    evts = dict(p.poll(timeout))
  File "/home/mingtha/ve/ve.rp_add_res_cfg/local/lib/python2.7/site-packages/zmq/sugar/poll.py", line 99, in poll
    return zmq_poll(self.sockets, timeout=timeout)
  File "zmq/backend/cython/_poll.pyx", line 116, in zmq.backend.cython._poll.zmq_poll (zmq/backend/cython/_poll.c:2036)
  File "zmq/backend/cython/checkrc.pxd", line 12, in zmq.backend.cython.checkrc._check_rc (zmq/backend/cython/_poll.c:2418)
    PyErr_CheckSignals()
KeyboardInterrupt
2017-05-30 22:13:17,348: umgr.staging.input.queue.bridge: umgr.staging.input.queue.bridge.child: MainThread     : INFO    : send message: abort: KeyboardInterrupt()
2017-05-30 22:13:17,349: umgr.staging.input.queue.bridge: umgr.staging.input.queue.bridge.child: MainThread     : DEBUG   : ru_finalize_child (NOOP)
2017-05-30 22:13:17,349: umgr.staging.input.queue.bridge: umgr.staging.input.queue.bridge.child: MainThread     : DEBUG   : ru_finalize_common (NOOP)
2017-05-30 22:13:17,349: umgr.staging.input.queue.bridge: umgr.staging.input.queue.bridge.child: MainThread     : INFO    : send message: terminating
2017-05-30 22:13:17,366: umgr.staging.input.queue.bridge: umgr.staging.input.queue.bridge.child: umgr.staging.input.queue.bridge.child.watch: INFO    : send message: work finished
2017-05-30 22:13:17,366: umgr.staging.input.queue.bridge: umgr.staging.input.queue.bridge.child: umgr.staging.input.queue.bridge.child.watch: DEBUG   : ru_finalize_child (NOOP)
2017-05-30 22:13:17,366: umgr.staging.input.queue.bridge: umgr.staging.input.queue.bridge.child: umgr.staging.input.queue.bridge.child.watch: DEBUG   : ru_finalize_common (NOOP)
2017-05-30 22:13:17,366: umgr.staging.input.queue.bridge: umgr.staging.input.queue.bridge.child: umgr.staging.input.queue.bridge.child.watch: INFO    : send message: terminating
2017-05-30 22:13:17,777: umgr.staging.input.queue.bridge: MainProcess                     : umgr.staging.input.queue.bridge.watch: WARNING : endpoint disappeard
2017-05-30 22:13:17,778: umgr.staging.input.queue.bridge: MainProcess                     : umgr.staging.input.queue.bridge.watch: WARNING : watcher failed
2017-05-30 22:13:17,778: umgr.staging.input.queue.bridge: MainProcess                     : umgr.staging.input.queue.bridge.watch: INFO    : send message: work finished
2017-05-30 22:13:17,778: umgr.staging.input.queue.bridge: MainProcess                     : umgr.staging.input.queue.bridge.watch: DEBUG   : ru_finalize_child (NOOP)
2017-05-30 22:13:17,778: umgr.staging.input.queue.bridge: MainProcess                     : umgr.staging.input.queue.bridge.watch: DEBUG   : ru_finalize_common (NOOP)
2017-05-30 22:13:17,778: umgr.staging.input.queue.bridge: MainProcess                     : umgr.staging.input.queue.bridge.watch: INFO    : send message: terminating
2017-05-30 22:13:18,544: umgr.staging.input.queue.bridge: MainProcess                     : MainThread     : INFO    : parent stops child
2017-05-30 22:13:18,544: umgr.staging.input.queue.bridge: MainProcess                     : MainThread     : DEBUG   : ru_finalize_parent (NOOP)
2017-05-30 22:13:18,544: umgr.staging.input.queue.bridge: MainProcess                     : MainThread     : DEBUG   : ru_finalize_common (NOOP)
2017-05-30 22:13:18,544: umgr.staging.input.queue.bridge: MainProcess                     : MainThread     : INFO    : parent stops child
2017-05-30 22:13:18,544: umgr.staging.input.queue.bridge: MainProcess                     : MainThread     : DEBUG   : ru_finalize_parent (NOOP)
2017-05-30 22:13:18,544: umgr.staging.input.queue.bridge: MainProcess                     : MainThread     : DEBUG   : ru_finalize_common (NOOP)
