2017-05-30 21:46:04,771: umgr.staging.output.queue.bridge: MainProcess                     : MainThread     : INFO    : python.interpreter   version: 2.7.12 (default, Nov 19 2016, 06:48:10) [GCC 5.4.0 20160609]
2017-05-30 21:46:04,771: umgr.staging.output.queue.bridge: MainProcess                     : MainThread     : INFO    :                      pid: 16316
2017-05-30 21:46:04,771: umgr.staging.output.queue.bridge: MainProcess                     : MainThread     : INFO    :                      tid: MainThread
2017-05-30 21:46:04,771: umgr.staging.output.queue.bridge: MainProcess                     : MainThread     : INFO    : radical.pilot        version: split-81-gf853cc9b@feature-bridges
2017-05-30 21:46:04,772: umgr.staging.output.queue.bridge: MainProcess                     : MainThread     : INFO    : create umgr_staging_output_queue - bridge - tcp://*:*
2017-05-30 21:46:04,772: umgr.staging.output.queue.bridge: MainProcess                     : MainThread     : DEBUG   : start process
2017-05-30 21:46:04,782: umgr.staging.output.queue.bridge: umgr.staging.output.queue.bridge: MainThread     : INFO    : child (me) initializing
2017-05-30 21:46:04,783: umgr.staging.output.queue.bridge: umgr.staging.output.queue.bridge: MainThread     : DEBUG   : start thread
2017-05-30 21:46:04,784: umgr.staging.output.queue.bridge: umgr.staging.output.queue.bridge: umgr.staging.output.queue.bridge.child.watch: INFO    : child (me) initializing
2017-05-30 21:46:04,784: umgr.staging.output.queue.bridge: umgr.staging.output.queue.bridge: umgr.staging.output.queue.bridge.child.watch: DEBUG   : ru_initialize_common (NOOP)
2017-05-30 21:46:04,784: umgr.staging.output.queue.bridge: umgr.staging.output.queue.bridge: umgr.staging.output.queue.bridge.child.watch: DEBUG   : ru_initialize_child (NOOP)
2017-05-30 21:46:04,785: umgr.staging.output.queue.bridge: umgr.staging.output.queue.bridge: umgr.staging.output.queue.bridge.child.watch: INFO    : send alive
2017-05-30 21:46:04,785: umgr.staging.output.queue.bridge: umgr.staging.output.queue.bridge: umgr.staging.output.queue.bridge.child.watch: INFO    : send message: alive
2017-05-30 21:46:04,785: umgr.staging.output.queue.bridge: umgr.staging.output.queue.bridge: MainThread     : INFO    : recv message: alive
2017-05-30 21:46:04,786: umgr.staging.output.queue.bridge: umgr.staging.output.queue.bridge: MainThread     : DEBUG   : ru_initialize_common (NOOP)
2017-05-30 21:46:04,786: umgr.staging.output.queue.bridge: umgr.staging.output.queue.bridge: MainThread     : DEBUG   : ru_initialize_parent (NOOP)
2017-05-30 21:46:04,786: umgr.staging.output.queue.bridge: umgr.staging.output.queue.bridge: MainThread     : DEBUG   : child thread umgr.staging.output.queue.bridge.child.watch started
2017-05-30 21:46:04,786: umgr.staging.output.queue.bridge: umgr.staging.output.queue.bridge: MainThread     : INFO    : child (me) is alive
2017-05-30 21:46:04,786: umgr.staging.output.queue.bridge: umgr.staging.output.queue.bridge: MainThread     : DEBUG   : ru_initialize_common (NOOP)
2017-05-30 21:46:04,790: umgr.staging.output.queue.bridge: umgr.staging.output.queue.bridge.child: MainThread     : INFO    : send alive
2017-05-30 21:46:04,791: umgr.staging.output.queue.bridge: umgr.staging.output.queue.bridge.child: MainThread     : INFO    : send message: alive
2017-05-30 21:46:04,791: umgr.staging.output.queue.bridge: MainProcess                     : MainThread     : INFO    : recv message: alive
2017-05-30 21:46:04,792: umgr.staging.output.queue.bridge: MainProcess                     : MainThread     : DEBUG   : start thread
2017-05-30 21:46:04,792: umgr.staging.output.queue.bridge: MainProcess                     : umgr.staging.output.queue.bridge.watch: INFO    : child (me) initializing
2017-05-30 21:46:04,793: umgr.staging.output.queue.bridge: MainProcess                     : umgr.staging.output.queue.bridge.watch: DEBUG   : ru_initialize_common (NOOP)
2017-05-30 21:46:04,793: umgr.staging.output.queue.bridge: MainProcess                     : umgr.staging.output.queue.bridge.watch: DEBUG   : ru_initialize_child (NOOP)
2017-05-30 21:46:04,793: umgr.staging.output.queue.bridge: MainProcess                     : umgr.staging.output.queue.bridge.watch: INFO    : send alive
2017-05-30 21:46:04,793: umgr.staging.output.queue.bridge: MainProcess                     : umgr.staging.output.queue.bridge.watch: INFO    : send message: alive
2017-05-30 21:46:04,794: umgr.staging.output.queue.bridge: MainProcess                     : MainThread     : INFO    : recv message: alive
2017-05-30 21:46:04,794: umgr.staging.output.queue.bridge: MainProcess                     : MainThread     : DEBUG   : ru_initialize_common (NOOP)
2017-05-30 21:46:04,794: umgr.staging.output.queue.bridge: MainProcess                     : MainThread     : DEBUG   : ru_initialize_parent (NOOP)
2017-05-30 21:46:04,795: umgr.staging.output.queue.bridge: MainProcess                     : MainThread     : DEBUG   : child thread umgr.staging.output.queue.bridge.watch started
2017-05-30 21:46:04,795: umgr.staging.output.queue.bridge: MainProcess                     : MainThread     : INFO    : child is alive
2017-05-30 21:46:04,795: umgr.staging.output.queue.bridge: MainProcess                     : MainThread     : DEBUG   : ru_initialize_common (NOOP)
2017-05-30 21:46:04,795: umgr.staging.output.queue.bridge: MainProcess                     : MainThread     : DEBUG   : ru_initialize_parent (NOOP)
2017-05-30 21:46:04,795: umgr.staging.output.queue.bridge: MainProcess                     : MainThread     : DEBUG   : child process started
2017-05-30 22:01:53,407: umgr.staging.output.queue.bridge: MainProcess                     : MainThread     : INFO    : parent stops child
2017-05-30 22:01:53,437: umgr.staging.output.queue.bridge: MainProcess                     : MainThread     : DEBUG   : ru_finalize_parent (NOOP)
2017-05-30 22:01:53,438: umgr.staging.output.queue.bridge: MainProcess                     : MainThread     : DEBUG   : ru_finalize_common (NOOP)
2017-05-30 22:01:53,438: umgr.staging.output.queue.bridge: MainProcess                     : MainThread     : INFO    : parent stops child
2017-05-30 22:01:53,438: umgr.staging.output.queue.bridge: MainProcess                     : MainThread     : DEBUG   : ru_finalize_parent (NOOP)
2017-05-30 22:01:53,438: umgr.staging.output.queue.bridge: MainProcess                     : MainThread     : DEBUG   : ru_finalize_common (NOOP)
2017-05-30 22:01:53,455: umgr.staging.output.queue.bridge: MainProcess                     : umgr.staging.output.queue.bridge.watch: INFO    : send message: work finished
2017-05-30 22:01:53,456: umgr.staging.output.queue.bridge: MainProcess                     : umgr.staging.output.queue.bridge.watch: DEBUG   : ru_finalize_child (NOOP)
2017-05-30 22:01:53,456: umgr.staging.output.queue.bridge: MainProcess                     : umgr.staging.output.queue.bridge.watch: DEBUG   : ru_finalize_common (NOOP)
2017-05-30 22:01:53,456: umgr.staging.output.queue.bridge: MainProcess                     : umgr.staging.output.queue.bridge.watch: INFO    : send message: terminating
2017-05-30 22:01:53,571: umgr.staging.output.queue.bridge: MainProcess                     : MainThread     : WARNING : failed to stop child - terminate
2017-05-30 22:02:10,439: umgr.staging.output.queue.bridge: MainProcess                     : MainThread     : INFO    : radical.pilot        version: split-81-gf853cc9b@feature-bridges
2017-05-30 22:02:10,439: umgr.staging.output.queue.bridge: MainProcess                     : MainThread     : INFO    : create umgr_staging_output_queue - bridge - tcp://*:*
2017-05-30 22:02:10,439: umgr.staging.output.queue.bridge: MainProcess                     : MainThread     : DEBUG   : start process
2017-05-30 22:02:10,445: umgr.staging.output.queue.bridge: umgr.staging.output.queue.bridge: MainThread     : INFO    : child (me) initializing
2017-05-30 22:02:10,446: umgr.staging.output.queue.bridge: umgr.staging.output.queue.bridge: MainThread     : DEBUG   : start thread
2017-05-30 22:02:10,446: umgr.staging.output.queue.bridge: umgr.staging.output.queue.bridge: umgr.staging.output.queue.bridge.child.watch: INFO    : child (me) initializing
2017-05-30 22:02:10,446: umgr.staging.output.queue.bridge: umgr.staging.output.queue.bridge: umgr.staging.output.queue.bridge.child.watch: DEBUG   : ru_initialize_common (NOOP)
2017-05-30 22:02:10,446: umgr.staging.output.queue.bridge: umgr.staging.output.queue.bridge: umgr.staging.output.queue.bridge.child.watch: DEBUG   : ru_initialize_child (NOOP)
2017-05-30 22:02:10,446: umgr.staging.output.queue.bridge: umgr.staging.output.queue.bridge: umgr.staging.output.queue.bridge.child.watch: INFO    : send alive
2017-05-30 22:02:10,446: umgr.staging.output.queue.bridge: umgr.staging.output.queue.bridge: umgr.staging.output.queue.bridge.child.watch: INFO    : send message: alive
2017-05-30 22:02:10,447: umgr.staging.output.queue.bridge: umgr.staging.output.queue.bridge: MainThread     : INFO    : recv message: alive
2017-05-30 22:02:10,447: umgr.staging.output.queue.bridge: umgr.staging.output.queue.bridge: MainThread     : DEBUG   : ru_initialize_common (NOOP)
2017-05-30 22:02:10,447: umgr.staging.output.queue.bridge: umgr.staging.output.queue.bridge: MainThread     : DEBUG   : ru_initialize_parent (NOOP)
2017-05-30 22:02:10,448: umgr.staging.output.queue.bridge: umgr.staging.output.queue.bridge: MainThread     : DEBUG   : child thread umgr.staging.output.queue.bridge.child.watch started
2017-05-30 22:02:10,448: umgr.staging.output.queue.bridge: umgr.staging.output.queue.bridge: MainThread     : INFO    : child (me) is alive
2017-05-30 22:02:10,448: umgr.staging.output.queue.bridge: umgr.staging.output.queue.bridge: MainThread     : DEBUG   : ru_initialize_common (NOOP)
2017-05-30 22:02:10,449: umgr.staging.output.queue.bridge: umgr.staging.output.queue.bridge.child: MainThread     : INFO    : send alive
2017-05-30 22:02:10,449: umgr.staging.output.queue.bridge: umgr.staging.output.queue.bridge.child: MainThread     : INFO    : send message: alive
2017-05-30 22:02:10,449: umgr.staging.output.queue.bridge: MainProcess                     : MainThread     : INFO    : recv message: alive
2017-05-30 22:02:10,450: umgr.staging.output.queue.bridge: MainProcess                     : MainThread     : DEBUG   : start thread
2017-05-30 22:02:10,450: umgr.staging.output.queue.bridge: MainProcess                     : umgr.staging.output.queue.bridge.watch: INFO    : child (me) initializing
2017-05-30 22:02:10,450: umgr.staging.output.queue.bridge: MainProcess                     : umgr.staging.output.queue.bridge.watch: DEBUG   : ru_initialize_common (NOOP)
2017-05-30 22:02:10,450: umgr.staging.output.queue.bridge: MainProcess                     : umgr.staging.output.queue.bridge.watch: DEBUG   : ru_initialize_child (NOOP)
2017-05-30 22:02:10,450: umgr.staging.output.queue.bridge: MainProcess                     : umgr.staging.output.queue.bridge.watch: INFO    : send alive
2017-05-30 22:02:10,450: umgr.staging.output.queue.bridge: MainProcess                     : umgr.staging.output.queue.bridge.watch: INFO    : send message: alive
2017-05-30 22:02:10,451: umgr.staging.output.queue.bridge: MainProcess                     : MainThread     : INFO    : recv message: alive
2017-05-30 22:02:10,451: umgr.staging.output.queue.bridge: MainProcess                     : MainThread     : DEBUG   : ru_initialize_common (NOOP)
2017-05-30 22:02:10,451: umgr.staging.output.queue.bridge: MainProcess                     : MainThread     : DEBUG   : ru_initialize_parent (NOOP)
2017-05-30 22:02:10,451: umgr.staging.output.queue.bridge: MainProcess                     : MainThread     : DEBUG   : child thread umgr.staging.output.queue.bridge.watch started
2017-05-30 22:02:10,451: umgr.staging.output.queue.bridge: MainProcess                     : MainThread     : INFO    : child is alive
2017-05-30 22:02:10,451: umgr.staging.output.queue.bridge: MainProcess                     : MainThread     : DEBUG   : ru_initialize_common (NOOP)
2017-05-30 22:02:10,451: umgr.staging.output.queue.bridge: MainProcess                     : MainThread     : DEBUG   : ru_initialize_parent (NOOP)
2017-05-30 22:02:10,451: umgr.staging.output.queue.bridge: MainProcess                     : MainThread     : DEBUG   : child process started
2017-05-30 22:11:50,003: umgr.staging.output.queue.bridge: MainProcess                     : MainThread     : INFO    : parent stops child
2017-05-30 22:11:50,042: umgr.staging.output.queue.bridge: MainProcess                     : MainThread     : DEBUG   : ru_finalize_parent (NOOP)
2017-05-30 22:11:50,042: umgr.staging.output.queue.bridge: MainProcess                     : MainThread     : DEBUG   : ru_finalize_common (NOOP)
2017-05-30 22:11:50,042: umgr.staging.output.queue.bridge: MainProcess                     : MainThread     : INFO    : parent stops child
2017-05-30 22:11:50,042: umgr.staging.output.queue.bridge: MainProcess                     : MainThread     : DEBUG   : ru_finalize_parent (NOOP)
2017-05-30 22:11:50,043: umgr.staging.output.queue.bridge: MainProcess                     : MainThread     : DEBUG   : ru_finalize_common (NOOP)
2017-05-30 22:11:50,063: umgr.staging.output.queue.bridge: MainProcess                     : umgr.staging.output.queue.bridge.watch: INFO    : send message: work finished
2017-05-30 22:11:50,063: umgr.staging.output.queue.bridge: MainProcess                     : umgr.staging.output.queue.bridge.watch: DEBUG   : ru_finalize_child (NOOP)
2017-05-30 22:11:50,063: umgr.staging.output.queue.bridge: MainProcess                     : umgr.staging.output.queue.bridge.watch: DEBUG   : ru_finalize_common (NOOP)
2017-05-30 22:11:50,064: umgr.staging.output.queue.bridge: MainProcess                     : umgr.staging.output.queue.bridge.watch: INFO    : send message: terminating
2017-05-30 22:11:50,175: umgr.staging.output.queue.bridge: MainProcess                     : MainThread     : WARNING : failed to stop child - terminate
2017-05-30 22:11:58,098: umgr.staging.output.queue.bridge: MainProcess                     : MainThread     : INFO    : radical.pilot        version: split-81-gf853cc9b@feature-bridges
2017-05-30 22:11:58,098: umgr.staging.output.queue.bridge: MainProcess                     : MainThread     : INFO    : create umgr_staging_output_queue - bridge - tcp://*:*
2017-05-30 22:11:58,098: umgr.staging.output.queue.bridge: MainProcess                     : MainThread     : DEBUG   : start process
2017-05-30 22:11:58,106: umgr.staging.output.queue.bridge: umgr.staging.output.queue.bridge: MainThread     : INFO    : child (me) initializing
2017-05-30 22:11:58,107: umgr.staging.output.queue.bridge: umgr.staging.output.queue.bridge: MainThread     : DEBUG   : start thread
2017-05-30 22:11:58,107: umgr.staging.output.queue.bridge: umgr.staging.output.queue.bridge: umgr.staging.output.queue.bridge.child.watch: INFO    : child (me) initializing
2017-05-30 22:11:58,107: umgr.staging.output.queue.bridge: umgr.staging.output.queue.bridge: umgr.staging.output.queue.bridge.child.watch: DEBUG   : ru_initialize_common (NOOP)
2017-05-30 22:11:58,107: umgr.staging.output.queue.bridge: umgr.staging.output.queue.bridge: umgr.staging.output.queue.bridge.child.watch: DEBUG   : ru_initialize_child (NOOP)
2017-05-30 22:11:58,107: umgr.staging.output.queue.bridge: umgr.staging.output.queue.bridge: umgr.staging.output.queue.bridge.child.watch: INFO    : send alive
2017-05-30 22:11:58,107: umgr.staging.output.queue.bridge: umgr.staging.output.queue.bridge: umgr.staging.output.queue.bridge.child.watch: INFO    : send message: alive
2017-05-30 22:11:58,108: umgr.staging.output.queue.bridge: umgr.staging.output.queue.bridge: MainThread     : INFO    : recv message: alive
2017-05-30 22:11:58,108: umgr.staging.output.queue.bridge: umgr.staging.output.queue.bridge: MainThread     : DEBUG   : ru_initialize_common (NOOP)
2017-05-30 22:11:58,108: umgr.staging.output.queue.bridge: umgr.staging.output.queue.bridge: MainThread     : DEBUG   : ru_initialize_parent (NOOP)
2017-05-30 22:11:58,108: umgr.staging.output.queue.bridge: umgr.staging.output.queue.bridge: MainThread     : DEBUG   : child thread umgr.staging.output.queue.bridge.child.watch started
2017-05-30 22:11:58,108: umgr.staging.output.queue.bridge: umgr.staging.output.queue.bridge: MainThread     : INFO    : child (me) is alive
2017-05-30 22:11:58,109: umgr.staging.output.queue.bridge: umgr.staging.output.queue.bridge: MainThread     : DEBUG   : ru_initialize_common (NOOP)
2017-05-30 22:11:58,110: umgr.staging.output.queue.bridge: umgr.staging.output.queue.bridge.child: MainThread     : INFO    : send alive
2017-05-30 22:11:58,110: umgr.staging.output.queue.bridge: umgr.staging.output.queue.bridge.child: MainThread     : INFO    : send message: alive
2017-05-30 22:11:58,111: umgr.staging.output.queue.bridge: MainProcess                     : MainThread     : INFO    : recv message: alive
2017-05-30 22:11:58,111: umgr.staging.output.queue.bridge: MainProcess                     : MainThread     : DEBUG   : start thread
2017-05-30 22:11:58,111: umgr.staging.output.queue.bridge: MainProcess                     : umgr.staging.output.queue.bridge.watch: INFO    : child (me) initializing
2017-05-30 22:11:58,111: umgr.staging.output.queue.bridge: MainProcess                     : umgr.staging.output.queue.bridge.watch: DEBUG   : ru_initialize_common (NOOP)
2017-05-30 22:11:58,111: umgr.staging.output.queue.bridge: MainProcess                     : umgr.staging.output.queue.bridge.watch: DEBUG   : ru_initialize_child (NOOP)
2017-05-30 22:11:58,111: umgr.staging.output.queue.bridge: MainProcess                     : umgr.staging.output.queue.bridge.watch: INFO    : send alive
2017-05-30 22:11:58,112: umgr.staging.output.queue.bridge: MainProcess                     : umgr.staging.output.queue.bridge.watch: INFO    : send message: alive
2017-05-30 22:11:58,112: umgr.staging.output.queue.bridge: MainProcess                     : MainThread     : INFO    : recv message: alive
2017-05-30 22:11:58,113: umgr.staging.output.queue.bridge: MainProcess                     : MainThread     : DEBUG   : ru_initialize_common (NOOP)
2017-05-30 22:11:58,113: umgr.staging.output.queue.bridge: MainProcess                     : MainThread     : DEBUG   : ru_initialize_parent (NOOP)
2017-05-30 22:11:58,113: umgr.staging.output.queue.bridge: MainProcess                     : MainThread     : DEBUG   : child thread umgr.staging.output.queue.bridge.watch started
2017-05-30 22:11:58,113: umgr.staging.output.queue.bridge: MainProcess                     : MainThread     : INFO    : child is alive
2017-05-30 22:11:58,113: umgr.staging.output.queue.bridge: MainProcess                     : MainThread     : DEBUG   : ru_initialize_common (NOOP)
2017-05-30 22:11:58,113: umgr.staging.output.queue.bridge: MainProcess                     : MainThread     : DEBUG   : ru_initialize_parent (NOOP)
2017-05-30 22:11:58,113: umgr.staging.output.queue.bridge: MainProcess                     : MainThread     : DEBUG   : child process started
2017-05-30 22:13:17,347: umgr.staging.output.queue.bridge: umgr.staging.output.queue.bridge.child: MainThread     : ERROR   : abort: KeyboardInterrupt()
Traceback (most recent call last):
  File "/home/mingtha/ve/ve.rp_add_res_cfg/local/lib/python2.7/site-packages/radical/utils/process.py", line 549, in _run
    if not self.work_cb():
  File "/home/mingtha/ve/ve.rp_add_res_cfg/local/lib/python2.7/site-packages/radical/pilot/utils/queue.py", line 320, in work_cb
    timeout=1000):
  File "/home/mingtha/ve/ve.rp_add_res_cfg/local/lib/python2.7/site-packages/radical/pilot/utils/queue.py", line 50, in _uninterruptible
    return f(*args, **kwargs)
  File "/home/mingtha/ve/ve.rp_add_res_cfg/local/lib/python2.7/site-packages/zmq/sugar/socket.py", line 558, in poll
    evts = dict(p.poll(timeout))
  File "/home/mingtha/ve/ve.rp_add_res_cfg/local/lib/python2.7/site-packages/zmq/sugar/poll.py", line 99, in poll
    return zmq_poll(self.sockets, timeout=timeout)
  File "zmq/backend/cython/_poll.pyx", line 116, in zmq.backend.cython._poll.zmq_poll (zmq/backend/cython/_poll.c:2036)
  File "zmq/backend/cython/checkrc.pxd", line 12, in zmq.backend.cython.checkrc._check_rc (zmq/backend/cython/_poll.c:2418)
    PyErr_CheckSignals()
KeyboardInterrupt
2017-05-30 22:13:17,348: umgr.staging.output.queue.bridge: umgr.staging.output.queue.bridge.child: MainThread     : INFO    : send message: abort: KeyboardInterrupt()
2017-05-30 22:13:17,348: umgr.staging.output.queue.bridge: umgr.staging.output.queue.bridge.child: MainThread     : DEBUG   : ru_finalize_child (NOOP)
2017-05-30 22:13:17,348: umgr.staging.output.queue.bridge: umgr.staging.output.queue.bridge.child: MainThread     : DEBUG   : ru_finalize_common (NOOP)
2017-05-30 22:13:17,348: umgr.staging.output.queue.bridge: umgr.staging.output.queue.bridge.child: MainThread     : INFO    : send message: terminating
2017-05-30 22:13:17,383: umgr.staging.output.queue.bridge: umgr.staging.output.queue.bridge.child: umgr.staging.output.queue.bridge.child.watch: INFO    : send message: work finished
2017-05-30 22:13:17,383: umgr.staging.output.queue.bridge: umgr.staging.output.queue.bridge.child: umgr.staging.output.queue.bridge.child.watch: DEBUG   : ru_finalize_child (NOOP)
2017-05-30 22:13:17,383: umgr.staging.output.queue.bridge: umgr.staging.output.queue.bridge.child: umgr.staging.output.queue.bridge.child.watch: DEBUG   : ru_finalize_common (NOOP)
2017-05-30 22:13:17,383: umgr.staging.output.queue.bridge: umgr.staging.output.queue.bridge.child: umgr.staging.output.queue.bridge.child.watch: INFO    : send message: terminating
2017-05-30 22:13:17,787: umgr.staging.output.queue.bridge: MainProcess                     : umgr.staging.output.queue.bridge.watch: WARNING : endpoint disappeard
2017-05-30 22:13:17,788: umgr.staging.output.queue.bridge: MainProcess                     : umgr.staging.output.queue.bridge.watch: WARNING : watcher failed
2017-05-30 22:13:17,788: umgr.staging.output.queue.bridge: MainProcess                     : umgr.staging.output.queue.bridge.watch: INFO    : send message: work finished
2017-05-30 22:13:17,788: umgr.staging.output.queue.bridge: MainProcess                     : umgr.staging.output.queue.bridge.watch: DEBUG   : ru_finalize_child (NOOP)
2017-05-30 22:13:17,788: umgr.staging.output.queue.bridge: MainProcess                     : umgr.staging.output.queue.bridge.watch: DEBUG   : ru_finalize_common (NOOP)
2017-05-30 22:13:17,788: umgr.staging.output.queue.bridge: MainProcess                     : umgr.staging.output.queue.bridge.watch: INFO    : send message: terminating
2017-05-30 22:13:18,544: umgr.staging.output.queue.bridge: MainProcess                     : MainThread     : INFO    : parent stops child
2017-05-30 22:13:18,544: umgr.staging.output.queue.bridge: MainProcess                     : MainThread     : DEBUG   : ru_finalize_parent (NOOP)
2017-05-30 22:13:18,544: umgr.staging.output.queue.bridge: MainProcess                     : MainThread     : DEBUG   : ru_finalize_common (NOOP)
2017-05-30 22:13:18,544: umgr.staging.output.queue.bridge: MainProcess                     : MainThread     : INFO    : parent stops child
2017-05-30 22:13:18,544: umgr.staging.output.queue.bridge: MainProcess                     : MainThread     : DEBUG   : ru_finalize_parent (NOOP)
2017-05-30 22:13:18,544: umgr.staging.output.queue.bridge: MainProcess                     : MainThread     : DEBUG   : ru_finalize_common (NOOP)
