2017-05-30 21:46:04,824: umgr.scheduling.queue.bridge: MainProcess                     : MainThread     : INFO    : python.interpreter   version: 2.7.12 (default, Nov 19 2016, 06:48:10) [GCC 5.4.0 20160609]
2017-05-30 21:46:04,825: umgr.scheduling.queue.bridge: MainProcess                     : MainThread     : INFO    :                      pid: 16316
2017-05-30 21:46:04,825: umgr.scheduling.queue.bridge: MainProcess                     : MainThread     : INFO    :                      tid: MainThread
2017-05-30 21:46:04,825: umgr.scheduling.queue.bridge: MainProcess                     : MainThread     : INFO    : radical.pilot        version: split-81-gf853cc9b@feature-bridges
2017-05-30 21:46:04,825: umgr.scheduling.queue.bridge: MainProcess                     : MainThread     : INFO    : create umgr_scheduling_queue - bridge - tcp://*:*
2017-05-30 21:46:04,826: umgr.scheduling.queue.bridge: MainProcess                     : MainThread     : DEBUG   : start process
2017-05-30 21:46:04,837: umgr.scheduling.queue.bridge: umgr.scheduling.queue.bridge    : MainThread     : INFO    : child (me) initializing
2017-05-30 21:46:04,838: umgr.scheduling.queue.bridge: umgr.scheduling.queue.bridge    : MainThread     : DEBUG   : start thread
2017-05-30 21:46:04,839: umgr.scheduling.queue.bridge: umgr.scheduling.queue.bridge    : umgr.scheduling.queue.bridge.child.watch: INFO    : child (me) initializing
2017-05-30 21:46:04,839: umgr.scheduling.queue.bridge: umgr.scheduling.queue.bridge    : umgr.scheduling.queue.bridge.child.watch: DEBUG   : ru_initialize_common (NOOP)
2017-05-30 21:46:04,840: umgr.scheduling.queue.bridge: umgr.scheduling.queue.bridge    : umgr.scheduling.queue.bridge.child.watch: DEBUG   : ru_initialize_child (NOOP)
2017-05-30 21:46:04,840: umgr.scheduling.queue.bridge: umgr.scheduling.queue.bridge    : umgr.scheduling.queue.bridge.child.watch: INFO    : send alive
2017-05-30 21:46:04,840: umgr.scheduling.queue.bridge: umgr.scheduling.queue.bridge    : umgr.scheduling.queue.bridge.child.watch: INFO    : send message: alive
2017-05-30 21:46:04,841: umgr.scheduling.queue.bridge: umgr.scheduling.queue.bridge    : MainThread     : INFO    : recv message: alive
2017-05-30 21:46:04,841: umgr.scheduling.queue.bridge: umgr.scheduling.queue.bridge    : MainThread     : DEBUG   : ru_initialize_common (NOOP)
2017-05-30 21:46:04,841: umgr.scheduling.queue.bridge: umgr.scheduling.queue.bridge    : MainThread     : DEBUG   : ru_initialize_parent (NOOP)
2017-05-30 21:46:04,841: umgr.scheduling.queue.bridge: umgr.scheduling.queue.bridge    : MainThread     : DEBUG   : child thread umgr.scheduling.queue.bridge.child.watch started
2017-05-30 21:46:04,841: umgr.scheduling.queue.bridge: umgr.scheduling.queue.bridge    : MainThread     : INFO    : child (me) is alive
2017-05-30 21:46:04,841: umgr.scheduling.queue.bridge: umgr.scheduling.queue.bridge    : MainThread     : DEBUG   : ru_initialize_common (NOOP)
2017-05-30 21:46:04,845: umgr.scheduling.queue.bridge: umgr.scheduling.queue.bridge.child: MainThread     : INFO    : send alive
2017-05-30 21:46:04,846: umgr.scheduling.queue.bridge: umgr.scheduling.queue.bridge.child: MainThread     : INFO    : send message: alive
2017-05-30 21:46:04,846: umgr.scheduling.queue.bridge: MainProcess                     : MainThread     : INFO    : recv message: alive
2017-05-30 21:46:04,847: umgr.scheduling.queue.bridge: MainProcess                     : MainThread     : DEBUG   : start thread
2017-05-30 21:46:04,848: umgr.scheduling.queue.bridge: MainProcess                     : umgr.scheduling.queue.bridge.watch: INFO    : child (me) initializing
2017-05-30 21:46:04,848: umgr.scheduling.queue.bridge: MainProcess                     : umgr.scheduling.queue.bridge.watch: DEBUG   : ru_initialize_common (NOOP)
2017-05-30 21:46:04,848: umgr.scheduling.queue.bridge: MainProcess                     : umgr.scheduling.queue.bridge.watch: DEBUG   : ru_initialize_child (NOOP)
2017-05-30 21:46:04,848: umgr.scheduling.queue.bridge: MainProcess                     : umgr.scheduling.queue.bridge.watch: INFO    : send alive
2017-05-30 21:46:04,849: umgr.scheduling.queue.bridge: MainProcess                     : umgr.scheduling.queue.bridge.watch: INFO    : send message: alive
2017-05-30 21:46:04,849: umgr.scheduling.queue.bridge: MainProcess                     : MainThread     : INFO    : recv message: alive
2017-05-30 21:46:04,850: umgr.scheduling.queue.bridge: MainProcess                     : MainThread     : DEBUG   : ru_initialize_common (NOOP)
2017-05-30 21:46:04,850: umgr.scheduling.queue.bridge: MainProcess                     : MainThread     : DEBUG   : ru_initialize_parent (NOOP)
2017-05-30 21:46:04,850: umgr.scheduling.queue.bridge: MainProcess                     : MainThread     : DEBUG   : child thread umgr.scheduling.queue.bridge.watch started
2017-05-30 21:46:04,850: umgr.scheduling.queue.bridge: MainProcess                     : MainThread     : INFO    : child is alive
2017-05-30 21:46:04,850: umgr.scheduling.queue.bridge: MainProcess                     : MainThread     : DEBUG   : ru_initialize_common (NOOP)
2017-05-30 21:46:04,851: umgr.scheduling.queue.bridge: MainProcess                     : MainThread     : DEBUG   : ru_initialize_parent (NOOP)
2017-05-30 21:46:04,851: umgr.scheduling.queue.bridge: MainProcess                     : MainThread     : DEBUG   : child process started
2017-05-30 22:01:53,794: umgr.scheduling.queue.bridge: MainProcess                     : MainThread     : INFO    : parent stops child
2017-05-30 22:01:53,795: umgr.scheduling.queue.bridge: MainProcess                     : MainThread     : DEBUG   : ru_finalize_parent (NOOP)
2017-05-30 22:01:53,795: umgr.scheduling.queue.bridge: MainProcess                     : MainThread     : DEBUG   : ru_finalize_common (NOOP)
2017-05-30 22:01:53,795: umgr.scheduling.queue.bridge: MainProcess                     : MainThread     : INFO    : parent stops child
2017-05-30 22:01:53,795: umgr.scheduling.queue.bridge: MainProcess                     : MainThread     : DEBUG   : ru_finalize_parent (NOOP)
2017-05-30 22:01:53,795: umgr.scheduling.queue.bridge: MainProcess                     : MainThread     : DEBUG   : ru_finalize_common (NOOP)
2017-05-30 22:01:53,873: umgr.scheduling.queue.bridge: MainProcess                     : umgr.scheduling.queue.bridge.watch: INFO    : send message: work finished
2017-05-30 22:01:53,874: umgr.scheduling.queue.bridge: MainProcess                     : umgr.scheduling.queue.bridge.watch: DEBUG   : ru_finalize_child (NOOP)
2017-05-30 22:01:53,874: umgr.scheduling.queue.bridge: MainProcess                     : umgr.scheduling.queue.bridge.watch: DEBUG   : ru_finalize_common (NOOP)
2017-05-30 22:01:53,874: umgr.scheduling.queue.bridge: MainProcess                     : umgr.scheduling.queue.bridge.watch: INFO    : send message: terminating
2017-05-30 22:01:53,975: umgr.scheduling.queue.bridge: umgr.scheduling.queue.bridge.child: umgr.scheduling.queue.bridge.child.watch: WARNING : endpoint disappeard
2017-05-30 22:01:53,975: umgr.scheduling.queue.bridge: umgr.scheduling.queue.bridge.child: umgr.scheduling.queue.bridge.child.watch: WARNING : watcher failed
2017-05-30 22:01:53,975: umgr.scheduling.queue.bridge: umgr.scheduling.queue.bridge.child: umgr.scheduling.queue.bridge.child.watch: INFO    : send message: work finished
2017-05-30 22:01:53,975: umgr.scheduling.queue.bridge: umgr.scheduling.queue.bridge.child: umgr.scheduling.queue.bridge.child.watch: DEBUG   : ru_finalize_child (NOOP)
2017-05-30 22:01:53,976: umgr.scheduling.queue.bridge: umgr.scheduling.queue.bridge.child: umgr.scheduling.queue.bridge.child.watch: DEBUG   : ru_finalize_common (NOOP)
2017-05-30 22:01:53,976: umgr.scheduling.queue.bridge: umgr.scheduling.queue.bridge.child: umgr.scheduling.queue.bridge.child.watch: INFO    : send message: terminating
2017-05-30 22:01:54,010: umgr.scheduling.queue.bridge: MainProcess                     : MainThread     : WARNING : failed to stop child - terminate
2017-05-30 22:02:10,465: umgr.scheduling.queue.bridge: MainProcess                     : MainThread     : INFO    : radical.pilot        version: split-81-gf853cc9b@feature-bridges
2017-05-30 22:02:10,465: umgr.scheduling.queue.bridge: MainProcess                     : MainThread     : INFO    : create umgr_scheduling_queue - bridge - tcp://*:*
2017-05-30 22:02:10,466: umgr.scheduling.queue.bridge: MainProcess                     : MainThread     : DEBUG   : start process
2017-05-30 22:02:10,472: umgr.scheduling.queue.bridge: umgr.scheduling.queue.bridge    : MainThread     : INFO    : child (me) initializing
2017-05-30 22:02:10,472: umgr.scheduling.queue.bridge: umgr.scheduling.queue.bridge    : MainThread     : DEBUG   : start thread
2017-05-30 22:02:10,472: umgr.scheduling.queue.bridge: umgr.scheduling.queue.bridge    : umgr.scheduling.queue.bridge.child.watch: INFO    : child (me) initializing
2017-05-30 22:02:10,472: umgr.scheduling.queue.bridge: umgr.scheduling.queue.bridge    : umgr.scheduling.queue.bridge.child.watch: DEBUG   : ru_initialize_common (NOOP)
2017-05-30 22:02:10,472: umgr.scheduling.queue.bridge: umgr.scheduling.queue.bridge    : umgr.scheduling.queue.bridge.child.watch: DEBUG   : ru_initialize_child (NOOP)
2017-05-30 22:02:10,472: umgr.scheduling.queue.bridge: umgr.scheduling.queue.bridge    : umgr.scheduling.queue.bridge.child.watch: INFO    : send alive
2017-05-30 22:02:10,473: umgr.scheduling.queue.bridge: umgr.scheduling.queue.bridge    : umgr.scheduling.queue.bridge.child.watch: INFO    : send message: alive
2017-05-30 22:02:10,474: umgr.scheduling.queue.bridge: umgr.scheduling.queue.bridge    : MainThread     : INFO    : recv message: alive
2017-05-30 22:02:10,474: umgr.scheduling.queue.bridge: umgr.scheduling.queue.bridge    : MainThread     : DEBUG   : ru_initialize_common (NOOP)
2017-05-30 22:02:10,474: umgr.scheduling.queue.bridge: umgr.scheduling.queue.bridge    : MainThread     : DEBUG   : ru_initialize_parent (NOOP)
2017-05-30 22:02:10,474: umgr.scheduling.queue.bridge: umgr.scheduling.queue.bridge    : MainThread     : DEBUG   : child thread umgr.scheduling.queue.bridge.child.watch started
2017-05-30 22:02:10,474: umgr.scheduling.queue.bridge: umgr.scheduling.queue.bridge    : MainThread     : INFO    : child (me) is alive
2017-05-30 22:02:10,474: umgr.scheduling.queue.bridge: umgr.scheduling.queue.bridge    : MainThread     : DEBUG   : ru_initialize_common (NOOP)
2017-05-30 22:02:10,476: umgr.scheduling.queue.bridge: umgr.scheduling.queue.bridge.child: MainThread     : INFO    : send alive
2017-05-30 22:02:10,476: umgr.scheduling.queue.bridge: umgr.scheduling.queue.bridge.child: MainThread     : INFO    : send message: alive
2017-05-30 22:02:10,476: umgr.scheduling.queue.bridge: MainProcess                     : MainThread     : INFO    : recv message: alive
2017-05-30 22:02:10,476: umgr.scheduling.queue.bridge: MainProcess                     : MainThread     : DEBUG   : start thread
2017-05-30 22:02:10,476: umgr.scheduling.queue.bridge: MainProcess                     : umgr.scheduling.queue.bridge.watch: INFO    : child (me) initializing
2017-05-30 22:02:10,476: umgr.scheduling.queue.bridge: MainProcess                     : umgr.scheduling.queue.bridge.watch: DEBUG   : ru_initialize_common (NOOP)
2017-05-30 22:02:10,476: umgr.scheduling.queue.bridge: MainProcess                     : umgr.scheduling.queue.bridge.watch: DEBUG   : ru_initialize_child (NOOP)
2017-05-30 22:02:10,476: umgr.scheduling.queue.bridge: MainProcess                     : umgr.scheduling.queue.bridge.watch: INFO    : send alive
2017-05-30 22:02:10,477: umgr.scheduling.queue.bridge: MainProcess                     : umgr.scheduling.queue.bridge.watch: INFO    : send message: alive
2017-05-30 22:02:10,478: umgr.scheduling.queue.bridge: MainProcess                     : MainThread     : INFO    : recv message: alive
2017-05-30 22:02:10,478: umgr.scheduling.queue.bridge: MainProcess                     : MainThread     : DEBUG   : ru_initialize_common (NOOP)
2017-05-30 22:02:10,478: umgr.scheduling.queue.bridge: MainProcess                     : MainThread     : DEBUG   : ru_initialize_parent (NOOP)
2017-05-30 22:02:10,478: umgr.scheduling.queue.bridge: MainProcess                     : MainThread     : DEBUG   : child thread umgr.scheduling.queue.bridge.watch started
2017-05-30 22:02:10,478: umgr.scheduling.queue.bridge: MainProcess                     : MainThread     : INFO    : child is alive
2017-05-30 22:02:10,478: umgr.scheduling.queue.bridge: MainProcess                     : MainThread     : DEBUG   : ru_initialize_common (NOOP)
2017-05-30 22:02:10,478: umgr.scheduling.queue.bridge: MainProcess                     : MainThread     : DEBUG   : ru_initialize_parent (NOOP)
2017-05-30 22:02:10,478: umgr.scheduling.queue.bridge: MainProcess                     : MainThread     : DEBUG   : child process started
2017-05-30 22:11:50,398: umgr.scheduling.queue.bridge: MainProcess                     : MainThread     : INFO    : parent stops child
2017-05-30 22:11:50,398: umgr.scheduling.queue.bridge: MainProcess                     : MainThread     : DEBUG   : ru_finalize_parent (NOOP)
2017-05-30 22:11:50,399: umgr.scheduling.queue.bridge: MainProcess                     : MainThread     : DEBUG   : ru_finalize_common (NOOP)
2017-05-30 22:11:50,399: umgr.scheduling.queue.bridge: MainProcess                     : MainThread     : INFO    : parent stops child
2017-05-30 22:11:50,399: umgr.scheduling.queue.bridge: MainProcess                     : MainThread     : DEBUG   : ru_finalize_parent (NOOP)
2017-05-30 22:11:50,399: umgr.scheduling.queue.bridge: MainProcess                     : MainThread     : DEBUG   : ru_finalize_common (NOOP)
2017-05-30 22:11:50,464: umgr.scheduling.queue.bridge: MainProcess                     : umgr.scheduling.queue.bridge.watch: INFO    : send message: work finished
2017-05-30 22:11:50,464: umgr.scheduling.queue.bridge: MainProcess                     : umgr.scheduling.queue.bridge.watch: DEBUG   : ru_finalize_child (NOOP)
2017-05-30 22:11:50,464: umgr.scheduling.queue.bridge: MainProcess                     : umgr.scheduling.queue.bridge.watch: DEBUG   : ru_finalize_common (NOOP)
2017-05-30 22:11:50,465: umgr.scheduling.queue.bridge: MainProcess                     : umgr.scheduling.queue.bridge.watch: INFO    : send message: terminating
2017-05-30 22:11:50,614: umgr.scheduling.queue.bridge: MainProcess                     : MainThread     : WARNING : failed to stop child - terminate
2017-05-30 22:11:58,129: umgr.scheduling.queue.bridge: MainProcess                     : MainThread     : INFO    : radical.pilot        version: split-81-gf853cc9b@feature-bridges
2017-05-30 22:11:58,130: umgr.scheduling.queue.bridge: MainProcess                     : MainThread     : INFO    : create umgr_scheduling_queue - bridge - tcp://*:*
2017-05-30 22:11:58,130: umgr.scheduling.queue.bridge: MainProcess                     : MainThread     : DEBUG   : start process
2017-05-30 22:11:58,138: umgr.scheduling.queue.bridge: umgr.scheduling.queue.bridge    : MainThread     : INFO    : child (me) initializing
2017-05-30 22:11:58,138: umgr.scheduling.queue.bridge: umgr.scheduling.queue.bridge    : MainThread     : DEBUG   : start thread
2017-05-30 22:11:58,138: umgr.scheduling.queue.bridge: umgr.scheduling.queue.bridge    : umgr.scheduling.queue.bridge.child.watch: INFO    : child (me) initializing
2017-05-30 22:11:58,138: umgr.scheduling.queue.bridge: umgr.scheduling.queue.bridge    : umgr.scheduling.queue.bridge.child.watch: DEBUG   : ru_initialize_common (NOOP)
2017-05-30 22:11:58,139: umgr.scheduling.queue.bridge: umgr.scheduling.queue.bridge    : umgr.scheduling.queue.bridge.child.watch: DEBUG   : ru_initialize_child (NOOP)
2017-05-30 22:11:58,139: umgr.scheduling.queue.bridge: umgr.scheduling.queue.bridge    : umgr.scheduling.queue.bridge.child.watch: INFO    : send alive
2017-05-30 22:11:58,139: umgr.scheduling.queue.bridge: umgr.scheduling.queue.bridge    : umgr.scheduling.queue.bridge.child.watch: INFO    : send message: alive
2017-05-30 22:11:58,140: umgr.scheduling.queue.bridge: umgr.scheduling.queue.bridge    : MainThread     : INFO    : recv message: alive
2017-05-30 22:11:58,140: umgr.scheduling.queue.bridge: umgr.scheduling.queue.bridge    : MainThread     : DEBUG   : ru_initialize_common (NOOP)
2017-05-30 22:11:58,140: umgr.scheduling.queue.bridge: umgr.scheduling.queue.bridge    : MainThread     : DEBUG   : ru_initialize_parent (NOOP)
2017-05-30 22:11:58,140: umgr.scheduling.queue.bridge: umgr.scheduling.queue.bridge    : MainThread     : DEBUG   : child thread umgr.scheduling.queue.bridge.child.watch started
2017-05-30 22:11:58,140: umgr.scheduling.queue.bridge: umgr.scheduling.queue.bridge    : MainThread     : INFO    : child (me) is alive
2017-05-30 22:11:58,140: umgr.scheduling.queue.bridge: umgr.scheduling.queue.bridge    : MainThread     : DEBUG   : ru_initialize_common (NOOP)
2017-05-30 22:11:58,142: umgr.scheduling.queue.bridge: umgr.scheduling.queue.bridge.child: MainThread     : INFO    : send alive
2017-05-30 22:11:58,142: umgr.scheduling.queue.bridge: umgr.scheduling.queue.bridge.child: MainThread     : INFO    : send message: alive
2017-05-30 22:11:58,142: umgr.scheduling.queue.bridge: MainProcess                     : MainThread     : INFO    : recv message: alive
2017-05-30 22:11:58,142: umgr.scheduling.queue.bridge: MainProcess                     : MainThread     : DEBUG   : start thread
2017-05-30 22:11:58,143: umgr.scheduling.queue.bridge: MainProcess                     : umgr.scheduling.queue.bridge.watch: INFO    : child (me) initializing
2017-05-30 22:11:58,143: umgr.scheduling.queue.bridge: MainProcess                     : umgr.scheduling.queue.bridge.watch: DEBUG   : ru_initialize_common (NOOP)
2017-05-30 22:11:58,143: umgr.scheduling.queue.bridge: MainProcess                     : umgr.scheduling.queue.bridge.watch: DEBUG   : ru_initialize_child (NOOP)
2017-05-30 22:11:58,143: umgr.scheduling.queue.bridge: MainProcess                     : umgr.scheduling.queue.bridge.watch: INFO    : send alive
2017-05-30 22:11:58,143: umgr.scheduling.queue.bridge: MainProcess                     : umgr.scheduling.queue.bridge.watch: INFO    : send message: alive
2017-05-30 22:11:58,144: umgr.scheduling.queue.bridge: MainProcess                     : MainThread     : INFO    : recv message: alive
2017-05-30 22:11:58,144: umgr.scheduling.queue.bridge: MainProcess                     : MainThread     : DEBUG   : ru_initialize_common (NOOP)
2017-05-30 22:11:58,144: umgr.scheduling.queue.bridge: MainProcess                     : MainThread     : DEBUG   : ru_initialize_parent (NOOP)
2017-05-30 22:11:58,144: umgr.scheduling.queue.bridge: MainProcess                     : MainThread     : DEBUG   : child thread umgr.scheduling.queue.bridge.watch started
2017-05-30 22:11:58,144: umgr.scheduling.queue.bridge: MainProcess                     : MainThread     : INFO    : child is alive
2017-05-30 22:11:58,144: umgr.scheduling.queue.bridge: MainProcess                     : MainThread     : DEBUG   : ru_initialize_common (NOOP)
2017-05-30 22:11:58,144: umgr.scheduling.queue.bridge: MainProcess                     : MainThread     : DEBUG   : ru_initialize_parent (NOOP)
2017-05-30 22:11:58,144: umgr.scheduling.queue.bridge: MainProcess                     : MainThread     : DEBUG   : child process started
2017-05-30 22:13:17,341: umgr.scheduling.queue.bridge: umgr.scheduling.queue.bridge.child: MainThread     : ERROR   : abort: KeyboardInterrupt()
Traceback (most recent call last):
  File "/home/mingtha/ve/ve.rp_add_res_cfg/local/lib/python2.7/site-packages/radical/utils/process.py", line 549, in _run
    if not self.work_cb():
  File "/home/mingtha/ve/ve.rp_add_res_cfg/local/lib/python2.7/site-packages/radical/pilot/utils/queue.py", line 320, in work_cb
    timeout=1000):
  File "/home/mingtha/ve/ve.rp_add_res_cfg/local/lib/python2.7/site-packages/radical/pilot/utils/queue.py", line 50, in _uninterruptible
    return f(*args, **kwargs)
  File "/home/mingtha/ve/ve.rp_add_res_cfg/local/lib/python2.7/site-packages/zmq/sugar/socket.py", line 558, in poll
    evts = dict(p.poll(timeout))
  File "/home/mingtha/ve/ve.rp_add_res_cfg/local/lib/python2.7/site-packages/zmq/sugar/poll.py", line 99, in poll
    return zmq_poll(self.sockets, timeout=timeout)
  File "zmq/backend/cython/_poll.pyx", line 116, in zmq.backend.cython._poll.zmq_poll (zmq/backend/cython/_poll.c:2036)
  File "zmq/backend/cython/checkrc.pxd", line 12, in zmq.backend.cython.checkrc._check_rc (zmq/backend/cython/_poll.c:2418)
    PyErr_CheckSignals()
KeyboardInterrupt
2017-05-30 22:13:17,344: umgr.scheduling.queue.bridge: umgr.scheduling.queue.bridge.child: MainThread     : INFO    : send message: abort: KeyboardInterrupt()
2017-05-30 22:13:17,344: umgr.scheduling.queue.bridge: umgr.scheduling.queue.bridge.child: MainThread     : DEBUG   : ru_finalize_child (NOOP)
2017-05-30 22:13:17,345: umgr.scheduling.queue.bridge: umgr.scheduling.queue.bridge.child: MainThread     : DEBUG   : ru_finalize_common (NOOP)
2017-05-30 22:13:17,345: umgr.scheduling.queue.bridge: umgr.scheduling.queue.bridge.child: MainThread     : INFO    : send message: terminating
2017-05-30 22:13:17,414: umgr.scheduling.queue.bridge: umgr.scheduling.queue.bridge.child: umgr.scheduling.queue.bridge.child.watch: INFO    : send message: work finished
2017-05-30 22:13:17,414: umgr.scheduling.queue.bridge: umgr.scheduling.queue.bridge.child: umgr.scheduling.queue.bridge.child.watch: DEBUG   : ru_finalize_child (NOOP)
2017-05-30 22:13:17,414: umgr.scheduling.queue.bridge: umgr.scheduling.queue.bridge.child: umgr.scheduling.queue.bridge.child.watch: DEBUG   : ru_finalize_common (NOOP)
2017-05-30 22:13:17,414: umgr.scheduling.queue.bridge: umgr.scheduling.queue.bridge.child: umgr.scheduling.queue.bridge.child.watch: INFO    : send message: terminating
2017-05-30 22:13:17,819: umgr.scheduling.queue.bridge: MainProcess                     : umgr.scheduling.queue.bridge.watch: WARNING : endpoint disappeard
2017-05-30 22:13:17,820: umgr.scheduling.queue.bridge: MainProcess                     : umgr.scheduling.queue.bridge.watch: WARNING : watcher failed
2017-05-30 22:13:17,821: umgr.scheduling.queue.bridge: MainProcess                     : umgr.scheduling.queue.bridge.watch: INFO    : send message: work finished
2017-05-30 22:13:17,821: umgr.scheduling.queue.bridge: MainProcess                     : umgr.scheduling.queue.bridge.watch: DEBUG   : ru_finalize_child (NOOP)
2017-05-30 22:13:17,821: umgr.scheduling.queue.bridge: MainProcess                     : umgr.scheduling.queue.bridge.watch: DEBUG   : ru_finalize_common (NOOP)
2017-05-30 22:13:17,821: umgr.scheduling.queue.bridge: MainProcess                     : umgr.scheduling.queue.bridge.watch: INFO    : send message: terminating
2017-05-30 22:13:18,545: umgr.scheduling.queue.bridge: MainProcess                     : MainThread     : INFO    : parent stops child
2017-05-30 22:13:18,545: umgr.scheduling.queue.bridge: MainProcess                     : MainThread     : DEBUG   : ru_finalize_parent (NOOP)
2017-05-30 22:13:18,545: umgr.scheduling.queue.bridge: MainProcess                     : MainThread     : DEBUG   : ru_finalize_common (NOOP)
2017-05-30 22:13:18,545: umgr.scheduling.queue.bridge: MainProcess                     : MainThread     : INFO    : parent stops child
2017-05-30 22:13:18,545: umgr.scheduling.queue.bridge: MainProcess                     : MainThread     : DEBUG   : ru_finalize_parent (NOOP)
2017-05-30 22:13:18,545: umgr.scheduling.queue.bridge: MainProcess                     : MainThread     : DEBUG   : ru_finalize_common (NOOP)
