2017-05-30 21:46:04,855: umgr.staging.input.0: MainProcess                     : MainThread     : INFO    : python.interpreter   version: 2.7.12 (default, Nov 19 2016, 06:48:10) [GCC 5.4.0 20160609]
2017-05-30 21:46:04,856: umgr.staging.input.0: MainProcess                     : MainThread     : INFO    :                      pid: 16316
2017-05-30 21:46:04,856: umgr.staging.input.0: MainProcess                     : MainThread     : INFO    :                      tid: MainThread
2017-05-30 21:46:04,856: umgr.staging.input.0: MainProcess                     : MainThread     : INFO    : radical.pilot        version: split-81-gf853cc9b@feature-bridges
2017-05-30 21:46:04,856: umgr.staging.input.0: MainProcess                     : MainThread     : DEBUG   : start process
2017-05-30 21:46:04,865: umgr.staging.input.0: umgr.staging.input.0            : MainThread     : INFO    : child (me) initializing
2017-05-30 21:46:04,865: umgr.staging.input.0: umgr.staging.input.0            : MainThread     : DEBUG   : start thread
2017-05-30 21:46:04,866: umgr.staging.input.0: umgr.staging.input.0            : umgr.staging.input.0.child.watch: INFO    : child (me) initializing
2017-05-30 21:46:04,866: umgr.staging.input.0: umgr.staging.input.0            : umgr.staging.input.0.child.watch: DEBUG   : ru_initialize_common (NOOP)
2017-05-30 21:46:04,866: umgr.staging.input.0: umgr.staging.input.0            : umgr.staging.input.0.child.watch: DEBUG   : ru_initialize_child (NOOP)
2017-05-30 21:46:04,866: umgr.staging.input.0: umgr.staging.input.0            : umgr.staging.input.0.child.watch: INFO    : send alive
2017-05-30 21:46:04,866: umgr.staging.input.0: umgr.staging.input.0            : umgr.staging.input.0.child.watch: INFO    : send message: alive
2017-05-30 21:46:04,867: umgr.staging.input.0: umgr.staging.input.0            : MainThread     : INFO    : recv message: alive
2017-05-30 21:46:04,867: umgr.staging.input.0: umgr.staging.input.0            : MainThread     : DEBUG   : ru_initialize_common (NOOP)
2017-05-30 21:46:04,867: umgr.staging.input.0: umgr.staging.input.0            : MainThread     : DEBUG   : ru_initialize_parent (NOOP)
2017-05-30 21:46:04,867: umgr.staging.input.0: umgr.staging.input.0            : MainThread     : DEBUG   : child thread umgr.staging.input.0.child.watch started
2017-05-30 21:46:04,867: umgr.staging.input.0: umgr.staging.input.0            : MainThread     : INFO    : child (me) is alive
2017-05-30 21:46:04,937: umgr.staging.input.0: umgr.staging.input.0            : MainThread     : INFO    : send alive
2017-05-30 21:46:04,937: umgr.staging.input.0: umgr.staging.input.0            : MainThread     : INFO    : send message: alive
2017-05-30 21:46:04,938: umgr.staging.input.0: MainProcess                     : MainThread     : INFO    : recv message: alive
2017-05-30 21:46:04,938: umgr.staging.input.0: MainProcess                     : MainThread     : DEBUG   : start thread
2017-05-30 21:46:04,939: umgr.staging.input.0: MainProcess                     : umgr.staging.input.0.watch: INFO    : child (me) initializing
2017-05-30 21:46:04,939: umgr.staging.input.0: MainProcess                     : umgr.staging.input.0.watch: DEBUG   : ru_initialize_common (NOOP)
2017-05-30 21:46:04,939: umgr.staging.input.0: MainProcess                     : umgr.staging.input.0.watch: DEBUG   : ru_initialize_child (NOOP)
2017-05-30 21:46:04,939: umgr.staging.input.0: MainProcess                     : umgr.staging.input.0.watch: INFO    : send alive
2017-05-30 21:46:04,939: umgr.staging.input.0: MainProcess                     : umgr.staging.input.0.watch: INFO    : send message: alive
2017-05-30 21:46:04,940: umgr.staging.input.0: MainProcess                     : MainThread     : INFO    : recv message: alive
2017-05-30 21:46:04,940: umgr.staging.input.0: MainProcess                     : MainThread     : DEBUG   : ru_initialize_common (NOOP)
2017-05-30 21:46:04,941: umgr.staging.input.0: MainProcess                     : MainThread     : DEBUG   : ru_initialize_parent (NOOP)
2017-05-30 21:46:04,941: umgr.staging.input.0: MainProcess                     : MainThread     : DEBUG   : child thread umgr.staging.input.0.watch started
2017-05-30 21:46:04,941: umgr.staging.input.0: MainProcess                     : MainThread     : INFO    : child is alive
2017-05-30 21:46:04,941: umgr.staging.input.0: MainProcess                     : MainThread     : INFO    : radical.pilot        version: split-81-gf853cc9b@feature-bridges
2017-05-30 21:46:04,982: umgr.staging.input.0: MainProcess                     : MainThread     : INFO    : initialize umgr.staging.input.0
2017-05-30 21:46:04,988: umgr.staging.input.0: MainProcess                     : MainThread     : INFO    : cfg: {'agents': {},
 u'bridges': {u'control_pubsub': {'addr_in': 'tcp://138.201.86.166:43795',
                                  'addr_out': 'tcp://138.201.86.166:45433',
                                  u'bulk_size': 0,
                                  u'log_level': u'debug',
                                  u'stall_hwm': 1},
              u'log_pubsub': {'addr_in': 'tcp://138.201.86.166:44883',
                              'addr_out': 'tcp://138.201.86.166:35663',
                              u'bulk_size': 0,
                              u'log_level': u'debug',
                              u'stall_hwm': 1},
              u'state_pubsub': {'addr_in': 'tcp://138.201.86.166:39610',
                                'addr_out': 'tcp://138.201.86.166:34583',
                                u'bulk_size': 0,
                                u'log_level': u'debug',
                                u'stall_hwm': 1},
              u'umgr_reschedule_pubsub': {'addr_in': 'tcp://138.201.86.166:43399',
                                          'addr_out': 'tcp://138.201.86.166:38263',
                                          u'bulk_size': 0,
                                          u'log_level': u'debug',
                                          u'stall_hwm': 1},
              u'umgr_scheduling_queue': {'addr_in': 'tcp://138.201.86.166:46243',
                                         'addr_out': 'tcp://138.201.86.166:40227',
                                         u'bulk_size': 0,
                                         u'log_level': u'debug',
                                         u'stall_hwm': 1},
              u'umgr_staging_input_queue': {'addr_in': 'tcp://138.201.86.166:42704',
                                            'addr_out': 'tcp://138.201.86.166:39923',
                                            u'bulk_size': 0,
                                            u'log_level': u'debug',
                                            u'stall_hwm': 1},
              u'umgr_staging_output_queue': {'addr_in': 'tcp://138.201.86.166:34999',
                                             'addr_out': 'tcp://138.201.86.166:37666',
                                             u'bulk_size': 0,
                                             u'log_level': u'debug',
                                             u'stall_hwm': 1},
              u'umgr_unschedule_pubsub': {'addr_in': 'tcp://138.201.86.166:40250',
                                          'addr_out': 'tcp://138.201.86.166:41102',
                                          u'bulk_size': 0,
                                          u'log_level': u'debug',
                                          u'stall_hwm': 1}},
 u'bulk_collection_size': 100,
 u'bulk_collection_time': 1.0,
 'cname': u'UMGRStagingInputComponent',
 u'components': {},
 u'count': 1,
 u'db_poll_sleeptime': 1.0,
 'number': 0,
 'owner': 'umgr.0000',
 u'scheduler': u'round_robin',
 'uid': 'umgr.0000'}
2017-05-30 21:46:04,988: umgr.staging.input.0: MainProcess                     : MainThread     : DEBUG   : START: umgr.staging.input.0 register publisher log_pubsub
2017-05-30 21:46:04,988: umgr.staging.input.0: MainProcess                     : MainThread     : DEBUG   : using addr tcp://138.201.86.166:44883 for pubsub log_pubsub
2017-05-30 21:46:04,990: umgr.staging.input.0: MainProcess                     : MainThread     : DEBUG   : registered publisher : log_pubsub : log.pubsub.pub
2017-05-30 21:46:04,990: umgr.staging.input.0: MainProcess                     : MainThread     : DEBUG   : START: umgr.staging.input.0 register publisher state_pubsub
2017-05-30 21:46:04,990: umgr.staging.input.0: MainProcess                     : MainThread     : DEBUG   : using addr tcp://138.201.86.166:39610 for pubsub state_pubsub
2017-05-30 21:46:04,991: umgr.staging.input.0: MainProcess                     : MainThread     : DEBUG   : registered publisher : state_pubsub : state.pubsub.pub
2017-05-30 21:46:04,992: umgr.staging.input.0: MainProcess                     : MainThread     : DEBUG   : START: umgr.staging.input.0 register publisher control_pubsub
2017-05-30 21:46:04,992: umgr.staging.input.0: MainProcess                     : MainThread     : DEBUG   : using addr tcp://138.201.86.166:43795 for pubsub control_pubsub
2017-05-30 21:46:04,993: umgr.staging.input.0: MainProcess                     : MainThread     : DEBUG   : registered publisher : control_pubsub : control.pubsub.pub
2017-05-30 21:46:04,994: umgr.staging.input.0: MainProcess                     : MainThread     : DEBUG   : child process started
2017-05-30 22:01:52,399: umgr.staging.input.0: MainProcess                     : MainThread     : DEBUG   : stop umgr.staging.input.0 (16316 : 16469 : MainThread) [radical.pilot.unit_manager.UnitManager.finalize_parent]
2017-05-30 22:01:52,399: umgr.staging.input.0: MainProcess                     : MainThread     : INFO    : parent stops child
2017-05-30 22:01:52,399: umgr.staging.input.0: MainProcess                     : MainThread     : DEBUG   : ru_finalize_common()
2017-05-30 22:01:52,399: umgr.staging.input.0: MainProcess                     : MainThread     : DEBUG   : TERM : umgr.staging.input.0 unregister publisher state_pubsub
2017-05-30 22:01:52,400: umgr.staging.input.0: MainProcess                     : MainThread     : DEBUG   : unregistered publisher state_pubsub
2017-05-30 22:01:52,400: umgr.staging.input.0: MainProcess                     : MainThread     : DEBUG   : TERM : umgr.staging.input.0 unregister publisher control_pubsub
2017-05-30 22:01:52,400: umgr.staging.input.0: MainProcess                     : MainThread     : DEBUG   : unregistered publisher control_pubsub
2017-05-30 22:01:52,400: umgr.staging.input.0: MainProcess                     : MainThread     : DEBUG   : umgr.staging.input.0 close prof
2017-05-30 22:01:52,400: umgr.staging.input.0: MainProcess                     : MainThread     : INFO    : parent stops child
2017-05-30 22:01:52,400: umgr.staging.input.0: MainProcess                     : MainThread     : DEBUG   : ru_finalize_parent (NOOP)
2017-05-30 22:01:52,400: umgr.staging.input.0: MainProcess                     : MainThread     : DEBUG   : ru_finalize_common (NOOP)
2017-05-30 22:01:52,470: umgr.staging.input.0: MainProcess                     : umgr.staging.input.0.watch: INFO    : send message: work finished
2017-05-30 22:01:52,470: umgr.staging.input.0: MainProcess                     : umgr.staging.input.0.watch: DEBUG   : ru_finalize_child (NOOP)
2017-05-30 22:01:52,470: umgr.staging.input.0: MainProcess                     : umgr.staging.input.0.watch: DEBUG   : ru_finalize_common (NOOP)
2017-05-30 22:01:52,471: umgr.staging.input.0: MainProcess                     : umgr.staging.input.0.watch: INFO    : send message: terminating
2017-05-30 22:01:52,615: umgr.staging.input.0: MainProcess                     : MainThread     : WARNING : failed to stop child - terminate
2017-05-30 22:02:10,479: umgr.staging.input.0: MainProcess                     : MainThread     : INFO    : radical.pilot        version: split-81-gf853cc9b@feature-bridges
2017-05-30 22:02:10,479: umgr.staging.input.0: MainProcess                     : MainThread     : DEBUG   : start process
2017-05-30 22:02:10,485: umgr.staging.input.0: umgr.staging.input.0            : MainThread     : INFO    : child (me) initializing
2017-05-30 22:02:10,486: umgr.staging.input.0: umgr.staging.input.0            : MainThread     : DEBUG   : start thread
2017-05-30 22:02:10,486: umgr.staging.input.0: umgr.staging.input.0            : umgr.staging.input.0.child.watch: INFO    : child (me) initializing
2017-05-30 22:02:10,486: umgr.staging.input.0: umgr.staging.input.0            : umgr.staging.input.0.child.watch: DEBUG   : ru_initialize_common (NOOP)
2017-05-30 22:02:10,486: umgr.staging.input.0: umgr.staging.input.0            : umgr.staging.input.0.child.watch: DEBUG   : ru_initialize_child (NOOP)
2017-05-30 22:02:10,486: umgr.staging.input.0: umgr.staging.input.0            : umgr.staging.input.0.child.watch: INFO    : send alive
2017-05-30 22:02:10,486: umgr.staging.input.0: umgr.staging.input.0            : umgr.staging.input.0.child.watch: INFO    : send message: alive
2017-05-30 22:02:10,487: umgr.staging.input.0: umgr.staging.input.0            : MainThread     : INFO    : recv message: alive
2017-05-30 22:02:10,487: umgr.staging.input.0: umgr.staging.input.0            : MainThread     : DEBUG   : ru_initialize_common (NOOP)
2017-05-30 22:02:10,487: umgr.staging.input.0: umgr.staging.input.0            : MainThread     : DEBUG   : ru_initialize_parent (NOOP)
2017-05-30 22:02:10,487: umgr.staging.input.0: umgr.staging.input.0            : MainThread     : DEBUG   : child thread umgr.staging.input.0.child.watch started
2017-05-30 22:02:10,487: umgr.staging.input.0: umgr.staging.input.0            : MainThread     : INFO    : child (me) is alive
2017-05-30 22:02:10,504: umgr.staging.input.0: umgr.staging.input.0            : MainThread     : INFO    : send alive
2017-05-30 22:02:10,504: umgr.staging.input.0: umgr.staging.input.0            : MainThread     : INFO    : send message: alive
2017-05-30 22:02:10,505: umgr.staging.input.0: MainProcess                     : MainThread     : INFO    : recv message: alive
2017-05-30 22:02:10,505: umgr.staging.input.0: MainProcess                     : MainThread     : DEBUG   : start thread
2017-05-30 22:02:10,505: umgr.staging.input.0: MainProcess                     : umgr.staging.input.0.watch: INFO    : child (me) initializing
2017-05-30 22:02:10,505: umgr.staging.input.0: MainProcess                     : umgr.staging.input.0.watch: DEBUG   : ru_initialize_common (NOOP)
2017-05-30 22:02:10,505: umgr.staging.input.0: MainProcess                     : umgr.staging.input.0.watch: DEBUG   : ru_initialize_child (NOOP)
2017-05-30 22:02:10,505: umgr.staging.input.0: MainProcess                     : umgr.staging.input.0.watch: INFO    : send alive
2017-05-30 22:02:10,505: umgr.staging.input.0: MainProcess                     : umgr.staging.input.0.watch: INFO    : send message: alive
2017-05-30 22:02:10,506: umgr.staging.input.0: MainProcess                     : MainThread     : INFO    : recv message: alive
2017-05-30 22:02:10,506: umgr.staging.input.0: MainProcess                     : MainThread     : DEBUG   : ru_initialize_common (NOOP)
2017-05-30 22:02:10,506: umgr.staging.input.0: MainProcess                     : MainThread     : DEBUG   : ru_initialize_parent (NOOP)
2017-05-30 22:02:10,507: umgr.staging.input.0: MainProcess                     : MainThread     : DEBUG   : child thread umgr.staging.input.0.watch started
2017-05-30 22:02:10,507: umgr.staging.input.0: MainProcess                     : MainThread     : INFO    : child is alive
2017-05-30 22:02:10,507: umgr.staging.input.0: MainProcess                     : MainThread     : INFO    : radical.pilot        version: split-81-gf853cc9b@feature-bridges
2017-05-30 22:02:10,671: umgr.staging.input.0: MainProcess                     : MainThread     : INFO    : initialize umgr.staging.input.0
2017-05-30 22:02:10,678: umgr.staging.input.0: MainProcess                     : MainThread     : INFO    : cfg: {'agents': {},
 u'bridges': {u'control_pubsub': {'addr_in': 'tcp://138.201.86.166:38121',
                                  'addr_out': 'tcp://138.201.86.166:37013',
                                  u'bulk_size': 0,
                                  u'log_level': u'debug',
                                  u'stall_hwm': 1},
              u'log_pubsub': {'addr_in': 'tcp://138.201.86.166:45767',
                              'addr_out': 'tcp://138.201.86.166:46787',
                              u'bulk_size': 0,
                              u'log_level': u'debug',
                              u'stall_hwm': 1},
              u'state_pubsub': {'addr_in': 'tcp://138.201.86.166:44244',
                                'addr_out': 'tcp://138.201.86.166:34973',
                                u'bulk_size': 0,
                                u'log_level': u'debug',
                                u'stall_hwm': 1},
              u'umgr_reschedule_pubsub': {'addr_in': 'tcp://138.201.86.166:35515',
                                          'addr_out': 'tcp://138.201.86.166:37700',
                                          u'bulk_size': 0,
                                          u'log_level': u'debug',
                                          u'stall_hwm': 1},
              u'umgr_scheduling_queue': {'addr_in': 'tcp://138.201.86.166:40493',
                                         'addr_out': 'tcp://138.201.86.166:38773',
                                         u'bulk_size': 0,
                                         u'log_level': u'debug',
                                         u'stall_hwm': 1},
              u'umgr_staging_input_queue': {'addr_in': 'tcp://138.201.86.166:39202',
                                            'addr_out': 'tcp://138.201.86.166:33392',
                                            u'bulk_size': 0,
                                            u'log_level': u'debug',
                                            u'stall_hwm': 1},
              u'umgr_staging_output_queue': {'addr_in': 'tcp://138.201.86.166:41088',
                                             'addr_out': 'tcp://138.201.86.166:35180',
                                             u'bulk_size': 0,
                                             u'log_level': u'debug',
                                             u'stall_hwm': 1},
              u'umgr_unschedule_pubsub': {'addr_in': 'tcp://138.201.86.166:36141',
                                          'addr_out': 'tcp://138.201.86.166:34812',
                                          u'bulk_size': 0,
                                          u'log_level': u'debug',
                                          u'stall_hwm': 1}},
 u'bulk_collection_size': 100,
 u'bulk_collection_time': 1.0,
 'cname': u'UMGRStagingInputComponent',
 u'components': {},
 u'count': 1,
 u'db_poll_sleeptime': 1.0,
 'number': 0,
 'owner': 'umgr.0000',
 u'scheduler': u'round_robin',
 'uid': 'umgr.0000'}
2017-05-30 22:02:10,678: umgr.staging.input.0: MainProcess                     : MainThread     : DEBUG   : START: umgr.staging.input.0 register publisher log_pubsub
2017-05-30 22:02:10,678: umgr.staging.input.0: MainProcess                     : MainThread     : DEBUG   : using addr tcp://138.201.86.166:45767 for pubsub log_pubsub
2017-05-30 22:02:10,680: umgr.staging.input.0: MainProcess                     : MainThread     : DEBUG   : registered publisher : log_pubsub : log.pubsub.pub
2017-05-30 22:02:10,680: umgr.staging.input.0: MainProcess                     : MainThread     : DEBUG   : START: umgr.staging.input.0 register publisher state_pubsub
2017-05-30 22:02:10,680: umgr.staging.input.0: MainProcess                     : MainThread     : DEBUG   : using addr tcp://138.201.86.166:44244 for pubsub state_pubsub
2017-05-30 22:02:10,682: umgr.staging.input.0: MainProcess                     : MainThread     : DEBUG   : registered publisher : state_pubsub : state.pubsub.pub
2017-05-30 22:02:10,682: umgr.staging.input.0: MainProcess                     : MainThread     : DEBUG   : START: umgr.staging.input.0 register publisher control_pubsub
2017-05-30 22:02:10,682: umgr.staging.input.0: MainProcess                     : MainThread     : DEBUG   : using addr tcp://138.201.86.166:38121 for pubsub control_pubsub
2017-05-30 22:02:10,683: umgr.staging.input.0: MainProcess                     : MainThread     : DEBUG   : registered publisher : control_pubsub : control.pubsub.pub
2017-05-30 22:02:10,684: umgr.staging.input.0: MainProcess                     : MainThread     : DEBUG   : child process started
2017-05-30 22:11:49,071: umgr.staging.input.0: MainProcess                     : MainThread     : DEBUG   : stop umgr.staging.input.0 (16316 : 20880 : MainThread) [radical.pilot.unit_manager.UnitManager.finalize_parent]
2017-05-30 22:11:49,071: umgr.staging.input.0: MainProcess                     : MainThread     : INFO    : parent stops child
2017-05-30 22:11:49,071: umgr.staging.input.0: MainProcess                     : MainThread     : DEBUG   : ru_finalize_common()
2017-05-30 22:11:49,071: umgr.staging.input.0: MainProcess                     : MainThread     : DEBUG   : TERM : umgr.staging.input.0 unregister publisher state_pubsub
2017-05-30 22:11:49,071: umgr.staging.input.0: MainProcess                     : MainThread     : DEBUG   : unregistered publisher state_pubsub
2017-05-30 22:11:49,071: umgr.staging.input.0: MainProcess                     : MainThread     : DEBUG   : TERM : umgr.staging.input.0 unregister publisher control_pubsub
2017-05-30 22:11:49,072: umgr.staging.input.0: MainProcess                     : MainThread     : DEBUG   : unregistered publisher control_pubsub
2017-05-30 22:11:49,072: umgr.staging.input.0: MainProcess                     : MainThread     : DEBUG   : umgr.staging.input.0 close prof
2017-05-30 22:11:49,072: umgr.staging.input.0: MainProcess                     : MainThread     : INFO    : parent stops child
2017-05-30 22:11:49,072: umgr.staging.input.0: MainProcess                     : MainThread     : DEBUG   : ru_finalize_parent (NOOP)
2017-05-30 22:11:49,072: umgr.staging.input.0: MainProcess                     : MainThread     : DEBUG   : ru_finalize_common (NOOP)
2017-05-30 22:11:49,146: umgr.staging.input.0: MainProcess                     : umgr.staging.input.0.watch: INFO    : send message: work finished
2017-05-30 22:11:49,146: umgr.staging.input.0: MainProcess                     : umgr.staging.input.0.watch: DEBUG   : ru_finalize_child (NOOP)
2017-05-30 22:11:49,146: umgr.staging.input.0: MainProcess                     : umgr.staging.input.0.watch: DEBUG   : ru_finalize_common (NOOP)
2017-05-30 22:11:49,146: umgr.staging.input.0: MainProcess                     : umgr.staging.input.0.watch: INFO    : send message: terminating
2017-05-30 22:11:49,287: umgr.staging.input.0: MainProcess                     : MainThread     : WARNING : failed to stop child - terminate
2017-05-30 22:11:58,146: umgr.staging.input.0: MainProcess                     : MainThread     : INFO    : radical.pilot        version: split-81-gf853cc9b@feature-bridges
2017-05-30 22:11:58,146: umgr.staging.input.0: MainProcess                     : MainThread     : DEBUG   : start process
2017-05-30 22:11:58,159: umgr.staging.input.0: umgr.staging.input.0            : MainThread     : INFO    : child (me) initializing
2017-05-30 22:11:58,159: umgr.staging.input.0: umgr.staging.input.0            : MainThread     : DEBUG   : start thread
2017-05-30 22:11:58,160: umgr.staging.input.0: umgr.staging.input.0            : umgr.staging.input.0.child.watch: INFO    : child (me) initializing
2017-05-30 22:11:58,160: umgr.staging.input.0: umgr.staging.input.0            : umgr.staging.input.0.child.watch: DEBUG   : ru_initialize_common (NOOP)
2017-05-30 22:11:58,160: umgr.staging.input.0: umgr.staging.input.0            : umgr.staging.input.0.child.watch: DEBUG   : ru_initialize_child (NOOP)
2017-05-30 22:11:58,160: umgr.staging.input.0: umgr.staging.input.0            : umgr.staging.input.0.child.watch: INFO    : send alive
2017-05-30 22:11:58,160: umgr.staging.input.0: umgr.staging.input.0            : umgr.staging.input.0.child.watch: INFO    : send message: alive
2017-05-30 22:11:58,161: umgr.staging.input.0: umgr.staging.input.0            : MainThread     : INFO    : recv message: alive
2017-05-30 22:11:58,161: umgr.staging.input.0: umgr.staging.input.0            : MainThread     : DEBUG   : ru_initialize_common (NOOP)
2017-05-30 22:11:58,161: umgr.staging.input.0: umgr.staging.input.0            : MainThread     : DEBUG   : ru_initialize_parent (NOOP)
2017-05-30 22:11:58,161: umgr.staging.input.0: umgr.staging.input.0            : MainThread     : DEBUG   : child thread umgr.staging.input.0.child.watch started
2017-05-30 22:11:58,161: umgr.staging.input.0: umgr.staging.input.0            : MainThread     : INFO    : child (me) is alive
2017-05-30 22:11:58,183: umgr.staging.input.0: umgr.staging.input.0            : MainThread     : INFO    : send alive
2017-05-30 22:11:58,183: umgr.staging.input.0: umgr.staging.input.0            : MainThread     : INFO    : send message: alive
2017-05-30 22:11:58,183: umgr.staging.input.0: MainProcess                     : MainThread     : INFO    : recv message: alive
2017-05-30 22:11:58,183: umgr.staging.input.0: MainProcess                     : MainThread     : DEBUG   : start thread
2017-05-30 22:11:58,184: umgr.staging.input.0: MainProcess                     : umgr.staging.input.0.watch: INFO    : child (me) initializing
2017-05-30 22:11:58,184: umgr.staging.input.0: MainProcess                     : umgr.staging.input.0.watch: DEBUG   : ru_initialize_common (NOOP)
2017-05-30 22:11:58,184: umgr.staging.input.0: MainProcess                     : umgr.staging.input.0.watch: DEBUG   : ru_initialize_child (NOOP)
2017-05-30 22:11:58,184: umgr.staging.input.0: MainProcess                     : umgr.staging.input.0.watch: INFO    : send alive
2017-05-30 22:11:58,184: umgr.staging.input.0: MainProcess                     : umgr.staging.input.0.watch: INFO    : send message: alive
2017-05-30 22:11:58,185: umgr.staging.input.0: MainProcess                     : MainThread     : INFO    : recv message: alive
2017-05-30 22:11:58,185: umgr.staging.input.0: MainProcess                     : MainThread     : DEBUG   : ru_initialize_common (NOOP)
2017-05-30 22:11:58,185: umgr.staging.input.0: MainProcess                     : MainThread     : DEBUG   : ru_initialize_parent (NOOP)
2017-05-30 22:11:58,185: umgr.staging.input.0: MainProcess                     : MainThread     : DEBUG   : child thread umgr.staging.input.0.watch started
2017-05-30 22:11:58,185: umgr.staging.input.0: MainProcess                     : MainThread     : INFO    : child is alive
2017-05-30 22:11:58,185: umgr.staging.input.0: MainProcess                     : MainThread     : INFO    : radical.pilot        version: split-81-gf853cc9b@feature-bridges
2017-05-30 22:11:58,197: umgr.staging.input.0: MainProcess                     : MainThread     : INFO    : initialize umgr.staging.input.0
2017-05-30 22:11:58,204: umgr.staging.input.0: MainProcess                     : MainThread     : INFO    : cfg: {'agents': {},
 u'bridges': {u'control_pubsub': {'addr_in': 'tcp://138.201.86.166:33004',
                                  'addr_out': 'tcp://138.201.86.166:44976',
                                  u'bulk_size': 0,
                                  u'log_level': u'debug',
                                  u'stall_hwm': 1},
              u'log_pubsub': {'addr_in': 'tcp://138.201.86.166:46414',
                              'addr_out': 'tcp://138.201.86.166:33366',
                              u'bulk_size': 0,
                              u'log_level': u'debug',
                              u'stall_hwm': 1},
              u'state_pubsub': {'addr_in': 'tcp://138.201.86.166:42924',
                                'addr_out': 'tcp://138.201.86.166:37800',
                                u'bulk_size': 0,
                                u'log_level': u'debug',
                                u'stall_hwm': 1},
              u'umgr_reschedule_pubsub': {'addr_in': 'tcp://138.201.86.166:46866',
                                          'addr_out': 'tcp://138.201.86.166:38309',
                                          u'bulk_size': 0,
                                          u'log_level': u'debug',
                                          u'stall_hwm': 1},
              u'umgr_scheduling_queue': {'addr_in': 'tcp://138.201.86.166:38639',
                                         'addr_out': 'tcp://138.201.86.166:36324',
                                         u'bulk_size': 0,
                                         u'log_level': u'debug',
                                         u'stall_hwm': 1},
              u'umgr_staging_input_queue': {'addr_in': 'tcp://138.201.86.166:39686',
                                            'addr_out': 'tcp://138.201.86.166:40338',
                                            u'bulk_size': 0,
                                            u'log_level': u'debug',
                                            u'stall_hwm': 1},
              u'umgr_staging_output_queue': {'addr_in': 'tcp://138.201.86.166:40704',
                                             'addr_out': 'tcp://138.201.86.166:36530',
                                             u'bulk_size': 0,
                                             u'log_level': u'debug',
                                             u'stall_hwm': 1},
              u'umgr_unschedule_pubsub': {'addr_in': 'tcp://138.201.86.166:34647',
                                          'addr_out': 'tcp://138.201.86.166:36892',
                                          u'bulk_size': 0,
                                          u'log_level': u'debug',
                                          u'stall_hwm': 1}},
 u'bulk_collection_size': 100,
 u'bulk_collection_time': 1.0,
 'cname': u'UMGRStagingInputComponent',
 u'components': {},
 u'count': 1,
 u'db_poll_sleeptime': 1.0,
 'number': 0,
 'owner': 'umgr.0000',
 u'scheduler': u'round_robin',
 'uid': 'umgr.0000'}
2017-05-30 22:11:58,204: umgr.staging.input.0: MainProcess                     : MainThread     : DEBUG   : START: umgr.staging.input.0 register publisher log_pubsub
2017-05-30 22:11:58,204: umgr.staging.input.0: MainProcess                     : MainThread     : DEBUG   : using addr tcp://138.201.86.166:46414 for pubsub log_pubsub
2017-05-30 22:11:58,208: umgr.staging.input.0: MainProcess                     : MainThread     : DEBUG   : registered publisher : log_pubsub : log.pubsub.pub
2017-05-30 22:11:58,208: umgr.staging.input.0: MainProcess                     : MainThread     : DEBUG   : START: umgr.staging.input.0 register publisher state_pubsub
2017-05-30 22:11:58,208: umgr.staging.input.0: MainProcess                     : MainThread     : DEBUG   : using addr tcp://138.201.86.166:42924 for pubsub state_pubsub
2017-05-30 22:11:58,209: umgr.staging.input.0: MainProcess                     : MainThread     : DEBUG   : registered publisher : state_pubsub : state.pubsub.pub
2017-05-30 22:11:58,210: umgr.staging.input.0: MainProcess                     : MainThread     : DEBUG   : START: umgr.staging.input.0 register publisher control_pubsub
2017-05-30 22:11:58,210: umgr.staging.input.0: MainProcess                     : MainThread     : DEBUG   : using addr tcp://138.201.86.166:33004 for pubsub control_pubsub
2017-05-30 22:11:58,213: umgr.staging.input.0: MainProcess                     : MainThread     : DEBUG   : registered publisher : control_pubsub : control.pubsub.pub
2017-05-30 22:11:58,214: umgr.staging.input.0: MainProcess                     : MainThread     : DEBUG   : child process started
2017-05-30 22:13:17,341: umgr.staging.input.0: umgr.staging.input.0            : MainThread     : ERROR   : abort: KeyboardInterrupt()
Traceback (most recent call last):
  File "/home/mingtha/ve/ve.rp_add_res_cfg/local/lib/python2.7/site-packages/radical/utils/process.py", line 549, in _run
    if not self.work_cb():
  File "/home/mingtha/ve/ve.rp_add_res_cfg/local/lib/python2.7/site-packages/radical/pilot/utils/component.py", line 1136, in work_cb
    things = input.get_nowait(1000) # timeout in microseconds
  File "/home/mingtha/ve/ve.rp_add_res_cfg/local/lib/python2.7/site-packages/radical/pilot/utils/queue.py", line 413, in get_nowait
    if _uninterruptible(self._q.poll, flags=zmq.POLLIN, timeout=timeout):
  File "/home/mingtha/ve/ve.rp_add_res_cfg/local/lib/python2.7/site-packages/radical/pilot/utils/queue.py", line 50, in _uninterruptible
    return f(*args, **kwargs)
  File "/home/mingtha/ve/ve.rp_add_res_cfg/local/lib/python2.7/site-packages/zmq/sugar/socket.py", line 558, in poll
    evts = dict(p.poll(timeout))
  File "/home/mingtha/ve/ve.rp_add_res_cfg/local/lib/python2.7/site-packages/zmq/sugar/poll.py", line 99, in poll
    return zmq_poll(self.sockets, timeout=timeout)
  File "zmq/backend/cython/_poll.pyx", line 116, in zmq.backend.cython._poll.zmq_poll (zmq/backend/cython/_poll.c:2036)
  File "zmq/backend/cython/checkrc.pxd", line 12, in zmq.backend.cython.checkrc._check_rc (zmq/backend/cython/_poll.c:2418)
    PyErr_CheckSignals()
KeyboardInterrupt
2017-05-30 22:13:17,344: umgr.staging.input.0: umgr.staging.input.0            : MainThread     : INFO    : send message: abort: KeyboardInterrupt()
2017-05-30 22:13:17,347: umgr.staging.input.0: umgr.staging.input.0            : MainThread     : INFO    : send message: terminating
2017-05-30 22:13:17,356: umgr.staging.input.0: MainProcess                     : umgr.staging.input.0.watch: INFO    : recv message: abort: KeyboardInterrupt()terminating
2017-05-30 22:13:17,356: umgr.staging.input.0: MainProcess                     : umgr.staging.input.0.watch: INFO    : message received: abort: KeyboardInterrupt()terminating
2017-05-30 22:13:17,438: umgr.staging.input.0: umgr.staging.input.0            : umgr.staging.input.0.child.watch: INFO    : send message: work finished
2017-05-30 22:13:17,438: umgr.staging.input.0: umgr.staging.input.0            : umgr.staging.input.0.child.watch: DEBUG   : ru_finalize_child (NOOP)
2017-05-30 22:13:17,438: umgr.staging.input.0: umgr.staging.input.0            : umgr.staging.input.0.child.watch: DEBUG   : ru_finalize_common (NOOP)
2017-05-30 22:13:17,438: umgr.staging.input.0: umgr.staging.input.0            : umgr.staging.input.0.child.watch: INFO    : send message: terminating
2017-05-30 22:13:17,858: umgr.staging.input.0: MainProcess                     : umgr.staging.input.0.watch: WARNING : endpoint disappeard
2017-05-30 22:13:17,858: umgr.staging.input.0: MainProcess                     : umgr.staging.input.0.watch: WARNING : watcher failed
2017-05-30 22:13:17,858: umgr.staging.input.0: MainProcess                     : umgr.staging.input.0.watch: INFO    : send message: work finished
2017-05-30 22:13:17,858: umgr.staging.input.0: MainProcess                     : umgr.staging.input.0.watch: DEBUG   : ru_finalize_child (NOOP)
2017-05-30 22:13:17,859: umgr.staging.input.0: MainProcess                     : umgr.staging.input.0.watch: DEBUG   : ru_finalize_common (NOOP)
2017-05-30 22:13:17,898: umgr.staging.input.0: MainProcess                     : umgr.staging.input.0.watch: INFO    : send message: terminating
2017-05-30 22:13:18,540: umgr.staging.input.0: MainProcess                     : MainThread     : DEBUG   : stop umgr.staging.input.0 (16316 : 23594 : MainThread) [radical.pilot.unit_manager.UnitManager.finalize_parent]
2017-05-30 22:13:18,540: umgr.staging.input.0: MainProcess                     : MainThread     : INFO    : parent stops child
2017-05-30 22:13:18,540: umgr.staging.input.0: MainProcess                     : MainThread     : DEBUG   : ru_finalize_common()
2017-05-30 22:13:18,540: umgr.staging.input.0: MainProcess                     : MainThread     : DEBUG   : TERM : umgr.staging.input.0 unregister publisher state_pubsub
2017-05-30 22:13:18,540: umgr.staging.input.0: MainProcess                     : MainThread     : DEBUG   : unregistered publisher state_pubsub
2017-05-30 22:13:18,540: umgr.staging.input.0: MainProcess                     : MainThread     : DEBUG   : TERM : umgr.staging.input.0 unregister publisher control_pubsub
2017-05-30 22:13:18,541: umgr.staging.input.0: MainProcess                     : MainThread     : DEBUG   : unregistered publisher control_pubsub
2017-05-30 22:13:18,541: umgr.staging.input.0: MainProcess                     : MainThread     : DEBUG   : umgr.staging.input.0 close prof
2017-05-30 22:13:18,541: umgr.staging.input.0: MainProcess                     : MainThread     : INFO    : parent stops child
2017-05-30 22:13:18,541: umgr.staging.input.0: MainProcess                     : MainThread     : DEBUG   : ru_finalize_parent (NOOP)
2017-05-30 22:13:18,541: umgr.staging.input.0: MainProcess                     : MainThread     : DEBUG   : ru_finalize_common (NOOP)
