2017-05-30 21:45:59,639: update.0            : MainProcess                     : MainThread     : INFO    : python.interpreter   version: 2.7.12 (default, Nov 19 2016, 06:48:10) [GCC 5.4.0 20160609]
2017-05-30 21:45:59,639: update.0            : MainProcess                     : MainThread     : INFO    :                      pid: 16316
2017-05-30 21:45:59,639: update.0            : MainProcess                     : MainThread     : INFO    :                      tid: MainThread
2017-05-30 21:45:59,640: update.0            : MainProcess                     : MainThread     : INFO    : radical.pilot        version: split-81-gf853cc9b@feature-bridges
2017-05-30 21:45:59,640: update.0            : MainProcess                     : MainThread     : DEBUG   : start process
2017-05-30 21:45:59,646: update.0            : update.0                        : MainThread     : INFO    : child (me) initializing
2017-05-30 21:45:59,647: update.0            : update.0                        : MainThread     : DEBUG   : start thread
2017-05-30 21:45:59,647: update.0            : update.0                        : update.0.child.watch: INFO    : child (me) initializing
2017-05-30 21:45:59,648: update.0            : update.0                        : update.0.child.watch: DEBUG   : ru_initialize_common (NOOP)
2017-05-30 21:45:59,648: update.0            : update.0                        : update.0.child.watch: DEBUG   : ru_initialize_child (NOOP)
2017-05-30 21:45:59,648: update.0            : update.0                        : update.0.child.watch: INFO    : send alive
2017-05-30 21:45:59,648: update.0            : update.0                        : update.0.child.watch: INFO    : send message: alive
2017-05-30 21:45:59,649: update.0            : update.0                        : MainThread     : INFO    : recv message: alive
2017-05-30 21:45:59,649: update.0            : update.0                        : MainThread     : DEBUG   : ru_initialize_common (NOOP)
2017-05-30 21:45:59,649: update.0            : update.0                        : MainThread     : DEBUG   : ru_initialize_parent (NOOP)
2017-05-30 21:45:59,650: update.0            : update.0                        : MainThread     : DEBUG   : child thread update.0.child.watch started
2017-05-30 21:45:59,650: update.0            : update.0                        : MainThread     : INFO    : child (me) is alive
2017-05-30 21:46:00,271: update.0            : update.0                        : MainThread     : INFO    : send alive
2017-05-30 21:46:00,271: update.0            : update.0                        : MainThread     : INFO    : send message: alive
2017-05-30 21:46:00,272: update.0            : MainProcess                     : MainThread     : INFO    : recv message: alive
2017-05-30 21:46:00,272: update.0            : MainProcess                     : MainThread     : DEBUG   : start thread
2017-05-30 21:46:00,273: update.0            : MainProcess                     : update.0.watch : INFO    : child (me) initializing
2017-05-30 21:46:00,273: update.0            : MainProcess                     : update.0.watch : DEBUG   : ru_initialize_common (NOOP)
2017-05-30 21:46:00,273: update.0            : MainProcess                     : update.0.watch : DEBUG   : ru_initialize_child (NOOP)
2017-05-30 21:46:00,274: update.0            : MainProcess                     : update.0.watch : INFO    : send alive
2017-05-30 21:46:00,274: update.0            : MainProcess                     : update.0.watch : INFO    : send message: alive
2017-05-30 21:46:00,274: update.0            : MainProcess                     : MainThread     : INFO    : recv message: alive
2017-05-30 21:46:00,275: update.0            : MainProcess                     : MainThread     : DEBUG   : ru_initialize_common (NOOP)
2017-05-30 21:46:00,275: update.0            : MainProcess                     : MainThread     : DEBUG   : ru_initialize_parent (NOOP)
2017-05-30 21:46:00,275: update.0            : MainProcess                     : MainThread     : DEBUG   : child thread update.0.watch started
2017-05-30 21:46:00,275: update.0            : MainProcess                     : MainThread     : INFO    : child is alive
2017-05-30 21:46:00,275: update.0            : MainProcess                     : MainThread     : INFO    : radical.pilot        version: split-81-gf853cc9b@feature-bridges
2017-05-30 21:46:00,322: update.0            : MainProcess                     : MainThread     : INFO    : initialize update.0
2017-05-30 21:46:00,326: update.0            : MainProcess                     : MainThread     : INFO    : cfg: {'agents': {},
 u'bridges': {u'control_pubsub': {'addr_in': 'tcp://138.201.86.166:43795',
                                  'addr_out': 'tcp://138.201.86.166:45433',
                                  u'bulk_size': 0,
                                  u'log_level': u'debug',
                                  u'stall_hwm': 1},
              u'log_pubsub': {'addr_in': 'tcp://138.201.86.166:44883',
                              'addr_out': 'tcp://138.201.86.166:35663',
                              u'bulk_size': 0,
                              u'log_level': u'debug',
                              u'stall_hwm': 1},
              u'state_pubsub': {'addr_in': 'tcp://138.201.86.166:39610',
                                'addr_out': 'tcp://138.201.86.166:34583',
                                u'bulk_size': 0,
                                u'log_level': u'debug',
                                u'stall_hwm': 1}},
 'cname': u'UpdateWorker',
 u'components': {},
 u'count': 1,
 'dburl': 'mongodb://mingtaiha:mingtaiha@ds053838.mlab.com:53838/hicomb',
 'debug': 'DEBUG',
 u'default_dburl': u'mongodb://rp:rp@ds015335.mlab.com:15335/rp',
 'logdir': '/home/mingtha/repos/affinity_model/exp/model_confirm/rp.session.Ubuntu-1604-xenial-64-minimal.mingtha.017316.0013',
 'number': 0,
 'owner': 'rp.session.Ubuntu-1604-xenial-64-minimal.mingtha.017316.0013',
 'session_id': 'rp.session.Ubuntu-1604-xenial-64-minimal.mingtha.017316.0013'}
2017-05-30 21:46:00,327: update.0            : MainProcess                     : MainThread     : DEBUG   : START: update.0 register publisher log_pubsub
2017-05-30 21:46:00,327: update.0            : MainProcess                     : MainThread     : DEBUG   : using addr tcp://138.201.86.166:44883 for pubsub log_pubsub
2017-05-30 21:46:00,330: update.0            : MainProcess                     : MainThread     : DEBUG   : registered publisher : log_pubsub : log.pubsub.pub
2017-05-30 21:46:00,330: update.0            : MainProcess                     : MainThread     : DEBUG   : START: update.0 register publisher state_pubsub
2017-05-30 21:46:00,330: update.0            : MainProcess                     : MainThread     : DEBUG   : using addr tcp://138.201.86.166:39610 for pubsub state_pubsub
2017-05-30 21:46:00,333: update.0            : MainProcess                     : MainThread     : DEBUG   : registered publisher : state_pubsub : state.pubsub.pub
2017-05-30 21:46:00,333: update.0            : MainProcess                     : MainThread     : DEBUG   : START: update.0 register publisher control_pubsub
2017-05-30 21:46:00,333: update.0            : MainProcess                     : MainThread     : DEBUG   : using addr tcp://138.201.86.166:43795 for pubsub control_pubsub
2017-05-30 21:46:00,335: update.0            : MainProcess                     : MainThread     : DEBUG   : registered publisher : control_pubsub : control.pubsub.pub
2017-05-30 21:46:00,336: update.0            : MainProcess                     : MainThread     : DEBUG   : child process started
2017-05-30 22:02:07,576: update.0            : MainProcess                     : MainThread     : INFO    : radical.pilot        version: split-81-gf853cc9b@feature-bridges
2017-05-30 22:02:07,577: update.0            : MainProcess                     : MainThread     : DEBUG   : start process
2017-05-30 22:02:07,581: update.0            : update.0                        : MainThread     : INFO    : child (me) initializing
2017-05-30 22:02:07,582: update.0            : update.0                        : MainThread     : DEBUG   : start thread
2017-05-30 22:02:07,582: update.0            : update.0                        : update.0.child.watch: INFO    : child (me) initializing
2017-05-30 22:02:07,582: update.0            : update.0                        : update.0.child.watch: DEBUG   : ru_initialize_common (NOOP)
2017-05-30 22:02:07,582: update.0            : update.0                        : update.0.child.watch: DEBUG   : ru_initialize_child (NOOP)
2017-05-30 22:02:07,582: update.0            : update.0                        : update.0.child.watch: INFO    : send alive
2017-05-30 22:02:07,583: update.0            : update.0                        : update.0.child.watch: INFO    : send message: alive
2017-05-30 22:02:07,583: update.0            : update.0                        : MainThread     : INFO    : recv message: alive
2017-05-30 22:02:07,584: update.0            : update.0                        : MainThread     : DEBUG   : ru_initialize_common (NOOP)
2017-05-30 22:02:07,584: update.0            : update.0                        : MainThread     : DEBUG   : ru_initialize_parent (NOOP)
2017-05-30 22:02:07,584: update.0            : update.0                        : MainThread     : DEBUG   : child thread update.0.child.watch started
2017-05-30 22:02:07,584: update.0            : update.0                        : MainThread     : INFO    : child (me) is alive
2017-05-30 22:02:08,138: update.0            : update.0                        : MainThread     : INFO    : send alive
2017-05-30 22:02:08,138: update.0            : update.0                        : MainThread     : INFO    : send message: alive
2017-05-30 22:02:08,138: update.0            : MainProcess                     : MainThread     : INFO    : recv message: alive
2017-05-30 22:02:08,139: update.0            : MainProcess                     : MainThread     : DEBUG   : start thread
2017-05-30 22:02:08,140: update.0            : MainProcess                     : update.0.watch : INFO    : child (me) initializing
2017-05-30 22:02:08,140: update.0            : MainProcess                     : update.0.watch : DEBUG   : ru_initialize_common (NOOP)
2017-05-30 22:02:08,140: update.0            : MainProcess                     : update.0.watch : DEBUG   : ru_initialize_child (NOOP)
2017-05-30 22:02:08,140: update.0            : MainProcess                     : update.0.watch : INFO    : send alive
2017-05-30 22:02:08,140: update.0            : MainProcess                     : update.0.watch : INFO    : send message: alive
2017-05-30 22:02:08,141: update.0            : MainProcess                     : MainThread     : INFO    : recv message: alive
2017-05-30 22:02:08,142: update.0            : MainProcess                     : MainThread     : DEBUG   : ru_initialize_common (NOOP)
2017-05-30 22:02:08,142: update.0            : MainProcess                     : MainThread     : DEBUG   : ru_initialize_parent (NOOP)
2017-05-30 22:02:08,142: update.0            : MainProcess                     : MainThread     : DEBUG   : child thread update.0.watch started
2017-05-30 22:02:08,142: update.0            : MainProcess                     : MainThread     : INFO    : child is alive
2017-05-30 22:02:08,142: update.0            : MainProcess                     : MainThread     : INFO    : radical.pilot        version: split-81-gf853cc9b@feature-bridges
2017-05-30 22:02:08,307: update.0            : MainProcess                     : MainThread     : INFO    : initialize update.0
2017-05-30 22:02:08,311: update.0            : MainProcess                     : MainThread     : INFO    : cfg: {'agents': {},
 u'bridges': {u'control_pubsub': {'addr_in': 'tcp://138.201.86.166:38121',
                                  'addr_out': 'tcp://138.201.86.166:37013',
                                  u'bulk_size': 0,
                                  u'log_level': u'debug',
                                  u'stall_hwm': 1},
              u'log_pubsub': {'addr_in': 'tcp://138.201.86.166:45767',
                              'addr_out': 'tcp://138.201.86.166:46787',
                              u'bulk_size': 0,
                              u'log_level': u'debug',
                              u'stall_hwm': 1},
              u'state_pubsub': {'addr_in': 'tcp://138.201.86.166:44244',
                                'addr_out': 'tcp://138.201.86.166:34973',
                                u'bulk_size': 0,
                                u'log_level': u'debug',
                                u'stall_hwm': 1}},
 'cname': u'UpdateWorker',
 u'components': {},
 u'count': 1,
 'dburl': 'mongodb://mingtaiha:mingtaiha@ds053838.mlab.com:53838/hicomb',
 'debug': 'DEBUG',
 u'default_dburl': u'mongodb://rp:rp@ds015335.mlab.com:15335/rp',
 'logdir': '/home/mingtha/repos/affinity_model/exp/model_confirm/rp.session.Ubuntu-1604-xenial-64-minimal.mingtha.017316.0014',
 'number': 0,
 'owner': 'rp.session.Ubuntu-1604-xenial-64-minimal.mingtha.017316.0014',
 'session_id': 'rp.session.Ubuntu-1604-xenial-64-minimal.mingtha.017316.0014'}
2017-05-30 22:02:08,311: update.0            : MainProcess                     : MainThread     : DEBUG   : START: update.0 register publisher log_pubsub
2017-05-30 22:02:08,311: update.0            : MainProcess                     : MainThread     : DEBUG   : using addr tcp://138.201.86.166:45767 for pubsub log_pubsub
2017-05-30 22:02:08,311: update.0            : MainProcess                     : MainThread     : DEBUG   : registered publisher : log_pubsub : log.pubsub.pub
2017-05-30 22:02:08,311: update.0            : MainProcess                     : MainThread     : DEBUG   : START: update.0 register publisher state_pubsub
2017-05-30 22:02:08,311: update.0            : MainProcess                     : MainThread     : DEBUG   : using addr tcp://138.201.86.166:44244 for pubsub state_pubsub
2017-05-30 22:02:08,312: update.0            : MainProcess                     : MainThread     : DEBUG   : registered publisher : state_pubsub : state.pubsub.pub
2017-05-30 22:02:08,312: update.0            : MainProcess                     : MainThread     : DEBUG   : START: update.0 register publisher control_pubsub
2017-05-30 22:02:08,312: update.0            : MainProcess                     : MainThread     : DEBUG   : using addr tcp://138.201.86.166:38121 for pubsub control_pubsub
2017-05-30 22:02:08,312: update.0            : MainProcess                     : MainThread     : DEBUG   : registered publisher : control_pubsub : control.pubsub.pub
2017-05-30 22:02:08,313: update.0            : MainProcess                     : MainThread     : DEBUG   : child process started
2017-05-30 22:11:55,533: update.0            : MainProcess                     : MainThread     : INFO    : radical.pilot        version: split-81-gf853cc9b@feature-bridges
2017-05-30 22:11:55,533: update.0            : MainProcess                     : MainThread     : DEBUG   : start process
2017-05-30 22:11:55,540: update.0            : update.0                        : MainThread     : INFO    : child (me) initializing
2017-05-30 22:11:55,540: update.0            : update.0                        : MainThread     : DEBUG   : start thread
2017-05-30 22:11:55,540: update.0            : update.0                        : update.0.child.watch: INFO    : child (me) initializing
2017-05-30 22:11:55,541: update.0            : update.0                        : update.0.child.watch: DEBUG   : ru_initialize_common (NOOP)
2017-05-30 22:11:55,541: update.0            : update.0                        : update.0.child.watch: DEBUG   : ru_initialize_child (NOOP)
2017-05-30 22:11:55,541: update.0            : update.0                        : update.0.child.watch: INFO    : send alive
2017-05-30 22:11:55,541: update.0            : update.0                        : update.0.child.watch: INFO    : send message: alive
2017-05-30 22:11:55,542: update.0            : update.0                        : MainThread     : INFO    : recv message: alive
2017-05-30 22:11:55,542: update.0            : update.0                        : MainThread     : DEBUG   : ru_initialize_common (NOOP)
2017-05-30 22:11:55,542: update.0            : update.0                        : MainThread     : DEBUG   : ru_initialize_parent (NOOP)
2017-05-30 22:11:55,542: update.0            : update.0                        : MainThread     : DEBUG   : child thread update.0.child.watch started
2017-05-30 22:11:55,542: update.0            : update.0                        : MainThread     : INFO    : child (me) is alive
2017-05-30 22:11:56,084: update.0            : update.0                        : MainThread     : INFO    : send alive
2017-05-30 22:11:56,085: update.0            : update.0                        : MainThread     : INFO    : send message: alive
2017-05-30 22:11:56,085: update.0            : MainProcess                     : MainThread     : INFO    : recv message: alive
2017-05-30 22:11:56,086: update.0            : MainProcess                     : MainThread     : DEBUG   : start thread
2017-05-30 22:11:56,086: update.0            : MainProcess                     : update.0.watch : INFO    : child (me) initializing
2017-05-30 22:11:56,087: update.0            : MainProcess                     : update.0.watch : DEBUG   : ru_initialize_common (NOOP)
2017-05-30 22:11:56,087: update.0            : MainProcess                     : update.0.watch : DEBUG   : ru_initialize_child (NOOP)
2017-05-30 22:11:56,087: update.0            : MainProcess                     : update.0.watch : INFO    : send alive
2017-05-30 22:11:56,087: update.0            : MainProcess                     : update.0.watch : INFO    : send message: alive
2017-05-30 22:11:56,088: update.0            : MainProcess                     : MainThread     : INFO    : recv message: alive
2017-05-30 22:11:56,088: update.0            : MainProcess                     : MainThread     : DEBUG   : ru_initialize_common (NOOP)
2017-05-30 22:11:56,089: update.0            : MainProcess                     : MainThread     : DEBUG   : ru_initialize_parent (NOOP)
2017-05-30 22:11:56,089: update.0            : MainProcess                     : MainThread     : DEBUG   : child thread update.0.watch started
2017-05-30 22:11:56,089: update.0            : MainProcess                     : MainThread     : INFO    : child is alive
2017-05-30 22:11:56,089: update.0            : MainProcess                     : MainThread     : INFO    : radical.pilot        version: split-81-gf853cc9b@feature-bridges
2017-05-30 22:11:56,121: update.0            : MainProcess                     : MainThread     : INFO    : initialize update.0
2017-05-30 22:11:56,125: update.0            : MainProcess                     : MainThread     : INFO    : cfg: {'agents': {},
 u'bridges': {u'control_pubsub': {'addr_in': 'tcp://138.201.86.166:33004',
                                  'addr_out': 'tcp://138.201.86.166:44976',
                                  u'bulk_size': 0,
                                  u'log_level': u'debug',
                                  u'stall_hwm': 1},
              u'log_pubsub': {'addr_in': 'tcp://138.201.86.166:46414',
                              'addr_out': 'tcp://138.201.86.166:33366',
                              u'bulk_size': 0,
                              u'log_level': u'debug',
                              u'stall_hwm': 1},
              u'state_pubsub': {'addr_in': 'tcp://138.201.86.166:42924',
                                'addr_out': 'tcp://138.201.86.166:37800',
                                u'bulk_size': 0,
                                u'log_level': u'debug',
                                u'stall_hwm': 1}},
 'cname': u'UpdateWorker',
 u'components': {},
 u'count': 1,
 'dburl': 'mongodb://mingtaiha:mingtaiha@ds053838.mlab.com:53838/hicomb',
 'debug': 'DEBUG',
 u'default_dburl': u'mongodb://rp:rp@ds015335.mlab.com:15335/rp',
 'logdir': '/home/mingtha/repos/affinity_model/exp/model_confirm/rp.session.Ubuntu-1604-xenial-64-minimal.mingtha.017316.0015',
 'number': 0,
 'owner': 'rp.session.Ubuntu-1604-xenial-64-minimal.mingtha.017316.0015',
 'session_id': 'rp.session.Ubuntu-1604-xenial-64-minimal.mingtha.017316.0015'}
2017-05-30 22:11:56,125: update.0            : MainProcess                     : MainThread     : DEBUG   : START: update.0 register publisher log_pubsub
2017-05-30 22:11:56,125: update.0            : MainProcess                     : MainThread     : DEBUG   : using addr tcp://138.201.86.166:46414 for pubsub log_pubsub
2017-05-30 22:11:56,126: update.0            : MainProcess                     : MainThread     : DEBUG   : registered publisher : log_pubsub : log.pubsub.pub
2017-05-30 22:11:56,126: update.0            : MainProcess                     : MainThread     : DEBUG   : START: update.0 register publisher state_pubsub
2017-05-30 22:11:56,126: update.0            : MainProcess                     : MainThread     : DEBUG   : using addr tcp://138.201.86.166:42924 for pubsub state_pubsub
2017-05-30 22:11:56,126: update.0            : MainProcess                     : MainThread     : DEBUG   : registered publisher : state_pubsub : state.pubsub.pub
2017-05-30 22:11:56,127: update.0            : MainProcess                     : MainThread     : DEBUG   : START: update.0 register publisher control_pubsub
2017-05-30 22:11:56,127: update.0            : MainProcess                     : MainThread     : DEBUG   : using addr tcp://138.201.86.166:33004 for pubsub control_pubsub
2017-05-30 22:11:56,127: update.0            : MainProcess                     : MainThread     : DEBUG   : registered publisher : control_pubsub : control.pubsub.pub
2017-05-30 22:11:56,127: update.0            : MainProcess                     : MainThread     : DEBUG   : child process started
2017-05-30 22:13:17,341: update.0            : update.0                        : MainThread     : ERROR   : abort: KeyboardInterrupt()
Traceback (most recent call last):
  File "/home/mingtha/ve/ve.rp_add_res_cfg/local/lib/python2.7/site-packages/radical/utils/process.py", line 549, in _run
    if not self.work_cb():
  File "/home/mingtha/ve/ve.rp_add_res_cfg/local/lib/python2.7/site-packages/radical/pilot/utils/component.py", line 1126, in work_cb
    time.sleep(0.1)
KeyboardInterrupt
2017-05-30 22:13:17,344: update.0            : update.0                        : MainThread     : INFO    : send message: abort: KeyboardInterrupt()
2017-05-30 22:13:17,347: update.0            : update.0                        : MainThread     : INFO    : send message: terminating
2017-05-30 22:13:17,347: update.0            : update.0                        : MainThread     : ERROR   : abort: KeyboardInterrupt()
Traceback (most recent call last):
  File "/home/mingtha/ve/ve.rp_add_res_cfg/local/lib/python2.7/site-packages/radical/utils/process.py", line 549, in _run
    if not self.work_cb():
  File "/home/mingtha/ve/ve.rp_add_res_cfg/local/lib/python2.7/site-packages/radical/pilot/utils/component.py", line 1126, in work_cb
    time.sleep(0.1)
KeyboardInterrupt
2017-05-30 22:13:17,347: update.0            : update.0                        : MainThread     : INFO    : send message: abort: KeyboardInterrupt()
2017-05-30 22:13:17,348: update.0            : update.0                        : MainThread     : ERROR   : abort: KeyboardInterrupt()
Traceback (most recent call last):
  File "/home/mingtha/ve/ve.rp_add_res_cfg/local/lib/python2.7/site-packages/radical/utils/process.py", line 549, in _run
    if not self.work_cb():
  File "/home/mingtha/ve/ve.rp_add_res_cfg/local/lib/python2.7/site-packages/radical/pilot/utils/component.py", line 1126, in work_cb
    time.sleep(0.1)
KeyboardInterrupt
2017-05-30 22:13:17,349: update.0            : update.0                        : MainThread     : INFO    : send message: abort: KeyboardInterrupt()
2017-05-30 22:13:17,350: update.0            : update.0                        : MainThread     : INFO    : send message: terminating
2017-05-30 22:13:17,350: update.0            : update.0                        : MainThread     : INFO    : send message: terminating
2017-05-30 22:13:17,355: update.0            : update.0                        : update.0.child.watch: INFO    : send message: work finished
2017-05-30 22:13:17,356: update.0            : update.0                        : update.0.child.watch: DEBUG   : ru_finalize_child (NOOP)
2017-05-30 22:13:17,356: update.0            : update.0                        : update.0.child.watch: DEBUG   : ru_finalize_common (NOOP)
2017-05-30 22:13:17,356: update.0            : update.0                        : update.0.child.watch: INFO    : send message: terminating
2017-05-30 22:13:17,419: update.0            : update.0                        : update.0.child.watch: INFO    : send message: work finished
2017-05-30 22:13:17,419: update.0            : update.0                        : update.0.child.watch: DEBUG   : ru_finalize_child (NOOP)
2017-05-30 22:13:17,419: update.0            : update.0                        : update.0.child.watch: INFO    : send message: work finished
2017-05-30 22:13:17,419: update.0            : update.0                        : update.0.child.watch: DEBUG   : ru_finalize_common (NOOP)
2017-05-30 22:13:17,419: update.0            : update.0                        : update.0.child.watch: DEBUG   : ru_finalize_child (NOOP)
2017-05-30 22:13:17,419: update.0            : update.0                        : update.0.child.watch: INFO    : send message: terminating
2017-05-30 22:13:17,419: update.0            : update.0                        : update.0.child.watch: DEBUG   : ru_finalize_common (NOOP)
2017-05-30 22:13:17,419: update.0            : update.0                        : update.0.child.watch: INFO    : send message: terminating
2017-05-30 22:13:17,522: update.0            : MainProcess                     : update.0.watch : WARNING : endpoint disappeard
2017-05-30 22:13:17,522: update.0            : MainProcess                     : update.0.watch : WARNING : watcher failed
2017-05-30 22:13:17,522: update.0            : MainProcess                     : update.0.watch : INFO    : send message: work finished
2017-05-30 22:13:17,523: update.0            : MainProcess                     : update.0.watch : DEBUG   : ru_finalize_child (NOOP)
2017-05-30 22:13:17,523: update.0            : MainProcess                     : update.0.watch : DEBUG   : ru_finalize_common (NOOP)
2017-05-30 22:13:17,523: update.0            : MainProcess                     : update.0.watch : INFO    : send message: terminating
2017-05-30 22:13:17,656: update.0            : MainProcess                     : update.0.watch : WARNING : endpoint disappeard
2017-05-30 22:13:17,657: update.0            : MainProcess                     : update.0.watch : WARNING : watcher failed
2017-05-30 22:13:17,657: update.0            : MainProcess                     : update.0.watch : INFO    : send message: work finished
2017-05-30 22:13:17,657: update.0            : MainProcess                     : update.0.watch : DEBUG   : ru_finalize_child (NOOP)
2017-05-30 22:13:17,657: update.0            : MainProcess                     : update.0.watch : DEBUG   : ru_finalize_common (NOOP)
2017-05-30 22:13:17,658: update.0            : MainProcess                     : update.0.watch : INFO    : send message: terminating
2017-05-30 22:13:17,772: update.0            : MainProcess                     : update.0.watch : WARNING : endpoint disappeard
2017-05-30 22:13:17,772: update.0            : MainProcess                     : update.0.watch : WARNING : watcher failed
2017-05-30 22:13:17,772: update.0            : MainProcess                     : update.0.watch : INFO    : send message: work finished
2017-05-30 22:13:17,772: update.0            : MainProcess                     : update.0.watch : DEBUG   : ru_finalize_child (NOOP)
2017-05-30 22:13:17,772: update.0            : MainProcess                     : update.0.watch : DEBUG   : ru_finalize_common (NOOP)
2017-05-30 22:13:17,773: update.0            : MainProcess                     : update.0.watch : INFO    : send message: terminating
