000 (9894544.000.000) 10/26 23:42:14 Job submitted from host: <129.79.53.198:9615?addrs=129.79.53.198-9615+[fd2f-6feb-37--1f]-9615&noUDP&sock=930205_24f3_5>
...
001 (9894544.000.000) 10/27 02:01:42 Job executing on host: <10.32.86.105:45231?CCBID=129.79.53.179:9726%3faddrs%3d129.79.53.179-9726+[fd2f-6feb-37--1d]-9726#1748109&addrs=10.32.86.105-45231&noUDP>
...
006 (9894544.000.000) 10/27 02:01:51 Image size of job updated: 48508
	2  -  MemoryUsage of job (MB)
	1692  -  ResidentSetSize of job (KB)
...
006 (9894544.000.000) 10/27 02:06:52 Image size of job updated: 101248
	21  -  MemoryUsage of job (MB)
	20752  -  ResidentSetSize of job (KB)
...
006 (9894544.000.000) 10/27 02:11:52 Image size of job updated: 101248
	21  -  MemoryUsage of job (MB)
	20840  -  ResidentSetSize of job (KB)
...
006 (9894544.000.000) 10/27 02:21:54 Image size of job updated: 102576
	22  -  MemoryUsage of job (MB)
	21956  -  ResidentSetSize of job (KB)
...
006 (9894544.000.000) 10/27 02:26:54 Image size of job updated: 102576
	22  -  MemoryUsage of job (MB)
	22100  -  ResidentSetSize of job (KB)
...
006 (9894544.000.000) 10/27 02:36:55 Image size of job updated: 102576
	22  -  MemoryUsage of job (MB)
	22272  -  ResidentSetSize of job (KB)
...
005 (9894544.000.000) 10/27 04:03:18 Job terminated.
	(1) Normal termination (return value 0)
		Usr 0 02:01:22, Sys 0 00:00:01  -  Run Remote Usage
		Usr 0 00:00:00, Sys 0 00:00:00  -  Run Local Usage
		Usr 0 02:01:22, Sys 0 00:00:01  -  Total Remote Usage
		Usr 0 00:00:00, Sys 0 00:00:00  -  Total Local Usage
	35334  -  Run Bytes Sent By Job
	816753  -  Run Bytes Received By Job
	35334  -  Total Bytes Sent By Job
	816753  -  Total Bytes Received By Job
	Partitionable Resources :    Usage  Request Allocated
	   Cpus                 :                 1         1
	   Disk (KB)            :     3023     1000   3082919
	   Memory (MB)          :       22     1800      1800
...
