2017-05-30 22:15:10,113: control.pubsub.bridge: MainProcess                     : MainThread     : INFO    : python.interpreter   version: 2.7.12 (default, Nov 19 2016, 06:48:10) [GCC 5.4.0 20160609]
2017-05-30 22:15:10,113: control.pubsub.bridge: MainProcess                     : MainThread     : INFO    :                      pid: 24564
2017-05-30 22:15:10,114: control.pubsub.bridge: MainProcess                     : MainThread     : INFO    :                      tid: MainThread
2017-05-30 22:15:10,114: control.pubsub.bridge: MainProcess                     : MainThread     : INFO    : radical.pilot        version: split-81-gf853cc9b@feature-bridges
2017-05-30 22:15:10,114: control.pubsub.bridge: MainProcess                     : MainThread     : INFO    : create control_pubsub - bridge - tcp://*:*
2017-05-30 22:15:10,116: control.pubsub.bridge: MainProcess                     : MainThread     : DEBUG   : start process
2017-05-30 22:15:10,119: control.pubsub.bridge: control.pubsub.bridge           : MainThread     : INFO    : child (me) initializing
2017-05-30 22:15:10,119: control.pubsub.bridge: control.pubsub.bridge           : MainThread     : DEBUG   : start thread
2017-05-30 22:15:10,119: control.pubsub.bridge: control.pubsub.bridge           : control.pubsub.bridge.child.watch: INFO    : child (me) initializing
2017-05-30 22:15:10,119: control.pubsub.bridge: control.pubsub.bridge           : control.pubsub.bridge.child.watch: DEBUG   : ru_initialize_common (NOOP)
2017-05-30 22:15:10,119: control.pubsub.bridge: control.pubsub.bridge           : control.pubsub.bridge.child.watch: DEBUG   : ru_initialize_child (NOOP)
2017-05-30 22:15:10,120: control.pubsub.bridge: control.pubsub.bridge           : control.pubsub.bridge.child.watch: INFO    : send alive
2017-05-30 22:15:10,120: control.pubsub.bridge: control.pubsub.bridge           : control.pubsub.bridge.child.watch: INFO    : send message: alive
2017-05-30 22:15:10,121: control.pubsub.bridge: control.pubsub.bridge           : MainThread     : INFO    : recv message: alive
2017-05-30 22:15:10,121: control.pubsub.bridge: control.pubsub.bridge           : MainThread     : DEBUG   : ru_initialize_common (NOOP)
2017-05-30 22:15:10,121: control.pubsub.bridge: control.pubsub.bridge           : MainThread     : DEBUG   : ru_initialize_parent (NOOP)
2017-05-30 22:15:10,121: control.pubsub.bridge: control.pubsub.bridge           : MainThread     : DEBUG   : child thread control.pubsub.bridge.child.watch started
2017-05-30 22:15:10,121: control.pubsub.bridge: control.pubsub.bridge           : MainThread     : INFO    : child (me) is alive
2017-05-30 22:15:10,121: control.pubsub.bridge: control.pubsub.bridge           : MainThread     : DEBUG   : ru_initialize_common (NOOP)
2017-05-30 22:15:10,123: control.pubsub.bridge: control.pubsub.bridge.child     : MainThread     : INFO    : send alive
2017-05-30 22:15:10,123: control.pubsub.bridge: control.pubsub.bridge.child     : MainThread     : INFO    : send message: alive
2017-05-30 22:15:10,123: control.pubsub.bridge: MainProcess                     : MainThread     : INFO    : recv message: alive
2017-05-30 22:15:10,123: control.pubsub.bridge: MainProcess                     : MainThread     : DEBUG   : start thread
2017-05-30 22:15:10,123: control.pubsub.bridge: MainProcess                     : control.pubsub.bridge.watch: INFO    : child (me) initializing
2017-05-30 22:15:10,124: control.pubsub.bridge: MainProcess                     : control.pubsub.bridge.watch: DEBUG   : ru_initialize_common (NOOP)
2017-05-30 22:15:10,124: control.pubsub.bridge: MainProcess                     : control.pubsub.bridge.watch: DEBUG   : ru_initialize_child (NOOP)
2017-05-30 22:15:10,124: control.pubsub.bridge: MainProcess                     : control.pubsub.bridge.watch: INFO    : send alive
2017-05-30 22:15:10,124: control.pubsub.bridge: MainProcess                     : control.pubsub.bridge.watch: INFO    : send message: alive
2017-05-30 22:15:10,125: control.pubsub.bridge: MainProcess                     : MainThread     : INFO    : recv message: alive
2017-05-30 22:15:10,125: control.pubsub.bridge: MainProcess                     : MainThread     : DEBUG   : ru_initialize_common (NOOP)
2017-05-30 22:15:10,125: control.pubsub.bridge: MainProcess                     : MainThread     : DEBUG   : ru_initialize_parent (NOOP)
2017-05-30 22:15:10,125: control.pubsub.bridge: MainProcess                     : MainThread     : DEBUG   : child thread control.pubsub.bridge.watch started
2017-05-30 22:15:10,125: control.pubsub.bridge: MainProcess                     : MainThread     : INFO    : child is alive
2017-05-30 22:15:10,125: control.pubsub.bridge: MainProcess                     : MainThread     : DEBUG   : ru_initialize_common (NOOP)
2017-05-30 22:15:10,125: control.pubsub.bridge: MainProcess                     : MainThread     : DEBUG   : ru_initialize_parent (NOOP)
2017-05-30 22:15:10,125: control.pubsub.bridge: MainProcess                     : MainThread     : DEBUG   : child process started
2017-05-30 22:21:55,715: control.pubsub.bridge: MainProcess                     : MainThread     : INFO    : parent stops child
2017-05-30 22:21:55,715: control.pubsub.bridge: MainProcess                     : MainThread     : DEBUG   : ru_finalize_parent (NOOP)
2017-05-30 22:21:55,715: control.pubsub.bridge: MainProcess                     : MainThread     : DEBUG   : ru_finalize_common (NOOP)
2017-05-30 22:21:55,715: control.pubsub.bridge: MainProcess                     : MainThread     : INFO    : parent stops child
2017-05-30 22:21:55,716: control.pubsub.bridge: MainProcess                     : MainThread     : DEBUG   : ru_finalize_parent (NOOP)
2017-05-30 22:21:55,716: control.pubsub.bridge: MainProcess                     : MainThread     : DEBUG   : ru_finalize_common (NOOP)
2017-05-30 22:21:55,775: control.pubsub.bridge: MainProcess                     : control.pubsub.bridge.watch: INFO    : send message: work finished
2017-05-30 22:21:55,775: control.pubsub.bridge: MainProcess                     : control.pubsub.bridge.watch: DEBUG   : ru_finalize_child (NOOP)
2017-05-30 22:21:55,776: control.pubsub.bridge: MainProcess                     : control.pubsub.bridge.watch: DEBUG   : ru_finalize_common (NOOP)
2017-05-30 22:21:55,776: control.pubsub.bridge: MainProcess                     : control.pubsub.bridge.watch: INFO    : send message: terminating
2017-05-30 22:21:55,880: control.pubsub.bridge: MainProcess                     : MainThread     : WARNING : failed to stop child - terminate
2017-05-30 22:21:57,376: control.pubsub.bridge: MainProcess                     : MainThread     : INFO    : radical.pilot        version: split-81-gf853cc9b@feature-bridges
2017-05-30 22:21:57,376: control.pubsub.bridge: MainProcess                     : MainThread     : INFO    : create control_pubsub - bridge - tcp://*:*
2017-05-30 22:21:57,377: control.pubsub.bridge: MainProcess                     : MainThread     : DEBUG   : start process
2017-05-30 22:21:57,383: control.pubsub.bridge: control.pubsub.bridge           : MainThread     : INFO    : child (me) initializing
2017-05-30 22:21:57,383: control.pubsub.bridge: control.pubsub.bridge           : MainThread     : DEBUG   : start thread
2017-05-30 22:21:57,384: control.pubsub.bridge: control.pubsub.bridge           : control.pubsub.bridge.child.watch: INFO    : child (me) initializing
2017-05-30 22:21:57,384: control.pubsub.bridge: control.pubsub.bridge           : control.pubsub.bridge.child.watch: DEBUG   : ru_initialize_common (NOOP)
2017-05-30 22:21:57,384: control.pubsub.bridge: control.pubsub.bridge           : control.pubsub.bridge.child.watch: DEBUG   : ru_initialize_child (NOOP)
2017-05-30 22:21:57,384: control.pubsub.bridge: control.pubsub.bridge           : control.pubsub.bridge.child.watch: INFO    : send alive
2017-05-30 22:21:57,384: control.pubsub.bridge: control.pubsub.bridge           : control.pubsub.bridge.child.watch: INFO    : send message: alive
2017-05-30 22:21:57,385: control.pubsub.bridge: control.pubsub.bridge           : MainThread     : INFO    : recv message: alive
2017-05-30 22:21:57,385: control.pubsub.bridge: control.pubsub.bridge           : MainThread     : DEBUG   : ru_initialize_common (NOOP)
2017-05-30 22:21:57,385: control.pubsub.bridge: control.pubsub.bridge           : MainThread     : DEBUG   : ru_initialize_parent (NOOP)
2017-05-30 22:21:57,385: control.pubsub.bridge: control.pubsub.bridge           : MainThread     : DEBUG   : child thread control.pubsub.bridge.child.watch started
2017-05-30 22:21:57,385: control.pubsub.bridge: control.pubsub.bridge           : MainThread     : INFO    : child (me) is alive
2017-05-30 22:21:57,385: control.pubsub.bridge: control.pubsub.bridge           : MainThread     : DEBUG   : ru_initialize_common (NOOP)
2017-05-30 22:21:57,387: control.pubsub.bridge: control.pubsub.bridge.child     : MainThread     : INFO    : send alive
2017-05-30 22:21:57,387: control.pubsub.bridge: control.pubsub.bridge.child     : MainThread     : INFO    : send message: alive
2017-05-30 22:21:57,387: control.pubsub.bridge: MainProcess                     : MainThread     : INFO    : recv message: alive
2017-05-30 22:21:57,388: control.pubsub.bridge: MainProcess                     : MainThread     : DEBUG   : start thread
2017-05-30 22:21:57,388: control.pubsub.bridge: MainProcess                     : control.pubsub.bridge.watch: INFO    : child (me) initializing
2017-05-30 22:21:57,388: control.pubsub.bridge: MainProcess                     : control.pubsub.bridge.watch: DEBUG   : ru_initialize_common (NOOP)
2017-05-30 22:21:57,388: control.pubsub.bridge: MainProcess                     : control.pubsub.bridge.watch: DEBUG   : ru_initialize_child (NOOP)
2017-05-30 22:21:57,389: control.pubsub.bridge: MainProcess                     : control.pubsub.bridge.watch: INFO    : send alive
2017-05-30 22:21:57,389: control.pubsub.bridge: MainProcess                     : control.pubsub.bridge.watch: INFO    : send message: alive
2017-05-30 22:21:57,389: control.pubsub.bridge: MainProcess                     : MainThread     : INFO    : recv message: alive
2017-05-30 22:21:57,390: control.pubsub.bridge: MainProcess                     : MainThread     : DEBUG   : ru_initialize_common (NOOP)
2017-05-30 22:21:57,390: control.pubsub.bridge: MainProcess                     : MainThread     : DEBUG   : ru_initialize_parent (NOOP)
2017-05-30 22:21:57,390: control.pubsub.bridge: MainProcess                     : MainThread     : DEBUG   : child thread control.pubsub.bridge.watch started
2017-05-30 22:21:57,390: control.pubsub.bridge: MainProcess                     : MainThread     : INFO    : child is alive
2017-05-30 22:21:57,390: control.pubsub.bridge: MainProcess                     : MainThread     : DEBUG   : ru_initialize_common (NOOP)
2017-05-30 22:21:57,390: control.pubsub.bridge: MainProcess                     : MainThread     : DEBUG   : ru_initialize_parent (NOOP)
2017-05-30 22:21:57,390: control.pubsub.bridge: MainProcess                     : MainThread     : DEBUG   : child process started
2017-05-30 22:29:48,728: control.pubsub.bridge: MainProcess                     : MainThread     : INFO    : parent stops child
2017-05-30 22:29:48,728: control.pubsub.bridge: MainProcess                     : MainThread     : DEBUG   : ru_finalize_parent (NOOP)
2017-05-30 22:29:48,729: control.pubsub.bridge: MainProcess                     : MainThread     : DEBUG   : ru_finalize_common (NOOP)
2017-05-30 22:29:48,729: control.pubsub.bridge: MainProcess                     : MainThread     : INFO    : parent stops child
2017-05-30 22:29:48,729: control.pubsub.bridge: MainProcess                     : MainThread     : DEBUG   : ru_finalize_parent (NOOP)
2017-05-30 22:29:48,729: control.pubsub.bridge: MainProcess                     : MainThread     : DEBUG   : ru_finalize_common (NOOP)
2017-05-30 22:29:48,737: control.pubsub.bridge: MainProcess                     : control.pubsub.bridge.watch: INFO    : send message: work finished
2017-05-30 22:29:48,737: control.pubsub.bridge: MainProcess                     : control.pubsub.bridge.watch: DEBUG   : ru_finalize_child (NOOP)
2017-05-30 22:29:48,737: control.pubsub.bridge: MainProcess                     : control.pubsub.bridge.watch: DEBUG   : ru_finalize_common (NOOP)
2017-05-30 22:29:48,738: control.pubsub.bridge: MainProcess                     : control.pubsub.bridge.watch: INFO    : send message: terminating
2017-05-30 22:29:48,845: control.pubsub.bridge: MainProcess                     : MainThread     : WARNING : failed to stop child - terminate
2017-05-30 22:29:50,292: control.pubsub.bridge: MainProcess                     : MainThread     : INFO    : radical.pilot        version: split-81-gf853cc9b@feature-bridges
2017-05-30 22:29:50,292: control.pubsub.bridge: MainProcess                     : MainThread     : INFO    : create control_pubsub - bridge - tcp://*:*
2017-05-30 22:29:50,293: control.pubsub.bridge: MainProcess                     : MainThread     : DEBUG   : start process
2017-05-30 22:29:50,300: control.pubsub.bridge: control.pubsub.bridge           : MainThread     : INFO    : child (me) initializing
2017-05-30 22:29:50,300: control.pubsub.bridge: control.pubsub.bridge           : MainThread     : DEBUG   : start thread
2017-05-30 22:29:50,300: control.pubsub.bridge: control.pubsub.bridge           : control.pubsub.bridge.child.watch: INFO    : child (me) initializing
2017-05-30 22:29:50,301: control.pubsub.bridge: control.pubsub.bridge           : control.pubsub.bridge.child.watch: DEBUG   : ru_initialize_common (NOOP)
2017-05-30 22:29:50,301: control.pubsub.bridge: control.pubsub.bridge           : control.pubsub.bridge.child.watch: DEBUG   : ru_initialize_child (NOOP)
2017-05-30 22:29:50,301: control.pubsub.bridge: control.pubsub.bridge           : control.pubsub.bridge.child.watch: INFO    : send alive
2017-05-30 22:29:50,301: control.pubsub.bridge: control.pubsub.bridge           : control.pubsub.bridge.child.watch: INFO    : send message: alive
2017-05-30 22:29:50,302: control.pubsub.bridge: control.pubsub.bridge           : MainThread     : INFO    : recv message: alive
2017-05-30 22:29:50,302: control.pubsub.bridge: control.pubsub.bridge           : MainThread     : DEBUG   : ru_initialize_common (NOOP)
2017-05-30 22:29:50,302: control.pubsub.bridge: control.pubsub.bridge           : MainThread     : DEBUG   : ru_initialize_parent (NOOP)
2017-05-30 22:29:50,302: control.pubsub.bridge: control.pubsub.bridge           : MainThread     : DEBUG   : child thread control.pubsub.bridge.child.watch started
2017-05-30 22:29:50,302: control.pubsub.bridge: control.pubsub.bridge           : MainThread     : INFO    : child (me) is alive
2017-05-30 22:29:50,302: control.pubsub.bridge: control.pubsub.bridge           : MainThread     : DEBUG   : ru_initialize_common (NOOP)
2017-05-30 22:29:50,304: control.pubsub.bridge: control.pubsub.bridge.child     : MainThread     : INFO    : send alive
2017-05-30 22:29:50,304: control.pubsub.bridge: control.pubsub.bridge.child     : MainThread     : INFO    : send message: alive
2017-05-30 22:29:50,304: control.pubsub.bridge: MainProcess                     : MainThread     : INFO    : recv message: alive
2017-05-30 22:29:50,305: control.pubsub.bridge: MainProcess                     : MainThread     : DEBUG   : start thread
2017-05-30 22:29:50,305: control.pubsub.bridge: MainProcess                     : control.pubsub.bridge.watch: INFO    : child (me) initializing
2017-05-30 22:29:50,305: control.pubsub.bridge: MainProcess                     : control.pubsub.bridge.watch: DEBUG   : ru_initialize_common (NOOP)
2017-05-30 22:29:50,305: control.pubsub.bridge: MainProcess                     : control.pubsub.bridge.watch: DEBUG   : ru_initialize_child (NOOP)
2017-05-30 22:29:50,305: control.pubsub.bridge: MainProcess                     : control.pubsub.bridge.watch: INFO    : send alive
2017-05-30 22:29:50,305: control.pubsub.bridge: MainProcess                     : control.pubsub.bridge.watch: INFO    : send message: alive
2017-05-30 22:29:50,306: control.pubsub.bridge: MainProcess                     : MainThread     : INFO    : recv message: alive
2017-05-30 22:29:50,306: control.pubsub.bridge: MainProcess                     : MainThread     : DEBUG   : ru_initialize_common (NOOP)
2017-05-30 22:29:50,306: control.pubsub.bridge: MainProcess                     : MainThread     : DEBUG   : ru_initialize_parent (NOOP)
2017-05-30 22:29:50,306: control.pubsub.bridge: MainProcess                     : MainThread     : DEBUG   : child thread control.pubsub.bridge.watch started
2017-05-30 22:29:50,306: control.pubsub.bridge: MainProcess                     : MainThread     : INFO    : child is alive
2017-05-30 22:29:50,307: control.pubsub.bridge: MainProcess                     : MainThread     : DEBUG   : ru_initialize_common (NOOP)
2017-05-30 22:29:50,307: control.pubsub.bridge: MainProcess                     : MainThread     : DEBUG   : ru_initialize_parent (NOOP)
2017-05-30 22:29:50,307: control.pubsub.bridge: MainProcess                     : MainThread     : DEBUG   : child process started
2017-05-30 22:37:34,367: control.pubsub.bridge: MainProcess                     : MainThread     : INFO    : parent stops child
2017-05-30 22:37:34,367: control.pubsub.bridge: MainProcess                     : MainThread     : DEBUG   : ru_finalize_parent (NOOP)
2017-05-30 22:37:34,367: control.pubsub.bridge: MainProcess                     : MainThread     : DEBUG   : ru_finalize_common (NOOP)
2017-05-30 22:37:34,367: control.pubsub.bridge: MainProcess                     : MainThread     : INFO    : parent stops child
2017-05-30 22:37:34,367: control.pubsub.bridge: MainProcess                     : MainThread     : DEBUG   : ru_finalize_parent (NOOP)
2017-05-30 22:37:34,368: control.pubsub.bridge: MainProcess                     : MainThread     : DEBUG   : ru_finalize_common (NOOP)
2017-05-30 22:37:34,433: control.pubsub.bridge: MainProcess                     : control.pubsub.bridge.watch: INFO    : send message: work finished
2017-05-30 22:37:34,433: control.pubsub.bridge: MainProcess                     : control.pubsub.bridge.watch: DEBUG   : ru_finalize_child (NOOP)
2017-05-30 22:37:34,433: control.pubsub.bridge: MainProcess                     : control.pubsub.bridge.watch: DEBUG   : ru_finalize_common (NOOP)
2017-05-30 22:37:34,433: control.pubsub.bridge: MainProcess                     : control.pubsub.bridge.watch: INFO    : send message: terminating
2017-05-30 22:37:34,582: control.pubsub.bridge: MainProcess                     : MainThread     : WARNING : failed to stop child - terminate
2017-05-30 22:37:36,138: control.pubsub.bridge: MainProcess                     : MainThread     : INFO    : radical.pilot        version: split-81-gf853cc9b@feature-bridges
2017-05-30 22:37:36,139: control.pubsub.bridge: MainProcess                     : MainThread     : INFO    : create control_pubsub - bridge - tcp://*:*
2017-05-30 22:37:36,139: control.pubsub.bridge: MainProcess                     : MainThread     : DEBUG   : start process
2017-05-30 22:37:36,148: control.pubsub.bridge: control.pubsub.bridge           : MainThread     : INFO    : child (me) initializing
2017-05-30 22:37:36,148: control.pubsub.bridge: control.pubsub.bridge           : MainThread     : DEBUG   : start thread
2017-05-30 22:37:36,149: control.pubsub.bridge: control.pubsub.bridge           : control.pubsub.bridge.child.watch: INFO    : child (me) initializing
2017-05-30 22:37:36,149: control.pubsub.bridge: control.pubsub.bridge           : control.pubsub.bridge.child.watch: DEBUG   : ru_initialize_common (NOOP)
2017-05-30 22:37:36,149: control.pubsub.bridge: control.pubsub.bridge           : control.pubsub.bridge.child.watch: DEBUG   : ru_initialize_child (NOOP)
2017-05-30 22:37:36,149: control.pubsub.bridge: control.pubsub.bridge           : control.pubsub.bridge.child.watch: INFO    : send alive
2017-05-30 22:37:36,149: control.pubsub.bridge: control.pubsub.bridge           : control.pubsub.bridge.child.watch: INFO    : send message: alive
2017-05-30 22:37:36,150: control.pubsub.bridge: control.pubsub.bridge           : MainThread     : INFO    : recv message: alive
2017-05-30 22:37:36,150: control.pubsub.bridge: control.pubsub.bridge           : MainThread     : DEBUG   : ru_initialize_common (NOOP)
2017-05-30 22:37:36,150: control.pubsub.bridge: control.pubsub.bridge           : MainThread     : DEBUG   : ru_initialize_parent (NOOP)
2017-05-30 22:37:36,150: control.pubsub.bridge: control.pubsub.bridge           : MainThread     : DEBUG   : child thread control.pubsub.bridge.child.watch started
2017-05-30 22:37:36,150: control.pubsub.bridge: control.pubsub.bridge           : MainThread     : INFO    : child (me) is alive
2017-05-30 22:37:36,150: control.pubsub.bridge: control.pubsub.bridge           : MainThread     : DEBUG   : ru_initialize_common (NOOP)
2017-05-30 22:37:36,152: control.pubsub.bridge: control.pubsub.bridge.child     : MainThread     : INFO    : send alive
2017-05-30 22:37:36,152: control.pubsub.bridge: control.pubsub.bridge.child     : MainThread     : INFO    : send message: alive
2017-05-30 22:37:36,152: control.pubsub.bridge: MainProcess                     : MainThread     : INFO    : recv message: alive
2017-05-30 22:37:36,153: control.pubsub.bridge: MainProcess                     : MainThread     : DEBUG   : start thread
2017-05-30 22:37:36,153: control.pubsub.bridge: MainProcess                     : control.pubsub.bridge.watch: INFO    : child (me) initializing
2017-05-30 22:37:36,153: control.pubsub.bridge: MainProcess                     : control.pubsub.bridge.watch: DEBUG   : ru_initialize_common (NOOP)
2017-05-30 22:37:36,153: control.pubsub.bridge: MainProcess                     : control.pubsub.bridge.watch: DEBUG   : ru_initialize_child (NOOP)
2017-05-30 22:37:36,153: control.pubsub.bridge: MainProcess                     : control.pubsub.bridge.watch: INFO    : send alive
2017-05-30 22:37:36,153: control.pubsub.bridge: MainProcess                     : control.pubsub.bridge.watch: INFO    : send message: alive
2017-05-30 22:37:36,154: control.pubsub.bridge: MainProcess                     : MainThread     : INFO    : recv message: alive
2017-05-30 22:37:36,155: control.pubsub.bridge: MainProcess                     : MainThread     : DEBUG   : ru_initialize_common (NOOP)
2017-05-30 22:37:36,155: control.pubsub.bridge: MainProcess                     : MainThread     : DEBUG   : ru_initialize_parent (NOOP)
2017-05-30 22:37:36,155: control.pubsub.bridge: MainProcess                     : MainThread     : DEBUG   : child thread control.pubsub.bridge.watch started
2017-05-30 22:37:36,155: control.pubsub.bridge: MainProcess                     : MainThread     : INFO    : child is alive
2017-05-30 22:37:36,155: control.pubsub.bridge: MainProcess                     : MainThread     : DEBUG   : ru_initialize_common (NOOP)
2017-05-30 22:37:36,155: control.pubsub.bridge: MainProcess                     : MainThread     : DEBUG   : ru_initialize_parent (NOOP)
2017-05-30 22:37:36,155: control.pubsub.bridge: MainProcess                     : MainThread     : DEBUG   : child process started
2017-05-30 22:45:26,268: control.pubsub.bridge: MainProcess                     : MainThread     : INFO    : parent stops child
2017-05-30 22:45:26,268: control.pubsub.bridge: MainProcess                     : MainThread     : DEBUG   : ru_finalize_parent (NOOP)
2017-05-30 22:45:26,268: control.pubsub.bridge: MainProcess                     : MainThread     : DEBUG   : ru_finalize_common (NOOP)
2017-05-30 22:45:26,269: control.pubsub.bridge: MainProcess                     : MainThread     : INFO    : parent stops child
2017-05-30 22:45:26,269: control.pubsub.bridge: MainProcess                     : MainThread     : DEBUG   : ru_finalize_parent (NOOP)
2017-05-30 22:45:26,269: control.pubsub.bridge: MainProcess                     : MainThread     : DEBUG   : ru_finalize_common (NOOP)
2017-05-30 22:45:26,271: control.pubsub.bridge: MainProcess                     : control.pubsub.bridge.watch: INFO    : send message: work finished
2017-05-30 22:45:26,272: control.pubsub.bridge: MainProcess                     : control.pubsub.bridge.watch: DEBUG   : ru_finalize_child (NOOP)
2017-05-30 22:45:26,272: control.pubsub.bridge: MainProcess                     : control.pubsub.bridge.watch: DEBUG   : ru_finalize_common (NOOP)
2017-05-30 22:45:26,272: control.pubsub.bridge: MainProcess                     : control.pubsub.bridge.watch: INFO    : send message: terminating
2017-05-30 22:45:26,377: control.pubsub.bridge: MainProcess                     : MainThread     : WARNING : failed to stop child - terminate
2017-05-30 22:45:27,826: control.pubsub.bridge: MainProcess                     : MainThread     : INFO    : radical.pilot        version: split-81-gf853cc9b@feature-bridges
2017-05-30 22:45:27,827: control.pubsub.bridge: MainProcess                     : MainThread     : INFO    : create control_pubsub - bridge - tcp://*:*
2017-05-30 22:45:27,827: control.pubsub.bridge: MainProcess                     : MainThread     : DEBUG   : start process
2017-05-30 22:45:27,837: control.pubsub.bridge: control.pubsub.bridge           : MainThread     : INFO    : child (me) initializing
2017-05-30 22:45:27,837: control.pubsub.bridge: control.pubsub.bridge           : MainThread     : DEBUG   : start thread
2017-05-30 22:45:27,837: control.pubsub.bridge: control.pubsub.bridge           : control.pubsub.bridge.child.watch: INFO    : child (me) initializing
2017-05-30 22:45:27,838: control.pubsub.bridge: control.pubsub.bridge           : control.pubsub.bridge.child.watch: DEBUG   : ru_initialize_common (NOOP)
2017-05-30 22:45:27,838: control.pubsub.bridge: control.pubsub.bridge           : control.pubsub.bridge.child.watch: DEBUG   : ru_initialize_child (NOOP)
2017-05-30 22:45:27,838: control.pubsub.bridge: control.pubsub.bridge           : control.pubsub.bridge.child.watch: INFO    : send alive
2017-05-30 22:45:27,838: control.pubsub.bridge: control.pubsub.bridge           : control.pubsub.bridge.child.watch: INFO    : send message: alive
2017-05-30 22:45:27,839: control.pubsub.bridge: control.pubsub.bridge           : MainThread     : INFO    : recv message: alive
2017-05-30 22:45:27,839: control.pubsub.bridge: control.pubsub.bridge           : MainThread     : DEBUG   : ru_initialize_common (NOOP)
2017-05-30 22:45:27,839: control.pubsub.bridge: control.pubsub.bridge           : MainThread     : DEBUG   : ru_initialize_parent (NOOP)
2017-05-30 22:45:27,839: control.pubsub.bridge: control.pubsub.bridge           : MainThread     : DEBUG   : child thread control.pubsub.bridge.child.watch started
2017-05-30 22:45:27,839: control.pubsub.bridge: control.pubsub.bridge           : MainThread     : INFO    : child (me) is alive
2017-05-30 22:45:27,839: control.pubsub.bridge: control.pubsub.bridge           : MainThread     : DEBUG   : ru_initialize_common (NOOP)
2017-05-30 22:45:27,841: control.pubsub.bridge: control.pubsub.bridge.child     : MainThread     : INFO    : send alive
2017-05-30 22:45:27,841: control.pubsub.bridge: control.pubsub.bridge.child     : MainThread     : INFO    : send message: alive
2017-05-30 22:45:27,841: control.pubsub.bridge: MainProcess                     : MainThread     : INFO    : recv message: alive
2017-05-30 22:45:27,841: control.pubsub.bridge: MainProcess                     : MainThread     : DEBUG   : start thread
2017-05-30 22:45:27,842: control.pubsub.bridge: MainProcess                     : control.pubsub.bridge.watch: INFO    : child (me) initializing
2017-05-30 22:45:27,842: control.pubsub.bridge: MainProcess                     : control.pubsub.bridge.watch: DEBUG   : ru_initialize_common (NOOP)
2017-05-30 22:45:27,842: control.pubsub.bridge: MainProcess                     : control.pubsub.bridge.watch: DEBUG   : ru_initialize_child (NOOP)
2017-05-30 22:45:27,842: control.pubsub.bridge: MainProcess                     : control.pubsub.bridge.watch: INFO    : send alive
2017-05-30 22:45:27,842: control.pubsub.bridge: MainProcess                     : control.pubsub.bridge.watch: INFO    : send message: alive
2017-05-30 22:45:27,843: control.pubsub.bridge: MainProcess                     : MainThread     : INFO    : recv message: alive
2017-05-30 22:45:27,843: control.pubsub.bridge: MainProcess                     : MainThread     : DEBUG   : ru_initialize_common (NOOP)
2017-05-30 22:45:27,843: control.pubsub.bridge: MainProcess                     : MainThread     : DEBUG   : ru_initialize_parent (NOOP)
2017-05-30 22:45:27,843: control.pubsub.bridge: MainProcess                     : MainThread     : DEBUG   : child thread control.pubsub.bridge.watch started
2017-05-30 22:45:27,843: control.pubsub.bridge: MainProcess                     : MainThread     : INFO    : child is alive
2017-05-30 22:45:27,843: control.pubsub.bridge: MainProcess                     : MainThread     : DEBUG   : ru_initialize_common (NOOP)
2017-05-30 22:45:27,843: control.pubsub.bridge: MainProcess                     : MainThread     : DEBUG   : ru_initialize_parent (NOOP)
2017-05-30 22:45:27,843: control.pubsub.bridge: MainProcess                     : MainThread     : DEBUG   : child process started
2017-05-30 22:45:45,518: control.pubsub.bridge: MainProcess                     : MainThread     : INFO    : parent stops child
2017-05-30 22:45:45,518: control.pubsub.bridge: MainProcess                     : MainThread     : DEBUG   : ru_finalize_parent (NOOP)
2017-05-30 22:45:45,518: control.pubsub.bridge: MainProcess                     : MainThread     : DEBUG   : ru_finalize_common (NOOP)
2017-05-30 22:45:45,518: control.pubsub.bridge: MainProcess                     : MainThread     : INFO    : parent stops child
2017-05-30 22:45:45,518: control.pubsub.bridge: MainProcess                     : MainThread     : DEBUG   : ru_finalize_parent (NOOP)
2017-05-30 22:45:45,519: control.pubsub.bridge: MainProcess                     : MainThread     : DEBUG   : ru_finalize_common (NOOP)
2017-05-30 22:45:45,583: control.pubsub.bridge: MainProcess                     : control.pubsub.bridge.watch: INFO    : send message: work finished
2017-05-30 22:45:45,584: control.pubsub.bridge: MainProcess                     : control.pubsub.bridge.watch: DEBUG   : ru_finalize_child (NOOP)
2017-05-30 22:45:45,584: control.pubsub.bridge: MainProcess                     : control.pubsub.bridge.watch: DEBUG   : ru_finalize_common (NOOP)
2017-05-30 22:45:45,584: control.pubsub.bridge: MainProcess                     : control.pubsub.bridge.watch: INFO    : send message: terminating
2017-05-30 22:45:45,733: control.pubsub.bridge: MainProcess                     : MainThread     : WARNING : failed to stop child - terminate
2017-05-30 22:45:47,292: control.pubsub.bridge: MainProcess                     : MainThread     : INFO    : radical.pilot        version: split-81-gf853cc9b@feature-bridges
2017-05-30 22:45:47,293: control.pubsub.bridge: MainProcess                     : MainThread     : INFO    : create control_pubsub - bridge - tcp://*:*
2017-05-30 22:45:47,293: control.pubsub.bridge: MainProcess                     : MainThread     : DEBUG   : start process
2017-05-30 22:45:47,307: control.pubsub.bridge: control.pubsub.bridge           : MainThread     : INFO    : child (me) initializing
2017-05-30 22:45:47,308: control.pubsub.bridge: control.pubsub.bridge           : MainThread     : DEBUG   : start thread
2017-05-30 22:45:47,308: control.pubsub.bridge: control.pubsub.bridge           : control.pubsub.bridge.child.watch: INFO    : child (me) initializing
2017-05-30 22:45:47,308: control.pubsub.bridge: control.pubsub.bridge           : control.pubsub.bridge.child.watch: DEBUG   : ru_initialize_common (NOOP)
2017-05-30 22:45:47,308: control.pubsub.bridge: control.pubsub.bridge           : control.pubsub.bridge.child.watch: DEBUG   : ru_initialize_child (NOOP)
2017-05-30 22:45:47,308: control.pubsub.bridge: control.pubsub.bridge           : control.pubsub.bridge.child.watch: INFO    : send alive
2017-05-30 22:45:47,308: control.pubsub.bridge: control.pubsub.bridge           : control.pubsub.bridge.child.watch: INFO    : send message: alive
2017-05-30 22:45:47,309: control.pubsub.bridge: control.pubsub.bridge           : MainThread     : INFO    : recv message: alive
2017-05-30 22:45:47,309: control.pubsub.bridge: control.pubsub.bridge           : MainThread     : DEBUG   : ru_initialize_common (NOOP)
2017-05-30 22:45:47,309: control.pubsub.bridge: control.pubsub.bridge           : MainThread     : DEBUG   : ru_initialize_parent (NOOP)
2017-05-30 22:45:47,309: control.pubsub.bridge: control.pubsub.bridge           : MainThread     : DEBUG   : child thread control.pubsub.bridge.child.watch started
2017-05-30 22:45:47,309: control.pubsub.bridge: control.pubsub.bridge           : MainThread     : INFO    : child (me) is alive
2017-05-30 22:45:47,309: control.pubsub.bridge: control.pubsub.bridge           : MainThread     : DEBUG   : ru_initialize_common (NOOP)
2017-05-30 22:45:47,311: control.pubsub.bridge: control.pubsub.bridge.child     : MainThread     : INFO    : send alive
2017-05-30 22:45:47,311: control.pubsub.bridge: control.pubsub.bridge.child     : MainThread     : INFO    : send message: alive
2017-05-30 22:45:47,311: control.pubsub.bridge: MainProcess                     : MainThread     : INFO    : recv message: alive
2017-05-30 22:45:47,312: control.pubsub.bridge: MainProcess                     : MainThread     : DEBUG   : start thread
2017-05-30 22:45:47,312: control.pubsub.bridge: MainProcess                     : control.pubsub.bridge.watch: INFO    : child (me) initializing
2017-05-30 22:45:47,312: control.pubsub.bridge: MainProcess                     : control.pubsub.bridge.watch: DEBUG   : ru_initialize_common (NOOP)
2017-05-30 22:45:47,312: control.pubsub.bridge: MainProcess                     : control.pubsub.bridge.watch: DEBUG   : ru_initialize_child (NOOP)
2017-05-30 22:45:47,312: control.pubsub.bridge: MainProcess                     : control.pubsub.bridge.watch: INFO    : send alive
2017-05-30 22:45:47,312: control.pubsub.bridge: MainProcess                     : control.pubsub.bridge.watch: INFO    : send message: alive
2017-05-30 22:45:47,313: control.pubsub.bridge: MainProcess                     : MainThread     : INFO    : recv message: alive
2017-05-30 22:45:47,313: control.pubsub.bridge: MainProcess                     : MainThread     : DEBUG   : ru_initialize_common (NOOP)
2017-05-30 22:45:47,313: control.pubsub.bridge: MainProcess                     : MainThread     : DEBUG   : ru_initialize_parent (NOOP)
2017-05-30 22:45:47,313: control.pubsub.bridge: MainProcess                     : MainThread     : DEBUG   : child thread control.pubsub.bridge.watch started
2017-05-30 22:45:47,313: control.pubsub.bridge: MainProcess                     : MainThread     : INFO    : child is alive
2017-05-30 22:45:47,313: control.pubsub.bridge: MainProcess                     : MainThread     : DEBUG   : ru_initialize_common (NOOP)
2017-05-30 22:45:47,314: control.pubsub.bridge: MainProcess                     : MainThread     : DEBUG   : ru_initialize_parent (NOOP)
2017-05-30 22:45:47,314: control.pubsub.bridge: MainProcess                     : MainThread     : DEBUG   : child process started
2017-05-30 22:45:49,371: control.pubsub.bridge: MainProcess                     : MainThread     : INFO    : parent stops child
2017-05-30 22:45:49,371: control.pubsub.bridge: MainProcess                     : MainThread     : DEBUG   : ru_finalize_parent (NOOP)
2017-05-30 22:45:49,371: control.pubsub.bridge: MainProcess                     : MainThread     : DEBUG   : ru_finalize_common (NOOP)
2017-05-30 22:45:49,372: control.pubsub.bridge: MainProcess                     : MainThread     : INFO    : parent stops child
2017-05-30 22:45:49,372: control.pubsub.bridge: MainProcess                     : MainThread     : DEBUG   : ru_finalize_parent (NOOP)
2017-05-30 22:45:49,372: control.pubsub.bridge: MainProcess                     : MainThread     : DEBUG   : ru_finalize_common (NOOP)
2017-05-30 22:45:49,417: control.pubsub.bridge: MainProcess                     : control.pubsub.bridge.watch: INFO    : send message: work finished
2017-05-30 22:45:49,418: control.pubsub.bridge: MainProcess                     : control.pubsub.bridge.watch: DEBUG   : ru_finalize_child (NOOP)
2017-05-30 22:45:49,418: control.pubsub.bridge: MainProcess                     : control.pubsub.bridge.watch: DEBUG   : ru_finalize_common (NOOP)
2017-05-30 22:45:49,418: control.pubsub.bridge: MainProcess                     : control.pubsub.bridge.watch: INFO    : send message: terminating
2017-05-30 22:45:49,536: control.pubsub.bridge: MainProcess                     : MainThread     : WARNING : failed to stop child - terminate
2017-05-30 22:45:51,190: control.pubsub.bridge: MainProcess                     : MainThread     : INFO    : radical.pilot        version: split-81-gf853cc9b@feature-bridges
2017-05-30 22:45:51,190: control.pubsub.bridge: MainProcess                     : MainThread     : INFO    : create control_pubsub - bridge - tcp://*:*
2017-05-30 22:45:51,191: control.pubsub.bridge: MainProcess                     : MainThread     : DEBUG   : start process
2017-05-30 22:45:51,201: control.pubsub.bridge: control.pubsub.bridge           : MainThread     : INFO    : child (me) initializing
2017-05-30 22:45:51,202: control.pubsub.bridge: control.pubsub.bridge           : MainThread     : DEBUG   : start thread
2017-05-30 22:45:51,202: control.pubsub.bridge: control.pubsub.bridge           : control.pubsub.bridge.child.watch: INFO    : child (me) initializing
2017-05-30 22:45:51,202: control.pubsub.bridge: control.pubsub.bridge           : control.pubsub.bridge.child.watch: DEBUG   : ru_initialize_common (NOOP)
2017-05-30 22:45:51,202: control.pubsub.bridge: control.pubsub.bridge           : control.pubsub.bridge.child.watch: DEBUG   : ru_initialize_child (NOOP)
2017-05-30 22:45:51,202: control.pubsub.bridge: control.pubsub.bridge           : control.pubsub.bridge.child.watch: INFO    : send alive
2017-05-30 22:45:51,202: control.pubsub.bridge: control.pubsub.bridge           : control.pubsub.bridge.child.watch: INFO    : send message: alive
2017-05-30 22:45:51,203: control.pubsub.bridge: control.pubsub.bridge           : MainThread     : INFO    : recv message: alive
2017-05-30 22:45:51,203: control.pubsub.bridge: control.pubsub.bridge           : MainThread     : DEBUG   : ru_initialize_common (NOOP)
2017-05-30 22:45:51,204: control.pubsub.bridge: control.pubsub.bridge           : MainThread     : DEBUG   : ru_initialize_parent (NOOP)
2017-05-30 22:45:51,204: control.pubsub.bridge: control.pubsub.bridge           : MainThread     : DEBUG   : child thread control.pubsub.bridge.child.watch started
2017-05-30 22:45:51,204: control.pubsub.bridge: control.pubsub.bridge           : MainThread     : INFO    : child (me) is alive
2017-05-30 22:45:51,204: control.pubsub.bridge: control.pubsub.bridge           : MainThread     : DEBUG   : ru_initialize_common (NOOP)
2017-05-30 22:45:51,205: control.pubsub.bridge: control.pubsub.bridge.child     : MainThread     : INFO    : send alive
2017-05-30 22:45:51,206: control.pubsub.bridge: control.pubsub.bridge.child     : MainThread     : INFO    : send message: alive
2017-05-30 22:45:51,206: control.pubsub.bridge: MainProcess                     : MainThread     : INFO    : recv message: alive
2017-05-30 22:45:51,206: control.pubsub.bridge: MainProcess                     : MainThread     : DEBUG   : start thread
2017-05-30 22:45:51,206: control.pubsub.bridge: MainProcess                     : control.pubsub.bridge.watch: INFO    : child (me) initializing
2017-05-30 22:45:51,206: control.pubsub.bridge: MainProcess                     : control.pubsub.bridge.watch: DEBUG   : ru_initialize_common (NOOP)
2017-05-30 22:45:51,207: control.pubsub.bridge: MainProcess                     : control.pubsub.bridge.watch: DEBUG   : ru_initialize_child (NOOP)
2017-05-30 22:45:51,207: control.pubsub.bridge: MainProcess                     : control.pubsub.bridge.watch: INFO    : send alive
2017-05-30 22:45:51,207: control.pubsub.bridge: MainProcess                     : control.pubsub.bridge.watch: INFO    : send message: alive
2017-05-30 22:45:51,208: control.pubsub.bridge: MainProcess                     : MainThread     : INFO    : recv message: alive
2017-05-30 22:45:51,208: control.pubsub.bridge: MainProcess                     : MainThread     : DEBUG   : ru_initialize_common (NOOP)
2017-05-30 22:45:51,208: control.pubsub.bridge: MainProcess                     : MainThread     : DEBUG   : ru_initialize_parent (NOOP)
2017-05-30 22:45:51,208: control.pubsub.bridge: MainProcess                     : MainThread     : DEBUG   : child thread control.pubsub.bridge.watch started
2017-05-30 22:45:51,208: control.pubsub.bridge: MainProcess                     : MainThread     : INFO    : child is alive
2017-05-30 22:45:51,208: control.pubsub.bridge: MainProcess                     : MainThread     : DEBUG   : ru_initialize_common (NOOP)
2017-05-30 22:45:51,208: control.pubsub.bridge: MainProcess                     : MainThread     : DEBUG   : ru_initialize_parent (NOOP)
2017-05-30 22:45:51,208: control.pubsub.bridge: MainProcess                     : MainThread     : DEBUG   : child process started
2017-05-30 22:45:53,680: control.pubsub.bridge: MainProcess                     : MainThread     : INFO    : radical.pilot        version: split-81-gf853cc9b@feature-bridges
2017-05-30 22:45:53,680: control.pubsub.bridge: MainProcess                     : MainThread     : INFO    : create control_pubsub - bridge - tcp://*:*
2017-05-30 22:45:53,681: control.pubsub.bridge: MainProcess                     : MainThread     : DEBUG   : start process
2017-05-30 22:45:53,692: control.pubsub.bridge: control.pubsub.bridge           : MainThread     : INFO    : child (me) initializing
2017-05-30 22:45:53,692: control.pubsub.bridge: control.pubsub.bridge           : MainThread     : DEBUG   : start thread
2017-05-30 22:45:53,692: control.pubsub.bridge: control.pubsub.bridge           : control.pubsub.bridge.child.watch: INFO    : child (me) initializing
2017-05-30 22:45:53,692: control.pubsub.bridge: control.pubsub.bridge           : control.pubsub.bridge.child.watch: DEBUG   : ru_initialize_common (NOOP)
2017-05-30 22:45:53,692: control.pubsub.bridge: control.pubsub.bridge           : control.pubsub.bridge.child.watch: DEBUG   : ru_initialize_child (NOOP)
2017-05-30 22:45:53,693: control.pubsub.bridge: control.pubsub.bridge           : control.pubsub.bridge.child.watch: INFO    : send alive
2017-05-30 22:45:53,693: control.pubsub.bridge: control.pubsub.bridge           : control.pubsub.bridge.child.watch: INFO    : send message: alive
2017-05-30 22:45:53,694: control.pubsub.bridge: control.pubsub.bridge           : MainThread     : INFO    : recv message: alive
2017-05-30 22:45:53,694: control.pubsub.bridge: control.pubsub.bridge           : MainThread     : DEBUG   : ru_initialize_common (NOOP)
2017-05-30 22:45:53,694: control.pubsub.bridge: control.pubsub.bridge           : MainThread     : DEBUG   : ru_initialize_parent (NOOP)
2017-05-30 22:45:53,694: control.pubsub.bridge: control.pubsub.bridge           : MainThread     : DEBUG   : child thread control.pubsub.bridge.child.watch started
2017-05-30 22:45:53,694: control.pubsub.bridge: control.pubsub.bridge           : MainThread     : INFO    : child (me) is alive
2017-05-30 22:45:53,694: control.pubsub.bridge: control.pubsub.bridge           : MainThread     : DEBUG   : ru_initialize_common (NOOP)
2017-05-30 22:45:53,696: control.pubsub.bridge: control.pubsub.bridge.child     : MainThread     : INFO    : send alive
2017-05-30 22:45:53,696: control.pubsub.bridge: control.pubsub.bridge.child     : MainThread     : INFO    : send message: alive
2017-05-30 22:45:53,696: control.pubsub.bridge: MainProcess                     : MainThread     : INFO    : recv message: alive
2017-05-30 22:45:53,697: control.pubsub.bridge: MainProcess                     : MainThread     : DEBUG   : start thread
2017-05-30 22:45:53,697: control.pubsub.bridge: MainProcess                     : control.pubsub.bridge.watch: INFO    : child (me) initializing
2017-05-30 22:45:53,697: control.pubsub.bridge: MainProcess                     : control.pubsub.bridge.watch: DEBUG   : ru_initialize_common (NOOP)
2017-05-30 22:45:53,697: control.pubsub.bridge: MainProcess                     : control.pubsub.bridge.watch: DEBUG   : ru_initialize_child (NOOP)
2017-05-30 22:45:53,697: control.pubsub.bridge: MainProcess                     : control.pubsub.bridge.watch: INFO    : send alive
2017-05-30 22:45:53,697: control.pubsub.bridge: MainProcess                     : control.pubsub.bridge.watch: INFO    : send message: alive
2017-05-30 22:45:53,698: control.pubsub.bridge: MainProcess                     : MainThread     : INFO    : recv message: alive
2017-05-30 22:45:53,698: control.pubsub.bridge: MainProcess                     : MainThread     : DEBUG   : ru_initialize_common (NOOP)
2017-05-30 22:45:53,698: control.pubsub.bridge: MainProcess                     : MainThread     : DEBUG   : ru_initialize_parent (NOOP)
2017-05-30 22:45:53,698: control.pubsub.bridge: MainProcess                     : MainThread     : DEBUG   : child thread control.pubsub.bridge.watch started
2017-05-30 22:45:53,698: control.pubsub.bridge: MainProcess                     : MainThread     : INFO    : child is alive
2017-05-30 22:45:53,698: control.pubsub.bridge: MainProcess                     : MainThread     : DEBUG   : ru_initialize_common (NOOP)
2017-05-30 22:45:53,698: control.pubsub.bridge: MainProcess                     : MainThread     : DEBUG   : ru_initialize_parent (NOOP)
2017-05-30 22:45:53,698: control.pubsub.bridge: MainProcess                     : MainThread     : DEBUG   : child process started
2017-05-30 22:45:55,817: control.pubsub.bridge: control.pubsub.bridge.child     : MainThread     : DEBUG   : ru_finalize_child (NOOP)
2017-05-30 22:45:55,817: control.pubsub.bridge: control.pubsub.bridge.child     : MainThread     : DEBUG   : ru_finalize_common (NOOP)
2017-05-30 22:45:55,817: control.pubsub.bridge: control.pubsub.bridge.child     : MainThread     : INFO    : send message: terminating
2017-05-30 22:45:55,912: control.pubsub.bridge: control.pubsub.bridge.child     : control.pubsub.bridge.child.watch: INFO    : send message: work finished
2017-05-30 22:45:55,912: control.pubsub.bridge: control.pubsub.bridge.child     : control.pubsub.bridge.child.watch: DEBUG   : ru_finalize_child (NOOP)
2017-05-30 22:45:55,912: control.pubsub.bridge: control.pubsub.bridge.child     : control.pubsub.bridge.child.watch: DEBUG   : ru_finalize_common (NOOP)
2017-05-30 22:45:55,913: control.pubsub.bridge: control.pubsub.bridge.child     : control.pubsub.bridge.child.watch: INFO    : send message: terminating
2017-05-30 22:45:56,699: control.pubsub.bridge: control.pubsub.bridge.child     : MainThread     : DEBUG   : ru_finalize_child (NOOP)
2017-05-30 22:45:56,699: control.pubsub.bridge: control.pubsub.bridge.child     : MainThread     : DEBUG   : ru_finalize_common (NOOP)
2017-05-30 22:45:56,699: control.pubsub.bridge: control.pubsub.bridge.child     : MainThread     : INFO    : send message: terminating
2017-05-30 22:45:56,800: control.pubsub.bridge: control.pubsub.bridge.child     : control.pubsub.bridge.child.watch: INFO    : send message: work finished
2017-05-30 22:45:56,801: control.pubsub.bridge: control.pubsub.bridge.child     : control.pubsub.bridge.child.watch: DEBUG   : ru_finalize_child (NOOP)
2017-05-30 22:45:56,801: control.pubsub.bridge: control.pubsub.bridge.child     : control.pubsub.bridge.child.watch: DEBUG   : ru_finalize_common (NOOP)
