2017-05-30 22:15:10,138: log.pubsub.bridge   : MainProcess                     : MainThread     : INFO    : python.interpreter   version: 2.7.12 (default, Nov 19 2016, 06:48:10) [GCC 5.4.0 20160609]
2017-05-30 22:15:10,139: log.pubsub.bridge   : MainProcess                     : MainThread     : INFO    :                      pid: 24564
2017-05-30 22:15:10,139: log.pubsub.bridge   : MainProcess                     : MainThread     : INFO    :                      tid: MainThread
2017-05-30 22:15:10,139: log.pubsub.bridge   : MainProcess                     : MainThread     : INFO    : radical.pilot        version: split-81-gf853cc9b@feature-bridges
2017-05-30 22:15:10,139: log.pubsub.bridge   : MainProcess                     : MainThread     : INFO    : create log_pubsub - bridge - tcp://*:*
2017-05-30 22:15:10,139: log.pubsub.bridge   : MainProcess                     : MainThread     : DEBUG   : start process
2017-05-30 22:15:10,143: log.pubsub.bridge   : log.pubsub.bridge               : MainThread     : INFO    : child (me) initializing
2017-05-30 22:15:10,143: log.pubsub.bridge   : log.pubsub.bridge               : MainThread     : DEBUG   : start thread
2017-05-30 22:15:10,144: log.pubsub.bridge   : log.pubsub.bridge               : log.pubsub.bridge.child.watch: INFO    : child (me) initializing
2017-05-30 22:15:10,144: log.pubsub.bridge   : log.pubsub.bridge               : log.pubsub.bridge.child.watch: DEBUG   : ru_initialize_common (NOOP)
2017-05-30 22:15:10,144: log.pubsub.bridge   : log.pubsub.bridge               : log.pubsub.bridge.child.watch: DEBUG   : ru_initialize_child (NOOP)
2017-05-30 22:15:10,144: log.pubsub.bridge   : log.pubsub.bridge               : log.pubsub.bridge.child.watch: INFO    : send alive
2017-05-30 22:15:10,144: log.pubsub.bridge   : log.pubsub.bridge               : log.pubsub.bridge.child.watch: INFO    : send message: alive
2017-05-30 22:15:10,145: log.pubsub.bridge   : log.pubsub.bridge               : MainThread     : INFO    : recv message: alive
2017-05-30 22:15:10,145: log.pubsub.bridge   : log.pubsub.bridge               : MainThread     : DEBUG   : ru_initialize_common (NOOP)
2017-05-30 22:15:10,145: log.pubsub.bridge   : log.pubsub.bridge               : MainThread     : DEBUG   : ru_initialize_parent (NOOP)
2017-05-30 22:15:10,145: log.pubsub.bridge   : log.pubsub.bridge               : MainThread     : DEBUG   : child thread log.pubsub.bridge.child.watch started
2017-05-30 22:15:10,145: log.pubsub.bridge   : log.pubsub.bridge               : MainThread     : INFO    : child (me) is alive
2017-05-30 22:15:10,145: log.pubsub.bridge   : log.pubsub.bridge               : MainThread     : DEBUG   : ru_initialize_common (NOOP)
2017-05-30 22:15:10,148: log.pubsub.bridge   : log.pubsub.bridge.child         : MainThread     : INFO    : send alive
2017-05-30 22:15:10,148: log.pubsub.bridge   : log.pubsub.bridge.child         : MainThread     : INFO    : send message: alive
2017-05-30 22:15:10,148: log.pubsub.bridge   : MainProcess                     : MainThread     : INFO    : recv message: alive
2017-05-30 22:15:10,148: log.pubsub.bridge   : MainProcess                     : MainThread     : DEBUG   : start thread
2017-05-30 22:15:10,149: log.pubsub.bridge   : MainProcess                     : log.pubsub.bridge.watch: INFO    : child (me) initializing
2017-05-30 22:15:10,149: log.pubsub.bridge   : MainProcess                     : log.pubsub.bridge.watch: DEBUG   : ru_initialize_common (NOOP)
2017-05-30 22:15:10,149: log.pubsub.bridge   : MainProcess                     : log.pubsub.bridge.watch: DEBUG   : ru_initialize_child (NOOP)
2017-05-30 22:15:10,149: log.pubsub.bridge   : MainProcess                     : log.pubsub.bridge.watch: INFO    : send alive
2017-05-30 22:15:10,149: log.pubsub.bridge   : MainProcess                     : log.pubsub.bridge.watch: INFO    : send message: alive
2017-05-30 22:15:10,150: log.pubsub.bridge   : MainProcess                     : MainThread     : INFO    : recv message: alive
2017-05-30 22:15:10,150: log.pubsub.bridge   : MainProcess                     : MainThread     : DEBUG   : ru_initialize_common (NOOP)
2017-05-30 22:15:10,150: log.pubsub.bridge   : MainProcess                     : MainThread     : DEBUG   : ru_initialize_parent (NOOP)
2017-05-30 22:15:10,150: log.pubsub.bridge   : MainProcess                     : MainThread     : DEBUG   : child thread log.pubsub.bridge.watch started
2017-05-30 22:15:10,151: log.pubsub.bridge   : MainProcess                     : MainThread     : INFO    : child is alive
2017-05-30 22:15:10,151: log.pubsub.bridge   : MainProcess                     : MainThread     : DEBUG   : ru_initialize_common (NOOP)
2017-05-30 22:15:10,151: log.pubsub.bridge   : MainProcess                     : MainThread     : DEBUG   : ru_initialize_parent (NOOP)
2017-05-30 22:15:10,151: log.pubsub.bridge   : MainProcess                     : MainThread     : DEBUG   : child process started
2017-05-30 22:21:56,022: log.pubsub.bridge   : MainProcess                     : MainThread     : INFO    : parent stops child
2017-05-30 22:21:56,022: log.pubsub.bridge   : MainProcess                     : MainThread     : DEBUG   : ru_finalize_parent (NOOP)
2017-05-30 22:21:56,022: log.pubsub.bridge   : MainProcess                     : MainThread     : DEBUG   : ru_finalize_common (NOOP)
2017-05-30 22:21:56,023: log.pubsub.bridge   : MainProcess                     : MainThread     : INFO    : parent stops child
2017-05-30 22:21:56,023: log.pubsub.bridge   : MainProcess                     : MainThread     : DEBUG   : ru_finalize_parent (NOOP)
2017-05-30 22:21:56,023: log.pubsub.bridge   : MainProcess                     : MainThread     : DEBUG   : ru_finalize_common (NOOP)
2017-05-30 22:21:56,115: log.pubsub.bridge   : MainProcess                     : log.pubsub.bridge.watch: INFO    : send message: work finished
2017-05-30 22:21:56,115: log.pubsub.bridge   : MainProcess                     : log.pubsub.bridge.watch: DEBUG   : ru_finalize_child (NOOP)
2017-05-30 22:21:56,115: log.pubsub.bridge   : MainProcess                     : log.pubsub.bridge.watch: DEBUG   : ru_finalize_common (NOOP)
2017-05-30 22:21:56,116: log.pubsub.bridge   : MainProcess                     : log.pubsub.bridge.watch: INFO    : send message: terminating
2017-05-30 22:21:56,238: log.pubsub.bridge   : MainProcess                     : MainThread     : WARNING : failed to stop child - terminate
2017-05-30 22:21:57,404: log.pubsub.bridge   : MainProcess                     : MainThread     : INFO    : radical.pilot        version: split-81-gf853cc9b@feature-bridges
2017-05-30 22:21:57,404: log.pubsub.bridge   : MainProcess                     : MainThread     : INFO    : create log_pubsub - bridge - tcp://*:*
2017-05-30 22:21:57,404: log.pubsub.bridge   : MainProcess                     : MainThread     : DEBUG   : start process
2017-05-30 22:21:57,409: log.pubsub.bridge   : log.pubsub.bridge               : MainThread     : INFO    : child (me) initializing
2017-05-30 22:21:57,410: log.pubsub.bridge   : log.pubsub.bridge               : MainThread     : DEBUG   : start thread
2017-05-30 22:21:57,410: log.pubsub.bridge   : log.pubsub.bridge               : log.pubsub.bridge.child.watch: INFO    : child (me) initializing
2017-05-30 22:21:57,410: log.pubsub.bridge   : log.pubsub.bridge               : log.pubsub.bridge.child.watch: DEBUG   : ru_initialize_common (NOOP)
2017-05-30 22:21:57,410: log.pubsub.bridge   : log.pubsub.bridge               : log.pubsub.bridge.child.watch: DEBUG   : ru_initialize_child (NOOP)
2017-05-30 22:21:57,410: log.pubsub.bridge   : log.pubsub.bridge               : log.pubsub.bridge.child.watch: INFO    : send alive
2017-05-30 22:21:57,410: log.pubsub.bridge   : log.pubsub.bridge               : log.pubsub.bridge.child.watch: INFO    : send message: alive
2017-05-30 22:21:57,411: log.pubsub.bridge   : log.pubsub.bridge               : MainThread     : INFO    : recv message: alive
2017-05-30 22:21:57,411: log.pubsub.bridge   : log.pubsub.bridge               : MainThread     : DEBUG   : ru_initialize_common (NOOP)
2017-05-30 22:21:57,411: log.pubsub.bridge   : log.pubsub.bridge               : MainThread     : DEBUG   : ru_initialize_parent (NOOP)
2017-05-30 22:21:57,411: log.pubsub.bridge   : log.pubsub.bridge               : MainThread     : DEBUG   : child thread log.pubsub.bridge.child.watch started
2017-05-30 22:21:57,411: log.pubsub.bridge   : log.pubsub.bridge               : MainThread     : INFO    : child (me) is alive
2017-05-30 22:21:57,411: log.pubsub.bridge   : log.pubsub.bridge               : MainThread     : DEBUG   : ru_initialize_common (NOOP)
2017-05-30 22:21:57,413: log.pubsub.bridge   : log.pubsub.bridge.child         : MainThread     : INFO    : send alive
2017-05-30 22:21:57,413: log.pubsub.bridge   : log.pubsub.bridge.child         : MainThread     : INFO    : send message: alive
2017-05-30 22:21:57,414: log.pubsub.bridge   : MainProcess                     : MainThread     : INFO    : recv message: alive
2017-05-30 22:21:57,414: log.pubsub.bridge   : MainProcess                     : MainThread     : DEBUG   : start thread
2017-05-30 22:21:57,414: log.pubsub.bridge   : MainProcess                     : log.pubsub.bridge.watch: INFO    : child (me) initializing
2017-05-30 22:21:57,414: log.pubsub.bridge   : MainProcess                     : log.pubsub.bridge.watch: DEBUG   : ru_initialize_common (NOOP)
2017-05-30 22:21:57,414: log.pubsub.bridge   : MainProcess                     : log.pubsub.bridge.watch: DEBUG   : ru_initialize_child (NOOP)
2017-05-30 22:21:57,414: log.pubsub.bridge   : MainProcess                     : log.pubsub.bridge.watch: INFO    : send alive
2017-05-30 22:21:57,414: log.pubsub.bridge   : MainProcess                     : log.pubsub.bridge.watch: INFO    : send message: alive
2017-05-30 22:21:57,415: log.pubsub.bridge   : MainProcess                     : MainThread     : INFO    : recv message: alive
2017-05-30 22:21:57,415: log.pubsub.bridge   : MainProcess                     : MainThread     : DEBUG   : ru_initialize_common (NOOP)
2017-05-30 22:21:57,415: log.pubsub.bridge   : MainProcess                     : MainThread     : DEBUG   : ru_initialize_parent (NOOP)
2017-05-30 22:21:57,415: log.pubsub.bridge   : MainProcess                     : MainThread     : DEBUG   : child thread log.pubsub.bridge.watch started
2017-05-30 22:21:57,416: log.pubsub.bridge   : MainProcess                     : MainThread     : INFO    : child is alive
2017-05-30 22:21:57,416: log.pubsub.bridge   : MainProcess                     : MainThread     : DEBUG   : ru_initialize_common (NOOP)
2017-05-30 22:21:57,416: log.pubsub.bridge   : MainProcess                     : MainThread     : DEBUG   : ru_initialize_parent (NOOP)
2017-05-30 22:21:57,416: log.pubsub.bridge   : MainProcess                     : MainThread     : DEBUG   : child process started
2017-05-30 22:29:48,971: log.pubsub.bridge   : MainProcess                     : MainThread     : INFO    : parent stops child
2017-05-30 22:29:48,971: log.pubsub.bridge   : MainProcess                     : MainThread     : DEBUG   : ru_finalize_parent (NOOP)
2017-05-30 22:29:48,971: log.pubsub.bridge   : MainProcess                     : MainThread     : DEBUG   : ru_finalize_common (NOOP)
2017-05-30 22:29:48,971: log.pubsub.bridge   : MainProcess                     : MainThread     : INFO    : parent stops child
2017-05-30 22:29:48,971: log.pubsub.bridge   : MainProcess                     : MainThread     : DEBUG   : ru_finalize_parent (NOOP)
2017-05-30 22:29:48,971: log.pubsub.bridge   : MainProcess                     : MainThread     : DEBUG   : ru_finalize_common (NOOP)
2017-05-30 22:29:48,997: log.pubsub.bridge   : MainProcess                     : log.pubsub.bridge.watch: INFO    : send message: work finished
2017-05-30 22:29:48,998: log.pubsub.bridge   : MainProcess                     : log.pubsub.bridge.watch: DEBUG   : ru_finalize_child (NOOP)
2017-05-30 22:29:48,998: log.pubsub.bridge   : MainProcess                     : log.pubsub.bridge.watch: DEBUG   : ru_finalize_common (NOOP)
2017-05-30 22:29:48,998: log.pubsub.bridge   : MainProcess                     : log.pubsub.bridge.watch: INFO    : send message: terminating
2017-05-30 22:29:49,104: log.pubsub.bridge   : MainProcess                     : MainThread     : WARNING : failed to stop child - terminate
2017-05-30 22:29:50,322: log.pubsub.bridge   : MainProcess                     : MainThread     : INFO    : radical.pilot        version: split-81-gf853cc9b@feature-bridges
2017-05-30 22:29:50,322: log.pubsub.bridge   : MainProcess                     : MainThread     : INFO    : create log_pubsub - bridge - tcp://*:*
2017-05-30 22:29:50,322: log.pubsub.bridge   : MainProcess                     : MainThread     : DEBUG   : start process
2017-05-30 22:29:50,329: log.pubsub.bridge   : log.pubsub.bridge               : MainThread     : INFO    : child (me) initializing
2017-05-30 22:29:50,330: log.pubsub.bridge   : log.pubsub.bridge               : MainThread     : DEBUG   : start thread
2017-05-30 22:29:50,330: log.pubsub.bridge   : log.pubsub.bridge               : log.pubsub.bridge.child.watch: INFO    : child (me) initializing
2017-05-30 22:29:50,330: log.pubsub.bridge   : log.pubsub.bridge               : log.pubsub.bridge.child.watch: DEBUG   : ru_initialize_common (NOOP)
2017-05-30 22:29:50,330: log.pubsub.bridge   : log.pubsub.bridge               : log.pubsub.bridge.child.watch: DEBUG   : ru_initialize_child (NOOP)
2017-05-30 22:29:50,330: log.pubsub.bridge   : log.pubsub.bridge               : log.pubsub.bridge.child.watch: INFO    : send alive
2017-05-30 22:29:50,330: log.pubsub.bridge   : log.pubsub.bridge               : log.pubsub.bridge.child.watch: INFO    : send message: alive
2017-05-30 22:29:50,331: log.pubsub.bridge   : log.pubsub.bridge               : MainThread     : INFO    : recv message: alive
2017-05-30 22:29:50,331: log.pubsub.bridge   : log.pubsub.bridge               : MainThread     : DEBUG   : ru_initialize_common (NOOP)
2017-05-30 22:29:50,331: log.pubsub.bridge   : log.pubsub.bridge               : MainThread     : DEBUG   : ru_initialize_parent (NOOP)
2017-05-30 22:29:50,331: log.pubsub.bridge   : log.pubsub.bridge               : MainThread     : DEBUG   : child thread log.pubsub.bridge.child.watch started
2017-05-30 22:29:50,331: log.pubsub.bridge   : log.pubsub.bridge               : MainThread     : INFO    : child (me) is alive
2017-05-30 22:29:50,332: log.pubsub.bridge   : log.pubsub.bridge               : MainThread     : DEBUG   : ru_initialize_common (NOOP)
2017-05-30 22:29:50,333: log.pubsub.bridge   : log.pubsub.bridge.child         : MainThread     : INFO    : send alive
2017-05-30 22:29:50,334: log.pubsub.bridge   : log.pubsub.bridge.child         : MainThread     : INFO    : send message: alive
2017-05-30 22:29:50,334: log.pubsub.bridge   : MainProcess                     : MainThread     : INFO    : recv message: alive
2017-05-30 22:29:50,334: log.pubsub.bridge   : MainProcess                     : MainThread     : DEBUG   : start thread
2017-05-30 22:29:50,334: log.pubsub.bridge   : MainProcess                     : log.pubsub.bridge.watch: INFO    : child (me) initializing
2017-05-30 22:29:50,334: log.pubsub.bridge   : MainProcess                     : log.pubsub.bridge.watch: DEBUG   : ru_initialize_common (NOOP)
2017-05-30 22:29:50,335: log.pubsub.bridge   : MainProcess                     : log.pubsub.bridge.watch: DEBUG   : ru_initialize_child (NOOP)
2017-05-30 22:29:50,335: log.pubsub.bridge   : MainProcess                     : log.pubsub.bridge.watch: INFO    : send alive
2017-05-30 22:29:50,335: log.pubsub.bridge   : MainProcess                     : log.pubsub.bridge.watch: INFO    : send message: alive
2017-05-30 22:29:50,336: log.pubsub.bridge   : MainProcess                     : MainThread     : INFO    : recv message: alive
2017-05-30 22:29:50,336: log.pubsub.bridge   : MainProcess                     : MainThread     : DEBUG   : ru_initialize_common (NOOP)
2017-05-30 22:29:50,336: log.pubsub.bridge   : MainProcess                     : MainThread     : DEBUG   : ru_initialize_parent (NOOP)
2017-05-30 22:29:50,336: log.pubsub.bridge   : MainProcess                     : MainThread     : DEBUG   : child thread log.pubsub.bridge.watch started
2017-05-30 22:29:50,336: log.pubsub.bridge   : MainProcess                     : MainThread     : INFO    : child is alive
2017-05-30 22:29:50,336: log.pubsub.bridge   : MainProcess                     : MainThread     : DEBUG   : ru_initialize_common (NOOP)
2017-05-30 22:29:50,336: log.pubsub.bridge   : MainProcess                     : MainThread     : DEBUG   : ru_initialize_parent (NOOP)
2017-05-30 22:29:50,336: log.pubsub.bridge   : MainProcess                     : MainThread     : DEBUG   : child process started
2017-05-30 22:37:34,815: log.pubsub.bridge   : MainProcess                     : MainThread     : INFO    : parent stops child
2017-05-30 22:37:34,815: log.pubsub.bridge   : MainProcess                     : MainThread     : DEBUG   : ru_finalize_parent (NOOP)
2017-05-30 22:37:34,815: log.pubsub.bridge   : MainProcess                     : MainThread     : DEBUG   : ru_finalize_common (NOOP)
2017-05-30 22:37:34,815: log.pubsub.bridge   : MainProcess                     : MainThread     : INFO    : parent stops child
2017-05-30 22:37:34,816: log.pubsub.bridge   : MainProcess                     : MainThread     : DEBUG   : ru_finalize_parent (NOOP)
2017-05-30 22:37:34,816: log.pubsub.bridge   : MainProcess                     : MainThread     : DEBUG   : ru_finalize_common (NOOP)
2017-05-30 22:37:34,881: log.pubsub.bridge   : MainProcess                     : log.pubsub.bridge.watch: INFO    : send message: work finished
2017-05-30 22:37:34,881: log.pubsub.bridge   : MainProcess                     : log.pubsub.bridge.watch: DEBUG   : ru_finalize_child (NOOP)
2017-05-30 22:37:34,881: log.pubsub.bridge   : MainProcess                     : log.pubsub.bridge.watch: DEBUG   : ru_finalize_common (NOOP)
2017-05-30 22:37:34,881: log.pubsub.bridge   : MainProcess                     : log.pubsub.bridge.watch: INFO    : send message: terminating
2017-05-30 22:37:35,030: log.pubsub.bridge   : MainProcess                     : MainThread     : WARNING : failed to stop child - terminate
2017-05-30 22:37:36,174: log.pubsub.bridge   : MainProcess                     : MainThread     : INFO    : radical.pilot        version: split-81-gf853cc9b@feature-bridges
2017-05-30 22:37:36,174: log.pubsub.bridge   : MainProcess                     : MainThread     : INFO    : create log_pubsub - bridge - tcp://*:*
2017-05-30 22:37:36,174: log.pubsub.bridge   : MainProcess                     : MainThread     : DEBUG   : start process
2017-05-30 22:37:36,184: log.pubsub.bridge   : log.pubsub.bridge               : MainThread     : INFO    : child (me) initializing
2017-05-30 22:37:36,184: log.pubsub.bridge   : log.pubsub.bridge               : MainThread     : DEBUG   : start thread
2017-05-30 22:37:36,184: log.pubsub.bridge   : log.pubsub.bridge               : log.pubsub.bridge.child.watch: INFO    : child (me) initializing
2017-05-30 22:37:36,185: log.pubsub.bridge   : log.pubsub.bridge               : log.pubsub.bridge.child.watch: DEBUG   : ru_initialize_common (NOOP)
2017-05-30 22:37:36,185: log.pubsub.bridge   : log.pubsub.bridge               : log.pubsub.bridge.child.watch: DEBUG   : ru_initialize_child (NOOP)
2017-05-30 22:37:36,185: log.pubsub.bridge   : log.pubsub.bridge               : log.pubsub.bridge.child.watch: INFO    : send alive
2017-05-30 22:37:36,185: log.pubsub.bridge   : log.pubsub.bridge               : log.pubsub.bridge.child.watch: INFO    : send message: alive
2017-05-30 22:37:36,186: log.pubsub.bridge   : log.pubsub.bridge               : MainThread     : INFO    : recv message: alive
2017-05-30 22:37:36,186: log.pubsub.bridge   : log.pubsub.bridge               : MainThread     : DEBUG   : ru_initialize_common (NOOP)
2017-05-30 22:37:36,186: log.pubsub.bridge   : log.pubsub.bridge               : MainThread     : DEBUG   : ru_initialize_parent (NOOP)
2017-05-30 22:37:36,186: log.pubsub.bridge   : log.pubsub.bridge               : MainThread     : DEBUG   : child thread log.pubsub.bridge.child.watch started
2017-05-30 22:37:36,186: log.pubsub.bridge   : log.pubsub.bridge               : MainThread     : INFO    : child (me) is alive
2017-05-30 22:37:36,186: log.pubsub.bridge   : log.pubsub.bridge               : MainThread     : DEBUG   : ru_initialize_common (NOOP)
2017-05-30 22:37:36,234: log.pubsub.bridge   : log.pubsub.bridge.child         : MainThread     : INFO    : send alive
2017-05-30 22:37:36,234: log.pubsub.bridge   : log.pubsub.bridge.child         : MainThread     : INFO    : send message: alive
2017-05-30 22:37:36,235: log.pubsub.bridge   : MainProcess                     : MainThread     : INFO    : recv message: alive
2017-05-30 22:37:36,236: log.pubsub.bridge   : MainProcess                     : MainThread     : DEBUG   : start thread
2017-05-30 22:37:36,236: log.pubsub.bridge   : MainProcess                     : log.pubsub.bridge.watch: INFO    : child (me) initializing
2017-05-30 22:37:36,237: log.pubsub.bridge   : MainProcess                     : log.pubsub.bridge.watch: DEBUG   : ru_initialize_common (NOOP)
2017-05-30 22:37:36,237: log.pubsub.bridge   : MainProcess                     : log.pubsub.bridge.watch: DEBUG   : ru_initialize_child (NOOP)
2017-05-30 22:37:36,237: log.pubsub.bridge   : MainProcess                     : log.pubsub.bridge.watch: INFO    : send alive
2017-05-30 22:37:36,237: log.pubsub.bridge   : MainProcess                     : log.pubsub.bridge.watch: INFO    : send message: alive
2017-05-30 22:37:36,238: log.pubsub.bridge   : MainProcess                     : MainThread     : INFO    : recv message: alive
2017-05-30 22:37:36,238: log.pubsub.bridge   : MainProcess                     : MainThread     : DEBUG   : ru_initialize_common (NOOP)
2017-05-30 22:37:36,239: log.pubsub.bridge   : MainProcess                     : MainThread     : DEBUG   : ru_initialize_parent (NOOP)
2017-05-30 22:37:36,239: log.pubsub.bridge   : MainProcess                     : MainThread     : DEBUG   : child thread log.pubsub.bridge.watch started
2017-05-30 22:37:36,239: log.pubsub.bridge   : MainProcess                     : MainThread     : INFO    : child is alive
2017-05-30 22:37:36,239: log.pubsub.bridge   : MainProcess                     : MainThread     : DEBUG   : ru_initialize_common (NOOP)
2017-05-30 22:37:36,239: log.pubsub.bridge   : MainProcess                     : MainThread     : DEBUG   : ru_initialize_parent (NOOP)
2017-05-30 22:37:36,239: log.pubsub.bridge   : MainProcess                     : MainThread     : DEBUG   : child process started
2017-05-30 22:45:26,559: log.pubsub.bridge   : MainProcess                     : MainThread     : INFO    : parent stops child
2017-05-30 22:45:26,559: log.pubsub.bridge   : MainProcess                     : MainThread     : DEBUG   : ru_finalize_parent (NOOP)
2017-05-30 22:45:26,560: log.pubsub.bridge   : MainProcess                     : MainThread     : DEBUG   : ru_finalize_common (NOOP)
2017-05-30 22:45:26,560: log.pubsub.bridge   : MainProcess                     : MainThread     : INFO    : parent stops child
2017-05-30 22:45:26,560: log.pubsub.bridge   : MainProcess                     : MainThread     : DEBUG   : ru_finalize_parent (NOOP)
2017-05-30 22:45:26,560: log.pubsub.bridge   : MainProcess                     : MainThread     : DEBUG   : ru_finalize_common (NOOP)
2017-05-30 22:45:26,573: log.pubsub.bridge   : MainProcess                     : log.pubsub.bridge.watch: INFO    : send message: work finished
2017-05-30 22:45:26,573: log.pubsub.bridge   : MainProcess                     : log.pubsub.bridge.watch: DEBUG   : ru_finalize_child (NOOP)
2017-05-30 22:45:26,573: log.pubsub.bridge   : MainProcess                     : log.pubsub.bridge.watch: DEBUG   : ru_finalize_common (NOOP)
2017-05-30 22:45:26,574: log.pubsub.bridge   : MainProcess                     : log.pubsub.bridge.watch: INFO    : send message: terminating
2017-05-30 22:45:26,676: log.pubsub.bridge   : MainProcess                     : MainThread     : WARNING : failed to stop child - terminate
2017-05-30 22:45:27,859: log.pubsub.bridge   : MainProcess                     : MainThread     : INFO    : radical.pilot        version: split-81-gf853cc9b@feature-bridges
2017-05-30 22:45:27,859: log.pubsub.bridge   : MainProcess                     : MainThread     : INFO    : create log_pubsub - bridge - tcp://*:*
2017-05-30 22:45:27,860: log.pubsub.bridge   : MainProcess                     : MainThread     : DEBUG   : start process
2017-05-30 22:45:27,868: log.pubsub.bridge   : log.pubsub.bridge               : MainThread     : INFO    : child (me) initializing
2017-05-30 22:45:27,868: log.pubsub.bridge   : log.pubsub.bridge               : MainThread     : DEBUG   : start thread
2017-05-30 22:45:27,868: log.pubsub.bridge   : log.pubsub.bridge               : log.pubsub.bridge.child.watch: INFO    : child (me) initializing
2017-05-30 22:45:27,868: log.pubsub.bridge   : log.pubsub.bridge               : log.pubsub.bridge.child.watch: DEBUG   : ru_initialize_common (NOOP)
2017-05-30 22:45:27,869: log.pubsub.bridge   : log.pubsub.bridge               : log.pubsub.bridge.child.watch: DEBUG   : ru_initialize_child (NOOP)
2017-05-30 22:45:27,869: log.pubsub.bridge   : log.pubsub.bridge               : log.pubsub.bridge.child.watch: INFO    : send alive
2017-05-30 22:45:27,869: log.pubsub.bridge   : log.pubsub.bridge               : log.pubsub.bridge.child.watch: INFO    : send message: alive
2017-05-30 22:45:27,870: log.pubsub.bridge   : log.pubsub.bridge               : MainThread     : INFO    : recv message: alive
2017-05-30 22:45:27,870: log.pubsub.bridge   : log.pubsub.bridge               : MainThread     : DEBUG   : ru_initialize_common (NOOP)
2017-05-30 22:45:27,870: log.pubsub.bridge   : log.pubsub.bridge               : MainThread     : DEBUG   : ru_initialize_parent (NOOP)
2017-05-30 22:45:27,870: log.pubsub.bridge   : log.pubsub.bridge               : MainThread     : DEBUG   : child thread log.pubsub.bridge.child.watch started
2017-05-30 22:45:27,870: log.pubsub.bridge   : log.pubsub.bridge               : MainThread     : INFO    : child (me) is alive
2017-05-30 22:45:27,870: log.pubsub.bridge   : log.pubsub.bridge               : MainThread     : DEBUG   : ru_initialize_common (NOOP)
2017-05-30 22:45:27,872: log.pubsub.bridge   : log.pubsub.bridge.child         : MainThread     : INFO    : send alive
2017-05-30 22:45:27,872: log.pubsub.bridge   : log.pubsub.bridge.child         : MainThread     : INFO    : send message: alive
2017-05-30 22:45:27,872: log.pubsub.bridge   : MainProcess                     : MainThread     : INFO    : recv message: alive
2017-05-30 22:45:27,872: log.pubsub.bridge   : MainProcess                     : MainThread     : DEBUG   : start thread
2017-05-30 22:45:27,872: log.pubsub.bridge   : MainProcess                     : log.pubsub.bridge.watch: INFO    : child (me) initializing
2017-05-30 22:45:27,872: log.pubsub.bridge   : MainProcess                     : log.pubsub.bridge.watch: DEBUG   : ru_initialize_common (NOOP)
2017-05-30 22:45:27,872: log.pubsub.bridge   : MainProcess                     : log.pubsub.bridge.watch: DEBUG   : ru_initialize_child (NOOP)
2017-05-30 22:45:27,872: log.pubsub.bridge   : MainProcess                     : log.pubsub.bridge.watch: INFO    : send alive
2017-05-30 22:45:27,873: log.pubsub.bridge   : MainProcess                     : log.pubsub.bridge.watch: INFO    : send message: alive
2017-05-30 22:45:27,873: log.pubsub.bridge   : MainProcess                     : MainThread     : INFO    : recv message: alive
2017-05-30 22:45:27,874: log.pubsub.bridge   : MainProcess                     : MainThread     : DEBUG   : ru_initialize_common (NOOP)
2017-05-30 22:45:27,874: log.pubsub.bridge   : MainProcess                     : MainThread     : DEBUG   : ru_initialize_parent (NOOP)
2017-05-30 22:45:27,874: log.pubsub.bridge   : MainProcess                     : MainThread     : DEBUG   : child thread log.pubsub.bridge.watch started
2017-05-30 22:45:27,874: log.pubsub.bridge   : MainProcess                     : MainThread     : INFO    : child is alive
2017-05-30 22:45:27,874: log.pubsub.bridge   : MainProcess                     : MainThread     : DEBUG   : ru_initialize_common (NOOP)
2017-05-30 22:45:27,874: log.pubsub.bridge   : MainProcess                     : MainThread     : DEBUG   : ru_initialize_parent (NOOP)
2017-05-30 22:45:27,874: log.pubsub.bridge   : MainProcess                     : MainThread     : DEBUG   : child process started
2017-05-30 22:45:45,916: log.pubsub.bridge   : MainProcess                     : MainThread     : INFO    : parent stops child
2017-05-30 22:45:45,916: log.pubsub.bridge   : MainProcess                     : MainThread     : DEBUG   : ru_finalize_parent (NOOP)
2017-05-30 22:45:45,916: log.pubsub.bridge   : MainProcess                     : MainThread     : DEBUG   : ru_finalize_common (NOOP)
2017-05-30 22:45:45,916: log.pubsub.bridge   : MainProcess                     : MainThread     : INFO    : parent stops child
2017-05-30 22:45:45,916: log.pubsub.bridge   : MainProcess                     : MainThread     : DEBUG   : ru_finalize_parent (NOOP)
2017-05-30 22:45:45,916: log.pubsub.bridge   : MainProcess                     : MainThread     : DEBUG   : ru_finalize_common (NOOP)
2017-05-30 22:45:46,015: log.pubsub.bridge   : MainProcess                     : log.pubsub.bridge.watch: INFO    : send message: work finished
2017-05-30 22:45:46,016: log.pubsub.bridge   : MainProcess                     : log.pubsub.bridge.watch: DEBUG   : ru_finalize_child (NOOP)
2017-05-30 22:45:46,016: log.pubsub.bridge   : MainProcess                     : log.pubsub.bridge.watch: DEBUG   : ru_finalize_common (NOOP)
2017-05-30 22:45:46,016: log.pubsub.bridge   : MainProcess                     : log.pubsub.bridge.watch: INFO    : send message: terminating
2017-05-30 22:45:46,131: log.pubsub.bridge   : MainProcess                     : MainThread     : WARNING : failed to stop child - terminate
2017-05-30 22:45:47,330: log.pubsub.bridge   : MainProcess                     : MainThread     : INFO    : radical.pilot        version: split-81-gf853cc9b@feature-bridges
2017-05-30 22:45:47,330: log.pubsub.bridge   : MainProcess                     : MainThread     : INFO    : create log_pubsub - bridge - tcp://*:*
2017-05-30 22:45:47,330: log.pubsub.bridge   : MainProcess                     : MainThread     : DEBUG   : start process
2017-05-30 22:45:47,339: log.pubsub.bridge   : log.pubsub.bridge               : MainThread     : INFO    : child (me) initializing
2017-05-30 22:45:47,339: log.pubsub.bridge   : log.pubsub.bridge               : MainThread     : DEBUG   : start thread
2017-05-30 22:45:47,340: log.pubsub.bridge   : log.pubsub.bridge               : log.pubsub.bridge.child.watch: INFO    : child (me) initializing
2017-05-30 22:45:47,340: log.pubsub.bridge   : log.pubsub.bridge               : log.pubsub.bridge.child.watch: DEBUG   : ru_initialize_common (NOOP)
2017-05-30 22:45:47,340: log.pubsub.bridge   : log.pubsub.bridge               : log.pubsub.bridge.child.watch: DEBUG   : ru_initialize_child (NOOP)
2017-05-30 22:45:47,340: log.pubsub.bridge   : log.pubsub.bridge               : log.pubsub.bridge.child.watch: INFO    : send alive
2017-05-30 22:45:47,340: log.pubsub.bridge   : log.pubsub.bridge               : log.pubsub.bridge.child.watch: INFO    : send message: alive
2017-05-30 22:45:47,341: log.pubsub.bridge   : log.pubsub.bridge               : MainThread     : INFO    : recv message: alive
2017-05-30 22:45:47,341: log.pubsub.bridge   : log.pubsub.bridge               : MainThread     : DEBUG   : ru_initialize_common (NOOP)
2017-05-30 22:45:47,341: log.pubsub.bridge   : log.pubsub.bridge               : MainThread     : DEBUG   : ru_initialize_parent (NOOP)
2017-05-30 22:45:47,341: log.pubsub.bridge   : log.pubsub.bridge               : MainThread     : DEBUG   : child thread log.pubsub.bridge.child.watch started
2017-05-30 22:45:47,341: log.pubsub.bridge   : log.pubsub.bridge               : MainThread     : INFO    : child (me) is alive
2017-05-30 22:45:47,341: log.pubsub.bridge   : log.pubsub.bridge               : MainThread     : DEBUG   : ru_initialize_common (NOOP)
2017-05-30 22:45:47,343: log.pubsub.bridge   : log.pubsub.bridge.child         : MainThread     : INFO    : send alive
2017-05-30 22:45:47,343: log.pubsub.bridge   : log.pubsub.bridge.child         : MainThread     : INFO    : send message: alive
2017-05-30 22:45:47,343: log.pubsub.bridge   : MainProcess                     : MainThread     : INFO    : recv message: alive
2017-05-30 22:45:47,343: log.pubsub.bridge   : MainProcess                     : MainThread     : DEBUG   : start thread
2017-05-30 22:45:47,344: log.pubsub.bridge   : MainProcess                     : log.pubsub.bridge.watch: INFO    : child (me) initializing
2017-05-30 22:45:47,344: log.pubsub.bridge   : MainProcess                     : log.pubsub.bridge.watch: DEBUG   : ru_initialize_common (NOOP)
2017-05-30 22:45:47,344: log.pubsub.bridge   : MainProcess                     : log.pubsub.bridge.watch: DEBUG   : ru_initialize_child (NOOP)
2017-05-30 22:45:47,344: log.pubsub.bridge   : MainProcess                     : log.pubsub.bridge.watch: INFO    : send alive
2017-05-30 22:45:47,344: log.pubsub.bridge   : MainProcess                     : log.pubsub.bridge.watch: INFO    : send message: alive
2017-05-30 22:45:47,345: log.pubsub.bridge   : MainProcess                     : MainThread     : INFO    : recv message: alive
2017-05-30 22:45:47,345: log.pubsub.bridge   : MainProcess                     : MainThread     : DEBUG   : ru_initialize_common (NOOP)
2017-05-30 22:45:47,345: log.pubsub.bridge   : MainProcess                     : MainThread     : DEBUG   : ru_initialize_parent (NOOP)
2017-05-30 22:45:47,345: log.pubsub.bridge   : MainProcess                     : MainThread     : DEBUG   : child thread log.pubsub.bridge.watch started
2017-05-30 22:45:47,345: log.pubsub.bridge   : MainProcess                     : MainThread     : INFO    : child is alive
2017-05-30 22:45:47,345: log.pubsub.bridge   : MainProcess                     : MainThread     : DEBUG   : ru_initialize_common (NOOP)
2017-05-30 22:45:47,345: log.pubsub.bridge   : MainProcess                     : MainThread     : DEBUG   : ru_initialize_parent (NOOP)
2017-05-30 22:45:47,345: log.pubsub.bridge   : MainProcess                     : MainThread     : DEBUG   : child process started
2017-05-30 22:45:49,769: log.pubsub.bridge   : MainProcess                     : MainThread     : INFO    : parent stops child
2017-05-30 22:45:49,769: log.pubsub.bridge   : MainProcess                     : MainThread     : DEBUG   : ru_finalize_parent (NOOP)
2017-05-30 22:45:49,769: log.pubsub.bridge   : MainProcess                     : MainThread     : DEBUG   : ru_finalize_common (NOOP)
2017-05-30 22:45:49,770: log.pubsub.bridge   : MainProcess                     : MainThread     : INFO    : parent stops child
2017-05-30 22:45:49,770: log.pubsub.bridge   : MainProcess                     : MainThread     : DEBUG   : ru_finalize_parent (NOOP)
2017-05-30 22:45:49,770: log.pubsub.bridge   : MainProcess                     : MainThread     : DEBUG   : ru_finalize_common (NOOP)
2017-05-30 22:45:49,850: log.pubsub.bridge   : MainProcess                     : log.pubsub.bridge.watch: INFO    : send message: work finished
2017-05-30 22:45:49,850: log.pubsub.bridge   : MainProcess                     : log.pubsub.bridge.watch: DEBUG   : ru_finalize_child (NOOP)
2017-05-30 22:45:49,851: log.pubsub.bridge   : MainProcess                     : log.pubsub.bridge.watch: DEBUG   : ru_finalize_common (NOOP)
2017-05-30 22:45:49,851: log.pubsub.bridge   : MainProcess                     : log.pubsub.bridge.watch: INFO    : send message: terminating
2017-05-30 22:45:49,985: log.pubsub.bridge   : MainProcess                     : MainThread     : WARNING : failed to stop child - terminate
2017-05-30 22:45:51,227: log.pubsub.bridge   : MainProcess                     : MainThread     : INFO    : radical.pilot        version: split-81-gf853cc9b@feature-bridges
2017-05-30 22:45:51,227: log.pubsub.bridge   : MainProcess                     : MainThread     : INFO    : create log_pubsub - bridge - tcp://*:*
2017-05-30 22:45:51,227: log.pubsub.bridge   : MainProcess                     : MainThread     : DEBUG   : start process
2017-05-30 22:45:51,236: log.pubsub.bridge   : log.pubsub.bridge               : MainThread     : INFO    : child (me) initializing
2017-05-30 22:45:51,237: log.pubsub.bridge   : log.pubsub.bridge               : MainThread     : DEBUG   : start thread
2017-05-30 22:45:51,237: log.pubsub.bridge   : log.pubsub.bridge               : log.pubsub.bridge.child.watch: INFO    : child (me) initializing
2017-05-30 22:45:51,237: log.pubsub.bridge   : log.pubsub.bridge               : log.pubsub.bridge.child.watch: DEBUG   : ru_initialize_common (NOOP)
2017-05-30 22:45:51,237: log.pubsub.bridge   : log.pubsub.bridge               : log.pubsub.bridge.child.watch: DEBUG   : ru_initialize_child (NOOP)
2017-05-30 22:45:51,237: log.pubsub.bridge   : log.pubsub.bridge               : log.pubsub.bridge.child.watch: INFO    : send alive
2017-05-30 22:45:51,237: log.pubsub.bridge   : log.pubsub.bridge               : log.pubsub.bridge.child.watch: INFO    : send message: alive
2017-05-30 22:45:51,238: log.pubsub.bridge   : log.pubsub.bridge               : MainThread     : INFO    : recv message: alive
2017-05-30 22:45:51,239: log.pubsub.bridge   : log.pubsub.bridge               : MainThread     : DEBUG   : ru_initialize_common (NOOP)
2017-05-30 22:45:51,239: log.pubsub.bridge   : log.pubsub.bridge               : MainThread     : DEBUG   : ru_initialize_parent (NOOP)
2017-05-30 22:45:51,239: log.pubsub.bridge   : log.pubsub.bridge               : MainThread     : DEBUG   : child thread log.pubsub.bridge.child.watch started
2017-05-30 22:45:51,239: log.pubsub.bridge   : log.pubsub.bridge               : MainThread     : INFO    : child (me) is alive
2017-05-30 22:45:51,239: log.pubsub.bridge   : log.pubsub.bridge               : MainThread     : DEBUG   : ru_initialize_common (NOOP)
2017-05-30 22:45:51,240: log.pubsub.bridge   : log.pubsub.bridge.child         : MainThread     : INFO    : send alive
2017-05-30 22:45:51,241: log.pubsub.bridge   : log.pubsub.bridge.child         : MainThread     : INFO    : send message: alive
2017-05-30 22:45:51,241: log.pubsub.bridge   : MainProcess                     : MainThread     : INFO    : recv message: alive
2017-05-30 22:45:51,241: log.pubsub.bridge   : MainProcess                     : MainThread     : DEBUG   : start thread
2017-05-30 22:45:51,241: log.pubsub.bridge   : MainProcess                     : log.pubsub.bridge.watch: INFO    : child (me) initializing
2017-05-30 22:45:51,241: log.pubsub.bridge   : MainProcess                     : log.pubsub.bridge.watch: DEBUG   : ru_initialize_common (NOOP)
2017-05-30 22:45:51,241: log.pubsub.bridge   : MainProcess                     : log.pubsub.bridge.watch: DEBUG   : ru_initialize_child (NOOP)
2017-05-30 22:45:51,241: log.pubsub.bridge   : MainProcess                     : log.pubsub.bridge.watch: INFO    : send alive
2017-05-30 22:45:51,242: log.pubsub.bridge   : MainProcess                     : log.pubsub.bridge.watch: INFO    : send message: alive
2017-05-30 22:45:51,242: log.pubsub.bridge   : MainProcess                     : MainThread     : INFO    : recv message: alive
2017-05-30 22:45:51,242: log.pubsub.bridge   : MainProcess                     : MainThread     : DEBUG   : ru_initialize_common (NOOP)
2017-05-30 22:45:51,243: log.pubsub.bridge   : MainProcess                     : MainThread     : DEBUG   : ru_initialize_parent (NOOP)
2017-05-30 22:45:51,243: log.pubsub.bridge   : MainProcess                     : MainThread     : DEBUG   : child thread log.pubsub.bridge.watch started
2017-05-30 22:45:51,243: log.pubsub.bridge   : MainProcess                     : MainThread     : INFO    : child is alive
2017-05-30 22:45:51,243: log.pubsub.bridge   : MainProcess                     : MainThread     : DEBUG   : ru_initialize_common (NOOP)
2017-05-30 22:45:51,243: log.pubsub.bridge   : MainProcess                     : MainThread     : DEBUG   : ru_initialize_parent (NOOP)
2017-05-30 22:45:51,243: log.pubsub.bridge   : MainProcess                     : MainThread     : DEBUG   : child process started
2017-05-30 22:45:53,717: log.pubsub.bridge   : MainProcess                     : MainThread     : INFO    : radical.pilot        version: split-81-gf853cc9b@feature-bridges
2017-05-30 22:45:53,717: log.pubsub.bridge   : MainProcess                     : MainThread     : INFO    : create log_pubsub - bridge - tcp://*:*
2017-05-30 22:45:53,718: log.pubsub.bridge   : MainProcess                     : MainThread     : DEBUG   : start process
2017-05-30 22:45:53,728: log.pubsub.bridge   : log.pubsub.bridge               : MainThread     : INFO    : child (me) initializing
2017-05-30 22:45:53,728: log.pubsub.bridge   : log.pubsub.bridge               : MainThread     : DEBUG   : start thread
2017-05-30 22:45:53,729: log.pubsub.bridge   : log.pubsub.bridge               : log.pubsub.bridge.child.watch: INFO    : child (me) initializing
2017-05-30 22:45:53,729: log.pubsub.bridge   : log.pubsub.bridge               : log.pubsub.bridge.child.watch: DEBUG   : ru_initialize_common (NOOP)
2017-05-30 22:45:53,729: log.pubsub.bridge   : log.pubsub.bridge               : log.pubsub.bridge.child.watch: DEBUG   : ru_initialize_child (NOOP)
2017-05-30 22:45:53,729: log.pubsub.bridge   : log.pubsub.bridge               : log.pubsub.bridge.child.watch: INFO    : send alive
2017-05-30 22:45:53,729: log.pubsub.bridge   : log.pubsub.bridge               : log.pubsub.bridge.child.watch: INFO    : send message: alive
2017-05-30 22:45:53,730: log.pubsub.bridge   : log.pubsub.bridge               : MainThread     : INFO    : recv message: alive
2017-05-30 22:45:53,730: log.pubsub.bridge   : log.pubsub.bridge               : MainThread     : DEBUG   : ru_initialize_common (NOOP)
2017-05-30 22:45:53,730: log.pubsub.bridge   : log.pubsub.bridge               : MainThread     : DEBUG   : ru_initialize_parent (NOOP)
2017-05-30 22:45:53,730: log.pubsub.bridge   : log.pubsub.bridge               : MainThread     : DEBUG   : child thread log.pubsub.bridge.child.watch started
2017-05-30 22:45:53,730: log.pubsub.bridge   : log.pubsub.bridge               : MainThread     : INFO    : child (me) is alive
2017-05-30 22:45:53,730: log.pubsub.bridge   : log.pubsub.bridge               : MainThread     : DEBUG   : ru_initialize_common (NOOP)
2017-05-30 22:45:53,732: log.pubsub.bridge   : log.pubsub.bridge.child         : MainThread     : INFO    : send alive
2017-05-30 22:45:53,732: log.pubsub.bridge   : log.pubsub.bridge.child         : MainThread     : INFO    : send message: alive
2017-05-30 22:45:53,732: log.pubsub.bridge   : MainProcess                     : MainThread     : INFO    : recv message: alive
2017-05-30 22:45:53,733: log.pubsub.bridge   : MainProcess                     : MainThread     : DEBUG   : start thread
2017-05-30 22:45:53,733: log.pubsub.bridge   : MainProcess                     : log.pubsub.bridge.watch: INFO    : child (me) initializing
2017-05-30 22:45:53,733: log.pubsub.bridge   : MainProcess                     : log.pubsub.bridge.watch: DEBUG   : ru_initialize_common (NOOP)
2017-05-30 22:45:53,733: log.pubsub.bridge   : MainProcess                     : log.pubsub.bridge.watch: DEBUG   : ru_initialize_child (NOOP)
2017-05-30 22:45:53,733: log.pubsub.bridge   : MainProcess                     : log.pubsub.bridge.watch: INFO    : send alive
2017-05-30 22:45:53,733: log.pubsub.bridge   : MainProcess                     : log.pubsub.bridge.watch: INFO    : send message: alive
2017-05-30 22:45:53,734: log.pubsub.bridge   : MainProcess                     : MainThread     : INFO    : recv message: alive
2017-05-30 22:45:53,734: log.pubsub.bridge   : MainProcess                     : MainThread     : DEBUG   : ru_initialize_common (NOOP)
2017-05-30 22:45:53,734: log.pubsub.bridge   : MainProcess                     : MainThread     : DEBUG   : ru_initialize_parent (NOOP)
2017-05-30 22:45:53,734: log.pubsub.bridge   : MainProcess                     : MainThread     : DEBUG   : child thread log.pubsub.bridge.watch started
2017-05-30 22:45:53,734: log.pubsub.bridge   : MainProcess                     : MainThread     : INFO    : child is alive
2017-05-30 22:45:53,734: log.pubsub.bridge   : MainProcess                     : MainThread     : DEBUG   : ru_initialize_common (NOOP)
2017-05-30 22:45:53,734: log.pubsub.bridge   : MainProcess                     : MainThread     : DEBUG   : ru_initialize_parent (NOOP)
2017-05-30 22:45:53,734: log.pubsub.bridge   : MainProcess                     : MainThread     : DEBUG   : child process started
2017-05-30 22:45:56,235: log.pubsub.bridge   : log.pubsub.bridge.child         : log.pubsub.bridge.child.watch: WARNING : endpoint disappeard
2017-05-30 22:45:56,235: log.pubsub.bridge   : log.pubsub.bridge.child         : log.pubsub.bridge.child.watch: WARNING : watcher failed
2017-05-30 22:45:56,236: log.pubsub.bridge   : log.pubsub.bridge.child         : log.pubsub.bridge.child.watch: INFO    : send message: work finished
2017-05-30 22:45:56,236: log.pubsub.bridge   : log.pubsub.bridge.child         : log.pubsub.bridge.child.watch: DEBUG   : ru_finalize_child (NOOP)
2017-05-30 22:45:56,236: log.pubsub.bridge   : log.pubsub.bridge.child         : log.pubsub.bridge.child.watch: DEBUG   : ru_finalize_common (NOOP)
2017-05-30 22:45:56,236: log.pubsub.bridge   : log.pubsub.bridge.child         : log.pubsub.bridge.child.watch: INFO    : send message: terminating
2017-05-30 22:45:56,246: log.pubsub.bridge   : log.pubsub.bridge.child         : MainThread     : DEBUG   : ru_finalize_child (NOOP)
2017-05-30 22:45:56,246: log.pubsub.bridge   : log.pubsub.bridge.child         : MainThread     : DEBUG   : ru_finalize_common (NOOP)
2017-05-30 22:45:56,246: log.pubsub.bridge   : log.pubsub.bridge.child         : MainThread     : INFO    : send message: terminating
2017-05-30 22:45:56,249: log.pubsub.bridge   : log.pubsub.bridge.child         : log.pubsub.bridge.child.watch: INFO    : send message: work finished
2017-05-30 22:45:56,249: log.pubsub.bridge   : log.pubsub.bridge.child         : log.pubsub.bridge.child.watch: DEBUG   : ru_finalize_child (NOOP)
2017-05-30 22:45:56,249: log.pubsub.bridge   : log.pubsub.bridge.child         : log.pubsub.bridge.child.watch: DEBUG   : ru_finalize_common (NOOP)
2017-05-30 22:45:56,250: log.pubsub.bridge   : log.pubsub.bridge.child         : log.pubsub.bridge.child.watch: INFO    : send message: terminating
2017-05-30 22:45:56,735: log.pubsub.bridge   : log.pubsub.bridge.child         : MainThread     : DEBUG   : ru_finalize_child (NOOP)
2017-05-30 22:45:56,735: log.pubsub.bridge   : log.pubsub.bridge.child         : MainThread     : DEBUG   : ru_finalize_common (NOOP)
2017-05-30 22:45:56,735: log.pubsub.bridge   : log.pubsub.bridge.child         : MainThread     : INFO    : send message: terminating
2017-05-30 22:45:56,735: log.pubsub.bridge   : log.pubsub.bridge.child         : MainThread     : ERROR   : term msg error not sent: error(9, 'Bad file descriptor')
Traceback (most recent call last):
  File "/home/mingtha/ve/ve.rp_add_res_cfg/local/lib/python2.7/site-packages/radical/utils/process.py", line 578, in _run
    self._ru_msg_send('terminating')
  File "/home/mingtha/ve/ve.rp_add_res_cfg/local/lib/python2.7/site-packages/radical/utils/process.py", line 163, in _ru_msg_send
    self._ru_endpoint.send(msg)
error: [Errno 9] Bad file descriptor
