2017-05-30 22:15:10,767: pmgr.launching.queue.bridge: MainProcess                     : MainThread     : INFO    : python.interpreter   version: 2.7.12 (default, Nov 19 2016, 06:48:10) [GCC 5.4.0 20160609]
2017-05-30 22:15:10,768: pmgr.launching.queue.bridge: MainProcess                     : MainThread     : INFO    :                      pid: 24564
2017-05-30 22:15:10,768: pmgr.launching.queue.bridge: MainProcess                     : MainThread     : INFO    :                      tid: MainThread
2017-05-30 22:15:10,768: pmgr.launching.queue.bridge: MainProcess                     : MainThread     : INFO    : radical.pilot        version: split-81-gf853cc9b@feature-bridges
2017-05-30 22:15:10,769: pmgr.launching.queue.bridge: MainProcess                     : MainThread     : INFO    : create pmgr_launching_queue - bridge - tcp://*:*
2017-05-30 22:15:10,770: pmgr.launching.queue.bridge: MainProcess                     : MainThread     : DEBUG   : start process
2017-05-30 22:15:10,777: pmgr.launching.queue.bridge: pmgr.launching.queue.bridge     : MainThread     : INFO    : child (me) initializing
2017-05-30 22:15:10,778: pmgr.launching.queue.bridge: pmgr.launching.queue.bridge     : MainThread     : DEBUG   : start thread
2017-05-30 22:15:10,778: pmgr.launching.queue.bridge: pmgr.launching.queue.bridge     : pmgr.launching.queue.bridge.child.watch: INFO    : child (me) initializing
2017-05-30 22:15:10,779: pmgr.launching.queue.bridge: pmgr.launching.queue.bridge     : pmgr.launching.queue.bridge.child.watch: DEBUG   : ru_initialize_common (NOOP)
2017-05-30 22:15:10,779: pmgr.launching.queue.bridge: pmgr.launching.queue.bridge     : pmgr.launching.queue.bridge.child.watch: DEBUG   : ru_initialize_child (NOOP)
2017-05-30 22:15:10,779: pmgr.launching.queue.bridge: pmgr.launching.queue.bridge     : pmgr.launching.queue.bridge.child.watch: INFO    : send alive
2017-05-30 22:15:10,779: pmgr.launching.queue.bridge: pmgr.launching.queue.bridge     : pmgr.launching.queue.bridge.child.watch: INFO    : send message: alive
2017-05-30 22:15:10,780: pmgr.launching.queue.bridge: pmgr.launching.queue.bridge     : MainThread     : INFO    : recv message: alive
2017-05-30 22:15:10,780: pmgr.launching.queue.bridge: pmgr.launching.queue.bridge     : MainThread     : DEBUG   : ru_initialize_common (NOOP)
2017-05-30 22:15:10,780: pmgr.launching.queue.bridge: pmgr.launching.queue.bridge     : MainThread     : DEBUG   : ru_initialize_parent (NOOP)
2017-05-30 22:15:10,780: pmgr.launching.queue.bridge: pmgr.launching.queue.bridge     : MainThread     : DEBUG   : child thread pmgr.launching.queue.bridge.child.watch started
2017-05-30 22:15:10,781: pmgr.launching.queue.bridge: pmgr.launching.queue.bridge     : MainThread     : INFO    : child (me) is alive
2017-05-30 22:15:10,781: pmgr.launching.queue.bridge: pmgr.launching.queue.bridge     : MainThread     : DEBUG   : ru_initialize_common (NOOP)
2017-05-30 22:15:10,785: pmgr.launching.queue.bridge: pmgr.launching.queue.bridge.child: MainThread     : INFO    : send alive
2017-05-30 22:15:10,785: pmgr.launching.queue.bridge: pmgr.launching.queue.bridge.child: MainThread     : INFO    : send message: alive
2017-05-30 22:15:10,786: pmgr.launching.queue.bridge: MainProcess                     : MainThread     : INFO    : recv message: alive
2017-05-30 22:15:10,786: pmgr.launching.queue.bridge: MainProcess                     : MainThread     : DEBUG   : start thread
2017-05-30 22:15:10,787: pmgr.launching.queue.bridge: MainProcess                     : pmgr.launching.queue.bridge.watch: INFO    : child (me) initializing
2017-05-30 22:15:10,787: pmgr.launching.queue.bridge: MainProcess                     : pmgr.launching.queue.bridge.watch: DEBUG   : ru_initialize_common (NOOP)
2017-05-30 22:15:10,787: pmgr.launching.queue.bridge: MainProcess                     : pmgr.launching.queue.bridge.watch: DEBUG   : ru_initialize_child (NOOP)
2017-05-30 22:15:10,788: pmgr.launching.queue.bridge: MainProcess                     : pmgr.launching.queue.bridge.watch: INFO    : send alive
2017-05-30 22:15:10,788: pmgr.launching.queue.bridge: MainProcess                     : pmgr.launching.queue.bridge.watch: INFO    : send message: alive
2017-05-30 22:15:10,789: pmgr.launching.queue.bridge: MainProcess                     : MainThread     : INFO    : recv message: alive
2017-05-30 22:15:10,789: pmgr.launching.queue.bridge: MainProcess                     : MainThread     : DEBUG   : ru_initialize_common (NOOP)
2017-05-30 22:15:10,790: pmgr.launching.queue.bridge: MainProcess                     : MainThread     : DEBUG   : ru_initialize_parent (NOOP)
2017-05-30 22:15:10,790: pmgr.launching.queue.bridge: MainProcess                     : MainThread     : DEBUG   : child thread pmgr.launching.queue.bridge.watch started
2017-05-30 22:15:10,790: pmgr.launching.queue.bridge: MainProcess                     : MainThread     : INFO    : child is alive
2017-05-30 22:15:10,790: pmgr.launching.queue.bridge: MainProcess                     : MainThread     : DEBUG   : ru_initialize_common (NOOP)
2017-05-30 22:15:10,790: pmgr.launching.queue.bridge: MainProcess                     : MainThread     : DEBUG   : ru_initialize_parent (NOOP)
2017-05-30 22:15:10,790: pmgr.launching.queue.bridge: MainProcess                     : MainThread     : DEBUG   : child process started
2017-05-30 22:21:55,318: pmgr.launching.queue.bridge: MainProcess                     : MainThread     : INFO    : parent stops child
2017-05-30 22:21:55,319: pmgr.launching.queue.bridge: MainProcess                     : MainThread     : DEBUG   : ru_finalize_parent (NOOP)
2017-05-30 22:21:55,319: pmgr.launching.queue.bridge: MainProcess                     : MainThread     : DEBUG   : ru_finalize_common (NOOP)
2017-05-30 22:21:55,319: pmgr.launching.queue.bridge: MainProcess                     : MainThread     : INFO    : parent stops child
2017-05-30 22:21:55,319: pmgr.launching.queue.bridge: MainProcess                     : MainThread     : DEBUG   : ru_finalize_parent (NOOP)
2017-05-30 22:21:55,319: pmgr.launching.queue.bridge: MainProcess                     : MainThread     : DEBUG   : ru_finalize_common (NOOP)
2017-05-30 22:21:55,324: pmgr.launching.queue.bridge: MainProcess                     : pmgr.launching.queue.bridge.watch: INFO    : send message: work finished
2017-05-30 22:21:55,324: pmgr.launching.queue.bridge: MainProcess                     : pmgr.launching.queue.bridge.watch: DEBUG   : ru_finalize_child (NOOP)
2017-05-30 22:21:55,324: pmgr.launching.queue.bridge: MainProcess                     : pmgr.launching.queue.bridge.watch: DEBUG   : ru_finalize_common (NOOP)
2017-05-30 22:21:55,324: pmgr.launching.queue.bridge: MainProcess                     : pmgr.launching.queue.bridge.watch: INFO    : send message: terminating
2017-05-30 22:21:55,427: pmgr.launching.queue.bridge: MainProcess                     : MainThread     : WARNING : failed to stop child - terminate
2017-05-30 22:21:58,110: pmgr.launching.queue.bridge: MainProcess                     : MainThread     : INFO    : radical.pilot        version: split-81-gf853cc9b@feature-bridges
2017-05-30 22:21:58,110: pmgr.launching.queue.bridge: MainProcess                     : MainThread     : INFO    : create pmgr_launching_queue - bridge - tcp://*:*
2017-05-30 22:21:58,111: pmgr.launching.queue.bridge: MainProcess                     : MainThread     : DEBUG   : start process
2017-05-30 22:21:58,122: pmgr.launching.queue.bridge: pmgr.launching.queue.bridge     : MainThread     : INFO    : child (me) initializing
2017-05-30 22:21:58,123: pmgr.launching.queue.bridge: pmgr.launching.queue.bridge     : MainThread     : DEBUG   : start thread
2017-05-30 22:21:58,124: pmgr.launching.queue.bridge: pmgr.launching.queue.bridge     : pmgr.launching.queue.bridge.child.watch: INFO    : child (me) initializing
2017-05-30 22:21:58,124: pmgr.launching.queue.bridge: pmgr.launching.queue.bridge     : pmgr.launching.queue.bridge.child.watch: DEBUG   : ru_initialize_common (NOOP)
2017-05-30 22:21:58,125: pmgr.launching.queue.bridge: pmgr.launching.queue.bridge     : pmgr.launching.queue.bridge.child.watch: DEBUG   : ru_initialize_child (NOOP)
2017-05-30 22:21:58,125: pmgr.launching.queue.bridge: pmgr.launching.queue.bridge     : pmgr.launching.queue.bridge.child.watch: INFO    : send alive
2017-05-30 22:21:58,125: pmgr.launching.queue.bridge: pmgr.launching.queue.bridge     : pmgr.launching.queue.bridge.child.watch: INFO    : send message: alive
2017-05-30 22:21:58,125: pmgr.launching.queue.bridge: pmgr.launching.queue.bridge     : MainThread     : INFO    : recv message: alive
2017-05-30 22:21:58,126: pmgr.launching.queue.bridge: pmgr.launching.queue.bridge     : MainThread     : DEBUG   : ru_initialize_common (NOOP)
2017-05-30 22:21:58,126: pmgr.launching.queue.bridge: pmgr.launching.queue.bridge     : MainThread     : DEBUG   : ru_initialize_parent (NOOP)
2017-05-30 22:21:58,126: pmgr.launching.queue.bridge: pmgr.launching.queue.bridge     : MainThread     : DEBUG   : child thread pmgr.launching.queue.bridge.child.watch started
2017-05-30 22:21:58,126: pmgr.launching.queue.bridge: pmgr.launching.queue.bridge     : MainThread     : INFO    : child (me) is alive
2017-05-30 22:21:58,126: pmgr.launching.queue.bridge: pmgr.launching.queue.bridge     : MainThread     : DEBUG   : ru_initialize_common (NOOP)
2017-05-30 22:21:58,132: pmgr.launching.queue.bridge: pmgr.launching.queue.bridge.child: MainThread     : INFO    : send alive
2017-05-30 22:21:58,132: pmgr.launching.queue.bridge: pmgr.launching.queue.bridge.child: MainThread     : INFO    : send message: alive
2017-05-30 22:21:58,133: pmgr.launching.queue.bridge: MainProcess                     : MainThread     : INFO    : recv message: alive
2017-05-30 22:21:58,134: pmgr.launching.queue.bridge: MainProcess                     : MainThread     : DEBUG   : start thread
2017-05-30 22:21:58,134: pmgr.launching.queue.bridge: MainProcess                     : pmgr.launching.queue.bridge.watch: INFO    : child (me) initializing
2017-05-30 22:21:58,135: pmgr.launching.queue.bridge: MainProcess                     : pmgr.launching.queue.bridge.watch: DEBUG   : ru_initialize_common (NOOP)
2017-05-30 22:21:58,135: pmgr.launching.queue.bridge: MainProcess                     : pmgr.launching.queue.bridge.watch: DEBUG   : ru_initialize_child (NOOP)
2017-05-30 22:21:58,135: pmgr.launching.queue.bridge: MainProcess                     : pmgr.launching.queue.bridge.watch: INFO    : send alive
2017-05-30 22:21:58,135: pmgr.launching.queue.bridge: MainProcess                     : pmgr.launching.queue.bridge.watch: INFO    : send message: alive
2017-05-30 22:21:58,136: pmgr.launching.queue.bridge: MainProcess                     : MainThread     : INFO    : recv message: alive
2017-05-30 22:21:58,136: pmgr.launching.queue.bridge: MainProcess                     : MainThread     : DEBUG   : ru_initialize_common (NOOP)
2017-05-30 22:21:58,137: pmgr.launching.queue.bridge: MainProcess                     : MainThread     : DEBUG   : ru_initialize_parent (NOOP)
2017-05-30 22:21:58,137: pmgr.launching.queue.bridge: MainProcess                     : MainThread     : DEBUG   : child thread pmgr.launching.queue.bridge.watch started
2017-05-30 22:21:58,137: pmgr.launching.queue.bridge: MainProcess                     : MainThread     : INFO    : child is alive
2017-05-30 22:21:58,137: pmgr.launching.queue.bridge: MainProcess                     : MainThread     : DEBUG   : ru_initialize_common (NOOP)
2017-05-30 22:21:58,137: pmgr.launching.queue.bridge: MainProcess                     : MainThread     : DEBUG   : ru_initialize_parent (NOOP)
2017-05-30 22:21:58,137: pmgr.launching.queue.bridge: MainProcess                     : MainThread     : DEBUG   : child process started
2017-05-30 22:29:47,923: pmgr.launching.queue.bridge: MainProcess                     : MainThread     : INFO    : parent stops child
2017-05-30 22:29:47,923: pmgr.launching.queue.bridge: MainProcess                     : MainThread     : DEBUG   : ru_finalize_parent (NOOP)
2017-05-30 22:29:47,923: pmgr.launching.queue.bridge: MainProcess                     : MainThread     : DEBUG   : ru_finalize_common (NOOP)
2017-05-30 22:29:47,923: pmgr.launching.queue.bridge: MainProcess                     : MainThread     : INFO    : parent stops child
2017-05-30 22:29:47,924: pmgr.launching.queue.bridge: MainProcess                     : MainThread     : DEBUG   : ru_finalize_parent (NOOP)
2017-05-30 22:29:47,924: pmgr.launching.queue.bridge: MainProcess                     : MainThread     : DEBUG   : ru_finalize_common (NOOP)
2017-05-30 22:29:47,998: pmgr.launching.queue.bridge: MainProcess                     : pmgr.launching.queue.bridge.watch: INFO    : send message: work finished
2017-05-30 22:29:47,999: pmgr.launching.queue.bridge: MainProcess                     : pmgr.launching.queue.bridge.watch: DEBUG   : ru_finalize_child (NOOP)
2017-05-30 22:29:47,999: pmgr.launching.queue.bridge: MainProcess                     : pmgr.launching.queue.bridge.watch: DEBUG   : ru_finalize_common (NOOP)
2017-05-30 22:29:47,999: pmgr.launching.queue.bridge: MainProcess                     : pmgr.launching.queue.bridge.watch: INFO    : send message: terminating
2017-05-30 22:29:48,139: pmgr.launching.queue.bridge: MainProcess                     : MainThread     : WARNING : failed to stop child - terminate
2017-05-30 22:29:51,064: pmgr.launching.queue.bridge: MainProcess                     : MainThread     : INFO    : radical.pilot        version: split-81-gf853cc9b@feature-bridges
2017-05-30 22:29:51,065: pmgr.launching.queue.bridge: MainProcess                     : MainThread     : INFO    : create pmgr_launching_queue - bridge - tcp://*:*
2017-05-30 22:29:51,065: pmgr.launching.queue.bridge: MainProcess                     : MainThread     : DEBUG   : start process
2017-05-30 22:29:51,081: pmgr.launching.queue.bridge: pmgr.launching.queue.bridge     : MainThread     : INFO    : child (me) initializing
2017-05-30 22:29:51,082: pmgr.launching.queue.bridge: pmgr.launching.queue.bridge     : MainThread     : DEBUG   : start thread
2017-05-30 22:29:51,082: pmgr.launching.queue.bridge: pmgr.launching.queue.bridge     : pmgr.launching.queue.bridge.child.watch: INFO    : child (me) initializing
2017-05-30 22:29:51,083: pmgr.launching.queue.bridge: pmgr.launching.queue.bridge     : pmgr.launching.queue.bridge.child.watch: DEBUG   : ru_initialize_common (NOOP)
2017-05-30 22:29:51,083: pmgr.launching.queue.bridge: pmgr.launching.queue.bridge     : pmgr.launching.queue.bridge.child.watch: DEBUG   : ru_initialize_child (NOOP)
2017-05-30 22:29:51,083: pmgr.launching.queue.bridge: pmgr.launching.queue.bridge     : pmgr.launching.queue.bridge.child.watch: INFO    : send alive
2017-05-30 22:29:51,084: pmgr.launching.queue.bridge: pmgr.launching.queue.bridge     : pmgr.launching.queue.bridge.child.watch: INFO    : send message: alive
2017-05-30 22:29:51,084: pmgr.launching.queue.bridge: pmgr.launching.queue.bridge     : MainThread     : INFO    : recv message: alive
2017-05-30 22:29:51,085: pmgr.launching.queue.bridge: pmgr.launching.queue.bridge     : MainThread     : DEBUG   : ru_initialize_common (NOOP)
2017-05-30 22:29:51,085: pmgr.launching.queue.bridge: pmgr.launching.queue.bridge     : MainThread     : DEBUG   : ru_initialize_parent (NOOP)
2017-05-30 22:29:51,085: pmgr.launching.queue.bridge: pmgr.launching.queue.bridge     : MainThread     : DEBUG   : child thread pmgr.launching.queue.bridge.child.watch started
2017-05-30 22:29:51,085: pmgr.launching.queue.bridge: pmgr.launching.queue.bridge     : MainThread     : INFO    : child (me) is alive
2017-05-30 22:29:51,085: pmgr.launching.queue.bridge: pmgr.launching.queue.bridge     : MainThread     : DEBUG   : ru_initialize_common (NOOP)
2017-05-30 22:29:51,091: pmgr.launching.queue.bridge: pmgr.launching.queue.bridge.child: MainThread     : INFO    : send alive
2017-05-30 22:29:51,091: pmgr.launching.queue.bridge: pmgr.launching.queue.bridge.child: MainThread     : INFO    : send message: alive
2017-05-30 22:29:51,091: pmgr.launching.queue.bridge: MainProcess                     : MainThread     : INFO    : recv message: alive
2017-05-30 22:29:51,092: pmgr.launching.queue.bridge: MainProcess                     : MainThread     : DEBUG   : start thread
2017-05-30 22:29:51,093: pmgr.launching.queue.bridge: MainProcess                     : pmgr.launching.queue.bridge.watch: INFO    : child (me) initializing
2017-05-30 22:29:51,093: pmgr.launching.queue.bridge: MainProcess                     : pmgr.launching.queue.bridge.watch: DEBUG   : ru_initialize_common (NOOP)
2017-05-30 22:29:51,093: pmgr.launching.queue.bridge: MainProcess                     : pmgr.launching.queue.bridge.watch: DEBUG   : ru_initialize_child (NOOP)
2017-05-30 22:29:51,093: pmgr.launching.queue.bridge: MainProcess                     : pmgr.launching.queue.bridge.watch: INFO    : send alive
2017-05-30 22:29:51,094: pmgr.launching.queue.bridge: MainProcess                     : pmgr.launching.queue.bridge.watch: INFO    : send message: alive
2017-05-30 22:29:51,094: pmgr.launching.queue.bridge: MainProcess                     : MainThread     : INFO    : recv message: alive
2017-05-30 22:29:51,095: pmgr.launching.queue.bridge: MainProcess                     : MainThread     : DEBUG   : ru_initialize_common (NOOP)
2017-05-30 22:29:51,095: pmgr.launching.queue.bridge: MainProcess                     : MainThread     : DEBUG   : ru_initialize_parent (NOOP)
2017-05-30 22:29:51,095: pmgr.launching.queue.bridge: MainProcess                     : MainThread     : DEBUG   : child thread pmgr.launching.queue.bridge.watch started
2017-05-30 22:29:51,095: pmgr.launching.queue.bridge: MainProcess                     : MainThread     : INFO    : child is alive
2017-05-30 22:29:51,095: pmgr.launching.queue.bridge: MainProcess                     : MainThread     : DEBUG   : ru_initialize_common (NOOP)
2017-05-30 22:29:51,095: pmgr.launching.queue.bridge: MainProcess                     : MainThread     : DEBUG   : ru_initialize_parent (NOOP)
2017-05-30 22:29:51,096: pmgr.launching.queue.bridge: MainProcess                     : MainThread     : DEBUG   : child process started
2017-05-30 22:37:33,964: pmgr.launching.queue.bridge: MainProcess                     : MainThread     : INFO    : parent stops child
2017-05-30 22:37:33,964: pmgr.launching.queue.bridge: MainProcess                     : MainThread     : DEBUG   : ru_finalize_parent (NOOP)
2017-05-30 22:37:33,964: pmgr.launching.queue.bridge: MainProcess                     : MainThread     : DEBUG   : ru_finalize_common (NOOP)
2017-05-30 22:37:33,965: pmgr.launching.queue.bridge: MainProcess                     : MainThread     : INFO    : parent stops child
2017-05-30 22:37:33,965: pmgr.launching.queue.bridge: MainProcess                     : MainThread     : DEBUG   : ru_finalize_parent (NOOP)
2017-05-30 22:37:33,965: pmgr.launching.queue.bridge: MainProcess                     : MainThread     : DEBUG   : ru_finalize_common (NOOP)
2017-05-30 22:37:34,032: pmgr.launching.queue.bridge: MainProcess                     : pmgr.launching.queue.bridge.watch: INFO    : send message: work finished
2017-05-30 22:37:34,032: pmgr.launching.queue.bridge: MainProcess                     : pmgr.launching.queue.bridge.watch: DEBUG   : ru_finalize_child (NOOP)
2017-05-30 22:37:34,032: pmgr.launching.queue.bridge: MainProcess                     : pmgr.launching.queue.bridge.watch: DEBUG   : ru_finalize_common (NOOP)
2017-05-30 22:37:34,032: pmgr.launching.queue.bridge: MainProcess                     : pmgr.launching.queue.bridge.watch: INFO    : send message: terminating
2017-05-30 22:37:34,095: pmgr.launching.queue.bridge: pmgr.launching.queue.bridge.child: pmgr.launching.queue.bridge.child.watch: WARNING : endpoint disappeard
2017-05-30 22:37:34,095: pmgr.launching.queue.bridge: pmgr.launching.queue.bridge.child: pmgr.launching.queue.bridge.child.watch: WARNING : watcher failed
2017-05-30 22:37:34,096: pmgr.launching.queue.bridge: pmgr.launching.queue.bridge.child: pmgr.launching.queue.bridge.child.watch: INFO    : send message: work finished
2017-05-30 22:37:34,096: pmgr.launching.queue.bridge: pmgr.launching.queue.bridge.child: pmgr.launching.queue.bridge.child.watch: DEBUG   : ru_finalize_child (NOOP)
2017-05-30 22:37:34,096: pmgr.launching.queue.bridge: pmgr.launching.queue.bridge.child: pmgr.launching.queue.bridge.child.watch: DEBUG   : ru_finalize_common (NOOP)
2017-05-30 22:37:34,096: pmgr.launching.queue.bridge: pmgr.launching.queue.bridge.child: pmgr.launching.queue.bridge.child.watch: INFO    : send message: terminating
2017-05-30 22:37:34,179: pmgr.launching.queue.bridge: MainProcess                     : MainThread     : WARNING : failed to stop child - terminate
2017-05-30 22:37:36,816: pmgr.launching.queue.bridge: MainProcess                     : MainThread     : INFO    : radical.pilot        version: split-81-gf853cc9b@feature-bridges
2017-05-30 22:37:36,816: pmgr.launching.queue.bridge: MainProcess                     : MainThread     : INFO    : create pmgr_launching_queue - bridge - tcp://*:*
2017-05-30 22:37:36,817: pmgr.launching.queue.bridge: MainProcess                     : MainThread     : DEBUG   : start process
2017-05-30 22:37:36,834: pmgr.launching.queue.bridge: pmgr.launching.queue.bridge     : MainThread     : INFO    : child (me) initializing
2017-05-30 22:37:36,835: pmgr.launching.queue.bridge: pmgr.launching.queue.bridge     : MainThread     : DEBUG   : start thread
2017-05-30 22:37:36,836: pmgr.launching.queue.bridge: pmgr.launching.queue.bridge     : pmgr.launching.queue.bridge.child.watch: INFO    : child (me) initializing
2017-05-30 22:37:36,836: pmgr.launching.queue.bridge: pmgr.launching.queue.bridge     : pmgr.launching.queue.bridge.child.watch: DEBUG   : ru_initialize_common (NOOP)
2017-05-30 22:37:36,836: pmgr.launching.queue.bridge: pmgr.launching.queue.bridge     : pmgr.launching.queue.bridge.child.watch: DEBUG   : ru_initialize_child (NOOP)
2017-05-30 22:37:36,837: pmgr.launching.queue.bridge: pmgr.launching.queue.bridge     : pmgr.launching.queue.bridge.child.watch: INFO    : send alive
2017-05-30 22:37:36,837: pmgr.launching.queue.bridge: pmgr.launching.queue.bridge     : pmgr.launching.queue.bridge.child.watch: INFO    : send message: alive
2017-05-30 22:37:36,837: pmgr.launching.queue.bridge: pmgr.launching.queue.bridge     : MainThread     : INFO    : recv message: alive
2017-05-30 22:37:36,838: pmgr.launching.queue.bridge: pmgr.launching.queue.bridge     : MainThread     : DEBUG   : ru_initialize_common (NOOP)
2017-05-30 22:37:36,838: pmgr.launching.queue.bridge: pmgr.launching.queue.bridge     : MainThread     : DEBUG   : ru_initialize_parent (NOOP)
2017-05-30 22:37:36,838: pmgr.launching.queue.bridge: pmgr.launching.queue.bridge     : MainThread     : DEBUG   : child thread pmgr.launching.queue.bridge.child.watch started
2017-05-30 22:37:36,838: pmgr.launching.queue.bridge: pmgr.launching.queue.bridge     : MainThread     : INFO    : child (me) is alive
2017-05-30 22:37:36,838: pmgr.launching.queue.bridge: pmgr.launching.queue.bridge     : MainThread     : DEBUG   : ru_initialize_common (NOOP)
2017-05-30 22:37:36,844: pmgr.launching.queue.bridge: pmgr.launching.queue.bridge.child: MainThread     : INFO    : send alive
2017-05-30 22:37:36,844: pmgr.launching.queue.bridge: pmgr.launching.queue.bridge.child: MainThread     : INFO    : send message: alive
2017-05-30 22:37:36,844: pmgr.launching.queue.bridge: MainProcess                     : MainThread     : INFO    : recv message: alive
2017-05-30 22:37:36,845: pmgr.launching.queue.bridge: MainProcess                     : MainThread     : DEBUG   : start thread
2017-05-30 22:37:36,846: pmgr.launching.queue.bridge: MainProcess                     : pmgr.launching.queue.bridge.watch: INFO    : child (me) initializing
2017-05-30 22:37:36,846: pmgr.launching.queue.bridge: MainProcess                     : pmgr.launching.queue.bridge.watch: DEBUG   : ru_initialize_common (NOOP)
2017-05-30 22:37:36,846: pmgr.launching.queue.bridge: MainProcess                     : pmgr.launching.queue.bridge.watch: DEBUG   : ru_initialize_child (NOOP)
2017-05-30 22:37:36,847: pmgr.launching.queue.bridge: MainProcess                     : pmgr.launching.queue.bridge.watch: INFO    : send alive
2017-05-30 22:37:36,847: pmgr.launching.queue.bridge: MainProcess                     : pmgr.launching.queue.bridge.watch: INFO    : send message: alive
2017-05-30 22:37:36,847: pmgr.launching.queue.bridge: MainProcess                     : MainThread     : INFO    : recv message: alive
2017-05-30 22:37:36,848: pmgr.launching.queue.bridge: MainProcess                     : MainThread     : DEBUG   : ru_initialize_common (NOOP)
2017-05-30 22:37:36,848: pmgr.launching.queue.bridge: MainProcess                     : MainThread     : DEBUG   : ru_initialize_parent (NOOP)
2017-05-30 22:37:36,848: pmgr.launching.queue.bridge: MainProcess                     : MainThread     : DEBUG   : child thread pmgr.launching.queue.bridge.watch started
2017-05-30 22:37:36,848: pmgr.launching.queue.bridge: MainProcess                     : MainThread     : INFO    : child is alive
2017-05-30 22:37:36,848: pmgr.launching.queue.bridge: MainProcess                     : MainThread     : DEBUG   : ru_initialize_common (NOOP)
2017-05-30 22:37:36,848: pmgr.launching.queue.bridge: MainProcess                     : MainThread     : DEBUG   : ru_initialize_parent (NOOP)
2017-05-30 22:37:36,848: pmgr.launching.queue.bridge: MainProcess                     : MainThread     : DEBUG   : child process started
2017-05-30 22:45:25,861: pmgr.launching.queue.bridge: MainProcess                     : MainThread     : INFO    : parent stops child
2017-05-30 22:45:25,862: pmgr.launching.queue.bridge: MainProcess                     : MainThread     : DEBUG   : ru_finalize_parent (NOOP)
2017-05-30 22:45:25,862: pmgr.launching.queue.bridge: MainProcess                     : MainThread     : DEBUG   : ru_finalize_common (NOOP)
2017-05-30 22:45:25,862: pmgr.launching.queue.bridge: MainProcess                     : MainThread     : INFO    : parent stops child
2017-05-30 22:45:25,862: pmgr.launching.queue.bridge: MainProcess                     : MainThread     : DEBUG   : ru_finalize_parent (NOOP)
2017-05-30 22:45:25,862: pmgr.launching.queue.bridge: MainProcess                     : MainThread     : DEBUG   : ru_finalize_common (NOOP)
2017-05-30 22:45:25,897: pmgr.launching.queue.bridge: MainProcess                     : pmgr.launching.queue.bridge.watch: INFO    : send message: work finished
2017-05-30 22:45:25,897: pmgr.launching.queue.bridge: MainProcess                     : pmgr.launching.queue.bridge.watch: DEBUG   : ru_finalize_child (NOOP)
2017-05-30 22:45:25,898: pmgr.launching.queue.bridge: MainProcess                     : pmgr.launching.queue.bridge.watch: DEBUG   : ru_finalize_common (NOOP)
2017-05-30 22:45:25,898: pmgr.launching.queue.bridge: MainProcess                     : pmgr.launching.queue.bridge.watch: INFO    : send message: terminating
2017-05-30 22:45:26,026: pmgr.launching.queue.bridge: MainProcess                     : MainThread     : WARNING : failed to stop child - terminate
2017-05-30 22:45:29,472: pmgr.launching.queue.bridge: MainProcess                     : MainThread     : INFO    : radical.pilot        version: split-81-gf853cc9b@feature-bridges
2017-05-30 22:45:29,473: pmgr.launching.queue.bridge: MainProcess                     : MainThread     : INFO    : create pmgr_launching_queue - bridge - tcp://*:*
2017-05-30 22:45:29,473: pmgr.launching.queue.bridge: MainProcess                     : MainThread     : DEBUG   : start process
2017-05-30 22:45:29,494: pmgr.launching.queue.bridge: pmgr.launching.queue.bridge     : MainThread     : INFO    : child (me) initializing
2017-05-30 22:45:29,495: pmgr.launching.queue.bridge: pmgr.launching.queue.bridge     : MainThread     : DEBUG   : start thread
2017-05-30 22:45:29,496: pmgr.launching.queue.bridge: pmgr.launching.queue.bridge     : pmgr.launching.queue.bridge.child.watch: INFO    : child (me) initializing
2017-05-30 22:45:29,496: pmgr.launching.queue.bridge: pmgr.launching.queue.bridge     : pmgr.launching.queue.bridge.child.watch: DEBUG   : ru_initialize_common (NOOP)
2017-05-30 22:45:29,496: pmgr.launching.queue.bridge: pmgr.launching.queue.bridge     : pmgr.launching.queue.bridge.child.watch: DEBUG   : ru_initialize_child (NOOP)
2017-05-30 22:45:29,497: pmgr.launching.queue.bridge: pmgr.launching.queue.bridge     : pmgr.launching.queue.bridge.child.watch: INFO    : send alive
2017-05-30 22:45:29,497: pmgr.launching.queue.bridge: pmgr.launching.queue.bridge     : pmgr.launching.queue.bridge.child.watch: INFO    : send message: alive
2017-05-30 22:45:29,497: pmgr.launching.queue.bridge: pmgr.launching.queue.bridge     : MainThread     : INFO    : recv message: alive
2017-05-30 22:45:29,497: pmgr.launching.queue.bridge: pmgr.launching.queue.bridge     : MainThread     : DEBUG   : ru_initialize_common (NOOP)
2017-05-30 22:45:29,498: pmgr.launching.queue.bridge: pmgr.launching.queue.bridge     : MainThread     : DEBUG   : ru_initialize_parent (NOOP)
2017-05-30 22:45:29,498: pmgr.launching.queue.bridge: pmgr.launching.queue.bridge     : MainThread     : DEBUG   : child thread pmgr.launching.queue.bridge.child.watch started
2017-05-30 22:45:29,498: pmgr.launching.queue.bridge: pmgr.launching.queue.bridge     : MainThread     : INFO    : child (me) is alive
2017-05-30 22:45:29,498: pmgr.launching.queue.bridge: pmgr.launching.queue.bridge     : MainThread     : DEBUG   : ru_initialize_common (NOOP)
2017-05-30 22:45:29,503: pmgr.launching.queue.bridge: pmgr.launching.queue.bridge.child: MainThread     : INFO    : send alive
2017-05-30 22:45:29,503: pmgr.launching.queue.bridge: pmgr.launching.queue.bridge.child: MainThread     : INFO    : send message: alive
2017-05-30 22:45:29,504: pmgr.launching.queue.bridge: MainProcess                     : MainThread     : INFO    : recv message: alive
2017-05-30 22:45:29,505: pmgr.launching.queue.bridge: MainProcess                     : MainThread     : DEBUG   : start thread
2017-05-30 22:45:29,505: pmgr.launching.queue.bridge: MainProcess                     : pmgr.launching.queue.bridge.watch: INFO    : child (me) initializing
2017-05-30 22:45:29,506: pmgr.launching.queue.bridge: MainProcess                     : pmgr.launching.queue.bridge.watch: DEBUG   : ru_initialize_common (NOOP)
2017-05-30 22:45:29,506: pmgr.launching.queue.bridge: MainProcess                     : pmgr.launching.queue.bridge.watch: DEBUG   : ru_initialize_child (NOOP)
2017-05-30 22:45:29,506: pmgr.launching.queue.bridge: MainProcess                     : pmgr.launching.queue.bridge.watch: INFO    : send alive
2017-05-30 22:45:29,506: pmgr.launching.queue.bridge: MainProcess                     : pmgr.launching.queue.bridge.watch: INFO    : send message: alive
2017-05-30 22:45:29,507: pmgr.launching.queue.bridge: MainProcess                     : MainThread     : INFO    : recv message: alive
2017-05-30 22:45:29,507: pmgr.launching.queue.bridge: MainProcess                     : MainThread     : DEBUG   : ru_initialize_common (NOOP)
2017-05-30 22:45:29,507: pmgr.launching.queue.bridge: MainProcess                     : MainThread     : DEBUG   : ru_initialize_parent (NOOP)
2017-05-30 22:45:29,507: pmgr.launching.queue.bridge: MainProcess                     : MainThread     : DEBUG   : child thread pmgr.launching.queue.bridge.watch started
2017-05-30 22:45:29,507: pmgr.launching.queue.bridge: MainProcess                     : MainThread     : INFO    : child is alive
2017-05-30 22:45:29,508: pmgr.launching.queue.bridge: MainProcess                     : MainThread     : DEBUG   : ru_initialize_common (NOOP)
2017-05-30 22:45:29,508: pmgr.launching.queue.bridge: MainProcess                     : MainThread     : DEBUG   : ru_initialize_parent (NOOP)
2017-05-30 22:45:29,508: pmgr.launching.queue.bridge: MainProcess                     : MainThread     : DEBUG   : child process started
2017-05-30 22:45:45,194: pmgr.launching.queue.bridge: MainProcess                     : MainThread     : INFO    : parent stops child
2017-05-30 22:45:45,194: pmgr.launching.queue.bridge: MainProcess                     : MainThread     : DEBUG   : ru_finalize_parent (NOOP)
2017-05-30 22:45:45,194: pmgr.launching.queue.bridge: MainProcess                     : MainThread     : DEBUG   : ru_finalize_common (NOOP)
2017-05-30 22:45:45,195: pmgr.launching.queue.bridge: MainProcess                     : MainThread     : INFO    : parent stops child
2017-05-30 22:45:45,195: pmgr.launching.queue.bridge: MainProcess                     : MainThread     : DEBUG   : ru_finalize_parent (NOOP)
2017-05-30 22:45:45,195: pmgr.launching.queue.bridge: MainProcess                     : MainThread     : DEBUG   : ru_finalize_common (NOOP)
2017-05-30 22:45:45,243: pmgr.launching.queue.bridge: MainProcess                     : pmgr.launching.queue.bridge.watch: INFO    : send message: work finished
2017-05-30 22:45:45,243: pmgr.launching.queue.bridge: MainProcess                     : pmgr.launching.queue.bridge.watch: DEBUG   : ru_finalize_child (NOOP)
2017-05-30 22:45:45,243: pmgr.launching.queue.bridge: MainProcess                     : pmgr.launching.queue.bridge.watch: DEBUG   : ru_finalize_common (NOOP)
2017-05-30 22:45:45,243: pmgr.launching.queue.bridge: MainProcess                     : pmgr.launching.queue.bridge.watch: INFO    : send message: terminating
2017-05-30 22:45:45,359: pmgr.launching.queue.bridge: MainProcess                     : MainThread     : WARNING : failed to stop child - terminate
2017-05-30 22:45:47,936: pmgr.launching.queue.bridge: MainProcess                     : MainThread     : INFO    : radical.pilot        version: split-81-gf853cc9b@feature-bridges
2017-05-30 22:45:47,936: pmgr.launching.queue.bridge: MainProcess                     : MainThread     : INFO    : create pmgr_launching_queue - bridge - tcp://*:*
2017-05-30 22:45:47,937: pmgr.launching.queue.bridge: MainProcess                     : MainThread     : DEBUG   : start process
2017-05-30 22:45:47,960: pmgr.launching.queue.bridge: pmgr.launching.queue.bridge     : MainThread     : INFO    : child (me) initializing
2017-05-30 22:45:47,961: pmgr.launching.queue.bridge: pmgr.launching.queue.bridge     : MainThread     : DEBUG   : start thread
2017-05-30 22:45:47,962: pmgr.launching.queue.bridge: pmgr.launching.queue.bridge     : pmgr.launching.queue.bridge.child.watch: INFO    : child (me) initializing
2017-05-30 22:45:47,962: pmgr.launching.queue.bridge: pmgr.launching.queue.bridge     : pmgr.launching.queue.bridge.child.watch: DEBUG   : ru_initialize_common (NOOP)
2017-05-30 22:45:47,962: pmgr.launching.queue.bridge: pmgr.launching.queue.bridge     : pmgr.launching.queue.bridge.child.watch: DEBUG   : ru_initialize_child (NOOP)
2017-05-30 22:45:47,963: pmgr.launching.queue.bridge: pmgr.launching.queue.bridge     : pmgr.launching.queue.bridge.child.watch: INFO    : send alive
2017-05-30 22:45:47,963: pmgr.launching.queue.bridge: pmgr.launching.queue.bridge     : pmgr.launching.queue.bridge.child.watch: INFO    : send message: alive
2017-05-30 22:45:47,963: pmgr.launching.queue.bridge: pmgr.launching.queue.bridge     : MainThread     : INFO    : recv message: alive
2017-05-30 22:45:47,963: pmgr.launching.queue.bridge: pmgr.launching.queue.bridge     : MainThread     : DEBUG   : ru_initialize_common (NOOP)
2017-05-30 22:45:47,963: pmgr.launching.queue.bridge: pmgr.launching.queue.bridge     : MainThread     : DEBUG   : ru_initialize_parent (NOOP)
2017-05-30 22:45:47,963: pmgr.launching.queue.bridge: pmgr.launching.queue.bridge     : MainThread     : DEBUG   : child thread pmgr.launching.queue.bridge.child.watch started
2017-05-30 22:45:47,964: pmgr.launching.queue.bridge: pmgr.launching.queue.bridge     : MainThread     : INFO    : child (me) is alive
2017-05-30 22:45:47,964: pmgr.launching.queue.bridge: pmgr.launching.queue.bridge     : MainThread     : DEBUG   : ru_initialize_common (NOOP)
2017-05-30 22:45:47,967: pmgr.launching.queue.bridge: pmgr.launching.queue.bridge.child: MainThread     : INFO    : send alive
2017-05-30 22:45:47,967: pmgr.launching.queue.bridge: pmgr.launching.queue.bridge.child: MainThread     : INFO    : send message: alive
2017-05-30 22:45:47,967: pmgr.launching.queue.bridge: MainProcess                     : MainThread     : INFO    : recv message: alive
2017-05-30 22:45:47,968: pmgr.launching.queue.bridge: MainProcess                     : MainThread     : DEBUG   : start thread
2017-05-30 22:45:47,968: pmgr.launching.queue.bridge: MainProcess                     : pmgr.launching.queue.bridge.watch: INFO    : child (me) initializing
2017-05-30 22:45:47,968: pmgr.launching.queue.bridge: MainProcess                     : pmgr.launching.queue.bridge.watch: DEBUG   : ru_initialize_common (NOOP)
2017-05-30 22:45:47,969: pmgr.launching.queue.bridge: MainProcess                     : pmgr.launching.queue.bridge.watch: DEBUG   : ru_initialize_child (NOOP)
2017-05-30 22:45:47,969: pmgr.launching.queue.bridge: MainProcess                     : pmgr.launching.queue.bridge.watch: INFO    : send alive
2017-05-30 22:45:47,969: pmgr.launching.queue.bridge: MainProcess                     : pmgr.launching.queue.bridge.watch: INFO    : send message: alive
2017-05-30 22:45:47,970: pmgr.launching.queue.bridge: MainProcess                     : MainThread     : INFO    : recv message: alive
2017-05-30 22:45:47,970: pmgr.launching.queue.bridge: MainProcess                     : MainThread     : DEBUG   : ru_initialize_common (NOOP)
2017-05-30 22:45:47,970: pmgr.launching.queue.bridge: MainProcess                     : MainThread     : DEBUG   : ru_initialize_parent (NOOP)
2017-05-30 22:45:47,970: pmgr.launching.queue.bridge: MainProcess                     : MainThread     : DEBUG   : child thread pmgr.launching.queue.bridge.watch started
2017-05-30 22:45:47,970: pmgr.launching.queue.bridge: MainProcess                     : MainThread     : INFO    : child is alive
2017-05-30 22:45:47,970: pmgr.launching.queue.bridge: MainProcess                     : MainThread     : DEBUG   : ru_initialize_common (NOOP)
2017-05-30 22:45:47,970: pmgr.launching.queue.bridge: MainProcess                     : MainThread     : DEBUG   : ru_initialize_parent (NOOP)
2017-05-30 22:45:47,970: pmgr.launching.queue.bridge: MainProcess                     : MainThread     : DEBUG   : child process started
2017-05-30 22:45:48,009: pmgr.launching.queue.bridge: MainProcess                     : MainThread     : INFO    : parent stops child
2017-05-30 22:45:48,009: pmgr.launching.queue.bridge: MainProcess                     : MainThread     : DEBUG   : ru_finalize_parent (NOOP)
2017-05-30 22:45:48,009: pmgr.launching.queue.bridge: MainProcess                     : MainThread     : DEBUG   : ru_finalize_common (NOOP)
2017-05-30 22:45:48,009: pmgr.launching.queue.bridge: MainProcess                     : MainThread     : INFO    : parent stops child
2017-05-30 22:45:48,009: pmgr.launching.queue.bridge: MainProcess                     : MainThread     : DEBUG   : ru_finalize_parent (NOOP)
2017-05-30 22:45:48,009: pmgr.launching.queue.bridge: MainProcess                     : MainThread     : DEBUG   : ru_finalize_common (NOOP)
2017-05-30 22:45:48,069: pmgr.launching.queue.bridge: MainProcess                     : pmgr.launching.queue.bridge.watch: INFO    : send message: work finished
2017-05-30 22:45:48,070: pmgr.launching.queue.bridge: MainProcess                     : pmgr.launching.queue.bridge.watch: DEBUG   : ru_finalize_child (NOOP)
2017-05-30 22:45:48,070: pmgr.launching.queue.bridge: MainProcess                     : pmgr.launching.queue.bridge.watch: DEBUG   : ru_finalize_common (NOOP)
2017-05-30 22:45:48,070: pmgr.launching.queue.bridge: MainProcess                     : pmgr.launching.queue.bridge.watch: INFO    : send message: terminating
2017-05-30 22:45:48,173: pmgr.launching.queue.bridge: MainProcess                     : MainThread     : WARNING : failed to stop child - terminate
