2017-05-30 22:15:10,759: pmgr.0000           : MainProcess                     : MainThread     : INFO    : python.interpreter   version: 2.7.12 (default, Nov 19 2016, 06:48:10) [GCC 5.4.0 20160609]
2017-05-30 22:15:10,759: pmgr.0000           : MainProcess                     : MainThread     : INFO    :                      pid: 24564
2017-05-30 22:15:10,760: pmgr.0000           : MainProcess                     : MainThread     : INFO    :                      tid: MainThread
2017-05-30 22:15:10,760: pmgr.0000           : MainProcess                     : MainThread     : INFO    : radical.pilot        version: split-81-gf853cc9b@feature-bridges
2017-05-30 22:15:10,760: pmgr.0000           : MainProcess                     : MainThread     : DEBUG   : start process
2017-05-30 22:15:10,760: pmgr.0000           : MainProcess                     : MainThread     : INFO    : radical.pilot        version: split-81-gf853cc9b@feature-bridges
2017-05-30 22:15:10,764: pmgr.0000           : MainProcess                     : MainThread     : INFO    : initialize pmgr.0000
2017-05-30 22:15:10,765: pmgr.0000           : MainProcess                     : MainThread     : INFO    : cfg: {u'bridges': {u'pmgr_launching_queue': {u'bulk_size': 0,
                                        u'log_level': u'debug',
                                        u'stall_hwm': 1}},
 u'components': {u'PMGRLaunchingComponent': {u'count': 1}},
 u'db_poll_sleeptime': 1.0,
 'owner': 'pmgr.0000'}
2017-05-30 22:15:10,766: pmgr.0000           : MainProcess                     : MainThread     : DEBUG   : start bridges   : {u'pmgr_launching_queue': {u'bulk_size': 0,
                           u'log_level': u'debug',
                           u'stall_hwm': 1}}
2017-05-30 22:15:10,766: pmgr.0000           : MainProcess                     : MainThread     : INFO    : create bridge pmgr_launching_queue
2017-05-30 22:15:10,791: pmgr.0000           : MainProcess                     : MainThread     : INFO    : created bridge pmgr_launching_queue (pmgr.launching.queue.bridge)
2017-05-30 22:15:10,792: pmgr.0000           : MainProcess                     : MainThread     : DEBUG   : start components: {u'PMGRLaunchingComponent': {u'count': 1}}
2017-05-30 22:15:10,792: pmgr.0000           : MainProcess                     : MainThread     : DEBUG   : start 1 component(s) PMGRLaunchingComponent
2017-05-30 22:15:10,884: pmgr.0000           : MainProcess                     : MainThread     : INFO    : pmgr.0000                      starts pmgr.launching.0
2017-05-30 22:15:10,884: pmgr.0000           : MainProcess                     : MainThread     : DEBUG   : START: pmgr.0000 register publisher log_pubsub
2017-05-30 22:15:10,884: pmgr.0000           : MainProcess                     : MainThread     : DEBUG   : using addr tcp://138.201.86.166:43314 for pubsub log_pubsub
2017-05-30 22:15:10,885: pmgr.0000           : MainProcess                     : MainThread     : DEBUG   : registered publisher : log_pubsub : log.pubsub.pub
2017-05-30 22:15:10,886: pmgr.0000           : MainProcess                     : MainThread     : DEBUG   : START: pmgr.0000 register publisher state_pubsub
2017-05-30 22:15:10,886: pmgr.0000           : MainProcess                     : MainThread     : DEBUG   : using addr tcp://138.201.86.166:42040 for pubsub state_pubsub
2017-05-30 22:15:10,887: pmgr.0000           : MainProcess                     : MainThread     : DEBUG   : registered publisher : state_pubsub : state.pubsub.pub
2017-05-30 22:15:10,888: pmgr.0000           : MainProcess                     : MainThread     : DEBUG   : START: pmgr.0000 register publisher control_pubsub
2017-05-30 22:15:10,888: pmgr.0000           : MainProcess                     : MainThread     : DEBUG   : using addr tcp://138.201.86.166:34047 for pubsub control_pubsub
2017-05-30 22:15:10,889: pmgr.0000           : MainProcess                     : MainThread     : DEBUG   : registered publisher : control_pubsub : control.pubsub.pub
2017-05-30 22:15:10,889: pmgr.0000           : MainProcess                     : MainThread     : DEBUG   : child process started
2017-05-30 22:15:10,890: pmgr.0000           : MainProcess                     : MainThread     : DEBUG   : START: pmgr.0000 register output PMGR_LAUNCHING_PENDING
2017-05-30 22:15:10,890: pmgr.0000           : MainProcess                     : MainThread     : DEBUG   : using addr tcp://138.201.86.166:37331 for output pmgr_launching_queue
2017-05-30 22:15:10,893: pmgr.0000           : MainProcess                     : MainThread     : DEBUG   : registered output    : PMGR_LAUNCHING_PENDING : pmgr_launching_queue : pmgr.launching.queue.input
2017-05-30 22:15:10,893: pmgr.0000           : MainProcess                     : MainThread     : DEBUG   : START: pmgr.0000 register idler pmgr.0000.idler._state_pull_cb
2017-05-30 22:15:10,894: pmgr.0000           : MainProcess                     : MainThread     : DEBUG   : start thread
2017-05-30 22:15:10,894: pmgr.0000           : MainProcess                     : pmgr.0000.idler._state_pull_cb: INFO    : child (me) initializing
2017-05-30 22:15:10,894: pmgr.0000           : MainProcess                     : pmgr.0000.idler._state_pull_cb: DEBUG   : ru_initialize_common (NOOP)
2017-05-30 22:15:10,895: pmgr.0000           : MainProcess                     : pmgr.0000.idler._state_pull_cb: DEBUG   : ru_initialize_child (NOOP)
2017-05-30 22:15:10,895: pmgr.0000           : MainProcess                     : pmgr.0000.idler._state_pull_cb: INFO    : send alive
2017-05-30 22:15:10,895: pmgr.0000           : MainProcess                     : pmgr.0000.idler._state_pull_cb: INFO    : send message: alive
2017-05-30 22:15:10,896: pmgr.0000           : MainProcess                     : MainThread     : INFO    : recv message: alive
2017-05-30 22:15:10,896: pmgr.0000           : MainProcess                     : MainThread     : DEBUG   : ru_initialize_common (NOOP)
2017-05-30 22:15:10,896: pmgr.0000           : MainProcess                     : MainThread     : DEBUG   : ru_initialize_parent (NOOP)
2017-05-30 22:15:10,897: pmgr.0000           : MainProcess                     : MainThread     : DEBUG   : child thread pmgr.0000.idler._state_pull_cb started
2017-05-30 22:15:10,897: pmgr.0000           : MainProcess                     : MainThread     : DEBUG   : pmgr.0000 registered idler pmgr.0000.idler._state_pull_cb
2017-05-30 22:15:10,897: pmgr.0000           : MainProcess                     : MainThread     : DEBUG   : START: pmgr.0000 register subscriber pmgr.0000.subscriber._state_sub_cb
2017-05-30 22:15:10,897: pmgr.0000           : MainProcess                     : MainThread     : DEBUG   : using addr tcp://138.201.86.166:40251 for pubsub state_pubsub
2017-05-30 22:15:10,900: pmgr.0000           : MainProcess                     : MainThread     : DEBUG   : start thread
2017-05-30 22:15:10,900: pmgr.0000           : MainProcess                     : pmgr.0000.subscriber._state_sub_cb: INFO    : child (me) initializing
2017-05-30 22:15:10,901: pmgr.0000           : MainProcess                     : pmgr.0000.subscriber._state_sub_cb: DEBUG   : ru_initialize_common (NOOP)
2017-05-30 22:15:10,901: pmgr.0000           : MainProcess                     : pmgr.0000.subscriber._state_sub_cb: DEBUG   : ru_initialize_child (NOOP)
2017-05-30 22:15:10,901: pmgr.0000           : MainProcess                     : pmgr.0000.subscriber._state_sub_cb: INFO    : send alive
2017-05-30 22:15:10,901: pmgr.0000           : MainProcess                     : pmgr.0000.subscriber._state_sub_cb: INFO    : send message: alive
2017-05-30 22:15:10,902: pmgr.0000           : MainProcess                     : MainThread     : INFO    : recv message: alive
2017-05-30 22:15:10,902: pmgr.0000           : MainProcess                     : MainThread     : DEBUG   : ru_initialize_common (NOOP)
2017-05-30 22:15:10,902: pmgr.0000           : MainProcess                     : MainThread     : DEBUG   : ru_initialize_parent (NOOP)
2017-05-30 22:15:10,902: pmgr.0000           : MainProcess                     : MainThread     : DEBUG   : child thread pmgr.0000.subscriber._state_sub_cb started
2017-05-30 22:15:10,903: pmgr.0000           : MainProcess                     : MainThread     : DEBUG   : pmgr.0000 registered state_pubsub subscriber pmgr.0000.subscriber._state_sub_cb
2017-05-30 22:15:11,409: pmgr.0000           : MainProcess                     : MainThread     : DEBUG   : PMGR setup done (      NoneNone) : None
2017-05-30 22:15:15,778: pmgr.0000           : MainProcess                     : MainThread     : DEBUG   : advance bulk size: 1 [False, False]
2017-05-30 22:15:15,778: pmgr.0000           : MainProcess                     : MainThread     : DEBUG   : advance bulk: pilot.0000 [1]
2017-05-30 22:15:15,878: pmgr.0000           : MainProcess                     : MainThread     : INFO    : [Callback]: pilot pilot.0000 state: PMGR_LAUNCHING_PENDING.
2017-05-30 22:15:15,879: pmgr.0000           : MainProcess                     : MainThread     : DEBUG   : advance bulk size: 1 [True, True]
2017-05-30 22:15:15,879: pmgr.0000           : MainProcess                     : MainThread     : DEBUG   : advance bulk: pilot.0000 [1]
2017-05-30 22:15:15,880: pmgr.0000           : MainProcess                     : MainThread     : DEBUG   : bucket: PMGR_LAUNCHING_PENDING : ['pilot.0000']
2017-05-30 22:15:15,880: pmgr.0000           : MainProcess                     : MainThread     : DEBUG   : put bulk PMGR_LAUNCHING_PENDING: 1
2017-05-30 22:15:15,880: pmgr.0000           : MainProcess                     : MainThread     : DEBUG   : push pilot.0000 ---> PMGR_LAUNCHING_PENDING
2017-05-30 22:15:15,882: pmgr.0000           : MainProcess                     : pmgr.0000.subscriber._state_sub_cb: INFO    : [Callback]: pilot pilot.0000 state: PMGR_LAUNCHING.
2017-05-30 22:15:15,883: pmgr.0000           : MainProcess                     : pmgr.0000.subscriber._state_sub_cb: DEBUG   : advance bulk size: 1 [False, False]
2017-05-30 22:15:15,883: pmgr.0000           : MainProcess                     : pmgr.0000.subscriber._state_sub_cb: DEBUG   : advance bulk: pilot.0000 [1]
2017-05-30 22:15:31,538: pmgr.0000           : MainProcess                     : pmgr.0000.subscriber._state_sub_cb: INFO    : [Callback]: pilot pilot.0000 state: PMGR_ACTIVE_PENDING.
2017-05-30 22:15:31,539: pmgr.0000           : MainProcess                     : pmgr.0000.subscriber._state_sub_cb: DEBUG   : advance bulk size: 1 [False, False]
2017-05-30 22:15:31,539: pmgr.0000           : MainProcess                     : pmgr.0000.subscriber._state_sub_cb: DEBUG   : advance bulk: pilot.0000 [1]
2017-05-30 22:17:03,296: pmgr.0000           : MainProcess                     : pmgr.0000.idler._state_pull_cb: INFO    : [Callback]: pilot pilot.0000 state: PMGR_ACTIVE.
2017-05-30 22:17:03,296: pmgr.0000           : MainProcess                     : pmgr.0000.idler._state_pull_cb: DEBUG   : advance bulk size: 1 [False, True]
2017-05-30 22:17:03,297: pmgr.0000           : MainProcess                     : pmgr.0000.idler._state_pull_cb: DEBUG   : advance bulk: pilot.0000 [1]
2017-05-30 22:17:03,297: pmgr.0000           : MainProcess                     : pmgr.0000.idler._state_pull_cb: INFO    : pilot pilot.0000 is PMGR_ACTIVE: None [None]
2017-05-30 22:21:55,092: pmgr.0000           : MainProcess                     : pmgr.0000.idler._state_pull_cb: INFO    : [Callback]: pilot pilot.0000 state: CANCELED.
2017-05-30 22:21:55,092: pmgr.0000           : MainProcess                     : pmgr.0000.idler._state_pull_cb: DEBUG   : advance bulk size: 1 [False, True]
2017-05-30 22:21:55,092: pmgr.0000           : MainProcess                     : pmgr.0000.idler._state_pull_cb: DEBUG   : advance bulk: pilot.0000 [1]
2017-05-30 22:21:55,142: pmgr.0000           : MainProcess                     : MainThread     : DEBUG   : stop pmgr.0000 (24564 : None : MainThread) [radical.pilot.pilot_manager.PilotManager.close]
2017-05-30 22:21:55,142: pmgr.0000           : MainProcess                     : MainThread     : INFO    : parent stops child
2017-05-30 22:21:55,431: pmgr.0000           : MainProcess                     : MainThread     : DEBUG   : ru_finalize_common()
2017-05-30 22:21:55,431: pmgr.0000           : MainProcess                     : MainThread     : DEBUG   : TERM : pmgr.0000 unregister publisher state_pubsub
2017-05-30 22:21:55,433: pmgr.0000           : MainProcess                     : MainThread     : DEBUG   : unregistered publisher state_pubsub
2017-05-30 22:21:55,433: pmgr.0000           : MainProcess                     : MainThread     : DEBUG   : TERM : pmgr.0000 unregister publisher control_pubsub
2017-05-30 22:21:55,434: pmgr.0000           : MainProcess                     : MainThread     : DEBUG   : unregistered publisher control_pubsub
2017-05-30 22:21:55,434: pmgr.0000           : MainProcess                     : MainThread     : DEBUG   : pmgr.0000 close prof
2017-05-30 22:21:55,435: pmgr.0000           : MainProcess                     : MainThread     : INFO    : parent stops child
2017-05-30 22:21:55,435: pmgr.0000           : MainProcess                     : MainThread     : DEBUG   : ru_finalize_parent (NOOP)
2017-05-30 22:21:55,435: pmgr.0000           : MainProcess                     : MainThread     : DEBUG   : ru_finalize_common (NOOP)
2017-05-30 22:21:55,595: pmgr.0000           : MainProcess                     : pmgr.0000.subscriber._state_sub_cb: DEBUG   : ru_finalize_child (NOOP)
2017-05-30 22:21:55,595: pmgr.0000           : MainProcess                     : pmgr.0000.subscriber._state_sub_cb: DEBUG   : ru_finalize_common (NOOP)
2017-05-30 22:21:55,595: pmgr.0000           : MainProcess                     : pmgr.0000.subscriber._state_sub_cb: INFO    : send message: terminating
2017-05-30 22:21:55,599: pmgr.0000           : MainProcess                     : MainThread     : INFO    : parent stops child
2017-05-30 22:21:55,599: pmgr.0000           : MainProcess                     : MainThread     : DEBUG   : ru_finalize_parent (NOOP)
2017-05-30 22:21:55,600: pmgr.0000           : MainProcess                     : MainThread     : DEBUG   : ru_finalize_common (NOOP)
2017-05-30 22:21:55,695: pmgr.0000           : MainProcess                     : pmgr.0000.idler._state_pull_cb: DEBUG   : ru_finalize_child (NOOP)
2017-05-30 22:21:55,695: pmgr.0000           : MainProcess                     : pmgr.0000.idler._state_pull_cb: DEBUG   : ru_finalize_common (NOOP)
2017-05-30 22:21:55,695: pmgr.0000           : MainProcess                     : pmgr.0000.idler._state_pull_cb: INFO    : send message: terminating
2017-05-30 22:21:55,714: pmgr.0000           : MainProcess                     : MainThread     : INFO    : Closed PilotManager pmgr.0000.
2017-05-30 22:21:58,089: pmgr.0000           : MainProcess                     : MainThread     : INFO    : radical.pilot        version: split-81-gf853cc9b@feature-bridges
2017-05-30 22:21:58,089: pmgr.0000           : MainProcess                     : MainThread     : DEBUG   : start process
2017-05-30 22:21:58,089: pmgr.0000           : MainProcess                     : MainThread     : INFO    : radical.pilot        version: split-81-gf853cc9b@feature-bridges
2017-05-30 22:21:58,108: pmgr.0000           : MainProcess                     : MainThread     : INFO    : initialize pmgr.0000
2017-05-30 22:21:58,109: pmgr.0000           : MainProcess                     : MainThread     : INFO    : cfg: {u'bridges': {u'pmgr_launching_queue': {u'bulk_size': 0,
                                        u'log_level': u'debug',
                                        u'stall_hwm': 1}},
 u'components': {u'PMGRLaunchingComponent': {u'count': 1}},
 u'db_poll_sleeptime': 1.0,
 'owner': 'pmgr.0000'}
2017-05-30 22:21:58,109: pmgr.0000           : MainProcess                     : MainThread     : DEBUG   : start bridges   : {u'pmgr_launching_queue': {u'bulk_size': 0,
                           u'log_level': u'debug',
                           u'stall_hwm': 1}}
2017-05-30 22:21:58,109: pmgr.0000           : MainProcess                     : MainThread     : INFO    : create bridge pmgr_launching_queue
2017-05-30 22:21:58,138: pmgr.0000           : MainProcess                     : MainThread     : INFO    : created bridge pmgr_launching_queue (pmgr.launching.queue.bridge)
2017-05-30 22:21:58,139: pmgr.0000           : MainProcess                     : MainThread     : DEBUG   : start components: {u'PMGRLaunchingComponent': {u'count': 1}}
2017-05-30 22:21:58,139: pmgr.0000           : MainProcess                     : MainThread     : DEBUG   : start 1 component(s) PMGRLaunchingComponent
2017-05-30 22:21:58,304: pmgr.0000           : MainProcess                     : MainThread     : INFO    : pmgr.0000                      starts pmgr.launching.0
2017-05-30 22:21:58,305: pmgr.0000           : MainProcess                     : MainThread     : DEBUG   : START: pmgr.0000 register publisher log_pubsub
2017-05-30 22:21:58,305: pmgr.0000           : MainProcess                     : MainThread     : DEBUG   : using addr tcp://138.201.86.166:39312 for pubsub log_pubsub
2017-05-30 22:21:58,306: pmgr.0000           : MainProcess                     : MainThread     : DEBUG   : registered publisher : log_pubsub : log.pubsub.pub
2017-05-30 22:21:58,307: pmgr.0000           : MainProcess                     : MainThread     : DEBUG   : START: pmgr.0000 register publisher state_pubsub
2017-05-30 22:21:58,307: pmgr.0000           : MainProcess                     : MainThread     : DEBUG   : using addr tcp://138.201.86.166:41013 for pubsub state_pubsub
2017-05-30 22:21:58,308: pmgr.0000           : MainProcess                     : MainThread     : DEBUG   : registered publisher : state_pubsub : state.pubsub.pub
2017-05-30 22:21:58,308: pmgr.0000           : MainProcess                     : MainThread     : DEBUG   : START: pmgr.0000 register publisher control_pubsub
2017-05-30 22:21:58,308: pmgr.0000           : MainProcess                     : MainThread     : DEBUG   : using addr tcp://138.201.86.166:38427 for pubsub control_pubsub
2017-05-30 22:21:58,309: pmgr.0000           : MainProcess                     : MainThread     : DEBUG   : registered publisher : control_pubsub : control.pubsub.pub
2017-05-30 22:21:58,309: pmgr.0000           : MainProcess                     : MainThread     : DEBUG   : child process started
2017-05-30 22:21:58,310: pmgr.0000           : MainProcess                     : MainThread     : DEBUG   : START: pmgr.0000 register output PMGR_LAUNCHING_PENDING
2017-05-30 22:21:58,310: pmgr.0000           : MainProcess                     : MainThread     : DEBUG   : using addr tcp://138.201.86.166:36038 for output pmgr_launching_queue
2017-05-30 22:21:58,312: pmgr.0000           : MainProcess                     : MainThread     : DEBUG   : registered output    : PMGR_LAUNCHING_PENDING : pmgr_launching_queue : pmgr.launching.queue.input
2017-05-30 22:21:58,312: pmgr.0000           : MainProcess                     : MainThread     : DEBUG   : START: pmgr.0000 register idler pmgr.0000.idler._state_pull_cb
2017-05-30 22:21:58,312: pmgr.0000           : MainProcess                     : MainThread     : DEBUG   : start thread
2017-05-30 22:21:58,313: pmgr.0000           : MainProcess                     : pmgr.0000.idler._state_pull_cb: INFO    : child (me) initializing
2017-05-30 22:21:58,313: pmgr.0000           : MainProcess                     : pmgr.0000.idler._state_pull_cb: DEBUG   : ru_initialize_common (NOOP)
2017-05-30 22:21:58,313: pmgr.0000           : MainProcess                     : pmgr.0000.idler._state_pull_cb: DEBUG   : ru_initialize_child (NOOP)
2017-05-30 22:21:58,313: pmgr.0000           : MainProcess                     : pmgr.0000.idler._state_pull_cb: INFO    : send alive
2017-05-30 22:21:58,314: pmgr.0000           : MainProcess                     : pmgr.0000.idler._state_pull_cb: INFO    : send message: alive
2017-05-30 22:21:58,315: pmgr.0000           : MainProcess                     : MainThread     : INFO    : recv message: alive
2017-05-30 22:21:58,315: pmgr.0000           : MainProcess                     : MainThread     : DEBUG   : ru_initialize_common (NOOP)
2017-05-30 22:21:58,315: pmgr.0000           : MainProcess                     : MainThread     : DEBUG   : ru_initialize_parent (NOOP)
2017-05-30 22:21:58,315: pmgr.0000           : MainProcess                     : MainThread     : DEBUG   : child thread pmgr.0000.idler._state_pull_cb started
2017-05-30 22:21:58,315: pmgr.0000           : MainProcess                     : MainThread     : DEBUG   : pmgr.0000 registered idler pmgr.0000.idler._state_pull_cb
2017-05-30 22:21:58,316: pmgr.0000           : MainProcess                     : MainThread     : DEBUG   : START: pmgr.0000 register subscriber pmgr.0000.subscriber._state_sub_cb
2017-05-30 22:21:58,316: pmgr.0000           : MainProcess                     : MainThread     : DEBUG   : using addr tcp://138.201.86.166:36088 for pubsub state_pubsub
2017-05-30 22:21:58,317: pmgr.0000           : MainProcess                     : MainThread     : DEBUG   : start thread
2017-05-30 22:21:58,318: pmgr.0000           : MainProcess                     : pmgr.0000.subscriber._state_sub_cb: INFO    : child (me) initializing
2017-05-30 22:21:58,318: pmgr.0000           : MainProcess                     : pmgr.0000.subscriber._state_sub_cb: DEBUG   : ru_initialize_common (NOOP)
2017-05-30 22:21:58,319: pmgr.0000           : MainProcess                     : pmgr.0000.subscriber._state_sub_cb: DEBUG   : ru_initialize_child (NOOP)
2017-05-30 22:21:58,319: pmgr.0000           : MainProcess                     : pmgr.0000.subscriber._state_sub_cb: INFO    : send alive
2017-05-30 22:21:58,319: pmgr.0000           : MainProcess                     : pmgr.0000.subscriber._state_sub_cb: INFO    : send message: alive
2017-05-30 22:21:58,320: pmgr.0000           : MainProcess                     : MainThread     : INFO    : recv message: alive
2017-05-30 22:21:58,320: pmgr.0000           : MainProcess                     : MainThread     : DEBUG   : ru_initialize_common (NOOP)
2017-05-30 22:21:58,320: pmgr.0000           : MainProcess                     : MainThread     : DEBUG   : ru_initialize_parent (NOOP)
2017-05-30 22:21:58,320: pmgr.0000           : MainProcess                     : MainThread     : DEBUG   : child thread pmgr.0000.subscriber._state_sub_cb started
2017-05-30 22:21:58,320: pmgr.0000           : MainProcess                     : MainThread     : DEBUG   : pmgr.0000 registered state_pubsub subscriber pmgr.0000.subscriber._state_sub_cb
2017-05-30 22:21:58,867: pmgr.0000           : MainProcess                     : MainThread     : DEBUG   : PMGR setup done (      NoneNone) : None
2017-05-30 22:22:00,067: pmgr.0000           : MainProcess                     : MainThread     : DEBUG   : advance bulk size: 1 [False, False]
2017-05-30 22:22:00,068: pmgr.0000           : MainProcess                     : MainThread     : DEBUG   : advance bulk: pilot.0000 [1]
2017-05-30 22:22:00,169: pmgr.0000           : MainProcess                     : MainThread     : INFO    : [Callback]: pilot pilot.0000 state: PMGR_LAUNCHING_PENDING.
2017-05-30 22:22:00,208: pmgr.0000           : MainProcess                     : MainThread     : DEBUG   : advance bulk size: 1 [True, True]
2017-05-30 22:22:00,208: pmgr.0000           : MainProcess                     : MainThread     : DEBUG   : advance bulk: pilot.0000 [1]
2017-05-30 22:22:00,209: pmgr.0000           : MainProcess                     : MainThread     : DEBUG   : bucket: PMGR_LAUNCHING_PENDING : ['pilot.0000']
2017-05-30 22:22:00,209: pmgr.0000           : MainProcess                     : MainThread     : DEBUG   : put bulk PMGR_LAUNCHING_PENDING: 1
2017-05-30 22:22:00,209: pmgr.0000           : MainProcess                     : MainThread     : DEBUG   : push pilot.0000 ---> PMGR_LAUNCHING_PENDING
2017-05-30 22:22:00,212: pmgr.0000           : MainProcess                     : pmgr.0000.subscriber._state_sub_cb: INFO    : [Callback]: pilot pilot.0000 state: PMGR_LAUNCHING.
2017-05-30 22:22:00,213: pmgr.0000           : MainProcess                     : pmgr.0000.subscriber._state_sub_cb: DEBUG   : advance bulk size: 1 [False, False]
2017-05-30 22:22:00,213: pmgr.0000           : MainProcess                     : pmgr.0000.subscriber._state_sub_cb: DEBUG   : advance bulk: pilot.0000 [1]
2017-05-30 22:22:13,893: pmgr.0000           : MainProcess                     : pmgr.0000.subscriber._state_sub_cb: INFO    : [Callback]: pilot pilot.0000 state: PMGR_ACTIVE_PENDING.
2017-05-30 22:22:13,895: pmgr.0000           : MainProcess                     : pmgr.0000.subscriber._state_sub_cb: DEBUG   : advance bulk size: 1 [False, False]
2017-05-30 22:22:13,895: pmgr.0000           : MainProcess                     : pmgr.0000.subscriber._state_sub_cb: DEBUG   : advance bulk: pilot.0000 [1]
2017-05-30 22:24:40,829: pmgr.0000           : MainProcess                     : pmgr.0000.idler._state_pull_cb: INFO    : [Callback]: pilot pilot.0000 state: PMGR_ACTIVE.
2017-05-30 22:24:40,830: pmgr.0000           : MainProcess                     : pmgr.0000.idler._state_pull_cb: DEBUG   : advance bulk size: 1 [False, True]
2017-05-30 22:24:40,831: pmgr.0000           : MainProcess                     : pmgr.0000.idler._state_pull_cb: DEBUG   : advance bulk: pilot.0000 [1]
2017-05-30 22:24:40,831: pmgr.0000           : MainProcess                     : pmgr.0000.idler._state_pull_cb: INFO    : pilot pilot.0000 is PMGR_ACTIVE: None [None]
2017-05-30 22:29:47,776: pmgr.0000           : MainProcess                     : MainThread     : DEBUG   : wait timed out
2017-05-30 22:29:47,777: pmgr.0000           : MainProcess                     : MainThread     : DEBUG   : stop pmgr.0000 (24564 : None : MainThread) [radical.pilot.pilot_manager.PilotManager.close]
2017-05-30 22:29:47,777: pmgr.0000           : MainProcess                     : MainThread     : INFO    : parent stops child
2017-05-30 22:29:48,143: pmgr.0000           : MainProcess                     : MainThread     : DEBUG   : ru_finalize_common()
2017-05-30 22:29:48,143: pmgr.0000           : MainProcess                     : MainThread     : DEBUG   : TERM : pmgr.0000 unregister publisher state_pubsub
2017-05-30 22:29:48,144: pmgr.0000           : MainProcess                     : MainThread     : DEBUG   : unregistered publisher state_pubsub
2017-05-30 22:29:48,144: pmgr.0000           : MainProcess                     : MainThread     : DEBUG   : TERM : pmgr.0000 unregister publisher control_pubsub
2017-05-30 22:29:48,145: pmgr.0000           : MainProcess                     : MainThread     : DEBUG   : unregistered publisher control_pubsub
2017-05-30 22:29:48,145: pmgr.0000           : MainProcess                     : MainThread     : DEBUG   : pmgr.0000 close prof
2017-05-30 22:29:48,146: pmgr.0000           : MainProcess                     : MainThread     : INFO    : parent stops child
2017-05-30 22:29:48,146: pmgr.0000           : MainProcess                     : MainThread     : DEBUG   : ru_finalize_parent (NOOP)
2017-05-30 22:29:48,146: pmgr.0000           : MainProcess                     : MainThread     : DEBUG   : ru_finalize_common (NOOP)
2017-05-30 22:29:48,646: pmgr.0000           : MainProcess                     : pmgr.0000.subscriber._state_sub_cb: DEBUG   : ru_finalize_child (NOOP)
2017-05-30 22:29:48,647: pmgr.0000           : MainProcess                     : pmgr.0000.subscriber._state_sub_cb: DEBUG   : ru_finalize_common (NOOP)
2017-05-30 22:29:48,647: pmgr.0000           : MainProcess                     : pmgr.0000.subscriber._state_sub_cb: INFO    : send message: terminating
2017-05-30 22:29:48,662: pmgr.0000           : MainProcess                     : MainThread     : INFO    : parent stops child
2017-05-30 22:29:48,662: pmgr.0000           : MainProcess                     : MainThread     : DEBUG   : ru_finalize_parent (NOOP)
2017-05-30 22:29:48,663: pmgr.0000           : MainProcess                     : MainThread     : DEBUG   : ru_finalize_common (NOOP)
2017-05-30 22:29:48,726: pmgr.0000           : MainProcess                     : pmgr.0000.idler._state_pull_cb: DEBUG   : ru_finalize_child (NOOP)
2017-05-30 22:29:48,727: pmgr.0000           : MainProcess                     : pmgr.0000.idler._state_pull_cb: DEBUG   : ru_finalize_common (NOOP)
2017-05-30 22:29:48,727: pmgr.0000           : MainProcess                     : pmgr.0000.idler._state_pull_cb: INFO    : send message: terminating
2017-05-30 22:29:48,727: pmgr.0000           : MainProcess                     : MainThread     : INFO    : Closed PilotManager pmgr.0000.
2017-05-30 22:29:51,013: pmgr.0000           : MainProcess                     : MainThread     : INFO    : radical.pilot        version: split-81-gf853cc9b@feature-bridges
2017-05-30 22:29:51,013: pmgr.0000           : MainProcess                     : MainThread     : DEBUG   : start process
2017-05-30 22:29:51,013: pmgr.0000           : MainProcess                     : MainThread     : INFO    : radical.pilot        version: split-81-gf853cc9b@feature-bridges
2017-05-30 22:29:51,062: pmgr.0000           : MainProcess                     : MainThread     : INFO    : initialize pmgr.0000
2017-05-30 22:29:51,063: pmgr.0000           : MainProcess                     : MainThread     : INFO    : cfg: {u'bridges': {u'pmgr_launching_queue': {u'bulk_size': 0,
                                        u'log_level': u'debug',
                                        u'stall_hwm': 1}},
 u'components': {u'PMGRLaunchingComponent': {u'count': 1}},
 u'db_poll_sleeptime': 1.0,
 'owner': 'pmgr.0000'}
2017-05-30 22:29:51,064: pmgr.0000           : MainProcess                     : MainThread     : DEBUG   : start bridges   : {u'pmgr_launching_queue': {u'bulk_size': 0,
                           u'log_level': u'debug',
                           u'stall_hwm': 1}}
2017-05-30 22:29:51,064: pmgr.0000           : MainProcess                     : MainThread     : INFO    : create bridge pmgr_launching_queue
2017-05-30 22:29:51,096: pmgr.0000           : MainProcess                     : MainThread     : INFO    : created bridge pmgr_launching_queue (pmgr.launching.queue.bridge)
2017-05-30 22:29:51,097: pmgr.0000           : MainProcess                     : MainThread     : DEBUG   : start components: {u'PMGRLaunchingComponent': {u'count': 1}}
2017-05-30 22:29:51,097: pmgr.0000           : MainProcess                     : MainThread     : DEBUG   : start 1 component(s) PMGRLaunchingComponent
2017-05-30 22:29:51,216: pmgr.0000           : MainProcess                     : MainThread     : INFO    : pmgr.0000                      starts pmgr.launching.0
2017-05-30 22:29:51,217: pmgr.0000           : MainProcess                     : MainThread     : DEBUG   : START: pmgr.0000 register publisher log_pubsub
2017-05-30 22:29:51,217: pmgr.0000           : MainProcess                     : MainThread     : DEBUG   : using addr tcp://138.201.86.166:41020 for pubsub log_pubsub
2017-05-30 22:29:51,218: pmgr.0000           : MainProcess                     : MainThread     : DEBUG   : registered publisher : log_pubsub : log.pubsub.pub
2017-05-30 22:29:51,218: pmgr.0000           : MainProcess                     : MainThread     : DEBUG   : START: pmgr.0000 register publisher state_pubsub
2017-05-30 22:29:51,218: pmgr.0000           : MainProcess                     : MainThread     : DEBUG   : using addr tcp://138.201.86.166:46272 for pubsub state_pubsub
2017-05-30 22:29:51,219: pmgr.0000           : MainProcess                     : MainThread     : DEBUG   : registered publisher : state_pubsub : state.pubsub.pub
2017-05-30 22:29:51,220: pmgr.0000           : MainProcess                     : MainThread     : DEBUG   : START: pmgr.0000 register publisher control_pubsub
2017-05-30 22:29:51,220: pmgr.0000           : MainProcess                     : MainThread     : DEBUG   : using addr tcp://138.201.86.166:41927 for pubsub control_pubsub
2017-05-30 22:29:51,221: pmgr.0000           : MainProcess                     : MainThread     : DEBUG   : registered publisher : control_pubsub : control.pubsub.pub
2017-05-30 22:29:51,221: pmgr.0000           : MainProcess                     : MainThread     : DEBUG   : child process started
2017-05-30 22:29:51,221: pmgr.0000           : MainProcess                     : MainThread     : DEBUG   : START: pmgr.0000 register output PMGR_LAUNCHING_PENDING
2017-05-30 22:29:51,222: pmgr.0000           : MainProcess                     : MainThread     : DEBUG   : using addr tcp://138.201.86.166:38493 for output pmgr_launching_queue
2017-05-30 22:29:51,222: pmgr.0000           : MainProcess                     : MainThread     : DEBUG   : registered output    : PMGR_LAUNCHING_PENDING : pmgr_launching_queue : pmgr.launching.queue.input
2017-05-30 22:29:51,223: pmgr.0000           : MainProcess                     : MainThread     : DEBUG   : START: pmgr.0000 register idler pmgr.0000.idler._state_pull_cb
2017-05-30 22:29:51,223: pmgr.0000           : MainProcess                     : MainThread     : DEBUG   : start thread
2017-05-30 22:29:51,223: pmgr.0000           : MainProcess                     : pmgr.0000.idler._state_pull_cb: INFO    : child (me) initializing
2017-05-30 22:29:51,224: pmgr.0000           : MainProcess                     : pmgr.0000.idler._state_pull_cb: DEBUG   : ru_initialize_common (NOOP)
2017-05-30 22:29:51,224: pmgr.0000           : MainProcess                     : pmgr.0000.idler._state_pull_cb: DEBUG   : ru_initialize_child (NOOP)
2017-05-30 22:29:51,224: pmgr.0000           : MainProcess                     : pmgr.0000.idler._state_pull_cb: INFO    : send alive
2017-05-30 22:29:51,224: pmgr.0000           : MainProcess                     : pmgr.0000.idler._state_pull_cb: INFO    : send message: alive
2017-05-30 22:29:51,225: pmgr.0000           : MainProcess                     : MainThread     : INFO    : recv message: alive
2017-05-30 22:29:51,225: pmgr.0000           : MainProcess                     : MainThread     : DEBUG   : ru_initialize_common (NOOP)
2017-05-30 22:29:51,225: pmgr.0000           : MainProcess                     : MainThread     : DEBUG   : ru_initialize_parent (NOOP)
2017-05-30 22:29:51,225: pmgr.0000           : MainProcess                     : MainThread     : DEBUG   : child thread pmgr.0000.idler._state_pull_cb started
2017-05-30 22:29:51,225: pmgr.0000           : MainProcess                     : MainThread     : DEBUG   : pmgr.0000 registered idler pmgr.0000.idler._state_pull_cb
2017-05-30 22:29:51,225: pmgr.0000           : MainProcess                     : MainThread     : DEBUG   : START: pmgr.0000 register subscriber pmgr.0000.subscriber._state_sub_cb
2017-05-30 22:29:51,225: pmgr.0000           : MainProcess                     : MainThread     : DEBUG   : using addr tcp://138.201.86.166:45737 for pubsub state_pubsub
2017-05-30 22:29:51,226: pmgr.0000           : MainProcess                     : MainThread     : DEBUG   : start thread
2017-05-30 22:29:51,227: pmgr.0000           : MainProcess                     : pmgr.0000.subscriber._state_sub_cb: INFO    : child (me) initializing
2017-05-30 22:29:51,227: pmgr.0000           : MainProcess                     : pmgr.0000.subscriber._state_sub_cb: DEBUG   : ru_initialize_common (NOOP)
2017-05-30 22:29:51,227: pmgr.0000           : MainProcess                     : pmgr.0000.subscriber._state_sub_cb: DEBUG   : ru_initialize_child (NOOP)
2017-05-30 22:29:51,227: pmgr.0000           : MainProcess                     : pmgr.0000.subscriber._state_sub_cb: INFO    : send alive
2017-05-30 22:29:51,227: pmgr.0000           : MainProcess                     : pmgr.0000.subscriber._state_sub_cb: INFO    : send message: alive
2017-05-30 22:29:51,228: pmgr.0000           : MainProcess                     : MainThread     : INFO    : recv message: alive
2017-05-30 22:29:51,228: pmgr.0000           : MainProcess                     : MainThread     : DEBUG   : ru_initialize_common (NOOP)
2017-05-30 22:29:51,228: pmgr.0000           : MainProcess                     : MainThread     : DEBUG   : ru_initialize_parent (NOOP)
2017-05-30 22:29:51,228: pmgr.0000           : MainProcess                     : MainThread     : DEBUG   : child thread pmgr.0000.subscriber._state_sub_cb started
2017-05-30 22:29:51,228: pmgr.0000           : MainProcess                     : MainThread     : DEBUG   : pmgr.0000 registered state_pubsub subscriber pmgr.0000.subscriber._state_sub_cb
2017-05-30 22:29:51,754: pmgr.0000           : MainProcess                     : MainThread     : DEBUG   : PMGR setup done (      NoneNone) : None
2017-05-30 22:29:53,264: pmgr.0000           : MainProcess                     : MainThread     : DEBUG   : advance bulk size: 1 [False, False]
2017-05-30 22:29:53,264: pmgr.0000           : MainProcess                     : MainThread     : DEBUG   : advance bulk: pilot.0000 [1]
2017-05-30 22:29:53,367: pmgr.0000           : MainProcess                     : MainThread     : INFO    : [Callback]: pilot pilot.0000 state: PMGR_LAUNCHING_PENDING.
2017-05-30 22:29:53,367: pmgr.0000           : MainProcess                     : MainThread     : DEBUG   : advance bulk size: 1 [True, True]
2017-05-30 22:29:53,367: pmgr.0000           : MainProcess                     : MainThread     : DEBUG   : advance bulk: pilot.0000 [1]
2017-05-30 22:29:53,368: pmgr.0000           : MainProcess                     : MainThread     : DEBUG   : bucket: PMGR_LAUNCHING_PENDING : ['pilot.0000']
2017-05-30 22:29:53,368: pmgr.0000           : MainProcess                     : MainThread     : DEBUG   : put bulk PMGR_LAUNCHING_PENDING: 1
2017-05-30 22:29:53,368: pmgr.0000           : MainProcess                     : MainThread     : DEBUG   : push pilot.0000 ---> PMGR_LAUNCHING_PENDING
2017-05-30 22:29:53,371: pmgr.0000           : MainProcess                     : pmgr.0000.subscriber._state_sub_cb: INFO    : [Callback]: pilot pilot.0000 state: PMGR_LAUNCHING.
2017-05-30 22:29:53,371: pmgr.0000           : MainProcess                     : pmgr.0000.subscriber._state_sub_cb: DEBUG   : advance bulk size: 1 [False, False]
2017-05-30 22:29:53,371: pmgr.0000           : MainProcess                     : pmgr.0000.subscriber._state_sub_cb: DEBUG   : advance bulk: pilot.0000 [1]
2017-05-30 22:30:10,600: pmgr.0000           : MainProcess                     : pmgr.0000.subscriber._state_sub_cb: INFO    : [Callback]: pilot pilot.0000 state: PMGR_ACTIVE_PENDING.
2017-05-30 22:30:10,601: pmgr.0000           : MainProcess                     : pmgr.0000.subscriber._state_sub_cb: DEBUG   : advance bulk size: 1 [False, False]
2017-05-30 22:30:10,601: pmgr.0000           : MainProcess                     : pmgr.0000.subscriber._state_sub_cb: DEBUG   : advance bulk: pilot.0000 [1]
2017-05-30 22:32:39,066: pmgr.0000           : MainProcess                     : pmgr.0000.idler._state_pull_cb: INFO    : [Callback]: pilot pilot.0000 state: PMGR_ACTIVE.
2017-05-30 22:32:39,067: pmgr.0000           : MainProcess                     : pmgr.0000.idler._state_pull_cb: DEBUG   : advance bulk size: 1 [False, True]
2017-05-30 22:32:39,067: pmgr.0000           : MainProcess                     : pmgr.0000.idler._state_pull_cb: DEBUG   : advance bulk: pilot.0000 [1]
2017-05-30 22:32:39,068: pmgr.0000           : MainProcess                     : pmgr.0000.idler._state_pull_cb: INFO    : pilot pilot.0000 is PMGR_ACTIVE: None [None]
2017-05-30 22:37:33,735: pmgr.0000           : MainProcess                     : pmgr.0000.idler._state_pull_cb: INFO    : [Callback]: pilot pilot.0000 state: CANCELED.
2017-05-30 22:37:33,735: pmgr.0000           : MainProcess                     : pmgr.0000.idler._state_pull_cb: DEBUG   : advance bulk size: 1 [False, True]
2017-05-30 22:37:33,736: pmgr.0000           : MainProcess                     : pmgr.0000.idler._state_pull_cb: DEBUG   : advance bulk: pilot.0000 [1]
2017-05-30 22:37:33,738: pmgr.0000           : MainProcess                     : MainThread     : DEBUG   : stop pmgr.0000 (24564 : None : MainThread) [radical.pilot.pilot_manager.PilotManager.close]
2017-05-30 22:37:33,738: pmgr.0000           : MainProcess                     : MainThread     : INFO    : parent stops child
2017-05-30 22:37:34,183: pmgr.0000           : MainProcess                     : MainThread     : DEBUG   : ru_finalize_common()
2017-05-30 22:37:34,183: pmgr.0000           : MainProcess                     : MainThread     : DEBUG   : TERM : pmgr.0000 unregister publisher state_pubsub
2017-05-30 22:37:34,184: pmgr.0000           : MainProcess                     : MainThread     : DEBUG   : unregistered publisher state_pubsub
2017-05-30 22:37:34,185: pmgr.0000           : MainProcess                     : MainThread     : DEBUG   : TERM : pmgr.0000 unregister publisher control_pubsub
2017-05-30 22:37:34,186: pmgr.0000           : MainProcess                     : MainThread     : DEBUG   : unregistered publisher control_pubsub
2017-05-30 22:37:34,186: pmgr.0000           : MainProcess                     : MainThread     : DEBUG   : pmgr.0000 close prof
2017-05-30 22:37:34,186: pmgr.0000           : MainProcess                     : MainThread     : INFO    : parent stops child
2017-05-30 22:37:34,186: pmgr.0000           : MainProcess                     : MainThread     : DEBUG   : ru_finalize_parent (NOOP)
2017-05-30 22:37:34,187: pmgr.0000           : MainProcess                     : MainThread     : DEBUG   : ru_finalize_common (NOOP)
2017-05-30 22:37:34,238: pmgr.0000           : MainProcess                     : pmgr.0000.subscriber._state_sub_cb: DEBUG   : ru_finalize_child (NOOP)
2017-05-30 22:37:34,239: pmgr.0000           : MainProcess                     : pmgr.0000.subscriber._state_sub_cb: DEBUG   : ru_finalize_common (NOOP)
2017-05-30 22:37:34,239: pmgr.0000           : MainProcess                     : pmgr.0000.subscriber._state_sub_cb: INFO    : send message: terminating
2017-05-30 22:37:34,251: pmgr.0000           : MainProcess                     : MainThread     : INFO    : parent stops child
2017-05-30 22:37:34,251: pmgr.0000           : MainProcess                     : MainThread     : DEBUG   : ru_finalize_parent (NOOP)
2017-05-30 22:37:34,251: pmgr.0000           : MainProcess                     : MainThread     : DEBUG   : ru_finalize_common (NOOP)
2017-05-30 22:37:34,338: pmgr.0000           : MainProcess                     : pmgr.0000.idler._state_pull_cb: DEBUG   : ru_finalize_child (NOOP)
2017-05-30 22:37:34,339: pmgr.0000           : MainProcess                     : pmgr.0000.idler._state_pull_cb: DEBUG   : ru_finalize_common (NOOP)
2017-05-30 22:37:34,339: pmgr.0000           : MainProcess                     : pmgr.0000.idler._state_pull_cb: INFO    : send message: terminating
2017-05-30 22:37:34,366: pmgr.0000           : MainProcess                     : MainThread     : INFO    : Closed PilotManager pmgr.0000.
2017-05-30 22:37:36,809: pmgr.0000           : MainProcess                     : MainThread     : INFO    : radical.pilot        version: split-81-gf853cc9b@feature-bridges
2017-05-30 22:37:36,810: pmgr.0000           : MainProcess                     : MainThread     : DEBUG   : start process
2017-05-30 22:37:36,810: pmgr.0000           : MainProcess                     : MainThread     : INFO    : radical.pilot        version: split-81-gf853cc9b@feature-bridges
2017-05-30 22:37:36,813: pmgr.0000           : MainProcess                     : MainThread     : INFO    : initialize pmgr.0000
2017-05-30 22:37:36,815: pmgr.0000           : MainProcess                     : MainThread     : INFO    : cfg: {u'bridges': {u'pmgr_launching_queue': {u'bulk_size': 0,
                                        u'log_level': u'debug',
                                        u'stall_hwm': 1}},
 u'components': {u'PMGRLaunchingComponent': {u'count': 1}},
 u'db_poll_sleeptime': 1.0,
 'owner': 'pmgr.0000'}
2017-05-30 22:37:36,815: pmgr.0000           : MainProcess                     : MainThread     : DEBUG   : start bridges   : {u'pmgr_launching_queue': {u'bulk_size': 0,
                           u'log_level': u'debug',
                           u'stall_hwm': 1}}
2017-05-30 22:37:36,815: pmgr.0000           : MainProcess                     : MainThread     : INFO    : create bridge pmgr_launching_queue
2017-05-30 22:37:36,849: pmgr.0000           : MainProcess                     : MainThread     : INFO    : created bridge pmgr_launching_queue (pmgr.launching.queue.bridge)
2017-05-30 22:37:36,850: pmgr.0000           : MainProcess                     : MainThread     : DEBUG   : start components: {u'PMGRLaunchingComponent': {u'count': 1}}
2017-05-30 22:37:36,850: pmgr.0000           : MainProcess                     : MainThread     : DEBUG   : start 1 component(s) PMGRLaunchingComponent
2017-05-30 22:37:36,897: pmgr.0000           : MainProcess                     : MainThread     : INFO    : pmgr.0000                      starts pmgr.launching.0
2017-05-30 22:37:36,897: pmgr.0000           : MainProcess                     : MainThread     : DEBUG   : START: pmgr.0000 register publisher log_pubsub
2017-05-30 22:37:36,897: pmgr.0000           : MainProcess                     : MainThread     : DEBUG   : using addr tcp://138.201.86.166:40071 for pubsub log_pubsub
2017-05-30 22:37:36,898: pmgr.0000           : MainProcess                     : MainThread     : DEBUG   : registered publisher : log_pubsub : log.pubsub.pub
2017-05-30 22:37:36,898: pmgr.0000           : MainProcess                     : MainThread     : DEBUG   : START: pmgr.0000 register publisher state_pubsub
2017-05-30 22:37:36,898: pmgr.0000           : MainProcess                     : MainThread     : DEBUG   : using addr tcp://138.201.86.166:40800 for pubsub state_pubsub
2017-05-30 22:37:36,898: pmgr.0000           : MainProcess                     : MainThread     : DEBUG   : registered publisher : state_pubsub : state.pubsub.pub
2017-05-30 22:37:36,898: pmgr.0000           : MainProcess                     : MainThread     : DEBUG   : START: pmgr.0000 register publisher control_pubsub
2017-05-30 22:37:36,899: pmgr.0000           : MainProcess                     : MainThread     : DEBUG   : using addr tcp://138.201.86.166:36013 for pubsub control_pubsub
2017-05-30 22:37:36,899: pmgr.0000           : MainProcess                     : MainThread     : DEBUG   : registered publisher : control_pubsub : control.pubsub.pub
2017-05-30 22:37:36,899: pmgr.0000           : MainProcess                     : MainThread     : DEBUG   : child process started
2017-05-30 22:37:36,899: pmgr.0000           : MainProcess                     : MainThread     : DEBUG   : START: pmgr.0000 register output PMGR_LAUNCHING_PENDING
2017-05-30 22:37:36,899: pmgr.0000           : MainProcess                     : MainThread     : DEBUG   : using addr tcp://138.201.86.166:34369 for output pmgr_launching_queue
2017-05-30 22:37:36,900: pmgr.0000           : MainProcess                     : MainThread     : DEBUG   : registered output    : PMGR_LAUNCHING_PENDING : pmgr_launching_queue : pmgr.launching.queue.input
2017-05-30 22:37:36,900: pmgr.0000           : MainProcess                     : MainThread     : DEBUG   : START: pmgr.0000 register idler pmgr.0000.idler._state_pull_cb
2017-05-30 22:37:36,900: pmgr.0000           : MainProcess                     : MainThread     : DEBUG   : start thread
2017-05-30 22:37:36,900: pmgr.0000           : MainProcess                     : pmgr.0000.idler._state_pull_cb: INFO    : child (me) initializing
2017-05-30 22:37:36,900: pmgr.0000           : MainProcess                     : pmgr.0000.idler._state_pull_cb: DEBUG   : ru_initialize_common (NOOP)
2017-05-30 22:37:36,900: pmgr.0000           : MainProcess                     : pmgr.0000.idler._state_pull_cb: DEBUG   : ru_initialize_child (NOOP)
2017-05-30 22:37:36,900: pmgr.0000           : MainProcess                     : pmgr.0000.idler._state_pull_cb: INFO    : send alive
2017-05-30 22:37:36,900: pmgr.0000           : MainProcess                     : pmgr.0000.idler._state_pull_cb: INFO    : send message: alive
2017-05-30 22:37:36,901: pmgr.0000           : MainProcess                     : MainThread     : INFO    : recv message: alive
2017-05-30 22:37:36,901: pmgr.0000           : MainProcess                     : MainThread     : DEBUG   : ru_initialize_common (NOOP)
2017-05-30 22:37:36,901: pmgr.0000           : MainProcess                     : MainThread     : DEBUG   : ru_initialize_parent (NOOP)
2017-05-30 22:37:36,901: pmgr.0000           : MainProcess                     : MainThread     : DEBUG   : child thread pmgr.0000.idler._state_pull_cb started
2017-05-30 22:37:36,901: pmgr.0000           : MainProcess                     : MainThread     : DEBUG   : pmgr.0000 registered idler pmgr.0000.idler._state_pull_cb
2017-05-30 22:37:36,902: pmgr.0000           : MainProcess                     : MainThread     : DEBUG   : START: pmgr.0000 register subscriber pmgr.0000.subscriber._state_sub_cb
2017-05-30 22:37:36,902: pmgr.0000           : MainProcess                     : MainThread     : DEBUG   : using addr tcp://138.201.86.166:37247 for pubsub state_pubsub
2017-05-30 22:37:36,902: pmgr.0000           : MainProcess                     : MainThread     : DEBUG   : start thread
2017-05-30 22:37:36,902: pmgr.0000           : MainProcess                     : pmgr.0000.subscriber._state_sub_cb: INFO    : child (me) initializing
2017-05-30 22:37:36,902: pmgr.0000           : MainProcess                     : pmgr.0000.subscriber._state_sub_cb: DEBUG   : ru_initialize_common (NOOP)
2017-05-30 22:37:36,902: pmgr.0000           : MainProcess                     : pmgr.0000.subscriber._state_sub_cb: DEBUG   : ru_initialize_child (NOOP)
2017-05-30 22:37:36,902: pmgr.0000           : MainProcess                     : pmgr.0000.subscriber._state_sub_cb: INFO    : send alive
2017-05-30 22:37:36,902: pmgr.0000           : MainProcess                     : pmgr.0000.subscriber._state_sub_cb: INFO    : send message: alive
2017-05-30 22:37:36,903: pmgr.0000           : MainProcess                     : MainThread     : INFO    : recv message: alive
2017-05-30 22:37:36,903: pmgr.0000           : MainProcess                     : MainThread     : DEBUG   : ru_initialize_common (NOOP)
2017-05-30 22:37:36,903: pmgr.0000           : MainProcess                     : MainThread     : DEBUG   : ru_initialize_parent (NOOP)
2017-05-30 22:37:36,904: pmgr.0000           : MainProcess                     : MainThread     : DEBUG   : child thread pmgr.0000.subscriber._state_sub_cb started
2017-05-30 22:37:36,904: pmgr.0000           : MainProcess                     : MainThread     : DEBUG   : pmgr.0000 registered state_pubsub subscriber pmgr.0000.subscriber._state_sub_cb
2017-05-30 22:37:37,425: pmgr.0000           : MainProcess                     : MainThread     : DEBUG   : PMGR setup done (      NoneNone) : None
2017-05-30 22:37:38,618: pmgr.0000           : MainProcess                     : MainThread     : DEBUG   : advance bulk size: 1 [False, False]
2017-05-30 22:37:38,619: pmgr.0000           : MainProcess                     : MainThread     : DEBUG   : advance bulk: pilot.0000 [1]
2017-05-30 22:37:38,720: pmgr.0000           : MainProcess                     : MainThread     : INFO    : [Callback]: pilot pilot.0000 state: PMGR_LAUNCHING_PENDING.
2017-05-30 22:37:38,720: pmgr.0000           : MainProcess                     : MainThread     : DEBUG   : advance bulk size: 1 [True, True]
2017-05-30 22:37:38,721: pmgr.0000           : MainProcess                     : MainThread     : DEBUG   : advance bulk: pilot.0000 [1]
2017-05-30 22:37:38,721: pmgr.0000           : MainProcess                     : MainThread     : DEBUG   : bucket: PMGR_LAUNCHING_PENDING : ['pilot.0000']
2017-05-30 22:37:38,721: pmgr.0000           : MainProcess                     : MainThread     : DEBUG   : put bulk PMGR_LAUNCHING_PENDING: 1
2017-05-30 22:37:38,722: pmgr.0000           : MainProcess                     : MainThread     : DEBUG   : push pilot.0000 ---> PMGR_LAUNCHING_PENDING
2017-05-30 22:37:38,725: pmgr.0000           : MainProcess                     : pmgr.0000.subscriber._state_sub_cb: INFO    : [Callback]: pilot pilot.0000 state: PMGR_LAUNCHING.
2017-05-30 22:37:38,725: pmgr.0000           : MainProcess                     : pmgr.0000.subscriber._state_sub_cb: DEBUG   : advance bulk size: 1 [False, False]
2017-05-30 22:37:38,725: pmgr.0000           : MainProcess                     : pmgr.0000.subscriber._state_sub_cb: DEBUG   : advance bulk: pilot.0000 [1]
2017-05-30 22:37:56,304: pmgr.0000           : MainProcess                     : pmgr.0000.subscriber._state_sub_cb: INFO    : [Callback]: pilot pilot.0000 state: PMGR_ACTIVE_PENDING.
2017-05-30 22:37:56,305: pmgr.0000           : MainProcess                     : pmgr.0000.subscriber._state_sub_cb: DEBUG   : advance bulk size: 1 [False, False]
2017-05-30 22:37:56,305: pmgr.0000           : MainProcess                     : pmgr.0000.subscriber._state_sub_cb: DEBUG   : advance bulk: pilot.0000 [1]
2017-05-30 22:40:25,710: pmgr.0000           : MainProcess                     : pmgr.0000.idler._state_pull_cb: INFO    : [Callback]: pilot pilot.0000 state: PMGR_ACTIVE.
2017-05-30 22:40:25,711: pmgr.0000           : MainProcess                     : pmgr.0000.idler._state_pull_cb: DEBUG   : advance bulk size: 1 [False, True]
2017-05-30 22:40:25,711: pmgr.0000           : MainProcess                     : pmgr.0000.idler._state_pull_cb: DEBUG   : advance bulk: pilot.0000 [1]
2017-05-30 22:40:25,713: pmgr.0000           : MainProcess                     : pmgr.0000.idler._state_pull_cb: INFO    : pilot pilot.0000 is PMGR_ACTIVE: None [None]
2017-05-30 22:45:25,652: pmgr.0000           : MainProcess                     : pmgr.0000.idler._state_pull_cb: INFO    : [Callback]: pilot pilot.0000 state: CANCELED.
2017-05-30 22:45:25,652: pmgr.0000           : MainProcess                     : pmgr.0000.idler._state_pull_cb: DEBUG   : advance bulk size: 1 [False, True]
2017-05-30 22:45:25,652: pmgr.0000           : MainProcess                     : pmgr.0000.idler._state_pull_cb: DEBUG   : advance bulk: pilot.0000 [1]
2017-05-30 22:45:25,684: pmgr.0000           : MainProcess                     : MainThread     : DEBUG   : stop pmgr.0000 (24564 : None : MainThread) [radical.pilot.pilot_manager.PilotManager.close]
2017-05-30 22:45:25,685: pmgr.0000           : MainProcess                     : MainThread     : INFO    : parent stops child
2017-05-30 22:45:26,034: pmgr.0000           : MainProcess                     : MainThread     : DEBUG   : ru_finalize_common()
2017-05-30 22:45:26,035: pmgr.0000           : MainProcess                     : MainThread     : DEBUG   : TERM : pmgr.0000 unregister publisher state_pubsub
2017-05-30 22:45:26,036: pmgr.0000           : MainProcess                     : MainThread     : DEBUG   : unregistered publisher state_pubsub
2017-05-30 22:45:26,036: pmgr.0000           : MainProcess                     : MainThread     : DEBUG   : TERM : pmgr.0000 unregister publisher control_pubsub
2017-05-30 22:45:26,037: pmgr.0000           : MainProcess                     : MainThread     : DEBUG   : unregistered publisher control_pubsub
2017-05-30 22:45:26,037: pmgr.0000           : MainProcess                     : MainThread     : DEBUG   : pmgr.0000 close prof
2017-05-30 22:45:26,037: pmgr.0000           : MainProcess                     : MainThread     : INFO    : parent stops child
2017-05-30 22:45:26,037: pmgr.0000           : MainProcess                     : MainThread     : DEBUG   : ru_finalize_parent (NOOP)
2017-05-30 22:45:26,038: pmgr.0000           : MainProcess                     : MainThread     : DEBUG   : ru_finalize_common (NOOP)
2017-05-30 22:45:26,155: pmgr.0000           : MainProcess                     : pmgr.0000.subscriber._state_sub_cb: DEBUG   : ru_finalize_child (NOOP)
2017-05-30 22:45:26,155: pmgr.0000           : MainProcess                     : pmgr.0000.subscriber._state_sub_cb: DEBUG   : ru_finalize_common (NOOP)
2017-05-30 22:45:26,155: pmgr.0000           : MainProcess                     : pmgr.0000.subscriber._state_sub_cb: INFO    : send message: terminating
2017-05-30 22:45:26,202: pmgr.0000           : MainProcess                     : MainThread     : INFO    : parent stops child
2017-05-30 22:45:26,203: pmgr.0000           : MainProcess                     : MainThread     : DEBUG   : ru_finalize_parent (NOOP)
2017-05-30 22:45:26,203: pmgr.0000           : MainProcess                     : MainThread     : DEBUG   : ru_finalize_common (NOOP)
2017-05-30 22:45:26,255: pmgr.0000           : MainProcess                     : pmgr.0000.idler._state_pull_cb: DEBUG   : ru_finalize_child (NOOP)
2017-05-30 22:45:26,255: pmgr.0000           : MainProcess                     : pmgr.0000.idler._state_pull_cb: DEBUG   : ru_finalize_common (NOOP)
2017-05-30 22:45:26,255: pmgr.0000           : MainProcess                     : pmgr.0000.idler._state_pull_cb: INFO    : send message: terminating
2017-05-30 22:45:26,267: pmgr.0000           : MainProcess                     : MainThread     : INFO    : Closed PilotManager pmgr.0000.
2017-05-30 22:45:29,456: pmgr.0000           : MainProcess                     : MainThread     : INFO    : radical.pilot        version: split-81-gf853cc9b@feature-bridges
2017-05-30 22:45:29,457: pmgr.0000           : MainProcess                     : MainThread     : DEBUG   : start process
2017-05-30 22:45:29,457: pmgr.0000           : MainProcess                     : MainThread     : INFO    : radical.pilot        version: split-81-gf853cc9b@feature-bridges
2017-05-30 22:45:29,470: pmgr.0000           : MainProcess                     : MainThread     : INFO    : initialize pmgr.0000
2017-05-30 22:45:29,471: pmgr.0000           : MainProcess                     : MainThread     : INFO    : cfg: {u'bridges': {u'pmgr_launching_queue': {u'bulk_size': 0,
                                        u'log_level': u'debug',
                                        u'stall_hwm': 1}},
 u'components': {u'PMGRLaunchingComponent': {u'count': 1}},
 u'db_poll_sleeptime': 1.0,
 'owner': 'pmgr.0000'}
2017-05-30 22:45:29,472: pmgr.0000           : MainProcess                     : MainThread     : DEBUG   : start bridges   : {u'pmgr_launching_queue': {u'bulk_size': 0,
                           u'log_level': u'debug',
                           u'stall_hwm': 1}}
2017-05-30 22:45:29,472: pmgr.0000           : MainProcess                     : MainThread     : INFO    : create bridge pmgr_launching_queue
2017-05-30 22:45:29,508: pmgr.0000           : MainProcess                     : MainThread     : INFO    : created bridge pmgr_launching_queue (pmgr.launching.queue.bridge)
2017-05-30 22:45:29,509: pmgr.0000           : MainProcess                     : MainThread     : DEBUG   : start components: {u'PMGRLaunchingComponent': {u'count': 1}}
2017-05-30 22:45:29,509: pmgr.0000           : MainProcess                     : MainThread     : DEBUG   : start 1 component(s) PMGRLaunchingComponent
2017-05-30 22:45:30,582: pmgr.0000           : MainProcess                     : MainThread     : INFO    : pmgr.0000                      starts pmgr.launching.0
2017-05-30 22:45:30,583: pmgr.0000           : MainProcess                     : MainThread     : DEBUG   : START: pmgr.0000 register publisher log_pubsub
2017-05-30 22:45:30,583: pmgr.0000           : MainProcess                     : MainThread     : DEBUG   : using addr tcp://138.201.86.166:39496 for pubsub log_pubsub
2017-05-30 22:45:30,583: pmgr.0000           : MainProcess                     : MainThread     : DEBUG   : registered publisher : log_pubsub : log.pubsub.pub
2017-05-30 22:45:30,583: pmgr.0000           : MainProcess                     : MainThread     : DEBUG   : START: pmgr.0000 register publisher state_pubsub
2017-05-30 22:45:30,583: pmgr.0000           : MainProcess                     : MainThread     : DEBUG   : using addr tcp://138.201.86.166:33070 for pubsub state_pubsub
2017-05-30 22:45:30,584: pmgr.0000           : MainProcess                     : MainThread     : DEBUG   : registered publisher : state_pubsub : state.pubsub.pub
2017-05-30 22:45:30,584: pmgr.0000           : MainProcess                     : MainThread     : DEBUG   : START: pmgr.0000 register publisher control_pubsub
2017-05-30 22:45:30,584: pmgr.0000           : MainProcess                     : MainThread     : DEBUG   : using addr tcp://138.201.86.166:42112 for pubsub control_pubsub
2017-05-30 22:45:30,584: pmgr.0000           : MainProcess                     : MainThread     : DEBUG   : registered publisher : control_pubsub : control.pubsub.pub
2017-05-30 22:45:30,584: pmgr.0000           : MainProcess                     : MainThread     : DEBUG   : child process started
2017-05-30 22:45:30,585: pmgr.0000           : MainProcess                     : MainThread     : DEBUG   : START: pmgr.0000 register output PMGR_LAUNCHING_PENDING
2017-05-30 22:45:30,585: pmgr.0000           : MainProcess                     : MainThread     : DEBUG   : using addr tcp://138.201.86.166:37074 for output pmgr_launching_queue
2017-05-30 22:45:30,585: pmgr.0000           : MainProcess                     : MainThread     : DEBUG   : registered output    : PMGR_LAUNCHING_PENDING : pmgr_launching_queue : pmgr.launching.queue.input
2017-05-30 22:45:30,585: pmgr.0000           : MainProcess                     : MainThread     : DEBUG   : START: pmgr.0000 register idler pmgr.0000.idler._state_pull_cb
2017-05-30 22:45:30,585: pmgr.0000           : MainProcess                     : MainThread     : DEBUG   : start thread
2017-05-30 22:45:30,586: pmgr.0000           : MainProcess                     : pmgr.0000.idler._state_pull_cb: INFO    : child (me) initializing
2017-05-30 22:45:30,586: pmgr.0000           : MainProcess                     : pmgr.0000.idler._state_pull_cb: DEBUG   : ru_initialize_common (NOOP)
2017-05-30 22:45:30,586: pmgr.0000           : MainProcess                     : pmgr.0000.idler._state_pull_cb: DEBUG   : ru_initialize_child (NOOP)
2017-05-30 22:45:30,586: pmgr.0000           : MainProcess                     : pmgr.0000.idler._state_pull_cb: INFO    : send alive
2017-05-30 22:45:30,586: pmgr.0000           : MainProcess                     : pmgr.0000.idler._state_pull_cb: INFO    : send message: alive
2017-05-30 22:45:30,587: pmgr.0000           : MainProcess                     : MainThread     : INFO    : recv message: alive
2017-05-30 22:45:30,587: pmgr.0000           : MainProcess                     : MainThread     : DEBUG   : ru_initialize_common (NOOP)
2017-05-30 22:45:30,587: pmgr.0000           : MainProcess                     : MainThread     : DEBUG   : ru_initialize_parent (NOOP)
2017-05-30 22:45:30,587: pmgr.0000           : MainProcess                     : MainThread     : DEBUG   : child thread pmgr.0000.idler._state_pull_cb started
2017-05-30 22:45:30,587: pmgr.0000           : MainProcess                     : MainThread     : DEBUG   : pmgr.0000 registered idler pmgr.0000.idler._state_pull_cb
2017-05-30 22:45:30,587: pmgr.0000           : MainProcess                     : MainThread     : DEBUG   : START: pmgr.0000 register subscriber pmgr.0000.subscriber._state_sub_cb
2017-05-30 22:45:30,587: pmgr.0000           : MainProcess                     : MainThread     : DEBUG   : using addr tcp://138.201.86.166:41485 for pubsub state_pubsub
2017-05-30 22:45:30,588: pmgr.0000           : MainProcess                     : MainThread     : DEBUG   : start thread
2017-05-30 22:45:30,588: pmgr.0000           : MainProcess                     : pmgr.0000.subscriber._state_sub_cb: INFO    : child (me) initializing
2017-05-30 22:45:30,588: pmgr.0000           : MainProcess                     : pmgr.0000.subscriber._state_sub_cb: DEBUG   : ru_initialize_common (NOOP)
2017-05-30 22:45:30,588: pmgr.0000           : MainProcess                     : pmgr.0000.subscriber._state_sub_cb: DEBUG   : ru_initialize_child (NOOP)
2017-05-30 22:45:30,588: pmgr.0000           : MainProcess                     : pmgr.0000.subscriber._state_sub_cb: INFO    : send alive
2017-05-30 22:45:30,588: pmgr.0000           : MainProcess                     : pmgr.0000.subscriber._state_sub_cb: INFO    : send message: alive
2017-05-30 22:45:30,589: pmgr.0000           : MainProcess                     : MainThread     : INFO    : recv message: alive
2017-05-30 22:45:30,589: pmgr.0000           : MainProcess                     : MainThread     : DEBUG   : ru_initialize_common (NOOP)
2017-05-30 22:45:30,589: pmgr.0000           : MainProcess                     : MainThread     : DEBUG   : ru_initialize_parent (NOOP)
2017-05-30 22:45:30,589: pmgr.0000           : MainProcess                     : MainThread     : DEBUG   : child thread pmgr.0000.subscriber._state_sub_cb started
2017-05-30 22:45:30,589: pmgr.0000           : MainProcess                     : MainThread     : DEBUG   : pmgr.0000 registered state_pubsub subscriber pmgr.0000.subscriber._state_sub_cb
2017-05-30 22:45:31,117: pmgr.0000           : MainProcess                     : MainThread     : DEBUG   : PMGR setup done (      NoneNone) : None
2017-05-30 22:45:32,348: pmgr.0000           : MainProcess                     : MainThread     : DEBUG   : advance bulk size: 1 [False, False]
2017-05-30 22:45:32,348: pmgr.0000           : MainProcess                     : MainThread     : DEBUG   : advance bulk: pilot.0000 [1]
2017-05-30 22:45:32,448: pmgr.0000           : MainProcess                     : MainThread     : INFO    : [Callback]: pilot pilot.0000 state: PMGR_LAUNCHING_PENDING.
2017-05-30 22:45:32,448: pmgr.0000           : MainProcess                     : MainThread     : DEBUG   : advance bulk size: 1 [True, True]
2017-05-30 22:45:32,449: pmgr.0000           : MainProcess                     : MainThread     : DEBUG   : advance bulk: pilot.0000 [1]
2017-05-30 22:45:32,449: pmgr.0000           : MainProcess                     : MainThread     : DEBUG   : bucket: PMGR_LAUNCHING_PENDING : ['pilot.0000']
2017-05-30 22:45:32,449: pmgr.0000           : MainProcess                     : MainThread     : DEBUG   : put bulk PMGR_LAUNCHING_PENDING: 1
2017-05-30 22:45:32,450: pmgr.0000           : MainProcess                     : MainThread     : DEBUG   : push pilot.0000 ---> PMGR_LAUNCHING_PENDING
2017-05-30 22:45:32,452: pmgr.0000           : MainProcess                     : pmgr.0000.subscriber._state_sub_cb: INFO    : [Callback]: pilot pilot.0000 state: PMGR_LAUNCHING.
2017-05-30 22:45:32,453: pmgr.0000           : MainProcess                     : pmgr.0000.subscriber._state_sub_cb: DEBUG   : advance bulk size: 1 [False, False]
2017-05-30 22:45:32,453: pmgr.0000           : MainProcess                     : pmgr.0000.subscriber._state_sub_cb: DEBUG   : advance bulk: pilot.0000 [1]
2017-05-30 22:45:44,915: pmgr.0000           : MainProcess                     : MainThread     : DEBUG   : wait timed out
2017-05-30 22:45:44,917: pmgr.0000           : MainProcess                     : MainThread     : DEBUG   : stop pmgr.0000 (24564 : None : MainThread) [radical.pilot.pilot_manager.PilotManager.close]
2017-05-30 22:45:44,917: pmgr.0000           : MainProcess                     : MainThread     : INFO    : parent stops child
2017-05-30 22:45:45,367: pmgr.0000           : MainProcess                     : MainThread     : DEBUG   : ru_finalize_common()
2017-05-30 22:45:45,367: pmgr.0000           : MainProcess                     : MainThread     : DEBUG   : TERM : pmgr.0000 unregister publisher state_pubsub
2017-05-30 22:45:45,368: pmgr.0000           : MainProcess                     : MainThread     : DEBUG   : unregistered publisher state_pubsub
2017-05-30 22:45:45,368: pmgr.0000           : MainProcess                     : MainThread     : DEBUG   : TERM : pmgr.0000 unregister publisher control_pubsub
2017-05-30 22:45:45,369: pmgr.0000           : MainProcess                     : MainThread     : DEBUG   : unregistered publisher control_pubsub
2017-05-30 22:45:45,369: pmgr.0000           : MainProcess                     : MainThread     : DEBUG   : pmgr.0000 close prof
2017-05-30 22:45:45,370: pmgr.0000           : MainProcess                     : MainThread     : INFO    : parent stops child
2017-05-30 22:45:45,370: pmgr.0000           : MainProcess                     : MainThread     : DEBUG   : ru_finalize_parent (NOOP)
2017-05-30 22:45:45,370: pmgr.0000           : MainProcess                     : MainThread     : DEBUG   : ru_finalize_common (NOOP)
2017-05-30 22:45:45,471: pmgr.0000           : MainProcess                     : pmgr.0000.subscriber._state_sub_cb: DEBUG   : ru_finalize_child (NOOP)
2017-05-30 22:45:45,471: pmgr.0000           : MainProcess                     : pmgr.0000.subscriber._state_sub_cb: DEBUG   : ru_finalize_common (NOOP)
2017-05-30 22:45:45,471: pmgr.0000           : MainProcess                     : pmgr.0000.subscriber._state_sub_cb: INFO    : send message: terminating
2017-05-30 22:45:45,484: pmgr.0000           : MainProcess                     : MainThread     : INFO    : parent stops child
2017-05-30 22:45:45,485: pmgr.0000           : MainProcess                     : MainThread     : DEBUG   : ru_finalize_parent (NOOP)
2017-05-30 22:45:45,485: pmgr.0000           : MainProcess                     : MainThread     : DEBUG   : ru_finalize_common (NOOP)
2017-05-30 22:45:45,513: pmgr.0000           : MainProcess                     : pmgr.0000.idler._state_pull_cb: DEBUG   : ru_finalize_child (NOOP)
2017-05-30 22:45:45,514: pmgr.0000           : MainProcess                     : pmgr.0000.idler._state_pull_cb: DEBUG   : ru_finalize_common (NOOP)
2017-05-30 22:45:45,514: pmgr.0000           : MainProcess                     : pmgr.0000.idler._state_pull_cb: INFO    : send message: terminating
2017-05-30 22:45:45,517: pmgr.0000           : MainProcess                     : MainThread     : INFO    : Closed PilotManager pmgr.0000.
2017-05-30 22:45:47,925: pmgr.0000           : MainProcess                     : MainThread     : INFO    : radical.pilot        version: split-81-gf853cc9b@feature-bridges
2017-05-30 22:45:47,925: pmgr.0000           : MainProcess                     : MainThread     : DEBUG   : start process
2017-05-30 22:45:47,925: pmgr.0000           : MainProcess                     : MainThread     : INFO    : radical.pilot        version: split-81-gf853cc9b@feature-bridges
2017-05-30 22:45:47,934: pmgr.0000           : MainProcess                     : MainThread     : INFO    : initialize pmgr.0000
2017-05-30 22:45:47,935: pmgr.0000           : MainProcess                     : MainThread     : INFO    : cfg: {u'bridges': {u'pmgr_launching_queue': {u'bulk_size': 0,
                                        u'log_level': u'debug',
                                        u'stall_hwm': 1}},
 u'components': {u'PMGRLaunchingComponent': {u'count': 1}},
 u'db_poll_sleeptime': 1.0,
 'owner': 'pmgr.0000'}
2017-05-30 22:45:47,935: pmgr.0000           : MainProcess                     : MainThread     : DEBUG   : start bridges   : {u'pmgr_launching_queue': {u'bulk_size': 0,
                           u'log_level': u'debug',
                           u'stall_hwm': 1}}
2017-05-30 22:45:47,936: pmgr.0000           : MainProcess                     : MainThread     : INFO    : create bridge pmgr_launching_queue
2017-05-30 22:45:47,970: pmgr.0000           : MainProcess                     : MainThread     : INFO    : created bridge pmgr_launching_queue (pmgr.launching.queue.bridge)
2017-05-30 22:45:47,971: pmgr.0000           : MainProcess                     : MainThread     : DEBUG   : start components: {u'PMGRLaunchingComponent': {u'count': 1}}
2017-05-30 22:45:47,971: pmgr.0000           : MainProcess                     : MainThread     : DEBUG   : start 1 component(s) PMGRLaunchingComponent
2017-05-30 22:45:48,008: pmgr.0000           : MainProcess                     : MainThread     : ERROR   : bridge / component startup incomplete:
{u'bridges': {u'control_pubsub': {'addr_in': 'tcp://138.201.86.166:35395',
                                  'addr_out': 'tcp://138.201.86.166:40123',
                                  u'bulk_size': 0,
                                  u'log_level': u'debug',
                                  u'stall_hwm': 1},
              u'log_pubsub': {'addr_in': 'tcp://138.201.86.166:36211',
                              'addr_out': 'tcp://138.201.86.166:42094',
                              u'bulk_size': 0,
                              u'log_level': u'debug',
                              u'stall_hwm': 1},
              u'pmgr_launching_queue': {'addr_in': 'tcp://138.201.86.166:46793',
                                        'addr_out': 'tcp://138.201.86.166:45739',
                                        u'bulk_size': 0,
                                        u'log_level': u'debug',
                                        u'stall_hwm': 1},
              u'state_pubsub': {'addr_in': 'tcp://138.201.86.166:36997',
                                'addr_out': 'tcp://138.201.86.166:37811',
                                u'bulk_size': 0,
                                u'log_level': u'debug',
                                u'stall_hwm': 1}},
 u'components': {u'PMGRLaunchingComponent': {u'count': 1}},
 u'db_poll_sleeptime': 1.0,
 'owner': 'pmgr.0000',
 'uid': 'pmgr.0000'}
Traceback (most recent call last):
  File "/home/mingtha/ve/ve.rp_add_res_cfg/local/lib/python2.7/site-packages/radical/pilot/utils/component.py", line 516, in ru_initialize_common
    self._log)
  File "/home/mingtha/ve/ve.rp_add_res_cfg/local/lib/python2.7/site-packages/radical/pilot/utils/component.py", line 252, in start_components
    comp.start()
  File "/home/mingtha/ve/ve.rp_add_res_cfg/local/lib/python2.7/site-packages/radical/utils/process.py", line 438, in start
    timeout))
RuntimeError: unexpected child message () [5.0]
2017-05-30 22:45:48,008: pmgr.0000           : MainProcess                     : MainThread     : ERROR   : initialization error
Traceback (most recent call last):
  File "/home/mingtha/ve/ve.rp_add_res_cfg/local/lib/python2.7/site-packages/radical/utils/process.py", line 753, in _ru_initialize
    self.ru_initialize_common()
  File "/home/mingtha/ve/ve.rp_add_res_cfg/local/lib/python2.7/site-packages/radical/pilot/utils/component.py", line 516, in ru_initialize_common
    self._log)
  File "/home/mingtha/ve/ve.rp_add_res_cfg/local/lib/python2.7/site-packages/radical/pilot/utils/component.py", line 252, in start_components
    comp.start()
  File "/home/mingtha/ve/ve.rp_add_res_cfg/local/lib/python2.7/site-packages/radical/utils/process.py", line 438, in start
    timeout))
RuntimeError: unexpected child message () [5.0]
2017-05-30 22:45:48,008: pmgr.0000           : MainProcess                     : MainThread     : ERROR   : initialization failed
Traceback (most recent call last):
  File "/home/mingtha/ve/ve.rp_add_res_cfg/local/lib/python2.7/site-packages/radical/utils/process.py", line 444, in start
    self._ru_initialize()
  File "/home/mingtha/ve/ve.rp_add_res_cfg/local/lib/python2.7/site-packages/radical/utils/process.py", line 767, in _ru_initialize
    raise RuntimeError('initialize: %s' % repr(e))
RuntimeError: initialize: RuntimeError('unexpected child message () [5.0]',)
2017-05-30 22:45:48,009: pmgr.0000           : MainProcess                     : MainThread     : DEBUG   : stop pmgr.0000 (24564 : None : MainThread) [radical.utils.process.PilotManager.start]
2017-05-30 22:45:48,009: pmgr.0000           : MainProcess                     : MainThread     : INFO    : parent stops child
2017-05-30 22:45:48,182: pmgr.0000           : MainProcess                     : MainThread     : DEBUG   : ru_finalize_common()
2017-05-30 22:45:48,182: pmgr.0000           : MainProcess                     : MainThread     : WARNING : publisher state_pubsub is not registered
2017-05-30 22:45:48,182: pmgr.0000           : MainProcess                     : MainThread     : WARNING : publisher control_pubsub is not registered
2017-05-30 22:45:48,182: pmgr.0000           : MainProcess                     : MainThread     : DEBUG   : pmgr.0000 close prof
