2017-05-30 22:15:10,795: pmgr.launching.0    : MainProcess                     : MainThread     : INFO    : python.interpreter   version: 2.7.12 (default, Nov 19 2016, 06:48:10) [GCC 5.4.0 20160609]
2017-05-30 22:15:10,796: pmgr.launching.0    : MainProcess                     : MainThread     : INFO    :                      pid: 24564
2017-05-30 22:15:10,796: pmgr.launching.0    : MainProcess                     : MainThread     : INFO    :                      tid: MainThread
2017-05-30 22:15:10,796: pmgr.launching.0    : MainProcess                     : MainThread     : INFO    : radical.pilot        version: split-81-gf853cc9b@feature-bridges
2017-05-30 22:15:10,796: pmgr.launching.0    : MainProcess                     : MainThread     : DEBUG   : start process
2017-05-30 22:15:10,804: pmgr.launching.0    : pmgr.launching.0                : MainThread     : INFO    : child (me) initializing
2017-05-30 22:15:10,805: pmgr.launching.0    : pmgr.launching.0                : MainThread     : DEBUG   : start thread
2017-05-30 22:15:10,805: pmgr.launching.0    : pmgr.launching.0                : pmgr.launching.0.child.watch: INFO    : child (me) initializing
2017-05-30 22:15:10,805: pmgr.launching.0    : pmgr.launching.0                : pmgr.launching.0.child.watch: DEBUG   : ru_initialize_common (NOOP)
2017-05-30 22:15:10,806: pmgr.launching.0    : pmgr.launching.0                : pmgr.launching.0.child.watch: DEBUG   : ru_initialize_child (NOOP)
2017-05-30 22:15:10,806: pmgr.launching.0    : pmgr.launching.0                : pmgr.launching.0.child.watch: INFO    : send alive
2017-05-30 22:15:10,806: pmgr.launching.0    : pmgr.launching.0                : pmgr.launching.0.child.watch: INFO    : send message: alive
2017-05-30 22:15:10,807: pmgr.launching.0    : pmgr.launching.0                : MainThread     : INFO    : recv message: alive
2017-05-30 22:15:10,807: pmgr.launching.0    : pmgr.launching.0                : MainThread     : DEBUG   : ru_initialize_common (NOOP)
2017-05-30 22:15:10,807: pmgr.launching.0    : pmgr.launching.0                : MainThread     : DEBUG   : ru_initialize_parent (NOOP)
2017-05-30 22:15:10,807: pmgr.launching.0    : pmgr.launching.0                : MainThread     : DEBUG   : child thread pmgr.launching.0.child.watch started
2017-05-30 22:15:10,807: pmgr.launching.0    : pmgr.launching.0                : MainThread     : INFO    : child (me) is alive
2017-05-30 22:15:10,855: pmgr.launching.0    : pmgr.launching.0                : MainThread     : INFO    : send alive
2017-05-30 22:15:10,856: pmgr.launching.0    : pmgr.launching.0                : MainThread     : INFO    : send message: alive
2017-05-30 22:15:10,856: pmgr.launching.0    : MainProcess                     : MainThread     : INFO    : recv message: alive
2017-05-30 22:15:10,857: pmgr.launching.0    : MainProcess                     : MainThread     : DEBUG   : start thread
2017-05-30 22:15:10,858: pmgr.launching.0    : MainProcess                     : pmgr.launching.0.watch: INFO    : child (me) initializing
2017-05-30 22:15:10,858: pmgr.launching.0    : MainProcess                     : pmgr.launching.0.watch: DEBUG   : ru_initialize_common (NOOP)
2017-05-30 22:15:10,858: pmgr.launching.0    : MainProcess                     : pmgr.launching.0.watch: DEBUG   : ru_initialize_child (NOOP)
2017-05-30 22:15:10,858: pmgr.launching.0    : MainProcess                     : pmgr.launching.0.watch: INFO    : send alive
2017-05-30 22:15:10,858: pmgr.launching.0    : MainProcess                     : pmgr.launching.0.watch: INFO    : send message: alive
2017-05-30 22:15:10,859: pmgr.launching.0    : MainProcess                     : MainThread     : INFO    : recv message: alive
2017-05-30 22:15:10,859: pmgr.launching.0    : MainProcess                     : MainThread     : DEBUG   : ru_initialize_common (NOOP)
2017-05-30 22:15:10,860: pmgr.launching.0    : MainProcess                     : MainThread     : DEBUG   : ru_initialize_parent (NOOP)
2017-05-30 22:15:10,860: pmgr.launching.0    : MainProcess                     : MainThread     : DEBUG   : child thread pmgr.launching.0.watch started
2017-05-30 22:15:10,860: pmgr.launching.0    : MainProcess                     : MainThread     : INFO    : child is alive
2017-05-30 22:15:10,860: pmgr.launching.0    : MainProcess                     : MainThread     : INFO    : radical.pilot        version: split-81-gf853cc9b@feature-bridges
2017-05-30 22:15:10,875: pmgr.launching.0    : MainProcess                     : MainThread     : INFO    : initialize pmgr.launching.0
2017-05-30 22:15:10,878: pmgr.launching.0    : MainProcess                     : MainThread     : INFO    : cfg: {'agents': {},
 u'bridges': {u'control_pubsub': {'addr_in': 'tcp://138.201.86.166:34047',
                                  'addr_out': 'tcp://138.201.86.166:37683',
                                  u'bulk_size': 0,
                                  u'log_level': u'debug',
                                  u'stall_hwm': 1},
              u'log_pubsub': {'addr_in': 'tcp://138.201.86.166:43314',
                              'addr_out': 'tcp://138.201.86.166:39234',
                              u'bulk_size': 0,
                              u'log_level': u'debug',
                              u'stall_hwm': 1},
              u'pmgr_launching_queue': {'addr_in': 'tcp://138.201.86.166:37331',
                                        'addr_out': 'tcp://138.201.86.166:35850',
                                        u'bulk_size': 0,
                                        u'log_level': u'debug',
                                        u'stall_hwm': 1},
              u'state_pubsub': {'addr_in': 'tcp://138.201.86.166:42040',
                                'addr_out': 'tcp://138.201.86.166:40251',
                                u'bulk_size': 0,
                                u'log_level': u'debug',
                                u'stall_hwm': 1}},
 'cname': u'PMGRLaunchingComponent',
 u'components': {},
 u'count': 1,
 u'db_poll_sleeptime': 1.0,
 'number': 0,
 'owner': 'pmgr.0000',
 'uid': 'pmgr.0000'}
2017-05-30 22:15:10,878: pmgr.launching.0    : MainProcess                     : MainThread     : DEBUG   : START: pmgr.launching.0 register publisher log_pubsub
2017-05-30 22:15:10,879: pmgr.launching.0    : MainProcess                     : MainThread     : DEBUG   : using addr tcp://138.201.86.166:43314 for pubsub log_pubsub
2017-05-30 22:15:10,880: pmgr.launching.0    : MainProcess                     : MainThread     : DEBUG   : registered publisher : log_pubsub : log.pubsub.pub
2017-05-30 22:15:10,880: pmgr.launching.0    : MainProcess                     : MainThread     : DEBUG   : START: pmgr.launching.0 register publisher state_pubsub
2017-05-30 22:15:10,880: pmgr.launching.0    : MainProcess                     : MainThread     : DEBUG   : using addr tcp://138.201.86.166:42040 for pubsub state_pubsub
2017-05-30 22:15:10,882: pmgr.launching.0    : MainProcess                     : MainThread     : DEBUG   : registered publisher : state_pubsub : state.pubsub.pub
2017-05-30 22:15:10,882: pmgr.launching.0    : MainProcess                     : MainThread     : DEBUG   : START: pmgr.launching.0 register publisher control_pubsub
2017-05-30 22:15:10,882: pmgr.launching.0    : MainProcess                     : MainThread     : DEBUG   : using addr tcp://138.201.86.166:34047 for pubsub control_pubsub
2017-05-30 22:15:10,883: pmgr.launching.0    : MainProcess                     : MainThread     : DEBUG   : registered publisher : control_pubsub : control.pubsub.pub
2017-05-30 22:15:10,884: pmgr.launching.0    : MainProcess                     : MainThread     : DEBUG   : child process started
2017-05-30 22:21:55,143: pmgr.launching.0    : MainProcess                     : MainThread     : DEBUG   : stop pmgr.launching.0 (24564 : 24632 : MainThread) [radical.pilot.pilot_manager.PilotManager.finalize_parent]
2017-05-30 22:21:55,144: pmgr.launching.0    : MainProcess                     : MainThread     : INFO    : parent stops child
2017-05-30 22:21:55,144: pmgr.launching.0    : MainProcess                     : MainThread     : DEBUG   : ru_finalize_common()
2017-05-30 22:21:55,144: pmgr.launching.0    : MainProcess                     : MainThread     : DEBUG   : TERM : pmgr.launching.0 unregister publisher state_pubsub
2017-05-30 22:21:55,145: pmgr.launching.0    : MainProcess                     : MainThread     : DEBUG   : unregistered publisher state_pubsub
2017-05-30 22:21:55,145: pmgr.launching.0    : MainProcess                     : MainThread     : DEBUG   : TERM : pmgr.launching.0 unregister publisher control_pubsub
2017-05-30 22:21:55,146: pmgr.launching.0    : MainProcess                     : MainThread     : DEBUG   : unregistered publisher control_pubsub
2017-05-30 22:21:55,146: pmgr.launching.0    : MainProcess                     : MainThread     : DEBUG   : pmgr.launching.0 close prof
2017-05-30 22:21:55,146: pmgr.launching.0    : MainProcess                     : MainThread     : INFO    : parent stops child
2017-05-30 22:21:55,146: pmgr.launching.0    : MainProcess                     : MainThread     : DEBUG   : ru_finalize_parent (NOOP)
2017-05-30 22:21:55,146: pmgr.launching.0    : MainProcess                     : MainThread     : DEBUG   : ru_finalize_common (NOOP)
2017-05-30 22:21:55,187: pmgr.launching.0    : MainProcess                     : pmgr.launching.0.watch: INFO    : send message: work finished
2017-05-30 22:21:55,188: pmgr.launching.0    : MainProcess                     : pmgr.launching.0.watch: DEBUG   : ru_finalize_child (NOOP)
2017-05-30 22:21:55,188: pmgr.launching.0    : MainProcess                     : pmgr.launching.0.watch: DEBUG   : ru_finalize_common (NOOP)
2017-05-30 22:21:55,188: pmgr.launching.0    : MainProcess                     : pmgr.launching.0.watch: INFO    : send message: terminating
2017-05-30 22:21:55,224: pmgr.launching.0    : pmgr.launching.0                : pmgr.launching.0.child.watch: WARNING : endpoint disappeard
2017-05-30 22:21:55,224: pmgr.launching.0    : pmgr.launching.0                : pmgr.launching.0.child.watch: WARNING : watcher failed
2017-05-30 22:21:55,224: pmgr.launching.0    : pmgr.launching.0                : pmgr.launching.0.child.watch: INFO    : send message: work finished
2017-05-30 22:21:55,225: pmgr.launching.0    : pmgr.launching.0                : pmgr.launching.0.child.watch: DEBUG   : ru_finalize_child (NOOP)
2017-05-30 22:21:55,225: pmgr.launching.0    : pmgr.launching.0                : pmgr.launching.0.child.watch: DEBUG   : ru_finalize_common (NOOP)
2017-05-30 22:21:55,225: pmgr.launching.0    : pmgr.launching.0                : pmgr.launching.0.child.watch: INFO    : send message: terminating
2017-05-30 22:21:55,310: pmgr.launching.0    : MainProcess                     : MainThread     : WARNING : failed to stop child - terminate
2017-05-30 22:21:58,140: pmgr.launching.0    : MainProcess                     : MainThread     : INFO    : radical.pilot        version: split-81-gf853cc9b@feature-bridges
2017-05-30 22:21:58,141: pmgr.launching.0    : MainProcess                     : MainThread     : DEBUG   : start process
2017-05-30 22:21:58,154: pmgr.launching.0    : pmgr.launching.0                : MainThread     : INFO    : child (me) initializing
2017-05-30 22:21:58,155: pmgr.launching.0    : pmgr.launching.0                : MainThread     : DEBUG   : start thread
2017-05-30 22:21:58,155: pmgr.launching.0    : pmgr.launching.0                : pmgr.launching.0.child.watch: INFO    : child (me) initializing
2017-05-30 22:21:58,155: pmgr.launching.0    : pmgr.launching.0                : pmgr.launching.0.child.watch: DEBUG   : ru_initialize_common (NOOP)
2017-05-30 22:21:58,155: pmgr.launching.0    : pmgr.launching.0                : pmgr.launching.0.child.watch: DEBUG   : ru_initialize_child (NOOP)
2017-05-30 22:21:58,156: pmgr.launching.0    : pmgr.launching.0                : pmgr.launching.0.child.watch: INFO    : send alive
2017-05-30 22:21:58,156: pmgr.launching.0    : pmgr.launching.0                : pmgr.launching.0.child.watch: INFO    : send message: alive
2017-05-30 22:21:58,157: pmgr.launching.0    : pmgr.launching.0                : MainThread     : INFO    : recv message: alive
2017-05-30 22:21:58,157: pmgr.launching.0    : pmgr.launching.0                : MainThread     : DEBUG   : ru_initialize_common (NOOP)
2017-05-30 22:21:58,158: pmgr.launching.0    : pmgr.launching.0                : MainThread     : DEBUG   : ru_initialize_parent (NOOP)
2017-05-30 22:21:58,158: pmgr.launching.0    : pmgr.launching.0                : MainThread     : DEBUG   : child thread pmgr.launching.0.child.watch started
2017-05-30 22:21:58,158: pmgr.launching.0    : pmgr.launching.0                : MainThread     : INFO    : child (me) is alive
2017-05-30 22:21:58,226: pmgr.launching.0    : pmgr.launching.0                : MainThread     : INFO    : send alive
2017-05-30 22:21:58,226: pmgr.launching.0    : pmgr.launching.0                : MainThread     : INFO    : send message: alive
2017-05-30 22:21:58,226: pmgr.launching.0    : MainProcess                     : MainThread     : INFO    : recv message: alive
2017-05-30 22:21:58,227: pmgr.launching.0    : MainProcess                     : MainThread     : DEBUG   : start thread
2017-05-30 22:21:58,228: pmgr.launching.0    : MainProcess                     : pmgr.launching.0.watch: INFO    : child (me) initializing
2017-05-30 22:21:58,228: pmgr.launching.0    : MainProcess                     : pmgr.launching.0.watch: DEBUG   : ru_initialize_common (NOOP)
2017-05-30 22:21:58,228: pmgr.launching.0    : MainProcess                     : pmgr.launching.0.watch: DEBUG   : ru_initialize_child (NOOP)
2017-05-30 22:21:58,228: pmgr.launching.0    : MainProcess                     : pmgr.launching.0.watch: INFO    : send alive
2017-05-30 22:21:58,228: pmgr.launching.0    : MainProcess                     : pmgr.launching.0.watch: INFO    : send message: alive
2017-05-30 22:21:58,229: pmgr.launching.0    : MainProcess                     : MainThread     : INFO    : recv message: alive
2017-05-30 22:21:58,229: pmgr.launching.0    : MainProcess                     : MainThread     : DEBUG   : ru_initialize_common (NOOP)
2017-05-30 22:21:58,229: pmgr.launching.0    : MainProcess                     : MainThread     : DEBUG   : ru_initialize_parent (NOOP)
2017-05-30 22:21:58,229: pmgr.launching.0    : MainProcess                     : MainThread     : DEBUG   : child thread pmgr.launching.0.watch started
2017-05-30 22:21:58,230: pmgr.launching.0    : MainProcess                     : MainThread     : INFO    : child is alive
2017-05-30 22:21:58,230: pmgr.launching.0    : MainProcess                     : MainThread     : INFO    : radical.pilot        version: split-81-gf853cc9b@feature-bridges
2017-05-30 22:21:58,294: pmgr.launching.0    : MainProcess                     : MainThread     : INFO    : initialize pmgr.launching.0
2017-05-30 22:21:58,298: pmgr.launching.0    : MainProcess                     : MainThread     : INFO    : cfg: {'agents': {},
 u'bridges': {u'control_pubsub': {'addr_in': 'tcp://138.201.86.166:38427',
                                  'addr_out': 'tcp://138.201.86.166:45762',
                                  u'bulk_size': 0,
                                  u'log_level': u'debug',
                                  u'stall_hwm': 1},
              u'log_pubsub': {'addr_in': 'tcp://138.201.86.166:39312',
                              'addr_out': 'tcp://138.201.86.166:38920',
                              u'bulk_size': 0,
                              u'log_level': u'debug',
                              u'stall_hwm': 1},
              u'pmgr_launching_queue': {'addr_in': 'tcp://138.201.86.166:36038',
                                        'addr_out': 'tcp://138.201.86.166:33965',
                                        u'bulk_size': 0,
                                        u'log_level': u'debug',
                                        u'stall_hwm': 1},
              u'state_pubsub': {'addr_in': 'tcp://138.201.86.166:41013',
                                'addr_out': 'tcp://138.201.86.166:36088',
                                u'bulk_size': 0,
                                u'log_level': u'debug',
                                u'stall_hwm': 1}},
 'cname': u'PMGRLaunchingComponent',
 u'components': {},
 u'count': 1,
 u'db_poll_sleeptime': 1.0,
 'number': 0,
 'owner': 'pmgr.0000',
 'uid': 'pmgr.0000'}
2017-05-30 22:21:58,299: pmgr.launching.0    : MainProcess                     : MainThread     : DEBUG   : START: pmgr.launching.0 register publisher log_pubsub
2017-05-30 22:21:58,299: pmgr.launching.0    : MainProcess                     : MainThread     : DEBUG   : using addr tcp://138.201.86.166:39312 for pubsub log_pubsub
2017-05-30 22:21:58,300: pmgr.launching.0    : MainProcess                     : MainThread     : DEBUG   : registered publisher : log_pubsub : log.pubsub.pub
2017-05-30 22:21:58,300: pmgr.launching.0    : MainProcess                     : MainThread     : DEBUG   : START: pmgr.launching.0 register publisher state_pubsub
2017-05-30 22:21:58,301: pmgr.launching.0    : MainProcess                     : MainThread     : DEBUG   : using addr tcp://138.201.86.166:41013 for pubsub state_pubsub
2017-05-30 22:21:58,302: pmgr.launching.0    : MainProcess                     : MainThread     : DEBUG   : registered publisher : state_pubsub : state.pubsub.pub
2017-05-30 22:21:58,303: pmgr.launching.0    : MainProcess                     : MainThread     : DEBUG   : START: pmgr.launching.0 register publisher control_pubsub
2017-05-30 22:21:58,303: pmgr.launching.0    : MainProcess                     : MainThread     : DEBUG   : using addr tcp://138.201.86.166:38427 for pubsub control_pubsub
2017-05-30 22:21:58,304: pmgr.launching.0    : MainProcess                     : MainThread     : DEBUG   : registered publisher : control_pubsub : control.pubsub.pub
2017-05-30 22:21:58,304: pmgr.launching.0    : MainProcess                     : MainThread     : DEBUG   : child process started
2017-05-30 22:29:47,779: pmgr.launching.0    : MainProcess                     : MainThread     : DEBUG   : stop pmgr.launching.0 (24564 : 26561 : MainThread) [radical.pilot.pilot_manager.PilotManager.finalize_parent]
2017-05-30 22:29:47,779: pmgr.launching.0    : MainProcess                     : MainThread     : INFO    : parent stops child
2017-05-30 22:29:47,779: pmgr.launching.0    : MainProcess                     : MainThread     : DEBUG   : ru_finalize_common()
2017-05-30 22:29:47,779: pmgr.launching.0    : MainProcess                     : MainThread     : DEBUG   : TERM : pmgr.launching.0 unregister publisher state_pubsub
2017-05-30 22:29:47,780: pmgr.launching.0    : MainProcess                     : MainThread     : DEBUG   : unregistered publisher state_pubsub
2017-05-30 22:29:47,780: pmgr.launching.0    : MainProcess                     : MainThread     : DEBUG   : TERM : pmgr.launching.0 unregister publisher control_pubsub
2017-05-30 22:29:47,781: pmgr.launching.0    : MainProcess                     : MainThread     : DEBUG   : unregistered publisher control_pubsub
2017-05-30 22:29:47,781: pmgr.launching.0    : MainProcess                     : MainThread     : DEBUG   : pmgr.launching.0 close prof
2017-05-30 22:29:47,782: pmgr.launching.0    : MainProcess                     : MainThread     : INFO    : parent stops child
2017-05-30 22:29:47,782: pmgr.launching.0    : MainProcess                     : MainThread     : DEBUG   : ru_finalize_parent (NOOP)
2017-05-30 22:29:47,782: pmgr.launching.0    : MainProcess                     : MainThread     : DEBUG   : ru_finalize_common (NOOP)
2017-05-30 22:29:47,797: pmgr.launching.0    : MainProcess                     : pmgr.launching.0.watch: INFO    : send message: work finished
2017-05-30 22:29:47,797: pmgr.launching.0    : MainProcess                     : pmgr.launching.0.watch: DEBUG   : ru_finalize_child (NOOP)
2017-05-30 22:29:47,798: pmgr.launching.0    : MainProcess                     : pmgr.launching.0.watch: DEBUG   : ru_finalize_common (NOOP)
2017-05-30 22:29:47,798: pmgr.launching.0    : MainProcess                     : pmgr.launching.0.watch: INFO    : send message: terminating
2017-05-30 22:29:47,914: pmgr.launching.0    : MainProcess                     : MainThread     : WARNING : failed to stop child - terminate
2017-05-30 22:29:51,099: pmgr.launching.0    : MainProcess                     : MainThread     : INFO    : radical.pilot        version: split-81-gf853cc9b@feature-bridges
2017-05-30 22:29:51,099: pmgr.launching.0    : MainProcess                     : MainThread     : DEBUG   : start process
2017-05-30 22:29:51,115: pmgr.launching.0    : pmgr.launching.0                : MainThread     : INFO    : child (me) initializing
2017-05-30 22:29:51,116: pmgr.launching.0    : pmgr.launching.0                : MainThread     : DEBUG   : start thread
2017-05-30 22:29:51,116: pmgr.launching.0    : pmgr.launching.0                : pmgr.launching.0.child.watch: INFO    : child (me) initializing
2017-05-30 22:29:51,117: pmgr.launching.0    : pmgr.launching.0                : pmgr.launching.0.child.watch: DEBUG   : ru_initialize_common (NOOP)
2017-05-30 22:29:51,117: pmgr.launching.0    : pmgr.launching.0                : pmgr.launching.0.child.watch: DEBUG   : ru_initialize_child (NOOP)
2017-05-30 22:29:51,117: pmgr.launching.0    : pmgr.launching.0                : pmgr.launching.0.child.watch: INFO    : send alive
2017-05-30 22:29:51,117: pmgr.launching.0    : pmgr.launching.0                : pmgr.launching.0.child.watch: INFO    : send message: alive
2017-05-30 22:29:51,118: pmgr.launching.0    : pmgr.launching.0                : MainThread     : INFO    : recv message: alive
2017-05-30 22:29:51,118: pmgr.launching.0    : pmgr.launching.0                : MainThread     : DEBUG   : ru_initialize_common (NOOP)
2017-05-30 22:29:51,118: pmgr.launching.0    : pmgr.launching.0                : MainThread     : DEBUG   : ru_initialize_parent (NOOP)
2017-05-30 22:29:51,118: pmgr.launching.0    : pmgr.launching.0                : MainThread     : DEBUG   : child thread pmgr.launching.0.child.watch started
2017-05-30 22:29:51,119: pmgr.launching.0    : pmgr.launching.0                : MainThread     : INFO    : child (me) is alive
2017-05-30 22:29:51,197: pmgr.launching.0    : pmgr.launching.0                : MainThread     : INFO    : send alive
2017-05-30 22:29:51,198: pmgr.launching.0    : pmgr.launching.0                : MainThread     : INFO    : send message: alive
2017-05-30 22:29:51,198: pmgr.launching.0    : MainProcess                     : MainThread     : INFO    : recv message: alive
2017-05-30 22:29:51,199: pmgr.launching.0    : MainProcess                     : MainThread     : DEBUG   : start thread
2017-05-30 22:29:51,200: pmgr.launching.0    : MainProcess                     : pmgr.launching.0.watch: INFO    : child (me) initializing
2017-05-30 22:29:51,200: pmgr.launching.0    : MainProcess                     : pmgr.launching.0.watch: DEBUG   : ru_initialize_common (NOOP)
2017-05-30 22:29:51,200: pmgr.launching.0    : MainProcess                     : pmgr.launching.0.watch: DEBUG   : ru_initialize_child (NOOP)
2017-05-30 22:29:51,200: pmgr.launching.0    : MainProcess                     : pmgr.launching.0.watch: INFO    : send alive
2017-05-30 22:29:51,200: pmgr.launching.0    : MainProcess                     : pmgr.launching.0.watch: INFO    : send message: alive
2017-05-30 22:29:51,201: pmgr.launching.0    : MainProcess                     : MainThread     : INFO    : recv message: alive
2017-05-30 22:29:51,201: pmgr.launching.0    : MainProcess                     : MainThread     : DEBUG   : ru_initialize_common (NOOP)
2017-05-30 22:29:51,202: pmgr.launching.0    : MainProcess                     : MainThread     : DEBUG   : ru_initialize_parent (NOOP)
2017-05-30 22:29:51,202: pmgr.launching.0    : MainProcess                     : MainThread     : DEBUG   : child thread pmgr.launching.0.watch started
2017-05-30 22:29:51,202: pmgr.launching.0    : MainProcess                     : MainThread     : INFO    : child is alive
2017-05-30 22:29:51,202: pmgr.launching.0    : MainProcess                     : MainThread     : INFO    : radical.pilot        version: split-81-gf853cc9b@feature-bridges
2017-05-30 22:29:51,206: pmgr.launching.0    : MainProcess                     : MainThread     : INFO    : initialize pmgr.launching.0
2017-05-30 22:29:51,210: pmgr.launching.0    : MainProcess                     : MainThread     : INFO    : cfg: {'agents': {},
 u'bridges': {u'control_pubsub': {'addr_in': 'tcp://138.201.86.166:41927',
                                  'addr_out': 'tcp://138.201.86.166:42812',
                                  u'bulk_size': 0,
                                  u'log_level': u'debug',
                                  u'stall_hwm': 1},
              u'log_pubsub': {'addr_in': 'tcp://138.201.86.166:41020',
                              'addr_out': 'tcp://138.201.86.166:41079',
                              u'bulk_size': 0,
                              u'log_level': u'debug',
                              u'stall_hwm': 1},
              u'pmgr_launching_queue': {'addr_in': 'tcp://138.201.86.166:38493',
                                        'addr_out': 'tcp://138.201.86.166:36866',
                                        u'bulk_size': 0,
                                        u'log_level': u'debug',
                                        u'stall_hwm': 1},
              u'state_pubsub': {'addr_in': 'tcp://138.201.86.166:46272',
                                'addr_out': 'tcp://138.201.86.166:45737',
                                u'bulk_size': 0,
                                u'log_level': u'debug',
                                u'stall_hwm': 1}},
 'cname': u'PMGRLaunchingComponent',
 u'components': {},
 u'count': 1,
 u'db_poll_sleeptime': 1.0,
 'number': 0,
 'owner': 'pmgr.0000',
 'uid': 'pmgr.0000'}
2017-05-30 22:29:51,210: pmgr.launching.0    : MainProcess                     : MainThread     : DEBUG   : START: pmgr.launching.0 register publisher log_pubsub
2017-05-30 22:29:51,210: pmgr.launching.0    : MainProcess                     : MainThread     : DEBUG   : using addr tcp://138.201.86.166:41020 for pubsub log_pubsub
2017-05-30 22:29:51,212: pmgr.launching.0    : MainProcess                     : MainThread     : DEBUG   : registered publisher : log_pubsub : log.pubsub.pub
2017-05-30 22:29:51,212: pmgr.launching.0    : MainProcess                     : MainThread     : DEBUG   : START: pmgr.launching.0 register publisher state_pubsub
2017-05-30 22:29:51,212: pmgr.launching.0    : MainProcess                     : MainThread     : DEBUG   : using addr tcp://138.201.86.166:46272 for pubsub state_pubsub
2017-05-30 22:29:51,214: pmgr.launching.0    : MainProcess                     : MainThread     : DEBUG   : registered publisher : state_pubsub : state.pubsub.pub
2017-05-30 22:29:51,214: pmgr.launching.0    : MainProcess                     : MainThread     : DEBUG   : START: pmgr.launching.0 register publisher control_pubsub
2017-05-30 22:29:51,214: pmgr.launching.0    : MainProcess                     : MainThread     : DEBUG   : using addr tcp://138.201.86.166:41927 for pubsub control_pubsub
2017-05-30 22:29:51,216: pmgr.launching.0    : MainProcess                     : MainThread     : DEBUG   : registered publisher : control_pubsub : control.pubsub.pub
2017-05-30 22:29:51,216: pmgr.launching.0    : MainProcess                     : MainThread     : DEBUG   : child process started
2017-05-30 22:37:33,739: pmgr.launching.0    : MainProcess                     : MainThread     : DEBUG   : stop pmgr.launching.0 (24564 : 28799 : MainThread) [radical.pilot.pilot_manager.PilotManager.finalize_parent]
2017-05-30 22:37:33,740: pmgr.launching.0    : MainProcess                     : MainThread     : INFO    : parent stops child
2017-05-30 22:37:33,740: pmgr.launching.0    : MainProcess                     : MainThread     : DEBUG   : ru_finalize_common()
2017-05-30 22:37:33,740: pmgr.launching.0    : MainProcess                     : MainThread     : DEBUG   : TERM : pmgr.launching.0 unregister publisher state_pubsub
2017-05-30 22:37:33,741: pmgr.launching.0    : MainProcess                     : MainThread     : DEBUG   : unregistered publisher state_pubsub
2017-05-30 22:37:33,741: pmgr.launching.0    : MainProcess                     : MainThread     : DEBUG   : TERM : pmgr.launching.0 unregister publisher control_pubsub
2017-05-30 22:37:33,741: pmgr.launching.0    : MainProcess                     : MainThread     : DEBUG   : unregistered publisher control_pubsub
2017-05-30 22:37:33,741: pmgr.launching.0    : MainProcess                     : MainThread     : DEBUG   : pmgr.launching.0 close prof
2017-05-30 22:37:33,741: pmgr.launching.0    : MainProcess                     : MainThread     : INFO    : parent stops child
2017-05-30 22:37:33,741: pmgr.launching.0    : MainProcess                     : MainThread     : DEBUG   : ru_finalize_parent (NOOP)
2017-05-30 22:37:33,741: pmgr.launching.0    : MainProcess                     : MainThread     : DEBUG   : ru_finalize_common (NOOP)
2017-05-30 22:37:33,831: pmgr.launching.0    : MainProcess                     : pmgr.launching.0.watch: INFO    : send message: work finished
2017-05-30 22:37:33,832: pmgr.launching.0    : MainProcess                     : pmgr.launching.0.watch: DEBUG   : ru_finalize_child (NOOP)
2017-05-30 22:37:33,832: pmgr.launching.0    : MainProcess                     : pmgr.launching.0.watch: DEBUG   : ru_finalize_common (NOOP)
2017-05-30 22:37:33,832: pmgr.launching.0    : MainProcess                     : pmgr.launching.0.watch: INFO    : send message: terminating
2017-05-30 22:37:33,956: pmgr.launching.0    : MainProcess                     : MainThread     : WARNING : failed to stop child - terminate
2017-05-30 22:37:36,851: pmgr.launching.0    : MainProcess                     : MainThread     : INFO    : radical.pilot        version: split-81-gf853cc9b@feature-bridges
2017-05-30 22:37:36,852: pmgr.launching.0    : MainProcess                     : MainThread     : DEBUG   : start process
2017-05-30 22:37:36,869: pmgr.launching.0    : pmgr.launching.0                : MainThread     : INFO    : child (me) initializing
2017-05-30 22:37:36,870: pmgr.launching.0    : pmgr.launching.0                : MainThread     : DEBUG   : start thread
2017-05-30 22:37:36,871: pmgr.launching.0    : pmgr.launching.0                : pmgr.launching.0.child.watch: INFO    : child (me) initializing
2017-05-30 22:37:36,871: pmgr.launching.0    : pmgr.launching.0                : pmgr.launching.0.child.watch: DEBUG   : ru_initialize_common (NOOP)
2017-05-30 22:37:36,871: pmgr.launching.0    : pmgr.launching.0                : pmgr.launching.0.child.watch: DEBUG   : ru_initialize_child (NOOP)
2017-05-30 22:37:36,871: pmgr.launching.0    : pmgr.launching.0                : pmgr.launching.0.child.watch: INFO    : send alive
2017-05-30 22:37:36,871: pmgr.launching.0    : pmgr.launching.0                : pmgr.launching.0.child.watch: INFO    : send message: alive
2017-05-30 22:37:36,872: pmgr.launching.0    : pmgr.launching.0                : MainThread     : INFO    : recv message: alive
2017-05-30 22:37:36,872: pmgr.launching.0    : pmgr.launching.0                : MainThread     : DEBUG   : ru_initialize_common (NOOP)
2017-05-30 22:37:36,872: pmgr.launching.0    : pmgr.launching.0                : MainThread     : DEBUG   : ru_initialize_parent (NOOP)
2017-05-30 22:37:36,872: pmgr.launching.0    : pmgr.launching.0                : MainThread     : DEBUG   : child thread pmgr.launching.0.child.watch started
2017-05-30 22:37:36,872: pmgr.launching.0    : pmgr.launching.0                : MainThread     : INFO    : child (me) is alive
2017-05-30 22:37:36,890: pmgr.launching.0    : pmgr.launching.0                : MainThread     : INFO    : send alive
2017-05-30 22:37:36,890: pmgr.launching.0    : pmgr.launching.0                : MainThread     : INFO    : send message: alive
2017-05-30 22:37:36,890: pmgr.launching.0    : MainProcess                     : MainThread     : INFO    : recv message: alive
2017-05-30 22:37:36,890: pmgr.launching.0    : MainProcess                     : MainThread     : DEBUG   : start thread
2017-05-30 22:37:36,891: pmgr.launching.0    : MainProcess                     : pmgr.launching.0.watch: INFO    : child (me) initializing
2017-05-30 22:37:36,891: pmgr.launching.0    : MainProcess                     : pmgr.launching.0.watch: DEBUG   : ru_initialize_common (NOOP)
2017-05-30 22:37:36,891: pmgr.launching.0    : MainProcess                     : pmgr.launching.0.watch: DEBUG   : ru_initialize_child (NOOP)
2017-05-30 22:37:36,891: pmgr.launching.0    : MainProcess                     : pmgr.launching.0.watch: INFO    : send alive
2017-05-30 22:37:36,891: pmgr.launching.0    : MainProcess                     : pmgr.launching.0.watch: INFO    : send message: alive
2017-05-30 22:37:36,892: pmgr.launching.0    : MainProcess                     : MainThread     : INFO    : recv message: alive
2017-05-30 22:37:36,892: pmgr.launching.0    : MainProcess                     : MainThread     : DEBUG   : ru_initialize_common (NOOP)
2017-05-30 22:37:36,892: pmgr.launching.0    : MainProcess                     : MainThread     : DEBUG   : ru_initialize_parent (NOOP)
2017-05-30 22:37:36,892: pmgr.launching.0    : MainProcess                     : MainThread     : DEBUG   : child thread pmgr.launching.0.watch started
2017-05-30 22:37:36,892: pmgr.launching.0    : MainProcess                     : MainThread     : INFO    : child is alive
2017-05-30 22:37:36,892: pmgr.launching.0    : MainProcess                     : MainThread     : INFO    : radical.pilot        version: split-81-gf853cc9b@feature-bridges
2017-05-30 22:37:36,894: pmgr.launching.0    : MainProcess                     : MainThread     : INFO    : initialize pmgr.launching.0
2017-05-30 22:37:36,895: pmgr.launching.0    : MainProcess                     : MainThread     : INFO    : cfg: {'agents': {},
 u'bridges': {u'control_pubsub': {'addr_in': 'tcp://138.201.86.166:36013',
                                  'addr_out': 'tcp://138.201.86.166:41895',
                                  u'bulk_size': 0,
                                  u'log_level': u'debug',
                                  u'stall_hwm': 1},
              u'log_pubsub': {'addr_in': 'tcp://138.201.86.166:40071',
                              'addr_out': 'tcp://138.201.86.166:40218',
                              u'bulk_size': 0,
                              u'log_level': u'debug',
                              u'stall_hwm': 1},
              u'pmgr_launching_queue': {'addr_in': 'tcp://138.201.86.166:34369',
                                        'addr_out': 'tcp://138.201.86.166:46434',
                                        u'bulk_size': 0,
                                        u'log_level': u'debug',
                                        u'stall_hwm': 1},
              u'state_pubsub': {'addr_in': 'tcp://138.201.86.166:40800',
                                'addr_out': 'tcp://138.201.86.166:37247',
                                u'bulk_size': 0,
                                u'log_level': u'debug',
                                u'stall_hwm': 1}},
 'cname': u'PMGRLaunchingComponent',
 u'components': {},
 u'count': 1,
 u'db_poll_sleeptime': 1.0,
 'number': 0,
 'owner': 'pmgr.0000',
 'uid': 'pmgr.0000'}
2017-05-30 22:37:36,895: pmgr.launching.0    : MainProcess                     : MainThread     : DEBUG   : START: pmgr.launching.0 register publisher log_pubsub
2017-05-30 22:37:36,895: pmgr.launching.0    : MainProcess                     : MainThread     : DEBUG   : using addr tcp://138.201.86.166:40071 for pubsub log_pubsub
2017-05-30 22:37:36,896: pmgr.launching.0    : MainProcess                     : MainThread     : DEBUG   : registered publisher : log_pubsub : log.pubsub.pub
2017-05-30 22:37:36,896: pmgr.launching.0    : MainProcess                     : MainThread     : DEBUG   : START: pmgr.launching.0 register publisher state_pubsub
2017-05-30 22:37:36,896: pmgr.launching.0    : MainProcess                     : MainThread     : DEBUG   : using addr tcp://138.201.86.166:40800 for pubsub state_pubsub
2017-05-30 22:37:36,896: pmgr.launching.0    : MainProcess                     : MainThread     : DEBUG   : registered publisher : state_pubsub : state.pubsub.pub
2017-05-30 22:37:36,896: pmgr.launching.0    : MainProcess                     : MainThread     : DEBUG   : START: pmgr.launching.0 register publisher control_pubsub
2017-05-30 22:37:36,896: pmgr.launching.0    : MainProcess                     : MainThread     : DEBUG   : using addr tcp://138.201.86.166:36013 for pubsub control_pubsub
2017-05-30 22:37:36,897: pmgr.launching.0    : MainProcess                     : MainThread     : DEBUG   : registered publisher : control_pubsub : control.pubsub.pub
2017-05-30 22:37:36,897: pmgr.launching.0    : MainProcess                     : MainThread     : DEBUG   : child process started
2017-05-30 22:45:25,686: pmgr.launching.0    : MainProcess                     : MainThread     : DEBUG   : stop pmgr.launching.0 (24564 : 31287 : MainThread) [radical.pilot.pilot_manager.PilotManager.finalize_parent]
2017-05-30 22:45:25,686: pmgr.launching.0    : MainProcess                     : MainThread     : INFO    : parent stops child
2017-05-30 22:45:25,686: pmgr.launching.0    : MainProcess                     : MainThread     : DEBUG   : ru_finalize_common()
2017-05-30 22:45:25,686: pmgr.launching.0    : MainProcess                     : MainThread     : DEBUG   : TERM : pmgr.launching.0 unregister publisher state_pubsub
2017-05-30 22:45:25,687: pmgr.launching.0    : MainProcess                     : MainThread     : DEBUG   : unregistered publisher state_pubsub
2017-05-30 22:45:25,687: pmgr.launching.0    : MainProcess                     : MainThread     : DEBUG   : TERM : pmgr.launching.0 unregister publisher control_pubsub
2017-05-30 22:45:25,688: pmgr.launching.0    : MainProcess                     : MainThread     : DEBUG   : unregistered publisher control_pubsub
2017-05-30 22:45:25,688: pmgr.launching.0    : MainProcess                     : MainThread     : DEBUG   : pmgr.launching.0 close prof
2017-05-30 22:45:25,689: pmgr.launching.0    : MainProcess                     : MainThread     : INFO    : parent stops child
2017-05-30 22:45:25,689: pmgr.launching.0    : MainProcess                     : MainThread     : DEBUG   : ru_finalize_parent (NOOP)
2017-05-30 22:45:25,689: pmgr.launching.0    : MainProcess                     : MainThread     : DEBUG   : ru_finalize_common (NOOP)
2017-05-30 22:45:25,736: pmgr.launching.0    : MainProcess                     : pmgr.launching.0.watch: INFO    : send message: work finished
2017-05-30 22:45:25,736: pmgr.launching.0    : MainProcess                     : pmgr.launching.0.watch: DEBUG   : ru_finalize_child (NOOP)
2017-05-30 22:45:25,737: pmgr.launching.0    : MainProcess                     : pmgr.launching.0.watch: DEBUG   : ru_finalize_common (NOOP)
2017-05-30 22:45:25,737: pmgr.launching.0    : MainProcess                     : pmgr.launching.0.watch: INFO    : send message: terminating
2017-05-30 22:45:25,853: pmgr.launching.0    : MainProcess                     : MainThread     : WARNING : failed to stop child - terminate
2017-05-30 22:45:29,511: pmgr.launching.0    : MainProcess                     : MainThread     : INFO    : radical.pilot        version: split-81-gf853cc9b@feature-bridges
2017-05-30 22:45:29,511: pmgr.launching.0    : MainProcess                     : MainThread     : DEBUG   : start process
2017-05-30 22:45:29,532: pmgr.launching.0    : pmgr.launching.0                : MainThread     : INFO    : child (me) initializing
2017-05-30 22:45:29,533: pmgr.launching.0    : pmgr.launching.0                : MainThread     : DEBUG   : start thread
2017-05-30 22:45:29,534: pmgr.launching.0    : pmgr.launching.0                : pmgr.launching.0.child.watch: INFO    : child (me) initializing
2017-05-30 22:45:29,534: pmgr.launching.0    : pmgr.launching.0                : pmgr.launching.0.child.watch: DEBUG   : ru_initialize_common (NOOP)
2017-05-30 22:45:29,534: pmgr.launching.0    : pmgr.launching.0                : pmgr.launching.0.child.watch: DEBUG   : ru_initialize_child (NOOP)
2017-05-30 22:45:29,534: pmgr.launching.0    : pmgr.launching.0                : pmgr.launching.0.child.watch: INFO    : send alive
2017-05-30 22:45:29,534: pmgr.launching.0    : pmgr.launching.0                : pmgr.launching.0.child.watch: INFO    : send message: alive
2017-05-30 22:45:29,535: pmgr.launching.0    : pmgr.launching.0                : MainThread     : INFO    : recv message: alive
2017-05-30 22:45:29,535: pmgr.launching.0    : pmgr.launching.0                : MainThread     : DEBUG   : ru_initialize_common (NOOP)
2017-05-30 22:45:29,535: pmgr.launching.0    : pmgr.launching.0                : MainThread     : DEBUG   : ru_initialize_parent (NOOP)
2017-05-30 22:45:29,535: pmgr.launching.0    : pmgr.launching.0                : MainThread     : DEBUG   : child thread pmgr.launching.0.child.watch started
2017-05-30 22:45:29,535: pmgr.launching.0    : pmgr.launching.0                : MainThread     : INFO    : child (me) is alive
2017-05-30 22:45:29,571: pmgr.launching.0    : pmgr.launching.0                : MainThread     : INFO    : send alive
2017-05-30 22:45:29,571: pmgr.launching.0    : pmgr.launching.0                : MainThread     : INFO    : send message: alive
2017-05-30 22:45:29,571: pmgr.launching.0    : MainProcess                     : MainThread     : INFO    : recv message: alive
2017-05-30 22:45:29,571: pmgr.launching.0    : MainProcess                     : MainThread     : DEBUG   : start thread
2017-05-30 22:45:29,571: pmgr.launching.0    : MainProcess                     : pmgr.launching.0.watch: INFO    : child (me) initializing
2017-05-30 22:45:29,572: pmgr.launching.0    : MainProcess                     : pmgr.launching.0.watch: DEBUG   : ru_initialize_common (NOOP)
2017-05-30 22:45:29,572: pmgr.launching.0    : MainProcess                     : pmgr.launching.0.watch: DEBUG   : ru_initialize_child (NOOP)
2017-05-30 22:45:29,572: pmgr.launching.0    : MainProcess                     : pmgr.launching.0.watch: INFO    : send alive
2017-05-30 22:45:29,572: pmgr.launching.0    : MainProcess                     : pmgr.launching.0.watch: INFO    : send message: alive
2017-05-30 22:45:29,573: pmgr.launching.0    : MainProcess                     : MainThread     : INFO    : recv message: alive
2017-05-30 22:45:29,573: pmgr.launching.0    : MainProcess                     : MainThread     : DEBUG   : ru_initialize_common (NOOP)
2017-05-30 22:45:29,573: pmgr.launching.0    : MainProcess                     : MainThread     : DEBUG   : ru_initialize_parent (NOOP)
2017-05-30 22:45:29,573: pmgr.launching.0    : MainProcess                     : MainThread     : DEBUG   : child thread pmgr.launching.0.watch started
2017-05-30 22:45:29,573: pmgr.launching.0    : MainProcess                     : MainThread     : INFO    : child is alive
2017-05-30 22:45:29,573: pmgr.launching.0    : MainProcess                     : MainThread     : INFO    : radical.pilot        version: split-81-gf853cc9b@feature-bridges
2017-05-30 22:45:30,576: pmgr.launching.0    : MainProcess                     : MainThread     : INFO    : initialize pmgr.launching.0
2017-05-30 22:45:30,580: pmgr.launching.0    : MainProcess                     : MainThread     : INFO    : cfg: {'agents': {},
 u'bridges': {u'control_pubsub': {'addr_in': 'tcp://138.201.86.166:42112',
                                  'addr_out': 'tcp://138.201.86.166:43822',
                                  u'bulk_size': 0,
                                  u'log_level': u'debug',
                                  u'stall_hwm': 1},
              u'log_pubsub': {'addr_in': 'tcp://138.201.86.166:39496',
                              'addr_out': 'tcp://138.201.86.166:38926',
                              u'bulk_size': 0,
                              u'log_level': u'debug',
                              u'stall_hwm': 1},
              u'pmgr_launching_queue': {'addr_in': 'tcp://138.201.86.166:37074',
                                        'addr_out': 'tcp://138.201.86.166:37440',
                                        u'bulk_size': 0,
                                        u'log_level': u'debug',
                                        u'stall_hwm': 1},
              u'state_pubsub': {'addr_in': 'tcp://138.201.86.166:33070',
                                'addr_out': 'tcp://138.201.86.166:41485',
                                u'bulk_size': 0,
                                u'log_level': u'debug',
                                u'stall_hwm': 1}},
 'cname': u'PMGRLaunchingComponent',
 u'components': {},
 u'count': 1,
 u'db_poll_sleeptime': 1.0,
 'number': 0,
 'owner': 'pmgr.0000',
 'uid': 'pmgr.0000'}
2017-05-30 22:45:30,580: pmgr.launching.0    : MainProcess                     : MainThread     : DEBUG   : START: pmgr.launching.0 register publisher log_pubsub
2017-05-30 22:45:30,580: pmgr.launching.0    : MainProcess                     : MainThread     : DEBUG   : using addr tcp://138.201.86.166:39496 for pubsub log_pubsub
2017-05-30 22:45:30,581: pmgr.launching.0    : MainProcess                     : MainThread     : DEBUG   : registered publisher : log_pubsub : log.pubsub.pub
2017-05-30 22:45:30,581: pmgr.launching.0    : MainProcess                     : MainThread     : DEBUG   : START: pmgr.launching.0 register publisher state_pubsub
2017-05-30 22:45:30,581: pmgr.launching.0    : MainProcess                     : MainThread     : DEBUG   : using addr tcp://138.201.86.166:33070 for pubsub state_pubsub
2017-05-30 22:45:30,581: pmgr.launching.0    : MainProcess                     : MainThread     : DEBUG   : registered publisher : state_pubsub : state.pubsub.pub
2017-05-30 22:45:30,581: pmgr.launching.0    : MainProcess                     : MainThread     : DEBUG   : START: pmgr.launching.0 register publisher control_pubsub
2017-05-30 22:45:30,582: pmgr.launching.0    : MainProcess                     : MainThread     : DEBUG   : using addr tcp://138.201.86.166:42112 for pubsub control_pubsub
2017-05-30 22:45:30,582: pmgr.launching.0    : MainProcess                     : MainThread     : DEBUG   : registered publisher : control_pubsub : control.pubsub.pub
2017-05-30 22:45:30,582: pmgr.launching.0    : MainProcess                     : MainThread     : DEBUG   : child process started
2017-05-30 22:45:44,919: pmgr.launching.0    : MainProcess                     : MainThread     : DEBUG   : stop pmgr.launching.0 (24564 : 1013 : MainThread) [radical.pilot.pilot_manager.PilotManager.finalize_parent]
2017-05-30 22:45:44,919: pmgr.launching.0    : MainProcess                     : MainThread     : INFO    : parent stops child
2017-05-30 22:45:44,919: pmgr.launching.0    : MainProcess                     : MainThread     : DEBUG   : ru_finalize_common()
2017-05-30 22:45:44,919: pmgr.launching.0    : MainProcess                     : MainThread     : DEBUG   : TERM : pmgr.launching.0 unregister publisher state_pubsub
2017-05-30 22:45:44,920: pmgr.launching.0    : MainProcess                     : MainThread     : DEBUG   : unregistered publisher state_pubsub
2017-05-30 22:45:44,920: pmgr.launching.0    : MainProcess                     : MainThread     : DEBUG   : TERM : pmgr.launching.0 unregister publisher control_pubsub
2017-05-30 22:45:44,921: pmgr.launching.0    : MainProcess                     : MainThread     : DEBUG   : unregistered publisher control_pubsub
2017-05-30 22:45:44,921: pmgr.launching.0    : MainProcess                     : MainThread     : DEBUG   : pmgr.launching.0 close prof
2017-05-30 22:45:44,921: pmgr.launching.0    : MainProcess                     : MainThread     : INFO    : parent stops child
2017-05-30 22:45:44,921: pmgr.launching.0    : MainProcess                     : MainThread     : DEBUG   : ru_finalize_parent (NOOP)
2017-05-30 22:45:44,921: pmgr.launching.0    : MainProcess                     : MainThread     : DEBUG   : ru_finalize_common (NOOP)
2017-05-30 22:45:45,005: pmgr.launching.0    : MainProcess                     : pmgr.launching.0.watch: INFO    : send message: work finished
2017-05-30 22:45:45,005: pmgr.launching.0    : MainProcess                     : pmgr.launching.0.watch: DEBUG   : ru_finalize_child (NOOP)
2017-05-30 22:45:45,046: pmgr.launching.0    : MainProcess                     : pmgr.launching.0.watch: DEBUG   : ru_finalize_common (NOOP)
2017-05-30 22:45:45,047: pmgr.launching.0    : MainProcess                     : pmgr.launching.0.watch: INFO    : send message: terminating
2017-05-30 22:45:45,072: pmgr.launching.0    : pmgr.launching.0                : pmgr.launching.0.child.watch: WARNING : endpoint disappeard
2017-05-30 22:45:45,072: pmgr.launching.0    : pmgr.launching.0                : pmgr.launching.0.child.watch: WARNING : watcher failed
2017-05-30 22:45:45,073: pmgr.launching.0    : pmgr.launching.0                : pmgr.launching.0.child.watch: INFO    : send message: work finished
2017-05-30 22:45:45,073: pmgr.launching.0    : pmgr.launching.0                : pmgr.launching.0.child.watch: DEBUG   : ru_finalize_child (NOOP)
2017-05-30 22:45:45,073: pmgr.launching.0    : pmgr.launching.0                : pmgr.launching.0.child.watch: DEBUG   : ru_finalize_common (NOOP)
2017-05-30 22:45:45,073: pmgr.launching.0    : pmgr.launching.0                : pmgr.launching.0.child.watch: INFO    : send message: terminating
2017-05-30 22:45:45,186: pmgr.launching.0    : MainProcess                     : MainThread     : WARNING : failed to stop child - terminate
2017-05-30 22:45:47,972: pmgr.launching.0    : MainProcess                     : MainThread     : INFO    : radical.pilot        version: split-81-gf853cc9b@feature-bridges
2017-05-30 22:45:47,972: pmgr.launching.0    : MainProcess                     : MainThread     : DEBUG   : start process
2017-05-30 22:45:47,985: pmgr.launching.0    : pmgr.launching.0                : MainThread     : INFO    : child (me) initializing
2017-05-30 22:45:47,986: pmgr.launching.0    : pmgr.launching.0                : MainThread     : DEBUG   : start thread
2017-05-30 22:45:47,986: pmgr.launching.0    : pmgr.launching.0                : pmgr.launching.0.child.watch: INFO    : child (me) initializing
2017-05-30 22:45:47,986: pmgr.launching.0    : pmgr.launching.0                : pmgr.launching.0.child.watch: DEBUG   : ru_initialize_common (NOOP)
2017-05-30 22:45:47,986: pmgr.launching.0    : pmgr.launching.0                : pmgr.launching.0.child.watch: DEBUG   : ru_initialize_child (NOOP)
2017-05-30 22:45:47,987: pmgr.launching.0    : pmgr.launching.0                : pmgr.launching.0.child.watch: INFO    : send alive
2017-05-30 22:45:47,987: pmgr.launching.0    : pmgr.launching.0                : pmgr.launching.0.child.watch: INFO    : send message: alive
2017-05-30 22:45:47,987: pmgr.launching.0    : pmgr.launching.0                : MainThread     : INFO    : recv message: alive
2017-05-30 22:45:47,988: pmgr.launching.0    : pmgr.launching.0                : MainThread     : DEBUG   : ru_initialize_common (NOOP)
2017-05-30 22:45:47,988: pmgr.launching.0    : pmgr.launching.0                : MainThread     : DEBUG   : ru_initialize_parent (NOOP)
2017-05-30 22:45:47,988: pmgr.launching.0    : pmgr.launching.0                : MainThread     : DEBUG   : child thread pmgr.launching.0.child.watch started
2017-05-30 22:45:47,988: pmgr.launching.0    : pmgr.launching.0                : MainThread     : INFO    : child (me) is alive
2017-05-30 22:45:48,004: pmgr.launching.0    : MainProcess                     : MainThread     : INFO    : recv message: 
2017-05-30 22:45:48,004: pmgr.launching.0    : MainProcess                     : MainThread     : INFO    : recv message: 
2017-05-30 22:45:48,004: pmgr.launching.0    : MainProcess                     : MainThread     : ERROR   : initialization failed
Traceback (most recent call last):
  File "/home/mingtha/ve/ve.rp_add_res_cfg/local/lib/python2.7/site-packages/radical/utils/process.py", line 438, in start
    timeout))
RuntimeError: unexpected child message () [5.0]
2017-05-30 22:45:48,005: pmgr.launching.0    : MainProcess                     : MainThread     : DEBUG   : stop pmgr.launching.0 (24564 : 1241 : MainThread) [radical.utils.process.Default.start]
2017-05-30 22:45:48,006: pmgr.launching.0    : MainProcess                     : MainThread     : INFO    : parent stops child
2017-05-30 22:45:48,006: pmgr.launching.0    : MainProcess                     : MainThread     : DEBUG   : ru_finalize_common()
2017-05-30 22:45:48,006: pmgr.launching.0    : MainProcess                     : MainThread     : WARNING : publisher state_pubsub is not registered
2017-05-30 22:45:48,006: pmgr.launching.0    : MainProcess                     : MainThread     : WARNING : publisher control_pubsub is not registered
2017-05-30 22:45:48,006: pmgr.launching.0    : MainProcess                     : MainThread     : DEBUG   : pmgr.launching.0 close prof
