2017-05-30 22:15:10,126: state.pubsub.bridge : MainProcess                     : MainThread     : INFO    : python.interpreter   version: 2.7.12 (default, Nov 19 2016, 06:48:10) [GCC 5.4.0 20160609]
2017-05-30 22:15:10,126: state.pubsub.bridge : MainProcess                     : MainThread     : INFO    :                      pid: 24564
2017-05-30 22:15:10,126: state.pubsub.bridge : MainProcess                     : MainThread     : INFO    :                      tid: MainThread
2017-05-30 22:15:10,126: state.pubsub.bridge : MainProcess                     : MainThread     : INFO    : radical.pilot        version: split-81-gf853cc9b@feature-bridges
2017-05-30 22:15:10,127: state.pubsub.bridge : MainProcess                     : MainThread     : INFO    : create state_pubsub - bridge - tcp://*:*
2017-05-30 22:15:10,127: state.pubsub.bridge : MainProcess                     : MainThread     : DEBUG   : start process
2017-05-30 22:15:10,130: state.pubsub.bridge : state.pubsub.bridge             : MainThread     : INFO    : child (me) initializing
2017-05-30 22:15:10,130: state.pubsub.bridge : state.pubsub.bridge             : MainThread     : DEBUG   : start thread
2017-05-30 22:15:10,130: state.pubsub.bridge : state.pubsub.bridge             : state.pubsub.bridge.child.watch: INFO    : child (me) initializing
2017-05-30 22:15:10,131: state.pubsub.bridge : state.pubsub.bridge             : state.pubsub.bridge.child.watch: DEBUG   : ru_initialize_common (NOOP)
2017-05-30 22:15:10,131: state.pubsub.bridge : state.pubsub.bridge             : state.pubsub.bridge.child.watch: DEBUG   : ru_initialize_child (NOOP)
2017-05-30 22:15:10,131: state.pubsub.bridge : state.pubsub.bridge             : state.pubsub.bridge.child.watch: INFO    : send alive
2017-05-30 22:15:10,131: state.pubsub.bridge : state.pubsub.bridge             : state.pubsub.bridge.child.watch: INFO    : send message: alive
2017-05-30 22:15:10,132: state.pubsub.bridge : state.pubsub.bridge             : MainThread     : INFO    : recv message: alive
2017-05-30 22:15:10,132: state.pubsub.bridge : state.pubsub.bridge             : MainThread     : DEBUG   : ru_initialize_common (NOOP)
2017-05-30 22:15:10,132: state.pubsub.bridge : state.pubsub.bridge             : MainThread     : DEBUG   : ru_initialize_parent (NOOP)
2017-05-30 22:15:10,132: state.pubsub.bridge : state.pubsub.bridge             : MainThread     : DEBUG   : child thread state.pubsub.bridge.child.watch started
2017-05-30 22:15:10,132: state.pubsub.bridge : state.pubsub.bridge             : MainThread     : INFO    : child (me) is alive
2017-05-30 22:15:10,132: state.pubsub.bridge : state.pubsub.bridge             : MainThread     : DEBUG   : ru_initialize_common (NOOP)
2017-05-30 22:15:10,134: state.pubsub.bridge : state.pubsub.bridge.child       : MainThread     : INFO    : send alive
2017-05-30 22:15:10,135: state.pubsub.bridge : state.pubsub.bridge.child       : MainThread     : INFO    : send message: alive
2017-05-30 22:15:10,135: state.pubsub.bridge : MainProcess                     : MainThread     : INFO    : recv message: alive
2017-05-30 22:15:10,135: state.pubsub.bridge : MainProcess                     : MainThread     : DEBUG   : start thread
2017-05-30 22:15:10,135: state.pubsub.bridge : MainProcess                     : state.pubsub.bridge.watch: INFO    : child (me) initializing
2017-05-30 22:15:10,136: state.pubsub.bridge : MainProcess                     : state.pubsub.bridge.watch: DEBUG   : ru_initialize_common (NOOP)
2017-05-30 22:15:10,136: state.pubsub.bridge : MainProcess                     : state.pubsub.bridge.watch: DEBUG   : ru_initialize_child (NOOP)
2017-05-30 22:15:10,136: state.pubsub.bridge : MainProcess                     : state.pubsub.bridge.watch: INFO    : send alive
2017-05-30 22:15:10,136: state.pubsub.bridge : MainProcess                     : state.pubsub.bridge.watch: INFO    : send message: alive
2017-05-30 22:15:10,137: state.pubsub.bridge : MainProcess                     : MainThread     : INFO    : recv message: alive
2017-05-30 22:15:10,137: state.pubsub.bridge : MainProcess                     : MainThread     : DEBUG   : ru_initialize_common (NOOP)
2017-05-30 22:15:10,137: state.pubsub.bridge : MainProcess                     : MainThread     : DEBUG   : ru_initialize_parent (NOOP)
2017-05-30 22:15:10,137: state.pubsub.bridge : MainProcess                     : MainThread     : DEBUG   : child thread state.pubsub.bridge.watch started
2017-05-30 22:15:10,137: state.pubsub.bridge : MainProcess                     : MainThread     : INFO    : child is alive
2017-05-30 22:15:10,137: state.pubsub.bridge : MainProcess                     : MainThread     : DEBUG   : ru_initialize_common (NOOP)
2017-05-30 22:15:10,137: state.pubsub.bridge : MainProcess                     : MainThread     : DEBUG   : ru_initialize_parent (NOOP)
2017-05-30 22:15:10,137: state.pubsub.bridge : MainProcess                     : MainThread     : DEBUG   : child process started
2017-05-30 22:21:55,885: state.pubsub.bridge : MainProcess                     : MainThread     : INFO    : parent stops child
2017-05-30 22:21:55,885: state.pubsub.bridge : MainProcess                     : MainThread     : DEBUG   : ru_finalize_parent (NOOP)
2017-05-30 22:21:55,885: state.pubsub.bridge : MainProcess                     : MainThread     : DEBUG   : ru_finalize_common (NOOP)
2017-05-30 22:21:55,885: state.pubsub.bridge : MainProcess                     : MainThread     : INFO    : parent stops child
2017-05-30 22:21:55,885: state.pubsub.bridge : MainProcess                     : MainThread     : DEBUG   : ru_finalize_parent (NOOP)
2017-05-30 22:21:55,885: state.pubsub.bridge : MainProcess                     : MainThread     : DEBUG   : ru_finalize_common (NOOP)
2017-05-30 22:21:55,914: state.pubsub.bridge : MainProcess                     : state.pubsub.bridge.watch: INFO    : send message: work finished
2017-05-30 22:21:55,914: state.pubsub.bridge : MainProcess                     : state.pubsub.bridge.watch: DEBUG   : ru_finalize_child (NOOP)
2017-05-30 22:21:55,915: state.pubsub.bridge : MainProcess                     : state.pubsub.bridge.watch: DEBUG   : ru_finalize_common (NOOP)
2017-05-30 22:21:55,915: state.pubsub.bridge : MainProcess                     : state.pubsub.bridge.watch: INFO    : send message: terminating
2017-05-30 22:21:56,018: state.pubsub.bridge : MainProcess                     : MainThread     : WARNING : failed to stop child - terminate
2017-05-30 22:21:57,391: state.pubsub.bridge : MainProcess                     : MainThread     : INFO    : radical.pilot        version: split-81-gf853cc9b@feature-bridges
2017-05-30 22:21:57,391: state.pubsub.bridge : MainProcess                     : MainThread     : INFO    : create state_pubsub - bridge - tcp://*:*
2017-05-30 22:21:57,391: state.pubsub.bridge : MainProcess                     : MainThread     : DEBUG   : start process
2017-05-30 22:21:57,398: state.pubsub.bridge : state.pubsub.bridge             : MainThread     : INFO    : child (me) initializing
2017-05-30 22:21:57,398: state.pubsub.bridge : state.pubsub.bridge             : MainThread     : DEBUG   : start thread
2017-05-30 22:21:57,398: state.pubsub.bridge : state.pubsub.bridge             : state.pubsub.bridge.child.watch: INFO    : child (me) initializing
2017-05-30 22:21:57,398: state.pubsub.bridge : state.pubsub.bridge             : state.pubsub.bridge.child.watch: DEBUG   : ru_initialize_common (NOOP)
2017-05-30 22:21:57,398: state.pubsub.bridge : state.pubsub.bridge             : state.pubsub.bridge.child.watch: DEBUG   : ru_initialize_child (NOOP)
2017-05-30 22:21:57,398: state.pubsub.bridge : state.pubsub.bridge             : state.pubsub.bridge.child.watch: INFO    : send alive
2017-05-30 22:21:57,398: state.pubsub.bridge : state.pubsub.bridge             : state.pubsub.bridge.child.watch: INFO    : send message: alive
2017-05-30 22:21:57,399: state.pubsub.bridge : state.pubsub.bridge             : MainThread     : INFO    : recv message: alive
2017-05-30 22:21:57,399: state.pubsub.bridge : state.pubsub.bridge             : MainThread     : DEBUG   : ru_initialize_common (NOOP)
2017-05-30 22:21:57,399: state.pubsub.bridge : state.pubsub.bridge             : MainThread     : DEBUG   : ru_initialize_parent (NOOP)
2017-05-30 22:21:57,399: state.pubsub.bridge : state.pubsub.bridge             : MainThread     : DEBUG   : child thread state.pubsub.bridge.child.watch started
2017-05-30 22:21:57,399: state.pubsub.bridge : state.pubsub.bridge             : MainThread     : INFO    : child (me) is alive
2017-05-30 22:21:57,399: state.pubsub.bridge : state.pubsub.bridge             : MainThread     : DEBUG   : ru_initialize_common (NOOP)
2017-05-30 22:21:57,401: state.pubsub.bridge : state.pubsub.bridge.child       : MainThread     : INFO    : send alive
2017-05-30 22:21:57,401: state.pubsub.bridge : state.pubsub.bridge.child       : MainThread     : INFO    : send message: alive
2017-05-30 22:21:57,401: state.pubsub.bridge : MainProcess                     : MainThread     : INFO    : recv message: alive
2017-05-30 22:21:57,402: state.pubsub.bridge : MainProcess                     : MainThread     : DEBUG   : start thread
2017-05-30 22:21:57,402: state.pubsub.bridge : MainProcess                     : state.pubsub.bridge.watch: INFO    : child (me) initializing
2017-05-30 22:21:57,402: state.pubsub.bridge : MainProcess                     : state.pubsub.bridge.watch: DEBUG   : ru_initialize_common (NOOP)
2017-05-30 22:21:57,402: state.pubsub.bridge : MainProcess                     : state.pubsub.bridge.watch: DEBUG   : ru_initialize_child (NOOP)
2017-05-30 22:21:57,402: state.pubsub.bridge : MainProcess                     : state.pubsub.bridge.watch: INFO    : send alive
2017-05-30 22:21:57,402: state.pubsub.bridge : MainProcess                     : state.pubsub.bridge.watch: INFO    : send message: alive
2017-05-30 22:21:57,403: state.pubsub.bridge : MainProcess                     : MainThread     : INFO    : recv message: alive
2017-05-30 22:21:57,403: state.pubsub.bridge : MainProcess                     : MainThread     : DEBUG   : ru_initialize_common (NOOP)
2017-05-30 22:21:57,403: state.pubsub.bridge : MainProcess                     : MainThread     : DEBUG   : ru_initialize_parent (NOOP)
2017-05-30 22:21:57,403: state.pubsub.bridge : MainProcess                     : MainThread     : DEBUG   : child thread state.pubsub.bridge.watch started
2017-05-30 22:21:57,403: state.pubsub.bridge : MainProcess                     : MainThread     : INFO    : child is alive
2017-05-30 22:21:57,403: state.pubsub.bridge : MainProcess                     : MainThread     : DEBUG   : ru_initialize_common (NOOP)
2017-05-30 22:21:57,403: state.pubsub.bridge : MainProcess                     : MainThread     : DEBUG   : ru_initialize_parent (NOOP)
2017-05-30 22:21:57,403: state.pubsub.bridge : MainProcess                     : MainThread     : DEBUG   : child process started
2017-05-30 22:29:48,849: state.pubsub.bridge : MainProcess                     : MainThread     : INFO    : parent stops child
2017-05-30 22:29:48,849: state.pubsub.bridge : MainProcess                     : MainThread     : DEBUG   : ru_finalize_parent (NOOP)
2017-05-30 22:29:48,850: state.pubsub.bridge : MainProcess                     : MainThread     : DEBUG   : ru_finalize_common (NOOP)
2017-05-30 22:29:48,850: state.pubsub.bridge : MainProcess                     : MainThread     : INFO    : parent stops child
2017-05-30 22:29:48,850: state.pubsub.bridge : MainProcess                     : MainThread     : DEBUG   : ru_finalize_parent (NOOP)
2017-05-30 22:29:48,850: state.pubsub.bridge : MainProcess                     : MainThread     : DEBUG   : ru_finalize_common (NOOP)
2017-05-30 22:29:48,865: state.pubsub.bridge : MainProcess                     : state.pubsub.bridge.watch: INFO    : send message: work finished
2017-05-30 22:29:48,865: state.pubsub.bridge : MainProcess                     : state.pubsub.bridge.watch: DEBUG   : ru_finalize_child (NOOP)
2017-05-30 22:29:48,865: state.pubsub.bridge : MainProcess                     : state.pubsub.bridge.watch: DEBUG   : ru_finalize_common (NOOP)
2017-05-30 22:29:48,866: state.pubsub.bridge : MainProcess                     : state.pubsub.bridge.watch: INFO    : send message: terminating
2017-05-30 22:29:48,966: state.pubsub.bridge : MainProcess                     : MainThread     : WARNING : failed to stop child - terminate
2017-05-30 22:29:50,307: state.pubsub.bridge : MainProcess                     : MainThread     : INFO    : radical.pilot        version: split-81-gf853cc9b@feature-bridges
2017-05-30 22:29:50,307: state.pubsub.bridge : MainProcess                     : MainThread     : INFO    : create state_pubsub - bridge - tcp://*:*
2017-05-30 22:29:50,308: state.pubsub.bridge : MainProcess                     : MainThread     : DEBUG   : start process
2017-05-30 22:29:50,315: state.pubsub.bridge : state.pubsub.bridge             : MainThread     : INFO    : child (me) initializing
2017-05-30 22:29:50,316: state.pubsub.bridge : state.pubsub.bridge             : MainThread     : DEBUG   : start thread
2017-05-30 22:29:50,316: state.pubsub.bridge : state.pubsub.bridge             : state.pubsub.bridge.child.watch: INFO    : child (me) initializing
2017-05-30 22:29:50,316: state.pubsub.bridge : state.pubsub.bridge             : state.pubsub.bridge.child.watch: DEBUG   : ru_initialize_common (NOOP)
2017-05-30 22:29:50,316: state.pubsub.bridge : state.pubsub.bridge             : state.pubsub.bridge.child.watch: DEBUG   : ru_initialize_child (NOOP)
2017-05-30 22:29:50,316: state.pubsub.bridge : state.pubsub.bridge             : state.pubsub.bridge.child.watch: INFO    : send alive
2017-05-30 22:29:50,316: state.pubsub.bridge : state.pubsub.bridge             : state.pubsub.bridge.child.watch: INFO    : send message: alive
2017-05-30 22:29:50,317: state.pubsub.bridge : state.pubsub.bridge             : MainThread     : INFO    : recv message: alive
2017-05-30 22:29:50,317: state.pubsub.bridge : state.pubsub.bridge             : MainThread     : DEBUG   : ru_initialize_common (NOOP)
2017-05-30 22:29:50,317: state.pubsub.bridge : state.pubsub.bridge             : MainThread     : DEBUG   : ru_initialize_parent (NOOP)
2017-05-30 22:29:50,317: state.pubsub.bridge : state.pubsub.bridge             : MainThread     : DEBUG   : child thread state.pubsub.bridge.child.watch started
2017-05-30 22:29:50,317: state.pubsub.bridge : state.pubsub.bridge             : MainThread     : INFO    : child (me) is alive
2017-05-30 22:29:50,317: state.pubsub.bridge : state.pubsub.bridge             : MainThread     : DEBUG   : ru_initialize_common (NOOP)
2017-05-30 22:29:50,319: state.pubsub.bridge : state.pubsub.bridge.child       : MainThread     : INFO    : send alive
2017-05-30 22:29:50,319: state.pubsub.bridge : state.pubsub.bridge.child       : MainThread     : INFO    : send message: alive
2017-05-30 22:29:50,319: state.pubsub.bridge : MainProcess                     : MainThread     : INFO    : recv message: alive
2017-05-30 22:29:50,320: state.pubsub.bridge : MainProcess                     : MainThread     : DEBUG   : start thread
2017-05-30 22:29:50,320: state.pubsub.bridge : MainProcess                     : state.pubsub.bridge.watch: INFO    : child (me) initializing
2017-05-30 22:29:50,320: state.pubsub.bridge : MainProcess                     : state.pubsub.bridge.watch: DEBUG   : ru_initialize_common (NOOP)
2017-05-30 22:29:50,320: state.pubsub.bridge : MainProcess                     : state.pubsub.bridge.watch: DEBUG   : ru_initialize_child (NOOP)
2017-05-30 22:29:50,320: state.pubsub.bridge : MainProcess                     : state.pubsub.bridge.watch: INFO    : send alive
2017-05-30 22:29:50,320: state.pubsub.bridge : MainProcess                     : state.pubsub.bridge.watch: INFO    : send message: alive
2017-05-30 22:29:50,321: state.pubsub.bridge : MainProcess                     : MainThread     : INFO    : recv message: alive
2017-05-30 22:29:50,321: state.pubsub.bridge : MainProcess                     : MainThread     : DEBUG   : ru_initialize_common (NOOP)
2017-05-30 22:29:50,321: state.pubsub.bridge : MainProcess                     : MainThread     : DEBUG   : ru_initialize_parent (NOOP)
2017-05-30 22:29:50,321: state.pubsub.bridge : MainProcess                     : MainThread     : DEBUG   : child thread state.pubsub.bridge.watch started
2017-05-30 22:29:50,321: state.pubsub.bridge : MainProcess                     : MainThread     : INFO    : child is alive
2017-05-30 22:29:50,321: state.pubsub.bridge : MainProcess                     : MainThread     : DEBUG   : ru_initialize_common (NOOP)
2017-05-30 22:29:50,321: state.pubsub.bridge : MainProcess                     : MainThread     : DEBUG   : ru_initialize_parent (NOOP)
2017-05-30 22:29:50,321: state.pubsub.bridge : MainProcess                     : MainThread     : DEBUG   : child process started
2017-05-30 22:37:34,591: state.pubsub.bridge : MainProcess                     : MainThread     : INFO    : parent stops child
2017-05-30 22:37:34,591: state.pubsub.bridge : MainProcess                     : MainThread     : DEBUG   : ru_finalize_parent (NOOP)
2017-05-30 22:37:34,591: state.pubsub.bridge : MainProcess                     : MainThread     : DEBUG   : ru_finalize_common (NOOP)
2017-05-30 22:37:34,591: state.pubsub.bridge : MainProcess                     : MainThread     : INFO    : parent stops child
2017-05-30 22:37:34,591: state.pubsub.bridge : MainProcess                     : MainThread     : DEBUG   : ru_finalize_parent (NOOP)
2017-05-30 22:37:34,592: state.pubsub.bridge : MainProcess                     : MainThread     : DEBUG   : ru_finalize_common (NOOP)
2017-05-30 22:37:34,683: state.pubsub.bridge : MainProcess                     : state.pubsub.bridge.watch: INFO    : send message: work finished
2017-05-30 22:37:34,684: state.pubsub.bridge : MainProcess                     : state.pubsub.bridge.watch: DEBUG   : ru_finalize_child (NOOP)
2017-05-30 22:37:34,684: state.pubsub.bridge : MainProcess                     : state.pubsub.bridge.watch: DEBUG   : ru_finalize_common (NOOP)
2017-05-30 22:37:34,684: state.pubsub.bridge : MainProcess                     : state.pubsub.bridge.watch: INFO    : send message: terminating
2017-05-30 22:37:34,806: state.pubsub.bridge : MainProcess                     : MainThread     : WARNING : failed to stop child - terminate
2017-05-30 22:37:36,156: state.pubsub.bridge : MainProcess                     : MainThread     : INFO    : radical.pilot        version: split-81-gf853cc9b@feature-bridges
2017-05-30 22:37:36,156: state.pubsub.bridge : MainProcess                     : MainThread     : INFO    : create state_pubsub - bridge - tcp://*:*
2017-05-30 22:37:36,156: state.pubsub.bridge : MainProcess                     : MainThread     : DEBUG   : start process
2017-05-30 22:37:36,165: state.pubsub.bridge : state.pubsub.bridge             : MainThread     : INFO    : child (me) initializing
2017-05-30 22:37:36,165: state.pubsub.bridge : state.pubsub.bridge             : MainThread     : DEBUG   : start thread
2017-05-30 22:37:36,166: state.pubsub.bridge : state.pubsub.bridge             : state.pubsub.bridge.child.watch: INFO    : child (me) initializing
2017-05-30 22:37:36,166: state.pubsub.bridge : state.pubsub.bridge             : state.pubsub.bridge.child.watch: DEBUG   : ru_initialize_common (NOOP)
2017-05-30 22:37:36,166: state.pubsub.bridge : state.pubsub.bridge             : state.pubsub.bridge.child.watch: DEBUG   : ru_initialize_child (NOOP)
2017-05-30 22:37:36,166: state.pubsub.bridge : state.pubsub.bridge             : state.pubsub.bridge.child.watch: INFO    : send alive
2017-05-30 22:37:36,166: state.pubsub.bridge : state.pubsub.bridge             : state.pubsub.bridge.child.watch: INFO    : send message: alive
2017-05-30 22:37:36,167: state.pubsub.bridge : state.pubsub.bridge             : MainThread     : INFO    : recv message: alive
2017-05-30 22:37:36,167: state.pubsub.bridge : state.pubsub.bridge             : MainThread     : DEBUG   : ru_initialize_common (NOOP)
2017-05-30 22:37:36,167: state.pubsub.bridge : state.pubsub.bridge             : MainThread     : DEBUG   : ru_initialize_parent (NOOP)
2017-05-30 22:37:36,167: state.pubsub.bridge : state.pubsub.bridge             : MainThread     : DEBUG   : child thread state.pubsub.bridge.child.watch started
2017-05-30 22:37:36,167: state.pubsub.bridge : state.pubsub.bridge             : MainThread     : INFO    : child (me) is alive
2017-05-30 22:37:36,168: state.pubsub.bridge : state.pubsub.bridge             : MainThread     : DEBUG   : ru_initialize_common (NOOP)
2017-05-30 22:37:36,170: state.pubsub.bridge : state.pubsub.bridge.child       : MainThread     : INFO    : send alive
2017-05-30 22:37:36,170: state.pubsub.bridge : state.pubsub.bridge.child       : MainThread     : INFO    : send message: alive
2017-05-30 22:37:36,170: state.pubsub.bridge : MainProcess                     : MainThread     : INFO    : recv message: alive
2017-05-30 22:37:36,171: state.pubsub.bridge : MainProcess                     : MainThread     : DEBUG   : start thread
2017-05-30 22:37:36,171: state.pubsub.bridge : MainProcess                     : state.pubsub.bridge.watch: INFO    : child (me) initializing
2017-05-30 22:37:36,171: state.pubsub.bridge : MainProcess                     : state.pubsub.bridge.watch: DEBUG   : ru_initialize_common (NOOP)
2017-05-30 22:37:36,171: state.pubsub.bridge : MainProcess                     : state.pubsub.bridge.watch: DEBUG   : ru_initialize_child (NOOP)
2017-05-30 22:37:36,171: state.pubsub.bridge : MainProcess                     : state.pubsub.bridge.watch: INFO    : send alive
2017-05-30 22:37:36,172: state.pubsub.bridge : MainProcess                     : state.pubsub.bridge.watch: INFO    : send message: alive
2017-05-30 22:37:36,172: state.pubsub.bridge : MainProcess                     : MainThread     : INFO    : recv message: alive
2017-05-30 22:37:36,172: state.pubsub.bridge : MainProcess                     : MainThread     : DEBUG   : ru_initialize_common (NOOP)
2017-05-30 22:37:36,173: state.pubsub.bridge : MainProcess                     : MainThread     : DEBUG   : ru_initialize_parent (NOOP)
2017-05-30 22:37:36,173: state.pubsub.bridge : MainProcess                     : MainThread     : DEBUG   : child thread state.pubsub.bridge.watch started
2017-05-30 22:37:36,173: state.pubsub.bridge : MainProcess                     : MainThread     : INFO    : child is alive
2017-05-30 22:37:36,173: state.pubsub.bridge : MainProcess                     : MainThread     : DEBUG   : ru_initialize_common (NOOP)
2017-05-30 22:37:36,173: state.pubsub.bridge : MainProcess                     : MainThread     : DEBUG   : ru_initialize_parent (NOOP)
2017-05-30 22:37:36,173: state.pubsub.bridge : MainProcess                     : MainThread     : DEBUG   : child process started
2017-05-30 22:45:26,385: state.pubsub.bridge : MainProcess                     : MainThread     : INFO    : parent stops child
2017-05-30 22:45:26,386: state.pubsub.bridge : MainProcess                     : MainThread     : DEBUG   : ru_finalize_parent (NOOP)
2017-05-30 22:45:26,386: state.pubsub.bridge : MainProcess                     : MainThread     : DEBUG   : ru_finalize_common (NOOP)
2017-05-30 22:45:26,386: state.pubsub.bridge : MainProcess                     : MainThread     : INFO    : parent stops child
2017-05-30 22:45:26,386: state.pubsub.bridge : MainProcess                     : MainThread     : DEBUG   : ru_finalize_parent (NOOP)
2017-05-30 22:45:26,386: state.pubsub.bridge : MainProcess                     : MainThread     : DEBUG   : ru_finalize_common (NOOP)
2017-05-30 22:45:26,425: state.pubsub.bridge : MainProcess                     : state.pubsub.bridge.watch: INFO    : send message: work finished
2017-05-30 22:45:26,426: state.pubsub.bridge : MainProcess                     : state.pubsub.bridge.watch: DEBUG   : ru_finalize_child (NOOP)
2017-05-30 22:45:26,426: state.pubsub.bridge : MainProcess                     : state.pubsub.bridge.watch: DEBUG   : ru_finalize_common (NOOP)
2017-05-30 22:45:26,426: state.pubsub.bridge : MainProcess                     : state.pubsub.bridge.watch: INFO    : send message: terminating
2017-05-30 22:45:26,551: state.pubsub.bridge : MainProcess                     : MainThread     : WARNING : failed to stop child - terminate
2017-05-30 22:45:27,844: state.pubsub.bridge : MainProcess                     : MainThread     : INFO    : radical.pilot        version: split-81-gf853cc9b@feature-bridges
2017-05-30 22:45:27,844: state.pubsub.bridge : MainProcess                     : MainThread     : INFO    : create state_pubsub - bridge - tcp://*:*
2017-05-30 22:45:27,844: state.pubsub.bridge : MainProcess                     : MainThread     : DEBUG   : start process
2017-05-30 22:45:27,853: state.pubsub.bridge : state.pubsub.bridge             : MainThread     : INFO    : child (me) initializing
2017-05-30 22:45:27,853: state.pubsub.bridge : state.pubsub.bridge             : MainThread     : DEBUG   : start thread
2017-05-30 22:45:27,854: state.pubsub.bridge : state.pubsub.bridge             : state.pubsub.bridge.child.watch: INFO    : child (me) initializing
2017-05-30 22:45:27,854: state.pubsub.bridge : state.pubsub.bridge             : state.pubsub.bridge.child.watch: DEBUG   : ru_initialize_common (NOOP)
2017-05-30 22:45:27,854: state.pubsub.bridge : state.pubsub.bridge             : state.pubsub.bridge.child.watch: DEBUG   : ru_initialize_child (NOOP)
2017-05-30 22:45:27,854: state.pubsub.bridge : state.pubsub.bridge             : state.pubsub.bridge.child.watch: INFO    : send alive
2017-05-30 22:45:27,854: state.pubsub.bridge : state.pubsub.bridge             : state.pubsub.bridge.child.watch: INFO    : send message: alive
2017-05-30 22:45:27,855: state.pubsub.bridge : state.pubsub.bridge             : MainThread     : INFO    : recv message: alive
2017-05-30 22:45:27,855: state.pubsub.bridge : state.pubsub.bridge             : MainThread     : DEBUG   : ru_initialize_common (NOOP)
2017-05-30 22:45:27,855: state.pubsub.bridge : state.pubsub.bridge             : MainThread     : DEBUG   : ru_initialize_parent (NOOP)
2017-05-30 22:45:27,855: state.pubsub.bridge : state.pubsub.bridge             : MainThread     : DEBUG   : child thread state.pubsub.bridge.child.watch started
2017-05-30 22:45:27,855: state.pubsub.bridge : state.pubsub.bridge             : MainThread     : INFO    : child (me) is alive
2017-05-30 22:45:27,855: state.pubsub.bridge : state.pubsub.bridge             : MainThread     : DEBUG   : ru_initialize_common (NOOP)
2017-05-30 22:45:27,857: state.pubsub.bridge : state.pubsub.bridge.child       : MainThread     : INFO    : send alive
2017-05-30 22:45:27,857: state.pubsub.bridge : state.pubsub.bridge.child       : MainThread     : INFO    : send message: alive
2017-05-30 22:45:27,857: state.pubsub.bridge : MainProcess                     : MainThread     : INFO    : recv message: alive
2017-05-30 22:45:27,857: state.pubsub.bridge : MainProcess                     : MainThread     : DEBUG   : start thread
2017-05-30 22:45:27,857: state.pubsub.bridge : MainProcess                     : state.pubsub.bridge.watch: INFO    : child (me) initializing
2017-05-30 22:45:27,858: state.pubsub.bridge : MainProcess                     : state.pubsub.bridge.watch: DEBUG   : ru_initialize_common (NOOP)
2017-05-30 22:45:27,858: state.pubsub.bridge : MainProcess                     : state.pubsub.bridge.watch: DEBUG   : ru_initialize_child (NOOP)
2017-05-30 22:45:27,858: state.pubsub.bridge : MainProcess                     : state.pubsub.bridge.watch: INFO    : send alive
2017-05-30 22:45:27,858: state.pubsub.bridge : MainProcess                     : state.pubsub.bridge.watch: INFO    : send message: alive
2017-05-30 22:45:27,858: state.pubsub.bridge : MainProcess                     : MainThread     : INFO    : recv message: alive
2017-05-30 22:45:27,859: state.pubsub.bridge : MainProcess                     : MainThread     : DEBUG   : ru_initialize_common (NOOP)
2017-05-30 22:45:27,859: state.pubsub.bridge : MainProcess                     : MainThread     : DEBUG   : ru_initialize_parent (NOOP)
2017-05-30 22:45:27,859: state.pubsub.bridge : MainProcess                     : MainThread     : DEBUG   : child thread state.pubsub.bridge.watch started
2017-05-30 22:45:27,859: state.pubsub.bridge : MainProcess                     : MainThread     : INFO    : child is alive
2017-05-30 22:45:27,859: state.pubsub.bridge : MainProcess                     : MainThread     : DEBUG   : ru_initialize_common (NOOP)
2017-05-30 22:45:27,859: state.pubsub.bridge : MainProcess                     : MainThread     : DEBUG   : ru_initialize_parent (NOOP)
2017-05-30 22:45:27,859: state.pubsub.bridge : MainProcess                     : MainThread     : DEBUG   : child process started
2017-05-30 22:45:45,742: state.pubsub.bridge : MainProcess                     : MainThread     : INFO    : parent stops child
2017-05-30 22:45:45,742: state.pubsub.bridge : MainProcess                     : MainThread     : DEBUG   : ru_finalize_parent (NOOP)
2017-05-30 22:45:45,742: state.pubsub.bridge : MainProcess                     : MainThread     : DEBUG   : ru_finalize_common (NOOP)
2017-05-30 22:45:45,742: state.pubsub.bridge : MainProcess                     : MainThread     : INFO    : parent stops child
2017-05-30 22:45:45,742: state.pubsub.bridge : MainProcess                     : MainThread     : DEBUG   : ru_finalize_parent (NOOP)
2017-05-30 22:45:45,742: state.pubsub.bridge : MainProcess                     : MainThread     : DEBUG   : ru_finalize_common (NOOP)
2017-05-30 22:45:45,798: state.pubsub.bridge : MainProcess                     : state.pubsub.bridge.watch: INFO    : send message: work finished
2017-05-30 22:45:45,799: state.pubsub.bridge : MainProcess                     : state.pubsub.bridge.watch: DEBUG   : ru_finalize_child (NOOP)
2017-05-30 22:45:45,799: state.pubsub.bridge : MainProcess                     : state.pubsub.bridge.watch: DEBUG   : ru_finalize_common (NOOP)
2017-05-30 22:45:45,799: state.pubsub.bridge : MainProcess                     : state.pubsub.bridge.watch: INFO    : send message: terminating
2017-05-30 22:45:45,907: state.pubsub.bridge : MainProcess                     : MainThread     : WARNING : failed to stop child - terminate
2017-05-30 22:45:47,314: state.pubsub.bridge : MainProcess                     : MainThread     : INFO    : radical.pilot        version: split-81-gf853cc9b@feature-bridges
2017-05-30 22:45:47,314: state.pubsub.bridge : MainProcess                     : MainThread     : INFO    : create state_pubsub - bridge - tcp://*:*
2017-05-30 22:45:47,314: state.pubsub.bridge : MainProcess                     : MainThread     : DEBUG   : start process
2017-05-30 22:45:47,323: state.pubsub.bridge : state.pubsub.bridge             : MainThread     : INFO    : child (me) initializing
2017-05-30 22:45:47,324: state.pubsub.bridge : state.pubsub.bridge             : MainThread     : DEBUG   : start thread
2017-05-30 22:45:47,324: state.pubsub.bridge : state.pubsub.bridge             : state.pubsub.bridge.child.watch: INFO    : child (me) initializing
2017-05-30 22:45:47,324: state.pubsub.bridge : state.pubsub.bridge             : state.pubsub.bridge.child.watch: DEBUG   : ru_initialize_common (NOOP)
2017-05-30 22:45:47,324: state.pubsub.bridge : state.pubsub.bridge             : state.pubsub.bridge.child.watch: DEBUG   : ru_initialize_child (NOOP)
2017-05-30 22:45:47,324: state.pubsub.bridge : state.pubsub.bridge             : state.pubsub.bridge.child.watch: INFO    : send alive
2017-05-30 22:45:47,324: state.pubsub.bridge : state.pubsub.bridge             : state.pubsub.bridge.child.watch: INFO    : send message: alive
2017-05-30 22:45:47,325: state.pubsub.bridge : state.pubsub.bridge             : MainThread     : INFO    : recv message: alive
2017-05-30 22:45:47,325: state.pubsub.bridge : state.pubsub.bridge             : MainThread     : DEBUG   : ru_initialize_common (NOOP)
2017-05-30 22:45:47,325: state.pubsub.bridge : state.pubsub.bridge             : MainThread     : DEBUG   : ru_initialize_parent (NOOP)
2017-05-30 22:45:47,326: state.pubsub.bridge : state.pubsub.bridge             : MainThread     : DEBUG   : child thread state.pubsub.bridge.child.watch started
2017-05-30 22:45:47,326: state.pubsub.bridge : state.pubsub.bridge             : MainThread     : INFO    : child (me) is alive
2017-05-30 22:45:47,326: state.pubsub.bridge : state.pubsub.bridge             : MainThread     : DEBUG   : ru_initialize_common (NOOP)
2017-05-30 22:45:47,327: state.pubsub.bridge : state.pubsub.bridge.child       : MainThread     : INFO    : send alive
2017-05-30 22:45:47,327: state.pubsub.bridge : state.pubsub.bridge.child       : MainThread     : INFO    : send message: alive
2017-05-30 22:45:47,327: state.pubsub.bridge : MainProcess                     : MainThread     : INFO    : recv message: alive
2017-05-30 22:45:47,328: state.pubsub.bridge : MainProcess                     : MainThread     : DEBUG   : start thread
2017-05-30 22:45:47,328: state.pubsub.bridge : MainProcess                     : state.pubsub.bridge.watch: INFO    : child (me) initializing
2017-05-30 22:45:47,328: state.pubsub.bridge : MainProcess                     : state.pubsub.bridge.watch: DEBUG   : ru_initialize_common (NOOP)
2017-05-30 22:45:47,328: state.pubsub.bridge : MainProcess                     : state.pubsub.bridge.watch: DEBUG   : ru_initialize_child (NOOP)
2017-05-30 22:45:47,328: state.pubsub.bridge : MainProcess                     : state.pubsub.bridge.watch: INFO    : send alive
2017-05-30 22:45:47,328: state.pubsub.bridge : MainProcess                     : state.pubsub.bridge.watch: INFO    : send message: alive
2017-05-30 22:45:47,329: state.pubsub.bridge : MainProcess                     : MainThread     : INFO    : recv message: alive
2017-05-30 22:45:47,329: state.pubsub.bridge : MainProcess                     : MainThread     : DEBUG   : ru_initialize_common (NOOP)
2017-05-30 22:45:47,329: state.pubsub.bridge : MainProcess                     : MainThread     : DEBUG   : ru_initialize_parent (NOOP)
2017-05-30 22:45:47,329: state.pubsub.bridge : MainProcess                     : MainThread     : DEBUG   : child thread state.pubsub.bridge.watch started
2017-05-30 22:45:47,329: state.pubsub.bridge : MainProcess                     : MainThread     : INFO    : child is alive
2017-05-30 22:45:47,329: state.pubsub.bridge : MainProcess                     : MainThread     : DEBUG   : ru_initialize_common (NOOP)
2017-05-30 22:45:47,329: state.pubsub.bridge : MainProcess                     : MainThread     : DEBUG   : ru_initialize_parent (NOOP)
2017-05-30 22:45:47,329: state.pubsub.bridge : MainProcess                     : MainThread     : DEBUG   : child process started
2017-05-30 22:45:49,545: state.pubsub.bridge : MainProcess                     : MainThread     : INFO    : parent stops child
2017-05-30 22:45:49,545: state.pubsub.bridge : MainProcess                     : MainThread     : DEBUG   : ru_finalize_parent (NOOP)
2017-05-30 22:45:49,545: state.pubsub.bridge : MainProcess                     : MainThread     : DEBUG   : ru_finalize_common (NOOP)
2017-05-30 22:45:49,545: state.pubsub.bridge : MainProcess                     : MainThread     : INFO    : parent stops child
2017-05-30 22:45:49,545: state.pubsub.bridge : MainProcess                     : MainThread     : DEBUG   : ru_finalize_parent (NOOP)
2017-05-30 22:45:49,545: state.pubsub.bridge : MainProcess                     : MainThread     : DEBUG   : ru_finalize_common (NOOP)
2017-05-30 22:45:49,633: state.pubsub.bridge : MainProcess                     : state.pubsub.bridge.watch: INFO    : send message: work finished
2017-05-30 22:45:49,633: state.pubsub.bridge : MainProcess                     : state.pubsub.bridge.watch: DEBUG   : ru_finalize_child (NOOP)
2017-05-30 22:45:49,633: state.pubsub.bridge : MainProcess                     : state.pubsub.bridge.watch: DEBUG   : ru_finalize_common (NOOP)
2017-05-30 22:45:49,633: state.pubsub.bridge : MainProcess                     : state.pubsub.bridge.watch: INFO    : send message: terminating
2017-05-30 22:45:49,761: state.pubsub.bridge : MainProcess                     : MainThread     : WARNING : failed to stop child - terminate
2017-05-30 22:45:51,209: state.pubsub.bridge : MainProcess                     : MainThread     : INFO    : radical.pilot        version: split-81-gf853cc9b@feature-bridges
2017-05-30 22:45:51,209: state.pubsub.bridge : MainProcess                     : MainThread     : INFO    : create state_pubsub - bridge - tcp://*:*
2017-05-30 22:45:51,209: state.pubsub.bridge : MainProcess                     : MainThread     : DEBUG   : start process
2017-05-30 22:45:51,220: state.pubsub.bridge : state.pubsub.bridge             : MainThread     : INFO    : child (me) initializing
2017-05-30 22:45:51,221: state.pubsub.bridge : state.pubsub.bridge             : MainThread     : DEBUG   : start thread
2017-05-30 22:45:51,221: state.pubsub.bridge : state.pubsub.bridge             : state.pubsub.bridge.child.watch: INFO    : child (me) initializing
2017-05-30 22:45:51,221: state.pubsub.bridge : state.pubsub.bridge             : state.pubsub.bridge.child.watch: DEBUG   : ru_initialize_common (NOOP)
2017-05-30 22:45:51,221: state.pubsub.bridge : state.pubsub.bridge             : state.pubsub.bridge.child.watch: DEBUG   : ru_initialize_child (NOOP)
2017-05-30 22:45:51,221: state.pubsub.bridge : state.pubsub.bridge             : state.pubsub.bridge.child.watch: INFO    : send alive
2017-05-30 22:45:51,221: state.pubsub.bridge : state.pubsub.bridge             : state.pubsub.bridge.child.watch: INFO    : send message: alive
2017-05-30 22:45:51,222: state.pubsub.bridge : state.pubsub.bridge             : MainThread     : INFO    : recv message: alive
2017-05-30 22:45:51,222: state.pubsub.bridge : state.pubsub.bridge             : MainThread     : DEBUG   : ru_initialize_common (NOOP)
2017-05-30 22:45:51,222: state.pubsub.bridge : state.pubsub.bridge             : MainThread     : DEBUG   : ru_initialize_parent (NOOP)
2017-05-30 22:45:51,222: state.pubsub.bridge : state.pubsub.bridge             : MainThread     : DEBUG   : child thread state.pubsub.bridge.child.watch started
2017-05-30 22:45:51,222: state.pubsub.bridge : state.pubsub.bridge             : MainThread     : INFO    : child (me) is alive
2017-05-30 22:45:51,222: state.pubsub.bridge : state.pubsub.bridge             : MainThread     : DEBUG   : ru_initialize_common (NOOP)
2017-05-30 22:45:51,224: state.pubsub.bridge : state.pubsub.bridge.child       : MainThread     : INFO    : send alive
2017-05-30 22:45:51,224: state.pubsub.bridge : state.pubsub.bridge.child       : MainThread     : INFO    : send message: alive
2017-05-30 22:45:51,224: state.pubsub.bridge : MainProcess                     : MainThread     : INFO    : recv message: alive
2017-05-30 22:45:51,225: state.pubsub.bridge : MainProcess                     : MainThread     : DEBUG   : start thread
2017-05-30 22:45:51,225: state.pubsub.bridge : MainProcess                     : state.pubsub.bridge.watch: INFO    : child (me) initializing
2017-05-30 22:45:51,225: state.pubsub.bridge : MainProcess                     : state.pubsub.bridge.watch: DEBUG   : ru_initialize_common (NOOP)
2017-05-30 22:45:51,225: state.pubsub.bridge : MainProcess                     : state.pubsub.bridge.watch: DEBUG   : ru_initialize_child (NOOP)
2017-05-30 22:45:51,225: state.pubsub.bridge : MainProcess                     : state.pubsub.bridge.watch: INFO    : send alive
2017-05-30 22:45:51,225: state.pubsub.bridge : MainProcess                     : state.pubsub.bridge.watch: INFO    : send message: alive
2017-05-30 22:45:51,226: state.pubsub.bridge : MainProcess                     : MainThread     : INFO    : recv message: alive
2017-05-30 22:45:51,226: state.pubsub.bridge : MainProcess                     : MainThread     : DEBUG   : ru_initialize_common (NOOP)
2017-05-30 22:45:51,226: state.pubsub.bridge : MainProcess                     : MainThread     : DEBUG   : ru_initialize_parent (NOOP)
2017-05-30 22:45:51,226: state.pubsub.bridge : MainProcess                     : MainThread     : DEBUG   : child thread state.pubsub.bridge.watch started
2017-05-30 22:45:51,226: state.pubsub.bridge : MainProcess                     : MainThread     : INFO    : child is alive
2017-05-30 22:45:51,226: state.pubsub.bridge : MainProcess                     : MainThread     : DEBUG   : ru_initialize_common (NOOP)
2017-05-30 22:45:51,226: state.pubsub.bridge : MainProcess                     : MainThread     : DEBUG   : ru_initialize_parent (NOOP)
2017-05-30 22:45:51,226: state.pubsub.bridge : MainProcess                     : MainThread     : DEBUG   : child process started
2017-05-30 22:45:53,699: state.pubsub.bridge : MainProcess                     : MainThread     : INFO    : radical.pilot        version: split-81-gf853cc9b@feature-bridges
2017-05-30 22:45:53,699: state.pubsub.bridge : MainProcess                     : MainThread     : INFO    : create state_pubsub - bridge - tcp://*:*
2017-05-30 22:45:53,699: state.pubsub.bridge : MainProcess                     : MainThread     : DEBUG   : start process
2017-05-30 22:45:53,710: state.pubsub.bridge : state.pubsub.bridge             : MainThread     : INFO    : child (me) initializing
2017-05-30 22:45:53,710: state.pubsub.bridge : state.pubsub.bridge             : MainThread     : DEBUG   : start thread
2017-05-30 22:45:53,711: state.pubsub.bridge : state.pubsub.bridge             : state.pubsub.bridge.child.watch: INFO    : child (me) initializing
2017-05-30 22:45:53,711: state.pubsub.bridge : state.pubsub.bridge             : state.pubsub.bridge.child.watch: DEBUG   : ru_initialize_common (NOOP)
2017-05-30 22:45:53,711: state.pubsub.bridge : state.pubsub.bridge             : state.pubsub.bridge.child.watch: DEBUG   : ru_initialize_child (NOOP)
2017-05-30 22:45:53,711: state.pubsub.bridge : state.pubsub.bridge             : state.pubsub.bridge.child.watch: INFO    : send alive
2017-05-30 22:45:53,711: state.pubsub.bridge : state.pubsub.bridge             : state.pubsub.bridge.child.watch: INFO    : send message: alive
2017-05-30 22:45:53,712: state.pubsub.bridge : state.pubsub.bridge             : MainThread     : INFO    : recv message: alive
2017-05-30 22:45:53,712: state.pubsub.bridge : state.pubsub.bridge             : MainThread     : DEBUG   : ru_initialize_common (NOOP)
2017-05-30 22:45:53,712: state.pubsub.bridge : state.pubsub.bridge             : MainThread     : DEBUG   : ru_initialize_parent (NOOP)
2017-05-30 22:45:53,712: state.pubsub.bridge : state.pubsub.bridge             : MainThread     : DEBUG   : child thread state.pubsub.bridge.child.watch started
2017-05-30 22:45:53,712: state.pubsub.bridge : state.pubsub.bridge             : MainThread     : INFO    : child (me) is alive
2017-05-30 22:45:53,712: state.pubsub.bridge : state.pubsub.bridge             : MainThread     : DEBUG   : ru_initialize_common (NOOP)
2017-05-30 22:45:53,714: state.pubsub.bridge : state.pubsub.bridge.child       : MainThread     : INFO    : send alive
2017-05-30 22:45:53,714: state.pubsub.bridge : state.pubsub.bridge.child       : MainThread     : INFO    : send message: alive
2017-05-30 22:45:53,714: state.pubsub.bridge : MainProcess                     : MainThread     : INFO    : recv message: alive
2017-05-30 22:45:53,715: state.pubsub.bridge : MainProcess                     : MainThread     : DEBUG   : start thread
2017-05-30 22:45:53,715: state.pubsub.bridge : MainProcess                     : state.pubsub.bridge.watch: INFO    : child (me) initializing
2017-05-30 22:45:53,715: state.pubsub.bridge : MainProcess                     : state.pubsub.bridge.watch: DEBUG   : ru_initialize_common (NOOP)
2017-05-30 22:45:53,715: state.pubsub.bridge : MainProcess                     : state.pubsub.bridge.watch: DEBUG   : ru_initialize_child (NOOP)
2017-05-30 22:45:53,715: state.pubsub.bridge : MainProcess                     : state.pubsub.bridge.watch: INFO    : send alive
2017-05-30 22:45:53,715: state.pubsub.bridge : MainProcess                     : state.pubsub.bridge.watch: INFO    : send message: alive
2017-05-30 22:45:53,716: state.pubsub.bridge : MainProcess                     : MainThread     : INFO    : recv message: alive
2017-05-30 22:45:53,716: state.pubsub.bridge : MainProcess                     : MainThread     : DEBUG   : ru_initialize_common (NOOP)
2017-05-30 22:45:53,717: state.pubsub.bridge : MainProcess                     : MainThread     : DEBUG   : ru_initialize_parent (NOOP)
2017-05-30 22:45:53,717: state.pubsub.bridge : MainProcess                     : MainThread     : DEBUG   : child thread state.pubsub.bridge.watch started
2017-05-30 22:45:53,717: state.pubsub.bridge : MainProcess                     : MainThread     : INFO    : child is alive
2017-05-30 22:45:53,717: state.pubsub.bridge : MainProcess                     : MainThread     : DEBUG   : ru_initialize_common (NOOP)
2017-05-30 22:45:53,717: state.pubsub.bridge : MainProcess                     : MainThread     : DEBUG   : ru_initialize_parent (NOOP)
2017-05-30 22:45:53,717: state.pubsub.bridge : MainProcess                     : MainThread     : DEBUG   : child process started
2017-05-30 22:45:56,227: state.pubsub.bridge : state.pubsub.bridge.child       : MainThread     : DEBUG   : ru_finalize_child (NOOP)
2017-05-30 22:45:56,227: state.pubsub.bridge : state.pubsub.bridge.child       : MainThread     : DEBUG   : ru_finalize_common (NOOP)
2017-05-30 22:45:56,228: state.pubsub.bridge : state.pubsub.bridge.child       : MainThread     : INFO    : send message: terminating
2017-05-30 22:45:56,232: state.pubsub.bridge : state.pubsub.bridge.child       : state.pubsub.bridge.child.watch: INFO    : send message: work finished
2017-05-30 22:45:56,232: state.pubsub.bridge : state.pubsub.bridge.child       : state.pubsub.bridge.child.watch: DEBUG   : ru_finalize_child (NOOP)
2017-05-30 22:45:56,232: state.pubsub.bridge : state.pubsub.bridge.child       : state.pubsub.bridge.child.watch: DEBUG   : ru_finalize_common (NOOP)
2017-05-30 22:45:56,232: state.pubsub.bridge : state.pubsub.bridge.child       : state.pubsub.bridge.child.watch: INFO    : send message: terminating
2017-05-30 22:45:56,719: state.pubsub.bridge : state.pubsub.bridge.child       : MainThread     : DEBUG   : ru_finalize_child (NOOP)
2017-05-30 22:45:56,719: state.pubsub.bridge : state.pubsub.bridge.child       : MainThread     : DEBUG   : ru_finalize_common (NOOP)
2017-05-30 22:45:56,719: state.pubsub.bridge : state.pubsub.bridge.child       : MainThread     : INFO    : send message: terminating
2017-05-30 22:45:56,818: state.pubsub.bridge : state.pubsub.bridge.child       : state.pubsub.bridge.child.watch: INFO    : send message: work finished
2017-05-30 22:45:56,818: state.pubsub.bridge : state.pubsub.bridge.child       : state.pubsub.bridge.child.watch: DEBUG   : ru_finalize_child (NOOP)
2017-05-30 22:45:56,818: state.pubsub.bridge : state.pubsub.bridge.child       : state.pubsub.bridge.child.watch: DEBUG   : ru_finalize_common (NOOP)
2017-05-30 22:45:56,819: state.pubsub.bridge : state.pubsub.bridge.child       : state.pubsub.bridge.child.watch: INFO    : send message: terminating
