2017-05-30 22:15:15,897: umgr.reschedule.pubsub.bridge: MainProcess                     : MainThread     : INFO    : python.interpreter   version: 2.7.12 (default, Nov 19 2016, 06:48:10) [GCC 5.4.0 20160609]
2017-05-30 22:15:15,898: umgr.reschedule.pubsub.bridge: MainProcess                     : MainThread     : INFO    :                      pid: 24564
2017-05-30 22:15:15,898: umgr.reschedule.pubsub.bridge: MainProcess                     : MainThread     : INFO    :                      tid: MainThread
2017-05-30 22:15:15,898: umgr.reschedule.pubsub.bridge: MainProcess                     : MainThread     : INFO    : radical.pilot        version: split-81-gf853cc9b@feature-bridges
2017-05-30 22:15:15,898: umgr.reschedule.pubsub.bridge: MainProcess                     : MainThread     : INFO    : create umgr_reschedule_pubsub - bridge - tcp://*:*
2017-05-30 22:15:15,898: umgr.reschedule.pubsub.bridge: MainProcess                     : MainThread     : DEBUG   : start process
2017-05-30 22:15:15,904: umgr.reschedule.pubsub.bridge: umgr.reschedule.pubsub.bridge   : MainThread     : INFO    : child (me) initializing
2017-05-30 22:15:15,904: umgr.reschedule.pubsub.bridge: umgr.reschedule.pubsub.bridge   : MainThread     : DEBUG   : start thread
2017-05-30 22:15:15,905: umgr.reschedule.pubsub.bridge: umgr.reschedule.pubsub.bridge   : umgr.reschedule.pubsub.bridge.child.watch: INFO    : child (me) initializing
2017-05-30 22:15:15,905: umgr.reschedule.pubsub.bridge: umgr.reschedule.pubsub.bridge   : umgr.reschedule.pubsub.bridge.child.watch: DEBUG   : ru_initialize_common (NOOP)
2017-05-30 22:15:15,905: umgr.reschedule.pubsub.bridge: umgr.reschedule.pubsub.bridge   : umgr.reschedule.pubsub.bridge.child.watch: DEBUG   : ru_initialize_child (NOOP)
2017-05-30 22:15:15,905: umgr.reschedule.pubsub.bridge: umgr.reschedule.pubsub.bridge   : umgr.reschedule.pubsub.bridge.child.watch: INFO    : send alive
2017-05-30 22:15:15,905: umgr.reschedule.pubsub.bridge: umgr.reschedule.pubsub.bridge   : umgr.reschedule.pubsub.bridge.child.watch: INFO    : send message: alive
2017-05-30 22:15:15,906: umgr.reschedule.pubsub.bridge: umgr.reschedule.pubsub.bridge   : MainThread     : INFO    : recv message: alive
2017-05-30 22:15:15,906: umgr.reschedule.pubsub.bridge: umgr.reschedule.pubsub.bridge   : MainThread     : DEBUG   : ru_initialize_common (NOOP)
2017-05-30 22:15:15,906: umgr.reschedule.pubsub.bridge: umgr.reschedule.pubsub.bridge   : MainThread     : DEBUG   : ru_initialize_parent (NOOP)
2017-05-30 22:15:15,906: umgr.reschedule.pubsub.bridge: umgr.reschedule.pubsub.bridge   : MainThread     : DEBUG   : child thread umgr.reschedule.pubsub.bridge.child.watch started
2017-05-30 22:15:15,906: umgr.reschedule.pubsub.bridge: umgr.reschedule.pubsub.bridge   : MainThread     : INFO    : child (me) is alive
2017-05-30 22:15:15,906: umgr.reschedule.pubsub.bridge: umgr.reschedule.pubsub.bridge   : MainThread     : DEBUG   : ru_initialize_common (NOOP)
2017-05-30 22:15:15,909: umgr.reschedule.pubsub.bridge: umgr.reschedule.pubsub.bridge.child: MainThread     : INFO    : send alive
2017-05-30 22:15:15,909: umgr.reschedule.pubsub.bridge: umgr.reschedule.pubsub.bridge.child: MainThread     : INFO    : send message: alive
2017-05-30 22:15:15,910: umgr.reschedule.pubsub.bridge: MainProcess                     : MainThread     : INFO    : recv message: alive
2017-05-30 22:15:15,910: umgr.reschedule.pubsub.bridge: MainProcess                     : MainThread     : DEBUG   : start thread
2017-05-30 22:15:15,911: umgr.reschedule.pubsub.bridge: MainProcess                     : umgr.reschedule.pubsub.bridge.watch: INFO    : child (me) initializing
2017-05-30 22:15:15,911: umgr.reschedule.pubsub.bridge: MainProcess                     : umgr.reschedule.pubsub.bridge.watch: DEBUG   : ru_initialize_common (NOOP)
2017-05-30 22:15:15,911: umgr.reschedule.pubsub.bridge: MainProcess                     : umgr.reschedule.pubsub.bridge.watch: DEBUG   : ru_initialize_child (NOOP)
2017-05-30 22:15:15,911: umgr.reschedule.pubsub.bridge: MainProcess                     : umgr.reschedule.pubsub.bridge.watch: INFO    : send alive
2017-05-30 22:15:15,911: umgr.reschedule.pubsub.bridge: MainProcess                     : umgr.reschedule.pubsub.bridge.watch: INFO    : send message: alive
2017-05-30 22:15:15,912: umgr.reschedule.pubsub.bridge: MainProcess                     : MainThread     : INFO    : recv message: alive
2017-05-30 22:15:15,912: umgr.reschedule.pubsub.bridge: MainProcess                     : MainThread     : DEBUG   : ru_initialize_common (NOOP)
2017-05-30 22:15:15,912: umgr.reschedule.pubsub.bridge: MainProcess                     : MainThread     : DEBUG   : ru_initialize_parent (NOOP)
2017-05-30 22:15:15,912: umgr.reschedule.pubsub.bridge: MainProcess                     : MainThread     : DEBUG   : child thread umgr.reschedule.pubsub.bridge.watch started
2017-05-30 22:15:15,912: umgr.reschedule.pubsub.bridge: MainProcess                     : MainThread     : INFO    : child is alive
2017-05-30 22:15:15,913: umgr.reschedule.pubsub.bridge: MainProcess                     : MainThread     : DEBUG   : ru_initialize_common (NOOP)
2017-05-30 22:15:15,913: umgr.reschedule.pubsub.bridge: MainProcess                     : MainThread     : DEBUG   : ru_initialize_parent (NOOP)
2017-05-30 22:15:15,913: umgr.reschedule.pubsub.bridge: MainProcess                     : MainThread     : DEBUG   : child process started
2017-05-30 22:21:52,465: umgr.reschedule.pubsub.bridge: MainProcess                     : MainThread     : INFO    : parent stops child
2017-05-30 22:21:52,466: umgr.reschedule.pubsub.bridge: MainProcess                     : MainThread     : DEBUG   : ru_finalize_parent (NOOP)
2017-05-30 22:21:52,466: umgr.reschedule.pubsub.bridge: MainProcess                     : MainThread     : DEBUG   : ru_finalize_common (NOOP)
2017-05-30 22:21:52,466: umgr.reschedule.pubsub.bridge: MainProcess                     : MainThread     : INFO    : parent stops child
2017-05-30 22:21:52,466: umgr.reschedule.pubsub.bridge: MainProcess                     : MainThread     : DEBUG   : ru_finalize_parent (NOOP)
2017-05-30 22:21:52,467: umgr.reschedule.pubsub.bridge: MainProcess                     : MainThread     : DEBUG   : ru_finalize_common (NOOP)
2017-05-30 22:21:52,517: umgr.reschedule.pubsub.bridge: MainProcess                     : umgr.reschedule.pubsub.bridge.watch: INFO    : send message: work finished
2017-05-30 22:21:52,518: umgr.reschedule.pubsub.bridge: MainProcess                     : umgr.reschedule.pubsub.bridge.watch: DEBUG   : ru_finalize_child (NOOP)
2017-05-30 22:21:52,518: umgr.reschedule.pubsub.bridge: MainProcess                     : umgr.reschedule.pubsub.bridge.watch: DEBUG   : ru_finalize_common (NOOP)
2017-05-30 22:21:52,518: umgr.reschedule.pubsub.bridge: MainProcess                     : umgr.reschedule.pubsub.bridge.watch: INFO    : send message: terminating
2017-05-30 22:21:52,633: umgr.reschedule.pubsub.bridge: MainProcess                     : MainThread     : WARNING : failed to stop child - terminate
2017-05-30 22:22:00,232: umgr.reschedule.pubsub.bridge: MainProcess                     : MainThread     : INFO    : radical.pilot        version: split-81-gf853cc9b@feature-bridges
2017-05-30 22:22:00,232: umgr.reschedule.pubsub.bridge: MainProcess                     : MainThread     : INFO    : create umgr_reschedule_pubsub - bridge - tcp://*:*
2017-05-30 22:22:00,232: umgr.reschedule.pubsub.bridge: MainProcess                     : MainThread     : DEBUG   : start process
2017-05-30 22:22:00,238: umgr.reschedule.pubsub.bridge: umgr.reschedule.pubsub.bridge   : MainThread     : INFO    : child (me) initializing
2017-05-30 22:22:00,238: umgr.reschedule.pubsub.bridge: umgr.reschedule.pubsub.bridge   : MainThread     : DEBUG   : start thread
2017-05-30 22:22:00,239: umgr.reschedule.pubsub.bridge: umgr.reschedule.pubsub.bridge   : umgr.reschedule.pubsub.bridge.child.watch: INFO    : child (me) initializing
2017-05-30 22:22:00,239: umgr.reschedule.pubsub.bridge: umgr.reschedule.pubsub.bridge   : umgr.reschedule.pubsub.bridge.child.watch: DEBUG   : ru_initialize_common (NOOP)
2017-05-30 22:22:00,239: umgr.reschedule.pubsub.bridge: umgr.reschedule.pubsub.bridge   : umgr.reschedule.pubsub.bridge.child.watch: DEBUG   : ru_initialize_child (NOOP)
2017-05-30 22:22:00,239: umgr.reschedule.pubsub.bridge: umgr.reschedule.pubsub.bridge   : umgr.reschedule.pubsub.bridge.child.watch: INFO    : send alive
2017-05-30 22:22:00,239: umgr.reschedule.pubsub.bridge: umgr.reschedule.pubsub.bridge   : umgr.reschedule.pubsub.bridge.child.watch: INFO    : send message: alive
2017-05-30 22:22:00,240: umgr.reschedule.pubsub.bridge: umgr.reschedule.pubsub.bridge   : MainThread     : INFO    : recv message: alive
2017-05-30 22:22:00,240: umgr.reschedule.pubsub.bridge: umgr.reschedule.pubsub.bridge   : MainThread     : DEBUG   : ru_initialize_common (NOOP)
2017-05-30 22:22:00,240: umgr.reschedule.pubsub.bridge: umgr.reschedule.pubsub.bridge   : MainThread     : DEBUG   : ru_initialize_parent (NOOP)
2017-05-30 22:22:00,240: umgr.reschedule.pubsub.bridge: umgr.reschedule.pubsub.bridge   : MainThread     : DEBUG   : child thread umgr.reschedule.pubsub.bridge.child.watch started
2017-05-30 22:22:00,240: umgr.reschedule.pubsub.bridge: umgr.reschedule.pubsub.bridge   : MainThread     : INFO    : child (me) is alive
2017-05-30 22:22:00,240: umgr.reschedule.pubsub.bridge: umgr.reschedule.pubsub.bridge   : MainThread     : DEBUG   : ru_initialize_common (NOOP)
2017-05-30 22:22:00,242: umgr.reschedule.pubsub.bridge: umgr.reschedule.pubsub.bridge.child: MainThread     : INFO    : send alive
2017-05-30 22:22:00,242: umgr.reschedule.pubsub.bridge: umgr.reschedule.pubsub.bridge.child: MainThread     : INFO    : send message: alive
2017-05-30 22:22:00,242: umgr.reschedule.pubsub.bridge: MainProcess                     : MainThread     : INFO    : recv message: alive
2017-05-30 22:22:00,242: umgr.reschedule.pubsub.bridge: MainProcess                     : MainThread     : DEBUG   : start thread
2017-05-30 22:22:00,242: umgr.reschedule.pubsub.bridge: MainProcess                     : umgr.reschedule.pubsub.bridge.watch: INFO    : child (me) initializing
2017-05-30 22:22:00,242: umgr.reschedule.pubsub.bridge: MainProcess                     : umgr.reschedule.pubsub.bridge.watch: DEBUG   : ru_initialize_common (NOOP)
2017-05-30 22:22:00,243: umgr.reschedule.pubsub.bridge: MainProcess                     : umgr.reschedule.pubsub.bridge.watch: DEBUG   : ru_initialize_child (NOOP)
2017-05-30 22:22:00,243: umgr.reschedule.pubsub.bridge: MainProcess                     : umgr.reschedule.pubsub.bridge.watch: INFO    : send alive
2017-05-30 22:22:00,243: umgr.reschedule.pubsub.bridge: MainProcess                     : umgr.reschedule.pubsub.bridge.watch: INFO    : send message: alive
2017-05-30 22:22:00,244: umgr.reschedule.pubsub.bridge: MainProcess                     : MainThread     : INFO    : recv message: alive
2017-05-30 22:22:00,244: umgr.reschedule.pubsub.bridge: MainProcess                     : MainThread     : DEBUG   : ru_initialize_common (NOOP)
2017-05-30 22:22:00,244: umgr.reschedule.pubsub.bridge: MainProcess                     : MainThread     : DEBUG   : ru_initialize_parent (NOOP)
2017-05-30 22:22:00,244: umgr.reschedule.pubsub.bridge: MainProcess                     : MainThread     : DEBUG   : child thread umgr.reschedule.pubsub.bridge.watch started
2017-05-30 22:22:00,244: umgr.reschedule.pubsub.bridge: MainProcess                     : MainThread     : INFO    : child is alive
2017-05-30 22:22:00,244: umgr.reschedule.pubsub.bridge: MainProcess                     : MainThread     : DEBUG   : ru_initialize_common (NOOP)
2017-05-30 22:22:00,244: umgr.reschedule.pubsub.bridge: MainProcess                     : MainThread     : DEBUG   : ru_initialize_parent (NOOP)
2017-05-30 22:22:00,244: umgr.reschedule.pubsub.bridge: MainProcess                     : MainThread     : DEBUG   : child process started
2017-05-30 22:29:36,494: umgr.reschedule.pubsub.bridge: MainProcess                     : MainThread     : INFO    : parent stops child
2017-05-30 22:29:36,494: umgr.reschedule.pubsub.bridge: MainProcess                     : MainThread     : DEBUG   : ru_finalize_parent (NOOP)
2017-05-30 22:29:36,495: umgr.reschedule.pubsub.bridge: MainProcess                     : MainThread     : DEBUG   : ru_finalize_common (NOOP)
2017-05-30 22:29:36,495: umgr.reschedule.pubsub.bridge: MainProcess                     : MainThread     : INFO    : parent stops child
2017-05-30 22:29:36,495: umgr.reschedule.pubsub.bridge: MainProcess                     : MainThread     : DEBUG   : ru_finalize_parent (NOOP)
2017-05-30 22:29:36,495: umgr.reschedule.pubsub.bridge: MainProcess                     : MainThread     : DEBUG   : ru_finalize_common (NOOP)
2017-05-30 22:29:36,579: umgr.reschedule.pubsub.bridge: MainProcess                     : umgr.reschedule.pubsub.bridge.watch: INFO    : send message: work finished
2017-05-30 22:29:36,579: umgr.reschedule.pubsub.bridge: MainProcess                     : umgr.reschedule.pubsub.bridge.watch: DEBUG   : ru_finalize_child (NOOP)
2017-05-30 22:29:36,579: umgr.reschedule.pubsub.bridge: MainProcess                     : umgr.reschedule.pubsub.bridge.watch: DEBUG   : ru_finalize_common (NOOP)
2017-05-30 22:29:36,580: umgr.reschedule.pubsub.bridge: MainProcess                     : umgr.reschedule.pubsub.bridge.watch: INFO    : send message: terminating
2017-05-30 22:29:36,710: umgr.reschedule.pubsub.bridge: MainProcess                     : MainThread     : WARNING : failed to stop child - terminate
2017-05-30 22:29:53,466: umgr.reschedule.pubsub.bridge: MainProcess                     : MainThread     : INFO    : radical.pilot        version: split-81-gf853cc9b@feature-bridges
2017-05-30 22:29:53,466: umgr.reschedule.pubsub.bridge: MainProcess                     : MainThread     : INFO    : create umgr_reschedule_pubsub - bridge - tcp://*:*
2017-05-30 22:29:53,467: umgr.reschedule.pubsub.bridge: MainProcess                     : MainThread     : DEBUG   : start process
2017-05-30 22:29:53,484: umgr.reschedule.pubsub.bridge: umgr.reschedule.pubsub.bridge   : MainThread     : INFO    : child (me) initializing
2017-05-30 22:29:53,485: umgr.reschedule.pubsub.bridge: umgr.reschedule.pubsub.bridge   : MainThread     : DEBUG   : start thread
2017-05-30 22:29:53,486: umgr.reschedule.pubsub.bridge: umgr.reschedule.pubsub.bridge   : umgr.reschedule.pubsub.bridge.child.watch: INFO    : child (me) initializing
2017-05-30 22:29:53,487: umgr.reschedule.pubsub.bridge: umgr.reschedule.pubsub.bridge   : umgr.reschedule.pubsub.bridge.child.watch: DEBUG   : ru_initialize_common (NOOP)
2017-05-30 22:29:53,487: umgr.reschedule.pubsub.bridge: umgr.reschedule.pubsub.bridge   : umgr.reschedule.pubsub.bridge.child.watch: DEBUG   : ru_initialize_child (NOOP)
2017-05-30 22:29:53,487: umgr.reschedule.pubsub.bridge: umgr.reschedule.pubsub.bridge   : umgr.reschedule.pubsub.bridge.child.watch: INFO    : send alive
2017-05-30 22:29:53,487: umgr.reschedule.pubsub.bridge: umgr.reschedule.pubsub.bridge   : umgr.reschedule.pubsub.bridge.child.watch: INFO    : send message: alive
2017-05-30 22:29:53,488: umgr.reschedule.pubsub.bridge: umgr.reschedule.pubsub.bridge   : MainThread     : INFO    : recv message: alive
2017-05-30 22:29:53,488: umgr.reschedule.pubsub.bridge: umgr.reschedule.pubsub.bridge   : MainThread     : DEBUG   : ru_initialize_common (NOOP)
2017-05-30 22:29:53,488: umgr.reschedule.pubsub.bridge: umgr.reschedule.pubsub.bridge   : MainThread     : DEBUG   : ru_initialize_parent (NOOP)
2017-05-30 22:29:53,488: umgr.reschedule.pubsub.bridge: umgr.reschedule.pubsub.bridge   : MainThread     : DEBUG   : child thread umgr.reschedule.pubsub.bridge.child.watch started
2017-05-30 22:29:53,489: umgr.reschedule.pubsub.bridge: umgr.reschedule.pubsub.bridge   : MainThread     : INFO    : child (me) is alive
2017-05-30 22:29:53,489: umgr.reschedule.pubsub.bridge: umgr.reschedule.pubsub.bridge   : MainThread     : DEBUG   : ru_initialize_common (NOOP)
2017-05-30 22:29:53,493: umgr.reschedule.pubsub.bridge: umgr.reschedule.pubsub.bridge.child: MainThread     : INFO    : send alive
2017-05-30 22:29:53,493: umgr.reschedule.pubsub.bridge: umgr.reschedule.pubsub.bridge.child: MainThread     : INFO    : send message: alive
2017-05-30 22:29:53,494: umgr.reschedule.pubsub.bridge: MainProcess                     : MainThread     : INFO    : recv message: alive
2017-05-30 22:29:53,495: umgr.reschedule.pubsub.bridge: MainProcess                     : MainThread     : DEBUG   : start thread
2017-05-30 22:29:53,495: umgr.reschedule.pubsub.bridge: MainProcess                     : umgr.reschedule.pubsub.bridge.watch: INFO    : child (me) initializing
2017-05-30 22:29:53,495: umgr.reschedule.pubsub.bridge: MainProcess                     : umgr.reschedule.pubsub.bridge.watch: DEBUG   : ru_initialize_common (NOOP)
2017-05-30 22:29:53,496: umgr.reschedule.pubsub.bridge: MainProcess                     : umgr.reschedule.pubsub.bridge.watch: DEBUG   : ru_initialize_child (NOOP)
2017-05-30 22:29:53,496: umgr.reschedule.pubsub.bridge: MainProcess                     : umgr.reschedule.pubsub.bridge.watch: INFO    : send alive
2017-05-30 22:29:53,496: umgr.reschedule.pubsub.bridge: MainProcess                     : umgr.reschedule.pubsub.bridge.watch: INFO    : send message: alive
2017-05-30 22:29:53,497: umgr.reschedule.pubsub.bridge: MainProcess                     : MainThread     : INFO    : recv message: alive
2017-05-30 22:29:53,497: umgr.reschedule.pubsub.bridge: MainProcess                     : MainThread     : DEBUG   : ru_initialize_common (NOOP)
2017-05-30 22:29:53,497: umgr.reschedule.pubsub.bridge: MainProcess                     : MainThread     : DEBUG   : ru_initialize_parent (NOOP)
2017-05-30 22:29:53,497: umgr.reschedule.pubsub.bridge: MainProcess                     : MainThread     : DEBUG   : child thread umgr.reschedule.pubsub.bridge.watch started
2017-05-30 22:29:53,498: umgr.reschedule.pubsub.bridge: MainProcess                     : MainThread     : INFO    : child is alive
2017-05-30 22:29:53,498: umgr.reschedule.pubsub.bridge: MainProcess                     : MainThread     : DEBUG   : ru_initialize_common (NOOP)
2017-05-30 22:29:53,498: umgr.reschedule.pubsub.bridge: MainProcess                     : MainThread     : DEBUG   : ru_initialize_parent (NOOP)
2017-05-30 22:29:53,498: umgr.reschedule.pubsub.bridge: MainProcess                     : MainThread     : DEBUG   : child process started
2017-05-30 22:37:29,657: umgr.reschedule.pubsub.bridge: MainProcess                     : MainThread     : INFO    : parent stops child
2017-05-30 22:37:29,657: umgr.reschedule.pubsub.bridge: MainProcess                     : MainThread     : DEBUG   : ru_finalize_parent (NOOP)
2017-05-30 22:37:29,657: umgr.reschedule.pubsub.bridge: MainProcess                     : MainThread     : DEBUG   : ru_finalize_common (NOOP)
2017-05-30 22:37:29,657: umgr.reschedule.pubsub.bridge: MainProcess                     : MainThread     : INFO    : parent stops child
2017-05-30 22:37:29,657: umgr.reschedule.pubsub.bridge: MainProcess                     : MainThread     : DEBUG   : ru_finalize_parent (NOOP)
2017-05-30 22:37:29,657: umgr.reschedule.pubsub.bridge: MainProcess                     : MainThread     : DEBUG   : ru_finalize_common (NOOP)
2017-05-30 22:37:29,722: umgr.reschedule.pubsub.bridge: MainProcess                     : umgr.reschedule.pubsub.bridge.watch: INFO    : send message: work finished
2017-05-30 22:37:29,723: umgr.reschedule.pubsub.bridge: MainProcess                     : umgr.reschedule.pubsub.bridge.watch: DEBUG   : ru_finalize_child (NOOP)
2017-05-30 22:37:29,723: umgr.reschedule.pubsub.bridge: MainProcess                     : umgr.reschedule.pubsub.bridge.watch: DEBUG   : ru_finalize_common (NOOP)
2017-05-30 22:37:29,723: umgr.reschedule.pubsub.bridge: MainProcess                     : umgr.reschedule.pubsub.bridge.watch: INFO    : send message: terminating
2017-05-30 22:37:29,871: umgr.reschedule.pubsub.bridge: MainProcess                     : MainThread     : WARNING : failed to stop child - terminate
2017-05-30 22:37:38,744: umgr.reschedule.pubsub.bridge: MainProcess                     : MainThread     : INFO    : radical.pilot        version: split-81-gf853cc9b@feature-bridges
2017-05-30 22:37:38,744: umgr.reschedule.pubsub.bridge: MainProcess                     : MainThread     : INFO    : create umgr_reschedule_pubsub - bridge - tcp://*:*
2017-05-30 22:37:38,744: umgr.reschedule.pubsub.bridge: MainProcess                     : MainThread     : DEBUG   : start process
2017-05-30 22:37:38,752: umgr.reschedule.pubsub.bridge: umgr.reschedule.pubsub.bridge   : MainThread     : INFO    : child (me) initializing
2017-05-30 22:37:38,753: umgr.reschedule.pubsub.bridge: umgr.reschedule.pubsub.bridge   : MainThread     : DEBUG   : start thread
2017-05-30 22:37:38,753: umgr.reschedule.pubsub.bridge: umgr.reschedule.pubsub.bridge   : umgr.reschedule.pubsub.bridge.child.watch: INFO    : child (me) initializing
2017-05-30 22:37:38,753: umgr.reschedule.pubsub.bridge: umgr.reschedule.pubsub.bridge   : umgr.reschedule.pubsub.bridge.child.watch: DEBUG   : ru_initialize_common (NOOP)
2017-05-30 22:37:38,753: umgr.reschedule.pubsub.bridge: umgr.reschedule.pubsub.bridge   : umgr.reschedule.pubsub.bridge.child.watch: DEBUG   : ru_initialize_child (NOOP)
2017-05-30 22:37:38,753: umgr.reschedule.pubsub.bridge: umgr.reschedule.pubsub.bridge   : umgr.reschedule.pubsub.bridge.child.watch: INFO    : send alive
2017-05-30 22:37:38,753: umgr.reschedule.pubsub.bridge: umgr.reschedule.pubsub.bridge   : umgr.reschedule.pubsub.bridge.child.watch: INFO    : send message: alive
2017-05-30 22:37:38,754: umgr.reschedule.pubsub.bridge: umgr.reschedule.pubsub.bridge   : MainThread     : INFO    : recv message: alive
2017-05-30 22:37:38,754: umgr.reschedule.pubsub.bridge: umgr.reschedule.pubsub.bridge   : MainThread     : DEBUG   : ru_initialize_common (NOOP)
2017-05-30 22:37:38,754: umgr.reschedule.pubsub.bridge: umgr.reschedule.pubsub.bridge   : MainThread     : DEBUG   : ru_initialize_parent (NOOP)
2017-05-30 22:37:38,754: umgr.reschedule.pubsub.bridge: umgr.reschedule.pubsub.bridge   : MainThread     : DEBUG   : child thread umgr.reschedule.pubsub.bridge.child.watch started
2017-05-30 22:37:38,755: umgr.reschedule.pubsub.bridge: umgr.reschedule.pubsub.bridge   : MainThread     : INFO    : child (me) is alive
2017-05-30 22:37:38,755: umgr.reschedule.pubsub.bridge: umgr.reschedule.pubsub.bridge   : MainThread     : DEBUG   : ru_initialize_common (NOOP)
2017-05-30 22:37:38,756: umgr.reschedule.pubsub.bridge: umgr.reschedule.pubsub.bridge.child: MainThread     : INFO    : send alive
2017-05-30 22:37:38,756: umgr.reschedule.pubsub.bridge: umgr.reschedule.pubsub.bridge.child: MainThread     : INFO    : send message: alive
2017-05-30 22:37:38,756: umgr.reschedule.pubsub.bridge: MainProcess                     : MainThread     : INFO    : recv message: alive
2017-05-30 22:37:38,757: umgr.reschedule.pubsub.bridge: MainProcess                     : MainThread     : DEBUG   : start thread
2017-05-30 22:37:38,757: umgr.reschedule.pubsub.bridge: MainProcess                     : umgr.reschedule.pubsub.bridge.watch: INFO    : child (me) initializing
2017-05-30 22:37:38,757: umgr.reschedule.pubsub.bridge: MainProcess                     : umgr.reschedule.pubsub.bridge.watch: DEBUG   : ru_initialize_common (NOOP)
2017-05-30 22:37:38,757: umgr.reschedule.pubsub.bridge: MainProcess                     : umgr.reschedule.pubsub.bridge.watch: DEBUG   : ru_initialize_child (NOOP)
2017-05-30 22:37:38,757: umgr.reschedule.pubsub.bridge: MainProcess                     : umgr.reschedule.pubsub.bridge.watch: INFO    : send alive
2017-05-30 22:37:38,757: umgr.reschedule.pubsub.bridge: MainProcess                     : umgr.reschedule.pubsub.bridge.watch: INFO    : send message: alive
2017-05-30 22:37:38,758: umgr.reschedule.pubsub.bridge: MainProcess                     : MainThread     : INFO    : recv message: alive
2017-05-30 22:37:38,758: umgr.reschedule.pubsub.bridge: MainProcess                     : MainThread     : DEBUG   : ru_initialize_common (NOOP)
2017-05-30 22:37:38,758: umgr.reschedule.pubsub.bridge: MainProcess                     : MainThread     : DEBUG   : ru_initialize_parent (NOOP)
2017-05-30 22:37:38,758: umgr.reschedule.pubsub.bridge: MainProcess                     : MainThread     : DEBUG   : child thread umgr.reschedule.pubsub.bridge.watch started
2017-05-30 22:37:38,759: umgr.reschedule.pubsub.bridge: MainProcess                     : MainThread     : INFO    : child is alive
2017-05-30 22:37:38,759: umgr.reschedule.pubsub.bridge: MainProcess                     : MainThread     : DEBUG   : ru_initialize_common (NOOP)
2017-05-30 22:37:38,759: umgr.reschedule.pubsub.bridge: MainProcess                     : MainThread     : DEBUG   : ru_initialize_parent (NOOP)
2017-05-30 22:37:38,759: umgr.reschedule.pubsub.bridge: MainProcess                     : MainThread     : DEBUG   : child process started
2017-05-30 22:45:22,571: umgr.reschedule.pubsub.bridge: MainProcess                     : MainThread     : INFO    : parent stops child
2017-05-30 22:45:22,572: umgr.reschedule.pubsub.bridge: MainProcess                     : MainThread     : DEBUG   : ru_finalize_parent (NOOP)
2017-05-30 22:45:22,572: umgr.reschedule.pubsub.bridge: MainProcess                     : MainThread     : DEBUG   : ru_finalize_common (NOOP)
2017-05-30 22:45:22,572: umgr.reschedule.pubsub.bridge: MainProcess                     : MainThread     : INFO    : parent stops child
2017-05-30 22:45:22,572: umgr.reschedule.pubsub.bridge: MainProcess                     : MainThread     : DEBUG   : ru_finalize_parent (NOOP)
2017-05-30 22:45:22,572: umgr.reschedule.pubsub.bridge: MainProcess                     : MainThread     : DEBUG   : ru_finalize_common (NOOP)
2017-05-30 22:45:22,664: umgr.reschedule.pubsub.bridge: MainProcess                     : umgr.reschedule.pubsub.bridge.watch: INFO    : send message: work finished
2017-05-30 22:45:22,665: umgr.reschedule.pubsub.bridge: MainProcess                     : umgr.reschedule.pubsub.bridge.watch: DEBUG   : ru_finalize_child (NOOP)
2017-05-30 22:45:22,665: umgr.reschedule.pubsub.bridge: MainProcess                     : umgr.reschedule.pubsub.bridge.watch: DEBUG   : ru_finalize_common (NOOP)
2017-05-30 22:45:22,665: umgr.reschedule.pubsub.bridge: MainProcess                     : umgr.reschedule.pubsub.bridge.watch: INFO    : send message: terminating
2017-05-30 22:45:22,787: umgr.reschedule.pubsub.bridge: MainProcess                     : MainThread     : WARNING : failed to stop child - terminate
2017-05-30 22:45:32,456: umgr.reschedule.pubsub.bridge: MainProcess                     : MainThread     : INFO    : radical.pilot        version: split-81-gf853cc9b@feature-bridges
2017-05-30 22:45:32,456: umgr.reschedule.pubsub.bridge: MainProcess                     : MainThread     : INFO    : create umgr_reschedule_pubsub - bridge - tcp://*:*
2017-05-30 22:45:32,457: umgr.reschedule.pubsub.bridge: MainProcess                     : MainThread     : DEBUG   : start process
2017-05-30 22:45:32,466: umgr.reschedule.pubsub.bridge: umgr.reschedule.pubsub.bridge   : MainThread     : INFO    : child (me) initializing
2017-05-30 22:45:32,466: umgr.reschedule.pubsub.bridge: umgr.reschedule.pubsub.bridge   : MainThread     : DEBUG   : start thread
2017-05-30 22:45:32,466: umgr.reschedule.pubsub.bridge: umgr.reschedule.pubsub.bridge   : umgr.reschedule.pubsub.bridge.child.watch: INFO    : child (me) initializing
2017-05-30 22:45:32,466: umgr.reschedule.pubsub.bridge: umgr.reschedule.pubsub.bridge   : umgr.reschedule.pubsub.bridge.child.watch: DEBUG   : ru_initialize_common (NOOP)
2017-05-30 22:45:32,466: umgr.reschedule.pubsub.bridge: umgr.reschedule.pubsub.bridge   : umgr.reschedule.pubsub.bridge.child.watch: DEBUG   : ru_initialize_child (NOOP)
2017-05-30 22:45:32,466: umgr.reschedule.pubsub.bridge: umgr.reschedule.pubsub.bridge   : umgr.reschedule.pubsub.bridge.child.watch: INFO    : send alive
2017-05-30 22:45:32,467: umgr.reschedule.pubsub.bridge: umgr.reschedule.pubsub.bridge   : umgr.reschedule.pubsub.bridge.child.watch: INFO    : send message: alive
2017-05-30 22:45:32,467: umgr.reschedule.pubsub.bridge: umgr.reschedule.pubsub.bridge   : MainThread     : INFO    : recv message: alive
2017-05-30 22:45:32,467: umgr.reschedule.pubsub.bridge: umgr.reschedule.pubsub.bridge   : MainThread     : DEBUG   : ru_initialize_common (NOOP)
2017-05-30 22:45:32,468: umgr.reschedule.pubsub.bridge: umgr.reschedule.pubsub.bridge   : MainThread     : DEBUG   : ru_initialize_parent (NOOP)
2017-05-30 22:45:32,468: umgr.reschedule.pubsub.bridge: umgr.reschedule.pubsub.bridge   : MainThread     : DEBUG   : child thread umgr.reschedule.pubsub.bridge.child.watch started
2017-05-30 22:45:32,468: umgr.reschedule.pubsub.bridge: umgr.reschedule.pubsub.bridge   : MainThread     : INFO    : child (me) is alive
2017-05-30 22:45:32,468: umgr.reschedule.pubsub.bridge: umgr.reschedule.pubsub.bridge   : MainThread     : DEBUG   : ru_initialize_common (NOOP)
2017-05-30 22:45:32,469: umgr.reschedule.pubsub.bridge: umgr.reschedule.pubsub.bridge.child: MainThread     : INFO    : send alive
2017-05-30 22:45:32,469: umgr.reschedule.pubsub.bridge: umgr.reschedule.pubsub.bridge.child: MainThread     : INFO    : send message: alive
2017-05-30 22:45:32,469: umgr.reschedule.pubsub.bridge: MainProcess                     : MainThread     : INFO    : recv message: alive
2017-05-30 22:45:32,470: umgr.reschedule.pubsub.bridge: MainProcess                     : MainThread     : DEBUG   : start thread
2017-05-30 22:45:32,470: umgr.reschedule.pubsub.bridge: MainProcess                     : umgr.reschedule.pubsub.bridge.watch: INFO    : child (me) initializing
2017-05-30 22:45:32,470: umgr.reschedule.pubsub.bridge: MainProcess                     : umgr.reschedule.pubsub.bridge.watch: DEBUG   : ru_initialize_common (NOOP)
2017-05-30 22:45:32,470: umgr.reschedule.pubsub.bridge: MainProcess                     : umgr.reschedule.pubsub.bridge.watch: DEBUG   : ru_initialize_child (NOOP)
2017-05-30 22:45:32,470: umgr.reschedule.pubsub.bridge: MainProcess                     : umgr.reschedule.pubsub.bridge.watch: INFO    : send alive
2017-05-30 22:45:32,470: umgr.reschedule.pubsub.bridge: MainProcess                     : umgr.reschedule.pubsub.bridge.watch: INFO    : send message: alive
2017-05-30 22:45:32,471: umgr.reschedule.pubsub.bridge: MainProcess                     : MainThread     : INFO    : recv message: alive
2017-05-30 22:45:32,471: umgr.reschedule.pubsub.bridge: MainProcess                     : MainThread     : DEBUG   : ru_initialize_common (NOOP)
2017-05-30 22:45:32,471: umgr.reschedule.pubsub.bridge: MainProcess                     : MainThread     : DEBUG   : ru_initialize_parent (NOOP)
2017-05-30 22:45:32,471: umgr.reschedule.pubsub.bridge: MainProcess                     : MainThread     : DEBUG   : child thread umgr.reschedule.pubsub.bridge.watch started
2017-05-30 22:45:32,471: umgr.reschedule.pubsub.bridge: MainProcess                     : MainThread     : INFO    : child is alive
2017-05-30 22:45:32,471: umgr.reschedule.pubsub.bridge: MainProcess                     : MainThread     : DEBUG   : ru_initialize_common (NOOP)
2017-05-30 22:45:32,472: umgr.reschedule.pubsub.bridge: MainProcess                     : MainThread     : DEBUG   : ru_initialize_parent (NOOP)
2017-05-30 22:45:32,472: umgr.reschedule.pubsub.bridge: MainProcess                     : MainThread     : DEBUG   : child process started
2017-05-30 22:45:32,579: umgr.reschedule.pubsub.bridge: MainProcess                     : MainThread     : INFO    : parent stops child
2017-05-30 22:45:32,579: umgr.reschedule.pubsub.bridge: MainProcess                     : MainThread     : DEBUG   : ru_finalize_parent (NOOP)
2017-05-30 22:45:32,579: umgr.reschedule.pubsub.bridge: MainProcess                     : MainThread     : DEBUG   : ru_finalize_common (NOOP)
2017-05-30 22:45:32,579: umgr.reschedule.pubsub.bridge: MainProcess                     : MainThread     : INFO    : parent stops child
2017-05-30 22:45:32,580: umgr.reschedule.pubsub.bridge: MainProcess                     : MainThread     : DEBUG   : ru_finalize_parent (NOOP)
2017-05-30 22:45:32,580: umgr.reschedule.pubsub.bridge: MainProcess                     : MainThread     : DEBUG   : ru_finalize_common (NOOP)
2017-05-30 22:45:32,671: umgr.reschedule.pubsub.bridge: MainProcess                     : umgr.reschedule.pubsub.bridge.watch: INFO    : send message: work finished
2017-05-30 22:45:32,671: umgr.reschedule.pubsub.bridge: MainProcess                     : umgr.reschedule.pubsub.bridge.watch: DEBUG   : ru_finalize_child (NOOP)
2017-05-30 22:45:32,671: umgr.reschedule.pubsub.bridge: MainProcess                     : umgr.reschedule.pubsub.bridge.watch: DEBUG   : ru_finalize_common (NOOP)
2017-05-30 22:45:32,672: umgr.reschedule.pubsub.bridge: MainProcess                     : umgr.reschedule.pubsub.bridge.watch: INFO    : send message: terminating
2017-05-30 22:45:32,794: umgr.reschedule.pubsub.bridge: MainProcess                     : MainThread     : WARNING : failed to stop child - terminate
