2017-05-30 22:15:15,987: umgr.scheduling.queue.bridge: MainProcess                     : MainThread     : INFO    : python.interpreter   version: 2.7.12 (default, Nov 19 2016, 06:48:10) [GCC 5.4.0 20160609]
2017-05-30 22:15:15,988: umgr.scheduling.queue.bridge: MainProcess                     : MainThread     : INFO    :                      pid: 24564
2017-05-30 22:15:15,988: umgr.scheduling.queue.bridge: MainProcess                     : MainThread     : INFO    :                      tid: MainThread
2017-05-30 22:15:15,988: umgr.scheduling.queue.bridge: MainProcess                     : MainThread     : INFO    : radical.pilot        version: split-81-gf853cc9b@feature-bridges
2017-05-30 22:15:15,989: umgr.scheduling.queue.bridge: MainProcess                     : MainThread     : INFO    : create umgr_scheduling_queue - bridge - tcp://*:*
2017-05-30 22:15:15,989: umgr.scheduling.queue.bridge: MainProcess                     : MainThread     : DEBUG   : start process
2017-05-30 22:15:16,000: umgr.scheduling.queue.bridge: umgr.scheduling.queue.bridge    : MainThread     : INFO    : child (me) initializing
2017-05-30 22:15:16,001: umgr.scheduling.queue.bridge: umgr.scheduling.queue.bridge    : MainThread     : DEBUG   : start thread
2017-05-30 22:15:16,002: umgr.scheduling.queue.bridge: umgr.scheduling.queue.bridge    : umgr.scheduling.queue.bridge.child.watch: INFO    : child (me) initializing
2017-05-30 22:15:16,002: umgr.scheduling.queue.bridge: umgr.scheduling.queue.bridge    : umgr.scheduling.queue.bridge.child.watch: DEBUG   : ru_initialize_common (NOOP)
2017-05-30 22:15:16,002: umgr.scheduling.queue.bridge: umgr.scheduling.queue.bridge    : umgr.scheduling.queue.bridge.child.watch: DEBUG   : ru_initialize_child (NOOP)
2017-05-30 22:15:16,002: umgr.scheduling.queue.bridge: umgr.scheduling.queue.bridge    : umgr.scheduling.queue.bridge.child.watch: INFO    : send alive
2017-05-30 22:15:16,003: umgr.scheduling.queue.bridge: umgr.scheduling.queue.bridge    : umgr.scheduling.queue.bridge.child.watch: INFO    : send message: alive
2017-05-30 22:15:16,003: umgr.scheduling.queue.bridge: umgr.scheduling.queue.bridge    : MainThread     : INFO    : recv message: alive
2017-05-30 22:15:16,003: umgr.scheduling.queue.bridge: umgr.scheduling.queue.bridge    : MainThread     : DEBUG   : ru_initialize_common (NOOP)
2017-05-30 22:15:16,004: umgr.scheduling.queue.bridge: umgr.scheduling.queue.bridge    : MainThread     : DEBUG   : ru_initialize_parent (NOOP)
2017-05-30 22:15:16,004: umgr.scheduling.queue.bridge: umgr.scheduling.queue.bridge    : MainThread     : DEBUG   : child thread umgr.scheduling.queue.bridge.child.watch started
2017-05-30 22:15:16,004: umgr.scheduling.queue.bridge: umgr.scheduling.queue.bridge    : MainThread     : INFO    : child (me) is alive
2017-05-30 22:15:16,004: umgr.scheduling.queue.bridge: umgr.scheduling.queue.bridge    : MainThread     : DEBUG   : ru_initialize_common (NOOP)
2017-05-30 22:15:16,008: umgr.scheduling.queue.bridge: umgr.scheduling.queue.bridge.child: MainThread     : INFO    : send alive
2017-05-30 22:15:16,008: umgr.scheduling.queue.bridge: umgr.scheduling.queue.bridge.child: MainThread     : INFO    : send message: alive
2017-05-30 22:15:16,009: umgr.scheduling.queue.bridge: MainProcess                     : MainThread     : INFO    : recv message: alive
2017-05-30 22:15:16,010: umgr.scheduling.queue.bridge: MainProcess                     : MainThread     : DEBUG   : start thread
2017-05-30 22:15:16,011: umgr.scheduling.queue.bridge: MainProcess                     : umgr.scheduling.queue.bridge.watch: INFO    : child (me) initializing
2017-05-30 22:15:16,011: umgr.scheduling.queue.bridge: MainProcess                     : umgr.scheduling.queue.bridge.watch: DEBUG   : ru_initialize_common (NOOP)
2017-05-30 22:15:16,011: umgr.scheduling.queue.bridge: MainProcess                     : umgr.scheduling.queue.bridge.watch: DEBUG   : ru_initialize_child (NOOP)
2017-05-30 22:15:16,011: umgr.scheduling.queue.bridge: MainProcess                     : umgr.scheduling.queue.bridge.watch: INFO    : send alive
2017-05-30 22:15:16,012: umgr.scheduling.queue.bridge: MainProcess                     : umgr.scheduling.queue.bridge.watch: INFO    : send message: alive
2017-05-30 22:15:16,013: umgr.scheduling.queue.bridge: MainProcess                     : MainThread     : INFO    : recv message: alive
2017-05-30 22:15:16,013: umgr.scheduling.queue.bridge: MainProcess                     : MainThread     : DEBUG   : ru_initialize_common (NOOP)
2017-05-30 22:15:16,013: umgr.scheduling.queue.bridge: MainProcess                     : MainThread     : DEBUG   : ru_initialize_parent (NOOP)
2017-05-30 22:15:16,013: umgr.scheduling.queue.bridge: MainProcess                     : MainThread     : DEBUG   : child thread umgr.scheduling.queue.bridge.watch started
2017-05-30 22:15:16,013: umgr.scheduling.queue.bridge: MainProcess                     : MainThread     : INFO    : child is alive
2017-05-30 22:15:16,013: umgr.scheduling.queue.bridge: MainProcess                     : MainThread     : DEBUG   : ru_initialize_common (NOOP)
2017-05-30 22:15:16,013: umgr.scheduling.queue.bridge: MainProcess                     : MainThread     : DEBUG   : ru_initialize_parent (NOOP)
2017-05-30 22:15:16,014: umgr.scheduling.queue.bridge: MainProcess                     : MainThread     : DEBUG   : child process started
2017-05-30 22:21:53,130: umgr.scheduling.queue.bridge: MainProcess                     : MainThread     : INFO    : parent stops child
2017-05-30 22:21:53,131: umgr.scheduling.queue.bridge: MainProcess                     : MainThread     : DEBUG   : ru_finalize_parent (NOOP)
2017-05-30 22:21:53,131: umgr.scheduling.queue.bridge: MainProcess                     : MainThread     : DEBUG   : ru_finalize_common (NOOP)
2017-05-30 22:21:53,131: umgr.scheduling.queue.bridge: MainProcess                     : MainThread     : INFO    : parent stops child
2017-05-30 22:21:53,131: umgr.scheduling.queue.bridge: MainProcess                     : MainThread     : DEBUG   : ru_finalize_parent (NOOP)
2017-05-30 22:21:53,131: umgr.scheduling.queue.bridge: MainProcess                     : MainThread     : DEBUG   : ru_finalize_common (NOOP)
2017-05-30 22:21:53,219: umgr.scheduling.queue.bridge: MainProcess                     : umgr.scheduling.queue.bridge.watch: INFO    : send message: work finished
2017-05-30 22:21:53,220: umgr.scheduling.queue.bridge: MainProcess                     : umgr.scheduling.queue.bridge.watch: DEBUG   : ru_finalize_child (NOOP)
2017-05-30 22:21:53,220: umgr.scheduling.queue.bridge: MainProcess                     : umgr.scheduling.queue.bridge.watch: DEBUG   : ru_finalize_common (NOOP)
2017-05-30 22:21:53,220: umgr.scheduling.queue.bridge: MainProcess                     : umgr.scheduling.queue.bridge.watch: INFO    : send message: terminating
2017-05-30 22:21:53,346: umgr.scheduling.queue.bridge: MainProcess                     : MainThread     : WARNING : failed to stop child - terminate
2017-05-30 22:22:00,283: umgr.scheduling.queue.bridge: MainProcess                     : MainThread     : INFO    : radical.pilot        version: split-81-gf853cc9b@feature-bridges
2017-05-30 22:22:00,283: umgr.scheduling.queue.bridge: MainProcess                     : MainThread     : INFO    : create umgr_scheduling_queue - bridge - tcp://*:*
2017-05-30 22:22:00,284: umgr.scheduling.queue.bridge: MainProcess                     : MainThread     : DEBUG   : start process
2017-05-30 22:22:00,290: umgr.scheduling.queue.bridge: umgr.scheduling.queue.bridge    : MainThread     : INFO    : child (me) initializing
2017-05-30 22:22:00,290: umgr.scheduling.queue.bridge: umgr.scheduling.queue.bridge    : MainThread     : DEBUG   : start thread
2017-05-30 22:22:00,290: umgr.scheduling.queue.bridge: umgr.scheduling.queue.bridge    : umgr.scheduling.queue.bridge.child.watch: INFO    : child (me) initializing
2017-05-30 22:22:00,290: umgr.scheduling.queue.bridge: umgr.scheduling.queue.bridge    : umgr.scheduling.queue.bridge.child.watch: DEBUG   : ru_initialize_common (NOOP)
2017-05-30 22:22:00,290: umgr.scheduling.queue.bridge: umgr.scheduling.queue.bridge    : umgr.scheduling.queue.bridge.child.watch: DEBUG   : ru_initialize_child (NOOP)
2017-05-30 22:22:00,290: umgr.scheduling.queue.bridge: umgr.scheduling.queue.bridge    : umgr.scheduling.queue.bridge.child.watch: INFO    : send alive
2017-05-30 22:22:00,291: umgr.scheduling.queue.bridge: umgr.scheduling.queue.bridge    : umgr.scheduling.queue.bridge.child.watch: INFO    : send message: alive
2017-05-30 22:22:00,291: umgr.scheduling.queue.bridge: umgr.scheduling.queue.bridge    : MainThread     : INFO    : recv message: alive
2017-05-30 22:22:00,291: umgr.scheduling.queue.bridge: umgr.scheduling.queue.bridge    : MainThread     : DEBUG   : ru_initialize_common (NOOP)
2017-05-30 22:22:00,292: umgr.scheduling.queue.bridge: umgr.scheduling.queue.bridge    : MainThread     : DEBUG   : ru_initialize_parent (NOOP)
2017-05-30 22:22:00,292: umgr.scheduling.queue.bridge: umgr.scheduling.queue.bridge    : MainThread     : DEBUG   : child thread umgr.scheduling.queue.bridge.child.watch started
2017-05-30 22:22:00,292: umgr.scheduling.queue.bridge: umgr.scheduling.queue.bridge    : MainThread     : INFO    : child (me) is alive
2017-05-30 22:22:00,292: umgr.scheduling.queue.bridge: umgr.scheduling.queue.bridge    : MainThread     : DEBUG   : ru_initialize_common (NOOP)
2017-05-30 22:22:00,293: umgr.scheduling.queue.bridge: umgr.scheduling.queue.bridge.child: MainThread     : INFO    : send alive
2017-05-30 22:22:00,293: umgr.scheduling.queue.bridge: umgr.scheduling.queue.bridge.child: MainThread     : INFO    : send message: alive
2017-05-30 22:22:00,293: umgr.scheduling.queue.bridge: MainProcess                     : MainThread     : INFO    : recv message: alive
2017-05-30 22:22:00,294: umgr.scheduling.queue.bridge: MainProcess                     : MainThread     : DEBUG   : start thread
2017-05-30 22:22:00,294: umgr.scheduling.queue.bridge: MainProcess                     : umgr.scheduling.queue.bridge.watch: INFO    : child (me) initializing
2017-05-30 22:22:00,294: umgr.scheduling.queue.bridge: MainProcess                     : umgr.scheduling.queue.bridge.watch: DEBUG   : ru_initialize_common (NOOP)
2017-05-30 22:22:00,294: umgr.scheduling.queue.bridge: MainProcess                     : umgr.scheduling.queue.bridge.watch: DEBUG   : ru_initialize_child (NOOP)
2017-05-30 22:22:00,294: umgr.scheduling.queue.bridge: MainProcess                     : umgr.scheduling.queue.bridge.watch: INFO    : send alive
2017-05-30 22:22:00,294: umgr.scheduling.queue.bridge: MainProcess                     : umgr.scheduling.queue.bridge.watch: INFO    : send message: alive
2017-05-30 22:22:00,295: umgr.scheduling.queue.bridge: MainProcess                     : MainThread     : INFO    : recv message: alive
2017-05-30 22:22:00,295: umgr.scheduling.queue.bridge: MainProcess                     : MainThread     : DEBUG   : ru_initialize_common (NOOP)
2017-05-30 22:22:00,295: umgr.scheduling.queue.bridge: MainProcess                     : MainThread     : DEBUG   : ru_initialize_parent (NOOP)
2017-05-30 22:22:00,295: umgr.scheduling.queue.bridge: MainProcess                     : MainThread     : DEBUG   : child thread umgr.scheduling.queue.bridge.watch started
2017-05-30 22:22:00,295: umgr.scheduling.queue.bridge: MainProcess                     : MainThread     : INFO    : child is alive
2017-05-30 22:22:00,295: umgr.scheduling.queue.bridge: MainProcess                     : MainThread     : DEBUG   : ru_initialize_common (NOOP)
2017-05-30 22:22:00,295: umgr.scheduling.queue.bridge: MainProcess                     : MainThread     : DEBUG   : ru_initialize_parent (NOOP)
2017-05-30 22:22:00,295: umgr.scheduling.queue.bridge: MainProcess                     : MainThread     : DEBUG   : child process started
2017-05-30 22:29:37,272: umgr.scheduling.queue.bridge: MainProcess                     : MainThread     : INFO    : parent stops child
2017-05-30 22:29:37,273: umgr.scheduling.queue.bridge: MainProcess                     : MainThread     : DEBUG   : ru_finalize_parent (NOOP)
2017-05-30 22:29:37,273: umgr.scheduling.queue.bridge: MainProcess                     : MainThread     : DEBUG   : ru_finalize_common (NOOP)
2017-05-30 22:29:37,273: umgr.scheduling.queue.bridge: MainProcess                     : MainThread     : INFO    : parent stops child
2017-05-30 22:29:37,273: umgr.scheduling.queue.bridge: MainProcess                     : MainThread     : DEBUG   : ru_finalize_parent (NOOP)
2017-05-30 22:29:37,273: umgr.scheduling.queue.bridge: MainProcess                     : MainThread     : DEBUG   : ru_finalize_common (NOOP)
2017-05-30 22:29:37,312: umgr.scheduling.queue.bridge: MainProcess                     : umgr.scheduling.queue.bridge.watch: INFO    : send message: work finished
2017-05-30 22:29:37,313: umgr.scheduling.queue.bridge: MainProcess                     : umgr.scheduling.queue.bridge.watch: DEBUG   : ru_finalize_child (NOOP)
2017-05-30 22:29:37,313: umgr.scheduling.queue.bridge: MainProcess                     : umgr.scheduling.queue.bridge.watch: DEBUG   : ru_finalize_common (NOOP)
2017-05-30 22:29:37,313: umgr.scheduling.queue.bridge: MainProcess                     : umgr.scheduling.queue.bridge.watch: INFO    : send message: terminating
2017-05-30 22:29:37,438: umgr.scheduling.queue.bridge: MainProcess                     : MainThread     : WARNING : failed to stop child - terminate
2017-05-30 22:29:53,584: umgr.scheduling.queue.bridge: MainProcess                     : MainThread     : INFO    : radical.pilot        version: split-81-gf853cc9b@feature-bridges
2017-05-30 22:29:53,585: umgr.scheduling.queue.bridge: MainProcess                     : MainThread     : INFO    : create umgr_scheduling_queue - bridge - tcp://*:*
2017-05-30 22:29:53,585: umgr.scheduling.queue.bridge: MainProcess                     : MainThread     : DEBUG   : start process
2017-05-30 22:29:53,595: umgr.scheduling.queue.bridge: umgr.scheduling.queue.bridge    : MainThread     : INFO    : child (me) initializing
2017-05-30 22:29:53,596: umgr.scheduling.queue.bridge: umgr.scheduling.queue.bridge    : MainThread     : DEBUG   : start thread
2017-05-30 22:29:53,596: umgr.scheduling.queue.bridge: umgr.scheduling.queue.bridge    : umgr.scheduling.queue.bridge.child.watch: INFO    : child (me) initializing
2017-05-30 22:29:53,596: umgr.scheduling.queue.bridge: umgr.scheduling.queue.bridge    : umgr.scheduling.queue.bridge.child.watch: DEBUG   : ru_initialize_common (NOOP)
2017-05-30 22:29:53,597: umgr.scheduling.queue.bridge: umgr.scheduling.queue.bridge    : umgr.scheduling.queue.bridge.child.watch: DEBUG   : ru_initialize_child (NOOP)
2017-05-30 22:29:53,597: umgr.scheduling.queue.bridge: umgr.scheduling.queue.bridge    : umgr.scheduling.queue.bridge.child.watch: INFO    : send alive
2017-05-30 22:29:53,597: umgr.scheduling.queue.bridge: umgr.scheduling.queue.bridge    : umgr.scheduling.queue.bridge.child.watch: INFO    : send message: alive
2017-05-30 22:29:53,598: umgr.scheduling.queue.bridge: umgr.scheduling.queue.bridge    : MainThread     : INFO    : recv message: alive
2017-05-30 22:29:53,598: umgr.scheduling.queue.bridge: umgr.scheduling.queue.bridge    : MainThread     : DEBUG   : ru_initialize_common (NOOP)
2017-05-30 22:29:53,598: umgr.scheduling.queue.bridge: umgr.scheduling.queue.bridge    : MainThread     : DEBUG   : ru_initialize_parent (NOOP)
2017-05-30 22:29:53,598: umgr.scheduling.queue.bridge: umgr.scheduling.queue.bridge    : MainThread     : DEBUG   : child thread umgr.scheduling.queue.bridge.child.watch started
2017-05-30 22:29:53,598: umgr.scheduling.queue.bridge: umgr.scheduling.queue.bridge    : MainThread     : INFO    : child (me) is alive
2017-05-30 22:29:53,598: umgr.scheduling.queue.bridge: umgr.scheduling.queue.bridge    : MainThread     : DEBUG   : ru_initialize_common (NOOP)
2017-05-30 22:29:53,600: umgr.scheduling.queue.bridge: umgr.scheduling.queue.bridge.child: MainThread     : INFO    : send alive
2017-05-30 22:29:53,600: umgr.scheduling.queue.bridge: umgr.scheduling.queue.bridge.child: MainThread     : INFO    : send message: alive
2017-05-30 22:29:53,601: umgr.scheduling.queue.bridge: MainProcess                     : MainThread     : INFO    : recv message: alive
2017-05-30 22:29:53,601: umgr.scheduling.queue.bridge: MainProcess                     : MainThread     : DEBUG   : start thread
2017-05-30 22:29:53,601: umgr.scheduling.queue.bridge: MainProcess                     : umgr.scheduling.queue.bridge.watch: INFO    : child (me) initializing
2017-05-30 22:29:53,602: umgr.scheduling.queue.bridge: MainProcess                     : umgr.scheduling.queue.bridge.watch: DEBUG   : ru_initialize_common (NOOP)
2017-05-30 22:29:53,602: umgr.scheduling.queue.bridge: MainProcess                     : umgr.scheduling.queue.bridge.watch: DEBUG   : ru_initialize_child (NOOP)
2017-05-30 22:29:53,602: umgr.scheduling.queue.bridge: MainProcess                     : umgr.scheduling.queue.bridge.watch: INFO    : send alive
2017-05-30 22:29:53,602: umgr.scheduling.queue.bridge: MainProcess                     : umgr.scheduling.queue.bridge.watch: INFO    : send message: alive
2017-05-30 22:29:53,603: umgr.scheduling.queue.bridge: MainProcess                     : MainThread     : INFO    : recv message: alive
2017-05-30 22:29:53,603: umgr.scheduling.queue.bridge: MainProcess                     : MainThread     : DEBUG   : ru_initialize_common (NOOP)
2017-05-30 22:29:53,603: umgr.scheduling.queue.bridge: MainProcess                     : MainThread     : DEBUG   : ru_initialize_parent (NOOP)
2017-05-30 22:29:53,603: umgr.scheduling.queue.bridge: MainProcess                     : MainThread     : DEBUG   : child thread umgr.scheduling.queue.bridge.watch started
2017-05-30 22:29:53,603: umgr.scheduling.queue.bridge: MainProcess                     : MainThread     : INFO    : child is alive
2017-05-30 22:29:53,603: umgr.scheduling.queue.bridge: MainProcess                     : MainThread     : DEBUG   : ru_initialize_common (NOOP)
2017-05-30 22:29:53,603: umgr.scheduling.queue.bridge: MainProcess                     : MainThread     : DEBUG   : ru_initialize_parent (NOOP)
2017-05-30 22:29:53,603: umgr.scheduling.queue.bridge: MainProcess                     : MainThread     : DEBUG   : child process started
2017-05-30 22:37:30,453: umgr.scheduling.queue.bridge: MainProcess                     : MainThread     : INFO    : parent stops child
2017-05-30 22:37:30,453: umgr.scheduling.queue.bridge: MainProcess                     : MainThread     : DEBUG   : ru_finalize_parent (NOOP)
2017-05-30 22:37:30,453: umgr.scheduling.queue.bridge: MainProcess                     : MainThread     : DEBUG   : ru_finalize_common (NOOP)
2017-05-30 22:37:30,453: umgr.scheduling.queue.bridge: MainProcess                     : MainThread     : INFO    : parent stops child
2017-05-30 22:37:30,453: umgr.scheduling.queue.bridge: MainProcess                     : MainThread     : DEBUG   : ru_finalize_parent (NOOP)
2017-05-30 22:37:30,454: umgr.scheduling.queue.bridge: MainProcess                     : MainThread     : DEBUG   : ru_finalize_common (NOOP)
2017-05-30 22:37:30,524: umgr.scheduling.queue.bridge: MainProcess                     : umgr.scheduling.queue.bridge.watch: INFO    : send message: work finished
2017-05-30 22:37:30,525: umgr.scheduling.queue.bridge: MainProcess                     : umgr.scheduling.queue.bridge.watch: DEBUG   : ru_finalize_child (NOOP)
2017-05-30 22:37:30,525: umgr.scheduling.queue.bridge: MainProcess                     : umgr.scheduling.queue.bridge.watch: DEBUG   : ru_finalize_common (NOOP)
2017-05-30 22:37:30,525: umgr.scheduling.queue.bridge: MainProcess                     : umgr.scheduling.queue.bridge.watch: INFO    : send message: terminating
2017-05-30 22:37:30,587: umgr.scheduling.queue.bridge: umgr.scheduling.queue.bridge.child: umgr.scheduling.queue.bridge.child.watch: WARNING : endpoint disappeard
2017-05-30 22:37:30,588: umgr.scheduling.queue.bridge: umgr.scheduling.queue.bridge.child: umgr.scheduling.queue.bridge.child.watch: WARNING : watcher failed
2017-05-30 22:37:30,588: umgr.scheduling.queue.bridge: umgr.scheduling.queue.bridge.child: umgr.scheduling.queue.bridge.child.watch: INFO    : send message: work finished
2017-05-30 22:37:30,588: umgr.scheduling.queue.bridge: umgr.scheduling.queue.bridge.child: umgr.scheduling.queue.bridge.child.watch: DEBUG   : ru_finalize_child (NOOP)
2017-05-30 22:37:30,588: umgr.scheduling.queue.bridge: umgr.scheduling.queue.bridge.child: umgr.scheduling.queue.bridge.child.watch: DEBUG   : ru_finalize_common (NOOP)
2017-05-30 22:37:30,589: umgr.scheduling.queue.bridge: umgr.scheduling.queue.bridge.child: umgr.scheduling.queue.bridge.child.watch: INFO    : send message: terminating
2017-05-30 22:37:30,668: umgr.scheduling.queue.bridge: MainProcess                     : MainThread     : WARNING : failed to stop child - terminate
2017-05-30 22:37:38,807: umgr.scheduling.queue.bridge: MainProcess                     : MainThread     : INFO    : radical.pilot        version: split-81-gf853cc9b@feature-bridges
2017-05-30 22:37:38,807: umgr.scheduling.queue.bridge: MainProcess                     : MainThread     : INFO    : create umgr_scheduling_queue - bridge - tcp://*:*
2017-05-30 22:37:38,807: umgr.scheduling.queue.bridge: MainProcess                     : MainThread     : DEBUG   : start process
2017-05-30 22:37:38,816: umgr.scheduling.queue.bridge: umgr.scheduling.queue.bridge    : MainThread     : INFO    : child (me) initializing
2017-05-30 22:37:38,816: umgr.scheduling.queue.bridge: umgr.scheduling.queue.bridge    : MainThread     : DEBUG   : start thread
2017-05-30 22:37:38,817: umgr.scheduling.queue.bridge: umgr.scheduling.queue.bridge    : umgr.scheduling.queue.bridge.child.watch: INFO    : child (me) initializing
2017-05-30 22:37:38,817: umgr.scheduling.queue.bridge: umgr.scheduling.queue.bridge    : umgr.scheduling.queue.bridge.child.watch: DEBUG   : ru_initialize_common (NOOP)
2017-05-30 22:37:38,817: umgr.scheduling.queue.bridge: umgr.scheduling.queue.bridge    : umgr.scheduling.queue.bridge.child.watch: DEBUG   : ru_initialize_child (NOOP)
2017-05-30 22:37:38,817: umgr.scheduling.queue.bridge: umgr.scheduling.queue.bridge    : umgr.scheduling.queue.bridge.child.watch: INFO    : send alive
2017-05-30 22:37:38,817: umgr.scheduling.queue.bridge: umgr.scheduling.queue.bridge    : umgr.scheduling.queue.bridge.child.watch: INFO    : send message: alive
2017-05-30 22:37:38,818: umgr.scheduling.queue.bridge: umgr.scheduling.queue.bridge    : MainThread     : INFO    : recv message: alive
2017-05-30 22:37:38,818: umgr.scheduling.queue.bridge: umgr.scheduling.queue.bridge    : MainThread     : DEBUG   : ru_initialize_common (NOOP)
2017-05-30 22:37:38,818: umgr.scheduling.queue.bridge: umgr.scheduling.queue.bridge    : MainThread     : DEBUG   : ru_initialize_parent (NOOP)
2017-05-30 22:37:38,818: umgr.scheduling.queue.bridge: umgr.scheduling.queue.bridge    : MainThread     : DEBUG   : child thread umgr.scheduling.queue.bridge.child.watch started
2017-05-30 22:37:38,818: umgr.scheduling.queue.bridge: umgr.scheduling.queue.bridge    : MainThread     : INFO    : child (me) is alive
2017-05-30 22:37:38,818: umgr.scheduling.queue.bridge: umgr.scheduling.queue.bridge    : MainThread     : DEBUG   : ru_initialize_common (NOOP)
2017-05-30 22:37:38,820: umgr.scheduling.queue.bridge: umgr.scheduling.queue.bridge.child: MainThread     : INFO    : send alive
2017-05-30 22:37:38,820: umgr.scheduling.queue.bridge: umgr.scheduling.queue.bridge.child: MainThread     : INFO    : send message: alive
2017-05-30 22:37:38,820: umgr.scheduling.queue.bridge: MainProcess                     : MainThread     : INFO    : recv message: alive
2017-05-30 22:37:38,820: umgr.scheduling.queue.bridge: MainProcess                     : MainThread     : DEBUG   : start thread
2017-05-30 22:37:38,821: umgr.scheduling.queue.bridge: MainProcess                     : umgr.scheduling.queue.bridge.watch: INFO    : child (me) initializing
2017-05-30 22:37:38,821: umgr.scheduling.queue.bridge: MainProcess                     : umgr.scheduling.queue.bridge.watch: DEBUG   : ru_initialize_common (NOOP)
2017-05-30 22:37:38,821: umgr.scheduling.queue.bridge: MainProcess                     : umgr.scheduling.queue.bridge.watch: DEBUG   : ru_initialize_child (NOOP)
2017-05-30 22:37:38,821: umgr.scheduling.queue.bridge: MainProcess                     : umgr.scheduling.queue.bridge.watch: INFO    : send alive
2017-05-30 22:37:38,821: umgr.scheduling.queue.bridge: MainProcess                     : umgr.scheduling.queue.bridge.watch: INFO    : send message: alive
2017-05-30 22:37:38,822: umgr.scheduling.queue.bridge: MainProcess                     : MainThread     : INFO    : recv message: alive
2017-05-30 22:37:38,822: umgr.scheduling.queue.bridge: MainProcess                     : MainThread     : DEBUG   : ru_initialize_common (NOOP)
2017-05-30 22:37:38,822: umgr.scheduling.queue.bridge: MainProcess                     : MainThread     : DEBUG   : ru_initialize_parent (NOOP)
2017-05-30 22:37:38,822: umgr.scheduling.queue.bridge: MainProcess                     : MainThread     : DEBUG   : child thread umgr.scheduling.queue.bridge.watch started
2017-05-30 22:37:38,822: umgr.scheduling.queue.bridge: MainProcess                     : MainThread     : INFO    : child is alive
2017-05-30 22:37:38,822: umgr.scheduling.queue.bridge: MainProcess                     : MainThread     : DEBUG   : ru_initialize_common (NOOP)
2017-05-30 22:37:38,822: umgr.scheduling.queue.bridge: MainProcess                     : MainThread     : DEBUG   : ru_initialize_parent (NOOP)
2017-05-30 22:37:38,822: umgr.scheduling.queue.bridge: MainProcess                     : MainThread     : DEBUG   : child process started
2017-05-30 22:45:23,361: umgr.scheduling.queue.bridge: MainProcess                     : MainThread     : INFO    : parent stops child
2017-05-30 22:45:23,361: umgr.scheduling.queue.bridge: MainProcess                     : MainThread     : DEBUG   : ru_finalize_parent (NOOP)
2017-05-30 22:45:23,361: umgr.scheduling.queue.bridge: MainProcess                     : MainThread     : DEBUG   : ru_finalize_common (NOOP)
2017-05-30 22:45:23,361: umgr.scheduling.queue.bridge: MainProcess                     : MainThread     : INFO    : parent stops child
2017-05-30 22:45:23,362: umgr.scheduling.queue.bridge: MainProcess                     : MainThread     : DEBUG   : ru_finalize_parent (NOOP)
2017-05-30 22:45:23,362: umgr.scheduling.queue.bridge: MainProcess                     : MainThread     : DEBUG   : ru_finalize_common (NOOP)
2017-05-30 22:45:23,366: umgr.scheduling.queue.bridge: MainProcess                     : umgr.scheduling.queue.bridge.watch: INFO    : send message: work finished
2017-05-30 22:45:23,367: umgr.scheduling.queue.bridge: MainProcess                     : umgr.scheduling.queue.bridge.watch: DEBUG   : ru_finalize_child (NOOP)
2017-05-30 22:45:23,367: umgr.scheduling.queue.bridge: MainProcess                     : umgr.scheduling.queue.bridge.watch: DEBUG   : ru_finalize_common (NOOP)
2017-05-30 22:45:23,367: umgr.scheduling.queue.bridge: MainProcess                     : umgr.scheduling.queue.bridge.watch: INFO    : send message: terminating
2017-05-30 22:45:23,470: umgr.scheduling.queue.bridge: MainProcess                     : MainThread     : WARNING : failed to stop child - terminate
2017-05-30 22:45:32,530: umgr.scheduling.queue.bridge: MainProcess                     : MainThread     : INFO    : radical.pilot        version: split-81-gf853cc9b@feature-bridges
2017-05-30 22:45:32,530: umgr.scheduling.queue.bridge: MainProcess                     : MainThread     : INFO    : create umgr_scheduling_queue - bridge - tcp://*:*
2017-05-30 22:45:32,531: umgr.scheduling.queue.bridge: MainProcess                     : MainThread     : DEBUG   : start process
2017-05-30 22:45:32,541: umgr.scheduling.queue.bridge: umgr.scheduling.queue.bridge    : MainThread     : INFO    : child (me) initializing
2017-05-30 22:45:32,541: umgr.scheduling.queue.bridge: umgr.scheduling.queue.bridge    : MainThread     : DEBUG   : start thread
2017-05-30 22:45:32,542: umgr.scheduling.queue.bridge: umgr.scheduling.queue.bridge    : umgr.scheduling.queue.bridge.child.watch: INFO    : child (me) initializing
2017-05-30 22:45:32,542: umgr.scheduling.queue.bridge: umgr.scheduling.queue.bridge    : umgr.scheduling.queue.bridge.child.watch: DEBUG   : ru_initialize_common (NOOP)
2017-05-30 22:45:32,542: umgr.scheduling.queue.bridge: umgr.scheduling.queue.bridge    : umgr.scheduling.queue.bridge.child.watch: DEBUG   : ru_initialize_child (NOOP)
2017-05-30 22:45:32,542: umgr.scheduling.queue.bridge: umgr.scheduling.queue.bridge    : umgr.scheduling.queue.bridge.child.watch: INFO    : send alive
2017-05-30 22:45:32,542: umgr.scheduling.queue.bridge: umgr.scheduling.queue.bridge    : umgr.scheduling.queue.bridge.child.watch: INFO    : send message: alive
2017-05-30 22:45:32,543: umgr.scheduling.queue.bridge: umgr.scheduling.queue.bridge    : MainThread     : INFO    : recv message: alive
2017-05-30 22:45:32,543: umgr.scheduling.queue.bridge: umgr.scheduling.queue.bridge    : MainThread     : DEBUG   : ru_initialize_common (NOOP)
2017-05-30 22:45:32,543: umgr.scheduling.queue.bridge: umgr.scheduling.queue.bridge    : MainThread     : DEBUG   : ru_initialize_parent (NOOP)
2017-05-30 22:45:32,543: umgr.scheduling.queue.bridge: umgr.scheduling.queue.bridge    : MainThread     : DEBUG   : child thread umgr.scheduling.queue.bridge.child.watch started
2017-05-30 22:45:32,543: umgr.scheduling.queue.bridge: umgr.scheduling.queue.bridge    : MainThread     : INFO    : child (me) is alive
2017-05-30 22:45:32,543: umgr.scheduling.queue.bridge: umgr.scheduling.queue.bridge    : MainThread     : DEBUG   : ru_initialize_common (NOOP)
2017-05-30 22:45:32,545: umgr.scheduling.queue.bridge: umgr.scheduling.queue.bridge.child: MainThread     : INFO    : send alive
2017-05-30 22:45:32,545: umgr.scheduling.queue.bridge: umgr.scheduling.queue.bridge.child: MainThread     : INFO    : send message: alive
2017-05-30 22:45:32,545: umgr.scheduling.queue.bridge: MainProcess                     : MainThread     : INFO    : recv message: alive
2017-05-30 22:45:32,546: umgr.scheduling.queue.bridge: MainProcess                     : MainThread     : DEBUG   : start thread
2017-05-30 22:45:32,546: umgr.scheduling.queue.bridge: MainProcess                     : umgr.scheduling.queue.bridge.watch: INFO    : child (me) initializing
2017-05-30 22:45:32,546: umgr.scheduling.queue.bridge: MainProcess                     : umgr.scheduling.queue.bridge.watch: DEBUG   : ru_initialize_common (NOOP)
2017-05-30 22:45:32,546: umgr.scheduling.queue.bridge: MainProcess                     : umgr.scheduling.queue.bridge.watch: DEBUG   : ru_initialize_child (NOOP)
2017-05-30 22:45:32,546: umgr.scheduling.queue.bridge: MainProcess                     : umgr.scheduling.queue.bridge.watch: INFO    : send alive
2017-05-30 22:45:32,546: umgr.scheduling.queue.bridge: MainProcess                     : umgr.scheduling.queue.bridge.watch: INFO    : send message: alive
2017-05-30 22:45:32,547: umgr.scheduling.queue.bridge: MainProcess                     : MainThread     : INFO    : recv message: alive
2017-05-30 22:45:32,547: umgr.scheduling.queue.bridge: MainProcess                     : MainThread     : DEBUG   : ru_initialize_common (NOOP)
2017-05-30 22:45:32,547: umgr.scheduling.queue.bridge: MainProcess                     : MainThread     : DEBUG   : ru_initialize_parent (NOOP)
2017-05-30 22:45:32,547: umgr.scheduling.queue.bridge: MainProcess                     : MainThread     : DEBUG   : child thread umgr.scheduling.queue.bridge.watch started
2017-05-30 22:45:32,547: umgr.scheduling.queue.bridge: MainProcess                     : MainThread     : INFO    : child is alive
2017-05-30 22:45:32,547: umgr.scheduling.queue.bridge: MainProcess                     : MainThread     : DEBUG   : ru_initialize_common (NOOP)
2017-05-30 22:45:32,547: umgr.scheduling.queue.bridge: MainProcess                     : MainThread     : DEBUG   : ru_initialize_parent (NOOP)
2017-05-30 22:45:32,548: umgr.scheduling.queue.bridge: MainProcess                     : MainThread     : DEBUG   : child process started
2017-05-30 22:45:33,472: umgr.scheduling.queue.bridge: MainProcess                     : MainThread     : INFO    : parent stops child
2017-05-30 22:45:33,473: umgr.scheduling.queue.bridge: MainProcess                     : MainThread     : DEBUG   : ru_finalize_parent (NOOP)
2017-05-30 22:45:33,473: umgr.scheduling.queue.bridge: MainProcess                     : MainThread     : DEBUG   : ru_finalize_common (NOOP)
2017-05-30 22:45:33,473: umgr.scheduling.queue.bridge: MainProcess                     : MainThread     : INFO    : parent stops child
2017-05-30 22:45:33,473: umgr.scheduling.queue.bridge: MainProcess                     : MainThread     : DEBUG   : ru_finalize_parent (NOOP)
2017-05-30 22:45:33,473: umgr.scheduling.queue.bridge: MainProcess                     : MainThread     : DEBUG   : ru_finalize_common (NOOP)
2017-05-30 22:45:33,548: umgr.scheduling.queue.bridge: MainProcess                     : umgr.scheduling.queue.bridge.watch: INFO    : send message: work finished
2017-05-30 22:45:33,549: umgr.scheduling.queue.bridge: MainProcess                     : umgr.scheduling.queue.bridge.watch: DEBUG   : ru_finalize_child (NOOP)
2017-05-30 22:45:33,549: umgr.scheduling.queue.bridge: MainProcess                     : umgr.scheduling.queue.bridge.watch: DEBUG   : ru_finalize_common (NOOP)
2017-05-30 22:45:33,549: umgr.scheduling.queue.bridge: MainProcess                     : umgr.scheduling.queue.bridge.watch: INFO    : send message: terminating
2017-05-30 22:45:33,688: umgr.scheduling.queue.bridge: MainProcess                     : MainThread     : WARNING : failed to stop child - terminate
