2017-05-30 22:15:15,934: umgr.staging.output.queue.bridge: MainProcess                     : MainThread     : INFO    : python.interpreter   version: 2.7.12 (default, Nov 19 2016, 06:48:10) [GCC 5.4.0 20160609]
2017-05-30 22:15:15,934: umgr.staging.output.queue.bridge: MainProcess                     : MainThread     : INFO    :                      pid: 24564
2017-05-30 22:15:15,935: umgr.staging.output.queue.bridge: MainProcess                     : MainThread     : INFO    :                      tid: MainThread
2017-05-30 22:15:15,935: umgr.staging.output.queue.bridge: MainProcess                     : MainThread     : INFO    : radical.pilot        version: split-81-gf853cc9b@feature-bridges
2017-05-30 22:15:15,935: umgr.staging.output.queue.bridge: MainProcess                     : MainThread     : INFO    : create umgr_staging_output_queue - bridge - tcp://*:*
2017-05-30 22:15:15,936: umgr.staging.output.queue.bridge: MainProcess                     : MainThread     : DEBUG   : start process
2017-05-30 22:15:15,946: umgr.staging.output.queue.bridge: umgr.staging.output.queue.bridge: MainThread     : INFO    : child (me) initializing
2017-05-30 22:15:15,947: umgr.staging.output.queue.bridge: umgr.staging.output.queue.bridge: MainThread     : DEBUG   : start thread
2017-05-30 22:15:15,947: umgr.staging.output.queue.bridge: umgr.staging.output.queue.bridge: umgr.staging.output.queue.bridge.child.watch: INFO    : child (me) initializing
2017-05-30 22:15:15,948: umgr.staging.output.queue.bridge: umgr.staging.output.queue.bridge: umgr.staging.output.queue.bridge.child.watch: DEBUG   : ru_initialize_common (NOOP)
2017-05-30 22:15:15,948: umgr.staging.output.queue.bridge: umgr.staging.output.queue.bridge: umgr.staging.output.queue.bridge.child.watch: DEBUG   : ru_initialize_child (NOOP)
2017-05-30 22:15:15,948: umgr.staging.output.queue.bridge: umgr.staging.output.queue.bridge: umgr.staging.output.queue.bridge.child.watch: INFO    : send alive
2017-05-30 22:15:15,948: umgr.staging.output.queue.bridge: umgr.staging.output.queue.bridge: umgr.staging.output.queue.bridge.child.watch: INFO    : send message: alive
2017-05-30 22:15:15,949: umgr.staging.output.queue.bridge: umgr.staging.output.queue.bridge: MainThread     : INFO    : recv message: alive
2017-05-30 22:15:15,949: umgr.staging.output.queue.bridge: umgr.staging.output.queue.bridge: MainThread     : DEBUG   : ru_initialize_common (NOOP)
2017-05-30 22:15:15,949: umgr.staging.output.queue.bridge: umgr.staging.output.queue.bridge: MainThread     : DEBUG   : ru_initialize_parent (NOOP)
2017-05-30 22:15:15,949: umgr.staging.output.queue.bridge: umgr.staging.output.queue.bridge: MainThread     : DEBUG   : child thread umgr.staging.output.queue.bridge.child.watch started
2017-05-30 22:15:15,949: umgr.staging.output.queue.bridge: umgr.staging.output.queue.bridge: MainThread     : INFO    : child (me) is alive
2017-05-30 22:15:15,949: umgr.staging.output.queue.bridge: umgr.staging.output.queue.bridge: MainThread     : DEBUG   : ru_initialize_common (NOOP)
2017-05-30 22:15:15,954: umgr.staging.output.queue.bridge: umgr.staging.output.queue.bridge.child: MainThread     : INFO    : send alive
2017-05-30 22:15:15,954: umgr.staging.output.queue.bridge: umgr.staging.output.queue.bridge.child: MainThread     : INFO    : send message: alive
2017-05-30 22:15:15,954: umgr.staging.output.queue.bridge: MainProcess                     : MainThread     : INFO    : recv message: alive
2017-05-30 22:15:15,955: umgr.staging.output.queue.bridge: MainProcess                     : MainThread     : DEBUG   : start thread
2017-05-30 22:15:15,956: umgr.staging.output.queue.bridge: MainProcess                     : umgr.staging.output.queue.bridge.watch: INFO    : child (me) initializing
2017-05-30 22:15:15,956: umgr.staging.output.queue.bridge: MainProcess                     : umgr.staging.output.queue.bridge.watch: DEBUG   : ru_initialize_common (NOOP)
2017-05-30 22:15:15,956: umgr.staging.output.queue.bridge: MainProcess                     : umgr.staging.output.queue.bridge.watch: DEBUG   : ru_initialize_child (NOOP)
2017-05-30 22:15:15,956: umgr.staging.output.queue.bridge: MainProcess                     : umgr.staging.output.queue.bridge.watch: INFO    : send alive
2017-05-30 22:15:15,957: umgr.staging.output.queue.bridge: MainProcess                     : umgr.staging.output.queue.bridge.watch: INFO    : send message: alive
2017-05-30 22:15:15,957: umgr.staging.output.queue.bridge: MainProcess                     : MainThread     : INFO    : recv message: alive
2017-05-30 22:15:15,958: umgr.staging.output.queue.bridge: MainProcess                     : MainThread     : DEBUG   : ru_initialize_common (NOOP)
2017-05-30 22:15:15,958: umgr.staging.output.queue.bridge: MainProcess                     : MainThread     : DEBUG   : ru_initialize_parent (NOOP)
2017-05-30 22:15:15,958: umgr.staging.output.queue.bridge: MainProcess                     : MainThread     : DEBUG   : child thread umgr.staging.output.queue.bridge.watch started
2017-05-30 22:15:15,958: umgr.staging.output.queue.bridge: MainProcess                     : MainThread     : INFO    : child is alive
2017-05-30 22:15:15,958: umgr.staging.output.queue.bridge: MainProcess                     : MainThread     : DEBUG   : ru_initialize_common (NOOP)
2017-05-30 22:15:15,958: umgr.staging.output.queue.bridge: MainProcess                     : MainThread     : DEBUG   : ru_initialize_parent (NOOP)
2017-05-30 22:15:15,959: umgr.staging.output.queue.bridge: MainProcess                     : MainThread     : DEBUG   : child process started
2017-05-30 22:21:52,856: umgr.staging.output.queue.bridge: MainProcess                     : MainThread     : INFO    : parent stops child
2017-05-30 22:21:52,856: umgr.staging.output.queue.bridge: MainProcess                     : MainThread     : DEBUG   : ru_finalize_parent (NOOP)
2017-05-30 22:21:52,857: umgr.staging.output.queue.bridge: MainProcess                     : MainThread     : DEBUG   : ru_finalize_common (NOOP)
2017-05-30 22:21:52,857: umgr.staging.output.queue.bridge: MainProcess                     : MainThread     : INFO    : parent stops child
2017-05-30 22:21:52,857: umgr.staging.output.queue.bridge: MainProcess                     : MainThread     : DEBUG   : ru_finalize_parent (NOOP)
2017-05-30 22:21:52,857: umgr.staging.output.queue.bridge: MainProcess                     : MainThread     : DEBUG   : ru_finalize_common (NOOP)
2017-05-30 22:21:52,880: umgr.staging.output.queue.bridge: MainProcess                     : umgr.staging.output.queue.bridge.watch: INFO    : send message: work finished
2017-05-30 22:21:52,880: umgr.staging.output.queue.bridge: MainProcess                     : umgr.staging.output.queue.bridge.watch: DEBUG   : ru_finalize_child (NOOP)
2017-05-30 22:21:52,881: umgr.staging.output.queue.bridge: MainProcess                     : umgr.staging.output.queue.bridge.watch: DEBUG   : ru_finalize_common (NOOP)
2017-05-30 22:21:52,881: umgr.staging.output.queue.bridge: MainProcess                     : umgr.staging.output.queue.bridge.watch: INFO    : send message: terminating
2017-05-30 22:21:52,989: umgr.staging.output.queue.bridge: MainProcess                     : MainThread     : WARNING : failed to stop child - terminate
2017-05-30 22:22:00,257: umgr.staging.output.queue.bridge: MainProcess                     : MainThread     : INFO    : radical.pilot        version: split-81-gf853cc9b@feature-bridges
2017-05-30 22:22:00,257: umgr.staging.output.queue.bridge: MainProcess                     : MainThread     : INFO    : create umgr_staging_output_queue - bridge - tcp://*:*
2017-05-30 22:22:00,258: umgr.staging.output.queue.bridge: MainProcess                     : MainThread     : DEBUG   : start process
2017-05-30 22:22:00,264: umgr.staging.output.queue.bridge: umgr.staging.output.queue.bridge: MainThread     : INFO    : child (me) initializing
2017-05-30 22:22:00,264: umgr.staging.output.queue.bridge: umgr.staging.output.queue.bridge: MainThread     : DEBUG   : start thread
2017-05-30 22:22:00,265: umgr.staging.output.queue.bridge: umgr.staging.output.queue.bridge: umgr.staging.output.queue.bridge.child.watch: INFO    : child (me) initializing
2017-05-30 22:22:00,265: umgr.staging.output.queue.bridge: umgr.staging.output.queue.bridge: umgr.staging.output.queue.bridge.child.watch: DEBUG   : ru_initialize_common (NOOP)
2017-05-30 22:22:00,265: umgr.staging.output.queue.bridge: umgr.staging.output.queue.bridge: umgr.staging.output.queue.bridge.child.watch: DEBUG   : ru_initialize_child (NOOP)
2017-05-30 22:22:00,265: umgr.staging.output.queue.bridge: umgr.staging.output.queue.bridge: umgr.staging.output.queue.bridge.child.watch: INFO    : send alive
2017-05-30 22:22:00,265: umgr.staging.output.queue.bridge: umgr.staging.output.queue.bridge: umgr.staging.output.queue.bridge.child.watch: INFO    : send message: alive
2017-05-30 22:22:00,266: umgr.staging.output.queue.bridge: umgr.staging.output.queue.bridge: MainThread     : INFO    : recv message: alive
2017-05-30 22:22:00,266: umgr.staging.output.queue.bridge: umgr.staging.output.queue.bridge: MainThread     : DEBUG   : ru_initialize_common (NOOP)
2017-05-30 22:22:00,266: umgr.staging.output.queue.bridge: umgr.staging.output.queue.bridge: MainThread     : DEBUG   : ru_initialize_parent (NOOP)
2017-05-30 22:22:00,266: umgr.staging.output.queue.bridge: umgr.staging.output.queue.bridge: MainThread     : DEBUG   : child thread umgr.staging.output.queue.bridge.child.watch started
2017-05-30 22:22:00,266: umgr.staging.output.queue.bridge: umgr.staging.output.queue.bridge: MainThread     : INFO    : child (me) is alive
2017-05-30 22:22:00,266: umgr.staging.output.queue.bridge: umgr.staging.output.queue.bridge: MainThread     : DEBUG   : ru_initialize_common (NOOP)
2017-05-30 22:22:00,267: umgr.staging.output.queue.bridge: umgr.staging.output.queue.bridge.child: MainThread     : INFO    : send alive
2017-05-30 22:22:00,267: umgr.staging.output.queue.bridge: umgr.staging.output.queue.bridge.child: MainThread     : INFO    : send message: alive
2017-05-30 22:22:00,268: umgr.staging.output.queue.bridge: MainProcess                     : MainThread     : INFO    : recv message: alive
2017-05-30 22:22:00,268: umgr.staging.output.queue.bridge: MainProcess                     : MainThread     : DEBUG   : start thread
2017-05-30 22:22:00,268: umgr.staging.output.queue.bridge: MainProcess                     : umgr.staging.output.queue.bridge.watch: INFO    : child (me) initializing
2017-05-30 22:22:00,268: umgr.staging.output.queue.bridge: MainProcess                     : umgr.staging.output.queue.bridge.watch: DEBUG   : ru_initialize_common (NOOP)
2017-05-30 22:22:00,268: umgr.staging.output.queue.bridge: MainProcess                     : umgr.staging.output.queue.bridge.watch: DEBUG   : ru_initialize_child (NOOP)
2017-05-30 22:22:00,268: umgr.staging.output.queue.bridge: MainProcess                     : umgr.staging.output.queue.bridge.watch: INFO    : send alive
2017-05-30 22:22:00,268: umgr.staging.output.queue.bridge: MainProcess                     : umgr.staging.output.queue.bridge.watch: INFO    : send message: alive
2017-05-30 22:22:00,269: umgr.staging.output.queue.bridge: MainProcess                     : MainThread     : INFO    : recv message: alive
2017-05-30 22:22:00,269: umgr.staging.output.queue.bridge: MainProcess                     : MainThread     : DEBUG   : ru_initialize_common (NOOP)
2017-05-30 22:22:00,269: umgr.staging.output.queue.bridge: MainProcess                     : MainThread     : DEBUG   : ru_initialize_parent (NOOP)
2017-05-30 22:22:00,270: umgr.staging.output.queue.bridge: MainProcess                     : MainThread     : DEBUG   : child thread umgr.staging.output.queue.bridge.watch started
2017-05-30 22:22:00,270: umgr.staging.output.queue.bridge: MainProcess                     : MainThread     : INFO    : child is alive
2017-05-30 22:22:00,270: umgr.staging.output.queue.bridge: MainProcess                     : MainThread     : DEBUG   : ru_initialize_common (NOOP)
2017-05-30 22:22:00,270: umgr.staging.output.queue.bridge: MainProcess                     : MainThread     : DEBUG   : ru_initialize_parent (NOOP)
2017-05-30 22:22:00,270: umgr.staging.output.queue.bridge: MainProcess                     : MainThread     : DEBUG   : child process started
2017-05-30 22:29:36,934: umgr.staging.output.queue.bridge: MainProcess                     : MainThread     : INFO    : parent stops child
2017-05-30 22:29:36,934: umgr.staging.output.queue.bridge: MainProcess                     : MainThread     : DEBUG   : ru_finalize_parent (NOOP)
2017-05-30 22:29:36,934: umgr.staging.output.queue.bridge: MainProcess                     : MainThread     : DEBUG   : ru_finalize_common (NOOP)
2017-05-30 22:29:36,934: umgr.staging.output.queue.bridge: MainProcess                     : MainThread     : INFO    : parent stops child
2017-05-30 22:29:36,935: umgr.staging.output.queue.bridge: MainProcess                     : MainThread     : DEBUG   : ru_finalize_parent (NOOP)
2017-05-30 22:29:36,935: umgr.staging.output.queue.bridge: MainProcess                     : MainThread     : DEBUG   : ru_finalize_common (NOOP)
2017-05-30 22:29:36,980: umgr.staging.output.queue.bridge: MainProcess                     : umgr.staging.output.queue.bridge.watch: INFO    : send message: work finished
2017-05-30 22:29:36,980: umgr.staging.output.queue.bridge: MainProcess                     : umgr.staging.output.queue.bridge.watch: DEBUG   : ru_finalize_child (NOOP)
2017-05-30 22:29:36,981: umgr.staging.output.queue.bridge: MainProcess                     : umgr.staging.output.queue.bridge.watch: DEBUG   : ru_finalize_common (NOOP)
2017-05-30 22:29:36,981: umgr.staging.output.queue.bridge: MainProcess                     : umgr.staging.output.queue.bridge.watch: INFO    : send message: terminating
2017-05-30 22:29:37,099: umgr.staging.output.queue.bridge: MainProcess                     : MainThread     : WARNING : failed to stop child - terminate
2017-05-30 22:29:53,534: umgr.staging.output.queue.bridge: MainProcess                     : MainThread     : INFO    : radical.pilot        version: split-81-gf853cc9b@feature-bridges
2017-05-30 22:29:53,535: umgr.staging.output.queue.bridge: MainProcess                     : MainThread     : INFO    : create umgr_staging_output_queue - bridge - tcp://*:*
2017-05-30 22:29:53,535: umgr.staging.output.queue.bridge: MainProcess                     : MainThread     : DEBUG   : start process
2017-05-30 22:29:53,554: umgr.staging.output.queue.bridge: umgr.staging.output.queue.bridge: MainThread     : INFO    : child (me) initializing
2017-05-30 22:29:53,555: umgr.staging.output.queue.bridge: umgr.staging.output.queue.bridge: MainThread     : DEBUG   : start thread
2017-05-30 22:29:53,555: umgr.staging.output.queue.bridge: umgr.staging.output.queue.bridge: umgr.staging.output.queue.bridge.child.watch: INFO    : child (me) initializing
2017-05-30 22:29:53,555: umgr.staging.output.queue.bridge: umgr.staging.output.queue.bridge: umgr.staging.output.queue.bridge.child.watch: DEBUG   : ru_initialize_common (NOOP)
2017-05-30 22:29:53,555: umgr.staging.output.queue.bridge: umgr.staging.output.queue.bridge: umgr.staging.output.queue.bridge.child.watch: DEBUG   : ru_initialize_child (NOOP)
2017-05-30 22:29:53,556: umgr.staging.output.queue.bridge: umgr.staging.output.queue.bridge: umgr.staging.output.queue.bridge.child.watch: INFO    : send alive
2017-05-30 22:29:53,556: umgr.staging.output.queue.bridge: umgr.staging.output.queue.bridge: umgr.staging.output.queue.bridge.child.watch: INFO    : send message: alive
2017-05-30 22:29:53,557: umgr.staging.output.queue.bridge: umgr.staging.output.queue.bridge: MainThread     : INFO    : recv message: alive
2017-05-30 22:29:53,557: umgr.staging.output.queue.bridge: umgr.staging.output.queue.bridge: MainThread     : DEBUG   : ru_initialize_common (NOOP)
2017-05-30 22:29:53,557: umgr.staging.output.queue.bridge: umgr.staging.output.queue.bridge: MainThread     : DEBUG   : ru_initialize_parent (NOOP)
2017-05-30 22:29:53,557: umgr.staging.output.queue.bridge: umgr.staging.output.queue.bridge: MainThread     : DEBUG   : child thread umgr.staging.output.queue.bridge.child.watch started
2017-05-30 22:29:53,557: umgr.staging.output.queue.bridge: umgr.staging.output.queue.bridge: MainThread     : INFO    : child (me) is alive
2017-05-30 22:29:53,557: umgr.staging.output.queue.bridge: umgr.staging.output.queue.bridge: MainThread     : DEBUG   : ru_initialize_common (NOOP)
2017-05-30 22:29:53,560: umgr.staging.output.queue.bridge: umgr.staging.output.queue.bridge.child: MainThread     : INFO    : send alive
2017-05-30 22:29:53,560: umgr.staging.output.queue.bridge: umgr.staging.output.queue.bridge.child: MainThread     : INFO    : send message: alive
2017-05-30 22:29:53,561: umgr.staging.output.queue.bridge: MainProcess                     : MainThread     : INFO    : recv message: alive
2017-05-30 22:29:53,561: umgr.staging.output.queue.bridge: MainProcess                     : MainThread     : DEBUG   : start thread
2017-05-30 22:29:53,561: umgr.staging.output.queue.bridge: MainProcess                     : umgr.staging.output.queue.bridge.watch: INFO    : child (me) initializing
2017-05-30 22:29:53,561: umgr.staging.output.queue.bridge: MainProcess                     : umgr.staging.output.queue.bridge.watch: DEBUG   : ru_initialize_common (NOOP)
2017-05-30 22:29:53,562: umgr.staging.output.queue.bridge: MainProcess                     : umgr.staging.output.queue.bridge.watch: DEBUG   : ru_initialize_child (NOOP)
2017-05-30 22:29:53,562: umgr.staging.output.queue.bridge: MainProcess                     : umgr.staging.output.queue.bridge.watch: INFO    : send alive
2017-05-30 22:29:53,562: umgr.staging.output.queue.bridge: MainProcess                     : umgr.staging.output.queue.bridge.watch: INFO    : send message: alive
2017-05-30 22:29:53,563: umgr.staging.output.queue.bridge: MainProcess                     : MainThread     : INFO    : recv message: alive
2017-05-30 22:29:53,563: umgr.staging.output.queue.bridge: MainProcess                     : MainThread     : DEBUG   : ru_initialize_common (NOOP)
2017-05-30 22:29:53,563: umgr.staging.output.queue.bridge: MainProcess                     : MainThread     : DEBUG   : ru_initialize_parent (NOOP)
2017-05-30 22:29:53,563: umgr.staging.output.queue.bridge: MainProcess                     : MainThread     : DEBUG   : child thread umgr.staging.output.queue.bridge.watch started
2017-05-30 22:29:53,563: umgr.staging.output.queue.bridge: MainProcess                     : MainThread     : INFO    : child is alive
2017-05-30 22:29:53,563: umgr.staging.output.queue.bridge: MainProcess                     : MainThread     : DEBUG   : ru_initialize_common (NOOP)
2017-05-30 22:29:53,563: umgr.staging.output.queue.bridge: MainProcess                     : MainThread     : DEBUG   : ru_initialize_parent (NOOP)
2017-05-30 22:29:53,563: umgr.staging.output.queue.bridge: MainProcess                     : MainThread     : DEBUG   : child process started
2017-05-30 22:37:30,103: umgr.staging.output.queue.bridge: MainProcess                     : MainThread     : INFO    : parent stops child
2017-05-30 22:37:30,104: umgr.staging.output.queue.bridge: MainProcess                     : MainThread     : DEBUG   : ru_finalize_parent (NOOP)
2017-05-30 22:37:30,104: umgr.staging.output.queue.bridge: MainProcess                     : MainThread     : DEBUG   : ru_finalize_common (NOOP)
2017-05-30 22:37:30,104: umgr.staging.output.queue.bridge: MainProcess                     : MainThread     : INFO    : parent stops child
2017-05-30 22:37:30,104: umgr.staging.output.queue.bridge: MainProcess                     : MainThread     : DEBUG   : ru_finalize_parent (NOOP)
2017-05-30 22:37:30,104: umgr.staging.output.queue.bridge: MainProcess                     : MainThread     : DEBUG   : ru_finalize_common (NOOP)
2017-05-30 22:37:30,116: umgr.staging.output.queue.bridge: MainProcess                     : umgr.staging.output.queue.bridge.watch: INFO    : send message: work finished
2017-05-30 22:37:30,116: umgr.staging.output.queue.bridge: MainProcess                     : umgr.staging.output.queue.bridge.watch: DEBUG   : ru_finalize_child (NOOP)
2017-05-30 22:37:30,117: umgr.staging.output.queue.bridge: MainProcess                     : umgr.staging.output.queue.bridge.watch: DEBUG   : ru_finalize_common (NOOP)
2017-05-30 22:37:30,117: umgr.staging.output.queue.bridge: MainProcess                     : umgr.staging.output.queue.bridge.watch: INFO    : send message: terminating
2017-05-30 22:37:30,221: umgr.staging.output.queue.bridge: MainProcess                     : MainThread     : WARNING : failed to stop child - terminate
2017-05-30 22:37:38,775: umgr.staging.output.queue.bridge: MainProcess                     : MainThread     : INFO    : radical.pilot        version: split-81-gf853cc9b@feature-bridges
2017-05-30 22:37:38,775: umgr.staging.output.queue.bridge: MainProcess                     : MainThread     : INFO    : create umgr_staging_output_queue - bridge - tcp://*:*
2017-05-30 22:37:38,775: umgr.staging.output.queue.bridge: MainProcess                     : MainThread     : DEBUG   : start process
2017-05-30 22:37:38,784: umgr.staging.output.queue.bridge: umgr.staging.output.queue.bridge: MainThread     : INFO    : child (me) initializing
2017-05-30 22:37:38,784: umgr.staging.output.queue.bridge: umgr.staging.output.queue.bridge: MainThread     : DEBUG   : start thread
2017-05-30 22:37:38,785: umgr.staging.output.queue.bridge: umgr.staging.output.queue.bridge: umgr.staging.output.queue.bridge.child.watch: INFO    : child (me) initializing
2017-05-30 22:37:38,785: umgr.staging.output.queue.bridge: umgr.staging.output.queue.bridge: umgr.staging.output.queue.bridge.child.watch: DEBUG   : ru_initialize_common (NOOP)
2017-05-30 22:37:38,785: umgr.staging.output.queue.bridge: umgr.staging.output.queue.bridge: umgr.staging.output.queue.bridge.child.watch: DEBUG   : ru_initialize_child (NOOP)
2017-05-30 22:37:38,785: umgr.staging.output.queue.bridge: umgr.staging.output.queue.bridge: umgr.staging.output.queue.bridge.child.watch: INFO    : send alive
2017-05-30 22:37:38,785: umgr.staging.output.queue.bridge: umgr.staging.output.queue.bridge: umgr.staging.output.queue.bridge.child.watch: INFO    : send message: alive
2017-05-30 22:37:38,786: umgr.staging.output.queue.bridge: umgr.staging.output.queue.bridge: MainThread     : INFO    : recv message: alive
2017-05-30 22:37:38,786: umgr.staging.output.queue.bridge: umgr.staging.output.queue.bridge: MainThread     : DEBUG   : ru_initialize_common (NOOP)
2017-05-30 22:37:38,786: umgr.staging.output.queue.bridge: umgr.staging.output.queue.bridge: MainThread     : DEBUG   : ru_initialize_parent (NOOP)
2017-05-30 22:37:38,786: umgr.staging.output.queue.bridge: umgr.staging.output.queue.bridge: MainThread     : DEBUG   : child thread umgr.staging.output.queue.bridge.child.watch started
2017-05-30 22:37:38,786: umgr.staging.output.queue.bridge: umgr.staging.output.queue.bridge: MainThread     : INFO    : child (me) is alive
2017-05-30 22:37:38,786: umgr.staging.output.queue.bridge: umgr.staging.output.queue.bridge: MainThread     : DEBUG   : ru_initialize_common (NOOP)
2017-05-30 22:37:38,788: umgr.staging.output.queue.bridge: umgr.staging.output.queue.bridge.child: MainThread     : INFO    : send alive
2017-05-30 22:37:38,788: umgr.staging.output.queue.bridge: umgr.staging.output.queue.bridge.child: MainThread     : INFO    : send message: alive
2017-05-30 22:37:38,788: umgr.staging.output.queue.bridge: MainProcess                     : MainThread     : INFO    : recv message: alive
2017-05-30 22:37:38,788: umgr.staging.output.queue.bridge: MainProcess                     : MainThread     : DEBUG   : start thread
2017-05-30 22:37:38,788: umgr.staging.output.queue.bridge: MainProcess                     : umgr.staging.output.queue.bridge.watch: INFO    : child (me) initializing
2017-05-30 22:37:38,789: umgr.staging.output.queue.bridge: MainProcess                     : umgr.staging.output.queue.bridge.watch: DEBUG   : ru_initialize_common (NOOP)
2017-05-30 22:37:38,789: umgr.staging.output.queue.bridge: MainProcess                     : umgr.staging.output.queue.bridge.watch: DEBUG   : ru_initialize_child (NOOP)
2017-05-30 22:37:38,789: umgr.staging.output.queue.bridge: MainProcess                     : umgr.staging.output.queue.bridge.watch: INFO    : send alive
2017-05-30 22:37:38,789: umgr.staging.output.queue.bridge: MainProcess                     : umgr.staging.output.queue.bridge.watch: INFO    : send message: alive
2017-05-30 22:37:38,790: umgr.staging.output.queue.bridge: MainProcess                     : MainThread     : INFO    : recv message: alive
2017-05-30 22:37:38,790: umgr.staging.output.queue.bridge: MainProcess                     : MainThread     : DEBUG   : ru_initialize_common (NOOP)
2017-05-30 22:37:38,790: umgr.staging.output.queue.bridge: MainProcess                     : MainThread     : DEBUG   : ru_initialize_parent (NOOP)
2017-05-30 22:37:38,790: umgr.staging.output.queue.bridge: MainProcess                     : MainThread     : DEBUG   : child thread umgr.staging.output.queue.bridge.watch started
2017-05-30 22:37:38,790: umgr.staging.output.queue.bridge: MainProcess                     : MainThread     : INFO    : child is alive
2017-05-30 22:37:38,790: umgr.staging.output.queue.bridge: MainProcess                     : MainThread     : DEBUG   : ru_initialize_common (NOOP)
2017-05-30 22:37:38,790: umgr.staging.output.queue.bridge: MainProcess                     : MainThread     : DEBUG   : ru_initialize_parent (NOOP)
2017-05-30 22:37:38,790: umgr.staging.output.queue.bridge: MainProcess                     : MainThread     : DEBUG   : child process started
2017-05-30 22:45:23,019: umgr.staging.output.queue.bridge: MainProcess                     : MainThread     : INFO    : parent stops child
2017-05-30 22:45:23,020: umgr.staging.output.queue.bridge: MainProcess                     : MainThread     : DEBUG   : ru_finalize_parent (NOOP)
2017-05-30 22:45:23,020: umgr.staging.output.queue.bridge: MainProcess                     : MainThread     : DEBUG   : ru_finalize_common (NOOP)
2017-05-30 22:45:23,020: umgr.staging.output.queue.bridge: MainProcess                     : MainThread     : INFO    : parent stops child
2017-05-30 22:45:23,020: umgr.staging.output.queue.bridge: MainProcess                     : MainThread     : DEBUG   : ru_finalize_parent (NOOP)
2017-05-30 22:45:23,020: umgr.staging.output.queue.bridge: MainProcess                     : MainThread     : DEBUG   : ru_finalize_common (NOOP)
2017-05-30 22:45:23,118: umgr.staging.output.queue.bridge: MainProcess                     : umgr.staging.output.queue.bridge.watch: INFO    : send message: work finished
2017-05-30 22:45:23,118: umgr.staging.output.queue.bridge: MainProcess                     : umgr.staging.output.queue.bridge.watch: DEBUG   : ru_finalize_child (NOOP)
2017-05-30 22:45:23,118: umgr.staging.output.queue.bridge: MainProcess                     : umgr.staging.output.queue.bridge.watch: DEBUG   : ru_finalize_common (NOOP)
2017-05-30 22:45:23,119: umgr.staging.output.queue.bridge: MainProcess                     : umgr.staging.output.queue.bridge.watch: INFO    : send message: terminating
2017-05-30 22:45:23,235: umgr.staging.output.queue.bridge: MainProcess                     : MainThread     : WARNING : failed to stop child - terminate
2017-05-30 22:45:32,493: umgr.staging.output.queue.bridge: MainProcess                     : MainThread     : INFO    : radical.pilot        version: split-81-gf853cc9b@feature-bridges
2017-05-30 22:45:32,493: umgr.staging.output.queue.bridge: MainProcess                     : MainThread     : INFO    : create umgr_staging_output_queue - bridge - tcp://*:*
2017-05-30 22:45:32,493: umgr.staging.output.queue.bridge: MainProcess                     : MainThread     : DEBUG   : start process
2017-05-30 22:45:32,504: umgr.staging.output.queue.bridge: umgr.staging.output.queue.bridge: MainThread     : INFO    : child (me) initializing
2017-05-30 22:45:32,504: umgr.staging.output.queue.bridge: umgr.staging.output.queue.bridge: MainThread     : DEBUG   : start thread
2017-05-30 22:45:32,505: umgr.staging.output.queue.bridge: umgr.staging.output.queue.bridge: umgr.staging.output.queue.bridge.child.watch: INFO    : child (me) initializing
2017-05-30 22:45:32,505: umgr.staging.output.queue.bridge: umgr.staging.output.queue.bridge: umgr.staging.output.queue.bridge.child.watch: DEBUG   : ru_initialize_common (NOOP)
2017-05-30 22:45:32,505: umgr.staging.output.queue.bridge: umgr.staging.output.queue.bridge: umgr.staging.output.queue.bridge.child.watch: DEBUG   : ru_initialize_child (NOOP)
2017-05-30 22:45:32,505: umgr.staging.output.queue.bridge: umgr.staging.output.queue.bridge: umgr.staging.output.queue.bridge.child.watch: INFO    : send alive
2017-05-30 22:45:32,505: umgr.staging.output.queue.bridge: umgr.staging.output.queue.bridge: umgr.staging.output.queue.bridge.child.watch: INFO    : send message: alive
2017-05-30 22:45:32,506: umgr.staging.output.queue.bridge: umgr.staging.output.queue.bridge: MainThread     : INFO    : recv message: alive
2017-05-30 22:45:32,506: umgr.staging.output.queue.bridge: umgr.staging.output.queue.bridge: MainThread     : DEBUG   : ru_initialize_common (NOOP)
2017-05-30 22:45:32,506: umgr.staging.output.queue.bridge: umgr.staging.output.queue.bridge: MainThread     : DEBUG   : ru_initialize_parent (NOOP)
2017-05-30 22:45:32,506: umgr.staging.output.queue.bridge: umgr.staging.output.queue.bridge: MainThread     : DEBUG   : child thread umgr.staging.output.queue.bridge.child.watch started
2017-05-30 22:45:32,506: umgr.staging.output.queue.bridge: umgr.staging.output.queue.bridge: MainThread     : INFO    : child (me) is alive
2017-05-30 22:45:32,506: umgr.staging.output.queue.bridge: umgr.staging.output.queue.bridge: MainThread     : DEBUG   : ru_initialize_common (NOOP)
2017-05-30 22:45:32,508: umgr.staging.output.queue.bridge: umgr.staging.output.queue.bridge.child: MainThread     : INFO    : send alive
2017-05-30 22:45:32,508: umgr.staging.output.queue.bridge: umgr.staging.output.queue.bridge.child: MainThread     : INFO    : send message: alive
2017-05-30 22:45:32,508: umgr.staging.output.queue.bridge: MainProcess                     : MainThread     : INFO    : recv message: alive
2017-05-30 22:45:32,509: umgr.staging.output.queue.bridge: MainProcess                     : MainThread     : DEBUG   : start thread
2017-05-30 22:45:32,509: umgr.staging.output.queue.bridge: MainProcess                     : umgr.staging.output.queue.bridge.watch: INFO    : child (me) initializing
2017-05-30 22:45:32,509: umgr.staging.output.queue.bridge: MainProcess                     : umgr.staging.output.queue.bridge.watch: DEBUG   : ru_initialize_common (NOOP)
2017-05-30 22:45:32,509: umgr.staging.output.queue.bridge: MainProcess                     : umgr.staging.output.queue.bridge.watch: DEBUG   : ru_initialize_child (NOOP)
2017-05-30 22:45:32,509: umgr.staging.output.queue.bridge: MainProcess                     : umgr.staging.output.queue.bridge.watch: INFO    : send alive
2017-05-30 22:45:32,509: umgr.staging.output.queue.bridge: MainProcess                     : umgr.staging.output.queue.bridge.watch: INFO    : send message: alive
2017-05-30 22:45:32,510: umgr.staging.output.queue.bridge: MainProcess                     : MainThread     : INFO    : recv message: alive
2017-05-30 22:45:32,510: umgr.staging.output.queue.bridge: MainProcess                     : MainThread     : DEBUG   : ru_initialize_common (NOOP)
2017-05-30 22:45:32,511: umgr.staging.output.queue.bridge: MainProcess                     : MainThread     : DEBUG   : ru_initialize_parent (NOOP)
2017-05-30 22:45:32,511: umgr.staging.output.queue.bridge: MainProcess                     : MainThread     : DEBUG   : child thread umgr.staging.output.queue.bridge.watch started
2017-05-30 22:45:32,511: umgr.staging.output.queue.bridge: MainProcess                     : MainThread     : INFO    : child is alive
2017-05-30 22:45:32,511: umgr.staging.output.queue.bridge: MainProcess                     : MainThread     : DEBUG   : ru_initialize_common (NOOP)
2017-05-30 22:45:32,511: umgr.staging.output.queue.bridge: MainProcess                     : MainThread     : DEBUG   : ru_initialize_parent (NOOP)
2017-05-30 22:45:32,511: umgr.staging.output.queue.bridge: MainProcess                     : MainThread     : DEBUG   : child process started
2017-05-30 22:45:33,025: umgr.staging.output.queue.bridge: MainProcess                     : MainThread     : INFO    : parent stops child
2017-05-30 22:45:33,025: umgr.staging.output.queue.bridge: MainProcess                     : MainThread     : DEBUG   : ru_finalize_parent (NOOP)
2017-05-30 22:45:33,026: umgr.staging.output.queue.bridge: MainProcess                     : MainThread     : DEBUG   : ru_finalize_common (NOOP)
2017-05-30 22:45:33,026: umgr.staging.output.queue.bridge: MainProcess                     : MainThread     : INFO    : parent stops child
2017-05-30 22:45:33,026: umgr.staging.output.queue.bridge: MainProcess                     : MainThread     : DEBUG   : ru_finalize_parent (NOOP)
2017-05-30 22:45:33,026: umgr.staging.output.queue.bridge: MainProcess                     : MainThread     : DEBUG   : ru_finalize_common (NOOP)
2017-05-30 22:45:33,111: umgr.staging.output.queue.bridge: MainProcess                     : umgr.staging.output.queue.bridge.watch: INFO    : send message: work finished
2017-05-30 22:45:33,111: umgr.staging.output.queue.bridge: MainProcess                     : umgr.staging.output.queue.bridge.watch: DEBUG   : ru_finalize_child (NOOP)
2017-05-30 22:45:33,112: umgr.staging.output.queue.bridge: MainProcess                     : umgr.staging.output.queue.bridge.watch: DEBUG   : ru_finalize_common (NOOP)
2017-05-30 22:45:33,112: umgr.staging.output.queue.bridge: MainProcess                     : umgr.staging.output.queue.bridge.watch: INFO    : send message: terminating
2017-05-30 22:45:33,241: umgr.staging.output.queue.bridge: MainProcess                     : MainThread     : WARNING : failed to stop child - terminate
