2017-05-30 22:15:16,231: umgr.scheduling.0   : MainProcess                     : MainThread     : INFO    : python.interpreter   version: 2.7.12 (default, Nov 19 2016, 06:48:10) [GCC 5.4.0 20160609]
2017-05-30 22:15:16,231: umgr.scheduling.0   : MainProcess                     : MainThread     : INFO    :                      pid: 24564
2017-05-30 22:15:16,231: umgr.scheduling.0   : MainProcess                     : MainThread     : INFO    :                      tid: MainThread
2017-05-30 22:15:16,232: umgr.scheduling.0   : MainProcess                     : MainThread     : INFO    : radical.pilot        version: split-81-gf853cc9b@feature-bridges
2017-05-30 22:15:16,232: umgr.scheduling.0   : MainProcess                     : MainThread     : DEBUG   : start process
2017-05-30 22:15:16,245: umgr.scheduling.0   : umgr.scheduling.0               : MainThread     : INFO    : child (me) initializing
2017-05-30 22:15:16,246: umgr.scheduling.0   : umgr.scheduling.0               : MainThread     : DEBUG   : start thread
2017-05-30 22:15:16,246: umgr.scheduling.0   : umgr.scheduling.0               : umgr.scheduling.0.child.watch: INFO    : child (me) initializing
2017-05-30 22:15:16,247: umgr.scheduling.0   : umgr.scheduling.0               : umgr.scheduling.0.child.watch: DEBUG   : ru_initialize_common (NOOP)
2017-05-30 22:15:16,247: umgr.scheduling.0   : umgr.scheduling.0               : umgr.scheduling.0.child.watch: DEBUG   : ru_initialize_child (NOOP)
2017-05-30 22:15:16,247: umgr.scheduling.0   : umgr.scheduling.0               : umgr.scheduling.0.child.watch: INFO    : send alive
2017-05-30 22:15:16,247: umgr.scheduling.0   : umgr.scheduling.0               : umgr.scheduling.0.child.watch: INFO    : send message: alive
2017-05-30 22:15:16,248: umgr.scheduling.0   : umgr.scheduling.0               : MainThread     : INFO    : recv message: alive
2017-05-30 22:15:16,248: umgr.scheduling.0   : umgr.scheduling.0               : MainThread     : DEBUG   : ru_initialize_common (NOOP)
2017-05-30 22:15:16,248: umgr.scheduling.0   : umgr.scheduling.0               : MainThread     : DEBUG   : ru_initialize_parent (NOOP)
2017-05-30 22:15:16,248: umgr.scheduling.0   : umgr.scheduling.0               : MainThread     : DEBUG   : child thread umgr.scheduling.0.child.watch started
2017-05-30 22:15:16,248: umgr.scheduling.0   : umgr.scheduling.0               : MainThread     : INFO    : child (me) is alive
2017-05-30 22:15:16,293: umgr.scheduling.0   : umgr.scheduling.0               : MainThread     : INFO    : send alive
2017-05-30 22:15:16,293: umgr.scheduling.0   : umgr.scheduling.0               : MainThread     : INFO    : send message: alive
2017-05-30 22:15:16,294: umgr.scheduling.0   : MainProcess                     : MainThread     : INFO    : recv message: alive
2017-05-30 22:15:16,294: umgr.scheduling.0   : MainProcess                     : MainThread     : DEBUG   : start thread
2017-05-30 22:15:16,294: umgr.scheduling.0   : MainProcess                     : umgr.scheduling.0.watch: INFO    : child (me) initializing
2017-05-30 22:15:16,295: umgr.scheduling.0   : MainProcess                     : umgr.scheduling.0.watch: DEBUG   : ru_initialize_common (NOOP)
2017-05-30 22:15:16,295: umgr.scheduling.0   : MainProcess                     : umgr.scheduling.0.watch: DEBUG   : ru_initialize_child (NOOP)
2017-05-30 22:15:16,295: umgr.scheduling.0   : MainProcess                     : umgr.scheduling.0.watch: INFO    : send alive
2017-05-30 22:15:16,295: umgr.scheduling.0   : MainProcess                     : umgr.scheduling.0.watch: INFO    : send message: alive
2017-05-30 22:15:16,296: umgr.scheduling.0   : MainProcess                     : MainThread     : INFO    : recv message: alive
2017-05-30 22:15:16,296: umgr.scheduling.0   : MainProcess                     : MainThread     : DEBUG   : ru_initialize_common (NOOP)
2017-05-30 22:15:16,296: umgr.scheduling.0   : MainProcess                     : MainThread     : DEBUG   : ru_initialize_parent (NOOP)
2017-05-30 22:15:16,296: umgr.scheduling.0   : MainProcess                     : MainThread     : DEBUG   : child thread umgr.scheduling.0.watch started
2017-05-30 22:15:16,296: umgr.scheduling.0   : MainProcess                     : MainThread     : INFO    : child is alive
2017-05-30 22:15:16,296: umgr.scheduling.0   : MainProcess                     : MainThread     : INFO    : radical.pilot        version: split-81-gf853cc9b@feature-bridges
2017-05-30 22:15:16,299: umgr.scheduling.0   : MainProcess                     : MainThread     : INFO    : initialize umgr.scheduling.0
2017-05-30 22:15:16,302: umgr.scheduling.0   : MainProcess                     : MainThread     : INFO    : cfg: {'agents': {},
 u'bridges': {u'control_pubsub': {'addr_in': 'tcp://138.201.86.166:34047',
                                  'addr_out': 'tcp://138.201.86.166:37683',
                                  u'bulk_size': 0,
                                  u'log_level': u'debug',
                                  u'stall_hwm': 1},
              u'log_pubsub': {'addr_in': 'tcp://138.201.86.166:43314',
                              'addr_out': 'tcp://138.201.86.166:39234',
                              u'bulk_size': 0,
                              u'log_level': u'debug',
                              u'stall_hwm': 1},
              u'state_pubsub': {'addr_in': 'tcp://138.201.86.166:42040',
                                'addr_out': 'tcp://138.201.86.166:40251',
                                u'bulk_size': 0,
                                u'log_level': u'debug',
                                u'stall_hwm': 1},
              u'umgr_reschedule_pubsub': {'addr_in': 'tcp://138.201.86.166:37014',
                                          'addr_out': 'tcp://138.201.86.166:36458',
                                          u'bulk_size': 0,
                                          u'log_level': u'debug',
                                          u'stall_hwm': 1},
              u'umgr_scheduling_queue': {'addr_in': 'tcp://138.201.86.166:45034',
                                         'addr_out': 'tcp://138.201.86.166:34902',
                                         u'bulk_size': 0,
                                         u'log_level': u'debug',
                                         u'stall_hwm': 1},
              u'umgr_staging_input_queue': {'addr_in': 'tcp://138.201.86.166:33064',
                                            'addr_out': 'tcp://138.201.86.166:45291',
                                            u'bulk_size': 0,
                                            u'log_level': u'debug',
                                            u'stall_hwm': 1},
              u'umgr_staging_output_queue': {'addr_in': 'tcp://138.201.86.166:38492',
                                             'addr_out': 'tcp://138.201.86.166:42516',
                                             u'bulk_size': 0,
                                             u'log_level': u'debug',
                                             u'stall_hwm': 1},
              u'umgr_unschedule_pubsub': {'addr_in': 'tcp://138.201.86.166:39617',
                                          'addr_out': 'tcp://138.201.86.166:45719',
                                          u'bulk_size': 0,
                                          u'log_level': u'debug',
                                          u'stall_hwm': 1}},
 u'bulk_collection_size': 100,
 u'bulk_collection_time': 1.0,
 'cname': u'UMGRSchedulingComponent',
 u'components': {},
 u'count': 1,
 u'db_poll_sleeptime': 1.0,
 'number': 0,
 'owner': 'umgr.0000',
 u'scheduler': u'round_robin',
 'uid': 'umgr.0000'}
2017-05-30 22:15:16,302: umgr.scheduling.0   : MainProcess                     : MainThread     : DEBUG   : START: umgr.scheduling.0 register publisher log_pubsub
2017-05-30 22:15:16,302: umgr.scheduling.0   : MainProcess                     : MainThread     : DEBUG   : using addr tcp://138.201.86.166:43314 for pubsub log_pubsub
2017-05-30 22:15:16,303: umgr.scheduling.0   : MainProcess                     : MainThread     : DEBUG   : registered publisher : log_pubsub : log.pubsub.pub
2017-05-30 22:15:16,303: umgr.scheduling.0   : MainProcess                     : MainThread     : DEBUG   : START: umgr.scheduling.0 register publisher state_pubsub
2017-05-30 22:15:16,303: umgr.scheduling.0   : MainProcess                     : MainThread     : DEBUG   : using addr tcp://138.201.86.166:42040 for pubsub state_pubsub
2017-05-30 22:15:16,304: umgr.scheduling.0   : MainProcess                     : MainThread     : DEBUG   : registered publisher : state_pubsub : state.pubsub.pub
2017-05-30 22:15:16,304: umgr.scheduling.0   : MainProcess                     : MainThread     : DEBUG   : START: umgr.scheduling.0 register publisher control_pubsub
2017-05-30 22:15:16,304: umgr.scheduling.0   : MainProcess                     : MainThread     : DEBUG   : using addr tcp://138.201.86.166:34047 for pubsub control_pubsub
2017-05-30 22:15:16,305: umgr.scheduling.0   : MainProcess                     : MainThread     : DEBUG   : registered publisher : control_pubsub : control.pubsub.pub
2017-05-30 22:15:16,305: umgr.scheduling.0   : MainProcess                     : MainThread     : DEBUG   : child process started
2017-05-30 22:21:52,239: umgr.scheduling.0   : MainProcess                     : MainThread     : DEBUG   : stop umgr.scheduling.0 (24564 : 24765 : MainThread) [radical.pilot.unit_manager.UnitManager.finalize_parent]
2017-05-30 22:21:52,240: umgr.scheduling.0   : MainProcess                     : MainThread     : INFO    : parent stops child
2017-05-30 22:21:52,240: umgr.scheduling.0   : MainProcess                     : MainThread     : DEBUG   : ru_finalize_common()
2017-05-30 22:21:52,240: umgr.scheduling.0   : MainProcess                     : MainThread     : DEBUG   : TERM : umgr.scheduling.0 unregister publisher state_pubsub
2017-05-30 22:21:52,241: umgr.scheduling.0   : MainProcess                     : MainThread     : DEBUG   : unregistered publisher state_pubsub
2017-05-30 22:21:52,241: umgr.scheduling.0   : MainProcess                     : MainThread     : DEBUG   : TERM : umgr.scheduling.0 unregister publisher control_pubsub
2017-05-30 22:21:52,242: umgr.scheduling.0   : MainProcess                     : MainThread     : DEBUG   : unregistered publisher control_pubsub
2017-05-30 22:21:52,242: umgr.scheduling.0   : MainProcess                     : MainThread     : DEBUG   : umgr.scheduling.0 close prof
2017-05-30 22:21:52,242: umgr.scheduling.0   : MainProcess                     : MainThread     : INFO    : parent stops child
2017-05-30 22:21:52,242: umgr.scheduling.0   : MainProcess                     : MainThread     : DEBUG   : ru_finalize_parent (NOOP)
2017-05-30 22:21:52,243: umgr.scheduling.0   : MainProcess                     : MainThread     : DEBUG   : ru_finalize_common (NOOP)
2017-05-30 22:21:52,318: umgr.scheduling.0   : MainProcess                     : umgr.scheduling.0.watch: INFO    : send message: work finished
2017-05-30 22:21:52,318: umgr.scheduling.0   : MainProcess                     : umgr.scheduling.0.watch: DEBUG   : ru_finalize_child (NOOP)
2017-05-30 22:21:52,318: umgr.scheduling.0   : MainProcess                     : umgr.scheduling.0.watch: DEBUG   : ru_finalize_common (NOOP)
2017-05-30 22:21:52,319: umgr.scheduling.0   : MainProcess                     : umgr.scheduling.0.watch: INFO    : send message: terminating
2017-05-30 22:21:52,457: umgr.scheduling.0   : MainProcess                     : MainThread     : WARNING : failed to stop child - terminate
2017-05-30 22:22:00,723: umgr.scheduling.0   : MainProcess                     : MainThread     : INFO    : radical.pilot        version: split-81-gf853cc9b@feature-bridges
2017-05-30 22:22:00,723: umgr.scheduling.0   : MainProcess                     : MainThread     : DEBUG   : start process
2017-05-30 22:22:00,738: umgr.scheduling.0   : umgr.scheduling.0               : MainThread     : INFO    : child (me) initializing
2017-05-30 22:22:00,739: umgr.scheduling.0   : umgr.scheduling.0               : MainThread     : DEBUG   : start thread
2017-05-30 22:22:00,740: umgr.scheduling.0   : umgr.scheduling.0               : umgr.scheduling.0.child.watch: INFO    : child (me) initializing
2017-05-30 22:22:00,740: umgr.scheduling.0   : umgr.scheduling.0               : umgr.scheduling.0.child.watch: DEBUG   : ru_initialize_common (NOOP)
2017-05-30 22:22:00,740: umgr.scheduling.0   : umgr.scheduling.0               : umgr.scheduling.0.child.watch: DEBUG   : ru_initialize_child (NOOP)
2017-05-30 22:22:00,740: umgr.scheduling.0   : umgr.scheduling.0               : umgr.scheduling.0.child.watch: INFO    : send alive
2017-05-30 22:22:00,741: umgr.scheduling.0   : umgr.scheduling.0               : umgr.scheduling.0.child.watch: INFO    : send message: alive
2017-05-30 22:22:00,741: umgr.scheduling.0   : umgr.scheduling.0               : MainThread     : INFO    : recv message: alive
2017-05-30 22:22:00,741: umgr.scheduling.0   : umgr.scheduling.0               : MainThread     : DEBUG   : ru_initialize_common (NOOP)
2017-05-30 22:22:00,742: umgr.scheduling.0   : umgr.scheduling.0               : MainThread     : DEBUG   : ru_initialize_parent (NOOP)
2017-05-30 22:22:00,742: umgr.scheduling.0   : umgr.scheduling.0               : MainThread     : DEBUG   : child thread umgr.scheduling.0.child.watch started
2017-05-30 22:22:00,742: umgr.scheduling.0   : umgr.scheduling.0               : MainThread     : INFO    : child (me) is alive
2017-05-30 22:22:00,812: umgr.scheduling.0   : umgr.scheduling.0               : MainThread     : INFO    : send alive
2017-05-30 22:22:00,812: umgr.scheduling.0   : umgr.scheduling.0               : MainThread     : INFO    : send message: alive
2017-05-30 22:22:00,812: umgr.scheduling.0   : MainProcess                     : MainThread     : INFO    : recv message: alive
2017-05-30 22:22:00,813: umgr.scheduling.0   : MainProcess                     : MainThread     : DEBUG   : start thread
2017-05-30 22:22:00,814: umgr.scheduling.0   : MainProcess                     : umgr.scheduling.0.watch: INFO    : child (me) initializing
2017-05-30 22:22:00,814: umgr.scheduling.0   : MainProcess                     : umgr.scheduling.0.watch: DEBUG   : ru_initialize_common (NOOP)
2017-05-30 22:22:00,814: umgr.scheduling.0   : MainProcess                     : umgr.scheduling.0.watch: DEBUG   : ru_initialize_child (NOOP)
2017-05-30 22:22:00,814: umgr.scheduling.0   : MainProcess                     : umgr.scheduling.0.watch: INFO    : send alive
2017-05-30 22:22:00,814: umgr.scheduling.0   : MainProcess                     : umgr.scheduling.0.watch: INFO    : send message: alive
2017-05-30 22:22:00,815: umgr.scheduling.0   : MainProcess                     : MainThread     : INFO    : recv message: alive
2017-05-30 22:22:00,815: umgr.scheduling.0   : MainProcess                     : MainThread     : DEBUG   : ru_initialize_common (NOOP)
2017-05-30 22:22:00,815: umgr.scheduling.0   : MainProcess                     : MainThread     : DEBUG   : ru_initialize_parent (NOOP)
2017-05-30 22:22:00,816: umgr.scheduling.0   : MainProcess                     : MainThread     : DEBUG   : child thread umgr.scheduling.0.watch started
2017-05-30 22:22:00,816: umgr.scheduling.0   : MainProcess                     : MainThread     : INFO    : child is alive
2017-05-30 22:22:00,816: umgr.scheduling.0   : MainProcess                     : MainThread     : INFO    : radical.pilot        version: split-81-gf853cc9b@feature-bridges
2017-05-30 22:22:00,852: umgr.scheduling.0   : MainProcess                     : MainThread     : INFO    : initialize umgr.scheduling.0
2017-05-30 22:22:00,859: umgr.scheduling.0   : MainProcess                     : MainThread     : INFO    : cfg: {'agents': {},
 u'bridges': {u'control_pubsub': {'addr_in': 'tcp://138.201.86.166:38427',
                                  'addr_out': 'tcp://138.201.86.166:45762',
                                  u'bulk_size': 0,
                                  u'log_level': u'debug',
                                  u'stall_hwm': 1},
              u'log_pubsub': {'addr_in': 'tcp://138.201.86.166:39312',
                              'addr_out': 'tcp://138.201.86.166:38920',
                              u'bulk_size': 0,
                              u'log_level': u'debug',
                              u'stall_hwm': 1},
              u'state_pubsub': {'addr_in': 'tcp://138.201.86.166:41013',
                                'addr_out': 'tcp://138.201.86.166:36088',
                                u'bulk_size': 0,
                                u'log_level': u'debug',
                                u'stall_hwm': 1},
              u'umgr_reschedule_pubsub': {'addr_in': 'tcp://138.201.86.166:44862',
                                          'addr_out': 'tcp://138.201.86.166:42704',
                                          u'bulk_size': 0,
                                          u'log_level': u'debug',
                                          u'stall_hwm': 1},
              u'umgr_scheduling_queue': {'addr_in': 'tcp://138.201.86.166:43411',
                                         'addr_out': 'tcp://138.201.86.166:45536',
                                         u'bulk_size': 0,
                                         u'log_level': u'debug',
                                         u'stall_hwm': 1},
              u'umgr_staging_input_queue': {'addr_in': 'tcp://138.201.86.166:43406',
                                            'addr_out': 'tcp://138.201.86.166:42539',
                                            u'bulk_size': 0,
                                            u'log_level': u'debug',
                                            u'stall_hwm': 1},
              u'umgr_staging_output_queue': {'addr_in': 'tcp://138.201.86.166:43609',
                                             'addr_out': 'tcp://138.201.86.166:38053',
                                             u'bulk_size': 0,
                                             u'log_level': u'debug',
                                             u'stall_hwm': 1},
              u'umgr_unschedule_pubsub': {'addr_in': 'tcp://138.201.86.166:38520',
                                          'addr_out': 'tcp://138.201.86.166:42930',
                                          u'bulk_size': 0,
                                          u'log_level': u'debug',
                                          u'stall_hwm': 1}},
 u'bulk_collection_size': 100,
 u'bulk_collection_time': 1.0,
 'cname': u'UMGRSchedulingComponent',
 u'components': {},
 u'count': 1,
 u'db_poll_sleeptime': 1.0,
 'number': 0,
 'owner': 'umgr.0000',
 u'scheduler': u'round_robin',
 'uid': 'umgr.0000'}
2017-05-30 22:22:00,859: umgr.scheduling.0   : MainProcess                     : MainThread     : DEBUG   : START: umgr.scheduling.0 register publisher log_pubsub
2017-05-30 22:22:00,859: umgr.scheduling.0   : MainProcess                     : MainThread     : DEBUG   : using addr tcp://138.201.86.166:39312 for pubsub log_pubsub
2017-05-30 22:22:00,861: umgr.scheduling.0   : MainProcess                     : MainThread     : DEBUG   : registered publisher : log_pubsub : log.pubsub.pub
2017-05-30 22:22:00,861: umgr.scheduling.0   : MainProcess                     : MainThread     : DEBUG   : START: umgr.scheduling.0 register publisher state_pubsub
2017-05-30 22:22:00,861: umgr.scheduling.0   : MainProcess                     : MainThread     : DEBUG   : using addr tcp://138.201.86.166:41013 for pubsub state_pubsub
2017-05-30 22:22:00,862: umgr.scheduling.0   : MainProcess                     : MainThread     : DEBUG   : registered publisher : state_pubsub : state.pubsub.pub
2017-05-30 22:22:00,863: umgr.scheduling.0   : MainProcess                     : MainThread     : DEBUG   : START: umgr.scheduling.0 register publisher control_pubsub
2017-05-30 22:22:00,863: umgr.scheduling.0   : MainProcess                     : MainThread     : DEBUG   : using addr tcp://138.201.86.166:38427 for pubsub control_pubsub
2017-05-30 22:22:00,879: umgr.scheduling.0   : MainProcess                     : MainThread     : DEBUG   : registered publisher : control_pubsub : control.pubsub.pub
2017-05-30 22:22:00,880: umgr.scheduling.0   : MainProcess                     : MainThread     : DEBUG   : child process started
2017-05-30 22:29:36,267: umgr.scheduling.0   : MainProcess                     : MainThread     : DEBUG   : stop umgr.scheduling.0 (24564 : 26679 : MainThread) [radical.pilot.unit_manager.UnitManager.finalize_parent]
2017-05-30 22:29:36,268: umgr.scheduling.0   : MainProcess                     : MainThread     : INFO    : parent stops child
2017-05-30 22:29:36,268: umgr.scheduling.0   : MainProcess                     : MainThread     : DEBUG   : ru_finalize_common()
2017-05-30 22:29:36,268: umgr.scheduling.0   : MainProcess                     : MainThread     : DEBUG   : TERM : umgr.scheduling.0 unregister publisher state_pubsub
2017-05-30 22:29:36,269: umgr.scheduling.0   : MainProcess                     : MainThread     : DEBUG   : unregistered publisher state_pubsub
2017-05-30 22:29:36,269: umgr.scheduling.0   : MainProcess                     : MainThread     : DEBUG   : TERM : umgr.scheduling.0 unregister publisher control_pubsub
2017-05-30 22:29:36,271: umgr.scheduling.0   : MainProcess                     : MainThread     : DEBUG   : unregistered publisher control_pubsub
2017-05-30 22:29:36,271: umgr.scheduling.0   : MainProcess                     : MainThread     : DEBUG   : umgr.scheduling.0 close prof
2017-05-30 22:29:36,271: umgr.scheduling.0   : MainProcess                     : MainThread     : INFO    : parent stops child
2017-05-30 22:29:36,271: umgr.scheduling.0   : MainProcess                     : MainThread     : DEBUG   : ru_finalize_parent (NOOP)
2017-05-30 22:29:36,271: umgr.scheduling.0   : MainProcess                     : MainThread     : DEBUG   : ru_finalize_common (NOOP)
2017-05-30 22:29:36,368: umgr.scheduling.0   : MainProcess                     : umgr.scheduling.0.watch: INFO    : send message: work finished
2017-05-30 22:29:36,368: umgr.scheduling.0   : MainProcess                     : umgr.scheduling.0.watch: DEBUG   : ru_finalize_child (NOOP)
2017-05-30 22:29:36,369: umgr.scheduling.0   : MainProcess                     : umgr.scheduling.0.watch: DEBUG   : ru_finalize_common (NOOP)
2017-05-30 22:29:36,369: umgr.scheduling.0   : MainProcess                     : umgr.scheduling.0.watch: INFO    : send message: terminating
2017-05-30 22:29:36,486: umgr.scheduling.0   : MainProcess                     : MainThread     : WARNING : failed to stop child - terminate
2017-05-30 22:29:53,948: umgr.scheduling.0   : MainProcess                     : MainThread     : INFO    : radical.pilot        version: split-81-gf853cc9b@feature-bridges
2017-05-30 22:29:53,948: umgr.scheduling.0   : MainProcess                     : MainThread     : DEBUG   : start process
2017-05-30 22:29:53,986: umgr.scheduling.0   : umgr.scheduling.0               : MainThread     : INFO    : child (me) initializing
2017-05-30 22:29:53,987: umgr.scheduling.0   : umgr.scheduling.0               : MainThread     : DEBUG   : start thread
2017-05-30 22:29:53,987: umgr.scheduling.0   : umgr.scheduling.0               : umgr.scheduling.0.child.watch: INFO    : child (me) initializing
2017-05-30 22:29:53,987: umgr.scheduling.0   : umgr.scheduling.0               : umgr.scheduling.0.child.watch: DEBUG   : ru_initialize_common (NOOP)
2017-05-30 22:29:53,987: umgr.scheduling.0   : umgr.scheduling.0               : umgr.scheduling.0.child.watch: DEBUG   : ru_initialize_child (NOOP)
2017-05-30 22:29:53,987: umgr.scheduling.0   : umgr.scheduling.0               : umgr.scheduling.0.child.watch: INFO    : send alive
2017-05-30 22:29:53,987: umgr.scheduling.0   : umgr.scheduling.0               : umgr.scheduling.0.child.watch: INFO    : send message: alive
2017-05-30 22:29:53,988: umgr.scheduling.0   : umgr.scheduling.0               : MainThread     : INFO    : recv message: alive
2017-05-30 22:29:53,988: umgr.scheduling.0   : umgr.scheduling.0               : MainThread     : DEBUG   : ru_initialize_common (NOOP)
2017-05-30 22:29:53,989: umgr.scheduling.0   : umgr.scheduling.0               : MainThread     : DEBUG   : ru_initialize_parent (NOOP)
2017-05-30 22:29:53,989: umgr.scheduling.0   : umgr.scheduling.0               : MainThread     : DEBUG   : child thread umgr.scheduling.0.child.watch started
2017-05-30 22:29:53,989: umgr.scheduling.0   : umgr.scheduling.0               : MainThread     : INFO    : child (me) is alive
2017-05-30 22:29:54,103: umgr.scheduling.0   : umgr.scheduling.0               : MainThread     : INFO    : send alive
2017-05-30 22:29:54,103: umgr.scheduling.0   : umgr.scheduling.0               : MainThread     : INFO    : send message: alive
2017-05-30 22:29:54,103: umgr.scheduling.0   : MainProcess                     : MainThread     : INFO    : recv message: alive
2017-05-30 22:29:54,104: umgr.scheduling.0   : MainProcess                     : MainThread     : DEBUG   : start thread
2017-05-30 22:29:54,104: umgr.scheduling.0   : MainProcess                     : umgr.scheduling.0.watch: INFO    : child (me) initializing
2017-05-30 22:29:54,104: umgr.scheduling.0   : MainProcess                     : umgr.scheduling.0.watch: DEBUG   : ru_initialize_common (NOOP)
2017-05-30 22:29:54,105: umgr.scheduling.0   : MainProcess                     : umgr.scheduling.0.watch: DEBUG   : ru_initialize_child (NOOP)
2017-05-30 22:29:54,105: umgr.scheduling.0   : MainProcess                     : umgr.scheduling.0.watch: INFO    : send alive
2017-05-30 22:29:54,105: umgr.scheduling.0   : MainProcess                     : umgr.scheduling.0.watch: INFO    : send message: alive
2017-05-30 22:29:54,106: umgr.scheduling.0   : MainProcess                     : MainThread     : INFO    : recv message: alive
2017-05-30 22:29:54,106: umgr.scheduling.0   : MainProcess                     : MainThread     : DEBUG   : ru_initialize_common (NOOP)
2017-05-30 22:29:54,106: umgr.scheduling.0   : MainProcess                     : MainThread     : DEBUG   : ru_initialize_parent (NOOP)
2017-05-30 22:29:54,107: umgr.scheduling.0   : MainProcess                     : MainThread     : DEBUG   : child thread umgr.scheduling.0.watch started
2017-05-30 22:29:54,107: umgr.scheduling.0   : MainProcess                     : MainThread     : INFO    : child is alive
2017-05-30 22:29:54,107: umgr.scheduling.0   : MainProcess                     : MainThread     : INFO    : radical.pilot        version: split-81-gf853cc9b@feature-bridges
2017-05-30 22:29:54,189: umgr.scheduling.0   : MainProcess                     : MainThread     : INFO    : initialize umgr.scheduling.0
2017-05-30 22:29:54,196: umgr.scheduling.0   : MainProcess                     : MainThread     : INFO    : cfg: {'agents': {},
 u'bridges': {u'control_pubsub': {'addr_in': 'tcp://138.201.86.166:41927',
                                  'addr_out': 'tcp://138.201.86.166:42812',
                                  u'bulk_size': 0,
                                  u'log_level': u'debug',
                                  u'stall_hwm': 1},
              u'log_pubsub': {'addr_in': 'tcp://138.201.86.166:41020',
                              'addr_out': 'tcp://138.201.86.166:41079',
                              u'bulk_size': 0,
                              u'log_level': u'debug',
                              u'stall_hwm': 1},
              u'state_pubsub': {'addr_in': 'tcp://138.201.86.166:46272',
                                'addr_out': 'tcp://138.201.86.166:45737',
                                u'bulk_size': 0,
                                u'log_level': u'debug',
                                u'stall_hwm': 1},
              u'umgr_reschedule_pubsub': {'addr_in': 'tcp://138.201.86.166:33987',
                                          'addr_out': 'tcp://138.201.86.166:39723',
                                          u'bulk_size': 0,
                                          u'log_level': u'debug',
                                          u'stall_hwm': 1},
              u'umgr_scheduling_queue': {'addr_in': 'tcp://138.201.86.166:43579',
                                         'addr_out': 'tcp://138.201.86.166:40038',
                                         u'bulk_size': 0,
                                         u'log_level': u'debug',
                                         u'stall_hwm': 1},
              u'umgr_staging_input_queue': {'addr_in': 'tcp://138.201.86.166:45842',
                                            'addr_out': 'tcp://138.201.86.166:45203',
                                            u'bulk_size': 0,
                                            u'log_level': u'debug',
                                            u'stall_hwm': 1},
              u'umgr_staging_output_queue': {'addr_in': 'tcp://138.201.86.166:43027',
                                             'addr_out': 'tcp://138.201.86.166:36206',
                                             u'bulk_size': 0,
                                             u'log_level': u'debug',
                                             u'stall_hwm': 1},
              u'umgr_unschedule_pubsub': {'addr_in': 'tcp://138.201.86.166:42818',
                                          'addr_out': 'tcp://138.201.86.166:38146',
                                          u'bulk_size': 0,
                                          u'log_level': u'debug',
                                          u'stall_hwm': 1}},
 u'bulk_collection_size': 100,
 u'bulk_collection_time': 1.0,
 'cname': u'UMGRSchedulingComponent',
 u'components': {},
 u'count': 1,
 u'db_poll_sleeptime': 1.0,
 'number': 0,
 'owner': 'umgr.0000',
 u'scheduler': u'round_robin',
 'uid': 'umgr.0000'}
2017-05-30 22:29:54,196: umgr.scheduling.0   : MainProcess                     : MainThread     : DEBUG   : START: umgr.scheduling.0 register publisher log_pubsub
2017-05-30 22:29:54,196: umgr.scheduling.0   : MainProcess                     : MainThread     : DEBUG   : using addr tcp://138.201.86.166:41020 for pubsub log_pubsub
2017-05-30 22:29:54,198: umgr.scheduling.0   : MainProcess                     : MainThread     : DEBUG   : registered publisher : log_pubsub : log.pubsub.pub
2017-05-30 22:29:54,198: umgr.scheduling.0   : MainProcess                     : MainThread     : DEBUG   : START: umgr.scheduling.0 register publisher state_pubsub
2017-05-30 22:29:54,199: umgr.scheduling.0   : MainProcess                     : MainThread     : DEBUG   : using addr tcp://138.201.86.166:46272 for pubsub state_pubsub
2017-05-30 22:29:54,200: umgr.scheduling.0   : MainProcess                     : MainThread     : DEBUG   : registered publisher : state_pubsub : state.pubsub.pub
2017-05-30 22:29:54,200: umgr.scheduling.0   : MainProcess                     : MainThread     : DEBUG   : START: umgr.scheduling.0 register publisher control_pubsub
2017-05-30 22:29:54,201: umgr.scheduling.0   : MainProcess                     : MainThread     : DEBUG   : using addr tcp://138.201.86.166:41927 for pubsub control_pubsub
2017-05-30 22:29:54,202: umgr.scheduling.0   : MainProcess                     : MainThread     : DEBUG   : registered publisher : control_pubsub : control.pubsub.pub
2017-05-30 22:29:54,202: umgr.scheduling.0   : MainProcess                     : MainThread     : DEBUG   : child process started
2017-05-30 22:37:29,430: umgr.scheduling.0   : MainProcess                     : MainThread     : DEBUG   : stop umgr.scheduling.0 (24564 : 28921 : MainThread) [radical.pilot.unit_manager.UnitManager.finalize_parent]
2017-05-30 22:37:29,430: umgr.scheduling.0   : MainProcess                     : MainThread     : INFO    : parent stops child
2017-05-30 22:37:29,430: umgr.scheduling.0   : MainProcess                     : MainThread     : DEBUG   : ru_finalize_common()
2017-05-30 22:37:29,431: umgr.scheduling.0   : MainProcess                     : MainThread     : DEBUG   : TERM : umgr.scheduling.0 unregister publisher state_pubsub
2017-05-30 22:37:29,432: umgr.scheduling.0   : MainProcess                     : MainThread     : DEBUG   : unregistered publisher state_pubsub
2017-05-30 22:37:29,432: umgr.scheduling.0   : MainProcess                     : MainThread     : DEBUG   : TERM : umgr.scheduling.0 unregister publisher control_pubsub
2017-05-30 22:37:29,433: umgr.scheduling.0   : MainProcess                     : MainThread     : DEBUG   : unregistered publisher control_pubsub
2017-05-30 22:37:29,433: umgr.scheduling.0   : MainProcess                     : MainThread     : DEBUG   : umgr.scheduling.0 close prof
2017-05-30 22:37:29,434: umgr.scheduling.0   : MainProcess                     : MainThread     : INFO    : parent stops child
2017-05-30 22:37:29,434: umgr.scheduling.0   : MainProcess                     : MainThread     : DEBUG   : ru_finalize_parent (NOOP)
2017-05-30 22:37:29,434: umgr.scheduling.0   : MainProcess                     : MainThread     : DEBUG   : ru_finalize_common (NOOP)
2017-05-30 22:37:29,522: umgr.scheduling.0   : MainProcess                     : umgr.scheduling.0.watch: INFO    : send message: work finished
2017-05-30 22:37:29,522: umgr.scheduling.0   : MainProcess                     : umgr.scheduling.0.watch: DEBUG   : ru_finalize_child (NOOP)
2017-05-30 22:37:29,523: umgr.scheduling.0   : MainProcess                     : umgr.scheduling.0.watch: DEBUG   : ru_finalize_common (NOOP)
2017-05-30 22:37:29,523: umgr.scheduling.0   : MainProcess                     : umgr.scheduling.0.watch: INFO    : send message: terminating
2017-05-30 22:37:29,649: umgr.scheduling.0   : MainProcess                     : MainThread     : WARNING : failed to stop child - terminate
2017-05-30 22:37:40,922: umgr.scheduling.0   : MainProcess                     : MainThread     : INFO    : radical.pilot        version: split-81-gf853cc9b@feature-bridges
2017-05-30 22:37:40,923: umgr.scheduling.0   : MainProcess                     : MainThread     : DEBUG   : start process
2017-05-30 22:37:40,952: umgr.scheduling.0   : umgr.scheduling.0               : MainThread     : INFO    : child (me) initializing
2017-05-30 22:37:40,952: umgr.scheduling.0   : umgr.scheduling.0               : MainThread     : DEBUG   : start thread
2017-05-30 22:37:40,953: umgr.scheduling.0   : umgr.scheduling.0               : umgr.scheduling.0.child.watch: INFO    : child (me) initializing
2017-05-30 22:37:40,953: umgr.scheduling.0   : umgr.scheduling.0               : umgr.scheduling.0.child.watch: DEBUG   : ru_initialize_common (NOOP)
2017-05-30 22:37:40,954: umgr.scheduling.0   : umgr.scheduling.0               : umgr.scheduling.0.child.watch: DEBUG   : ru_initialize_child (NOOP)
2017-05-30 22:37:40,954: umgr.scheduling.0   : umgr.scheduling.0               : umgr.scheduling.0.child.watch: INFO    : send alive
2017-05-30 22:37:40,954: umgr.scheduling.0   : umgr.scheduling.0               : umgr.scheduling.0.child.watch: INFO    : send message: alive
2017-05-30 22:37:40,954: umgr.scheduling.0   : umgr.scheduling.0               : MainThread     : INFO    : recv message: alive
2017-05-30 22:37:40,955: umgr.scheduling.0   : umgr.scheduling.0               : MainThread     : DEBUG   : ru_initialize_common (NOOP)
2017-05-30 22:37:40,955: umgr.scheduling.0   : umgr.scheduling.0               : MainThread     : DEBUG   : ru_initialize_parent (NOOP)
2017-05-30 22:37:40,955: umgr.scheduling.0   : umgr.scheduling.0               : MainThread     : DEBUG   : child thread umgr.scheduling.0.child.watch started
2017-05-30 22:37:40,955: umgr.scheduling.0   : umgr.scheduling.0               : MainThread     : INFO    : child (me) is alive
2017-05-30 22:37:40,998: umgr.scheduling.0   : umgr.scheduling.0               : MainThread     : INFO    : send alive
2017-05-30 22:37:40,998: umgr.scheduling.0   : umgr.scheduling.0               : MainThread     : INFO    : send message: alive
2017-05-30 22:37:40,998: umgr.scheduling.0   : MainProcess                     : MainThread     : INFO    : recv message: alive
2017-05-30 22:37:40,999: umgr.scheduling.0   : MainProcess                     : MainThread     : DEBUG   : start thread
2017-05-30 22:37:40,999: umgr.scheduling.0   : MainProcess                     : umgr.scheduling.0.watch: INFO    : child (me) initializing
2017-05-30 22:37:40,999: umgr.scheduling.0   : MainProcess                     : umgr.scheduling.0.watch: DEBUG   : ru_initialize_common (NOOP)
2017-05-30 22:37:40,999: umgr.scheduling.0   : MainProcess                     : umgr.scheduling.0.watch: DEBUG   : ru_initialize_child (NOOP)
2017-05-30 22:37:40,999: umgr.scheduling.0   : MainProcess                     : umgr.scheduling.0.watch: INFO    : send alive
2017-05-30 22:37:40,999: umgr.scheduling.0   : MainProcess                     : umgr.scheduling.0.watch: INFO    : send message: alive
2017-05-30 22:37:41,000: umgr.scheduling.0   : MainProcess                     : MainThread     : INFO    : recv message: alive
2017-05-30 22:37:41,000: umgr.scheduling.0   : MainProcess                     : MainThread     : DEBUG   : ru_initialize_common (NOOP)
2017-05-30 22:37:41,000: umgr.scheduling.0   : MainProcess                     : MainThread     : DEBUG   : ru_initialize_parent (NOOP)
2017-05-30 22:37:41,000: umgr.scheduling.0   : MainProcess                     : MainThread     : DEBUG   : child thread umgr.scheduling.0.watch started
2017-05-30 22:37:41,000: umgr.scheduling.0   : MainProcess                     : MainThread     : INFO    : child is alive
2017-05-30 22:37:41,000: umgr.scheduling.0   : MainProcess                     : MainThread     : INFO    : radical.pilot        version: split-81-gf853cc9b@feature-bridges
2017-05-30 22:37:41,016: umgr.scheduling.0   : MainProcess                     : MainThread     : INFO    : initialize umgr.scheduling.0
2017-05-30 22:37:41,020: umgr.scheduling.0   : MainProcess                     : MainThread     : INFO    : cfg: {'agents': {},
 u'bridges': {u'control_pubsub': {'addr_in': 'tcp://138.201.86.166:36013',
                                  'addr_out': 'tcp://138.201.86.166:41895',
                                  u'bulk_size': 0,
                                  u'log_level': u'debug',
                                  u'stall_hwm': 1},
              u'log_pubsub': {'addr_in': 'tcp://138.201.86.166:40071',
                              'addr_out': 'tcp://138.201.86.166:40218',
                              u'bulk_size': 0,
                              u'log_level': u'debug',
                              u'stall_hwm': 1},
              u'state_pubsub': {'addr_in': 'tcp://138.201.86.166:40800',
                                'addr_out': 'tcp://138.201.86.166:37247',
                                u'bulk_size': 0,
                                u'log_level': u'debug',
                                u'stall_hwm': 1},
              u'umgr_reschedule_pubsub': {'addr_in': 'tcp://138.201.86.166:41144',
                                          'addr_out': 'tcp://138.201.86.166:35293',
                                          u'bulk_size': 0,
                                          u'log_level': u'debug',
                                          u'stall_hwm': 1},
              u'umgr_scheduling_queue': {'addr_in': 'tcp://138.201.86.166:39288',
                                         'addr_out': 'tcp://138.201.86.166:40893',
                                         u'bulk_size': 0,
                                         u'log_level': u'debug',
                                         u'stall_hwm': 1},
              u'umgr_staging_input_queue': {'addr_in': 'tcp://138.201.86.166:37622',
                                            'addr_out': 'tcp://138.201.86.166:45659',
                                            u'bulk_size': 0,
                                            u'log_level': u'debug',
                                            u'stall_hwm': 1},
              u'umgr_staging_output_queue': {'addr_in': 'tcp://138.201.86.166:41366',
                                             'addr_out': 'tcp://138.201.86.166:35628',
                                             u'bulk_size': 0,
                                             u'log_level': u'debug',
                                             u'stall_hwm': 1},
              u'umgr_unschedule_pubsub': {'addr_in': 'tcp://138.201.86.166:42385',
                                          'addr_out': 'tcp://138.201.86.166:46461',
                                          u'bulk_size': 0,
                                          u'log_level': u'debug',
                                          u'stall_hwm': 1}},
 u'bulk_collection_size': 100,
 u'bulk_collection_time': 1.0,
 'cname': u'UMGRSchedulingComponent',
 u'components': {},
 u'count': 1,
 u'db_poll_sleeptime': 1.0,
 'number': 0,
 'owner': 'umgr.0000',
 u'scheduler': u'round_robin',
 'uid': 'umgr.0000'}
2017-05-30 22:37:41,021: umgr.scheduling.0   : MainProcess                     : MainThread     : DEBUG   : START: umgr.scheduling.0 register publisher log_pubsub
2017-05-30 22:37:41,021: umgr.scheduling.0   : MainProcess                     : MainThread     : DEBUG   : using addr tcp://138.201.86.166:40071 for pubsub log_pubsub
2017-05-30 22:37:41,022: umgr.scheduling.0   : MainProcess                     : MainThread     : DEBUG   : registered publisher : log_pubsub : log.pubsub.pub
2017-05-30 22:37:41,022: umgr.scheduling.0   : MainProcess                     : MainThread     : DEBUG   : START: umgr.scheduling.0 register publisher state_pubsub
2017-05-30 22:37:41,022: umgr.scheduling.0   : MainProcess                     : MainThread     : DEBUG   : using addr tcp://138.201.86.166:40800 for pubsub state_pubsub
2017-05-30 22:37:41,023: umgr.scheduling.0   : MainProcess                     : MainThread     : DEBUG   : registered publisher : state_pubsub : state.pubsub.pub
2017-05-30 22:37:41,023: umgr.scheduling.0   : MainProcess                     : MainThread     : DEBUG   : START: umgr.scheduling.0 register publisher control_pubsub
2017-05-30 22:37:41,023: umgr.scheduling.0   : MainProcess                     : MainThread     : DEBUG   : using addr tcp://138.201.86.166:36013 for pubsub control_pubsub
2017-05-30 22:37:41,023: umgr.scheduling.0   : MainProcess                     : MainThread     : DEBUG   : registered publisher : control_pubsub : control.pubsub.pub
2017-05-30 22:37:41,023: umgr.scheduling.0   : MainProcess                     : MainThread     : DEBUG   : child process started
2017-05-30 22:45:22,345: umgr.scheduling.0   : MainProcess                     : MainThread     : DEBUG   : stop umgr.scheduling.0 (24564 : 31417 : MainThread) [radical.pilot.unit_manager.UnitManager.finalize_parent]
2017-05-30 22:45:22,345: umgr.scheduling.0   : MainProcess                     : MainThread     : INFO    : parent stops child
2017-05-30 22:45:22,345: umgr.scheduling.0   : MainProcess                     : MainThread     : DEBUG   : ru_finalize_common()
2017-05-30 22:45:22,345: umgr.scheduling.0   : MainProcess                     : MainThread     : DEBUG   : TERM : umgr.scheduling.0 unregister publisher state_pubsub
2017-05-30 22:45:22,346: umgr.scheduling.0   : MainProcess                     : MainThread     : DEBUG   : unregistered publisher state_pubsub
2017-05-30 22:45:22,346: umgr.scheduling.0   : MainProcess                     : MainThread     : DEBUG   : TERM : umgr.scheduling.0 unregister publisher control_pubsub
2017-05-30 22:45:22,347: umgr.scheduling.0   : MainProcess                     : MainThread     : DEBUG   : unregistered publisher control_pubsub
2017-05-30 22:45:22,347: umgr.scheduling.0   : MainProcess                     : MainThread     : DEBUG   : umgr.scheduling.0 close prof
2017-05-30 22:45:22,348: umgr.scheduling.0   : MainProcess                     : MainThread     : INFO    : parent stops child
2017-05-30 22:45:22,348: umgr.scheduling.0   : MainProcess                     : MainThread     : DEBUG   : ru_finalize_parent (NOOP)
2017-05-30 22:45:22,348: umgr.scheduling.0   : MainProcess                     : MainThread     : DEBUG   : ru_finalize_common (NOOP)
2017-05-30 22:45:22,419: umgr.scheduling.0   : MainProcess                     : umgr.scheduling.0.watch: INFO    : send message: work finished
2017-05-30 22:45:22,420: umgr.scheduling.0   : MainProcess                     : umgr.scheduling.0.watch: DEBUG   : ru_finalize_child (NOOP)
2017-05-30 22:45:22,420: umgr.scheduling.0   : MainProcess                     : umgr.scheduling.0.watch: DEBUG   : ru_finalize_common (NOOP)
2017-05-30 22:45:22,420: umgr.scheduling.0   : MainProcess                     : umgr.scheduling.0.watch: INFO    : send message: terminating
2017-05-30 22:45:22,463: umgr.scheduling.0   : umgr.scheduling.0               : umgr.scheduling.0.child.watch: WARNING : endpoint disappeard
2017-05-30 22:45:22,463: umgr.scheduling.0   : umgr.scheduling.0               : umgr.scheduling.0.child.watch: WARNING : watcher failed
2017-05-30 22:45:22,464: umgr.scheduling.0   : umgr.scheduling.0               : umgr.scheduling.0.child.watch: INFO    : send message: work finished
2017-05-30 22:45:22,464: umgr.scheduling.0   : umgr.scheduling.0               : umgr.scheduling.0.child.watch: DEBUG   : ru_finalize_child (NOOP)
2017-05-30 22:45:22,464: umgr.scheduling.0   : umgr.scheduling.0               : umgr.scheduling.0.child.watch: DEBUG   : ru_finalize_common (NOOP)
2017-05-30 22:45:22,464: umgr.scheduling.0   : umgr.scheduling.0               : umgr.scheduling.0.child.watch: INFO    : send message: terminating
2017-05-30 22:45:22,563: umgr.scheduling.0   : MainProcess                     : MainThread     : WARNING : failed to stop child - terminate
