2017-05-30 22:15:16,018: umgr.staging.input.0: MainProcess                     : MainThread     : INFO    : python.interpreter   version: 2.7.12 (default, Nov 19 2016, 06:48:10) [GCC 5.4.0 20160609]
2017-05-30 22:15:16,018: umgr.staging.input.0: MainProcess                     : MainThread     : INFO    :                      pid: 24564
2017-05-30 22:15:16,018: umgr.staging.input.0: MainProcess                     : MainThread     : INFO    :                      tid: MainThread
2017-05-30 22:15:16,019: umgr.staging.input.0: MainProcess                     : MainThread     : INFO    : radical.pilot        version: split-81-gf853cc9b@feature-bridges
2017-05-30 22:15:16,019: umgr.staging.input.0: MainProcess                     : MainThread     : DEBUG   : start process
2017-05-30 22:15:16,029: umgr.staging.input.0: umgr.staging.input.0            : MainThread     : INFO    : child (me) initializing
2017-05-30 22:15:16,030: umgr.staging.input.0: umgr.staging.input.0            : MainThread     : DEBUG   : start thread
2017-05-30 22:15:16,031: umgr.staging.input.0: umgr.staging.input.0            : umgr.staging.input.0.child.watch: INFO    : child (me) initializing
2017-05-30 22:15:16,031: umgr.staging.input.0: umgr.staging.input.0            : umgr.staging.input.0.child.watch: DEBUG   : ru_initialize_common (NOOP)
2017-05-30 22:15:16,031: umgr.staging.input.0: umgr.staging.input.0            : umgr.staging.input.0.child.watch: DEBUG   : ru_initialize_child (NOOP)
2017-05-30 22:15:16,032: umgr.staging.input.0: umgr.staging.input.0            : umgr.staging.input.0.child.watch: INFO    : send alive
2017-05-30 22:15:16,032: umgr.staging.input.0: umgr.staging.input.0            : umgr.staging.input.0.child.watch: INFO    : send message: alive
2017-05-30 22:15:16,033: umgr.staging.input.0: umgr.staging.input.0            : MainThread     : INFO    : recv message: alive
2017-05-30 22:15:16,033: umgr.staging.input.0: umgr.staging.input.0            : MainThread     : DEBUG   : ru_initialize_common (NOOP)
2017-05-30 22:15:16,033: umgr.staging.input.0: umgr.staging.input.0            : MainThread     : DEBUG   : ru_initialize_parent (NOOP)
2017-05-30 22:15:16,033: umgr.staging.input.0: umgr.staging.input.0            : MainThread     : DEBUG   : child thread umgr.staging.input.0.child.watch started
2017-05-30 22:15:16,033: umgr.staging.input.0: umgr.staging.input.0            : MainThread     : INFO    : child (me) is alive
2017-05-30 22:15:16,082: umgr.staging.input.0: umgr.staging.input.0            : MainThread     : INFO    : send alive
2017-05-30 22:15:16,082: umgr.staging.input.0: umgr.staging.input.0            : MainThread     : INFO    : send message: alive
2017-05-30 22:15:16,083: umgr.staging.input.0: MainProcess                     : MainThread     : INFO    : recv message: alive
2017-05-30 22:15:16,083: umgr.staging.input.0: MainProcess                     : MainThread     : DEBUG   : start thread
2017-05-30 22:15:16,084: umgr.staging.input.0: MainProcess                     : umgr.staging.input.0.watch: INFO    : child (me) initializing
2017-05-30 22:15:16,085: umgr.staging.input.0: MainProcess                     : umgr.staging.input.0.watch: DEBUG   : ru_initialize_common (NOOP)
2017-05-30 22:15:16,085: umgr.staging.input.0: MainProcess                     : umgr.staging.input.0.watch: DEBUG   : ru_initialize_child (NOOP)
2017-05-30 22:15:16,085: umgr.staging.input.0: MainProcess                     : umgr.staging.input.0.watch: INFO    : send alive
2017-05-30 22:15:16,085: umgr.staging.input.0: MainProcess                     : umgr.staging.input.0.watch: INFO    : send message: alive
2017-05-30 22:15:16,086: umgr.staging.input.0: MainProcess                     : MainThread     : INFO    : recv message: alive
2017-05-30 22:15:16,086: umgr.staging.input.0: MainProcess                     : MainThread     : DEBUG   : ru_initialize_common (NOOP)
2017-05-30 22:15:16,086: umgr.staging.input.0: MainProcess                     : MainThread     : DEBUG   : ru_initialize_parent (NOOP)
2017-05-30 22:15:16,086: umgr.staging.input.0: MainProcess                     : MainThread     : DEBUG   : child thread umgr.staging.input.0.watch started
2017-05-30 22:15:16,086: umgr.staging.input.0: MainProcess                     : MainThread     : INFO    : child is alive
2017-05-30 22:15:16,087: umgr.staging.input.0: MainProcess                     : MainThread     : INFO    : radical.pilot        version: split-81-gf853cc9b@feature-bridges
2017-05-30 22:15:16,096: umgr.staging.input.0: MainProcess                     : MainThread     : INFO    : initialize umgr.staging.input.0
2017-05-30 22:15:16,102: umgr.staging.input.0: MainProcess                     : MainThread     : INFO    : cfg: {'agents': {},
 u'bridges': {u'control_pubsub': {'addr_in': 'tcp://138.201.86.166:34047',
                                  'addr_out': 'tcp://138.201.86.166:37683',
                                  u'bulk_size': 0,
                                  u'log_level': u'debug',
                                  u'stall_hwm': 1},
              u'log_pubsub': {'addr_in': 'tcp://138.201.86.166:43314',
                              'addr_out': 'tcp://138.201.86.166:39234',
                              u'bulk_size': 0,
                              u'log_level': u'debug',
                              u'stall_hwm': 1},
              u'state_pubsub': {'addr_in': 'tcp://138.201.86.166:42040',
                                'addr_out': 'tcp://138.201.86.166:40251',
                                u'bulk_size': 0,
                                u'log_level': u'debug',
                                u'stall_hwm': 1},
              u'umgr_reschedule_pubsub': {'addr_in': 'tcp://138.201.86.166:37014',
                                          'addr_out': 'tcp://138.201.86.166:36458',
                                          u'bulk_size': 0,
                                          u'log_level': u'debug',
                                          u'stall_hwm': 1},
              u'umgr_scheduling_queue': {'addr_in': 'tcp://138.201.86.166:45034',
                                         'addr_out': 'tcp://138.201.86.166:34902',
                                         u'bulk_size': 0,
                                         u'log_level': u'debug',
                                         u'stall_hwm': 1},
              u'umgr_staging_input_queue': {'addr_in': 'tcp://138.201.86.166:33064',
                                            'addr_out': 'tcp://138.201.86.166:45291',
                                            u'bulk_size': 0,
                                            u'log_level': u'debug',
                                            u'stall_hwm': 1},
              u'umgr_staging_output_queue': {'addr_in': 'tcp://138.201.86.166:38492',
                                             'addr_out': 'tcp://138.201.86.166:42516',
                                             u'bulk_size': 0,
                                             u'log_level': u'debug',
                                             u'stall_hwm': 1},
              u'umgr_unschedule_pubsub': {'addr_in': 'tcp://138.201.86.166:39617',
                                          'addr_out': 'tcp://138.201.86.166:45719',
                                          u'bulk_size': 0,
                                          u'log_level': u'debug',
                                          u'stall_hwm': 1}},
 u'bulk_collection_size': 100,
 u'bulk_collection_time': 1.0,
 'cname': u'UMGRStagingInputComponent',
 u'components': {},
 u'count': 1,
 u'db_poll_sleeptime': 1.0,
 'number': 0,
 'owner': 'umgr.0000',
 u'scheduler': u'round_robin',
 'uid': 'umgr.0000'}
2017-05-30 22:15:16,103: umgr.staging.input.0: MainProcess                     : MainThread     : DEBUG   : START: umgr.staging.input.0 register publisher log_pubsub
2017-05-30 22:15:16,103: umgr.staging.input.0: MainProcess                     : MainThread     : DEBUG   : using addr tcp://138.201.86.166:43314 for pubsub log_pubsub
2017-05-30 22:15:16,104: umgr.staging.input.0: MainProcess                     : MainThread     : DEBUG   : registered publisher : log_pubsub : log.pubsub.pub
2017-05-30 22:15:16,105: umgr.staging.input.0: MainProcess                     : MainThread     : DEBUG   : START: umgr.staging.input.0 register publisher state_pubsub
2017-05-30 22:15:16,105: umgr.staging.input.0: MainProcess                     : MainThread     : DEBUG   : using addr tcp://138.201.86.166:42040 for pubsub state_pubsub
2017-05-30 22:15:16,106: umgr.staging.input.0: MainProcess                     : MainThread     : DEBUG   : registered publisher : state_pubsub : state.pubsub.pub
2017-05-30 22:15:16,106: umgr.staging.input.0: MainProcess                     : MainThread     : DEBUG   : START: umgr.staging.input.0 register publisher control_pubsub
2017-05-30 22:15:16,107: umgr.staging.input.0: MainProcess                     : MainThread     : DEBUG   : using addr tcp://138.201.86.166:34047 for pubsub control_pubsub
2017-05-30 22:15:16,108: umgr.staging.input.0: MainProcess                     : MainThread     : DEBUG   : registered publisher : control_pubsub : control.pubsub.pub
2017-05-30 22:15:16,108: umgr.staging.input.0: MainProcess                     : MainThread     : DEBUG   : child process started
2017-05-30 22:21:51,845: umgr.staging.input.0: MainProcess                     : MainThread     : DEBUG   : stop umgr.staging.input.0 (24564 : 24721 : MainThread) [radical.pilot.unit_manager.UnitManager.finalize_parent]
2017-05-30 22:21:51,845: umgr.staging.input.0: MainProcess                     : MainThread     : INFO    : parent stops child
2017-05-30 22:21:51,845: umgr.staging.input.0: MainProcess                     : MainThread     : DEBUG   : ru_finalize_common()
2017-05-30 22:21:51,845: umgr.staging.input.0: MainProcess                     : MainThread     : DEBUG   : TERM : umgr.staging.input.0 unregister publisher state_pubsub
2017-05-30 22:21:51,846: umgr.staging.input.0: MainProcess                     : MainThread     : DEBUG   : unregistered publisher state_pubsub
2017-05-30 22:21:51,846: umgr.staging.input.0: MainProcess                     : MainThread     : DEBUG   : TERM : umgr.staging.input.0 unregister publisher control_pubsub
2017-05-30 22:21:51,846: umgr.staging.input.0: MainProcess                     : MainThread     : DEBUG   : unregistered publisher control_pubsub
2017-05-30 22:21:51,846: umgr.staging.input.0: MainProcess                     : MainThread     : DEBUG   : umgr.staging.input.0 close prof
2017-05-30 22:21:51,846: umgr.staging.input.0: MainProcess                     : MainThread     : INFO    : parent stops child
2017-05-30 22:21:51,846: umgr.staging.input.0: MainProcess                     : MainThread     : DEBUG   : ru_finalize_parent (NOOP)
2017-05-30 22:21:51,846: umgr.staging.input.0: MainProcess                     : MainThread     : DEBUG   : ru_finalize_common (NOOP)
2017-05-30 22:21:51,916: umgr.staging.input.0: MainProcess                     : umgr.staging.input.0.watch: INFO    : send message: work finished
2017-05-30 22:21:51,917: umgr.staging.input.0: MainProcess                     : umgr.staging.input.0.watch: DEBUG   : ru_finalize_child (NOOP)
2017-05-30 22:21:51,917: umgr.staging.input.0: MainProcess                     : umgr.staging.input.0.watch: DEBUG   : ru_finalize_common (NOOP)
2017-05-30 22:21:51,917: umgr.staging.input.0: MainProcess                     : umgr.staging.input.0.watch: INFO    : send message: terminating
2017-05-30 22:21:52,061: umgr.staging.input.0: MainProcess                     : MainThread     : WARNING : failed to stop child - terminate
2017-05-30 22:22:00,297: umgr.staging.input.0: MainProcess                     : MainThread     : INFO    : radical.pilot        version: split-81-gf853cc9b@feature-bridges
2017-05-30 22:22:00,297: umgr.staging.input.0: MainProcess                     : MainThread     : DEBUG   : start process
2017-05-30 22:22:00,303: umgr.staging.input.0: umgr.staging.input.0            : MainThread     : INFO    : child (me) initializing
2017-05-30 22:22:00,303: umgr.staging.input.0: umgr.staging.input.0            : MainThread     : DEBUG   : start thread
2017-05-30 22:22:00,303: umgr.staging.input.0: umgr.staging.input.0            : umgr.staging.input.0.child.watch: INFO    : child (me) initializing
2017-05-30 22:22:00,303: umgr.staging.input.0: umgr.staging.input.0            : umgr.staging.input.0.child.watch: DEBUG   : ru_initialize_common (NOOP)
2017-05-30 22:22:00,303: umgr.staging.input.0: umgr.staging.input.0            : umgr.staging.input.0.child.watch: DEBUG   : ru_initialize_child (NOOP)
2017-05-30 22:22:00,303: umgr.staging.input.0: umgr.staging.input.0            : umgr.staging.input.0.child.watch: INFO    : send alive
2017-05-30 22:22:00,304: umgr.staging.input.0: umgr.staging.input.0            : umgr.staging.input.0.child.watch: INFO    : send message: alive
2017-05-30 22:22:00,304: umgr.staging.input.0: umgr.staging.input.0            : MainThread     : INFO    : recv message: alive
2017-05-30 22:22:00,305: umgr.staging.input.0: umgr.staging.input.0            : MainThread     : DEBUG   : ru_initialize_common (NOOP)
2017-05-30 22:22:00,305: umgr.staging.input.0: umgr.staging.input.0            : MainThread     : DEBUG   : ru_initialize_parent (NOOP)
2017-05-30 22:22:00,305: umgr.staging.input.0: umgr.staging.input.0            : MainThread     : DEBUG   : child thread umgr.staging.input.0.child.watch started
2017-05-30 22:22:00,305: umgr.staging.input.0: umgr.staging.input.0            : MainThread     : INFO    : child (me) is alive
2017-05-30 22:22:00,544: umgr.staging.input.0: umgr.staging.input.0            : MainThread     : INFO    : send alive
2017-05-30 22:22:00,544: umgr.staging.input.0: umgr.staging.input.0            : MainThread     : INFO    : send message: alive
2017-05-30 22:22:00,545: umgr.staging.input.0: MainProcess                     : MainThread     : INFO    : recv message: alive
2017-05-30 22:22:00,545: umgr.staging.input.0: MainProcess                     : MainThread     : DEBUG   : start thread
2017-05-30 22:22:00,546: umgr.staging.input.0: MainProcess                     : umgr.staging.input.0.watch: INFO    : child (me) initializing
2017-05-30 22:22:00,546: umgr.staging.input.0: MainProcess                     : umgr.staging.input.0.watch: DEBUG   : ru_initialize_common (NOOP)
2017-05-30 22:22:00,546: umgr.staging.input.0: MainProcess                     : umgr.staging.input.0.watch: DEBUG   : ru_initialize_child (NOOP)
2017-05-30 22:22:00,546: umgr.staging.input.0: MainProcess                     : umgr.staging.input.0.watch: INFO    : send alive
2017-05-30 22:22:00,547: umgr.staging.input.0: MainProcess                     : umgr.staging.input.0.watch: INFO    : send message: alive
2017-05-30 22:22:00,547: umgr.staging.input.0: MainProcess                     : MainThread     : INFO    : recv message: alive
2017-05-30 22:22:00,547: umgr.staging.input.0: MainProcess                     : MainThread     : DEBUG   : ru_initialize_common (NOOP)
2017-05-30 22:22:00,548: umgr.staging.input.0: MainProcess                     : MainThread     : DEBUG   : ru_initialize_parent (NOOP)
2017-05-30 22:22:00,548: umgr.staging.input.0: MainProcess                     : MainThread     : DEBUG   : child thread umgr.staging.input.0.watch started
2017-05-30 22:22:00,548: umgr.staging.input.0: MainProcess                     : MainThread     : INFO    : child is alive
2017-05-30 22:22:00,548: umgr.staging.input.0: MainProcess                     : MainThread     : INFO    : radical.pilot        version: split-81-gf853cc9b@feature-bridges
2017-05-30 22:22:00,585: umgr.staging.input.0: MainProcess                     : MainThread     : INFO    : initialize umgr.staging.input.0
2017-05-30 22:22:00,593: umgr.staging.input.0: MainProcess                     : MainThread     : INFO    : cfg: {'agents': {},
 u'bridges': {u'control_pubsub': {'addr_in': 'tcp://138.201.86.166:38427',
                                  'addr_out': 'tcp://138.201.86.166:45762',
                                  u'bulk_size': 0,
                                  u'log_level': u'debug',
                                  u'stall_hwm': 1},
              u'log_pubsub': {'addr_in': 'tcp://138.201.86.166:39312',
                              'addr_out': 'tcp://138.201.86.166:38920',
                              u'bulk_size': 0,
                              u'log_level': u'debug',
                              u'stall_hwm': 1},
              u'state_pubsub': {'addr_in': 'tcp://138.201.86.166:41013',
                                'addr_out': 'tcp://138.201.86.166:36088',
                                u'bulk_size': 0,
                                u'log_level': u'debug',
                                u'stall_hwm': 1},
              u'umgr_reschedule_pubsub': {'addr_in': 'tcp://138.201.86.166:44862',
                                          'addr_out': 'tcp://138.201.86.166:42704',
                                          u'bulk_size': 0,
                                          u'log_level': u'debug',
                                          u'stall_hwm': 1},
              u'umgr_scheduling_queue': {'addr_in': 'tcp://138.201.86.166:43411',
                                         'addr_out': 'tcp://138.201.86.166:45536',
                                         u'bulk_size': 0,
                                         u'log_level': u'debug',
                                         u'stall_hwm': 1},
              u'umgr_staging_input_queue': {'addr_in': 'tcp://138.201.86.166:43406',
                                            'addr_out': 'tcp://138.201.86.166:42539',
                                            u'bulk_size': 0,
                                            u'log_level': u'debug',
                                            u'stall_hwm': 1},
              u'umgr_staging_output_queue': {'addr_in': 'tcp://138.201.86.166:43609',
                                             'addr_out': 'tcp://138.201.86.166:38053',
                                             u'bulk_size': 0,
                                             u'log_level': u'debug',
                                             u'stall_hwm': 1},
              u'umgr_unschedule_pubsub': {'addr_in': 'tcp://138.201.86.166:38520',
                                          'addr_out': 'tcp://138.201.86.166:42930',
                                          u'bulk_size': 0,
                                          u'log_level': u'debug',
                                          u'stall_hwm': 1}},
 u'bulk_collection_size': 100,
 u'bulk_collection_time': 1.0,
 'cname': u'UMGRStagingInputComponent',
 u'components': {},
 u'count': 1,
 u'db_poll_sleeptime': 1.0,
 'number': 0,
 'owner': 'umgr.0000',
 u'scheduler': u'round_robin',
 'uid': 'umgr.0000'}
2017-05-30 22:22:00,594: umgr.staging.input.0: MainProcess                     : MainThread     : DEBUG   : START: umgr.staging.input.0 register publisher log_pubsub
2017-05-30 22:22:00,594: umgr.staging.input.0: MainProcess                     : MainThread     : DEBUG   : using addr tcp://138.201.86.166:39312 for pubsub log_pubsub
2017-05-30 22:22:00,596: umgr.staging.input.0: MainProcess                     : MainThread     : DEBUG   : registered publisher : log_pubsub : log.pubsub.pub
2017-05-30 22:22:00,596: umgr.staging.input.0: MainProcess                     : MainThread     : DEBUG   : START: umgr.staging.input.0 register publisher state_pubsub
2017-05-30 22:22:00,596: umgr.staging.input.0: MainProcess                     : MainThread     : DEBUG   : using addr tcp://138.201.86.166:41013 for pubsub state_pubsub
2017-05-30 22:22:00,597: umgr.staging.input.0: MainProcess                     : MainThread     : DEBUG   : registered publisher : state_pubsub : state.pubsub.pub
2017-05-30 22:22:00,598: umgr.staging.input.0: MainProcess                     : MainThread     : DEBUG   : START: umgr.staging.input.0 register publisher control_pubsub
2017-05-30 22:22:00,598: umgr.staging.input.0: MainProcess                     : MainThread     : DEBUG   : using addr tcp://138.201.86.166:38427 for pubsub control_pubsub
2017-05-30 22:22:00,599: umgr.staging.input.0: MainProcess                     : MainThread     : DEBUG   : registered publisher : control_pubsub : control.pubsub.pub
2017-05-30 22:22:00,600: umgr.staging.input.0: MainProcess                     : MainThread     : DEBUG   : child process started
2017-05-30 22:29:35,967: umgr.staging.input.0: MainProcess                     : MainThread     : DEBUG   : stop umgr.staging.input.0 (24564 : 26639 : MainThread) [radical.pilot.unit_manager.UnitManager.finalize_parent]
2017-05-30 22:29:35,967: umgr.staging.input.0: MainProcess                     : MainThread     : INFO    : parent stops child
2017-05-30 22:29:35,967: umgr.staging.input.0: MainProcess                     : MainThread     : DEBUG   : ru_finalize_common()
2017-05-30 22:29:35,967: umgr.staging.input.0: MainProcess                     : MainThread     : DEBUG   : TERM : umgr.staging.input.0 unregister publisher state_pubsub
2017-05-30 22:29:35,967: umgr.staging.input.0: MainProcess                     : MainThread     : DEBUG   : unregistered publisher state_pubsub
2017-05-30 22:29:35,967: umgr.staging.input.0: MainProcess                     : MainThread     : DEBUG   : TERM : umgr.staging.input.0 unregister publisher control_pubsub
2017-05-30 22:29:35,968: umgr.staging.input.0: MainProcess                     : MainThread     : DEBUG   : unregistered publisher control_pubsub
2017-05-30 22:29:35,968: umgr.staging.input.0: MainProcess                     : MainThread     : DEBUG   : umgr.staging.input.0 close prof
2017-05-30 22:29:35,968: umgr.staging.input.0: MainProcess                     : MainThread     : INFO    : parent stops child
2017-05-30 22:29:35,968: umgr.staging.input.0: MainProcess                     : MainThread     : DEBUG   : ru_finalize_parent (NOOP)
2017-05-30 22:29:35,968: umgr.staging.input.0: MainProcess                     : MainThread     : DEBUG   : ru_finalize_common (NOOP)
2017-05-30 22:29:35,978: umgr.staging.input.0: MainProcess                     : umgr.staging.input.0.watch: INFO    : send message: work finished
2017-05-30 22:29:35,978: umgr.staging.input.0: MainProcess                     : umgr.staging.input.0.watch: DEBUG   : ru_finalize_child (NOOP)
2017-05-30 22:29:35,978: umgr.staging.input.0: MainProcess                     : umgr.staging.input.0.watch: DEBUG   : ru_finalize_common (NOOP)
2017-05-30 22:29:35,978: umgr.staging.input.0: MainProcess                     : umgr.staging.input.0.watch: INFO    : send message: terminating
2017-05-30 22:29:36,084: umgr.staging.input.0: MainProcess                     : MainThread     : WARNING : failed to stop child - terminate
2017-05-30 22:29:53,605: umgr.staging.input.0: MainProcess                     : MainThread     : INFO    : radical.pilot        version: split-81-gf853cc9b@feature-bridges
2017-05-30 22:29:53,605: umgr.staging.input.0: MainProcess                     : MainThread     : DEBUG   : start process
2017-05-30 22:29:53,616: umgr.staging.input.0: umgr.staging.input.0            : MainThread     : INFO    : child (me) initializing
2017-05-30 22:29:53,617: umgr.staging.input.0: umgr.staging.input.0            : MainThread     : DEBUG   : start thread
2017-05-30 22:29:53,617: umgr.staging.input.0: umgr.staging.input.0            : umgr.staging.input.0.child.watch: INFO    : child (me) initializing
2017-05-30 22:29:53,617: umgr.staging.input.0: umgr.staging.input.0            : umgr.staging.input.0.child.watch: DEBUG   : ru_initialize_common (NOOP)
2017-05-30 22:29:53,617: umgr.staging.input.0: umgr.staging.input.0            : umgr.staging.input.0.child.watch: DEBUG   : ru_initialize_child (NOOP)
2017-05-30 22:29:53,617: umgr.staging.input.0: umgr.staging.input.0            : umgr.staging.input.0.child.watch: INFO    : send alive
2017-05-30 22:29:53,617: umgr.staging.input.0: umgr.staging.input.0            : umgr.staging.input.0.child.watch: INFO    : send message: alive
2017-05-30 22:29:53,618: umgr.staging.input.0: umgr.staging.input.0            : MainThread     : INFO    : recv message: alive
2017-05-30 22:29:53,618: umgr.staging.input.0: umgr.staging.input.0            : MainThread     : DEBUG   : ru_initialize_common (NOOP)
2017-05-30 22:29:53,618: umgr.staging.input.0: umgr.staging.input.0            : MainThread     : DEBUG   : ru_initialize_parent (NOOP)
2017-05-30 22:29:53,618: umgr.staging.input.0: umgr.staging.input.0            : MainThread     : DEBUG   : child thread umgr.staging.input.0.child.watch started
2017-05-30 22:29:53,618: umgr.staging.input.0: umgr.staging.input.0            : MainThread     : INFO    : child (me) is alive
2017-05-30 22:29:53,693: umgr.staging.input.0: umgr.staging.input.0            : MainThread     : INFO    : send alive
2017-05-30 22:29:53,693: umgr.staging.input.0: umgr.staging.input.0            : MainThread     : INFO    : send message: alive
2017-05-30 22:29:53,694: umgr.staging.input.0: MainProcess                     : MainThread     : INFO    : recv message: alive
2017-05-30 22:29:53,694: umgr.staging.input.0: MainProcess                     : MainThread     : DEBUG   : start thread
2017-05-30 22:29:53,695: umgr.staging.input.0: MainProcess                     : umgr.staging.input.0.watch: INFO    : child (me) initializing
2017-05-30 22:29:53,695: umgr.staging.input.0: MainProcess                     : umgr.staging.input.0.watch: DEBUG   : ru_initialize_common (NOOP)
2017-05-30 22:29:53,695: umgr.staging.input.0: MainProcess                     : umgr.staging.input.0.watch: DEBUG   : ru_initialize_child (NOOP)
2017-05-30 22:29:53,696: umgr.staging.input.0: MainProcess                     : umgr.staging.input.0.watch: INFO    : send alive
2017-05-30 22:29:53,696: umgr.staging.input.0: MainProcess                     : umgr.staging.input.0.watch: INFO    : send message: alive
2017-05-30 22:29:53,697: umgr.staging.input.0: MainProcess                     : MainThread     : INFO    : recv message: alive
2017-05-30 22:29:53,697: umgr.staging.input.0: MainProcess                     : MainThread     : DEBUG   : ru_initialize_common (NOOP)
2017-05-30 22:29:53,697: umgr.staging.input.0: MainProcess                     : MainThread     : DEBUG   : ru_initialize_parent (NOOP)
2017-05-30 22:29:53,697: umgr.staging.input.0: MainProcess                     : MainThread     : DEBUG   : child thread umgr.staging.input.0.watch started
2017-05-30 22:29:53,697: umgr.staging.input.0: MainProcess                     : MainThread     : INFO    : child is alive
2017-05-30 22:29:53,698: umgr.staging.input.0: MainProcess                     : MainThread     : INFO    : radical.pilot        version: split-81-gf853cc9b@feature-bridges
2017-05-30 22:29:53,751: umgr.staging.input.0: MainProcess                     : MainThread     : INFO    : initialize umgr.staging.input.0
2017-05-30 22:29:53,759: umgr.staging.input.0: MainProcess                     : MainThread     : INFO    : cfg: {'agents': {},
 u'bridges': {u'control_pubsub': {'addr_in': 'tcp://138.201.86.166:41927',
                                  'addr_out': 'tcp://138.201.86.166:42812',
                                  u'bulk_size': 0,
                                  u'log_level': u'debug',
                                  u'stall_hwm': 1},
              u'log_pubsub': {'addr_in': 'tcp://138.201.86.166:41020',
                              'addr_out': 'tcp://138.201.86.166:41079',
                              u'bulk_size': 0,
                              u'log_level': u'debug',
                              u'stall_hwm': 1},
              u'state_pubsub': {'addr_in': 'tcp://138.201.86.166:46272',
                                'addr_out': 'tcp://138.201.86.166:45737',
                                u'bulk_size': 0,
                                u'log_level': u'debug',
                                u'stall_hwm': 1},
              u'umgr_reschedule_pubsub': {'addr_in': 'tcp://138.201.86.166:33987',
                                          'addr_out': 'tcp://138.201.86.166:39723',
                                          u'bulk_size': 0,
                                          u'log_level': u'debug',
                                          u'stall_hwm': 1},
              u'umgr_scheduling_queue': {'addr_in': 'tcp://138.201.86.166:43579',
                                         'addr_out': 'tcp://138.201.86.166:40038',
                                         u'bulk_size': 0,
                                         u'log_level': u'debug',
                                         u'stall_hwm': 1},
              u'umgr_staging_input_queue': {'addr_in': 'tcp://138.201.86.166:45842',
                                            'addr_out': 'tcp://138.201.86.166:45203',
                                            u'bulk_size': 0,
                                            u'log_level': u'debug',
                                            u'stall_hwm': 1},
              u'umgr_staging_output_queue': {'addr_in': 'tcp://138.201.86.166:43027',
                                             'addr_out': 'tcp://138.201.86.166:36206',
                                             u'bulk_size': 0,
                                             u'log_level': u'debug',
                                             u'stall_hwm': 1},
              u'umgr_unschedule_pubsub': {'addr_in': 'tcp://138.201.86.166:42818',
                                          'addr_out': 'tcp://138.201.86.166:38146',
                                          u'bulk_size': 0,
                                          u'log_level': u'debug',
                                          u'stall_hwm': 1}},
 u'bulk_collection_size': 100,
 u'bulk_collection_time': 1.0,
 'cname': u'UMGRStagingInputComponent',
 u'components': {},
 u'count': 1,
 u'db_poll_sleeptime': 1.0,
 'number': 0,
 'owner': 'umgr.0000',
 u'scheduler': u'round_robin',
 'uid': 'umgr.0000'}
2017-05-30 22:29:53,759: umgr.staging.input.0: MainProcess                     : MainThread     : DEBUG   : START: umgr.staging.input.0 register publisher log_pubsub
2017-05-30 22:29:53,759: umgr.staging.input.0: MainProcess                     : MainThread     : DEBUG   : using addr tcp://138.201.86.166:41020 for pubsub log_pubsub
2017-05-30 22:29:53,761: umgr.staging.input.0: MainProcess                     : MainThread     : DEBUG   : registered publisher : log_pubsub : log.pubsub.pub
2017-05-30 22:29:53,761: umgr.staging.input.0: MainProcess                     : MainThread     : DEBUG   : START: umgr.staging.input.0 register publisher state_pubsub
2017-05-30 22:29:53,761: umgr.staging.input.0: MainProcess                     : MainThread     : DEBUG   : using addr tcp://138.201.86.166:46272 for pubsub state_pubsub
2017-05-30 22:29:53,763: umgr.staging.input.0: MainProcess                     : MainThread     : DEBUG   : registered publisher : state_pubsub : state.pubsub.pub
2017-05-30 22:29:53,763: umgr.staging.input.0: MainProcess                     : MainThread     : DEBUG   : START: umgr.staging.input.0 register publisher control_pubsub
2017-05-30 22:29:53,763: umgr.staging.input.0: MainProcess                     : MainThread     : DEBUG   : using addr tcp://138.201.86.166:41927 for pubsub control_pubsub
2017-05-30 22:29:53,764: umgr.staging.input.0: MainProcess                     : MainThread     : DEBUG   : registered publisher : control_pubsub : control.pubsub.pub
2017-05-30 22:29:53,765: umgr.staging.input.0: MainProcess                     : MainThread     : DEBUG   : child process started
2017-05-30 22:37:29,077: umgr.staging.input.0: MainProcess                     : MainThread     : DEBUG   : stop umgr.staging.input.0 (24564 : 28881 : MainThread) [radical.pilot.unit_manager.UnitManager.finalize_parent]
2017-05-30 22:37:29,077: umgr.staging.input.0: MainProcess                     : MainThread     : INFO    : parent stops child
2017-05-30 22:37:29,077: umgr.staging.input.0: MainProcess                     : MainThread     : DEBUG   : ru_finalize_common()
2017-05-30 22:37:29,077: umgr.staging.input.0: MainProcess                     : MainThread     : DEBUG   : TERM : umgr.staging.input.0 unregister publisher state_pubsub
2017-05-30 22:37:29,077: umgr.staging.input.0: MainProcess                     : MainThread     : DEBUG   : unregistered publisher state_pubsub
2017-05-30 22:37:29,077: umgr.staging.input.0: MainProcess                     : MainThread     : DEBUG   : TERM : umgr.staging.input.0 unregister publisher control_pubsub
2017-05-30 22:37:29,078: umgr.staging.input.0: MainProcess                     : MainThread     : DEBUG   : unregistered publisher control_pubsub
2017-05-30 22:37:29,078: umgr.staging.input.0: MainProcess                     : MainThread     : DEBUG   : umgr.staging.input.0 close prof
2017-05-30 22:37:29,078: umgr.staging.input.0: MainProcess                     : MainThread     : INFO    : parent stops child
2017-05-30 22:37:29,078: umgr.staging.input.0: MainProcess                     : MainThread     : DEBUG   : ru_finalize_parent (NOOP)
2017-05-30 22:37:29,078: umgr.staging.input.0: MainProcess                     : MainThread     : DEBUG   : ru_finalize_common (NOOP)
2017-05-30 22:37:29,121: umgr.staging.input.0: MainProcess                     : umgr.staging.input.0.watch: INFO    : send message: work finished
2017-05-30 22:37:29,121: umgr.staging.input.0: MainProcess                     : umgr.staging.input.0.watch: DEBUG   : ru_finalize_child (NOOP)
2017-05-30 22:37:29,121: umgr.staging.input.0: MainProcess                     : umgr.staging.input.0.watch: DEBUG   : ru_finalize_common (NOOP)
2017-05-30 22:37:29,122: umgr.staging.input.0: MainProcess                     : umgr.staging.input.0.watch: INFO    : send message: terminating
2017-05-30 22:37:29,243: umgr.staging.input.0: MainProcess                     : MainThread     : WARNING : failed to stop child - terminate
2017-05-30 22:37:38,824: umgr.staging.input.0: MainProcess                     : MainThread     : INFO    : radical.pilot        version: split-81-gf853cc9b@feature-bridges
2017-05-30 22:37:38,824: umgr.staging.input.0: MainProcess                     : MainThread     : DEBUG   : start process
2017-05-30 22:37:38,832: umgr.staging.input.0: umgr.staging.input.0            : MainThread     : INFO    : child (me) initializing
2017-05-30 22:37:38,833: umgr.staging.input.0: umgr.staging.input.0            : MainThread     : DEBUG   : start thread
2017-05-30 22:37:38,833: umgr.staging.input.0: umgr.staging.input.0            : umgr.staging.input.0.child.watch: INFO    : child (me) initializing
2017-05-30 22:37:38,833: umgr.staging.input.0: umgr.staging.input.0            : umgr.staging.input.0.child.watch: DEBUG   : ru_initialize_common (NOOP)
2017-05-30 22:37:38,833: umgr.staging.input.0: umgr.staging.input.0            : umgr.staging.input.0.child.watch: DEBUG   : ru_initialize_child (NOOP)
2017-05-30 22:37:38,833: umgr.staging.input.0: umgr.staging.input.0            : umgr.staging.input.0.child.watch: INFO    : send alive
2017-05-30 22:37:38,833: umgr.staging.input.0: umgr.staging.input.0            : umgr.staging.input.0.child.watch: INFO    : send message: alive
2017-05-30 22:37:38,834: umgr.staging.input.0: umgr.staging.input.0            : MainThread     : INFO    : recv message: alive
2017-05-30 22:37:38,834: umgr.staging.input.0: umgr.staging.input.0            : MainThread     : DEBUG   : ru_initialize_common (NOOP)
2017-05-30 22:37:38,834: umgr.staging.input.0: umgr.staging.input.0            : MainThread     : DEBUG   : ru_initialize_parent (NOOP)
2017-05-30 22:37:38,834: umgr.staging.input.0: umgr.staging.input.0            : MainThread     : DEBUG   : child thread umgr.staging.input.0.child.watch started
2017-05-30 22:37:38,834: umgr.staging.input.0: umgr.staging.input.0            : MainThread     : INFO    : child (me) is alive
2017-05-30 22:37:38,845: umgr.staging.input.0: umgr.staging.input.0            : MainThread     : INFO    : send alive
2017-05-30 22:37:38,845: umgr.staging.input.0: umgr.staging.input.0            : MainThread     : INFO    : send message: alive
2017-05-30 22:37:38,845: umgr.staging.input.0: MainProcess                     : MainThread     : INFO    : recv message: alive
2017-05-30 22:37:38,846: umgr.staging.input.0: MainProcess                     : MainThread     : DEBUG   : start thread
2017-05-30 22:37:38,846: umgr.staging.input.0: MainProcess                     : umgr.staging.input.0.watch: INFO    : child (me) initializing
2017-05-30 22:37:38,846: umgr.staging.input.0: MainProcess                     : umgr.staging.input.0.watch: DEBUG   : ru_initialize_common (NOOP)
2017-05-30 22:37:38,846: umgr.staging.input.0: MainProcess                     : umgr.staging.input.0.watch: DEBUG   : ru_initialize_child (NOOP)
2017-05-30 22:37:38,846: umgr.staging.input.0: MainProcess                     : umgr.staging.input.0.watch: INFO    : send alive
2017-05-30 22:37:38,846: umgr.staging.input.0: MainProcess                     : umgr.staging.input.0.watch: INFO    : send message: alive
2017-05-30 22:37:38,847: umgr.staging.input.0: MainProcess                     : MainThread     : INFO    : recv message: alive
2017-05-30 22:37:38,847: umgr.staging.input.0: MainProcess                     : MainThread     : DEBUG   : ru_initialize_common (NOOP)
2017-05-30 22:37:38,847: umgr.staging.input.0: MainProcess                     : MainThread     : DEBUG   : ru_initialize_parent (NOOP)
2017-05-30 22:37:38,847: umgr.staging.input.0: MainProcess                     : MainThread     : DEBUG   : child thread umgr.staging.input.0.watch started
2017-05-30 22:37:38,847: umgr.staging.input.0: MainProcess                     : MainThread     : INFO    : child is alive
2017-05-30 22:37:38,848: umgr.staging.input.0: MainProcess                     : MainThread     : INFO    : radical.pilot        version: split-81-gf853cc9b@feature-bridges
2017-05-30 22:37:39,851: umgr.staging.input.0: MainProcess                     : MainThread     : INFO    : initialize umgr.staging.input.0
2017-05-30 22:37:39,856: umgr.staging.input.0: MainProcess                     : MainThread     : INFO    : cfg: {'agents': {},
 u'bridges': {u'control_pubsub': {'addr_in': 'tcp://138.201.86.166:36013',
                                  'addr_out': 'tcp://138.201.86.166:41895',
                                  u'bulk_size': 0,
                                  u'log_level': u'debug',
                                  u'stall_hwm': 1},
              u'log_pubsub': {'addr_in': 'tcp://138.201.86.166:40071',
                              'addr_out': 'tcp://138.201.86.166:40218',
                              u'bulk_size': 0,
                              u'log_level': u'debug',
                              u'stall_hwm': 1},
              u'state_pubsub': {'addr_in': 'tcp://138.201.86.166:40800',
                                'addr_out': 'tcp://138.201.86.166:37247',
                                u'bulk_size': 0,
                                u'log_level': u'debug',
                                u'stall_hwm': 1},
              u'umgr_reschedule_pubsub': {'addr_in': 'tcp://138.201.86.166:41144',
                                          'addr_out': 'tcp://138.201.86.166:35293',
                                          u'bulk_size': 0,
                                          u'log_level': u'debug',
                                          u'stall_hwm': 1},
              u'umgr_scheduling_queue': {'addr_in': 'tcp://138.201.86.166:39288',
                                         'addr_out': 'tcp://138.201.86.166:40893',
                                         u'bulk_size': 0,
                                         u'log_level': u'debug',
                                         u'stall_hwm': 1},
              u'umgr_staging_input_queue': {'addr_in': 'tcp://138.201.86.166:37622',
                                            'addr_out': 'tcp://138.201.86.166:45659',
                                            u'bulk_size': 0,
                                            u'log_level': u'debug',
                                            u'stall_hwm': 1},
              u'umgr_staging_output_queue': {'addr_in': 'tcp://138.201.86.166:41366',
                                             'addr_out': 'tcp://138.201.86.166:35628',
                                             u'bulk_size': 0,
                                             u'log_level': u'debug',
                                             u'stall_hwm': 1},
              u'umgr_unschedule_pubsub': {'addr_in': 'tcp://138.201.86.166:42385',
                                          'addr_out': 'tcp://138.201.86.166:46461',
                                          u'bulk_size': 0,
                                          u'log_level': u'debug',
                                          u'stall_hwm': 1}},
 u'bulk_collection_size': 100,
 u'bulk_collection_time': 1.0,
 'cname': u'UMGRStagingInputComponent',
 u'components': {},
 u'count': 1,
 u'db_poll_sleeptime': 1.0,
 'number': 0,
 'owner': 'umgr.0000',
 u'scheduler': u'round_robin',
 'uid': 'umgr.0000'}
2017-05-30 22:37:39,856: umgr.staging.input.0: MainProcess                     : MainThread     : DEBUG   : START: umgr.staging.input.0 register publisher log_pubsub
2017-05-30 22:37:39,856: umgr.staging.input.0: MainProcess                     : MainThread     : DEBUG   : using addr tcp://138.201.86.166:40071 for pubsub log_pubsub
2017-05-30 22:37:39,857: umgr.staging.input.0: MainProcess                     : MainThread     : DEBUG   : registered publisher : log_pubsub : log.pubsub.pub
2017-05-30 22:37:39,857: umgr.staging.input.0: MainProcess                     : MainThread     : DEBUG   : START: umgr.staging.input.0 register publisher state_pubsub
2017-05-30 22:37:39,857: umgr.staging.input.0: MainProcess                     : MainThread     : DEBUG   : using addr tcp://138.201.86.166:40800 for pubsub state_pubsub
2017-05-30 22:37:39,857: umgr.staging.input.0: MainProcess                     : MainThread     : DEBUG   : registered publisher : state_pubsub : state.pubsub.pub
2017-05-30 22:37:39,857: umgr.staging.input.0: MainProcess                     : MainThread     : DEBUG   : START: umgr.staging.input.0 register publisher control_pubsub
2017-05-30 22:37:39,857: umgr.staging.input.0: MainProcess                     : MainThread     : DEBUG   : using addr tcp://138.201.86.166:36013 for pubsub control_pubsub
2017-05-30 22:37:39,858: umgr.staging.input.0: MainProcess                     : MainThread     : DEBUG   : registered publisher : control_pubsub : control.pubsub.pub
2017-05-30 22:37:39,858: umgr.staging.input.0: MainProcess                     : MainThread     : DEBUG   : child process started
2017-05-30 22:45:22,024: umgr.staging.input.0: MainProcess                     : MainThread     : DEBUG   : stop umgr.staging.input.0 (24564 : 31365 : MainThread) [radical.pilot.unit_manager.UnitManager.finalize_parent]
2017-05-30 22:45:22,024: umgr.staging.input.0: MainProcess                     : MainThread     : INFO    : parent stops child
2017-05-30 22:45:22,024: umgr.staging.input.0: MainProcess                     : MainThread     : DEBUG   : ru_finalize_common()
2017-05-30 22:45:22,024: umgr.staging.input.0: MainProcess                     : MainThread     : DEBUG   : TERM : umgr.staging.input.0 unregister publisher state_pubsub
2017-05-30 22:45:22,025: umgr.staging.input.0: MainProcess                     : MainThread     : DEBUG   : unregistered publisher state_pubsub
2017-05-30 22:45:22,025: umgr.staging.input.0: MainProcess                     : MainThread     : DEBUG   : TERM : umgr.staging.input.0 unregister publisher control_pubsub
2017-05-30 22:45:22,025: umgr.staging.input.0: MainProcess                     : MainThread     : DEBUG   : unregistered publisher control_pubsub
2017-05-30 22:45:22,025: umgr.staging.input.0: MainProcess                     : MainThread     : DEBUG   : umgr.staging.input.0 close prof
2017-05-30 22:45:22,025: umgr.staging.input.0: MainProcess                     : MainThread     : INFO    : parent stops child
2017-05-30 22:45:22,025: umgr.staging.input.0: MainProcess                     : MainThread     : DEBUG   : ru_finalize_parent (NOOP)
2017-05-30 22:45:22,026: umgr.staging.input.0: MainProcess                     : MainThread     : DEBUG   : ru_finalize_common (NOOP)
2017-05-30 22:45:22,062: umgr.staging.input.0: MainProcess                     : umgr.staging.input.0.watch: INFO    : send message: work finished
2017-05-30 22:45:22,062: umgr.staging.input.0: MainProcess                     : umgr.staging.input.0.watch: DEBUG   : ru_finalize_child (NOOP)
2017-05-30 22:45:22,062: umgr.staging.input.0: MainProcess                     : umgr.staging.input.0.watch: DEBUG   : ru_finalize_common (NOOP)
2017-05-30 22:45:22,063: umgr.staging.input.0: MainProcess                     : umgr.staging.input.0.watch: INFO    : send message: terminating
2017-05-30 22:45:22,190: umgr.staging.input.0: MainProcess                     : MainThread     : WARNING : failed to stop child - terminate
2017-05-30 22:45:32,549: umgr.staging.input.0: MainProcess                     : MainThread     : INFO    : radical.pilot        version: split-81-gf853cc9b@feature-bridges
2017-05-30 22:45:32,549: umgr.staging.input.0: MainProcess                     : MainThread     : DEBUG   : start process
2017-05-30 22:45:32,561: umgr.staging.input.0: umgr.staging.input.0            : MainThread     : INFO    : child (me) initializing
2017-05-30 22:45:32,561: umgr.staging.input.0: umgr.staging.input.0            : MainThread     : DEBUG   : start thread
2017-05-30 22:45:32,562: umgr.staging.input.0: umgr.staging.input.0            : umgr.staging.input.0.child.watch: INFO    : child (me) initializing
2017-05-30 22:45:32,562: umgr.staging.input.0: umgr.staging.input.0            : umgr.staging.input.0.child.watch: DEBUG   : ru_initialize_common (NOOP)
2017-05-30 22:45:32,562: umgr.staging.input.0: umgr.staging.input.0            : umgr.staging.input.0.child.watch: DEBUG   : ru_initialize_child (NOOP)
2017-05-30 22:45:32,562: umgr.staging.input.0: umgr.staging.input.0            : umgr.staging.input.0.child.watch: INFO    : send alive
2017-05-30 22:45:32,562: umgr.staging.input.0: umgr.staging.input.0            : umgr.staging.input.0.child.watch: INFO    : send message: alive
2017-05-30 22:45:32,563: umgr.staging.input.0: umgr.staging.input.0            : MainThread     : INFO    : recv message: alive
2017-05-30 22:45:32,563: umgr.staging.input.0: umgr.staging.input.0            : MainThread     : DEBUG   : ru_initialize_common (NOOP)
2017-05-30 22:45:32,563: umgr.staging.input.0: umgr.staging.input.0            : MainThread     : DEBUG   : ru_initialize_parent (NOOP)
2017-05-30 22:45:32,563: umgr.staging.input.0: umgr.staging.input.0            : MainThread     : DEBUG   : child thread umgr.staging.input.0.child.watch started
2017-05-30 22:45:32,563: umgr.staging.input.0: umgr.staging.input.0            : MainThread     : INFO    : child (me) is alive
2017-05-30 22:45:32,575: umgr.staging.input.0: MainProcess                     : MainThread     : INFO    : recv message: 
2017-05-30 22:45:32,575: umgr.staging.input.0: MainProcess                     : MainThread     : INFO    : recv message: 
2017-05-30 22:45:32,575: umgr.staging.input.0: MainProcess                     : MainThread     : ERROR   : initialization failed
Traceback (most recent call last):
  File "/home/mingtha/ve/ve.rp_add_res_cfg/local/lib/python2.7/site-packages/radical/utils/process.py", line 438, in start
    timeout))
RuntimeError: unexpected child message () [5.0]
2017-05-30 22:45:32,576: umgr.staging.input.0: MainProcess                     : MainThread     : DEBUG   : stop umgr.staging.input.0 (24564 : 1096 : MainThread) [radical.utils.process.Default.start]
2017-05-30 22:45:32,576: umgr.staging.input.0: MainProcess                     : MainThread     : INFO    : parent stops child
2017-05-30 22:45:32,576: umgr.staging.input.0: MainProcess                     : MainThread     : DEBUG   : ru_finalize_common()
2017-05-30 22:45:32,576: umgr.staging.input.0: MainProcess                     : MainThread     : WARNING : publisher state_pubsub is not registered
2017-05-30 22:45:32,576: umgr.staging.input.0: MainProcess                     : MainThread     : WARNING : publisher control_pubsub is not registered
2017-05-30 22:45:32,576: umgr.staging.input.0: MainProcess                     : MainThread     : DEBUG   : umgr.staging.input.0 close prof
