2017-05-30 22:15:16,111: umgr.staging.output.0: MainProcess                     : MainThread     : INFO    : python.interpreter   version: 2.7.12 (default, Nov 19 2016, 06:48:10) [GCC 5.4.0 20160609]
2017-05-30 22:15:16,111: umgr.staging.output.0: MainProcess                     : MainThread     : INFO    :                      pid: 24564
2017-05-30 22:15:16,111: umgr.staging.output.0: MainProcess                     : MainThread     : INFO    :                      tid: MainThread
2017-05-30 22:15:16,112: umgr.staging.output.0: MainProcess                     : MainThread     : INFO    : radical.pilot        version: split-81-gf853cc9b@feature-bridges
2017-05-30 22:15:16,112: umgr.staging.output.0: MainProcess                     : MainThread     : DEBUG   : start process
2017-05-30 22:15:16,123: umgr.staging.output.0: umgr.staging.output.0           : MainThread     : INFO    : child (me) initializing
2017-05-30 22:15:16,124: umgr.staging.output.0: umgr.staging.output.0           : MainThread     : DEBUG   : start thread
2017-05-30 22:15:16,125: umgr.staging.output.0: umgr.staging.output.0           : umgr.staging.output.0.child.watch: INFO    : child (me) initializing
2017-05-30 22:15:16,125: umgr.staging.output.0: umgr.staging.output.0           : umgr.staging.output.0.child.watch: DEBUG   : ru_initialize_common (NOOP)
2017-05-30 22:15:16,125: umgr.staging.output.0: umgr.staging.output.0           : umgr.staging.output.0.child.watch: DEBUG   : ru_initialize_child (NOOP)
2017-05-30 22:15:16,125: umgr.staging.output.0: umgr.staging.output.0           : umgr.staging.output.0.child.watch: INFO    : send alive
2017-05-30 22:15:16,126: umgr.staging.output.0: umgr.staging.output.0           : umgr.staging.output.0.child.watch: INFO    : send message: alive
2017-05-30 22:15:16,126: umgr.staging.output.0: umgr.staging.output.0           : MainThread     : INFO    : recv message: alive
2017-05-30 22:15:16,127: umgr.staging.output.0: umgr.staging.output.0           : MainThread     : DEBUG   : ru_initialize_common (NOOP)
2017-05-30 22:15:16,127: umgr.staging.output.0: umgr.staging.output.0           : MainThread     : DEBUG   : ru_initialize_parent (NOOP)
2017-05-30 22:15:16,127: umgr.staging.output.0: umgr.staging.output.0           : MainThread     : DEBUG   : child thread umgr.staging.output.0.child.watch started
2017-05-30 22:15:16,127: umgr.staging.output.0: umgr.staging.output.0           : MainThread     : INFO    : child (me) is alive
2017-05-30 22:15:16,183: umgr.staging.output.0: umgr.staging.output.0           : MainThread     : INFO    : send alive
2017-05-30 22:15:16,184: umgr.staging.output.0: umgr.staging.output.0           : MainThread     : INFO    : send message: alive
2017-05-30 22:15:16,184: umgr.staging.output.0: MainProcess                     : MainThread     : INFO    : recv message: alive
2017-05-30 22:15:16,185: umgr.staging.output.0: MainProcess                     : MainThread     : DEBUG   : start thread
2017-05-30 22:15:16,186: umgr.staging.output.0: MainProcess                     : umgr.staging.output.0.watch: INFO    : child (me) initializing
2017-05-30 22:15:16,186: umgr.staging.output.0: MainProcess                     : umgr.staging.output.0.watch: DEBUG   : ru_initialize_common (NOOP)
2017-05-30 22:15:16,186: umgr.staging.output.0: MainProcess                     : umgr.staging.output.0.watch: DEBUG   : ru_initialize_child (NOOP)
2017-05-30 22:15:16,186: umgr.staging.output.0: MainProcess                     : umgr.staging.output.0.watch: INFO    : send alive
2017-05-30 22:15:16,187: umgr.staging.output.0: MainProcess                     : umgr.staging.output.0.watch: INFO    : send message: alive
2017-05-30 22:15:16,187: umgr.staging.output.0: MainProcess                     : MainThread     : INFO    : recv message: alive
2017-05-30 22:15:16,188: umgr.staging.output.0: MainProcess                     : MainThread     : DEBUG   : ru_initialize_common (NOOP)
2017-05-30 22:15:16,188: umgr.staging.output.0: MainProcess                     : MainThread     : DEBUG   : ru_initialize_parent (NOOP)
2017-05-30 22:15:16,188: umgr.staging.output.0: MainProcess                     : MainThread     : DEBUG   : child thread umgr.staging.output.0.watch started
2017-05-30 22:15:16,188: umgr.staging.output.0: MainProcess                     : MainThread     : INFO    : child is alive
2017-05-30 22:15:16,188: umgr.staging.output.0: MainProcess                     : MainThread     : INFO    : radical.pilot        version: split-81-gf853cc9b@feature-bridges
2017-05-30 22:15:16,203: umgr.staging.output.0: MainProcess                     : MainThread     : INFO    : initialize umgr.staging.output.0
2017-05-30 22:15:16,211: umgr.staging.output.0: MainProcess                     : MainThread     : INFO    : cfg: {'agents': {},
 u'bridges': {u'control_pubsub': {'addr_in': 'tcp://138.201.86.166:34047',
                                  'addr_out': 'tcp://138.201.86.166:37683',
                                  u'bulk_size': 0,
                                  u'log_level': u'debug',
                                  u'stall_hwm': 1},
              u'log_pubsub': {'addr_in': 'tcp://138.201.86.166:43314',
                              'addr_out': 'tcp://138.201.86.166:39234',
                              u'bulk_size': 0,
                              u'log_level': u'debug',
                              u'stall_hwm': 1},
              u'state_pubsub': {'addr_in': 'tcp://138.201.86.166:42040',
                                'addr_out': 'tcp://138.201.86.166:40251',
                                u'bulk_size': 0,
                                u'log_level': u'debug',
                                u'stall_hwm': 1},
              u'umgr_reschedule_pubsub': {'addr_in': 'tcp://138.201.86.166:37014',
                                          'addr_out': 'tcp://138.201.86.166:36458',
                                          u'bulk_size': 0,
                                          u'log_level': u'debug',
                                          u'stall_hwm': 1},
              u'umgr_scheduling_queue': {'addr_in': 'tcp://138.201.86.166:45034',
                                         'addr_out': 'tcp://138.201.86.166:34902',
                                         u'bulk_size': 0,
                                         u'log_level': u'debug',
                                         u'stall_hwm': 1},
              u'umgr_staging_input_queue': {'addr_in': 'tcp://138.201.86.166:33064',
                                            'addr_out': 'tcp://138.201.86.166:45291',
                                            u'bulk_size': 0,
                                            u'log_level': u'debug',
                                            u'stall_hwm': 1},
              u'umgr_staging_output_queue': {'addr_in': 'tcp://138.201.86.166:38492',
                                             'addr_out': 'tcp://138.201.86.166:42516',
                                             u'bulk_size': 0,
                                             u'log_level': u'debug',
                                             u'stall_hwm': 1},
              u'umgr_unschedule_pubsub': {'addr_in': 'tcp://138.201.86.166:39617',
                                          'addr_out': 'tcp://138.201.86.166:45719',
                                          u'bulk_size': 0,
                                          u'log_level': u'debug',
                                          u'stall_hwm': 1}},
 u'bulk_collection_size': 100,
 u'bulk_collection_time': 1.0,
 'cname': u'UMGRStagingOutputComponent',
 u'components': {},
 u'count': 1,
 u'db_poll_sleeptime': 1.0,
 'number': 0,
 'owner': 'umgr.0000',
 u'scheduler': u'round_robin',
 'uid': 'umgr.0000'}
2017-05-30 22:15:16,211: umgr.staging.output.0: MainProcess                     : MainThread     : DEBUG   : START: umgr.staging.output.0 register publisher log_pubsub
2017-05-30 22:15:16,212: umgr.staging.output.0: MainProcess                     : MainThread     : DEBUG   : using addr tcp://138.201.86.166:43314 for pubsub log_pubsub
2017-05-30 22:15:16,223: umgr.staging.output.0: MainProcess                     : MainThread     : DEBUG   : registered publisher : log_pubsub : log.pubsub.pub
2017-05-30 22:15:16,224: umgr.staging.output.0: MainProcess                     : MainThread     : DEBUG   : START: umgr.staging.output.0 register publisher state_pubsub
2017-05-30 22:15:16,224: umgr.staging.output.0: MainProcess                     : MainThread     : DEBUG   : using addr tcp://138.201.86.166:42040 for pubsub state_pubsub
2017-05-30 22:15:16,225: umgr.staging.output.0: MainProcess                     : MainThread     : DEBUG   : registered publisher : state_pubsub : state.pubsub.pub
2017-05-30 22:15:16,225: umgr.staging.output.0: MainProcess                     : MainThread     : DEBUG   : START: umgr.staging.output.0 register publisher control_pubsub
2017-05-30 22:15:16,226: umgr.staging.output.0: MainProcess                     : MainThread     : DEBUG   : using addr tcp://138.201.86.166:34047 for pubsub control_pubsub
2017-05-30 22:15:16,227: umgr.staging.output.0: MainProcess                     : MainThread     : DEBUG   : registered publisher : control_pubsub : control.pubsub.pub
2017-05-30 22:15:16,227: umgr.staging.output.0: MainProcess                     : MainThread     : DEBUG   : child process started
2017-05-30 22:21:52,067: umgr.staging.output.0: MainProcess                     : MainThread     : DEBUG   : stop umgr.staging.output.0 (24564 : 24743 : MainThread) [radical.pilot.unit_manager.UnitManager.finalize_parent]
2017-05-30 22:21:52,067: umgr.staging.output.0: MainProcess                     : MainThread     : INFO    : parent stops child
2017-05-30 22:21:52,067: umgr.staging.output.0: MainProcess                     : MainThread     : DEBUG   : ru_finalize_common()
2017-05-30 22:21:52,067: umgr.staging.output.0: MainProcess                     : MainThread     : DEBUG   : TERM : umgr.staging.output.0 unregister publisher state_pubsub
2017-05-30 22:21:52,068: umgr.staging.output.0: MainProcess                     : MainThread     : DEBUG   : unregistered publisher state_pubsub
2017-05-30 22:21:52,068: umgr.staging.output.0: MainProcess                     : MainThread     : DEBUG   : TERM : umgr.staging.output.0 unregister publisher control_pubsub
2017-05-30 22:21:52,069: umgr.staging.output.0: MainProcess                     : MainThread     : DEBUG   : unregistered publisher control_pubsub
2017-05-30 22:21:52,069: umgr.staging.output.0: MainProcess                     : MainThread     : DEBUG   : umgr.staging.output.0 close prof
2017-05-30 22:21:52,069: umgr.staging.output.0: MainProcess                     : MainThread     : INFO    : parent stops child
2017-05-30 22:21:52,070: umgr.staging.output.0: MainProcess                     : MainThread     : DEBUG   : ru_finalize_parent (NOOP)
2017-05-30 22:21:52,070: umgr.staging.output.0: MainProcess                     : MainThread     : DEBUG   : ru_finalize_common (NOOP)
2017-05-30 22:21:52,116: umgr.staging.output.0: MainProcess                     : umgr.staging.output.0.watch: INFO    : send message: work finished
2017-05-30 22:21:52,117: umgr.staging.output.0: MainProcess                     : umgr.staging.output.0.watch: DEBUG   : ru_finalize_child (NOOP)
2017-05-30 22:21:52,117: umgr.staging.output.0: MainProcess                     : umgr.staging.output.0.watch: DEBUG   : ru_finalize_common (NOOP)
2017-05-30 22:21:52,117: umgr.staging.output.0: MainProcess                     : umgr.staging.output.0.watch: INFO    : send message: terminating
2017-05-30 22:21:52,234: umgr.staging.output.0: MainProcess                     : MainThread     : WARNING : failed to stop child - terminate
2017-05-30 22:22:00,601: umgr.staging.output.0: MainProcess                     : MainThread     : INFO    : radical.pilot        version: split-81-gf853cc9b@feature-bridges
2017-05-30 22:22:00,602: umgr.staging.output.0: MainProcess                     : MainThread     : DEBUG   : start process
2017-05-30 22:22:00,614: umgr.staging.output.0: umgr.staging.output.0           : MainThread     : INFO    : child (me) initializing
2017-05-30 22:22:00,615: umgr.staging.output.0: umgr.staging.output.0           : MainThread     : DEBUG   : start thread
2017-05-30 22:22:00,615: umgr.staging.output.0: umgr.staging.output.0           : umgr.staging.output.0.child.watch: INFO    : child (me) initializing
2017-05-30 22:22:00,615: umgr.staging.output.0: umgr.staging.output.0           : umgr.staging.output.0.child.watch: DEBUG   : ru_initialize_common (NOOP)
2017-05-30 22:22:00,616: umgr.staging.output.0: umgr.staging.output.0           : umgr.staging.output.0.child.watch: DEBUG   : ru_initialize_child (NOOP)
2017-05-30 22:22:00,616: umgr.staging.output.0: umgr.staging.output.0           : umgr.staging.output.0.child.watch: INFO    : send alive
2017-05-30 22:22:00,616: umgr.staging.output.0: umgr.staging.output.0           : umgr.staging.output.0.child.watch: INFO    : send message: alive
2017-05-30 22:22:00,617: umgr.staging.output.0: umgr.staging.output.0           : MainThread     : INFO    : recv message: alive
2017-05-30 22:22:00,617: umgr.staging.output.0: umgr.staging.output.0           : MainThread     : DEBUG   : ru_initialize_common (NOOP)
2017-05-30 22:22:00,617: umgr.staging.output.0: umgr.staging.output.0           : MainThread     : DEBUG   : ru_initialize_parent (NOOP)
2017-05-30 22:22:00,617: umgr.staging.output.0: umgr.staging.output.0           : MainThread     : DEBUG   : child thread umgr.staging.output.0.child.watch started
2017-05-30 22:22:00,617: umgr.staging.output.0: umgr.staging.output.0           : MainThread     : INFO    : child (me) is alive
2017-05-30 22:22:00,687: umgr.staging.output.0: umgr.staging.output.0           : MainThread     : INFO    : send alive
2017-05-30 22:22:00,687: umgr.staging.output.0: umgr.staging.output.0           : MainThread     : INFO    : send message: alive
2017-05-30 22:22:00,688: umgr.staging.output.0: MainProcess                     : MainThread     : INFO    : recv message: alive
2017-05-30 22:22:00,688: umgr.staging.output.0: MainProcess                     : MainThread     : DEBUG   : start thread
2017-05-30 22:22:00,689: umgr.staging.output.0: MainProcess                     : umgr.staging.output.0.watch: INFO    : child (me) initializing
2017-05-30 22:22:00,689: umgr.staging.output.0: MainProcess                     : umgr.staging.output.0.watch: DEBUG   : ru_initialize_common (NOOP)
2017-05-30 22:22:00,689: umgr.staging.output.0: MainProcess                     : umgr.staging.output.0.watch: DEBUG   : ru_initialize_child (NOOP)
2017-05-30 22:22:00,689: umgr.staging.output.0: MainProcess                     : umgr.staging.output.0.watch: INFO    : send alive
2017-05-30 22:22:00,690: umgr.staging.output.0: MainProcess                     : umgr.staging.output.0.watch: INFO    : send message: alive
2017-05-30 22:22:00,690: umgr.staging.output.0: MainProcess                     : MainThread     : INFO    : recv message: alive
2017-05-30 22:22:00,691: umgr.staging.output.0: MainProcess                     : MainThread     : DEBUG   : ru_initialize_common (NOOP)
2017-05-30 22:22:00,691: umgr.staging.output.0: MainProcess                     : MainThread     : DEBUG   : ru_initialize_parent (NOOP)
2017-05-30 22:22:00,691: umgr.staging.output.0: MainProcess                     : MainThread     : DEBUG   : child thread umgr.staging.output.0.watch started
2017-05-30 22:22:00,691: umgr.staging.output.0: MainProcess                     : MainThread     : INFO    : child is alive
2017-05-30 22:22:00,691: umgr.staging.output.0: MainProcess                     : MainThread     : INFO    : radical.pilot        version: split-81-gf853cc9b@feature-bridges
2017-05-30 22:22:00,710: umgr.staging.output.0: MainProcess                     : MainThread     : INFO    : initialize umgr.staging.output.0
2017-05-30 22:22:00,716: umgr.staging.output.0: MainProcess                     : MainThread     : INFO    : cfg: {'agents': {},
 u'bridges': {u'control_pubsub': {'addr_in': 'tcp://138.201.86.166:38427',
                                  'addr_out': 'tcp://138.201.86.166:45762',
                                  u'bulk_size': 0,
                                  u'log_level': u'debug',
                                  u'stall_hwm': 1},
              u'log_pubsub': {'addr_in': 'tcp://138.201.86.166:39312',
                              'addr_out': 'tcp://138.201.86.166:38920',
                              u'bulk_size': 0,
                              u'log_level': u'debug',
                              u'stall_hwm': 1},
              u'state_pubsub': {'addr_in': 'tcp://138.201.86.166:41013',
                                'addr_out': 'tcp://138.201.86.166:36088',
                                u'bulk_size': 0,
                                u'log_level': u'debug',
                                u'stall_hwm': 1},
              u'umgr_reschedule_pubsub': {'addr_in': 'tcp://138.201.86.166:44862',
                                          'addr_out': 'tcp://138.201.86.166:42704',
                                          u'bulk_size': 0,
                                          u'log_level': u'debug',
                                          u'stall_hwm': 1},
              u'umgr_scheduling_queue': {'addr_in': 'tcp://138.201.86.166:43411',
                                         'addr_out': 'tcp://138.201.86.166:45536',
                                         u'bulk_size': 0,
                                         u'log_level': u'debug',
                                         u'stall_hwm': 1},
              u'umgr_staging_input_queue': {'addr_in': 'tcp://138.201.86.166:43406',
                                            'addr_out': 'tcp://138.201.86.166:42539',
                                            u'bulk_size': 0,
                                            u'log_level': u'debug',
                                            u'stall_hwm': 1},
              u'umgr_staging_output_queue': {'addr_in': 'tcp://138.201.86.166:43609',
                                             'addr_out': 'tcp://138.201.86.166:38053',
                                             u'bulk_size': 0,
                                             u'log_level': u'debug',
                                             u'stall_hwm': 1},
              u'umgr_unschedule_pubsub': {'addr_in': 'tcp://138.201.86.166:38520',
                                          'addr_out': 'tcp://138.201.86.166:42930',
                                          u'bulk_size': 0,
                                          u'log_level': u'debug',
                                          u'stall_hwm': 1}},
 u'bulk_collection_size': 100,
 u'bulk_collection_time': 1.0,
 'cname': u'UMGRStagingOutputComponent',
 u'components': {},
 u'count': 1,
 u'db_poll_sleeptime': 1.0,
 'number': 0,
 'owner': 'umgr.0000',
 u'scheduler': u'round_robin',
 'uid': 'umgr.0000'}
2017-05-30 22:22:00,716: umgr.staging.output.0: MainProcess                     : MainThread     : DEBUG   : START: umgr.staging.output.0 register publisher log_pubsub
2017-05-30 22:22:00,716: umgr.staging.output.0: MainProcess                     : MainThread     : DEBUG   : using addr tcp://138.201.86.166:39312 for pubsub log_pubsub
2017-05-30 22:22:00,718: umgr.staging.output.0: MainProcess                     : MainThread     : DEBUG   : registered publisher : log_pubsub : log.pubsub.pub
2017-05-30 22:22:00,718: umgr.staging.output.0: MainProcess                     : MainThread     : DEBUG   : START: umgr.staging.output.0 register publisher state_pubsub
2017-05-30 22:22:00,718: umgr.staging.output.0: MainProcess                     : MainThread     : DEBUG   : using addr tcp://138.201.86.166:41013 for pubsub state_pubsub
2017-05-30 22:22:00,719: umgr.staging.output.0: MainProcess                     : MainThread     : DEBUG   : registered publisher : state_pubsub : state.pubsub.pub
2017-05-30 22:22:00,719: umgr.staging.output.0: MainProcess                     : MainThread     : DEBUG   : START: umgr.staging.output.0 register publisher control_pubsub
2017-05-30 22:22:00,719: umgr.staging.output.0: MainProcess                     : MainThread     : DEBUG   : using addr tcp://138.201.86.166:38427 for pubsub control_pubsub
2017-05-30 22:22:00,721: umgr.staging.output.0: MainProcess                     : MainThread     : DEBUG   : registered publisher : control_pubsub : control.pubsub.pub
2017-05-30 22:22:00,721: umgr.staging.output.0: MainProcess                     : MainThread     : DEBUG   : child process started
2017-05-30 22:29:36,089: umgr.staging.output.0: MainProcess                     : MainThread     : DEBUG   : stop umgr.staging.output.0 (24564 : 26659 : MainThread) [radical.pilot.unit_manager.UnitManager.finalize_parent]
2017-05-30 22:29:36,089: umgr.staging.output.0: MainProcess                     : MainThread     : INFO    : parent stops child
2017-05-30 22:29:36,089: umgr.staging.output.0: MainProcess                     : MainThread     : DEBUG   : ru_finalize_common()
2017-05-30 22:29:36,090: umgr.staging.output.0: MainProcess                     : MainThread     : DEBUG   : TERM : umgr.staging.output.0 unregister publisher state_pubsub
2017-05-30 22:29:36,090: umgr.staging.output.0: MainProcess                     : MainThread     : DEBUG   : unregistered publisher state_pubsub
2017-05-30 22:29:36,091: umgr.staging.output.0: MainProcess                     : MainThread     : DEBUG   : TERM : umgr.staging.output.0 unregister publisher control_pubsub
2017-05-30 22:29:36,092: umgr.staging.output.0: MainProcess                     : MainThread     : DEBUG   : unregistered publisher control_pubsub
2017-05-30 22:29:36,092: umgr.staging.output.0: MainProcess                     : MainThread     : DEBUG   : umgr.staging.output.0 close prof
2017-05-30 22:29:36,092: umgr.staging.output.0: MainProcess                     : MainThread     : INFO    : parent stops child
2017-05-30 22:29:36,092: umgr.staging.output.0: MainProcess                     : MainThread     : DEBUG   : ru_finalize_parent (NOOP)
2017-05-30 22:29:36,092: umgr.staging.output.0: MainProcess                     : MainThread     : DEBUG   : ru_finalize_common (NOOP)
2017-05-30 22:29:36,124: umgr.staging.output.0: MainProcess                     : umgr.staging.output.0.watch: INFO    : send message: work finished
2017-05-30 22:29:36,125: umgr.staging.output.0: MainProcess                     : umgr.staging.output.0.watch: DEBUG   : ru_finalize_child (NOOP)
2017-05-30 22:29:36,125: umgr.staging.output.0: MainProcess                     : umgr.staging.output.0.watch: DEBUG   : ru_finalize_common (NOOP)
2017-05-30 22:29:36,125: umgr.staging.output.0: MainProcess                     : umgr.staging.output.0.watch: INFO    : send message: terminating
2017-05-30 22:29:36,258: umgr.staging.output.0: MainProcess                     : MainThread     : WARNING : failed to stop child - terminate
2017-05-30 22:29:53,767: umgr.staging.output.0: MainProcess                     : MainThread     : INFO    : radical.pilot        version: split-81-gf853cc9b@feature-bridges
2017-05-30 22:29:53,767: umgr.staging.output.0: MainProcess                     : MainThread     : DEBUG   : start process
2017-05-30 22:29:53,800: umgr.staging.output.0: umgr.staging.output.0           : MainThread     : INFO    : child (me) initializing
2017-05-30 22:29:53,801: umgr.staging.output.0: umgr.staging.output.0           : MainThread     : DEBUG   : start thread
2017-05-30 22:29:53,801: umgr.staging.output.0: umgr.staging.output.0           : umgr.staging.output.0.child.watch: INFO    : child (me) initializing
2017-05-30 22:29:53,801: umgr.staging.output.0: umgr.staging.output.0           : umgr.staging.output.0.child.watch: DEBUG   : ru_initialize_common (NOOP)
2017-05-30 22:29:53,801: umgr.staging.output.0: umgr.staging.output.0           : umgr.staging.output.0.child.watch: DEBUG   : ru_initialize_child (NOOP)
2017-05-30 22:29:53,802: umgr.staging.output.0: umgr.staging.output.0           : umgr.staging.output.0.child.watch: INFO    : send alive
2017-05-30 22:29:53,802: umgr.staging.output.0: umgr.staging.output.0           : umgr.staging.output.0.child.watch: INFO    : send message: alive
2017-05-30 22:29:53,802: umgr.staging.output.0: umgr.staging.output.0           : MainThread     : INFO    : recv message: alive
2017-05-30 22:29:53,803: umgr.staging.output.0: umgr.staging.output.0           : MainThread     : DEBUG   : ru_initialize_common (NOOP)
2017-05-30 22:29:53,803: umgr.staging.output.0: umgr.staging.output.0           : MainThread     : DEBUG   : ru_initialize_parent (NOOP)
2017-05-30 22:29:53,803: umgr.staging.output.0: umgr.staging.output.0           : MainThread     : DEBUG   : child thread umgr.staging.output.0.child.watch started
2017-05-30 22:29:53,803: umgr.staging.output.0: umgr.staging.output.0           : MainThread     : INFO    : child (me) is alive
2017-05-30 22:29:53,879: umgr.staging.output.0: umgr.staging.output.0           : MainThread     : INFO    : send alive
2017-05-30 22:29:53,879: umgr.staging.output.0: umgr.staging.output.0           : MainThread     : INFO    : send message: alive
2017-05-30 22:29:53,879: umgr.staging.output.0: MainProcess                     : MainThread     : INFO    : recv message: alive
2017-05-30 22:29:53,880: umgr.staging.output.0: MainProcess                     : MainThread     : DEBUG   : start thread
2017-05-30 22:29:53,880: umgr.staging.output.0: MainProcess                     : umgr.staging.output.0.watch: INFO    : child (me) initializing
2017-05-30 22:29:53,880: umgr.staging.output.0: MainProcess                     : umgr.staging.output.0.watch: DEBUG   : ru_initialize_common (NOOP)
2017-05-30 22:29:53,881: umgr.staging.output.0: MainProcess                     : umgr.staging.output.0.watch: DEBUG   : ru_initialize_child (NOOP)
2017-05-30 22:29:53,881: umgr.staging.output.0: MainProcess                     : umgr.staging.output.0.watch: INFO    : send alive
2017-05-30 22:29:53,881: umgr.staging.output.0: MainProcess                     : umgr.staging.output.0.watch: INFO    : send message: alive
2017-05-30 22:29:53,882: umgr.staging.output.0: MainProcess                     : MainThread     : INFO    : recv message: alive
2017-05-30 22:29:53,882: umgr.staging.output.0: MainProcess                     : MainThread     : DEBUG   : ru_initialize_common (NOOP)
2017-05-30 22:29:53,882: umgr.staging.output.0: MainProcess                     : MainThread     : DEBUG   : ru_initialize_parent (NOOP)
2017-05-30 22:29:53,883: umgr.staging.output.0: MainProcess                     : MainThread     : DEBUG   : child thread umgr.staging.output.0.watch started
2017-05-30 22:29:53,883: umgr.staging.output.0: MainProcess                     : MainThread     : INFO    : child is alive
2017-05-30 22:29:53,883: umgr.staging.output.0: MainProcess                     : MainThread     : INFO    : radical.pilot        version: split-81-gf853cc9b@feature-bridges
2017-05-30 22:29:53,932: umgr.staging.output.0: MainProcess                     : MainThread     : INFO    : initialize umgr.staging.output.0
2017-05-30 22:29:53,938: umgr.staging.output.0: MainProcess                     : MainThread     : INFO    : cfg: {'agents': {},
 u'bridges': {u'control_pubsub': {'addr_in': 'tcp://138.201.86.166:41927',
                                  'addr_out': 'tcp://138.201.86.166:42812',
                                  u'bulk_size': 0,
                                  u'log_level': u'debug',
                                  u'stall_hwm': 1},
              u'log_pubsub': {'addr_in': 'tcp://138.201.86.166:41020',
                              'addr_out': 'tcp://138.201.86.166:41079',
                              u'bulk_size': 0,
                              u'log_level': u'debug',
                              u'stall_hwm': 1},
              u'state_pubsub': {'addr_in': 'tcp://138.201.86.166:46272',
                                'addr_out': 'tcp://138.201.86.166:45737',
                                u'bulk_size': 0,
                                u'log_level': u'debug',
                                u'stall_hwm': 1},
              u'umgr_reschedule_pubsub': {'addr_in': 'tcp://138.201.86.166:33987',
                                          'addr_out': 'tcp://138.201.86.166:39723',
                                          u'bulk_size': 0,
                                          u'log_level': u'debug',
                                          u'stall_hwm': 1},
              u'umgr_scheduling_queue': {'addr_in': 'tcp://138.201.86.166:43579',
                                         'addr_out': 'tcp://138.201.86.166:40038',
                                         u'bulk_size': 0,
                                         u'log_level': u'debug',
                                         u'stall_hwm': 1},
              u'umgr_staging_input_queue': {'addr_in': 'tcp://138.201.86.166:45842',
                                            'addr_out': 'tcp://138.201.86.166:45203',
                                            u'bulk_size': 0,
                                            u'log_level': u'debug',
                                            u'stall_hwm': 1},
              u'umgr_staging_output_queue': {'addr_in': 'tcp://138.201.86.166:43027',
                                             'addr_out': 'tcp://138.201.86.166:36206',
                                             u'bulk_size': 0,
                                             u'log_level': u'debug',
                                             u'stall_hwm': 1},
              u'umgr_unschedule_pubsub': {'addr_in': 'tcp://138.201.86.166:42818',
                                          'addr_out': 'tcp://138.201.86.166:38146',
                                          u'bulk_size': 0,
                                          u'log_level': u'debug',
                                          u'stall_hwm': 1}},
 u'bulk_collection_size': 100,
 u'bulk_collection_time': 1.0,
 'cname': u'UMGRStagingOutputComponent',
 u'components': {},
 u'count': 1,
 u'db_poll_sleeptime': 1.0,
 'number': 0,
 'owner': 'umgr.0000',
 u'scheduler': u'round_robin',
 'uid': 'umgr.0000'}
2017-05-30 22:29:53,939: umgr.staging.output.0: MainProcess                     : MainThread     : DEBUG   : START: umgr.staging.output.0 register publisher log_pubsub
2017-05-30 22:29:53,939: umgr.staging.output.0: MainProcess                     : MainThread     : DEBUG   : using addr tcp://138.201.86.166:41020 for pubsub log_pubsub
2017-05-30 22:29:53,940: umgr.staging.output.0: MainProcess                     : MainThread     : DEBUG   : registered publisher : log_pubsub : log.pubsub.pub
2017-05-30 22:29:53,941: umgr.staging.output.0: MainProcess                     : MainThread     : DEBUG   : START: umgr.staging.output.0 register publisher state_pubsub
2017-05-30 22:29:53,941: umgr.staging.output.0: MainProcess                     : MainThread     : DEBUG   : using addr tcp://138.201.86.166:46272 for pubsub state_pubsub
2017-05-30 22:29:53,944: umgr.staging.output.0: MainProcess                     : MainThread     : DEBUG   : registered publisher : state_pubsub : state.pubsub.pub
2017-05-30 22:29:53,945: umgr.staging.output.0: MainProcess                     : MainThread     : DEBUG   : START: umgr.staging.output.0 register publisher control_pubsub
2017-05-30 22:29:53,945: umgr.staging.output.0: MainProcess                     : MainThread     : DEBUG   : using addr tcp://138.201.86.166:41927 for pubsub control_pubsub
2017-05-30 22:29:53,946: umgr.staging.output.0: MainProcess                     : MainThread     : DEBUG   : registered publisher : control_pubsub : control.pubsub.pub
2017-05-30 22:29:53,946: umgr.staging.output.0: MainProcess                     : MainThread     : DEBUG   : child process started
2017-05-30 22:37:29,252: umgr.staging.output.0: MainProcess                     : MainThread     : DEBUG   : stop umgr.staging.output.0 (24564 : 28901 : MainThread) [radical.pilot.unit_manager.UnitManager.finalize_parent]
2017-05-30 22:37:29,252: umgr.staging.output.0: MainProcess                     : MainThread     : INFO    : parent stops child
2017-05-30 22:37:29,252: umgr.staging.output.0: MainProcess                     : MainThread     : DEBUG   : ru_finalize_common()
2017-05-30 22:37:29,252: umgr.staging.output.0: MainProcess                     : MainThread     : DEBUG   : TERM : umgr.staging.output.0 unregister publisher state_pubsub
2017-05-30 22:37:29,254: umgr.staging.output.0: MainProcess                     : MainThread     : DEBUG   : unregistered publisher state_pubsub
2017-05-30 22:37:29,254: umgr.staging.output.0: MainProcess                     : MainThread     : DEBUG   : TERM : umgr.staging.output.0 unregister publisher control_pubsub
2017-05-30 22:37:29,254: umgr.staging.output.0: MainProcess                     : MainThread     : DEBUG   : unregistered publisher control_pubsub
2017-05-30 22:37:29,255: umgr.staging.output.0: MainProcess                     : MainThread     : DEBUG   : umgr.staging.output.0 close prof
2017-05-30 22:37:29,255: umgr.staging.output.0: MainProcess                     : MainThread     : INFO    : parent stops child
2017-05-30 22:37:29,255: umgr.staging.output.0: MainProcess                     : MainThread     : DEBUG   : ru_finalize_parent (NOOP)
2017-05-30 22:37:29,255: umgr.staging.output.0: MainProcess                     : MainThread     : DEBUG   : ru_finalize_common (NOOP)
2017-05-30 22:37:29,312: umgr.staging.output.0: MainProcess                     : umgr.staging.output.0.watch: INFO    : send message: work finished
2017-05-30 22:37:29,313: umgr.staging.output.0: MainProcess                     : umgr.staging.output.0.watch: DEBUG   : ru_finalize_child (NOOP)
2017-05-30 22:37:29,313: umgr.staging.output.0: MainProcess                     : umgr.staging.output.0.watch: DEBUG   : ru_finalize_common (NOOP)
2017-05-30 22:37:29,313: umgr.staging.output.0: MainProcess                     : umgr.staging.output.0.watch: INFO    : send message: terminating
2017-05-30 22:37:29,420: umgr.staging.output.0: MainProcess                     : MainThread     : WARNING : failed to stop child - terminate
2017-05-30 22:37:39,858: umgr.staging.output.0: MainProcess                     : MainThread     : INFO    : radical.pilot        version: split-81-gf853cc9b@feature-bridges
2017-05-30 22:37:39,859: umgr.staging.output.0: MainProcess                     : MainThread     : DEBUG   : start process
2017-05-30 22:37:39,876: umgr.staging.output.0: umgr.staging.output.0           : MainThread     : INFO    : child (me) initializing
2017-05-30 22:37:39,876: umgr.staging.output.0: umgr.staging.output.0           : MainThread     : DEBUG   : start thread
2017-05-30 22:37:39,876: umgr.staging.output.0: umgr.staging.output.0           : umgr.staging.output.0.child.watch: INFO    : child (me) initializing
2017-05-30 22:37:39,876: umgr.staging.output.0: umgr.staging.output.0           : umgr.staging.output.0.child.watch: DEBUG   : ru_initialize_common (NOOP)
2017-05-30 22:37:39,876: umgr.staging.output.0: umgr.staging.output.0           : umgr.staging.output.0.child.watch: DEBUG   : ru_initialize_child (NOOP)
2017-05-30 22:37:39,876: umgr.staging.output.0: umgr.staging.output.0           : umgr.staging.output.0.child.watch: INFO    : send alive
2017-05-30 22:37:39,876: umgr.staging.output.0: umgr.staging.output.0           : umgr.staging.output.0.child.watch: INFO    : send message: alive
2017-05-30 22:37:39,877: umgr.staging.output.0: umgr.staging.output.0           : MainThread     : INFO    : recv message: alive
2017-05-30 22:37:39,877: umgr.staging.output.0: umgr.staging.output.0           : MainThread     : DEBUG   : ru_initialize_common (NOOP)
2017-05-30 22:37:39,878: umgr.staging.output.0: umgr.staging.output.0           : MainThread     : DEBUG   : ru_initialize_parent (NOOP)
2017-05-30 22:37:39,878: umgr.staging.output.0: umgr.staging.output.0           : MainThread     : DEBUG   : child thread umgr.staging.output.0.child.watch started
2017-05-30 22:37:39,878: umgr.staging.output.0: umgr.staging.output.0           : MainThread     : INFO    : child (me) is alive
2017-05-30 22:37:39,902: umgr.staging.output.0: umgr.staging.output.0           : MainThread     : INFO    : send alive
2017-05-30 22:37:39,902: umgr.staging.output.0: umgr.staging.output.0           : MainThread     : INFO    : send message: alive
2017-05-30 22:37:39,902: umgr.staging.output.0: MainProcess                     : MainThread     : INFO    : recv message: alive
2017-05-30 22:37:39,903: umgr.staging.output.0: MainProcess                     : MainThread     : DEBUG   : start thread
2017-05-30 22:37:39,903: umgr.staging.output.0: MainProcess                     : umgr.staging.output.0.watch: INFO    : child (me) initializing
2017-05-30 22:37:39,903: umgr.staging.output.0: MainProcess                     : umgr.staging.output.0.watch: DEBUG   : ru_initialize_common (NOOP)
2017-05-30 22:37:39,903: umgr.staging.output.0: MainProcess                     : umgr.staging.output.0.watch: DEBUG   : ru_initialize_child (NOOP)
2017-05-30 22:37:39,903: umgr.staging.output.0: MainProcess                     : umgr.staging.output.0.watch: INFO    : send alive
2017-05-30 22:37:39,903: umgr.staging.output.0: MainProcess                     : umgr.staging.output.0.watch: INFO    : send message: alive
2017-05-30 22:37:39,904: umgr.staging.output.0: MainProcess                     : MainThread     : INFO    : recv message: alive
2017-05-30 22:37:39,904: umgr.staging.output.0: MainProcess                     : MainThread     : DEBUG   : ru_initialize_common (NOOP)
2017-05-30 22:37:39,904: umgr.staging.output.0: MainProcess                     : MainThread     : DEBUG   : ru_initialize_parent (NOOP)
2017-05-30 22:37:39,904: umgr.staging.output.0: MainProcess                     : MainThread     : DEBUG   : child thread umgr.staging.output.0.watch started
2017-05-30 22:37:39,904: umgr.staging.output.0: MainProcess                     : MainThread     : INFO    : child is alive
2017-05-30 22:37:39,904: umgr.staging.output.0: MainProcess                     : MainThread     : INFO    : radical.pilot        version: split-81-gf853cc9b@feature-bridges
2017-05-30 22:37:40,907: umgr.staging.output.0: MainProcess                     : MainThread     : INFO    : initialize umgr.staging.output.0
2017-05-30 22:37:40,914: umgr.staging.output.0: MainProcess                     : MainThread     : INFO    : cfg: {'agents': {},
 u'bridges': {u'control_pubsub': {'addr_in': 'tcp://138.201.86.166:36013',
                                  'addr_out': 'tcp://138.201.86.166:41895',
                                  u'bulk_size': 0,
                                  u'log_level': u'debug',
                                  u'stall_hwm': 1},
              u'log_pubsub': {'addr_in': 'tcp://138.201.86.166:40071',
                              'addr_out': 'tcp://138.201.86.166:40218',
                              u'bulk_size': 0,
                              u'log_level': u'debug',
                              u'stall_hwm': 1},
              u'state_pubsub': {'addr_in': 'tcp://138.201.86.166:40800',
                                'addr_out': 'tcp://138.201.86.166:37247',
                                u'bulk_size': 0,
                                u'log_level': u'debug',
                                u'stall_hwm': 1},
              u'umgr_reschedule_pubsub': {'addr_in': 'tcp://138.201.86.166:41144',
                                          'addr_out': 'tcp://138.201.86.166:35293',
                                          u'bulk_size': 0,
                                          u'log_level': u'debug',
                                          u'stall_hwm': 1},
              u'umgr_scheduling_queue': {'addr_in': 'tcp://138.201.86.166:39288',
                                         'addr_out': 'tcp://138.201.86.166:40893',
                                         u'bulk_size': 0,
                                         u'log_level': u'debug',
                                         u'stall_hwm': 1},
              u'umgr_staging_input_queue': {'addr_in': 'tcp://138.201.86.166:37622',
                                            'addr_out': 'tcp://138.201.86.166:45659',
                                            u'bulk_size': 0,
                                            u'log_level': u'debug',
                                            u'stall_hwm': 1},
              u'umgr_staging_output_queue': {'addr_in': 'tcp://138.201.86.166:41366',
                                             'addr_out': 'tcp://138.201.86.166:35628',
                                             u'bulk_size': 0,
                                             u'log_level': u'debug',
                                             u'stall_hwm': 1},
              u'umgr_unschedule_pubsub': {'addr_in': 'tcp://138.201.86.166:42385',
                                          'addr_out': 'tcp://138.201.86.166:46461',
                                          u'bulk_size': 0,
                                          u'log_level': u'debug',
                                          u'stall_hwm': 1}},
 u'bulk_collection_size': 100,
 u'bulk_collection_time': 1.0,
 'cname': u'UMGRStagingOutputComponent',
 u'components': {},
 u'count': 1,
 u'db_poll_sleeptime': 1.0,
 'number': 0,
 'owner': 'umgr.0000',
 u'scheduler': u'round_robin',
 'uid': 'umgr.0000'}
2017-05-30 22:37:40,915: umgr.staging.output.0: MainProcess                     : MainThread     : DEBUG   : START: umgr.staging.output.0 register publisher log_pubsub
2017-05-30 22:37:40,915: umgr.staging.output.0: MainProcess                     : MainThread     : DEBUG   : using addr tcp://138.201.86.166:40071 for pubsub log_pubsub
2017-05-30 22:37:40,917: umgr.staging.output.0: MainProcess                     : MainThread     : DEBUG   : registered publisher : log_pubsub : log.pubsub.pub
2017-05-30 22:37:40,917: umgr.staging.output.0: MainProcess                     : MainThread     : DEBUG   : START: umgr.staging.output.0 register publisher state_pubsub
2017-05-30 22:37:40,917: umgr.staging.output.0: MainProcess                     : MainThread     : DEBUG   : using addr tcp://138.201.86.166:40800 for pubsub state_pubsub
2017-05-30 22:37:40,919: umgr.staging.output.0: MainProcess                     : MainThread     : DEBUG   : registered publisher : state_pubsub : state.pubsub.pub
2017-05-30 22:37:40,919: umgr.staging.output.0: MainProcess                     : MainThread     : DEBUG   : START: umgr.staging.output.0 register publisher control_pubsub
2017-05-30 22:37:40,919: umgr.staging.output.0: MainProcess                     : MainThread     : DEBUG   : using addr tcp://138.201.86.166:36013 for pubsub control_pubsub
2017-05-30 22:37:40,921: umgr.staging.output.0: MainProcess                     : MainThread     : DEBUG   : registered publisher : control_pubsub : control.pubsub.pub
2017-05-30 22:37:40,921: umgr.staging.output.0: MainProcess                     : MainThread     : DEBUG   : child process started
2017-05-30 22:45:22,200: umgr.staging.output.0: MainProcess                     : MainThread     : DEBUG   : stop umgr.staging.output.0 (24564 : 31389 : MainThread) [radical.pilot.unit_manager.UnitManager.finalize_parent]
2017-05-30 22:45:22,200: umgr.staging.output.0: MainProcess                     : MainThread     : INFO    : parent stops child
2017-05-30 22:45:22,200: umgr.staging.output.0: MainProcess                     : MainThread     : DEBUG   : ru_finalize_common()
2017-05-30 22:45:22,200: umgr.staging.output.0: MainProcess                     : MainThread     : DEBUG   : TERM : umgr.staging.output.0 unregister publisher state_pubsub
2017-05-30 22:45:22,201: umgr.staging.output.0: MainProcess                     : MainThread     : DEBUG   : unregistered publisher state_pubsub
2017-05-30 22:45:22,201: umgr.staging.output.0: MainProcess                     : MainThread     : DEBUG   : TERM : umgr.staging.output.0 unregister publisher control_pubsub
2017-05-30 22:45:22,202: umgr.staging.output.0: MainProcess                     : MainThread     : DEBUG   : unregistered publisher control_pubsub
2017-05-30 22:45:22,202: umgr.staging.output.0: MainProcess                     : MainThread     : DEBUG   : umgr.staging.output.0 close prof
2017-05-30 22:45:22,203: umgr.staging.output.0: MainProcess                     : MainThread     : INFO    : parent stops child
2017-05-30 22:45:22,203: umgr.staging.output.0: MainProcess                     : MainThread     : DEBUG   : ru_finalize_parent (NOOP)
2017-05-30 22:45:22,203: umgr.staging.output.0: MainProcess                     : MainThread     : DEBUG   : ru_finalize_common (NOOP)
2017-05-30 22:45:22,221: umgr.staging.output.0: MainProcess                     : umgr.staging.output.0.watch: INFO    : send message: work finished
2017-05-30 22:45:22,222: umgr.staging.output.0: MainProcess                     : umgr.staging.output.0.watch: DEBUG   : ru_finalize_child (NOOP)
2017-05-30 22:45:22,222: umgr.staging.output.0: MainProcess                     : umgr.staging.output.0.watch: DEBUG   : ru_finalize_common (NOOP)
2017-05-30 22:45:22,222: umgr.staging.output.0: MainProcess                     : umgr.staging.output.0.watch: INFO    : send message: terminating
2017-05-30 22:45:22,335: umgr.staging.output.0: MainProcess                     : MainThread     : WARNING : failed to stop child - terminate
