2017-05-30 22:15:15,914: umgr.staging.input.queue.bridge: MainProcess                     : MainThread     : INFO    : python.interpreter   version: 2.7.12 (default, Nov 19 2016, 06:48:10) [GCC 5.4.0 20160609]
2017-05-30 22:15:15,914: umgr.staging.input.queue.bridge: MainProcess                     : MainThread     : INFO    :                      pid: 24564
2017-05-30 22:15:15,914: umgr.staging.input.queue.bridge: MainProcess                     : MainThread     : INFO    :                      tid: MainThread
2017-05-30 22:15:15,914: umgr.staging.input.queue.bridge: MainProcess                     : MainThread     : INFO    : radical.pilot        version: split-81-gf853cc9b@feature-bridges
2017-05-30 22:15:15,915: umgr.staging.input.queue.bridge: MainProcess                     : MainThread     : INFO    : create umgr_staging_input_queue - bridge - tcp://*:*
2017-05-30 22:15:15,915: umgr.staging.input.queue.bridge: MainProcess                     : MainThread     : DEBUG   : start process
2017-05-30 22:15:15,922: umgr.staging.input.queue.bridge: umgr.staging.input.queue.bridge : MainThread     : INFO    : child (me) initializing
2017-05-30 22:15:15,922: umgr.staging.input.queue.bridge: umgr.staging.input.queue.bridge : MainThread     : DEBUG   : start thread
2017-05-30 22:15:15,923: umgr.staging.input.queue.bridge: umgr.staging.input.queue.bridge : umgr.staging.input.queue.bridge.child.watch: INFO    : child (me) initializing
2017-05-30 22:15:15,923: umgr.staging.input.queue.bridge: umgr.staging.input.queue.bridge : umgr.staging.input.queue.bridge.child.watch: DEBUG   : ru_initialize_common (NOOP)
2017-05-30 22:15:15,923: umgr.staging.input.queue.bridge: umgr.staging.input.queue.bridge : umgr.staging.input.queue.bridge.child.watch: DEBUG   : ru_initialize_child (NOOP)
2017-05-30 22:15:15,923: umgr.staging.input.queue.bridge: umgr.staging.input.queue.bridge : umgr.staging.input.queue.bridge.child.watch: INFO    : send alive
2017-05-30 22:15:15,923: umgr.staging.input.queue.bridge: umgr.staging.input.queue.bridge : umgr.staging.input.queue.bridge.child.watch: INFO    : send message: alive
2017-05-30 22:15:15,924: umgr.staging.input.queue.bridge: umgr.staging.input.queue.bridge : MainThread     : INFO    : recv message: alive
2017-05-30 22:15:15,925: umgr.staging.input.queue.bridge: umgr.staging.input.queue.bridge : MainThread     : DEBUG   : ru_initialize_common (NOOP)
2017-05-30 22:15:15,925: umgr.staging.input.queue.bridge: umgr.staging.input.queue.bridge : MainThread     : DEBUG   : ru_initialize_parent (NOOP)
2017-05-30 22:15:15,925: umgr.staging.input.queue.bridge: umgr.staging.input.queue.bridge : MainThread     : DEBUG   : child thread umgr.staging.input.queue.bridge.child.watch started
2017-05-30 22:15:15,925: umgr.staging.input.queue.bridge: umgr.staging.input.queue.bridge : MainThread     : INFO    : child (me) is alive
2017-05-30 22:15:15,925: umgr.staging.input.queue.bridge: umgr.staging.input.queue.bridge : MainThread     : DEBUG   : ru_initialize_common (NOOP)
2017-05-30 22:15:15,928: umgr.staging.input.queue.bridge: umgr.staging.input.queue.bridge.child: MainThread     : INFO    : send alive
2017-05-30 22:15:15,928: umgr.staging.input.queue.bridge: umgr.staging.input.queue.bridge.child: MainThread     : INFO    : send message: alive
2017-05-30 22:15:15,929: umgr.staging.input.queue.bridge: MainProcess                     : MainThread     : INFO    : recv message: alive
2017-05-30 22:15:15,929: umgr.staging.input.queue.bridge: MainProcess                     : MainThread     : DEBUG   : start thread
2017-05-30 22:15:15,930: umgr.staging.input.queue.bridge: MainProcess                     : umgr.staging.input.queue.bridge.watch: INFO    : child (me) initializing
2017-05-30 22:15:15,930: umgr.staging.input.queue.bridge: MainProcess                     : umgr.staging.input.queue.bridge.watch: DEBUG   : ru_initialize_common (NOOP)
2017-05-30 22:15:15,930: umgr.staging.input.queue.bridge: MainProcess                     : umgr.staging.input.queue.bridge.watch: DEBUG   : ru_initialize_child (NOOP)
2017-05-30 22:15:15,930: umgr.staging.input.queue.bridge: MainProcess                     : umgr.staging.input.queue.bridge.watch: INFO    : send alive
2017-05-30 22:15:15,930: umgr.staging.input.queue.bridge: MainProcess                     : umgr.staging.input.queue.bridge.watch: INFO    : send message: alive
2017-05-30 22:15:15,931: umgr.staging.input.queue.bridge: MainProcess                     : MainThread     : INFO    : recv message: alive
2017-05-30 22:15:15,931: umgr.staging.input.queue.bridge: MainProcess                     : MainThread     : DEBUG   : ru_initialize_common (NOOP)
2017-05-30 22:15:15,931: umgr.staging.input.queue.bridge: MainProcess                     : MainThread     : DEBUG   : ru_initialize_parent (NOOP)
2017-05-30 22:15:15,932: umgr.staging.input.queue.bridge: MainProcess                     : MainThread     : DEBUG   : child thread umgr.staging.input.queue.bridge.watch started
2017-05-30 22:15:15,932: umgr.staging.input.queue.bridge: MainProcess                     : MainThread     : INFO    : child is alive
2017-05-30 22:15:15,932: umgr.staging.input.queue.bridge: MainProcess                     : MainThread     : DEBUG   : ru_initialize_common (NOOP)
2017-05-30 22:15:15,932: umgr.staging.input.queue.bridge: MainProcess                     : MainThread     : DEBUG   : ru_initialize_parent (NOOP)
2017-05-30 22:15:15,932: umgr.staging.input.queue.bridge: MainProcess                     : MainThread     : DEBUG   : child process started
2017-05-30 22:21:52,637: umgr.staging.input.queue.bridge: MainProcess                     : MainThread     : INFO    : parent stops child
2017-05-30 22:21:52,637: umgr.staging.input.queue.bridge: MainProcess                     : MainThread     : DEBUG   : ru_finalize_parent (NOOP)
2017-05-30 22:21:52,637: umgr.staging.input.queue.bridge: MainProcess                     : MainThread     : DEBUG   : ru_finalize_common (NOOP)
2017-05-30 22:21:52,637: umgr.staging.input.queue.bridge: MainProcess                     : MainThread     : INFO    : parent stops child
2017-05-30 22:21:52,637: umgr.staging.input.queue.bridge: MainProcess                     : MainThread     : DEBUG   : ru_finalize_parent (NOOP)
2017-05-30 22:21:52,638: umgr.staging.input.queue.bridge: MainProcess                     : MainThread     : DEBUG   : ru_finalize_common (NOOP)
2017-05-30 22:21:52,718: umgr.staging.input.queue.bridge: MainProcess                     : umgr.staging.input.queue.bridge.watch: INFO    : send message: work finished
2017-05-30 22:21:52,719: umgr.staging.input.queue.bridge: MainProcess                     : umgr.staging.input.queue.bridge.watch: DEBUG   : ru_finalize_child (NOOP)
2017-05-30 22:21:52,719: umgr.staging.input.queue.bridge: MainProcess                     : umgr.staging.input.queue.bridge.watch: DEBUG   : ru_finalize_common (NOOP)
2017-05-30 22:21:52,719: umgr.staging.input.queue.bridge: MainProcess                     : umgr.staging.input.queue.bridge.watch: INFO    : send message: terminating
2017-05-30 22:21:52,852: umgr.staging.input.queue.bridge: MainProcess                     : MainThread     : WARNING : failed to stop child - terminate
2017-05-30 22:22:00,245: umgr.staging.input.queue.bridge: MainProcess                     : MainThread     : INFO    : radical.pilot        version: split-81-gf853cc9b@feature-bridges
2017-05-30 22:22:00,245: umgr.staging.input.queue.bridge: MainProcess                     : MainThread     : INFO    : create umgr_staging_input_queue - bridge - tcp://*:*
2017-05-30 22:22:00,245: umgr.staging.input.queue.bridge: MainProcess                     : MainThread     : DEBUG   : start process
2017-05-30 22:22:00,251: umgr.staging.input.queue.bridge: umgr.staging.input.queue.bridge : MainThread     : INFO    : child (me) initializing
2017-05-30 22:22:00,251: umgr.staging.input.queue.bridge: umgr.staging.input.queue.bridge : MainThread     : DEBUG   : start thread
2017-05-30 22:22:00,251: umgr.staging.input.queue.bridge: umgr.staging.input.queue.bridge : umgr.staging.input.queue.bridge.child.watch: INFO    : child (me) initializing
2017-05-30 22:22:00,251: umgr.staging.input.queue.bridge: umgr.staging.input.queue.bridge : umgr.staging.input.queue.bridge.child.watch: DEBUG   : ru_initialize_common (NOOP)
2017-05-30 22:22:00,252: umgr.staging.input.queue.bridge: umgr.staging.input.queue.bridge : umgr.staging.input.queue.bridge.child.watch: DEBUG   : ru_initialize_child (NOOP)
2017-05-30 22:22:00,252: umgr.staging.input.queue.bridge: umgr.staging.input.queue.bridge : umgr.staging.input.queue.bridge.child.watch: INFO    : send alive
2017-05-30 22:22:00,252: umgr.staging.input.queue.bridge: umgr.staging.input.queue.bridge : umgr.staging.input.queue.bridge.child.watch: INFO    : send message: alive
2017-05-30 22:22:00,252: umgr.staging.input.queue.bridge: umgr.staging.input.queue.bridge : MainThread     : INFO    : recv message: alive
2017-05-30 22:22:00,252: umgr.staging.input.queue.bridge: umgr.staging.input.queue.bridge : MainThread     : DEBUG   : ru_initialize_common (NOOP)
2017-05-30 22:22:00,252: umgr.staging.input.queue.bridge: umgr.staging.input.queue.bridge : MainThread     : DEBUG   : ru_initialize_parent (NOOP)
2017-05-30 22:22:00,253: umgr.staging.input.queue.bridge: umgr.staging.input.queue.bridge : MainThread     : DEBUG   : child thread umgr.staging.input.queue.bridge.child.watch started
2017-05-30 22:22:00,253: umgr.staging.input.queue.bridge: umgr.staging.input.queue.bridge : MainThread     : INFO    : child (me) is alive
2017-05-30 22:22:00,253: umgr.staging.input.queue.bridge: umgr.staging.input.queue.bridge : MainThread     : DEBUG   : ru_initialize_common (NOOP)
2017-05-30 22:22:00,255: umgr.staging.input.queue.bridge: umgr.staging.input.queue.bridge.child: MainThread     : INFO    : send alive
2017-05-30 22:22:00,255: umgr.staging.input.queue.bridge: umgr.staging.input.queue.bridge.child: MainThread     : INFO    : send message: alive
2017-05-30 22:22:00,255: umgr.staging.input.queue.bridge: MainProcess                     : MainThread     : INFO    : recv message: alive
2017-05-30 22:22:00,255: umgr.staging.input.queue.bridge: MainProcess                     : MainThread     : DEBUG   : start thread
2017-05-30 22:22:00,255: umgr.staging.input.queue.bridge: MainProcess                     : umgr.staging.input.queue.bridge.watch: INFO    : child (me) initializing
2017-05-30 22:22:00,255: umgr.staging.input.queue.bridge: MainProcess                     : umgr.staging.input.queue.bridge.watch: DEBUG   : ru_initialize_common (NOOP)
2017-05-30 22:22:00,255: umgr.staging.input.queue.bridge: MainProcess                     : umgr.staging.input.queue.bridge.watch: DEBUG   : ru_initialize_child (NOOP)
2017-05-30 22:22:00,255: umgr.staging.input.queue.bridge: MainProcess                     : umgr.staging.input.queue.bridge.watch: INFO    : send alive
2017-05-30 22:22:00,256: umgr.staging.input.queue.bridge: MainProcess                     : umgr.staging.input.queue.bridge.watch: INFO    : send message: alive
2017-05-30 22:22:00,257: umgr.staging.input.queue.bridge: MainProcess                     : MainThread     : INFO    : recv message: alive
2017-05-30 22:22:00,257: umgr.staging.input.queue.bridge: MainProcess                     : MainThread     : DEBUG   : ru_initialize_common (NOOP)
2017-05-30 22:22:00,257: umgr.staging.input.queue.bridge: MainProcess                     : MainThread     : DEBUG   : ru_initialize_parent (NOOP)
2017-05-30 22:22:00,257: umgr.staging.input.queue.bridge: MainProcess                     : MainThread     : DEBUG   : child thread umgr.staging.input.queue.bridge.watch started
2017-05-30 22:22:00,257: umgr.staging.input.queue.bridge: MainProcess                     : MainThread     : INFO    : child is alive
2017-05-30 22:22:00,257: umgr.staging.input.queue.bridge: MainProcess                     : MainThread     : DEBUG   : ru_initialize_common (NOOP)
2017-05-30 22:22:00,257: umgr.staging.input.queue.bridge: MainProcess                     : MainThread     : DEBUG   : ru_initialize_parent (NOOP)
2017-05-30 22:22:00,257: umgr.staging.input.queue.bridge: MainProcess                     : MainThread     : DEBUG   : child process started
2017-05-30 22:29:36,714: umgr.staging.input.queue.bridge: MainProcess                     : MainThread     : INFO    : parent stops child
2017-05-30 22:29:36,714: umgr.staging.input.queue.bridge: MainProcess                     : MainThread     : DEBUG   : ru_finalize_parent (NOOP)
2017-05-30 22:29:36,714: umgr.staging.input.queue.bridge: MainProcess                     : MainThread     : DEBUG   : ru_finalize_common (NOOP)
2017-05-30 22:29:36,714: umgr.staging.input.queue.bridge: MainProcess                     : MainThread     : INFO    : parent stops child
2017-05-30 22:29:36,714: umgr.staging.input.queue.bridge: MainProcess                     : MainThread     : DEBUG   : ru_finalize_parent (NOOP)
2017-05-30 22:29:36,715: umgr.staging.input.queue.bridge: MainProcess                     : MainThread     : DEBUG   : ru_finalize_common (NOOP)
2017-05-30 22:29:36,786: umgr.staging.input.queue.bridge: MainProcess                     : umgr.staging.input.queue.bridge.watch: INFO    : send message: work finished
2017-05-30 22:29:36,786: umgr.staging.input.queue.bridge: MainProcess                     : umgr.staging.input.queue.bridge.watch: DEBUG   : ru_finalize_child (NOOP)
2017-05-30 22:29:36,787: umgr.staging.input.queue.bridge: MainProcess                     : umgr.staging.input.queue.bridge.watch: DEBUG   : ru_finalize_common (NOOP)
2017-05-30 22:29:36,787: umgr.staging.input.queue.bridge: MainProcess                     : umgr.staging.input.queue.bridge.watch: INFO    : send message: terminating
2017-05-30 22:29:36,930: umgr.staging.input.queue.bridge: MainProcess                     : MainThread     : WARNING : failed to stop child - terminate
2017-05-30 22:29:53,499: umgr.staging.input.queue.bridge: MainProcess                     : MainThread     : INFO    : radical.pilot        version: split-81-gf853cc9b@feature-bridges
2017-05-30 22:29:53,500: umgr.staging.input.queue.bridge: MainProcess                     : MainThread     : INFO    : create umgr_staging_input_queue - bridge - tcp://*:*
2017-05-30 22:29:53,500: umgr.staging.input.queue.bridge: MainProcess                     : MainThread     : DEBUG   : start process
2017-05-30 22:29:53,518: umgr.staging.input.queue.bridge: umgr.staging.input.queue.bridge : MainThread     : INFO    : child (me) initializing
2017-05-30 22:29:53,519: umgr.staging.input.queue.bridge: umgr.staging.input.queue.bridge : MainThread     : DEBUG   : start thread
2017-05-30 22:29:53,519: umgr.staging.input.queue.bridge: umgr.staging.input.queue.bridge : umgr.staging.input.queue.bridge.child.watch: INFO    : child (me) initializing
2017-05-30 22:29:53,520: umgr.staging.input.queue.bridge: umgr.staging.input.queue.bridge : umgr.staging.input.queue.bridge.child.watch: DEBUG   : ru_initialize_common (NOOP)
2017-05-30 22:29:53,520: umgr.staging.input.queue.bridge: umgr.staging.input.queue.bridge : umgr.staging.input.queue.bridge.child.watch: DEBUG   : ru_initialize_child (NOOP)
2017-05-30 22:29:53,520: umgr.staging.input.queue.bridge: umgr.staging.input.queue.bridge : umgr.staging.input.queue.bridge.child.watch: INFO    : send alive
2017-05-30 22:29:53,520: umgr.staging.input.queue.bridge: umgr.staging.input.queue.bridge : umgr.staging.input.queue.bridge.child.watch: INFO    : send message: alive
2017-05-30 22:29:53,521: umgr.staging.input.queue.bridge: umgr.staging.input.queue.bridge : MainThread     : INFO    : recv message: alive
2017-05-30 22:29:53,521: umgr.staging.input.queue.bridge: umgr.staging.input.queue.bridge : MainThread     : DEBUG   : ru_initialize_common (NOOP)
2017-05-30 22:29:53,521: umgr.staging.input.queue.bridge: umgr.staging.input.queue.bridge : MainThread     : DEBUG   : ru_initialize_parent (NOOP)
2017-05-30 22:29:53,521: umgr.staging.input.queue.bridge: umgr.staging.input.queue.bridge : MainThread     : DEBUG   : child thread umgr.staging.input.queue.bridge.child.watch started
2017-05-30 22:29:53,522: umgr.staging.input.queue.bridge: umgr.staging.input.queue.bridge : MainThread     : INFO    : child (me) is alive
2017-05-30 22:29:53,522: umgr.staging.input.queue.bridge: umgr.staging.input.queue.bridge : MainThread     : DEBUG   : ru_initialize_common (NOOP)
2017-05-30 22:29:53,527: umgr.staging.input.queue.bridge: umgr.staging.input.queue.bridge.child: MainThread     : INFO    : send alive
2017-05-30 22:29:53,527: umgr.staging.input.queue.bridge: umgr.staging.input.queue.bridge.child: MainThread     : INFO    : send message: alive
2017-05-30 22:29:53,528: umgr.staging.input.queue.bridge: MainProcess                     : MainThread     : INFO    : recv message: alive
2017-05-30 22:29:53,529: umgr.staging.input.queue.bridge: MainProcess                     : MainThread     : DEBUG   : start thread
2017-05-30 22:29:53,529: umgr.staging.input.queue.bridge: MainProcess                     : umgr.staging.input.queue.bridge.watch: INFO    : child (me) initializing
2017-05-30 22:29:53,530: umgr.staging.input.queue.bridge: MainProcess                     : umgr.staging.input.queue.bridge.watch: DEBUG   : ru_initialize_common (NOOP)
2017-05-30 22:29:53,530: umgr.staging.input.queue.bridge: MainProcess                     : umgr.staging.input.queue.bridge.watch: DEBUG   : ru_initialize_child (NOOP)
2017-05-30 22:29:53,530: umgr.staging.input.queue.bridge: MainProcess                     : umgr.staging.input.queue.bridge.watch: INFO    : send alive
2017-05-30 22:29:53,530: umgr.staging.input.queue.bridge: MainProcess                     : umgr.staging.input.queue.bridge.watch: INFO    : send message: alive
2017-05-30 22:29:53,531: umgr.staging.input.queue.bridge: MainProcess                     : MainThread     : INFO    : recv message: alive
2017-05-30 22:29:53,531: umgr.staging.input.queue.bridge: MainProcess                     : MainThread     : DEBUG   : ru_initialize_common (NOOP)
2017-05-30 22:29:53,531: umgr.staging.input.queue.bridge: MainProcess                     : MainThread     : DEBUG   : ru_initialize_parent (NOOP)
2017-05-30 22:29:53,531: umgr.staging.input.queue.bridge: MainProcess                     : MainThread     : DEBUG   : child thread umgr.staging.input.queue.bridge.watch started
2017-05-30 22:29:53,531: umgr.staging.input.queue.bridge: MainProcess                     : MainThread     : INFO    : child is alive
2017-05-30 22:29:53,532: umgr.staging.input.queue.bridge: MainProcess                     : MainThread     : DEBUG   : ru_initialize_common (NOOP)
2017-05-30 22:29:53,532: umgr.staging.input.queue.bridge: MainProcess                     : MainThread     : DEBUG   : ru_initialize_parent (NOOP)
2017-05-30 22:29:53,532: umgr.staging.input.queue.bridge: MainProcess                     : MainThread     : DEBUG   : child process started
2017-05-30 22:37:29,879: umgr.staging.input.queue.bridge: MainProcess                     : MainThread     : INFO    : parent stops child
2017-05-30 22:37:29,880: umgr.staging.input.queue.bridge: MainProcess                     : MainThread     : DEBUG   : ru_finalize_parent (NOOP)
2017-05-30 22:37:29,880: umgr.staging.input.queue.bridge: MainProcess                     : MainThread     : DEBUG   : ru_finalize_common (NOOP)
2017-05-30 22:37:29,880: umgr.staging.input.queue.bridge: MainProcess                     : MainThread     : INFO    : parent stops child
2017-05-30 22:37:29,880: umgr.staging.input.queue.bridge: MainProcess                     : MainThread     : DEBUG   : ru_finalize_parent (NOOP)
2017-05-30 22:37:29,880: umgr.staging.input.queue.bridge: MainProcess                     : MainThread     : DEBUG   : ru_finalize_common (NOOP)
2017-05-30 22:37:29,970: umgr.staging.input.queue.bridge: MainProcess                     : umgr.staging.input.queue.bridge.watch: INFO    : send message: work finished
2017-05-30 22:37:29,970: umgr.staging.input.queue.bridge: MainProcess                     : umgr.staging.input.queue.bridge.watch: DEBUG   : ru_finalize_child (NOOP)
2017-05-30 22:37:29,970: umgr.staging.input.queue.bridge: MainProcess                     : umgr.staging.input.queue.bridge.watch: DEBUG   : ru_finalize_common (NOOP)
2017-05-30 22:37:29,971: umgr.staging.input.queue.bridge: MainProcess                     : umgr.staging.input.queue.bridge.watch: INFO    : send message: terminating
2017-05-30 22:37:30,095: umgr.staging.input.queue.bridge: MainProcess                     : MainThread     : WARNING : failed to stop child - terminate
2017-05-30 22:37:38,759: umgr.staging.input.queue.bridge: MainProcess                     : MainThread     : INFO    : radical.pilot        version: split-81-gf853cc9b@feature-bridges
2017-05-30 22:37:38,759: umgr.staging.input.queue.bridge: MainProcess                     : MainThread     : INFO    : create umgr_staging_input_queue - bridge - tcp://*:*
2017-05-30 22:37:38,760: umgr.staging.input.queue.bridge: MainProcess                     : MainThread     : DEBUG   : start process
2017-05-30 22:37:38,768: umgr.staging.input.queue.bridge: umgr.staging.input.queue.bridge : MainThread     : INFO    : child (me) initializing
2017-05-30 22:37:38,768: umgr.staging.input.queue.bridge: umgr.staging.input.queue.bridge : MainThread     : DEBUG   : start thread
2017-05-30 22:37:38,768: umgr.staging.input.queue.bridge: umgr.staging.input.queue.bridge : umgr.staging.input.queue.bridge.child.watch: INFO    : child (me) initializing
2017-05-30 22:37:38,769: umgr.staging.input.queue.bridge: umgr.staging.input.queue.bridge : umgr.staging.input.queue.bridge.child.watch: DEBUG   : ru_initialize_common (NOOP)
2017-05-30 22:37:38,769: umgr.staging.input.queue.bridge: umgr.staging.input.queue.bridge : umgr.staging.input.queue.bridge.child.watch: DEBUG   : ru_initialize_child (NOOP)
2017-05-30 22:37:38,769: umgr.staging.input.queue.bridge: umgr.staging.input.queue.bridge : umgr.staging.input.queue.bridge.child.watch: INFO    : send alive
2017-05-30 22:37:38,769: umgr.staging.input.queue.bridge: umgr.staging.input.queue.bridge : umgr.staging.input.queue.bridge.child.watch: INFO    : send message: alive
2017-05-30 22:37:38,770: umgr.staging.input.queue.bridge: umgr.staging.input.queue.bridge : MainThread     : INFO    : recv message: alive
2017-05-30 22:37:38,770: umgr.staging.input.queue.bridge: umgr.staging.input.queue.bridge : MainThread     : DEBUG   : ru_initialize_common (NOOP)
2017-05-30 22:37:38,770: umgr.staging.input.queue.bridge: umgr.staging.input.queue.bridge : MainThread     : DEBUG   : ru_initialize_parent (NOOP)
2017-05-30 22:37:38,770: umgr.staging.input.queue.bridge: umgr.staging.input.queue.bridge : MainThread     : DEBUG   : child thread umgr.staging.input.queue.bridge.child.watch started
2017-05-30 22:37:38,770: umgr.staging.input.queue.bridge: umgr.staging.input.queue.bridge : MainThread     : INFO    : child (me) is alive
2017-05-30 22:37:38,770: umgr.staging.input.queue.bridge: umgr.staging.input.queue.bridge : MainThread     : DEBUG   : ru_initialize_common (NOOP)
2017-05-30 22:37:38,772: umgr.staging.input.queue.bridge: umgr.staging.input.queue.bridge.child: MainThread     : INFO    : send alive
2017-05-30 22:37:38,772: umgr.staging.input.queue.bridge: umgr.staging.input.queue.bridge.child: MainThread     : INFO    : send message: alive
2017-05-30 22:37:38,772: umgr.staging.input.queue.bridge: MainProcess                     : MainThread     : INFO    : recv message: alive
2017-05-30 22:37:38,772: umgr.staging.input.queue.bridge: MainProcess                     : MainThread     : DEBUG   : start thread
2017-05-30 22:37:38,773: umgr.staging.input.queue.bridge: MainProcess                     : umgr.staging.input.queue.bridge.watch: INFO    : child (me) initializing
2017-05-30 22:37:38,773: umgr.staging.input.queue.bridge: MainProcess                     : umgr.staging.input.queue.bridge.watch: DEBUG   : ru_initialize_common (NOOP)
2017-05-30 22:37:38,773: umgr.staging.input.queue.bridge: MainProcess                     : umgr.staging.input.queue.bridge.watch: DEBUG   : ru_initialize_child (NOOP)
2017-05-30 22:37:38,773: umgr.staging.input.queue.bridge: MainProcess                     : umgr.staging.input.queue.bridge.watch: INFO    : send alive
2017-05-30 22:37:38,773: umgr.staging.input.queue.bridge: MainProcess                     : umgr.staging.input.queue.bridge.watch: INFO    : send message: alive
2017-05-30 22:37:38,774: umgr.staging.input.queue.bridge: MainProcess                     : MainThread     : INFO    : recv message: alive
2017-05-30 22:37:38,774: umgr.staging.input.queue.bridge: MainProcess                     : MainThread     : DEBUG   : ru_initialize_common (NOOP)
2017-05-30 22:37:38,774: umgr.staging.input.queue.bridge: MainProcess                     : MainThread     : DEBUG   : ru_initialize_parent (NOOP)
2017-05-30 22:37:38,774: umgr.staging.input.queue.bridge: MainProcess                     : MainThread     : DEBUG   : child thread umgr.staging.input.queue.bridge.watch started
2017-05-30 22:37:38,774: umgr.staging.input.queue.bridge: MainProcess                     : MainThread     : INFO    : child is alive
2017-05-30 22:37:38,774: umgr.staging.input.queue.bridge: MainProcess                     : MainThread     : DEBUG   : ru_initialize_common (NOOP)
2017-05-30 22:37:38,774: umgr.staging.input.queue.bridge: MainProcess                     : MainThread     : DEBUG   : ru_initialize_parent (NOOP)
2017-05-30 22:37:38,774: umgr.staging.input.queue.bridge: MainProcess                     : MainThread     : DEBUG   : child process started
2017-05-30 22:45:22,795: umgr.staging.input.queue.bridge: MainProcess                     : MainThread     : INFO    : parent stops child
2017-05-30 22:45:22,796: umgr.staging.input.queue.bridge: MainProcess                     : MainThread     : DEBUG   : ru_finalize_parent (NOOP)
2017-05-30 22:45:22,796: umgr.staging.input.queue.bridge: MainProcess                     : MainThread     : DEBUG   : ru_finalize_common (NOOP)
2017-05-30 22:45:22,796: umgr.staging.input.queue.bridge: MainProcess                     : MainThread     : INFO    : parent stops child
2017-05-30 22:45:22,796: umgr.staging.input.queue.bridge: MainProcess                     : MainThread     : DEBUG   : ru_finalize_parent (NOOP)
2017-05-30 22:45:22,796: umgr.staging.input.queue.bridge: MainProcess                     : MainThread     : DEBUG   : ru_finalize_common (NOOP)
2017-05-30 22:45:22,864: umgr.staging.input.queue.bridge: MainProcess                     : umgr.staging.input.queue.bridge.watch: INFO    : send message: work finished
2017-05-30 22:45:22,864: umgr.staging.input.queue.bridge: MainProcess                     : umgr.staging.input.queue.bridge.watch: DEBUG   : ru_finalize_child (NOOP)
2017-05-30 22:45:22,864: umgr.staging.input.queue.bridge: MainProcess                     : umgr.staging.input.queue.bridge.watch: DEBUG   : ru_finalize_common (NOOP)
2017-05-30 22:45:22,865: umgr.staging.input.queue.bridge: MainProcess                     : umgr.staging.input.queue.bridge.watch: INFO    : send message: terminating
2017-05-30 22:45:23,011: umgr.staging.input.queue.bridge: MainProcess                     : MainThread     : WARNING : failed to stop child - terminate
2017-05-30 22:45:32,472: umgr.staging.input.queue.bridge: MainProcess                     : MainThread     : INFO    : radical.pilot        version: split-81-gf853cc9b@feature-bridges
2017-05-30 22:45:32,472: umgr.staging.input.queue.bridge: MainProcess                     : MainThread     : INFO    : create umgr_staging_input_queue - bridge - tcp://*:*
2017-05-30 22:45:32,472: umgr.staging.input.queue.bridge: MainProcess                     : MainThread     : DEBUG   : start process
2017-05-30 22:45:32,483: umgr.staging.input.queue.bridge: umgr.staging.input.queue.bridge : MainThread     : INFO    : child (me) initializing
2017-05-30 22:45:32,484: umgr.staging.input.queue.bridge: umgr.staging.input.queue.bridge : MainThread     : DEBUG   : start thread
2017-05-30 22:45:32,485: umgr.staging.input.queue.bridge: umgr.staging.input.queue.bridge : umgr.staging.input.queue.bridge.child.watch: INFO    : child (me) initializing
2017-05-30 22:45:32,485: umgr.staging.input.queue.bridge: umgr.staging.input.queue.bridge : umgr.staging.input.queue.bridge.child.watch: DEBUG   : ru_initialize_common (NOOP)
2017-05-30 22:45:32,485: umgr.staging.input.queue.bridge: umgr.staging.input.queue.bridge : umgr.staging.input.queue.bridge.child.watch: DEBUG   : ru_initialize_child (NOOP)
2017-05-30 22:45:32,485: umgr.staging.input.queue.bridge: umgr.staging.input.queue.bridge : umgr.staging.input.queue.bridge.child.watch: INFO    : send alive
2017-05-30 22:45:32,485: umgr.staging.input.queue.bridge: umgr.staging.input.queue.bridge : umgr.staging.input.queue.bridge.child.watch: INFO    : send message: alive
2017-05-30 22:45:32,486: umgr.staging.input.queue.bridge: umgr.staging.input.queue.bridge : MainThread     : INFO    : recv message: alive
2017-05-30 22:45:32,486: umgr.staging.input.queue.bridge: umgr.staging.input.queue.bridge : MainThread     : DEBUG   : ru_initialize_common (NOOP)
2017-05-30 22:45:32,486: umgr.staging.input.queue.bridge: umgr.staging.input.queue.bridge : MainThread     : DEBUG   : ru_initialize_parent (NOOP)
2017-05-30 22:45:32,486: umgr.staging.input.queue.bridge: umgr.staging.input.queue.bridge : MainThread     : DEBUG   : child thread umgr.staging.input.queue.bridge.child.watch started
2017-05-30 22:45:32,486: umgr.staging.input.queue.bridge: umgr.staging.input.queue.bridge : MainThread     : INFO    : child (me) is alive
2017-05-30 22:45:32,487: umgr.staging.input.queue.bridge: umgr.staging.input.queue.bridge : MainThread     : DEBUG   : ru_initialize_common (NOOP)
2017-05-30 22:45:32,489: umgr.staging.input.queue.bridge: umgr.staging.input.queue.bridge.child: MainThread     : INFO    : send alive
2017-05-30 22:45:32,489: umgr.staging.input.queue.bridge: umgr.staging.input.queue.bridge.child: MainThread     : INFO    : send message: alive
2017-05-30 22:45:32,490: umgr.staging.input.queue.bridge: MainProcess                     : MainThread     : INFO    : recv message: alive
2017-05-30 22:45:32,490: umgr.staging.input.queue.bridge: MainProcess                     : MainThread     : DEBUG   : start thread
2017-05-30 22:45:32,490: umgr.staging.input.queue.bridge: MainProcess                     : umgr.staging.input.queue.bridge.watch: INFO    : child (me) initializing
2017-05-30 22:45:32,490: umgr.staging.input.queue.bridge: MainProcess                     : umgr.staging.input.queue.bridge.watch: DEBUG   : ru_initialize_common (NOOP)
2017-05-30 22:45:32,490: umgr.staging.input.queue.bridge: MainProcess                     : umgr.staging.input.queue.bridge.watch: DEBUG   : ru_initialize_child (NOOP)
2017-05-30 22:45:32,491: umgr.staging.input.queue.bridge: MainProcess                     : umgr.staging.input.queue.bridge.watch: INFO    : send alive
2017-05-30 22:45:32,491: umgr.staging.input.queue.bridge: MainProcess                     : umgr.staging.input.queue.bridge.watch: INFO    : send message: alive
2017-05-30 22:45:32,491: umgr.staging.input.queue.bridge: MainProcess                     : MainThread     : INFO    : recv message: alive
2017-05-30 22:45:32,492: umgr.staging.input.queue.bridge: MainProcess                     : MainThread     : DEBUG   : ru_initialize_common (NOOP)
2017-05-30 22:45:32,492: umgr.staging.input.queue.bridge: MainProcess                     : MainThread     : DEBUG   : ru_initialize_parent (NOOP)
2017-05-30 22:45:32,492: umgr.staging.input.queue.bridge: MainProcess                     : MainThread     : DEBUG   : child thread umgr.staging.input.queue.bridge.watch started
2017-05-30 22:45:32,492: umgr.staging.input.queue.bridge: MainProcess                     : MainThread     : INFO    : child is alive
2017-05-30 22:45:32,492: umgr.staging.input.queue.bridge: MainProcess                     : MainThread     : DEBUG   : ru_initialize_common (NOOP)
2017-05-30 22:45:32,492: umgr.staging.input.queue.bridge: MainProcess                     : MainThread     : DEBUG   : ru_initialize_parent (NOOP)
2017-05-30 22:45:32,492: umgr.staging.input.queue.bridge: MainProcess                     : MainThread     : DEBUG   : child process started
2017-05-30 22:45:32,802: umgr.staging.input.queue.bridge: MainProcess                     : MainThread     : INFO    : parent stops child
2017-05-30 22:45:32,802: umgr.staging.input.queue.bridge: MainProcess                     : MainThread     : DEBUG   : ru_finalize_parent (NOOP)
2017-05-30 22:45:32,802: umgr.staging.input.queue.bridge: MainProcess                     : MainThread     : DEBUG   : ru_finalize_common (NOOP)
2017-05-30 22:45:32,803: umgr.staging.input.queue.bridge: MainProcess                     : MainThread     : INFO    : parent stops child
2017-05-30 22:45:32,803: umgr.staging.input.queue.bridge: MainProcess                     : MainThread     : DEBUG   : ru_finalize_parent (NOOP)
2017-05-30 22:45:32,803: umgr.staging.input.queue.bridge: MainProcess                     : MainThread     : DEBUG   : ru_finalize_common (NOOP)
2017-05-30 22:45:32,892: umgr.staging.input.queue.bridge: MainProcess                     : umgr.staging.input.queue.bridge.watch: INFO    : send message: work finished
2017-05-30 22:45:32,892: umgr.staging.input.queue.bridge: MainProcess                     : umgr.staging.input.queue.bridge.watch: DEBUG   : ru_finalize_child (NOOP)
2017-05-30 22:45:32,893: umgr.staging.input.queue.bridge: MainProcess                     : umgr.staging.input.queue.bridge.watch: DEBUG   : ru_finalize_common (NOOP)
2017-05-30 22:45:32,893: umgr.staging.input.queue.bridge: MainProcess                     : umgr.staging.input.queue.bridge.watch: INFO    : send message: terminating
2017-05-30 22:45:33,017: umgr.staging.input.queue.bridge: MainProcess                     : MainThread     : WARNING : failed to stop child - terminate
