2017-05-30 22:15:15,960: umgr.unschedule.pubsub.bridge: MainProcess                     : MainThread     : INFO    : python.interpreter   version: 2.7.12 (default, Nov 19 2016, 06:48:10) [GCC 5.4.0 20160609]
2017-05-30 22:15:15,961: umgr.unschedule.pubsub.bridge: MainProcess                     : MainThread     : INFO    :                      pid: 24564
2017-05-30 22:15:15,961: umgr.unschedule.pubsub.bridge: MainProcess                     : MainThread     : INFO    :                      tid: MainThread
2017-05-30 22:15:15,961: umgr.unschedule.pubsub.bridge: MainProcess                     : MainThread     : INFO    : radical.pilot        version: split-81-gf853cc9b@feature-bridges
2017-05-30 22:15:15,961: umgr.unschedule.pubsub.bridge: MainProcess                     : MainThread     : INFO    : create umgr_unschedule_pubsub - bridge - tcp://*:*
2017-05-30 22:15:15,962: umgr.unschedule.pubsub.bridge: MainProcess                     : MainThread     : DEBUG   : start process
2017-05-30 22:15:15,973: umgr.unschedule.pubsub.bridge: umgr.unschedule.pubsub.bridge   : MainThread     : INFO    : child (me) initializing
2017-05-30 22:15:15,974: umgr.unschedule.pubsub.bridge: umgr.unschedule.pubsub.bridge   : MainThread     : DEBUG   : start thread
2017-05-30 22:15:15,974: umgr.unschedule.pubsub.bridge: umgr.unschedule.pubsub.bridge   : umgr.unschedule.pubsub.bridge.child.watch: INFO    : child (me) initializing
2017-05-30 22:15:15,975: umgr.unschedule.pubsub.bridge: umgr.unschedule.pubsub.bridge   : umgr.unschedule.pubsub.bridge.child.watch: DEBUG   : ru_initialize_common (NOOP)
2017-05-30 22:15:15,975: umgr.unschedule.pubsub.bridge: umgr.unschedule.pubsub.bridge   : umgr.unschedule.pubsub.bridge.child.watch: DEBUG   : ru_initialize_child (NOOP)
2017-05-30 22:15:15,975: umgr.unschedule.pubsub.bridge: umgr.unschedule.pubsub.bridge   : umgr.unschedule.pubsub.bridge.child.watch: INFO    : send alive
2017-05-30 22:15:15,975: umgr.unschedule.pubsub.bridge: umgr.unschedule.pubsub.bridge   : umgr.unschedule.pubsub.bridge.child.watch: INFO    : send message: alive
2017-05-30 22:15:15,976: umgr.unschedule.pubsub.bridge: umgr.unschedule.pubsub.bridge   : MainThread     : INFO    : recv message: alive
2017-05-30 22:15:15,976: umgr.unschedule.pubsub.bridge: umgr.unschedule.pubsub.bridge   : MainThread     : DEBUG   : ru_initialize_common (NOOP)
2017-05-30 22:15:15,976: umgr.unschedule.pubsub.bridge: umgr.unschedule.pubsub.bridge   : MainThread     : DEBUG   : ru_initialize_parent (NOOP)
2017-05-30 22:15:15,976: umgr.unschedule.pubsub.bridge: umgr.unschedule.pubsub.bridge   : MainThread     : DEBUG   : child thread umgr.unschedule.pubsub.bridge.child.watch started
2017-05-30 22:15:15,977: umgr.unschedule.pubsub.bridge: umgr.unschedule.pubsub.bridge   : MainThread     : INFO    : child (me) is alive
2017-05-30 22:15:15,977: umgr.unschedule.pubsub.bridge: umgr.unschedule.pubsub.bridge   : MainThread     : DEBUG   : ru_initialize_common (NOOP)
2017-05-30 22:15:15,981: umgr.unschedule.pubsub.bridge: umgr.unschedule.pubsub.bridge.child: MainThread     : INFO    : send alive
2017-05-30 22:15:15,981: umgr.unschedule.pubsub.bridge: umgr.unschedule.pubsub.bridge.child: MainThread     : INFO    : send message: alive
2017-05-30 22:15:15,981: umgr.unschedule.pubsub.bridge: MainProcess                     : MainThread     : INFO    : recv message: alive
2017-05-30 22:15:15,982: umgr.unschedule.pubsub.bridge: MainProcess                     : MainThread     : DEBUG   : start thread
2017-05-30 22:15:15,983: umgr.unschedule.pubsub.bridge: MainProcess                     : umgr.unschedule.pubsub.bridge.watch: INFO    : child (me) initializing
2017-05-30 22:15:15,983: umgr.unschedule.pubsub.bridge: MainProcess                     : umgr.unschedule.pubsub.bridge.watch: DEBUG   : ru_initialize_common (NOOP)
2017-05-30 22:15:15,983: umgr.unschedule.pubsub.bridge: MainProcess                     : umgr.unschedule.pubsub.bridge.watch: DEBUG   : ru_initialize_child (NOOP)
2017-05-30 22:15:15,984: umgr.unschedule.pubsub.bridge: MainProcess                     : umgr.unschedule.pubsub.bridge.watch: INFO    : send alive
2017-05-30 22:15:15,984: umgr.unschedule.pubsub.bridge: MainProcess                     : umgr.unschedule.pubsub.bridge.watch: INFO    : send message: alive
2017-05-30 22:15:15,985: umgr.unschedule.pubsub.bridge: MainProcess                     : MainThread     : INFO    : recv message: alive
2017-05-30 22:15:15,985: umgr.unschedule.pubsub.bridge: MainProcess                     : MainThread     : DEBUG   : ru_initialize_common (NOOP)
2017-05-30 22:15:15,985: umgr.unschedule.pubsub.bridge: MainProcess                     : MainThread     : DEBUG   : ru_initialize_parent (NOOP)
2017-05-30 22:15:15,985: umgr.unschedule.pubsub.bridge: MainProcess                     : MainThread     : DEBUG   : child thread umgr.unschedule.pubsub.bridge.watch started
2017-05-30 22:15:15,985: umgr.unschedule.pubsub.bridge: MainProcess                     : MainThread     : INFO    : child is alive
2017-05-30 22:15:15,985: umgr.unschedule.pubsub.bridge: MainProcess                     : MainThread     : DEBUG   : ru_initialize_common (NOOP)
2017-05-30 22:15:15,986: umgr.unschedule.pubsub.bridge: MainProcess                     : MainThread     : DEBUG   : ru_initialize_parent (NOOP)
2017-05-30 22:15:15,986: umgr.unschedule.pubsub.bridge: MainProcess                     : MainThread     : DEBUG   : child process started
2017-05-30 22:21:52,993: umgr.unschedule.pubsub.bridge: MainProcess                     : MainThread     : INFO    : parent stops child
2017-05-30 22:21:52,993: umgr.unschedule.pubsub.bridge: MainProcess                     : MainThread     : DEBUG   : ru_finalize_parent (NOOP)
2017-05-30 22:21:52,994: umgr.unschedule.pubsub.bridge: MainProcess                     : MainThread     : DEBUG   : ru_finalize_common (NOOP)
2017-05-30 22:21:52,994: umgr.unschedule.pubsub.bridge: MainProcess                     : MainThread     : INFO    : parent stops child
2017-05-30 22:21:52,994: umgr.unschedule.pubsub.bridge: MainProcess                     : MainThread     : DEBUG   : ru_finalize_parent (NOOP)
2017-05-30 22:21:52,994: umgr.unschedule.pubsub.bridge: MainProcess                     : MainThread     : DEBUG   : ru_finalize_common (NOOP)
2017-05-30 22:21:53,020: umgr.unschedule.pubsub.bridge: MainProcess                     : umgr.unschedule.pubsub.bridge.watch: INFO    : send message: work finished
2017-05-30 22:21:53,020: umgr.unschedule.pubsub.bridge: MainProcess                     : umgr.unschedule.pubsub.bridge.watch: DEBUG   : ru_finalize_child (NOOP)
2017-05-30 22:21:53,020: umgr.unschedule.pubsub.bridge: MainProcess                     : umgr.unschedule.pubsub.bridge.watch: DEBUG   : ru_finalize_common (NOOP)
2017-05-30 22:21:53,020: umgr.unschedule.pubsub.bridge: MainProcess                     : umgr.unschedule.pubsub.bridge.watch: INFO    : send message: terminating
2017-05-30 22:21:53,127: umgr.unschedule.pubsub.bridge: MainProcess                     : MainThread     : WARNING : failed to stop child - terminate
2017-05-30 22:22:00,270: umgr.unschedule.pubsub.bridge: MainProcess                     : MainThread     : INFO    : radical.pilot        version: split-81-gf853cc9b@feature-bridges
2017-05-30 22:22:00,270: umgr.unschedule.pubsub.bridge: MainProcess                     : MainThread     : INFO    : create umgr_unschedule_pubsub - bridge - tcp://*:*
2017-05-30 22:22:00,270: umgr.unschedule.pubsub.bridge: MainProcess                     : MainThread     : DEBUG   : start process
2017-05-30 22:22:00,277: umgr.unschedule.pubsub.bridge: umgr.unschedule.pubsub.bridge   : MainThread     : INFO    : child (me) initializing
2017-05-30 22:22:00,277: umgr.unschedule.pubsub.bridge: umgr.unschedule.pubsub.bridge   : MainThread     : DEBUG   : start thread
2017-05-30 22:22:00,277: umgr.unschedule.pubsub.bridge: umgr.unschedule.pubsub.bridge   : umgr.unschedule.pubsub.bridge.child.watch: INFO    : child (me) initializing
2017-05-30 22:22:00,278: umgr.unschedule.pubsub.bridge: umgr.unschedule.pubsub.bridge   : umgr.unschedule.pubsub.bridge.child.watch: DEBUG   : ru_initialize_common (NOOP)
2017-05-30 22:22:00,278: umgr.unschedule.pubsub.bridge: umgr.unschedule.pubsub.bridge   : umgr.unschedule.pubsub.bridge.child.watch: DEBUG   : ru_initialize_child (NOOP)
2017-05-30 22:22:00,278: umgr.unschedule.pubsub.bridge: umgr.unschedule.pubsub.bridge   : umgr.unschedule.pubsub.bridge.child.watch: INFO    : send alive
2017-05-30 22:22:00,278: umgr.unschedule.pubsub.bridge: umgr.unschedule.pubsub.bridge   : umgr.unschedule.pubsub.bridge.child.watch: INFO    : send message: alive
2017-05-30 22:22:00,279: umgr.unschedule.pubsub.bridge: umgr.unschedule.pubsub.bridge   : MainThread     : INFO    : recv message: alive
2017-05-30 22:22:00,279: umgr.unschedule.pubsub.bridge: umgr.unschedule.pubsub.bridge   : MainThread     : DEBUG   : ru_initialize_common (NOOP)
2017-05-30 22:22:00,279: umgr.unschedule.pubsub.bridge: umgr.unschedule.pubsub.bridge   : MainThread     : DEBUG   : ru_initialize_parent (NOOP)
2017-05-30 22:22:00,279: umgr.unschedule.pubsub.bridge: umgr.unschedule.pubsub.bridge   : MainThread     : DEBUG   : child thread umgr.unschedule.pubsub.bridge.child.watch started
2017-05-30 22:22:00,279: umgr.unschedule.pubsub.bridge: umgr.unschedule.pubsub.bridge   : MainThread     : INFO    : child (me) is alive
2017-05-30 22:22:00,279: umgr.unschedule.pubsub.bridge: umgr.unschedule.pubsub.bridge   : MainThread     : DEBUG   : ru_initialize_common (NOOP)
2017-05-30 22:22:00,280: umgr.unschedule.pubsub.bridge: umgr.unschedule.pubsub.bridge.child: MainThread     : INFO    : send alive
2017-05-30 22:22:00,280: umgr.unschedule.pubsub.bridge: umgr.unschedule.pubsub.bridge.child: MainThread     : INFO    : send message: alive
2017-05-30 22:22:00,281: umgr.unschedule.pubsub.bridge: MainProcess                     : MainThread     : INFO    : recv message: alive
2017-05-30 22:22:00,281: umgr.unschedule.pubsub.bridge: MainProcess                     : MainThread     : DEBUG   : start thread
2017-05-30 22:22:00,281: umgr.unschedule.pubsub.bridge: MainProcess                     : umgr.unschedule.pubsub.bridge.watch: INFO    : child (me) initializing
2017-05-30 22:22:00,281: umgr.unschedule.pubsub.bridge: MainProcess                     : umgr.unschedule.pubsub.bridge.watch: DEBUG   : ru_initialize_common (NOOP)
2017-05-30 22:22:00,282: umgr.unschedule.pubsub.bridge: MainProcess                     : umgr.unschedule.pubsub.bridge.watch: DEBUG   : ru_initialize_child (NOOP)
2017-05-30 22:22:00,282: umgr.unschedule.pubsub.bridge: MainProcess                     : umgr.unschedule.pubsub.bridge.watch: INFO    : send alive
2017-05-30 22:22:00,282: umgr.unschedule.pubsub.bridge: MainProcess                     : umgr.unschedule.pubsub.bridge.watch: INFO    : send message: alive
2017-05-30 22:22:00,283: umgr.unschedule.pubsub.bridge: MainProcess                     : MainThread     : INFO    : recv message: alive
2017-05-30 22:22:00,283: umgr.unschedule.pubsub.bridge: MainProcess                     : MainThread     : DEBUG   : ru_initialize_common (NOOP)
2017-05-30 22:22:00,283: umgr.unschedule.pubsub.bridge: MainProcess                     : MainThread     : DEBUG   : ru_initialize_parent (NOOP)
2017-05-30 22:22:00,283: umgr.unschedule.pubsub.bridge: MainProcess                     : MainThread     : DEBUG   : child thread umgr.unschedule.pubsub.bridge.watch started
2017-05-30 22:22:00,283: umgr.unschedule.pubsub.bridge: MainProcess                     : MainThread     : INFO    : child is alive
2017-05-30 22:22:00,283: umgr.unschedule.pubsub.bridge: MainProcess                     : MainThread     : DEBUG   : ru_initialize_common (NOOP)
2017-05-30 22:22:00,283: umgr.unschedule.pubsub.bridge: MainProcess                     : MainThread     : DEBUG   : ru_initialize_parent (NOOP)
2017-05-30 22:22:00,283: umgr.unschedule.pubsub.bridge: MainProcess                     : MainThread     : DEBUG   : child process started
2017-05-30 22:29:37,103: umgr.unschedule.pubsub.bridge: MainProcess                     : MainThread     : INFO    : parent stops child
2017-05-30 22:29:37,103: umgr.unschedule.pubsub.bridge: MainProcess                     : MainThread     : DEBUG   : ru_finalize_parent (NOOP)
2017-05-30 22:29:37,104: umgr.unschedule.pubsub.bridge: MainProcess                     : MainThread     : DEBUG   : ru_finalize_common (NOOP)
2017-05-30 22:29:37,104: umgr.unschedule.pubsub.bridge: MainProcess                     : MainThread     : INFO    : parent stops child
2017-05-30 22:29:37,104: umgr.unschedule.pubsub.bridge: MainProcess                     : MainThread     : DEBUG   : ru_finalize_parent (NOOP)
2017-05-30 22:29:37,104: umgr.unschedule.pubsub.bridge: MainProcess                     : MainThread     : DEBUG   : ru_finalize_common (NOOP)
2017-05-30 22:29:37,151: umgr.unschedule.pubsub.bridge: MainProcess                     : umgr.unschedule.pubsub.bridge.watch: INFO    : send message: work finished
2017-05-30 22:29:37,151: umgr.unschedule.pubsub.bridge: MainProcess                     : umgr.unschedule.pubsub.bridge.watch: DEBUG   : ru_finalize_child (NOOP)
2017-05-30 22:29:37,151: umgr.unschedule.pubsub.bridge: MainProcess                     : umgr.unschedule.pubsub.bridge.watch: DEBUG   : ru_finalize_common (NOOP)
2017-05-30 22:29:37,152: umgr.unschedule.pubsub.bridge: MainProcess                     : umgr.unschedule.pubsub.bridge.watch: INFO    : send message: terminating
2017-05-30 22:29:37,269: umgr.unschedule.pubsub.bridge: MainProcess                     : MainThread     : WARNING : failed to stop child - terminate
2017-05-30 22:29:53,564: umgr.unschedule.pubsub.bridge: MainProcess                     : MainThread     : INFO    : radical.pilot        version: split-81-gf853cc9b@feature-bridges
2017-05-30 22:29:53,564: umgr.unschedule.pubsub.bridge: MainProcess                     : MainThread     : INFO    : create umgr_unschedule_pubsub - bridge - tcp://*:*
2017-05-30 22:29:53,565: umgr.unschedule.pubsub.bridge: MainProcess                     : MainThread     : DEBUG   : start process
2017-05-30 22:29:53,575: umgr.unschedule.pubsub.bridge: umgr.unschedule.pubsub.bridge   : MainThread     : INFO    : child (me) initializing
2017-05-30 22:29:53,576: umgr.unschedule.pubsub.bridge: umgr.unschedule.pubsub.bridge   : MainThread     : DEBUG   : start thread
2017-05-30 22:29:53,576: umgr.unschedule.pubsub.bridge: umgr.unschedule.pubsub.bridge   : umgr.unschedule.pubsub.bridge.child.watch: INFO    : child (me) initializing
2017-05-30 22:29:53,576: umgr.unschedule.pubsub.bridge: umgr.unschedule.pubsub.bridge   : umgr.unschedule.pubsub.bridge.child.watch: DEBUG   : ru_initialize_common (NOOP)
2017-05-30 22:29:53,576: umgr.unschedule.pubsub.bridge: umgr.unschedule.pubsub.bridge   : umgr.unschedule.pubsub.bridge.child.watch: DEBUG   : ru_initialize_child (NOOP)
2017-05-30 22:29:53,576: umgr.unschedule.pubsub.bridge: umgr.unschedule.pubsub.bridge   : umgr.unschedule.pubsub.bridge.child.watch: INFO    : send alive
2017-05-30 22:29:53,577: umgr.unschedule.pubsub.bridge: umgr.unschedule.pubsub.bridge   : umgr.unschedule.pubsub.bridge.child.watch: INFO    : send message: alive
2017-05-30 22:29:53,577: umgr.unschedule.pubsub.bridge: umgr.unschedule.pubsub.bridge   : MainThread     : INFO    : recv message: alive
2017-05-30 22:29:53,577: umgr.unschedule.pubsub.bridge: umgr.unschedule.pubsub.bridge   : MainThread     : DEBUG   : ru_initialize_common (NOOP)
2017-05-30 22:29:53,577: umgr.unschedule.pubsub.bridge: umgr.unschedule.pubsub.bridge   : MainThread     : DEBUG   : ru_initialize_parent (NOOP)
2017-05-30 22:29:53,578: umgr.unschedule.pubsub.bridge: umgr.unschedule.pubsub.bridge   : MainThread     : DEBUG   : child thread umgr.unschedule.pubsub.bridge.child.watch started
2017-05-30 22:29:53,578: umgr.unschedule.pubsub.bridge: umgr.unschedule.pubsub.bridge   : MainThread     : INFO    : child (me) is alive
2017-05-30 22:29:53,578: umgr.unschedule.pubsub.bridge: umgr.unschedule.pubsub.bridge   : MainThread     : DEBUG   : ru_initialize_common (NOOP)
2017-05-30 22:29:53,580: umgr.unschedule.pubsub.bridge: umgr.unschedule.pubsub.bridge.child: MainThread     : INFO    : send alive
2017-05-30 22:29:53,580: umgr.unschedule.pubsub.bridge: umgr.unschedule.pubsub.bridge.child: MainThread     : INFO    : send message: alive
2017-05-30 22:29:53,580: umgr.unschedule.pubsub.bridge: MainProcess                     : MainThread     : INFO    : recv message: alive
2017-05-30 22:29:53,581: umgr.unschedule.pubsub.bridge: MainProcess                     : MainThread     : DEBUG   : start thread
2017-05-30 22:29:53,582: umgr.unschedule.pubsub.bridge: MainProcess                     : umgr.unschedule.pubsub.bridge.watch: INFO    : child (me) initializing
2017-05-30 22:29:53,582: umgr.unschedule.pubsub.bridge: MainProcess                     : umgr.unschedule.pubsub.bridge.watch: DEBUG   : ru_initialize_common (NOOP)
2017-05-30 22:29:53,582: umgr.unschedule.pubsub.bridge: MainProcess                     : umgr.unschedule.pubsub.bridge.watch: DEBUG   : ru_initialize_child (NOOP)
2017-05-30 22:29:53,582: umgr.unschedule.pubsub.bridge: MainProcess                     : umgr.unschedule.pubsub.bridge.watch: INFO    : send alive
2017-05-30 22:29:53,582: umgr.unschedule.pubsub.bridge: MainProcess                     : umgr.unschedule.pubsub.bridge.watch: INFO    : send message: alive
2017-05-30 22:29:53,583: umgr.unschedule.pubsub.bridge: MainProcess                     : MainThread     : INFO    : recv message: alive
2017-05-30 22:29:53,583: umgr.unschedule.pubsub.bridge: MainProcess                     : MainThread     : DEBUG   : ru_initialize_common (NOOP)
2017-05-30 22:29:53,583: umgr.unschedule.pubsub.bridge: MainProcess                     : MainThread     : DEBUG   : ru_initialize_parent (NOOP)
2017-05-30 22:29:53,583: umgr.unschedule.pubsub.bridge: MainProcess                     : MainThread     : DEBUG   : child thread umgr.unschedule.pubsub.bridge.watch started
2017-05-30 22:29:53,584: umgr.unschedule.pubsub.bridge: MainProcess                     : MainThread     : INFO    : child is alive
2017-05-30 22:29:53,584: umgr.unschedule.pubsub.bridge: MainProcess                     : MainThread     : DEBUG   : ru_initialize_common (NOOP)
2017-05-30 22:29:53,584: umgr.unschedule.pubsub.bridge: MainProcess                     : MainThread     : DEBUG   : ru_initialize_parent (NOOP)
2017-05-30 22:29:53,584: umgr.unschedule.pubsub.bridge: MainProcess                     : MainThread     : DEBUG   : child process started
2017-05-30 22:37:30,229: umgr.unschedule.pubsub.bridge: MainProcess                     : MainThread     : INFO    : parent stops child
2017-05-30 22:37:30,229: umgr.unschedule.pubsub.bridge: MainProcess                     : MainThread     : DEBUG   : ru_finalize_parent (NOOP)
2017-05-30 22:37:30,229: umgr.unschedule.pubsub.bridge: MainProcess                     : MainThread     : DEBUG   : ru_finalize_common (NOOP)
2017-05-30 22:37:30,229: umgr.unschedule.pubsub.bridge: MainProcess                     : MainThread     : INFO    : parent stops child
2017-05-30 22:37:30,229: umgr.unschedule.pubsub.bridge: MainProcess                     : MainThread     : DEBUG   : ru_finalize_parent (NOOP)
2017-05-30 22:37:30,230: umgr.unschedule.pubsub.bridge: MainProcess                     : MainThread     : DEBUG   : ru_finalize_common (NOOP)
2017-05-30 22:37:30,317: umgr.unschedule.pubsub.bridge: MainProcess                     : umgr.unschedule.pubsub.bridge.watch: INFO    : send message: work finished
2017-05-30 22:37:30,317: umgr.unschedule.pubsub.bridge: MainProcess                     : umgr.unschedule.pubsub.bridge.watch: DEBUG   : ru_finalize_child (NOOP)
2017-05-30 22:37:30,317: umgr.unschedule.pubsub.bridge: MainProcess                     : umgr.unschedule.pubsub.bridge.watch: DEBUG   : ru_finalize_common (NOOP)
2017-05-30 22:37:30,317: umgr.unschedule.pubsub.bridge: MainProcess                     : umgr.unschedule.pubsub.bridge.watch: INFO    : send message: terminating
2017-05-30 22:37:30,444: umgr.unschedule.pubsub.bridge: MainProcess                     : MainThread     : WARNING : failed to stop child - terminate
2017-05-30 22:37:38,791: umgr.unschedule.pubsub.bridge: MainProcess                     : MainThread     : INFO    : radical.pilot        version: split-81-gf853cc9b@feature-bridges
2017-05-30 22:37:38,791: umgr.unschedule.pubsub.bridge: MainProcess                     : MainThread     : INFO    : create umgr_unschedule_pubsub - bridge - tcp://*:*
2017-05-30 22:37:38,791: umgr.unschedule.pubsub.bridge: MainProcess                     : MainThread     : DEBUG   : start process
2017-05-30 22:37:38,800: umgr.unschedule.pubsub.bridge: umgr.unschedule.pubsub.bridge   : MainThread     : INFO    : child (me) initializing
2017-05-30 22:37:38,800: umgr.unschedule.pubsub.bridge: umgr.unschedule.pubsub.bridge   : MainThread     : DEBUG   : start thread
2017-05-30 22:37:38,801: umgr.unschedule.pubsub.bridge: umgr.unschedule.pubsub.bridge   : umgr.unschedule.pubsub.bridge.child.watch: INFO    : child (me) initializing
2017-05-30 22:37:38,801: umgr.unschedule.pubsub.bridge: umgr.unschedule.pubsub.bridge   : umgr.unschedule.pubsub.bridge.child.watch: DEBUG   : ru_initialize_common (NOOP)
2017-05-30 22:37:38,801: umgr.unschedule.pubsub.bridge: umgr.unschedule.pubsub.bridge   : umgr.unschedule.pubsub.bridge.child.watch: DEBUG   : ru_initialize_child (NOOP)
2017-05-30 22:37:38,801: umgr.unschedule.pubsub.bridge: umgr.unschedule.pubsub.bridge   : umgr.unschedule.pubsub.bridge.child.watch: INFO    : send alive
2017-05-30 22:37:38,801: umgr.unschedule.pubsub.bridge: umgr.unschedule.pubsub.bridge   : umgr.unschedule.pubsub.bridge.child.watch: INFO    : send message: alive
2017-05-30 22:37:38,802: umgr.unschedule.pubsub.bridge: umgr.unschedule.pubsub.bridge   : MainThread     : INFO    : recv message: alive
2017-05-30 22:37:38,802: umgr.unschedule.pubsub.bridge: umgr.unschedule.pubsub.bridge   : MainThread     : DEBUG   : ru_initialize_common (NOOP)
2017-05-30 22:37:38,802: umgr.unschedule.pubsub.bridge: umgr.unschedule.pubsub.bridge   : MainThread     : DEBUG   : ru_initialize_parent (NOOP)
2017-05-30 22:37:38,802: umgr.unschedule.pubsub.bridge: umgr.unschedule.pubsub.bridge   : MainThread     : DEBUG   : child thread umgr.unschedule.pubsub.bridge.child.watch started
2017-05-30 22:37:38,802: umgr.unschedule.pubsub.bridge: umgr.unschedule.pubsub.bridge   : MainThread     : INFO    : child (me) is alive
2017-05-30 22:37:38,802: umgr.unschedule.pubsub.bridge: umgr.unschedule.pubsub.bridge   : MainThread     : DEBUG   : ru_initialize_common (NOOP)
2017-05-30 22:37:38,804: umgr.unschedule.pubsub.bridge: umgr.unschedule.pubsub.bridge.child: MainThread     : INFO    : send alive
2017-05-30 22:37:38,804: umgr.unschedule.pubsub.bridge: umgr.unschedule.pubsub.bridge.child: MainThread     : INFO    : send message: alive
2017-05-30 22:37:38,804: umgr.unschedule.pubsub.bridge: MainProcess                     : MainThread     : INFO    : recv message: alive
2017-05-30 22:37:38,805: umgr.unschedule.pubsub.bridge: MainProcess                     : MainThread     : DEBUG   : start thread
2017-05-30 22:37:38,805: umgr.unschedule.pubsub.bridge: MainProcess                     : umgr.unschedule.pubsub.bridge.watch: INFO    : child (me) initializing
2017-05-30 22:37:38,805: umgr.unschedule.pubsub.bridge: MainProcess                     : umgr.unschedule.pubsub.bridge.watch: DEBUG   : ru_initialize_common (NOOP)
2017-05-30 22:37:38,805: umgr.unschedule.pubsub.bridge: MainProcess                     : umgr.unschedule.pubsub.bridge.watch: DEBUG   : ru_initialize_child (NOOP)
2017-05-30 22:37:38,805: umgr.unschedule.pubsub.bridge: MainProcess                     : umgr.unschedule.pubsub.bridge.watch: INFO    : send alive
2017-05-30 22:37:38,805: umgr.unschedule.pubsub.bridge: MainProcess                     : umgr.unschedule.pubsub.bridge.watch: INFO    : send message: alive
2017-05-30 22:37:38,806: umgr.unschedule.pubsub.bridge: MainProcess                     : MainThread     : INFO    : recv message: alive
2017-05-30 22:37:38,806: umgr.unschedule.pubsub.bridge: MainProcess                     : MainThread     : DEBUG   : ru_initialize_common (NOOP)
2017-05-30 22:37:38,806: umgr.unschedule.pubsub.bridge: MainProcess                     : MainThread     : DEBUG   : ru_initialize_parent (NOOP)
2017-05-30 22:37:38,806: umgr.unschedule.pubsub.bridge: MainProcess                     : MainThread     : DEBUG   : child thread umgr.unschedule.pubsub.bridge.watch started
2017-05-30 22:37:38,806: umgr.unschedule.pubsub.bridge: MainProcess                     : MainThread     : INFO    : child is alive
2017-05-30 22:37:38,807: umgr.unschedule.pubsub.bridge: MainProcess                     : MainThread     : DEBUG   : ru_initialize_common (NOOP)
2017-05-30 22:37:38,807: umgr.unschedule.pubsub.bridge: MainProcess                     : MainThread     : DEBUG   : ru_initialize_parent (NOOP)
2017-05-30 22:37:38,807: umgr.unschedule.pubsub.bridge: MainProcess                     : MainThread     : DEBUG   : child process started
2017-05-30 22:45:23,243: umgr.unschedule.pubsub.bridge: MainProcess                     : MainThread     : INFO    : parent stops child
2017-05-30 22:45:23,243: umgr.unschedule.pubsub.bridge: MainProcess                     : MainThread     : DEBUG   : ru_finalize_parent (NOOP)
2017-05-30 22:45:23,244: umgr.unschedule.pubsub.bridge: MainProcess                     : MainThread     : DEBUG   : ru_finalize_common (NOOP)
2017-05-30 22:45:23,244: umgr.unschedule.pubsub.bridge: MainProcess                     : MainThread     : INFO    : parent stops child
2017-05-30 22:45:23,244: umgr.unschedule.pubsub.bridge: MainProcess                     : MainThread     : DEBUG   : ru_finalize_parent (NOOP)
2017-05-30 22:45:23,245: umgr.unschedule.pubsub.bridge: MainProcess                     : MainThread     : DEBUG   : ru_finalize_common (NOOP)
2017-05-30 22:45:23,248: umgr.unschedule.pubsub.bridge: MainProcess                     : umgr.unschedule.pubsub.bridge.watch: INFO    : send message: work finished
2017-05-30 22:45:23,248: umgr.unschedule.pubsub.bridge: MainProcess                     : umgr.unschedule.pubsub.bridge.watch: DEBUG   : ru_finalize_child (NOOP)
2017-05-30 22:45:23,248: umgr.unschedule.pubsub.bridge: MainProcess                     : umgr.unschedule.pubsub.bridge.watch: DEBUG   : ru_finalize_common (NOOP)
2017-05-30 22:45:23,248: umgr.unschedule.pubsub.bridge: MainProcess                     : umgr.unschedule.pubsub.bridge.watch: INFO    : send message: terminating
2017-05-30 22:45:23,353: umgr.unschedule.pubsub.bridge: MainProcess                     : MainThread     : WARNING : failed to stop child - terminate
2017-05-30 22:45:32,511: umgr.unschedule.pubsub.bridge: MainProcess                     : MainThread     : INFO    : radical.pilot        version: split-81-gf853cc9b@feature-bridges
2017-05-30 22:45:32,511: umgr.unschedule.pubsub.bridge: MainProcess                     : MainThread     : INFO    : create umgr_unschedule_pubsub - bridge - tcp://*:*
2017-05-30 22:45:32,512: umgr.unschedule.pubsub.bridge: MainProcess                     : MainThread     : DEBUG   : start process
2017-05-30 22:45:32,523: umgr.unschedule.pubsub.bridge: umgr.unschedule.pubsub.bridge   : MainThread     : INFO    : child (me) initializing
2017-05-30 22:45:32,523: umgr.unschedule.pubsub.bridge: umgr.unschedule.pubsub.bridge   : MainThread     : DEBUG   : start thread
2017-05-30 22:45:32,523: umgr.unschedule.pubsub.bridge: umgr.unschedule.pubsub.bridge   : umgr.unschedule.pubsub.bridge.child.watch: INFO    : child (me) initializing
2017-05-30 22:45:32,523: umgr.unschedule.pubsub.bridge: umgr.unschedule.pubsub.bridge   : umgr.unschedule.pubsub.bridge.child.watch: DEBUG   : ru_initialize_common (NOOP)
2017-05-30 22:45:32,523: umgr.unschedule.pubsub.bridge: umgr.unschedule.pubsub.bridge   : umgr.unschedule.pubsub.bridge.child.watch: DEBUG   : ru_initialize_child (NOOP)
2017-05-30 22:45:32,523: umgr.unschedule.pubsub.bridge: umgr.unschedule.pubsub.bridge   : umgr.unschedule.pubsub.bridge.child.watch: INFO    : send alive
2017-05-30 22:45:32,524: umgr.unschedule.pubsub.bridge: umgr.unschedule.pubsub.bridge   : umgr.unschedule.pubsub.bridge.child.watch: INFO    : send message: alive
2017-05-30 22:45:32,524: umgr.unschedule.pubsub.bridge: umgr.unschedule.pubsub.bridge   : MainThread     : INFO    : recv message: alive
2017-05-30 22:45:32,525: umgr.unschedule.pubsub.bridge: umgr.unschedule.pubsub.bridge   : MainThread     : DEBUG   : ru_initialize_common (NOOP)
2017-05-30 22:45:32,525: umgr.unschedule.pubsub.bridge: umgr.unschedule.pubsub.bridge   : MainThread     : DEBUG   : ru_initialize_parent (NOOP)
2017-05-30 22:45:32,525: umgr.unschedule.pubsub.bridge: umgr.unschedule.pubsub.bridge   : MainThread     : DEBUG   : child thread umgr.unschedule.pubsub.bridge.child.watch started
2017-05-30 22:45:32,525: umgr.unschedule.pubsub.bridge: umgr.unschedule.pubsub.bridge   : MainThread     : INFO    : child (me) is alive
2017-05-30 22:45:32,525: umgr.unschedule.pubsub.bridge: umgr.unschedule.pubsub.bridge   : MainThread     : DEBUG   : ru_initialize_common (NOOP)
2017-05-30 22:45:32,527: umgr.unschedule.pubsub.bridge: umgr.unschedule.pubsub.bridge.child: MainThread     : INFO    : send alive
2017-05-30 22:45:32,527: umgr.unschedule.pubsub.bridge: umgr.unschedule.pubsub.bridge.child: MainThread     : INFO    : send message: alive
2017-05-30 22:45:32,527: umgr.unschedule.pubsub.bridge: MainProcess                     : MainThread     : INFO    : recv message: alive
2017-05-30 22:45:32,528: umgr.unschedule.pubsub.bridge: MainProcess                     : MainThread     : DEBUG   : start thread
2017-05-30 22:45:32,528: umgr.unschedule.pubsub.bridge: MainProcess                     : umgr.unschedule.pubsub.bridge.watch: INFO    : child (me) initializing
2017-05-30 22:45:32,528: umgr.unschedule.pubsub.bridge: MainProcess                     : umgr.unschedule.pubsub.bridge.watch: DEBUG   : ru_initialize_common (NOOP)
2017-05-30 22:45:32,528: umgr.unschedule.pubsub.bridge: MainProcess                     : umgr.unschedule.pubsub.bridge.watch: DEBUG   : ru_initialize_child (NOOP)
2017-05-30 22:45:32,528: umgr.unschedule.pubsub.bridge: MainProcess                     : umgr.unschedule.pubsub.bridge.watch: INFO    : send alive
2017-05-30 22:45:32,528: umgr.unschedule.pubsub.bridge: MainProcess                     : umgr.unschedule.pubsub.bridge.watch: INFO    : send message: alive
2017-05-30 22:45:32,529: umgr.unschedule.pubsub.bridge: MainProcess                     : MainThread     : INFO    : recv message: alive
2017-05-30 22:45:32,529: umgr.unschedule.pubsub.bridge: MainProcess                     : MainThread     : DEBUG   : ru_initialize_common (NOOP)
2017-05-30 22:45:32,529: umgr.unschedule.pubsub.bridge: MainProcess                     : MainThread     : DEBUG   : ru_initialize_parent (NOOP)
2017-05-30 22:45:32,530: umgr.unschedule.pubsub.bridge: MainProcess                     : MainThread     : DEBUG   : child thread umgr.unschedule.pubsub.bridge.watch started
2017-05-30 22:45:32,530: umgr.unschedule.pubsub.bridge: MainProcess                     : MainThread     : INFO    : child is alive
2017-05-30 22:45:32,530: umgr.unschedule.pubsub.bridge: MainProcess                     : MainThread     : DEBUG   : ru_initialize_common (NOOP)
2017-05-30 22:45:32,530: umgr.unschedule.pubsub.bridge: MainProcess                     : MainThread     : DEBUG   : ru_initialize_parent (NOOP)
2017-05-30 22:45:32,530: umgr.unschedule.pubsub.bridge: MainProcess                     : MainThread     : DEBUG   : child process started
2017-05-30 22:45:33,249: umgr.unschedule.pubsub.bridge: MainProcess                     : MainThread     : INFO    : parent stops child
2017-05-30 22:45:33,249: umgr.unschedule.pubsub.bridge: MainProcess                     : MainThread     : DEBUG   : ru_finalize_parent (NOOP)
2017-05-30 22:45:33,249: umgr.unschedule.pubsub.bridge: MainProcess                     : MainThread     : DEBUG   : ru_finalize_common (NOOP)
2017-05-30 22:45:33,250: umgr.unschedule.pubsub.bridge: MainProcess                     : MainThread     : INFO    : parent stops child
2017-05-30 22:45:33,250: umgr.unschedule.pubsub.bridge: MainProcess                     : MainThread     : DEBUG   : ru_finalize_parent (NOOP)
2017-05-30 22:45:33,250: umgr.unschedule.pubsub.bridge: MainProcess                     : MainThread     : DEBUG   : ru_finalize_common (NOOP)
2017-05-30 22:45:33,331: umgr.unschedule.pubsub.bridge: MainProcess                     : umgr.unschedule.pubsub.bridge.watch: INFO    : send message: work finished
2017-05-30 22:45:33,331: umgr.unschedule.pubsub.bridge: MainProcess                     : umgr.unschedule.pubsub.bridge.watch: DEBUG   : ru_finalize_child (NOOP)
2017-05-30 22:45:33,331: umgr.unschedule.pubsub.bridge: MainProcess                     : umgr.unschedule.pubsub.bridge.watch: DEBUG   : ru_finalize_common (NOOP)
2017-05-30 22:45:33,331: umgr.unschedule.pubsub.bridge: MainProcess                     : umgr.unschedule.pubsub.bridge.watch: INFO    : send message: terminating
2017-05-30 22:45:33,464: umgr.unschedule.pubsub.bridge: MainProcess                     : MainThread     : WARNING : failed to stop child - terminate
