2017-05-30 22:15:10,152: update.0            : MainProcess                     : MainThread     : INFO    : python.interpreter   version: 2.7.12 (default, Nov 19 2016, 06:48:10) [GCC 5.4.0 20160609]
2017-05-30 22:15:10,153: update.0            : MainProcess                     : MainThread     : INFO    :                      pid: 24564
2017-05-30 22:15:10,153: update.0            : MainProcess                     : MainThread     : INFO    :                      tid: MainThread
2017-05-30 22:15:10,153: update.0            : MainProcess                     : MainThread     : INFO    : radical.pilot        version: split-81-gf853cc9b@feature-bridges
2017-05-30 22:15:10,153: update.0            : MainProcess                     : MainThread     : DEBUG   : start process
2017-05-30 22:15:10,157: update.0            : update.0                        : MainThread     : INFO    : child (me) initializing
2017-05-30 22:15:10,157: update.0            : update.0                        : MainThread     : DEBUG   : start thread
2017-05-30 22:15:10,157: update.0            : update.0                        : update.0.child.watch: INFO    : child (me) initializing
2017-05-30 22:15:10,158: update.0            : update.0                        : update.0.child.watch: DEBUG   : ru_initialize_common (NOOP)
2017-05-30 22:15:10,158: update.0            : update.0                        : update.0.child.watch: DEBUG   : ru_initialize_child (NOOP)
2017-05-30 22:15:10,158: update.0            : update.0                        : update.0.child.watch: INFO    : send alive
2017-05-30 22:15:10,158: update.0            : update.0                        : update.0.child.watch: INFO    : send message: alive
2017-05-30 22:15:10,159: update.0            : update.0                        : MainThread     : INFO    : recv message: alive
2017-05-30 22:15:10,159: update.0            : update.0                        : MainThread     : DEBUG   : ru_initialize_common (NOOP)
2017-05-30 22:15:10,159: update.0            : update.0                        : MainThread     : DEBUG   : ru_initialize_parent (NOOP)
2017-05-30 22:15:10,159: update.0            : update.0                        : MainThread     : DEBUG   : child thread update.0.child.watch started
2017-05-30 22:15:10,159: update.0            : update.0                        : MainThread     : INFO    : child (me) is alive
2017-05-30 22:15:10,731: update.0            : update.0                        : MainThread     : INFO    : send alive
2017-05-30 22:15:10,731: update.0            : update.0                        : MainThread     : INFO    : send message: alive
2017-05-30 22:15:10,731: update.0            : MainProcess                     : MainThread     : INFO    : recv message: alive
2017-05-30 22:15:10,732: update.0            : MainProcess                     : MainThread     : DEBUG   : start thread
2017-05-30 22:15:10,732: update.0            : MainProcess                     : update.0.watch : INFO    : child (me) initializing
2017-05-30 22:15:10,733: update.0            : MainProcess                     : update.0.watch : DEBUG   : ru_initialize_common (NOOP)
2017-05-30 22:15:10,733: update.0            : MainProcess                     : update.0.watch : DEBUG   : ru_initialize_child (NOOP)
2017-05-30 22:15:10,733: update.0            : MainProcess                     : update.0.watch : INFO    : send alive
2017-05-30 22:15:10,733: update.0            : MainProcess                     : update.0.watch : INFO    : send message: alive
2017-05-30 22:15:10,734: update.0            : MainProcess                     : MainThread     : INFO    : recv message: alive
2017-05-30 22:15:10,734: update.0            : MainProcess                     : MainThread     : DEBUG   : ru_initialize_common (NOOP)
2017-05-30 22:15:10,735: update.0            : MainProcess                     : MainThread     : DEBUG   : ru_initialize_parent (NOOP)
2017-05-30 22:15:10,735: update.0            : MainProcess                     : MainThread     : DEBUG   : child thread update.0.watch started
2017-05-30 22:15:10,735: update.0            : MainProcess                     : MainThread     : INFO    : child is alive
2017-05-30 22:15:10,735: update.0            : MainProcess                     : MainThread     : INFO    : radical.pilot        version: split-81-gf853cc9b@feature-bridges
2017-05-30 22:15:10,744: update.0            : MainProcess                     : MainThread     : INFO    : initialize update.0
2017-05-30 22:15:10,748: update.0            : MainProcess                     : MainThread     : INFO    : cfg: {'agents': {},
 u'bridges': {u'control_pubsub': {'addr_in': 'tcp://138.201.86.166:34047',
                                  'addr_out': 'tcp://138.201.86.166:37683',
                                  u'bulk_size': 0,
                                  u'log_level': u'debug',
                                  u'stall_hwm': 1},
              u'log_pubsub': {'addr_in': 'tcp://138.201.86.166:43314',
                              'addr_out': 'tcp://138.201.86.166:39234',
                              u'bulk_size': 0,
                              u'log_level': u'debug',
                              u'stall_hwm': 1},
              u'state_pubsub': {'addr_in': 'tcp://138.201.86.166:42040',
                                'addr_out': 'tcp://138.201.86.166:40251',
                                u'bulk_size': 0,
                                u'log_level': u'debug',
                                u'stall_hwm': 1}},
 'cname': u'UpdateWorker',
 u'components': {},
 u'count': 1,
 'dburl': 'mongodb://mingtaiha:mingtaiha@ds053838.mlab.com:53838/hicomb',
 'debug': 'DEBUG',
 u'default_dburl': u'mongodb://rp:rp@ds015335.mlab.com:15335/rp',
 'logdir': '/home/mingtha/repos/affinity_model/exp/model_confirm/rp.session.Ubuntu-1604-xenial-64-minimal.mingtha.017316.0017',
 'number': 0,
 'owner': 'rp.session.Ubuntu-1604-xenial-64-minimal.mingtha.017316.0017',
 'session_id': 'rp.session.Ubuntu-1604-xenial-64-minimal.mingtha.017316.0017'}
2017-05-30 22:15:10,748: update.0            : MainProcess                     : MainThread     : DEBUG   : START: update.0 register publisher log_pubsub
2017-05-30 22:15:10,748: update.0            : MainProcess                     : MainThread     : DEBUG   : using addr tcp://138.201.86.166:43314 for pubsub log_pubsub
2017-05-30 22:15:10,751: update.0            : MainProcess                     : MainThread     : DEBUG   : registered publisher : log_pubsub : log.pubsub.pub
2017-05-30 22:15:10,752: update.0            : MainProcess                     : MainThread     : DEBUG   : START: update.0 register publisher state_pubsub
2017-05-30 22:15:10,752: update.0            : MainProcess                     : MainThread     : DEBUG   : using addr tcp://138.201.86.166:42040 for pubsub state_pubsub
2017-05-30 22:15:10,754: update.0            : MainProcess                     : MainThread     : DEBUG   : registered publisher : state_pubsub : state.pubsub.pub
2017-05-30 22:15:10,755: update.0            : MainProcess                     : MainThread     : DEBUG   : START: update.0 register publisher control_pubsub
2017-05-30 22:15:10,755: update.0            : MainProcess                     : MainThread     : DEBUG   : using addr tcp://138.201.86.166:34047 for pubsub control_pubsub
2017-05-30 22:15:10,757: update.0            : MainProcess                     : MainThread     : DEBUG   : registered publisher : control_pubsub : control.pubsub.pub
2017-05-30 22:15:10,757: update.0            : MainProcess                     : MainThread     : DEBUG   : child process started
2017-05-30 22:21:57,417: update.0            : MainProcess                     : MainThread     : INFO    : radical.pilot        version: split-81-gf853cc9b@feature-bridges
2017-05-30 22:21:57,417: update.0            : MainProcess                     : MainThread     : DEBUG   : start process
2017-05-30 22:21:57,422: update.0            : update.0                        : MainThread     : INFO    : child (me) initializing
2017-05-30 22:21:57,423: update.0            : update.0                        : MainThread     : DEBUG   : start thread
2017-05-30 22:21:57,423: update.0            : update.0                        : update.0.child.watch: INFO    : child (me) initializing
2017-05-30 22:21:57,423: update.0            : update.0                        : update.0.child.watch: DEBUG   : ru_initialize_common (NOOP)
2017-05-30 22:21:57,423: update.0            : update.0                        : update.0.child.watch: DEBUG   : ru_initialize_child (NOOP)
2017-05-30 22:21:57,423: update.0            : update.0                        : update.0.child.watch: INFO    : send alive
2017-05-30 22:21:57,423: update.0            : update.0                        : update.0.child.watch: INFO    : send message: alive
2017-05-30 22:21:57,424: update.0            : update.0                        : MainThread     : INFO    : recv message: alive
2017-05-30 22:21:57,424: update.0            : update.0                        : MainThread     : DEBUG   : ru_initialize_common (NOOP)
2017-05-30 22:21:57,424: update.0            : update.0                        : MainThread     : DEBUG   : ru_initialize_parent (NOOP)
2017-05-30 22:21:57,424: update.0            : update.0                        : MainThread     : DEBUG   : child thread update.0.child.watch started
2017-05-30 22:21:57,424: update.0            : update.0                        : MainThread     : INFO    : child (me) is alive
2017-05-30 22:21:58,009: update.0            : update.0                        : MainThread     : INFO    : send alive
2017-05-30 22:21:58,009: update.0            : update.0                        : MainThread     : INFO    : send message: alive
2017-05-30 22:21:58,010: update.0            : MainProcess                     : MainThread     : INFO    : recv message: alive
2017-05-30 22:21:58,010: update.0            : MainProcess                     : MainThread     : DEBUG   : start thread
2017-05-30 22:21:58,011: update.0            : MainProcess                     : update.0.watch : INFO    : child (me) initializing
2017-05-30 22:21:58,011: update.0            : MainProcess                     : update.0.watch : DEBUG   : ru_initialize_common (NOOP)
2017-05-30 22:21:58,011: update.0            : MainProcess                     : update.0.watch : DEBUG   : ru_initialize_child (NOOP)
2017-05-30 22:21:58,012: update.0            : MainProcess                     : update.0.watch : INFO    : send alive
2017-05-30 22:21:58,012: update.0            : MainProcess                     : update.0.watch : INFO    : send message: alive
2017-05-30 22:21:58,013: update.0            : MainProcess                     : MainThread     : INFO    : recv message: alive
2017-05-30 22:21:58,013: update.0            : MainProcess                     : MainThread     : DEBUG   : ru_initialize_common (NOOP)
2017-05-30 22:21:58,013: update.0            : MainProcess                     : MainThread     : DEBUG   : ru_initialize_parent (NOOP)
2017-05-30 22:21:58,013: update.0            : MainProcess                     : MainThread     : DEBUG   : child thread update.0.watch started
2017-05-30 22:21:58,013: update.0            : MainProcess                     : MainThread     : INFO    : child is alive
2017-05-30 22:21:58,013: update.0            : MainProcess                     : MainThread     : INFO    : radical.pilot        version: split-81-gf853cc9b@feature-bridges
2017-05-30 22:21:58,078: update.0            : MainProcess                     : MainThread     : INFO    : initialize update.0
2017-05-30 22:21:58,082: update.0            : MainProcess                     : MainThread     : INFO    : cfg: {'agents': {},
 u'bridges': {u'control_pubsub': {'addr_in': 'tcp://138.201.86.166:38427',
                                  'addr_out': 'tcp://138.201.86.166:45762',
                                  u'bulk_size': 0,
                                  u'log_level': u'debug',
                                  u'stall_hwm': 1},
              u'log_pubsub': {'addr_in': 'tcp://138.201.86.166:39312',
                              'addr_out': 'tcp://138.201.86.166:38920',
                              u'bulk_size': 0,
                              u'log_level': u'debug',
                              u'stall_hwm': 1},
              u'state_pubsub': {'addr_in': 'tcp://138.201.86.166:41013',
                                'addr_out': 'tcp://138.201.86.166:36088',
                                u'bulk_size': 0,
                                u'log_level': u'debug',
                                u'stall_hwm': 1}},
 'cname': u'UpdateWorker',
 u'components': {},
 u'count': 1,
 'dburl': 'mongodb://mingtaiha:mingtaiha@ds053838.mlab.com:53838/hicomb',
 'debug': 'DEBUG',
 u'default_dburl': u'mongodb://rp:rp@ds015335.mlab.com:15335/rp',
 'logdir': '/home/mingtha/repos/affinity_model/exp/model_confirm/rp.session.Ubuntu-1604-xenial-64-minimal.mingtha.017316.0018',
 'number': 0,
 'owner': 'rp.session.Ubuntu-1604-xenial-64-minimal.mingtha.017316.0018',
 'session_id': 'rp.session.Ubuntu-1604-xenial-64-minimal.mingtha.017316.0018'}
2017-05-30 22:21:58,082: update.0            : MainProcess                     : MainThread     : DEBUG   : START: update.0 register publisher log_pubsub
2017-05-30 22:21:58,082: update.0            : MainProcess                     : MainThread     : DEBUG   : using addr tcp://138.201.86.166:39312 for pubsub log_pubsub
2017-05-30 22:21:58,084: update.0            : MainProcess                     : MainThread     : DEBUG   : registered publisher : log_pubsub : log.pubsub.pub
2017-05-30 22:21:58,084: update.0            : MainProcess                     : MainThread     : DEBUG   : START: update.0 register publisher state_pubsub
2017-05-30 22:21:58,084: update.0            : MainProcess                     : MainThread     : DEBUG   : using addr tcp://138.201.86.166:41013 for pubsub state_pubsub
2017-05-30 22:21:58,085: update.0            : MainProcess                     : MainThread     : DEBUG   : registered publisher : state_pubsub : state.pubsub.pub
2017-05-30 22:21:58,086: update.0            : MainProcess                     : MainThread     : DEBUG   : START: update.0 register publisher control_pubsub
2017-05-30 22:21:58,086: update.0            : MainProcess                     : MainThread     : DEBUG   : using addr tcp://138.201.86.166:38427 for pubsub control_pubsub
2017-05-30 22:21:58,087: update.0            : MainProcess                     : MainThread     : DEBUG   : registered publisher : control_pubsub : control.pubsub.pub
2017-05-30 22:21:58,087: update.0            : MainProcess                     : MainThread     : DEBUG   : child process started
2017-05-30 22:29:50,337: update.0            : MainProcess                     : MainThread     : INFO    : radical.pilot        version: split-81-gf853cc9b@feature-bridges
2017-05-30 22:29:50,338: update.0            : MainProcess                     : MainThread     : DEBUG   : start process
2017-05-30 22:29:50,345: update.0            : update.0                        : MainThread     : INFO    : child (me) initializing
2017-05-30 22:29:50,345: update.0            : update.0                        : MainThread     : DEBUG   : start thread
2017-05-30 22:29:50,345: update.0            : update.0                        : update.0.child.watch: INFO    : child (me) initializing
2017-05-30 22:29:50,346: update.0            : update.0                        : update.0.child.watch: DEBUG   : ru_initialize_common (NOOP)
2017-05-30 22:29:50,346: update.0            : update.0                        : update.0.child.watch: DEBUG   : ru_initialize_child (NOOP)
2017-05-30 22:29:50,346: update.0            : update.0                        : update.0.child.watch: INFO    : send alive
2017-05-30 22:29:50,346: update.0            : update.0                        : update.0.child.watch: INFO    : send message: alive
2017-05-30 22:29:50,347: update.0            : update.0                        : MainThread     : INFO    : recv message: alive
2017-05-30 22:29:50,347: update.0            : update.0                        : MainThread     : DEBUG   : ru_initialize_common (NOOP)
2017-05-30 22:29:50,347: update.0            : update.0                        : MainThread     : DEBUG   : ru_initialize_parent (NOOP)
2017-05-30 22:29:50,347: update.0            : update.0                        : MainThread     : DEBUG   : child thread update.0.child.watch started
2017-05-30 22:29:50,347: update.0            : update.0                        : MainThread     : INFO    : child (me) is alive
2017-05-30 22:29:50,948: update.0            : update.0                        : MainThread     : INFO    : send alive
2017-05-30 22:29:50,948: update.0            : update.0                        : MainThread     : INFO    : send message: alive
2017-05-30 22:29:50,948: update.0            : MainProcess                     : MainThread     : INFO    : recv message: alive
2017-05-30 22:29:50,949: update.0            : MainProcess                     : MainThread     : DEBUG   : start thread
2017-05-30 22:29:50,949: update.0            : MainProcess                     : update.0.watch : INFO    : child (me) initializing
2017-05-30 22:29:50,950: update.0            : MainProcess                     : update.0.watch : DEBUG   : ru_initialize_common (NOOP)
2017-05-30 22:29:50,950: update.0            : MainProcess                     : update.0.watch : DEBUG   : ru_initialize_child (NOOP)
2017-05-30 22:29:50,950: update.0            : MainProcess                     : update.0.watch : INFO    : send alive
2017-05-30 22:29:50,950: update.0            : MainProcess                     : update.0.watch : INFO    : send message: alive
2017-05-30 22:29:50,951: update.0            : MainProcess                     : MainThread     : INFO    : recv message: alive
2017-05-30 22:29:50,951: update.0            : MainProcess                     : MainThread     : DEBUG   : ru_initialize_common (NOOP)
2017-05-30 22:29:50,951: update.0            : MainProcess                     : MainThread     : DEBUG   : ru_initialize_parent (NOOP)
2017-05-30 22:29:50,951: update.0            : MainProcess                     : MainThread     : DEBUG   : child thread update.0.watch started
2017-05-30 22:29:50,952: update.0            : MainProcess                     : MainThread     : INFO    : child is alive
2017-05-30 22:29:50,952: update.0            : MainProcess                     : MainThread     : INFO    : radical.pilot        version: split-81-gf853cc9b@feature-bridges
2017-05-30 22:29:51,001: update.0            : MainProcess                     : MainThread     : INFO    : initialize update.0
2017-05-30 22:29:51,005: update.0            : MainProcess                     : MainThread     : INFO    : cfg: {'agents': {},
 u'bridges': {u'control_pubsub': {'addr_in': 'tcp://138.201.86.166:41927',
                                  'addr_out': 'tcp://138.201.86.166:42812',
                                  u'bulk_size': 0,
                                  u'log_level': u'debug',
                                  u'stall_hwm': 1},
              u'log_pubsub': {'addr_in': 'tcp://138.201.86.166:41020',
                              'addr_out': 'tcp://138.201.86.166:41079',
                              u'bulk_size': 0,
                              u'log_level': u'debug',
                              u'stall_hwm': 1},
              u'state_pubsub': {'addr_in': 'tcp://138.201.86.166:46272',
                                'addr_out': 'tcp://138.201.86.166:45737',
                                u'bulk_size': 0,
                                u'log_level': u'debug',
                                u'stall_hwm': 1}},
 'cname': u'UpdateWorker',
 u'components': {},
 u'count': 1,
 'dburl': 'mongodb://mingtaiha:mingtaiha@ds053838.mlab.com:53838/hicomb',
 'debug': 'DEBUG',
 u'default_dburl': u'mongodb://rp:rp@ds015335.mlab.com:15335/rp',
 'logdir': '/home/mingtha/repos/affinity_model/exp/model_confirm/rp.session.Ubuntu-1604-xenial-64-minimal.mingtha.017316.0019',
 'number': 0,
 'owner': 'rp.session.Ubuntu-1604-xenial-64-minimal.mingtha.017316.0019',
 'session_id': 'rp.session.Ubuntu-1604-xenial-64-minimal.mingtha.017316.0019'}
2017-05-30 22:29:51,006: update.0            : MainProcess                     : MainThread     : DEBUG   : START: update.0 register publisher log_pubsub
2017-05-30 22:29:51,006: update.0            : MainProcess                     : MainThread     : DEBUG   : using addr tcp://138.201.86.166:41020 for pubsub log_pubsub
2017-05-30 22:29:51,008: update.0            : MainProcess                     : MainThread     : DEBUG   : registered publisher : log_pubsub : log.pubsub.pub
2017-05-30 22:29:51,008: update.0            : MainProcess                     : MainThread     : DEBUG   : START: update.0 register publisher state_pubsub
2017-05-30 22:29:51,008: update.0            : MainProcess                     : MainThread     : DEBUG   : using addr tcp://138.201.86.166:46272 for pubsub state_pubsub
2017-05-30 22:29:51,009: update.0            : MainProcess                     : MainThread     : DEBUG   : registered publisher : state_pubsub : state.pubsub.pub
2017-05-30 22:29:51,009: update.0            : MainProcess                     : MainThread     : DEBUG   : START: update.0 register publisher control_pubsub
2017-05-30 22:29:51,010: update.0            : MainProcess                     : MainThread     : DEBUG   : using addr tcp://138.201.86.166:41927 for pubsub control_pubsub
2017-05-30 22:29:51,011: update.0            : MainProcess                     : MainThread     : DEBUG   : registered publisher : control_pubsub : control.pubsub.pub
2017-05-30 22:29:51,011: update.0            : MainProcess                     : MainThread     : DEBUG   : child process started
2017-05-30 22:37:36,242: update.0            : MainProcess                     : MainThread     : INFO    : radical.pilot        version: split-81-gf853cc9b@feature-bridges
2017-05-30 22:37:36,243: update.0            : MainProcess                     : MainThread     : DEBUG   : start process
2017-05-30 22:37:36,254: update.0            : update.0                        : MainThread     : INFO    : child (me) initializing
2017-05-30 22:37:36,254: update.0            : update.0                        : MainThread     : DEBUG   : start thread
2017-05-30 22:37:36,255: update.0            : update.0                        : update.0.child.watch: INFO    : child (me) initializing
2017-05-30 22:37:36,255: update.0            : update.0                        : update.0.child.watch: DEBUG   : ru_initialize_common (NOOP)
2017-05-30 22:37:36,255: update.0            : update.0                        : update.0.child.watch: DEBUG   : ru_initialize_child (NOOP)
2017-05-30 22:37:36,255: update.0            : update.0                        : update.0.child.watch: INFO    : send alive
2017-05-30 22:37:36,255: update.0            : update.0                        : update.0.child.watch: INFO    : send message: alive
2017-05-30 22:37:36,256: update.0            : update.0                        : MainThread     : INFO    : recv message: alive
2017-05-30 22:37:36,256: update.0            : update.0                        : MainThread     : DEBUG   : ru_initialize_common (NOOP)
2017-05-30 22:37:36,256: update.0            : update.0                        : MainThread     : DEBUG   : ru_initialize_parent (NOOP)
2017-05-30 22:37:36,256: update.0            : update.0                        : MainThread     : DEBUG   : child thread update.0.child.watch started
2017-05-30 22:37:36,256: update.0            : update.0                        : MainThread     : INFO    : child (me) is alive
2017-05-30 22:37:36,791: update.0            : update.0                        : MainThread     : INFO    : send alive
2017-05-30 22:37:36,791: update.0            : update.0                        : MainThread     : INFO    : send message: alive
2017-05-30 22:37:36,791: update.0            : MainProcess                     : MainThread     : INFO    : recv message: alive
2017-05-30 22:37:36,792: update.0            : MainProcess                     : MainThread     : DEBUG   : start thread
2017-05-30 22:37:36,792: update.0            : MainProcess                     : update.0.watch : INFO    : child (me) initializing
2017-05-30 22:37:36,793: update.0            : MainProcess                     : update.0.watch : DEBUG   : ru_initialize_common (NOOP)
2017-05-30 22:37:36,793: update.0            : MainProcess                     : update.0.watch : DEBUG   : ru_initialize_child (NOOP)
2017-05-30 22:37:36,793: update.0            : MainProcess                     : update.0.watch : INFO    : send alive
2017-05-30 22:37:36,793: update.0            : MainProcess                     : update.0.watch : INFO    : send message: alive
2017-05-30 22:37:36,794: update.0            : MainProcess                     : MainThread     : INFO    : recv message: alive
2017-05-30 22:37:36,794: update.0            : MainProcess                     : MainThread     : DEBUG   : ru_initialize_common (NOOP)
2017-05-30 22:37:36,794: update.0            : MainProcess                     : MainThread     : DEBUG   : ru_initialize_parent (NOOP)
2017-05-30 22:37:36,795: update.0            : MainProcess                     : MainThread     : DEBUG   : child thread update.0.watch started
2017-05-30 22:37:36,795: update.0            : MainProcess                     : MainThread     : INFO    : child is alive
2017-05-30 22:37:36,795: update.0            : MainProcess                     : MainThread     : INFO    : radical.pilot        version: split-81-gf853cc9b@feature-bridges
2017-05-30 22:37:36,799: update.0            : MainProcess                     : MainThread     : INFO    : initialize update.0
2017-05-30 22:37:36,802: update.0            : MainProcess                     : MainThread     : INFO    : cfg: {'agents': {},
 u'bridges': {u'control_pubsub': {'addr_in': 'tcp://138.201.86.166:36013',
                                  'addr_out': 'tcp://138.201.86.166:41895',
                                  u'bulk_size': 0,
                                  u'log_level': u'debug',
                                  u'stall_hwm': 1},
              u'log_pubsub': {'addr_in': 'tcp://138.201.86.166:40071',
                              'addr_out': 'tcp://138.201.86.166:40218',
                              u'bulk_size': 0,
                              u'log_level': u'debug',
                              u'stall_hwm': 1},
              u'state_pubsub': {'addr_in': 'tcp://138.201.86.166:40800',
                                'addr_out': 'tcp://138.201.86.166:37247',
                                u'bulk_size': 0,
                                u'log_level': u'debug',
                                u'stall_hwm': 1}},
 'cname': u'UpdateWorker',
 u'components': {},
 u'count': 1,
 'dburl': 'mongodb://mingtaiha:mingtaiha@ds053838.mlab.com:53838/hicomb',
 'debug': 'DEBUG',
 u'default_dburl': u'mongodb://rp:rp@ds015335.mlab.com:15335/rp',
 'logdir': '/home/mingtha/repos/affinity_model/exp/model_confirm/rp.session.Ubuntu-1604-xenial-64-minimal.mingtha.017316.0020',
 'number': 0,
 'owner': 'rp.session.Ubuntu-1604-xenial-64-minimal.mingtha.017316.0020',
 'session_id': 'rp.session.Ubuntu-1604-xenial-64-minimal.mingtha.017316.0020'}
2017-05-30 22:37:36,803: update.0            : MainProcess                     : MainThread     : DEBUG   : START: update.0 register publisher log_pubsub
2017-05-30 22:37:36,803: update.0            : MainProcess                     : MainThread     : DEBUG   : using addr tcp://138.201.86.166:40071 for pubsub log_pubsub
2017-05-30 22:37:36,804: update.0            : MainProcess                     : MainThread     : DEBUG   : registered publisher : log_pubsub : log.pubsub.pub
2017-05-30 22:37:36,804: update.0            : MainProcess                     : MainThread     : DEBUG   : START: update.0 register publisher state_pubsub
2017-05-30 22:37:36,805: update.0            : MainProcess                     : MainThread     : DEBUG   : using addr tcp://138.201.86.166:40800 for pubsub state_pubsub
2017-05-30 22:37:36,806: update.0            : MainProcess                     : MainThread     : DEBUG   : registered publisher : state_pubsub : state.pubsub.pub
2017-05-30 22:37:36,806: update.0            : MainProcess                     : MainThread     : DEBUG   : START: update.0 register publisher control_pubsub
2017-05-30 22:37:36,806: update.0            : MainProcess                     : MainThread     : DEBUG   : using addr tcp://138.201.86.166:36013 for pubsub control_pubsub
2017-05-30 22:37:36,807: update.0            : MainProcess                     : MainThread     : DEBUG   : registered publisher : control_pubsub : control.pubsub.pub
2017-05-30 22:37:36,808: update.0            : MainProcess                     : MainThread     : DEBUG   : child process started
2017-05-30 22:45:27,875: update.0            : MainProcess                     : MainThread     : INFO    : radical.pilot        version: split-81-gf853cc9b@feature-bridges
2017-05-30 22:45:27,875: update.0            : MainProcess                     : MainThread     : DEBUG   : start process
2017-05-30 22:45:27,883: update.0            : update.0                        : MainThread     : INFO    : child (me) initializing
2017-05-30 22:45:27,884: update.0            : update.0                        : MainThread     : DEBUG   : start thread
2017-05-30 22:45:27,884: update.0            : update.0                        : update.0.child.watch: INFO    : child (me) initializing
2017-05-30 22:45:27,884: update.0            : update.0                        : update.0.child.watch: DEBUG   : ru_initialize_common (NOOP)
2017-05-30 22:45:27,884: update.0            : update.0                        : update.0.child.watch: DEBUG   : ru_initialize_child (NOOP)
2017-05-30 22:45:27,884: update.0            : update.0                        : update.0.child.watch: INFO    : send alive
2017-05-30 22:45:27,884: update.0            : update.0                        : update.0.child.watch: INFO    : send message: alive
2017-05-30 22:45:27,885: update.0            : update.0                        : MainThread     : INFO    : recv message: alive
2017-05-30 22:45:27,885: update.0            : update.0                        : MainThread     : DEBUG   : ru_initialize_common (NOOP)
2017-05-30 22:45:27,885: update.0            : update.0                        : MainThread     : DEBUG   : ru_initialize_parent (NOOP)
2017-05-30 22:45:27,885: update.0            : update.0                        : MainThread     : DEBUG   : child thread update.0.child.watch started
2017-05-30 22:45:27,885: update.0            : update.0                        : MainThread     : INFO    : child (me) is alive
2017-05-30 22:45:29,437: update.0            : update.0                        : MainThread     : INFO    : send alive
2017-05-30 22:45:29,437: update.0            : update.0                        : MainThread     : INFO    : send message: alive
2017-05-30 22:45:29,437: update.0            : MainProcess                     : MainThread     : INFO    : recv message: alive
2017-05-30 22:45:29,438: update.0            : MainProcess                     : MainThread     : DEBUG   : start thread
2017-05-30 22:45:29,439: update.0            : MainProcess                     : update.0.watch : INFO    : child (me) initializing
2017-05-30 22:45:29,439: update.0            : MainProcess                     : update.0.watch : DEBUG   : ru_initialize_common (NOOP)
2017-05-30 22:45:29,439: update.0            : MainProcess                     : update.0.watch : DEBUG   : ru_initialize_child (NOOP)
2017-05-30 22:45:29,439: update.0            : MainProcess                     : update.0.watch : INFO    : send alive
2017-05-30 22:45:29,440: update.0            : MainProcess                     : update.0.watch : INFO    : send message: alive
2017-05-30 22:45:29,440: update.0            : MainProcess                     : MainThread     : INFO    : recv message: alive
2017-05-30 22:45:29,440: update.0            : MainProcess                     : MainThread     : DEBUG   : ru_initialize_common (NOOP)
2017-05-30 22:45:29,441: update.0            : MainProcess                     : MainThread     : DEBUG   : ru_initialize_parent (NOOP)
2017-05-30 22:45:29,441: update.0            : MainProcess                     : MainThread     : DEBUG   : child thread update.0.watch started
2017-05-30 22:45:29,441: update.0            : MainProcess                     : MainThread     : INFO    : child is alive
2017-05-30 22:45:29,441: update.0            : MainProcess                     : MainThread     : INFO    : radical.pilot        version: split-81-gf853cc9b@feature-bridges
2017-05-30 22:45:29,445: update.0            : MainProcess                     : MainThread     : INFO    : initialize update.0
2017-05-30 22:45:29,449: update.0            : MainProcess                     : MainThread     : INFO    : cfg: {'agents': {},
 u'bridges': {u'control_pubsub': {'addr_in': 'tcp://138.201.86.166:42112',
                                  'addr_out': 'tcp://138.201.86.166:43822',
                                  u'bulk_size': 0,
                                  u'log_level': u'debug',
                                  u'stall_hwm': 1},
              u'log_pubsub': {'addr_in': 'tcp://138.201.86.166:39496',
                              'addr_out': 'tcp://138.201.86.166:38926',
                              u'bulk_size': 0,
                              u'log_level': u'debug',
                              u'stall_hwm': 1},
              u'state_pubsub': {'addr_in': 'tcp://138.201.86.166:33070',
                                'addr_out': 'tcp://138.201.86.166:41485',
                                u'bulk_size': 0,
                                u'log_level': u'debug',
                                u'stall_hwm': 1}},
 'cname': u'UpdateWorker',
 u'components': {},
 u'count': 1,
 'dburl': 'mongodb://mingtaiha:mingtaiha@ds053838.mlab.com:53838/hicomb',
 'debug': 'DEBUG',
 u'default_dburl': u'mongodb://rp:rp@ds015335.mlab.com:15335/rp',
 'logdir': '/home/mingtha/repos/affinity_model/exp/model_confirm/rp.session.Ubuntu-1604-xenial-64-minimal.mingtha.017316.0021',
 'number': 0,
 'owner': 'rp.session.Ubuntu-1604-xenial-64-minimal.mingtha.017316.0021',
 'session_id': 'rp.session.Ubuntu-1604-xenial-64-minimal.mingtha.017316.0021'}
2017-05-30 22:45:29,450: update.0            : MainProcess                     : MainThread     : DEBUG   : START: update.0 register publisher log_pubsub
2017-05-30 22:45:29,450: update.0            : MainProcess                     : MainThread     : DEBUG   : using addr tcp://138.201.86.166:39496 for pubsub log_pubsub
2017-05-30 22:45:29,451: update.0            : MainProcess                     : MainThread     : DEBUG   : registered publisher : log_pubsub : log.pubsub.pub
2017-05-30 22:45:29,451: update.0            : MainProcess                     : MainThread     : DEBUG   : START: update.0 register publisher state_pubsub
2017-05-30 22:45:29,452: update.0            : MainProcess                     : MainThread     : DEBUG   : using addr tcp://138.201.86.166:33070 for pubsub state_pubsub
2017-05-30 22:45:29,453: update.0            : MainProcess                     : MainThread     : DEBUG   : registered publisher : state_pubsub : state.pubsub.pub
2017-05-30 22:45:29,453: update.0            : MainProcess                     : MainThread     : DEBUG   : START: update.0 register publisher control_pubsub
2017-05-30 22:45:29,453: update.0            : MainProcess                     : MainThread     : DEBUG   : using addr tcp://138.201.86.166:42112 for pubsub control_pubsub
2017-05-30 22:45:29,454: update.0            : MainProcess                     : MainThread     : DEBUG   : registered publisher : control_pubsub : control.pubsub.pub
2017-05-30 22:45:29,454: update.0            : MainProcess                     : MainThread     : DEBUG   : child process started
2017-05-30 22:45:47,346: update.0            : MainProcess                     : MainThread     : INFO    : radical.pilot        version: split-81-gf853cc9b@feature-bridges
2017-05-30 22:45:47,346: update.0            : MainProcess                     : MainThread     : DEBUG   : start process
2017-05-30 22:45:47,355: update.0            : update.0                        : MainThread     : INFO    : child (me) initializing
2017-05-30 22:45:47,356: update.0            : update.0                        : MainThread     : DEBUG   : start thread
2017-05-30 22:45:47,356: update.0            : update.0                        : update.0.child.watch: INFO    : child (me) initializing
2017-05-30 22:45:47,356: update.0            : update.0                        : update.0.child.watch: DEBUG   : ru_initialize_common (NOOP)
2017-05-30 22:45:47,356: update.0            : update.0                        : update.0.child.watch: DEBUG   : ru_initialize_child (NOOP)
2017-05-30 22:45:47,356: update.0            : update.0                        : update.0.child.watch: INFO    : send alive
2017-05-30 22:45:47,356: update.0            : update.0                        : update.0.child.watch: INFO    : send message: alive
2017-05-30 22:45:47,357: update.0            : update.0                        : MainThread     : INFO    : recv message: alive
2017-05-30 22:45:47,357: update.0            : update.0                        : MainThread     : DEBUG   : ru_initialize_common (NOOP)
2017-05-30 22:45:47,357: update.0            : update.0                        : MainThread     : DEBUG   : ru_initialize_parent (NOOP)
2017-05-30 22:45:47,357: update.0            : update.0                        : MainThread     : DEBUG   : child thread update.0.child.watch started
2017-05-30 22:45:47,357: update.0            : update.0                        : MainThread     : INFO    : child (me) is alive
2017-05-30 22:45:47,890: update.0            : update.0                        : MainThread     : INFO    : send alive
2017-05-30 22:45:47,891: update.0            : update.0                        : MainThread     : INFO    : send message: alive
2017-05-30 22:45:47,891: update.0            : MainProcess                     : MainThread     : INFO    : recv message: alive
2017-05-30 22:45:47,892: update.0            : MainProcess                     : MainThread     : DEBUG   : start thread
2017-05-30 22:45:47,892: update.0            : MainProcess                     : update.0.watch : INFO    : child (me) initializing
2017-05-30 22:45:47,892: update.0            : MainProcess                     : update.0.watch : DEBUG   : ru_initialize_common (NOOP)
2017-05-30 22:45:47,893: update.0            : MainProcess                     : update.0.watch : DEBUG   : ru_initialize_child (NOOP)
2017-05-30 22:45:47,893: update.0            : MainProcess                     : update.0.watch : INFO    : send alive
2017-05-30 22:45:47,893: update.0            : MainProcess                     : update.0.watch : INFO    : send message: alive
2017-05-30 22:45:47,894: update.0            : MainProcess                     : MainThread     : INFO    : recv message: alive
2017-05-30 22:45:47,894: update.0            : MainProcess                     : MainThread     : DEBUG   : ru_initialize_common (NOOP)
2017-05-30 22:45:47,894: update.0            : MainProcess                     : MainThread     : DEBUG   : ru_initialize_parent (NOOP)
2017-05-30 22:45:47,895: update.0            : MainProcess                     : MainThread     : DEBUG   : child thread update.0.watch started
2017-05-30 22:45:47,895: update.0            : MainProcess                     : MainThread     : INFO    : child is alive
2017-05-30 22:45:47,895: update.0            : MainProcess                     : MainThread     : INFO    : radical.pilot        version: split-81-gf853cc9b@feature-bridges
2017-05-30 22:45:47,913: update.0            : MainProcess                     : MainThread     : INFO    : initialize update.0
2017-05-30 22:45:47,917: update.0            : MainProcess                     : MainThread     : INFO    : cfg: {'agents': {},
 u'bridges': {u'control_pubsub': {'addr_in': 'tcp://138.201.86.166:35395',
                                  'addr_out': 'tcp://138.201.86.166:40123',
                                  u'bulk_size': 0,
                                  u'log_level': u'debug',
                                  u'stall_hwm': 1},
              u'log_pubsub': {'addr_in': 'tcp://138.201.86.166:36211',
                              'addr_out': 'tcp://138.201.86.166:42094',
                              u'bulk_size': 0,
                              u'log_level': u'debug',
                              u'stall_hwm': 1},
              u'state_pubsub': {'addr_in': 'tcp://138.201.86.166:36997',
                                'addr_out': 'tcp://138.201.86.166:37811',
                                u'bulk_size': 0,
                                u'log_level': u'debug',
                                u'stall_hwm': 1}},
 'cname': u'UpdateWorker',
 u'components': {},
 u'count': 1,
 'dburl': 'mongodb://mingtaiha:mingtaiha@ds053838.mlab.com:53838/hicomb',
 'debug': 'DEBUG',
 u'default_dburl': u'mongodb://rp:rp@ds015335.mlab.com:15335/rp',
 'logdir': '/home/mingtha/repos/affinity_model/exp/model_confirm/rp.session.Ubuntu-1604-xenial-64-minimal.mingtha.017316.0022',
 'number': 0,
 'owner': 'rp.session.Ubuntu-1604-xenial-64-minimal.mingtha.017316.0022',
 'session_id': 'rp.session.Ubuntu-1604-xenial-64-minimal.mingtha.017316.0022'}
2017-05-30 22:45:47,917: update.0            : MainProcess                     : MainThread     : DEBUG   : START: update.0 register publisher log_pubsub
2017-05-30 22:45:47,918: update.0            : MainProcess                     : MainThread     : DEBUG   : using addr tcp://138.201.86.166:36211 for pubsub log_pubsub
2017-05-30 22:45:47,920: update.0            : MainProcess                     : MainThread     : DEBUG   : registered publisher : log_pubsub : log.pubsub.pub
2017-05-30 22:45:47,920: update.0            : MainProcess                     : MainThread     : DEBUG   : START: update.0 register publisher state_pubsub
2017-05-30 22:45:47,920: update.0            : MainProcess                     : MainThread     : DEBUG   : using addr tcp://138.201.86.166:36997 for pubsub state_pubsub
2017-05-30 22:45:47,921: update.0            : MainProcess                     : MainThread     : DEBUG   : registered publisher : state_pubsub : state.pubsub.pub
2017-05-30 22:45:47,921: update.0            : MainProcess                     : MainThread     : DEBUG   : START: update.0 register publisher control_pubsub
2017-05-30 22:45:47,922: update.0            : MainProcess                     : MainThread     : DEBUG   : using addr tcp://138.201.86.166:35395 for pubsub control_pubsub
2017-05-30 22:45:47,923: update.0            : MainProcess                     : MainThread     : DEBUG   : registered publisher : control_pubsub : control.pubsub.pub
2017-05-30 22:45:47,923: update.0            : MainProcess                     : MainThread     : DEBUG   : child process started
2017-05-30 22:45:51,244: update.0            : MainProcess                     : MainThread     : INFO    : radical.pilot        version: split-81-gf853cc9b@feature-bridges
2017-05-30 22:45:51,244: update.0            : MainProcess                     : MainThread     : DEBUG   : start process
2017-05-30 22:45:51,253: update.0            : update.0                        : MainThread     : INFO    : child (me) initializing
2017-05-30 22:45:51,254: update.0            : update.0                        : MainThread     : DEBUG   : start thread
2017-05-30 22:45:51,254: update.0            : update.0                        : update.0.child.watch: INFO    : child (me) initializing
2017-05-30 22:45:51,254: update.0            : update.0                        : update.0.child.watch: DEBUG   : ru_initialize_common (NOOP)
2017-05-30 22:45:51,254: update.0            : update.0                        : update.0.child.watch: DEBUG   : ru_initialize_child (NOOP)
2017-05-30 22:45:51,254: update.0            : update.0                        : update.0.child.watch: INFO    : send alive
2017-05-30 22:45:51,254: update.0            : update.0                        : update.0.child.watch: INFO    : send message: alive
2017-05-30 22:45:51,255: update.0            : update.0                        : MainThread     : INFO    : recv message: alive
2017-05-30 22:45:51,255: update.0            : update.0                        : MainThread     : DEBUG   : ru_initialize_common (NOOP)
2017-05-30 22:45:51,255: update.0            : update.0                        : MainThread     : DEBUG   : ru_initialize_parent (NOOP)
2017-05-30 22:45:51,255: update.0            : update.0                        : MainThread     : DEBUG   : child thread update.0.child.watch started
2017-05-30 22:45:51,255: update.0            : update.0                        : MainThread     : INFO    : child (me) is alive
2017-05-30 22:45:51,812: update.0            : MainProcess                     : MainThread     : INFO    : recv message: 
2017-05-30 22:45:51,813: update.0            : MainProcess                     : MainThread     : INFO    : recv message: 
2017-05-30 22:45:51,813: update.0            : MainProcess                     : MainThread     : ERROR   : initialization failed
Traceback (most recent call last):
  File "/home/mingtha/ve/ve.rp_add_res_cfg/local/lib/python2.7/site-packages/radical/utils/process.py", line 438, in start
    timeout))
RuntimeError: unexpected child message () [5.0]
2017-05-30 22:45:51,815: update.0            : MainProcess                     : MainThread     : DEBUG   : stop update.0 (24564 : 1299 : MainThread) [radical.utils.process.Update.start]
2017-05-30 22:45:51,815: update.0            : MainProcess                     : MainThread     : INFO    : parent stops child
2017-05-30 22:45:51,815: update.0            : MainProcess                     : MainThread     : DEBUG   : ru_finalize_common()
2017-05-30 22:45:51,816: update.0            : MainProcess                     : MainThread     : WARNING : publisher state_pubsub is not registered
2017-05-30 22:45:51,816: update.0            : MainProcess                     : MainThread     : WARNING : publisher control_pubsub is not registered
2017-05-30 22:45:51,816: update.0            : MainProcess                     : MainThread     : DEBUG   : update.0 close prof
2017-05-30 22:45:53,735: update.0            : MainProcess                     : MainThread     : INFO    : radical.pilot        version: split-81-gf853cc9b@feature-bridges
2017-05-30 22:45:53,735: update.0            : MainProcess                     : MainThread     : DEBUG   : start process
2017-05-30 22:45:53,745: update.0            : update.0                        : MainThread     : INFO    : child (me) initializing
2017-05-30 22:45:53,745: update.0            : update.0                        : MainThread     : DEBUG   : start thread
2017-05-30 22:45:53,746: update.0            : update.0                        : update.0.child.watch: INFO    : child (me) initializing
2017-05-30 22:45:53,746: update.0            : update.0                        : update.0.child.watch: DEBUG   : ru_initialize_common (NOOP)
2017-05-30 22:45:53,746: update.0            : update.0                        : update.0.child.watch: DEBUG   : ru_initialize_child (NOOP)
2017-05-30 22:45:53,746: update.0            : update.0                        : update.0.child.watch: INFO    : send alive
2017-05-30 22:45:53,746: update.0            : update.0                        : update.0.child.watch: INFO    : send message: alive
2017-05-30 22:45:53,747: update.0            : update.0                        : MainThread     : INFO    : recv message: alive
2017-05-30 22:45:53,747: update.0            : update.0                        : MainThread     : DEBUG   : ru_initialize_common (NOOP)
2017-05-30 22:45:53,747: update.0            : update.0                        : MainThread     : DEBUG   : ru_initialize_parent (NOOP)
2017-05-30 22:45:53,747: update.0            : update.0                        : MainThread     : DEBUG   : child thread update.0.child.watch started
2017-05-30 22:45:53,747: update.0            : update.0                        : MainThread     : INFO    : child (me) is alive
2017-05-30 22:45:53,762: update.0            : MainProcess                     : MainThread     : INFO    : recv message: 
2017-05-30 22:45:53,762: update.0            : MainProcess                     : MainThread     : INFO    : recv message: 
2017-05-30 22:45:53,762: update.0            : MainProcess                     : MainThread     : ERROR   : initialization failed
Traceback (most recent call last):
  File "/home/mingtha/ve/ve.rp_add_res_cfg/local/lib/python2.7/site-packages/radical/utils/process.py", line 438, in start
    timeout))
RuntimeError: unexpected child message () [5.0]
2017-05-30 22:45:53,763: update.0            : MainProcess                     : MainThread     : DEBUG   : stop update.0 (24564 : 1355 : MainThread) [radical.utils.process.Update.start]
2017-05-30 22:45:53,763: update.0            : MainProcess                     : MainThread     : INFO    : parent stops child
2017-05-30 22:45:53,763: update.0            : MainProcess                     : MainThread     : DEBUG   : ru_finalize_common()
2017-05-30 22:45:53,763: update.0            : MainProcess                     : MainThread     : WARNING : publisher state_pubsub is not registered
2017-05-30 22:45:53,763: update.0            : MainProcess                     : MainThread     : WARNING : publisher control_pubsub is not registered
2017-05-30 22:45:53,763: update.0            : MainProcess                     : MainThread     : DEBUG   : update.0 close prof
2017-05-30 22:45:55,812: update.0            : update.0                        : MainThread     : INFO    : send message: terminating
2017-05-30 22:45:55,815: update.0            : update.0                        : MainThread     : INFO    : send message: terminating
2017-05-30 22:45:55,834: update.0            : update.0                        : update.0.child.watch: INFO    : send message: work finished
2017-05-30 22:45:55,835: update.0            : update.0                        : update.0.child.watch: DEBUG   : ru_finalize_child (NOOP)
2017-05-30 22:45:55,835: update.0            : update.0                        : update.0.child.watch: DEBUG   : ru_finalize_common (NOOP)
2017-05-30 22:45:55,835: update.0            : update.0                        : update.0.child.watch: INFO    : send message: terminating
2017-05-30 22:45:55,836: update.0            : update.0                        : MainThread     : INFO    : send message: terminating
2017-05-30 22:45:55,836: update.0            : update.0                        : MainThread     : INFO    : send message: terminating
2017-05-30 22:45:55,836: update.0            : update.0                        : MainThread     : INFO    : send message: terminating
2017-05-30 22:45:55,875: update.0            : update.0                        : update.0.child.watch: INFO    : send message: work finished
2017-05-30 22:45:55,875: update.0            : update.0                        : update.0.child.watch: DEBUG   : ru_finalize_child (NOOP)
2017-05-30 22:45:55,875: update.0            : update.0                        : update.0.child.watch: DEBUG   : ru_finalize_common (NOOP)
2017-05-30 22:45:55,876: update.0            : update.0                        : update.0.child.watch: INFO    : send message: terminating
2017-05-30 22:45:55,904: update.0            : update.0                        : MainThread     : INFO    : send message: terminating
2017-05-30 22:45:55,935: update.0            : update.0                        : update.0.child.watch: INFO    : send message: work finished
2017-05-30 22:45:55,935: update.0            : update.0                        : update.0.child.watch: INFO    : send message: work finished
2017-05-30 22:45:55,935: update.0            : update.0                        : update.0.child.watch: DEBUG   : ru_finalize_child (NOOP)
2017-05-30 22:45:55,935: update.0            : update.0                        : update.0.child.watch: DEBUG   : ru_finalize_child (NOOP)
2017-05-30 22:45:55,935: update.0            : update.0                        : update.0.child.watch: INFO    : send message: work finished
2017-05-30 22:45:55,935: update.0            : update.0                        : update.0.child.watch: DEBUG   : ru_finalize_common (NOOP)
2017-05-30 22:45:55,935: update.0            : update.0                        : update.0.child.watch: DEBUG   : ru_finalize_child (NOOP)
2017-05-30 22:45:55,935: update.0            : update.0                        : update.0.child.watch: DEBUG   : ru_finalize_common (NOOP)
2017-05-30 22:45:55,936: update.0            : update.0                        : update.0.child.watch: INFO    : send message: terminating
2017-05-30 22:45:55,936: update.0            : update.0                        : update.0.child.watch: DEBUG   : ru_finalize_common (NOOP)
2017-05-30 22:45:55,936: update.0            : update.0                        : update.0.child.watch: INFO    : send message: terminating
2017-05-30 22:45:55,936: update.0            : update.0                        : update.0.child.watch: INFO    : send message: terminating
2017-05-30 22:45:55,947: update.0            : update.0                        : update.0.child.watch: INFO    : send message: work finished
2017-05-30 22:45:55,947: update.0            : update.0                        : update.0.child.watch: DEBUG   : ru_finalize_child (NOOP)
2017-05-30 22:45:55,947: update.0            : update.0                        : update.0.child.watch: DEBUG   : ru_finalize_common (NOOP)
2017-05-30 22:45:55,947: update.0            : update.0                        : update.0.child.watch: INFO    : send message: terminating
