000 (9894257.000.000) 10/26 23:42:02 Job submitted from host: <129.79.53.198:9615?addrs=129.79.53.198-9615+[fd2f-6feb-37--1f]-9615&noUDP&sock=930205_24f3_5>
...
001 (9894257.000.000) 10/27 00:22:19 Job executing on host: <192.170.226.121:39770?CCBID=129.79.53.179:9871%3faddrs%3d129.79.53.179-9871+[fd2f-6feb-37--1d]-9871#2215567&addrs=192.170.226.121-39770+[--1]-39770&noUDP>
...
006 (9894257.000.000) 10/27 00:22:28 Image size of job updated: 87028
	31  -  MemoryUsage of job (MB)
	30848  -  ResidentSetSize of job (KB)
...
006 (9894257.000.000) 10/27 00:37:29 Image size of job updated: 88356
	32  -  MemoryUsage of job (MB)
	32092  -  ResidentSetSize of job (KB)
...
006 (9894257.000.000) 10/27 00:52:31 Image size of job updated: 88356
	32  -  MemoryUsage of job (MB)
	32260  -  ResidentSetSize of job (KB)
...
006 (9894257.000.000) 10/27 01:07:33 Image size of job updated: 88356
	32  -  MemoryUsage of job (MB)
	32264  -  ResidentSetSize of job (KB)
...
005 (9894257.000.000) 10/27 02:17:36 Job terminated.
	(1) Normal termination (return value 0)
		Usr 0 01:54:32, Sys 0 00:00:33  -  Run Remote Usage
		Usr 0 00:00:00, Sys 0 00:00:00  -  Run Local Usage
		Usr 0 01:54:32, Sys 0 00:00:33  -  Total Remote Usage
		Usr 0 00:00:00, Sys 0 00:00:00  -  Total Local Usage
	34758  -  Run Bytes Sent By Job
	816753  -  Run Bytes Received By Job
	34758  -  Total Bytes Sent By Job
	816753  -  Total Bytes Received By Job
	Partitionable Resources :    Usage  Request Allocated
	   Cpus                 :                 1         1
	   Disk (KB)            :     3021     1000 761489964
	   Memory (MB)          :       32     1800      1920
...
