2017-05-01 23:18:00,321: umgr.staging.output.queue.bridge: MainProcess                     : MainThread     : INFO    : python.interpreter   version: 2.7.12 (default, Nov 19 2016, 06:48:10) [GCC 5.4.0 20160609]
2017-05-01 23:18:00,321: umgr.staging.output.queue.bridge: MainProcess                     : MainThread     : INFO    :                      pid: 30562
2017-05-01 23:18:00,321: umgr.staging.output.queue.bridge: MainProcess                     : MainThread     : INFO    :                      tid: MainThread
2017-05-01 23:18:00,321: umgr.staging.output.queue.bridge: MainProcess                     : MainThread     : INFO    : radical.pilot        version: split-66-ge67c4f3c@devel
2017-05-01 23:18:00,321: umgr.staging.output.queue.bridge: MainProcess                     : MainThread     : INFO    : create umgr_staging_output_queue - bridge - tcp://*:*
2017-05-01 23:18:00,327: umgr.staging.output.queue.bridge: umgr.staging.output.queue.bridge: MainThread     : INFO    : start bridge umgr.staging.output.queue.bridge on tcp://*:*
2017-05-01 23:18:00,328: umgr.staging.output.queue.bridge: umgr.staging.output.queue.bridge: MainThread     : INFO    : bound bridge umgr.staging.output.queue.bridge to tcp://0.0.0.0:41130 : tcp://0.0.0.0:42532
2017-05-01 23:24:08,289: umgr.staging.output.queue.bridge: umgr.staging.output.queue.bridge: MainThread     : DEBUG   : sent  1 [hwm: 1]
2017-05-01 23:29:03,259: umgr.staging.output.queue.bridge: umgr.staging.output.queue.bridge: MainThread     : DEBUG   : sent  1 [hwm: 1]
2017-05-01 23:29:18,350: umgr.staging.output.queue.bridge: umgr.staging.output.queue.bridge: MainThread     : DEBUG   : sent  1 [hwm: 1]
2017-05-01 23:29:23,497: umgr.staging.output.queue.bridge: umgr.staging.output.queue.bridge: MainThread     : DEBUG   : sent  1 [hwm: 1]
2017-05-01 23:29:28,540: umgr.staging.output.queue.bridge: umgr.staging.output.queue.bridge: MainThread     : DEBUG   : sent  1 [hwm: 1]
2017-05-01 23:29:33,317: umgr.staging.output.queue.bridge: umgr.staging.output.queue.bridge: MainThread     : WARNING : bridge intr
2017-05-01 23:29:33,317: umgr.staging.output.queue.bridge: umgr.staging.output.queue.bridge: MainThread     : DEBUG   : bridge final
2017-05-01 23:30:23,610: umgr.staging.output.queue.bridge: MainProcess                     : MainThread     : INFO    : radical.pilot        version: split-66-ge67c4f3c@devel
2017-05-01 23:30:23,610: umgr.staging.output.queue.bridge: MainProcess                     : MainThread     : INFO    : create umgr_staging_output_queue - bridge - tcp://*:*
2017-05-01 23:30:23,624: umgr.staging.output.queue.bridge: umgr.staging.output.queue.bridge: MainThread     : INFO    : start bridge umgr.staging.output.queue.bridge on tcp://*:*
2017-05-01 23:30:23,626: umgr.staging.output.queue.bridge: umgr.staging.output.queue.bridge: MainThread     : INFO    : bound bridge umgr.staging.output.queue.bridge to tcp://0.0.0.0:40986 : tcp://0.0.0.0:38166
2017-05-01 23:36:26,351: umgr.staging.output.queue.bridge: umgr.staging.output.queue.bridge: MainThread     : DEBUG   : sent  1 [hwm: 1]
2017-05-01 23:41:37,166: umgr.staging.output.queue.bridge: umgr.staging.output.queue.bridge: MainThread     : DEBUG   : sent  1 [hwm: 1]
2017-05-01 23:41:41,379: umgr.staging.output.queue.bridge: umgr.staging.output.queue.bridge: MainThread     : DEBUG   : sent  1 [hwm: 1]
2017-05-01 23:41:46,296: umgr.staging.output.queue.bridge: umgr.staging.output.queue.bridge: MainThread     : DEBUG   : sent  1 [hwm: 1]
2017-05-01 23:41:51,329: umgr.staging.output.queue.bridge: umgr.staging.output.queue.bridge: MainThread     : DEBUG   : sent  1 [hwm: 1]
2017-05-01 23:41:57,353: umgr.staging.output.queue.bridge: umgr.staging.output.queue.bridge: MainThread     : DEBUG   : sent  1 [hwm: 1]
2017-05-01 23:42:01,925: umgr.staging.output.queue.bridge: umgr.staging.output.queue.bridge: MainThread     : WARNING : bridge intr
2017-05-01 23:42:01,926: umgr.staging.output.queue.bridge: umgr.staging.output.queue.bridge: MainThread     : DEBUG   : bridge final
2017-05-01 23:42:41,939: umgr.staging.output.queue.bridge: MainProcess                     : MainThread     : INFO    : radical.pilot        version: split-66-ge67c4f3c@devel
2017-05-01 23:42:41,939: umgr.staging.output.queue.bridge: MainProcess                     : MainThread     : INFO    : create umgr_staging_output_queue - bridge - tcp://*:*
2017-05-01 23:42:41,955: umgr.staging.output.queue.bridge: umgr.staging.output.queue.bridge: MainThread     : INFO    : start bridge umgr.staging.output.queue.bridge on tcp://*:*
2017-05-01 23:42:41,957: umgr.staging.output.queue.bridge: umgr.staging.output.queue.bridge: MainThread     : INFO    : bound bridge umgr.staging.output.queue.bridge to tcp://0.0.0.0:40019 : tcp://0.0.0.0:46343
2017-05-01 23:51:24,481: umgr.staging.output.queue.bridge: umgr.staging.output.queue.bridge: MainThread     : DEBUG   : sent  1 [hwm: 1]
2017-05-01 23:56:40,050: umgr.staging.output.queue.bridge: umgr.staging.output.queue.bridge: MainThread     : DEBUG   : sent  1 [hwm: 1]
2017-05-01 23:56:45,214: umgr.staging.output.queue.bridge: umgr.staging.output.queue.bridge: MainThread     : DEBUG   : sent  1 [hwm: 1]
2017-05-01 23:56:50,547: umgr.staging.output.queue.bridge: umgr.staging.output.queue.bridge: MainThread     : DEBUG   : sent  1 [hwm: 1]
2017-05-01 23:56:55,829: umgr.staging.output.queue.bridge: umgr.staging.output.queue.bridge: MainThread     : DEBUG   : sent  1 [hwm: 1]
2017-05-01 23:56:59,879: umgr.staging.output.queue.bridge: umgr.staging.output.queue.bridge: MainThread     : WARNING : bridge intr
2017-05-01 23:56:59,879: umgr.staging.output.queue.bridge: umgr.staging.output.queue.bridge: MainThread     : DEBUG   : bridge final
2017-05-01 23:58:03,374: umgr.staging.output.queue.bridge: MainProcess                     : MainThread     : INFO    : radical.pilot        version: split-66-ge67c4f3c@devel
2017-05-01 23:58:03,374: umgr.staging.output.queue.bridge: MainProcess                     : MainThread     : INFO    : create umgr_staging_output_queue - bridge - tcp://*:*
2017-05-01 23:58:03,381: umgr.staging.output.queue.bridge: umgr.staging.output.queue.bridge: MainThread     : INFO    : start bridge umgr.staging.output.queue.bridge on tcp://*:*
2017-05-01 23:58:03,382: umgr.staging.output.queue.bridge: umgr.staging.output.queue.bridge: MainThread     : INFO    : bound bridge umgr.staging.output.queue.bridge to tcp://0.0.0.0:46879 : tcp://0.0.0.0:42807
2017-05-02 00:05:58,166: umgr.staging.output.queue.bridge: umgr.staging.output.queue.bridge: MainThread     : DEBUG   : sent  1 [hwm: 1]
2017-05-02 00:11:13,396: umgr.staging.output.queue.bridge: umgr.staging.output.queue.bridge: MainThread     : DEBUG   : sent  1 [hwm: 1]
2017-05-02 00:11:18,404: umgr.staging.output.queue.bridge: umgr.staging.output.queue.bridge: MainThread     : DEBUG   : sent  1 [hwm: 1]
2017-05-02 00:11:23,421: umgr.staging.output.queue.bridge: umgr.staging.output.queue.bridge: MainThread     : DEBUG   : sent  1 [hwm: 1]
2017-05-02 00:11:28,618: umgr.staging.output.queue.bridge: umgr.staging.output.queue.bridge: MainThread     : DEBUG   : sent  1 [hwm: 1]
2017-05-02 00:11:33,191: umgr.staging.output.queue.bridge: umgr.staging.output.queue.bridge: MainThread     : WARNING : bridge intr
2017-05-02 00:11:33,191: umgr.staging.output.queue.bridge: umgr.staging.output.queue.bridge: MainThread     : DEBUG   : bridge final
2017-05-02 00:12:12,648: umgr.staging.output.queue.bridge: MainProcess                     : MainThread     : INFO    : radical.pilot        version: split-66-ge67c4f3c@devel
2017-05-02 00:12:12,649: umgr.staging.output.queue.bridge: MainProcess                     : MainThread     : INFO    : create umgr_staging_output_queue - bridge - tcp://*:*
2017-05-02 00:12:12,657: umgr.staging.output.queue.bridge: umgr.staging.output.queue.bridge: MainThread     : INFO    : start bridge umgr.staging.output.queue.bridge on tcp://*:*
2017-05-02 00:12:12,658: umgr.staging.output.queue.bridge: umgr.staging.output.queue.bridge: MainThread     : INFO    : bound bridge umgr.staging.output.queue.bridge to tcp://0.0.0.0:36254 : tcp://0.0.0.0:44750
2017-05-02 00:18:14,310: umgr.staging.output.queue.bridge: umgr.staging.output.queue.bridge: MainThread     : DEBUG   : sent  1 [hwm: 1]
2017-05-02 00:23:19,175: umgr.staging.output.queue.bridge: umgr.staging.output.queue.bridge: MainThread     : DEBUG   : sent  1 [hwm: 1]
2017-05-02 00:23:24,200: umgr.staging.output.queue.bridge: umgr.staging.output.queue.bridge: MainThread     : DEBUG   : sent  1 [hwm: 1]
2017-05-02 00:23:29,227: umgr.staging.output.queue.bridge: umgr.staging.output.queue.bridge: MainThread     : DEBUG   : sent  1 [hwm: 1]
2017-05-02 00:23:34,263: umgr.staging.output.queue.bridge: umgr.staging.output.queue.bridge: MainThread     : DEBUG   : sent  1 [hwm: 1]
2017-05-02 00:23:39,293: umgr.staging.output.queue.bridge: umgr.staging.output.queue.bridge: MainThread     : DEBUG   : sent  1 [hwm: 1]
2017-05-02 00:23:44,323: umgr.staging.output.queue.bridge: umgr.staging.output.queue.bridge: MainThread     : DEBUG   : sent  1 [hwm: 1]
2017-05-02 00:23:49,009: umgr.staging.output.queue.bridge: umgr.staging.output.queue.bridge: MainThread     : WARNING : bridge intr
2017-05-02 00:23:49,010: umgr.staging.output.queue.bridge: umgr.staging.output.queue.bridge: MainThread     : DEBUG   : bridge final
2017-05-02 00:24:44,906: umgr.staging.output.queue.bridge: MainProcess                     : MainThread     : INFO    : radical.pilot        version: split-66-ge67c4f3c@devel
2017-05-02 00:24:44,906: umgr.staging.output.queue.bridge: MainProcess                     : MainThread     : INFO    : create umgr_staging_output_queue - bridge - tcp://*:*
2017-05-02 00:24:44,922: umgr.staging.output.queue.bridge: umgr.staging.output.queue.bridge: MainThread     : INFO    : start bridge umgr.staging.output.queue.bridge on tcp://*:*
2017-05-02 00:24:44,924: umgr.staging.output.queue.bridge: umgr.staging.output.queue.bridge: MainThread     : INFO    : bound bridge umgr.staging.output.queue.bridge to tcp://0.0.0.0:34763 : tcp://0.0.0.0:32989
2017-05-02 00:31:23,270: umgr.staging.output.queue.bridge: umgr.staging.output.queue.bridge: MainThread     : DEBUG   : sent  1 [hwm: 1]
2017-05-02 00:36:32,991: umgr.staging.output.queue.bridge: umgr.staging.output.queue.bridge: MainThread     : DEBUG   : sent  1 [hwm: 1]
2017-05-02 00:36:38,009: umgr.staging.output.queue.bridge: umgr.staging.output.queue.bridge: MainThread     : DEBUG   : sent  1 [hwm: 1]
2017-05-02 00:36:43,021: umgr.staging.output.queue.bridge: umgr.staging.output.queue.bridge: MainThread     : DEBUG   : sent  1 [hwm: 1]
2017-05-02 00:36:48,140: umgr.staging.output.queue.bridge: umgr.staging.output.queue.bridge: MainThread     : DEBUG   : sent  1 [hwm: 1]
2017-05-02 00:36:51,847: umgr.staging.output.queue.bridge: umgr.staging.output.queue.bridge: MainThread     : WARNING : bridge intr
2017-05-02 00:36:51,847: umgr.staging.output.queue.bridge: umgr.staging.output.queue.bridge: MainThread     : DEBUG   : bridge final
2017-05-02 00:38:50,880: umgr.staging.output.queue.bridge: MainProcess                     : MainThread     : INFO    : radical.pilot        version: split-66-ge67c4f3c@devel
2017-05-02 00:38:50,880: umgr.staging.output.queue.bridge: MainProcess                     : MainThread     : INFO    : create umgr_staging_output_queue - bridge - tcp://*:*
2017-05-02 00:38:50,887: umgr.staging.output.queue.bridge: umgr.staging.output.queue.bridge: MainThread     : INFO    : start bridge umgr.staging.output.queue.bridge on tcp://*:*
2017-05-02 00:38:50,887: umgr.staging.output.queue.bridge: umgr.staging.output.queue.bridge: MainThread     : INFO    : bound bridge umgr.staging.output.queue.bridge to tcp://0.0.0.0:36901 : tcp://0.0.0.0:40398
2017-05-02 01:18:44,404: umgr.staging.output.queue.bridge: umgr.staging.output.queue.bridge: MainThread     : DEBUG   : sent  1 [hwm: 1]
2017-05-02 01:23:49,786: umgr.staging.output.queue.bridge: umgr.staging.output.queue.bridge: MainThread     : DEBUG   : sent  1 [hwm: 1]
2017-05-02 01:24:01,328: umgr.staging.output.queue.bridge: umgr.staging.output.queue.bridge: MainThread     : DEBUG   : sent  1 [hwm: 1]
2017-05-02 01:24:08,537: umgr.staging.output.queue.bridge: umgr.staging.output.queue.bridge: MainThread     : DEBUG   : sent  1 [hwm: 1]
2017-05-02 01:24:14,744: umgr.staging.output.queue.bridge: umgr.staging.output.queue.bridge: MainThread     : DEBUG   : sent  1 [hwm: 1]
2017-05-02 01:24:19,036: umgr.staging.output.queue.bridge: umgr.staging.output.queue.bridge: MainThread     : DEBUG   : sent  1 [hwm: 1]
2017-05-02 01:24:23,681: umgr.staging.output.queue.bridge: umgr.staging.output.queue.bridge: MainThread     : WARNING : bridge intr
2017-05-02 01:24:23,681: umgr.staging.output.queue.bridge: umgr.staging.output.queue.bridge: MainThread     : DEBUG   : bridge final
2017-05-02 01:26:09,703: umgr.staging.output.queue.bridge: MainProcess                     : MainThread     : INFO    : radical.pilot        version: split-66-ge67c4f3c@devel
2017-05-02 01:26:09,704: umgr.staging.output.queue.bridge: MainProcess                     : MainThread     : INFO    : create umgr_staging_output_queue - bridge - tcp://*:*
2017-05-02 01:26:09,718: umgr.staging.output.queue.bridge: umgr.staging.output.queue.bridge: MainThread     : INFO    : start bridge umgr.staging.output.queue.bridge on tcp://*:*
2017-05-02 01:26:09,719: umgr.staging.output.queue.bridge: umgr.staging.output.queue.bridge: MainThread     : INFO    : bound bridge umgr.staging.output.queue.bridge to tcp://0.0.0.0:43757 : tcp://0.0.0.0:39777
2017-05-02 01:42:11,133: umgr.staging.output.queue.bridge: umgr.staging.output.queue.bridge: MainThread     : DEBUG   : sent  1 [hwm: 1]
2017-05-02 01:47:12,272: umgr.staging.output.queue.bridge: umgr.staging.output.queue.bridge: MainThread     : DEBUG   : sent  1 [hwm: 1]
2017-05-02 01:47:29,336: umgr.staging.output.queue.bridge: umgr.staging.output.queue.bridge: MainThread     : DEBUG   : sent  1 [hwm: 1]
2017-05-02 01:47:34,361: umgr.staging.output.queue.bridge: umgr.staging.output.queue.bridge: MainThread     : DEBUG   : sent  1 [hwm: 1]
2017-05-02 01:47:42,574: umgr.staging.output.queue.bridge: umgr.staging.output.queue.bridge: MainThread     : DEBUG   : sent  1 [hwm: 1]
2017-05-02 01:47:47,113: umgr.staging.output.queue.bridge: umgr.staging.output.queue.bridge: MainThread     : WARNING : bridge intr
2017-05-02 01:47:47,114: umgr.staging.output.queue.bridge: umgr.staging.output.queue.bridge: MainThread     : DEBUG   : bridge final
2017-05-02 01:48:37,160: umgr.staging.output.queue.bridge: MainProcess                     : MainThread     : INFO    : radical.pilot        version: split-66-ge67c4f3c@devel
2017-05-02 01:48:37,160: umgr.staging.output.queue.bridge: MainProcess                     : MainThread     : INFO    : create umgr_staging_output_queue - bridge - tcp://*:*
2017-05-02 01:48:37,172: umgr.staging.output.queue.bridge: umgr.staging.output.queue.bridge: MainThread     : INFO    : start bridge umgr.staging.output.queue.bridge on tcp://*:*
2017-05-02 01:48:37,173: umgr.staging.output.queue.bridge: umgr.staging.output.queue.bridge: MainThread     : INFO    : bound bridge umgr.staging.output.queue.bridge to tcp://0.0.0.0:40762 : tcp://0.0.0.0:39869
2017-05-02 01:56:39,672: umgr.staging.output.queue.bridge: umgr.staging.output.queue.bridge: MainThread     : DEBUG   : sent  1 [hwm: 1]
2017-05-02 02:01:59,572: umgr.staging.output.queue.bridge: umgr.staging.output.queue.bridge: MainThread     : DEBUG   : sent  1 [hwm: 1]
2017-05-02 02:02:04,794: umgr.staging.output.queue.bridge: umgr.staging.output.queue.bridge: MainThread     : DEBUG   : sent  1 [hwm: 1]
2017-05-02 02:02:09,793: umgr.staging.output.queue.bridge: umgr.staging.output.queue.bridge: MainThread     : DEBUG   : sent  1 [hwm: 1]
2017-05-02 02:02:14,061: umgr.staging.output.queue.bridge: umgr.staging.output.queue.bridge: MainThread     : WARNING : bridge intr
2017-05-02 02:02:14,061: umgr.staging.output.queue.bridge: umgr.staging.output.queue.bridge: MainThread     : DEBUG   : bridge final
2017-05-02 02:04:32,479: umgr.staging.output.queue.bridge: MainProcess                     : MainThread     : INFO    : radical.pilot        version: split-66-ge67c4f3c@devel
2017-05-02 02:04:32,479: umgr.staging.output.queue.bridge: MainProcess                     : MainThread     : INFO    : create umgr_staging_output_queue - bridge - tcp://*:*
2017-05-02 02:04:32,499: umgr.staging.output.queue.bridge: umgr.staging.output.queue.bridge: MainThread     : INFO    : start bridge umgr.staging.output.queue.bridge on tcp://*:*
2017-05-02 02:04:32,501: umgr.staging.output.queue.bridge: umgr.staging.output.queue.bridge: MainThread     : INFO    : bound bridge umgr.staging.output.queue.bridge to tcp://0.0.0.0:46871 : tcp://0.0.0.0:39888
2017-05-02 03:02:24,818: umgr.staging.output.queue.bridge: umgr.staging.output.queue.bridge: MainThread     : DEBUG   : sent  1 [hwm: 1]
2017-05-02 03:07:30,638: umgr.staging.output.queue.bridge: umgr.staging.output.queue.bridge: MainThread     : DEBUG   : sent  1 [hwm: 1]
2017-05-02 03:07:43,794: umgr.staging.output.queue.bridge: umgr.staging.output.queue.bridge: MainThread     : DEBUG   : sent  1 [hwm: 1]
2017-05-02 03:07:50,725: umgr.staging.output.queue.bridge: umgr.staging.output.queue.bridge: MainThread     : DEBUG   : sent  1 [hwm: 1]
2017-05-02 03:07:55,746: umgr.staging.output.queue.bridge: umgr.staging.output.queue.bridge: MainThread     : DEBUG   : sent  1 [hwm: 1]
2017-05-02 03:08:00,211: umgr.staging.output.queue.bridge: umgr.staging.output.queue.bridge: MainThread     : WARNING : bridge intr
2017-05-02 03:08:00,211: umgr.staging.output.queue.bridge: umgr.staging.output.queue.bridge: MainThread     : DEBUG   : bridge final
