000 (9588829.000.000) 09/17 23:59:38 Job submitted from host: <129.79.53.198:9615?addrs=129.79.53.198-9615&noUDP&sock=93448_51d1>
...
001 (9588829.000.000) 09/18 00:03:07 Job executing on host: <10.2.11.18:37367?CCBID=129.79.53.179:9615%3faddrs%3d129.79.53.179-9615+[fd2f-6feb-37--1d]-9615%26noUDP%26sock%3d7900_d0fa#186767&addrs=10.2.11.18-37367+[--1]-37367&noUDP>
...
006 (9588829.000.000) 09/18 00:03:16 Image size of job updated: 97780
	10  -  MemoryUsage of job (MB)
	9300  -  ResidentSetSize of job (KB)
...
006 (9588829.000.000) 09/18 00:08:17 Image size of job updated: 97780
	19  -  MemoryUsage of job (MB)
	19324  -  ResidentSetSize of job (KB)
...
006 (9588829.000.000) 09/18 00:18:18 Image size of job updated: 97780
	19  -  MemoryUsage of job (MB)
	19352  -  ResidentSetSize of job (KB)
...
006 (9588829.000.000) 09/18 00:23:19 Image size of job updated: 97780
	21  -  MemoryUsage of job (MB)
	20904  -  ResidentSetSize of job (KB)
...
006 (9588829.000.000) 09/18 00:38:20 Image size of job updated: 97780
	21  -  MemoryUsage of job (MB)
	21092  -  ResidentSetSize of job (KB)
...
006 (9588829.000.000) 09/18 01:08:24 Image size of job updated: 97780
	23  -  MemoryUsage of job (MB)
	23124  -  ResidentSetSize of job (KB)
...
006 (9588829.000.000) 09/18 01:38:28 Image size of job updated: 97780
	23  -  MemoryUsage of job (MB)
	23132  -  ResidentSetSize of job (KB)
...
005 (9588829.000.000) 09/18 03:14:23 Job terminated.
	(1) Normal termination (return value 0)
		Usr 0 03:09:48, Sys 0 00:00:01  -  Run Remote Usage
		Usr 0 00:00:00, Sys 0 00:00:00  -  Run Local Usage
		Usr 0 03:09:48, Sys 0 00:00:01  -  Total Remote Usage
		Usr 0 00:00:00, Sys 0 00:00:00  -  Total Local Usage
	38124  -  Run Bytes Sent By Job
	816757  -  Run Bytes Received By Job
	38124  -  Total Bytes Sent By Job
	816757  -  Total Bytes Received By Job
	Partitionable Resources :    Usage  Request Allocated
	   Cpus                 :                 1         1
	   Disk (KB)            :     3025     1000   1043679
	   Memory (MB)          :       23     1800      1800
...
