000 (9894968.000.000) 10/26 23:42:32 Job submitted from host: <129.79.53.198:9615?addrs=129.79.53.198-9615+[fd2f-6feb-37--1f]-9615&noUDP&sock=930205_24f3_5>
...
001 (9894968.000.000) 10/27 02:52:10 Job executing on host: <10.2.11.134:44950?CCBID=129.79.53.179:9829%3faddrs%3d129.79.53.179-9829+[fd2f-6feb-37--1d]-9829#1955398&addrs=10.2.11.134-44950+[--1]-44950&noUDP>
...
006 (9894968.000.000) 10/27 02:52:20 Image size of job updated: 1
	3  -  MemoryUsage of job (MB)
	2828  -  ResidentSetSize of job (KB)
...
006 (9894968.000.000) 10/27 02:57:21 Image size of job updated: 86656
	22  -  MemoryUsage of job (MB)
	21948  -  ResidentSetSize of job (KB)
...
006 (9894968.000.000) 10/27 03:12:22 Image size of job updated: 87984
	23  -  MemoryUsage of job (MB)
	23196  -  ResidentSetSize of job (KB)
...
006 (9894968.000.000) 10/27 03:27:24 Image size of job updated: 87984
	23  -  MemoryUsage of job (MB)
	23368  -  ResidentSetSize of job (KB)
...
006 (9894968.000.000) 10/27 03:52:27 Image size of job updated: 87984
	23  -  MemoryUsage of job (MB)
	23400  -  ResidentSetSize of job (KB)
...
006 (9894968.000.000) 10/27 05:13:02 Image size of job updated: 87988
	23  -  MemoryUsage of job (MB)
	23400  -  ResidentSetSize of job (KB)
...
005 (9894968.000.000) 10/27 05:13:03 Job terminated.
	(1) Normal termination (return value 0)
		Usr 0 02:20:16, Sys 0 00:00:08  -  Run Remote Usage
		Usr 0 00:00:00, Sys 0 00:00:00  -  Run Local Usage
		Usr 0 02:20:16, Sys 0 00:00:08  -  Total Remote Usage
		Usr 0 00:00:00, Sys 0 00:00:00  -  Total Local Usage
	34837  -  Run Bytes Sent By Job
	816753  -  Run Bytes Received By Job
	34837  -  Total Bytes Sent By Job
	816753  -  Total Bytes Received By Job
	Partitionable Resources :    Usage  Request Allocated
	   Cpus                 :                 1         1
	   Disk (KB)            :     3023     1000   1029228
	   Memory (MB)          :       23     1800      1800
...
