2017-05-30 22:22:00,618: umgr.staging.output.0.child: umgr.staging.output.0           : MainThread     : INFO    : python.interpreter   version: 2.7.12 (default, Nov 19 2016, 06:48:10) [GCC 5.4.0 20160609]
2017-05-30 22:22:00,618: umgr.staging.output.0.child: umgr.staging.output.0           : MainThread     : INFO    :                      pid: 26659
2017-05-30 22:22:00,618: umgr.staging.output.0.child: umgr.staging.output.0           : MainThread     : INFO    :                      tid: MainThread
2017-05-30 22:22:00,618: umgr.staging.output.0.child: umgr.staging.output.0           : MainThread     : INFO    : radical.pilot        version: split-81-gf853cc9b@feature-bridges
2017-05-30 22:22:00,655: umgr.staging.output.0.child: umgr.staging.output.0           : MainThread     : INFO    : initialize umgr.staging.output.0.child
2017-05-30 22:22:00,660: umgr.staging.output.0.child: umgr.staging.output.0           : MainThread     : INFO    : cfg: {'agents': {},
 u'bridges': {u'control_pubsub': {'addr_in': 'tcp://138.201.86.166:38427',
                                  'addr_out': 'tcp://138.201.86.166:45762',
                                  u'bulk_size': 0,
                                  u'log_level': u'debug',
                                  u'stall_hwm': 1},
              u'log_pubsub': {'addr_in': 'tcp://138.201.86.166:39312',
                              'addr_out': 'tcp://138.201.86.166:38920',
                              u'bulk_size': 0,
                              u'log_level': u'debug',
                              u'stall_hwm': 1},
              u'state_pubsub': {'addr_in': 'tcp://138.201.86.166:41013',
                                'addr_out': 'tcp://138.201.86.166:36088',
                                u'bulk_size': 0,
                                u'log_level': u'debug',
                                u'stall_hwm': 1},
              u'umgr_reschedule_pubsub': {'addr_in': 'tcp://138.201.86.166:44862',
                                          'addr_out': 'tcp://138.201.86.166:42704',
                                          u'bulk_size': 0,
                                          u'log_level': u'debug',
                                          u'stall_hwm': 1},
              u'umgr_scheduling_queue': {'addr_in': 'tcp://138.201.86.166:43411',
                                         'addr_out': 'tcp://138.201.86.166:45536',
                                         u'bulk_size': 0,
                                         u'log_level': u'debug',
                                         u'stall_hwm': 1},
              u'umgr_staging_input_queue': {'addr_in': 'tcp://138.201.86.166:43406',
                                            'addr_out': 'tcp://138.201.86.166:42539',
                                            u'bulk_size': 0,
                                            u'log_level': u'debug',
                                            u'stall_hwm': 1},
              u'umgr_staging_output_queue': {'addr_in': 'tcp://138.201.86.166:43609',
                                             'addr_out': 'tcp://138.201.86.166:38053',
                                             u'bulk_size': 0,
                                             u'log_level': u'debug',
                                             u'stall_hwm': 1},
              u'umgr_unschedule_pubsub': {'addr_in': 'tcp://138.201.86.166:38520',
                                          'addr_out': 'tcp://138.201.86.166:42930',
                                          u'bulk_size': 0,
                                          u'log_level': u'debug',
                                          u'stall_hwm': 1}},
 u'bulk_collection_size': 100,
 u'bulk_collection_time': 1.0,
 'cname': u'UMGRStagingOutputComponent',
 u'components': {},
 u'count': 1,
 u'db_poll_sleeptime': 1.0,
 'number': 0,
 'owner': 'umgr.0000',
 u'scheduler': u'round_robin',
 'uid': 'umgr.0000'}
2017-05-30 22:22:00,661: umgr.staging.output.0.child: umgr.staging.output.0           : MainThread     : DEBUG   : start components: {}
2017-05-30 22:22:00,661: umgr.staging.output.0.child: umgr.staging.output.0           : MainThread     : DEBUG   : START: umgr.staging.output.0.child register publisher log_pubsub
2017-05-30 22:22:00,661: umgr.staging.output.0.child: umgr.staging.output.0           : MainThread     : DEBUG   : using addr tcp://138.201.86.166:39312 for pubsub log_pubsub
2017-05-30 22:22:00,663: umgr.staging.output.0.child: umgr.staging.output.0           : MainThread     : DEBUG   : registered publisher : log_pubsub : log.pubsub.pub
2017-05-30 22:22:00,663: umgr.staging.output.0.child: umgr.staging.output.0           : MainThread     : DEBUG   : START: umgr.staging.output.0.child register publisher state_pubsub
2017-05-30 22:22:00,663: umgr.staging.output.0.child: umgr.staging.output.0           : MainThread     : DEBUG   : using addr tcp://138.201.86.166:41013 for pubsub state_pubsub
2017-05-30 22:22:00,664: umgr.staging.output.0.child: umgr.staging.output.0           : MainThread     : DEBUG   : registered publisher : state_pubsub : state.pubsub.pub
2017-05-30 22:22:00,664: umgr.staging.output.0.child: umgr.staging.output.0           : MainThread     : DEBUG   : START: umgr.staging.output.0.child register publisher control_pubsub
2017-05-30 22:22:00,664: umgr.staging.output.0.child: umgr.staging.output.0           : MainThread     : DEBUG   : using addr tcp://138.201.86.166:38427 for pubsub control_pubsub
2017-05-30 22:22:00,665: umgr.staging.output.0.child: umgr.staging.output.0           : MainThread     : DEBUG   : registered publisher : control_pubsub : control.pubsub.pub
2017-05-30 22:22:00,666: umgr.staging.output.0.child: umgr.staging.output.0           : MainThread     : DEBUG   : START: umgr.staging.output.0.child register subscriber umgr.staging.output.0.child.subscriber._cancel_monitor_cb
2017-05-30 22:22:00,666: umgr.staging.output.0.child: umgr.staging.output.0           : MainThread     : DEBUG   : using addr tcp://138.201.86.166:45762 for pubsub control_pubsub
2017-05-30 22:22:00,670: umgr.staging.output.0.child: umgr.staging.output.0           : MainThread     : DEBUG   : start thread
2017-05-30 22:22:00,670: umgr.staging.output.0.child: umgr.staging.output.0           : umgr.staging.output.0.child.subscriber._cancel_monitor_cb: INFO    : child (me) initializing
2017-05-30 22:22:00,671: umgr.staging.output.0.child: umgr.staging.output.0           : umgr.staging.output.0.child.subscriber._cancel_monitor_cb: DEBUG   : ru_initialize_common (NOOP)
2017-05-30 22:22:00,671: umgr.staging.output.0.child: umgr.staging.output.0           : umgr.staging.output.0.child.subscriber._cancel_monitor_cb: DEBUG   : ru_initialize_child (NOOP)
2017-05-30 22:22:00,671: umgr.staging.output.0.child: umgr.staging.output.0           : umgr.staging.output.0.child.subscriber._cancel_monitor_cb: INFO    : send alive
2017-05-30 22:22:00,671: umgr.staging.output.0.child: umgr.staging.output.0           : umgr.staging.output.0.child.subscriber._cancel_monitor_cb: INFO    : send message: alive
2017-05-30 22:22:00,672: umgr.staging.output.0.child: umgr.staging.output.0           : MainThread     : INFO    : recv message: alive
2017-05-30 22:22:00,672: umgr.staging.output.0.child: umgr.staging.output.0           : MainThread     : DEBUG   : ru_initialize_common (NOOP)
2017-05-30 22:22:00,672: umgr.staging.output.0.child: umgr.staging.output.0           : MainThread     : DEBUG   : ru_initialize_parent (NOOP)
2017-05-30 22:22:00,673: umgr.staging.output.0.child: umgr.staging.output.0           : MainThread     : DEBUG   : child thread umgr.staging.output.0.child.subscriber._cancel_monitor_cb started
2017-05-30 22:22:00,673: umgr.staging.output.0.child: umgr.staging.output.0           : MainThread     : DEBUG   : umgr.staging.output.0.child registered control_pubsub subscriber umgr.staging.output.0.child.subscriber._cancel_monitor_cb
2017-05-30 22:22:00,673: umgr.staging.output.0.child: umgr.staging.output.0           : MainThread     : DEBUG   : using addr tcp://138.201.86.166:38053 for input umgr_staging_output_queue
2017-05-30 22:22:00,687: umgr.staging.output.0.child: umgr.staging.output.0           : MainThread     : DEBUG   : registered input umgr.staging.output.0.child.work.UMGR_STAGING_OUTPUT_PENDING
2017-05-30 22:22:00,687: umgr.staging.output.0.child: umgr.staging.output.0           : MainThread     : DEBUG   : START: umgr.staging.output.0.child register input UMGR_STAGING_OUTPUT_PENDING: umgr.staging.output.0.child.work.UMGR_STAGING_OUTPUT_PENDING
2017-05-30 22:22:00,687: umgr.staging.output.0.child: umgr.staging.output.0           : MainThread     : DEBUG   : registered worker work [UMGR_STAGING_OUTPUT_PENDING]
2017-05-30 22:28:48,634: umgr.staging.output.0.child: umgr.staging.output.0           : MainThread     : DEBUG   : got unit (unit.000013)
2017-05-30 22:28:48,635: umgr.staging.output.0.child: umgr.staging.output.0           : MainThread     : DEBUG   :  === work on unit.000013 in UMGR_STAGING_OUTPUT_PENDING @ umgr
2017-05-30 22:28:48,635: umgr.staging.output.0.child: umgr.staging.output.0           : MainThread     : DEBUG   : advance bulk size: 1 [False, True]
2017-05-30 22:28:48,635: umgr.staging.output.0.child: umgr.staging.output.0           : MainThread     : DEBUG   : advance bulk: unit.000013 [1]
2017-05-30 22:28:48,635: umgr.staging.output.0.child: umgr.staging.output.0           : MainThread     : DEBUG   : advance bulk size: 1 [True, True]
2017-05-30 22:28:48,636: umgr.staging.output.0.child: umgr.staging.output.0           : MainThread     : DEBUG   : advance bulk: unit.000013 [1]
2017-05-30 22:28:48,636: umgr.staging.output.0.child: umgr.staging.output.0           : MainThread     : DEBUG   : bucket: DONE : ['unit.000013']
2017-05-30 22:28:48,636: umgr.staging.output.0.child: umgr.staging.output.0           : MainThread     : DEBUG   : push unit.000013 ===| DONE
2017-05-30 22:29:07,975: umgr.staging.output.0.child: umgr.staging.output.0           : MainThread     : DEBUG   : got unit (unit.000004)
2017-05-30 22:29:07,976: umgr.staging.output.0.child: umgr.staging.output.0           : MainThread     : DEBUG   : got unit (unit.000007)
2017-05-30 22:29:07,976: umgr.staging.output.0.child: umgr.staging.output.0           : MainThread     : DEBUG   :  === work on unit.000004 in UMGR_STAGING_OUTPUT_PENDING @ umgr
2017-05-30 22:29:07,976: umgr.staging.output.0.child: umgr.staging.output.0           : MainThread     : DEBUG   :  === work on unit.000007 in UMGR_STAGING_OUTPUT_PENDING @ umgr
2017-05-30 22:29:07,976: umgr.staging.output.0.child: umgr.staging.output.0           : MainThread     : DEBUG   : advance bulk size: 2 [False, True]
2017-05-30 22:29:07,976: umgr.staging.output.0.child: umgr.staging.output.0           : MainThread     : DEBUG   : advance bulk: unit.000004 [2]
2017-05-30 22:29:07,976: umgr.staging.output.0.child: umgr.staging.output.0           : MainThread     : DEBUG   : advance bulk: unit.000007 [2]
2017-05-30 22:29:07,977: umgr.staging.output.0.child: umgr.staging.output.0           : MainThread     : DEBUG   : advance bulk size: 2 [True, True]
2017-05-30 22:29:07,977: umgr.staging.output.0.child: umgr.staging.output.0           : MainThread     : DEBUG   : advance bulk: unit.000004 [2]
2017-05-30 22:29:07,977: umgr.staging.output.0.child: umgr.staging.output.0           : MainThread     : DEBUG   : advance bulk: unit.000007 [2]
2017-05-30 22:29:07,977: umgr.staging.output.0.child: umgr.staging.output.0           : MainThread     : DEBUG   : bucket: DONE : ['unit.000004', 'unit.000007']
2017-05-30 22:29:07,978: umgr.staging.output.0.child: umgr.staging.output.0           : MainThread     : DEBUG   : push unit.000004 ===| DONE
2017-05-30 22:29:07,978: umgr.staging.output.0.child: umgr.staging.output.0           : MainThread     : DEBUG   : push unit.000007 ===| DONE
2017-05-30 22:29:11,621: umgr.staging.output.0.child: umgr.staging.output.0           : MainThread     : DEBUG   : got unit (unit.000008)
2017-05-30 22:29:11,621: umgr.staging.output.0.child: umgr.staging.output.0           : MainThread     : DEBUG   :  === work on unit.000008 in UMGR_STAGING_OUTPUT_PENDING @ umgr
2017-05-30 22:29:11,621: umgr.staging.output.0.child: umgr.staging.output.0           : MainThread     : DEBUG   : advance bulk size: 1 [False, True]
2017-05-30 22:29:11,621: umgr.staging.output.0.child: umgr.staging.output.0           : MainThread     : DEBUG   : advance bulk: unit.000008 [1]
2017-05-30 22:29:11,622: umgr.staging.output.0.child: umgr.staging.output.0           : MainThread     : DEBUG   : advance bulk size: 1 [True, True]
2017-05-30 22:29:11,622: umgr.staging.output.0.child: umgr.staging.output.0           : MainThread     : DEBUG   : advance bulk: unit.000008 [1]
2017-05-30 22:29:11,622: umgr.staging.output.0.child: umgr.staging.output.0           : MainThread     : DEBUG   : bucket: DONE : ['unit.000008']
2017-05-30 22:29:11,622: umgr.staging.output.0.child: umgr.staging.output.0           : MainThread     : DEBUG   : push unit.000008 ===| DONE
2017-05-30 22:29:14,031: umgr.staging.output.0.child: umgr.staging.output.0           : MainThread     : DEBUG   : got unit (unit.000011)
2017-05-30 22:29:14,031: umgr.staging.output.0.child: umgr.staging.output.0           : MainThread     : DEBUG   :  === work on unit.000011 in UMGR_STAGING_OUTPUT_PENDING @ umgr
2017-05-30 22:29:14,032: umgr.staging.output.0.child: umgr.staging.output.0           : MainThread     : DEBUG   : advance bulk size: 1 [False, True]
2017-05-30 22:29:14,032: umgr.staging.output.0.child: umgr.staging.output.0           : MainThread     : DEBUG   : advance bulk: unit.000011 [1]
2017-05-30 22:29:14,032: umgr.staging.output.0.child: umgr.staging.output.0           : MainThread     : DEBUG   : advance bulk size: 1 [True, True]
2017-05-30 22:29:14,032: umgr.staging.output.0.child: umgr.staging.output.0           : MainThread     : DEBUG   : advance bulk: unit.000011 [1]
2017-05-30 22:29:14,032: umgr.staging.output.0.child: umgr.staging.output.0           : MainThread     : DEBUG   : bucket: DONE : ['unit.000011']
2017-05-30 22:29:14,032: umgr.staging.output.0.child: umgr.staging.output.0           : MainThread     : DEBUG   : push unit.000011 ===| DONE
2017-05-30 22:29:15,339: umgr.staging.output.0.child: umgr.staging.output.0           : MainThread     : DEBUG   : got unit (unit.000001)
2017-05-30 22:29:15,339: umgr.staging.output.0.child: umgr.staging.output.0           : MainThread     : DEBUG   :  === work on unit.000001 in UMGR_STAGING_OUTPUT_PENDING @ umgr
2017-05-30 22:29:15,339: umgr.staging.output.0.child: umgr.staging.output.0           : MainThread     : DEBUG   : advance bulk size: 1 [False, True]
2017-05-30 22:29:15,339: umgr.staging.output.0.child: umgr.staging.output.0           : MainThread     : DEBUG   : advance bulk: unit.000001 [1]
2017-05-30 22:29:15,339: umgr.staging.output.0.child: umgr.staging.output.0           : MainThread     : DEBUG   : advance bulk size: 1 [True, True]
2017-05-30 22:29:15,339: umgr.staging.output.0.child: umgr.staging.output.0           : MainThread     : DEBUG   : advance bulk: unit.000001 [1]
2017-05-30 22:29:15,339: umgr.staging.output.0.child: umgr.staging.output.0           : MainThread     : DEBUG   : bucket: DONE : ['unit.000001']
2017-05-30 22:29:15,339: umgr.staging.output.0.child: umgr.staging.output.0           : MainThread     : DEBUG   : push unit.000001 ===| DONE
2017-05-30 22:29:17,749: umgr.staging.output.0.child: umgr.staging.output.0           : MainThread     : DEBUG   : got unit (unit.000006)
2017-05-30 22:29:17,749: umgr.staging.output.0.child: umgr.staging.output.0           : MainThread     : DEBUG   :  === work on unit.000006 in UMGR_STAGING_OUTPUT_PENDING @ umgr
2017-05-30 22:29:17,749: umgr.staging.output.0.child: umgr.staging.output.0           : MainThread     : DEBUG   : advance bulk size: 1 [False, True]
2017-05-30 22:29:17,750: umgr.staging.output.0.child: umgr.staging.output.0           : MainThread     : DEBUG   : advance bulk: unit.000006 [1]
2017-05-30 22:29:17,750: umgr.staging.output.0.child: umgr.staging.output.0           : MainThread     : DEBUG   : advance bulk size: 1 [True, True]
2017-05-30 22:29:17,750: umgr.staging.output.0.child: umgr.staging.output.0           : MainThread     : DEBUG   : advance bulk: unit.000006 [1]
2017-05-30 22:29:17,750: umgr.staging.output.0.child: umgr.staging.output.0           : MainThread     : DEBUG   : bucket: DONE : ['unit.000006']
2017-05-30 22:29:17,751: umgr.staging.output.0.child: umgr.staging.output.0           : MainThread     : DEBUG   : push unit.000006 ===| DONE
2017-05-30 22:29:19,058: umgr.staging.output.0.child: umgr.staging.output.0           : MainThread     : DEBUG   : got unit (unit.000014)
2017-05-30 22:29:19,058: umgr.staging.output.0.child: umgr.staging.output.0           : MainThread     : DEBUG   :  === work on unit.000014 in UMGR_STAGING_OUTPUT_PENDING @ umgr
2017-05-30 22:29:19,058: umgr.staging.output.0.child: umgr.staging.output.0           : MainThread     : DEBUG   : advance bulk size: 1 [False, True]
2017-05-30 22:29:19,058: umgr.staging.output.0.child: umgr.staging.output.0           : MainThread     : DEBUG   : advance bulk: unit.000014 [1]
2017-05-30 22:29:19,058: umgr.staging.output.0.child: umgr.staging.output.0           : MainThread     : DEBUG   : advance bulk size: 1 [True, True]
2017-05-30 22:29:19,058: umgr.staging.output.0.child: umgr.staging.output.0           : MainThread     : DEBUG   : advance bulk: unit.000014 [1]
2017-05-30 22:29:19,058: umgr.staging.output.0.child: umgr.staging.output.0           : MainThread     : DEBUG   : bucket: DONE : ['unit.000014']
2017-05-30 22:29:19,058: umgr.staging.output.0.child: umgr.staging.output.0           : MainThread     : DEBUG   : push unit.000014 ===| DONE
2017-05-30 22:29:21,478: umgr.staging.output.0.child: umgr.staging.output.0           : MainThread     : DEBUG   : got unit (unit.000010)
2017-05-30 22:29:21,479: umgr.staging.output.0.child: umgr.staging.output.0           : MainThread     : DEBUG   :  === work on unit.000010 in UMGR_STAGING_OUTPUT_PENDING @ umgr
2017-05-30 22:29:21,479: umgr.staging.output.0.child: umgr.staging.output.0           : MainThread     : DEBUG   : advance bulk size: 1 [False, True]
2017-05-30 22:29:21,479: umgr.staging.output.0.child: umgr.staging.output.0           : MainThread     : DEBUG   : advance bulk: unit.000010 [1]
2017-05-30 22:29:21,479: umgr.staging.output.0.child: umgr.staging.output.0           : MainThread     : DEBUG   : advance bulk size: 1 [True, True]
2017-05-30 22:29:21,479: umgr.staging.output.0.child: umgr.staging.output.0           : MainThread     : DEBUG   : advance bulk: unit.000010 [1]
2017-05-30 22:29:21,479: umgr.staging.output.0.child: umgr.staging.output.0           : MainThread     : DEBUG   : bucket: DONE : ['unit.000010']
2017-05-30 22:29:21,479: umgr.staging.output.0.child: umgr.staging.output.0           : MainThread     : DEBUG   : push unit.000010 ===| DONE
2017-05-30 22:29:23,889: umgr.staging.output.0.child: umgr.staging.output.0           : MainThread     : DEBUG   : got unit (unit.000002)
2017-05-30 22:29:23,889: umgr.staging.output.0.child: umgr.staging.output.0           : MainThread     : DEBUG   : got unit (unit.000015)
2017-05-30 22:29:23,889: umgr.staging.output.0.child: umgr.staging.output.0           : MainThread     : DEBUG   : got unit (unit.000003)
2017-05-30 22:29:23,889: umgr.staging.output.0.child: umgr.staging.output.0           : MainThread     : DEBUG   :  === work on unit.000002 in UMGR_STAGING_OUTPUT_PENDING @ umgr
2017-05-30 22:29:23,889: umgr.staging.output.0.child: umgr.staging.output.0           : MainThread     : DEBUG   :  === work on unit.000015 in UMGR_STAGING_OUTPUT_PENDING @ umgr
2017-05-30 22:29:23,889: umgr.staging.output.0.child: umgr.staging.output.0           : MainThread     : DEBUG   :  === work on unit.000003 in UMGR_STAGING_OUTPUT_PENDING @ umgr
2017-05-30 22:29:23,889: umgr.staging.output.0.child: umgr.staging.output.0           : MainThread     : DEBUG   : advance bulk size: 3 [False, True]
2017-05-30 22:29:23,889: umgr.staging.output.0.child: umgr.staging.output.0           : MainThread     : DEBUG   : advance bulk: unit.000002 [3]
2017-05-30 22:29:23,890: umgr.staging.output.0.child: umgr.staging.output.0           : MainThread     : DEBUG   : advance bulk: unit.000015 [3]
2017-05-30 22:29:23,890: umgr.staging.output.0.child: umgr.staging.output.0           : MainThread     : DEBUG   : advance bulk: unit.000003 [3]
2017-05-30 22:29:23,890: umgr.staging.output.0.child: umgr.staging.output.0           : MainThread     : DEBUG   : advance bulk size: 3 [True, True]
2017-05-30 22:29:23,890: umgr.staging.output.0.child: umgr.staging.output.0           : MainThread     : DEBUG   : advance bulk: unit.000002 [3]
2017-05-30 22:29:23,890: umgr.staging.output.0.child: umgr.staging.output.0           : MainThread     : DEBUG   : advance bulk: unit.000015 [3]
2017-05-30 22:29:23,890: umgr.staging.output.0.child: umgr.staging.output.0           : MainThread     : DEBUG   : advance bulk: unit.000003 [3]
2017-05-30 22:29:23,890: umgr.staging.output.0.child: umgr.staging.output.0           : MainThread     : DEBUG   : bucket: DONE : ['unit.000002', 'unit.000015', 'unit.000003']
2017-05-30 22:29:23,890: umgr.staging.output.0.child: umgr.staging.output.0           : MainThread     : DEBUG   : push unit.000002 ===| DONE
2017-05-30 22:29:23,890: umgr.staging.output.0.child: umgr.staging.output.0           : MainThread     : DEBUG   : push unit.000015 ===| DONE
2017-05-30 22:29:23,890: umgr.staging.output.0.child: umgr.staging.output.0           : MainThread     : DEBUG   : push unit.000003 ===| DONE
2017-05-30 22:29:26,301: umgr.staging.output.0.child: umgr.staging.output.0           : MainThread     : DEBUG   : got unit (unit.000009)
2017-05-30 22:29:26,301: umgr.staging.output.0.child: umgr.staging.output.0           : MainThread     : DEBUG   : got unit (unit.000005)
2017-05-30 22:29:26,301: umgr.staging.output.0.child: umgr.staging.output.0           : MainThread     : DEBUG   :  === work on unit.000009 in UMGR_STAGING_OUTPUT_PENDING @ umgr
2017-05-30 22:29:26,301: umgr.staging.output.0.child: umgr.staging.output.0           : MainThread     : DEBUG   :  === work on unit.000005 in UMGR_STAGING_OUTPUT_PENDING @ umgr
2017-05-30 22:29:26,301: umgr.staging.output.0.child: umgr.staging.output.0           : MainThread     : DEBUG   : advance bulk size: 2 [False, True]
2017-05-30 22:29:26,301: umgr.staging.output.0.child: umgr.staging.output.0           : MainThread     : DEBUG   : advance bulk: unit.000009 [2]
2017-05-30 22:29:26,301: umgr.staging.output.0.child: umgr.staging.output.0           : MainThread     : DEBUG   : advance bulk: unit.000005 [2]
2017-05-30 22:29:26,302: umgr.staging.output.0.child: umgr.staging.output.0           : MainThread     : DEBUG   : advance bulk size: 2 [True, True]
2017-05-30 22:29:26,302: umgr.staging.output.0.child: umgr.staging.output.0           : MainThread     : DEBUG   : advance bulk: unit.000009 [2]
2017-05-30 22:29:26,302: umgr.staging.output.0.child: umgr.staging.output.0           : MainThread     : DEBUG   : advance bulk: unit.000005 [2]
2017-05-30 22:29:26,302: umgr.staging.output.0.child: umgr.staging.output.0           : MainThread     : DEBUG   : bucket: DONE : ['unit.000009', 'unit.000005']
2017-05-30 22:29:26,302: umgr.staging.output.0.child: umgr.staging.output.0           : MainThread     : DEBUG   : push unit.000009 ===| DONE
2017-05-30 22:29:26,302: umgr.staging.output.0.child: umgr.staging.output.0           : MainThread     : DEBUG   : push unit.000005 ===| DONE
2017-05-30 22:29:28,711: umgr.staging.output.0.child: umgr.staging.output.0           : MainThread     : DEBUG   : got unit (unit.000000)
2017-05-30 22:29:28,711: umgr.staging.output.0.child: umgr.staging.output.0           : MainThread     : DEBUG   :  === work on unit.000000 in UMGR_STAGING_OUTPUT_PENDING @ umgr
2017-05-30 22:29:28,711: umgr.staging.output.0.child: umgr.staging.output.0           : MainThread     : DEBUG   : advance bulk size: 1 [False, True]
2017-05-30 22:29:28,711: umgr.staging.output.0.child: umgr.staging.output.0           : MainThread     : DEBUG   : advance bulk: unit.000000 [1]
2017-05-30 22:29:28,711: umgr.staging.output.0.child: umgr.staging.output.0           : MainThread     : DEBUG   : advance bulk size: 1 [True, True]
2017-05-30 22:29:28,712: umgr.staging.output.0.child: umgr.staging.output.0           : MainThread     : DEBUG   : advance bulk: unit.000000 [1]
2017-05-30 22:29:28,712: umgr.staging.output.0.child: umgr.staging.output.0           : MainThread     : DEBUG   : bucket: DONE : ['unit.000000']
2017-05-30 22:29:28,712: umgr.staging.output.0.child: umgr.staging.output.0           : MainThread     : DEBUG   : push unit.000000 ===| DONE
2017-05-30 22:29:34,623: umgr.staging.output.0.child: umgr.staging.output.0           : MainThread     : DEBUG   : got unit (unit.000012)
2017-05-30 22:29:34,624: umgr.staging.output.0.child: umgr.staging.output.0           : MainThread     : DEBUG   :  === work on unit.000012 in UMGR_STAGING_OUTPUT_PENDING @ umgr
2017-05-30 22:29:34,624: umgr.staging.output.0.child: umgr.staging.output.0           : MainThread     : DEBUG   : advance bulk size: 1 [False, True]
2017-05-30 22:29:34,624: umgr.staging.output.0.child: umgr.staging.output.0           : MainThread     : DEBUG   : advance bulk: unit.000012 [1]
2017-05-30 22:29:34,624: umgr.staging.output.0.child: umgr.staging.output.0           : MainThread     : DEBUG   : advance bulk size: 1 [True, True]
2017-05-30 22:29:34,624: umgr.staging.output.0.child: umgr.staging.output.0           : MainThread     : DEBUG   : advance bulk: unit.000012 [1]
2017-05-30 22:29:34,624: umgr.staging.output.0.child: umgr.staging.output.0           : MainThread     : DEBUG   : bucket: DONE : ['unit.000012']
2017-05-30 22:29:34,624: umgr.staging.output.0.child: umgr.staging.output.0           : MainThread     : DEBUG   : push unit.000012 ===| DONE
