2017-05-30 22:21:57,425: update.0.child      : update.0                        : MainThread     : INFO    : python.interpreter   version: 2.7.12 (default, Nov 19 2016, 06:48:10) [GCC 5.4.0 20160609]
2017-05-30 22:21:57,425: update.0.child      : update.0                        : MainThread     : INFO    :                      pid: 26529
2017-05-30 22:21:57,425: update.0.child      : update.0                        : MainThread     : INFO    :                      tid: MainThread
2017-05-30 22:21:57,425: update.0.child      : update.0                        : MainThread     : INFO    : radical.pilot        version: split-81-gf853cc9b@feature-bridges
2017-05-30 22:21:57,460: update.0.child      : update.0                        : MainThread     : INFO    : initialize update.0.child
2017-05-30 22:21:57,464: update.0.child      : update.0                        : MainThread     : INFO    : cfg: {'agents': {},
 u'bridges': {u'control_pubsub': {'addr_in': 'tcp://138.201.86.166:38427',
                                  'addr_out': 'tcp://138.201.86.166:45762',
                                  u'bulk_size': 0,
                                  u'log_level': u'debug',
                                  u'stall_hwm': 1},
              u'log_pubsub': {'addr_in': 'tcp://138.201.86.166:39312',
                              'addr_out': 'tcp://138.201.86.166:38920',
                              u'bulk_size': 0,
                              u'log_level': u'debug',
                              u'stall_hwm': 1},
              u'state_pubsub': {'addr_in': 'tcp://138.201.86.166:41013',
                                'addr_out': 'tcp://138.201.86.166:36088',
                                u'bulk_size': 0,
                                u'log_level': u'debug',
                                u'stall_hwm': 1}},
 'cname': u'UpdateWorker',
 u'components': {},
 u'count': 1,
 'dburl': 'mongodb://mingtaiha:mingtaiha@ds053838.mlab.com:53838/hicomb',
 'debug': 'DEBUG',
 u'default_dburl': u'mongodb://rp:rp@ds015335.mlab.com:15335/rp',
 'logdir': '/home/mingtha/repos/affinity_model/exp/model_confirm/rp.session.Ubuntu-1604-xenial-64-minimal.mingtha.017316.0018',
 'number': 0,
 'owner': 'rp.session.Ubuntu-1604-xenial-64-minimal.mingtha.017316.0018',
 'session_id': 'rp.session.Ubuntu-1604-xenial-64-minimal.mingtha.017316.0018'}
2017-05-30 22:21:57,465: update.0.child      : update.0                        : MainThread     : DEBUG   : start components: {}
2017-05-30 22:21:57,465: update.0.child      : update.0                        : MainThread     : DEBUG   : START: update.0.child register publisher log_pubsub
2017-05-30 22:21:57,465: update.0.child      : update.0                        : MainThread     : DEBUG   : using addr tcp://138.201.86.166:39312 for pubsub log_pubsub
2017-05-30 22:21:57,467: update.0.child      : update.0                        : MainThread     : DEBUG   : registered publisher : log_pubsub : log.pubsub.pub
2017-05-30 22:21:57,467: update.0.child      : update.0                        : MainThread     : DEBUG   : START: update.0.child register publisher state_pubsub
2017-05-30 22:21:57,467: update.0.child      : update.0                        : MainThread     : DEBUG   : using addr tcp://138.201.86.166:41013 for pubsub state_pubsub
2017-05-30 22:21:57,468: update.0.child      : update.0                        : MainThread     : DEBUG   : registered publisher : state_pubsub : state.pubsub.pub
2017-05-30 22:21:57,469: update.0.child      : update.0                        : MainThread     : DEBUG   : START: update.0.child register publisher control_pubsub
2017-05-30 22:21:57,469: update.0.child      : update.0                        : MainThread     : DEBUG   : using addr tcp://138.201.86.166:38427 for pubsub control_pubsub
2017-05-30 22:21:57,470: update.0.child      : update.0                        : MainThread     : DEBUG   : registered publisher : control_pubsub : control.pubsub.pub
2017-05-30 22:21:57,470: update.0.child      : update.0                        : MainThread     : DEBUG   : START: update.0.child register subscriber update.0.child.subscriber._cancel_monitor_cb
2017-05-30 22:21:57,470: update.0.child      : update.0                        : MainThread     : DEBUG   : using addr tcp://138.201.86.166:45762 for pubsub control_pubsub
2017-05-30 22:21:57,473: update.0.child      : update.0                        : MainThread     : DEBUG   : start thread
2017-05-30 22:21:57,473: update.0.child      : update.0                        : update.0.child.subscriber._cancel_monitor_cb: INFO    : child (me) initializing
2017-05-30 22:21:57,474: update.0.child      : update.0                        : update.0.child.subscriber._cancel_monitor_cb: DEBUG   : ru_initialize_common (NOOP)
2017-05-30 22:21:57,474: update.0.child      : update.0                        : update.0.child.subscriber._cancel_monitor_cb: DEBUG   : ru_initialize_child (NOOP)
2017-05-30 22:21:57,474: update.0.child      : update.0                        : update.0.child.subscriber._cancel_monitor_cb: INFO    : send alive
2017-05-30 22:21:57,474: update.0.child      : update.0                        : update.0.child.subscriber._cancel_monitor_cb: INFO    : send message: alive
2017-05-30 22:21:57,475: update.0.child      : update.0                        : MainThread     : INFO    : recv message: alive
2017-05-30 22:21:57,475: update.0.child      : update.0                        : MainThread     : DEBUG   : ru_initialize_common (NOOP)
2017-05-30 22:21:57,475: update.0.child      : update.0                        : MainThread     : DEBUG   : ru_initialize_parent (NOOP)
2017-05-30 22:21:57,475: update.0.child      : update.0                        : MainThread     : DEBUG   : child thread update.0.child.subscriber._cancel_monitor_cb started
2017-05-30 22:21:57,476: update.0.child      : update.0                        : MainThread     : DEBUG   : update.0.child registered control_pubsub subscriber update.0.child.subscriber._cancel_monitor_cb
2017-05-30 22:21:58,001: update.0.child      : update.0                        : MainThread     : DEBUG   : START: update.0.child register subscriber update.0.child.subscriber._state_cb
2017-05-30 22:21:58,001: update.0.child      : update.0                        : MainThread     : DEBUG   : using addr tcp://138.201.86.166:36088 for pubsub state_pubsub
2017-05-30 22:21:58,003: update.0.child      : update.0                        : MainThread     : DEBUG   : start thread
2017-05-30 22:21:58,003: update.0.child      : update.0                        : update.0.child.subscriber._state_cb: INFO    : child (me) initializing
2017-05-30 22:21:58,003: update.0.child      : update.0                        : update.0.child.subscriber._state_cb: DEBUG   : ru_initialize_common (NOOP)
2017-05-30 22:21:58,004: update.0.child      : update.0                        : update.0.child.subscriber._state_cb: DEBUG   : ru_initialize_child (NOOP)
2017-05-30 22:21:58,004: update.0.child      : update.0                        : update.0.child.subscriber._state_cb: INFO    : send alive
2017-05-30 22:21:58,004: update.0.child      : update.0                        : update.0.child.subscriber._state_cb: INFO    : send message: alive
2017-05-30 22:21:58,005: update.0.child      : update.0                        : MainThread     : INFO    : recv message: alive
2017-05-30 22:21:58,005: update.0.child      : update.0                        : MainThread     : DEBUG   : ru_initialize_common (NOOP)
2017-05-30 22:21:58,006: update.0.child      : update.0                        : MainThread     : DEBUG   : ru_initialize_parent (NOOP)
2017-05-30 22:21:58,006: update.0.child      : update.0                        : MainThread     : DEBUG   : child thread update.0.child.subscriber._state_cb started
2017-05-30 22:21:58,006: update.0.child      : update.0                        : MainThread     : DEBUG   : update.0.child registered state_pubsub subscriber update.0.child.subscriber._state_cb
2017-05-30 22:21:58,006: update.0.child      : update.0                        : MainThread     : DEBUG   : START: update.0.child register idler update.0.child.idler._idle_cb
2017-05-30 22:21:58,006: update.0.child      : update.0                        : MainThread     : DEBUG   : start thread
2017-05-30 22:21:58,007: update.0.child      : update.0                        : update.0.child.idler._idle_cb: INFO    : child (me) initializing
2017-05-30 22:21:58,007: update.0.child      : update.0                        : update.0.child.idler._idle_cb: DEBUG   : ru_initialize_common (NOOP)
2017-05-30 22:21:58,007: update.0.child      : update.0                        : update.0.child.idler._idle_cb: DEBUG   : ru_initialize_child (NOOP)
2017-05-30 22:21:58,008: update.0.child      : update.0                        : update.0.child.idler._idle_cb: INFO    : send alive
2017-05-30 22:21:58,008: update.0.child      : update.0                        : update.0.child.idler._idle_cb: INFO    : send message: alive
2017-05-30 22:21:58,008: update.0.child      : update.0                        : MainThread     : INFO    : recv message: alive
2017-05-30 22:21:58,009: update.0.child      : update.0                        : MainThread     : DEBUG   : ru_initialize_common (NOOP)
2017-05-30 22:21:58,009: update.0.child      : update.0                        : MainThread     : DEBUG   : ru_initialize_parent (NOOP)
2017-05-30 22:21:58,009: update.0.child      : update.0                        : MainThread     : DEBUG   : child thread update.0.child.idler._idle_cb started
2017-05-30 22:21:58,009: update.0.child      : update.0                        : MainThread     : DEBUG   : update.0.child registered idler update.0.child.idler._idle_cb
2017-05-30 22:22:00,210: update.0.child      : update.0                        : update.0.child.subscriber._state_cb: DEBUG   : bulked pilot.0000 [PMGR_LAUNCHING_PENDING] update.0.child
2017-05-30 22:22:00,310: update.0.child      : update.0                        : update.0.child.subscriber._state_cb: DEBUG   : bulk update result: {'nModified': 1, 'nUpserted': 0, 'nMatched': 1, 'writeErrors': [], 'upserted': [], 'writeConcernErrors': [], 'nRemoved': 0, 'nInserted': 0}
2017-05-30 22:22:00,310: update.0.child      : update.0                        : update.0.child.subscriber._state_cb: DEBUG   : bulked pilot.0000 [PMGR_LAUNCHING] update.0.child
2017-05-30 22:22:01,266: update.0.child      : update.0                        : update.0.child.subscriber._state_cb: DEBUG   : bulked unit.000000 [UMGR_SCHEDULING_PENDING] update.0.child
2017-05-30 22:22:01,267: update.0.child      : update.0                        : update.0.child.subscriber._state_cb: DEBUG   : bulked unit.000001 [UMGR_SCHEDULING_PENDING] update.0.child
2017-05-30 22:22:01,267: update.0.child      : update.0                        : update.0.child.subscriber._state_cb: DEBUG   : bulked unit.000002 [UMGR_SCHEDULING_PENDING] update.0.child
2017-05-30 22:22:01,267: update.0.child      : update.0                        : update.0.child.subscriber._state_cb: DEBUG   : bulked unit.000003 [UMGR_SCHEDULING_PENDING] update.0.child
2017-05-30 22:22:01,267: update.0.child      : update.0                        : update.0.child.subscriber._state_cb: DEBUG   : bulked unit.000004 [UMGR_SCHEDULING_PENDING] update.0.child
2017-05-30 22:22:01,268: update.0.child      : update.0                        : update.0.child.subscriber._state_cb: DEBUG   : bulked unit.000005 [UMGR_SCHEDULING_PENDING] update.0.child
2017-05-30 22:22:01,268: update.0.child      : update.0                        : update.0.child.subscriber._state_cb: DEBUG   : bulked unit.000006 [UMGR_SCHEDULING_PENDING] update.0.child
2017-05-30 22:22:01,268: update.0.child      : update.0                        : update.0.child.subscriber._state_cb: DEBUG   : bulked unit.000007 [UMGR_SCHEDULING_PENDING] update.0.child
2017-05-30 22:22:01,268: update.0.child      : update.0                        : update.0.child.subscriber._state_cb: DEBUG   : bulked unit.000008 [UMGR_SCHEDULING_PENDING] update.0.child
2017-05-30 22:22:01,268: update.0.child      : update.0                        : update.0.child.subscriber._state_cb: DEBUG   : bulked unit.000009 [UMGR_SCHEDULING_PENDING] update.0.child
2017-05-30 22:22:01,269: update.0.child      : update.0                        : update.0.child.subscriber._state_cb: DEBUG   : bulked unit.000010 [UMGR_SCHEDULING_PENDING] update.0.child
2017-05-30 22:22:01,269: update.0.child      : update.0                        : update.0.child.subscriber._state_cb: DEBUG   : bulked unit.000011 [UMGR_SCHEDULING_PENDING] update.0.child
2017-05-30 22:22:01,269: update.0.child      : update.0                        : update.0.child.subscriber._state_cb: DEBUG   : bulked unit.000012 [UMGR_SCHEDULING_PENDING] update.0.child
2017-05-30 22:22:01,269: update.0.child      : update.0                        : update.0.child.subscriber._state_cb: DEBUG   : bulked unit.000013 [UMGR_SCHEDULING_PENDING] update.0.child
2017-05-30 22:22:01,269: update.0.child      : update.0                        : update.0.child.subscriber._state_cb: DEBUG   : bulked unit.000014 [UMGR_SCHEDULING_PENDING] update.0.child
2017-05-30 22:22:01,270: update.0.child      : update.0                        : update.0.child.subscriber._state_cb: DEBUG   : bulked unit.000015 [UMGR_SCHEDULING_PENDING] update.0.child
2017-05-30 22:22:01,373: update.0.child      : update.0                        : update.0.child.subscriber._state_cb: DEBUG   : bulk update result: {'nModified': 17, 'nUpserted': 0, 'nMatched': 17, 'writeErrors': [], 'upserted': [], 'writeConcernErrors': [], 'nRemoved': 0, 'nInserted': 0}
2017-05-30 22:22:01,374: update.0.child      : update.0                        : update.0.child.subscriber._state_cb: DEBUG   : bulked unit.000000 [UMGR_SCHEDULING] update.0.child
2017-05-30 22:22:01,374: update.0.child      : update.0                        : update.0.child.subscriber._state_cb: DEBUG   : bulked unit.000001 [UMGR_SCHEDULING] update.0.child
2017-05-30 22:22:01,374: update.0.child      : update.0                        : update.0.child.subscriber._state_cb: DEBUG   : bulked unit.000002 [UMGR_SCHEDULING] update.0.child
2017-05-30 22:22:01,374: update.0.child      : update.0                        : update.0.child.subscriber._state_cb: DEBUG   : bulked unit.000003 [UMGR_SCHEDULING] update.0.child
2017-05-30 22:22:01,374: update.0.child      : update.0                        : update.0.child.subscriber._state_cb: DEBUG   : bulked unit.000004 [UMGR_SCHEDULING] update.0.child
2017-05-30 22:22:01,374: update.0.child      : update.0                        : update.0.child.subscriber._state_cb: DEBUG   : bulked unit.000005 [UMGR_SCHEDULING] update.0.child
2017-05-30 22:22:01,374: update.0.child      : update.0                        : update.0.child.subscriber._state_cb: DEBUG   : bulked unit.000006 [UMGR_SCHEDULING] update.0.child
2017-05-30 22:22:01,374: update.0.child      : update.0                        : update.0.child.subscriber._state_cb: DEBUG   : bulked unit.000007 [UMGR_SCHEDULING] update.0.child
2017-05-30 22:22:01,374: update.0.child      : update.0                        : update.0.child.subscriber._state_cb: DEBUG   : bulked unit.000008 [UMGR_SCHEDULING] update.0.child
2017-05-30 22:22:01,374: update.0.child      : update.0                        : update.0.child.subscriber._state_cb: DEBUG   : bulked unit.000009 [UMGR_SCHEDULING] update.0.child
2017-05-30 22:22:01,374: update.0.child      : update.0                        : update.0.child.subscriber._state_cb: DEBUG   : bulked unit.000010 [UMGR_SCHEDULING] update.0.child
2017-05-30 22:22:01,374: update.0.child      : update.0                        : update.0.child.subscriber._state_cb: DEBUG   : bulked unit.000011 [UMGR_SCHEDULING] update.0.child
2017-05-30 22:22:01,374: update.0.child      : update.0                        : update.0.child.subscriber._state_cb: DEBUG   : bulked unit.000012 [UMGR_SCHEDULING] update.0.child
2017-05-30 22:22:01,374: update.0.child      : update.0                        : update.0.child.subscriber._state_cb: DEBUG   : bulked unit.000013 [UMGR_SCHEDULING] update.0.child
2017-05-30 22:22:01,374: update.0.child      : update.0                        : update.0.child.subscriber._state_cb: DEBUG   : bulked unit.000014 [UMGR_SCHEDULING] update.0.child
2017-05-30 22:22:01,375: update.0.child      : update.0                        : update.0.child.subscriber._state_cb: DEBUG   : bulked unit.000015 [UMGR_SCHEDULING] update.0.child
2017-05-30 22:22:01,375: update.0.child      : update.0                        : update.0.child.subscriber._state_cb: DEBUG   : bulked unit.000000 [UMGR_STAGING_INPUT_PENDING] update.0.child
2017-05-30 22:22:01,375: update.0.child      : update.0                        : update.0.child.subscriber._state_cb: DEBUG   : bulked unit.000001 [UMGR_STAGING_INPUT_PENDING] update.0.child
2017-05-30 22:22:01,375: update.0.child      : update.0                        : update.0.child.subscriber._state_cb: DEBUG   : bulked unit.000002 [UMGR_STAGING_INPUT_PENDING] update.0.child
2017-05-30 22:22:01,375: update.0.child      : update.0                        : update.0.child.subscriber._state_cb: DEBUG   : bulked unit.000003 [UMGR_STAGING_INPUT_PENDING] update.0.child
2017-05-30 22:22:01,375: update.0.child      : update.0                        : update.0.child.subscriber._state_cb: DEBUG   : bulked unit.000004 [UMGR_STAGING_INPUT_PENDING] update.0.child
2017-05-30 22:22:01,375: update.0.child      : update.0                        : update.0.child.subscriber._state_cb: DEBUG   : bulked unit.000005 [UMGR_STAGING_INPUT_PENDING] update.0.child
2017-05-30 22:22:01,375: update.0.child      : update.0                        : update.0.child.subscriber._state_cb: DEBUG   : bulked unit.000006 [UMGR_STAGING_INPUT_PENDING] update.0.child
2017-05-30 22:22:01,375: update.0.child      : update.0                        : update.0.child.subscriber._state_cb: DEBUG   : bulked unit.000007 [UMGR_STAGING_INPUT_PENDING] update.0.child
2017-05-30 22:22:01,375: update.0.child      : update.0                        : update.0.child.subscriber._state_cb: DEBUG   : bulked unit.000008 [UMGR_STAGING_INPUT_PENDING] update.0.child
2017-05-30 22:22:01,375: update.0.child      : update.0                        : update.0.child.subscriber._state_cb: DEBUG   : bulked unit.000009 [UMGR_STAGING_INPUT_PENDING] update.0.child
2017-05-30 22:22:01,375: update.0.child      : update.0                        : update.0.child.subscriber._state_cb: DEBUG   : bulked unit.000010 [UMGR_STAGING_INPUT_PENDING] update.0.child
2017-05-30 22:22:01,375: update.0.child      : update.0                        : update.0.child.subscriber._state_cb: DEBUG   : bulked unit.000011 [UMGR_STAGING_INPUT_PENDING] update.0.child
2017-05-30 22:22:01,375: update.0.child      : update.0                        : update.0.child.subscriber._state_cb: DEBUG   : bulked unit.000012 [UMGR_STAGING_INPUT_PENDING] update.0.child
2017-05-30 22:22:01,375: update.0.child      : update.0                        : update.0.child.subscriber._state_cb: DEBUG   : bulked unit.000013 [UMGR_STAGING_INPUT_PENDING] update.0.child
2017-05-30 22:22:01,376: update.0.child      : update.0                        : update.0.child.subscriber._state_cb: DEBUG   : bulked unit.000014 [UMGR_STAGING_INPUT_PENDING] update.0.child
2017-05-30 22:22:01,376: update.0.child      : update.0                        : update.0.child.subscriber._state_cb: DEBUG   : bulked unit.000015 [UMGR_STAGING_INPUT_PENDING] update.0.child
2017-05-30 22:22:01,376: update.0.child      : update.0                        : update.0.child.subscriber._state_cb: DEBUG   : bulked unit.000000 [UMGR_STAGING_INPUT] update.0.child
2017-05-30 22:22:01,376: update.0.child      : update.0                        : update.0.child.subscriber._state_cb: DEBUG   : bulked unit.000001 [UMGR_STAGING_INPUT] update.0.child
2017-05-30 22:22:01,376: update.0.child      : update.0                        : update.0.child.subscriber._state_cb: DEBUG   : bulked unit.000002 [UMGR_STAGING_INPUT] update.0.child
2017-05-30 22:22:01,376: update.0.child      : update.0                        : update.0.child.subscriber._state_cb: DEBUG   : bulked unit.000003 [UMGR_STAGING_INPUT] update.0.child
2017-05-30 22:22:01,376: update.0.child      : update.0                        : update.0.child.subscriber._state_cb: DEBUG   : bulked unit.000004 [UMGR_STAGING_INPUT] update.0.child
2017-05-30 22:22:01,376: update.0.child      : update.0                        : update.0.child.subscriber._state_cb: DEBUG   : bulked unit.000005 [UMGR_STAGING_INPUT] update.0.child
2017-05-30 22:22:01,376: update.0.child      : update.0                        : update.0.child.subscriber._state_cb: DEBUG   : bulked unit.000006 [UMGR_STAGING_INPUT] update.0.child
2017-05-30 22:22:01,376: update.0.child      : update.0                        : update.0.child.subscriber._state_cb: DEBUG   : bulked unit.000007 [UMGR_STAGING_INPUT] update.0.child
2017-05-30 22:22:01,376: update.0.child      : update.0                        : update.0.child.subscriber._state_cb: DEBUG   : bulked unit.000008 [UMGR_STAGING_INPUT] update.0.child
2017-05-30 22:22:01,376: update.0.child      : update.0                        : update.0.child.subscriber._state_cb: DEBUG   : bulked unit.000009 [UMGR_STAGING_INPUT] update.0.child
2017-05-30 22:22:01,376: update.0.child      : update.0                        : update.0.child.subscriber._state_cb: DEBUG   : bulked unit.000010 [UMGR_STAGING_INPUT] update.0.child
2017-05-30 22:22:01,377: update.0.child      : update.0                        : update.0.child.subscriber._state_cb: DEBUG   : bulked unit.000011 [UMGR_STAGING_INPUT] update.0.child
2017-05-30 22:22:01,377: update.0.child      : update.0                        : update.0.child.subscriber._state_cb: DEBUG   : bulked unit.000012 [UMGR_STAGING_INPUT] update.0.child
2017-05-30 22:22:01,377: update.0.child      : update.0                        : update.0.child.subscriber._state_cb: DEBUG   : bulked unit.000013 [UMGR_STAGING_INPUT] update.0.child
2017-05-30 22:22:01,377: update.0.child      : update.0                        : update.0.child.subscriber._state_cb: DEBUG   : bulked unit.000014 [UMGR_STAGING_INPUT] update.0.child
2017-05-30 22:22:01,377: update.0.child      : update.0                        : update.0.child.subscriber._state_cb: DEBUG   : bulked unit.000015 [UMGR_STAGING_INPUT] update.0.child
2017-05-30 22:22:01,377: update.0.child      : update.0                        : update.0.child.subscriber._state_cb: DEBUG   : bulked unit.000000 [AGENT_STAGING_INPUT_PENDING] update.0.child
2017-05-30 22:22:01,377: update.0.child      : update.0                        : update.0.child.subscriber._state_cb: DEBUG   : bulked unit.000001 [AGENT_STAGING_INPUT_PENDING] update.0.child
2017-05-30 22:22:01,377: update.0.child      : update.0                        : update.0.child.subscriber._state_cb: DEBUG   : bulked unit.000002 [AGENT_STAGING_INPUT_PENDING] update.0.child
2017-05-30 22:22:01,377: update.0.child      : update.0                        : update.0.child.subscriber._state_cb: DEBUG   : bulked unit.000003 [AGENT_STAGING_INPUT_PENDING] update.0.child
2017-05-30 22:22:01,377: update.0.child      : update.0                        : update.0.child.subscriber._state_cb: DEBUG   : bulked unit.000004 [AGENT_STAGING_INPUT_PENDING] update.0.child
2017-05-30 22:22:01,377: update.0.child      : update.0                        : update.0.child.subscriber._state_cb: DEBUG   : bulked unit.000005 [AGENT_STAGING_INPUT_PENDING] update.0.child
2017-05-30 22:22:01,377: update.0.child      : update.0                        : update.0.child.subscriber._state_cb: DEBUG   : bulked unit.000006 [AGENT_STAGING_INPUT_PENDING] update.0.child
2017-05-30 22:22:01,377: update.0.child      : update.0                        : update.0.child.subscriber._state_cb: DEBUG   : bulked unit.000007 [AGENT_STAGING_INPUT_PENDING] update.0.child
2017-05-30 22:22:01,378: update.0.child      : update.0                        : update.0.child.subscriber._state_cb: DEBUG   : bulked unit.000008 [AGENT_STAGING_INPUT_PENDING] update.0.child
2017-05-30 22:22:01,378: update.0.child      : update.0                        : update.0.child.subscriber._state_cb: DEBUG   : bulked unit.000009 [AGENT_STAGING_INPUT_PENDING] update.0.child
2017-05-30 22:22:01,378: update.0.child      : update.0                        : update.0.child.subscriber._state_cb: DEBUG   : bulked unit.000010 [AGENT_STAGING_INPUT_PENDING] update.0.child
2017-05-30 22:22:01,378: update.0.child      : update.0                        : update.0.child.subscriber._state_cb: DEBUG   : bulked unit.000011 [AGENT_STAGING_INPUT_PENDING] update.0.child
2017-05-30 22:22:01,378: update.0.child      : update.0                        : update.0.child.subscriber._state_cb: DEBUG   : bulked unit.000012 [AGENT_STAGING_INPUT_PENDING] update.0.child
2017-05-30 22:22:01,378: update.0.child      : update.0                        : update.0.child.subscriber._state_cb: DEBUG   : bulked unit.000013 [AGENT_STAGING_INPUT_PENDING] update.0.child
2017-05-30 22:22:01,378: update.0.child      : update.0                        : update.0.child.subscriber._state_cb: DEBUG   : bulked unit.000014 [AGENT_STAGING_INPUT_PENDING] update.0.child
2017-05-30 22:22:01,378: update.0.child      : update.0                        : update.0.child.subscriber._state_cb: DEBUG   : bulked unit.000015 [AGENT_STAGING_INPUT_PENDING] update.0.child
2017-05-30 22:22:03,235: update.0.child      : update.0                        : update.0.child.idler._idle_cb: DEBUG   : bulk update result: {'nModified': 64, 'nUpserted': 0, 'nMatched': 64, 'writeErrors': [], 'upserted': [], 'writeConcernErrors': [], 'nRemoved': 0, 'nInserted': 0}
2017-05-30 22:22:13,892: update.0.child      : update.0                        : update.0.child.subscriber._state_cb: DEBUG   : bulked pilot.0000 [PMGR_ACTIVE_PENDING] update.0.child
2017-05-30 22:22:13,993: update.0.child      : update.0                        : update.0.child.subscriber._state_cb: DEBUG   : bulk update result: {'nModified': 1, 'nUpserted': 0, 'nMatched': 1, 'writeErrors': [], 'upserted': [], 'writeConcernErrors': [], 'nRemoved': 0, 'nInserted': 0}
2017-05-30 22:24:40,832: update.0.child      : update.0                        : update.0.child.subscriber._state_cb: DEBUG   : bulked pilot.0000 [PMGR_ACTIVE] update.0.child
2017-05-30 22:24:40,932: update.0.child      : update.0                        : update.0.child.subscriber._state_cb: DEBUG   : bulk update result: {'nModified': 1, 'nUpserted': 0, 'nMatched': 1, 'writeErrors': [], 'upserted': [], 'writeConcernErrors': [], 'nRemoved': 0, 'nInserted': 0}
2017-05-30 22:24:41,883: update.0.child      : update.0                        : update.0.child.subscriber._state_cb: DEBUG   : bulked unit.000009 [AGENT_STAGING_INPUT] update.0.child
2017-05-30 22:24:41,984: update.0.child      : update.0                        : update.0.child.subscriber._state_cb: DEBUG   : bulk update result: {'nModified': 1, 'nUpserted': 0, 'nMatched': 1, 'writeErrors': [], 'upserted': [], 'writeConcernErrors': [], 'nRemoved': 0, 'nInserted': 0}
2017-05-30 22:24:41,985: update.0.child      : update.0                        : update.0.child.subscriber._state_cb: DEBUG   : bulked unit.000008 [AGENT_STAGING_INPUT] update.0.child
2017-05-30 22:24:41,985: update.0.child      : update.0                        : update.0.child.subscriber._state_cb: DEBUG   : bulked unit.000015 [AGENT_STAGING_INPUT] update.0.child
2017-05-30 22:24:41,986: update.0.child      : update.0                        : update.0.child.subscriber._state_cb: DEBUG   : bulked unit.000014 [AGENT_STAGING_INPUT] update.0.child
2017-05-30 22:24:41,986: update.0.child      : update.0                        : update.0.child.subscriber._state_cb: DEBUG   : bulked unit.000003 [AGENT_STAGING_INPUT] update.0.child
2017-05-30 22:24:41,986: update.0.child      : update.0                        : update.0.child.subscriber._state_cb: DEBUG   : bulked unit.000002 [AGENT_STAGING_INPUT] update.0.child
2017-05-30 22:24:41,987: update.0.child      : update.0                        : update.0.child.subscriber._state_cb: DEBUG   : bulked unit.000001 [AGENT_STAGING_INPUT] update.0.child
2017-05-30 22:24:41,987: update.0.child      : update.0                        : update.0.child.subscriber._state_cb: DEBUG   : bulked unit.000000 [AGENT_STAGING_INPUT] update.0.child
2017-05-30 22:24:41,987: update.0.child      : update.0                        : update.0.child.subscriber._state_cb: DEBUG   : bulked unit.000007 [AGENT_STAGING_INPUT] update.0.child
2017-05-30 22:24:41,988: update.0.child      : update.0                        : update.0.child.subscriber._state_cb: DEBUG   : bulked unit.000006 [AGENT_STAGING_INPUT] update.0.child
2017-05-30 22:24:41,988: update.0.child      : update.0                        : update.0.child.subscriber._state_cb: DEBUG   : bulked unit.000005 [AGENT_STAGING_INPUT] update.0.child
2017-05-30 22:24:41,988: update.0.child      : update.0                        : update.0.child.subscriber._state_cb: DEBUG   : bulked unit.000004 [AGENT_STAGING_INPUT] update.0.child
2017-05-30 22:24:41,988: update.0.child      : update.0                        : update.0.child.subscriber._state_cb: DEBUG   : bulked unit.000013 [AGENT_STAGING_INPUT] update.0.child
2017-05-30 22:24:41,989: update.0.child      : update.0                        : update.0.child.subscriber._state_cb: DEBUG   : bulked unit.000010 [AGENT_STAGING_INPUT] update.0.child
2017-05-30 22:24:41,989: update.0.child      : update.0                        : update.0.child.subscriber._state_cb: DEBUG   : bulked unit.000011 [AGENT_STAGING_INPUT] update.0.child
2017-05-30 22:24:41,989: update.0.child      : update.0                        : update.0.child.subscriber._state_cb: DEBUG   : bulked unit.000012 [AGENT_STAGING_INPUT] update.0.child
2017-05-30 22:24:43,706: update.0.child      : update.0                        : update.0.child.idler._idle_cb: DEBUG   : bulk update result: {'nModified': 15, 'nUpserted': 0, 'nMatched': 15, 'writeErrors': [], 'upserted': [], 'writeConcernErrors': [], 'nRemoved': 0, 'nInserted': 0}
2017-05-30 22:24:44,234: update.0.child      : update.0                        : update.0.child.subscriber._state_cb: DEBUG   : bulked unit.000009 [AGENT_SCHEDULING_PENDING] update.0.child
2017-05-30 22:24:44,237: update.0.child      : update.0                        : update.0.child.subscriber._state_cb: DEBUG   : bulked unit.000009 [AGENT_SCHEDULING] update.0.child
2017-05-30 22:24:44,240: update.0.child      : update.0                        : update.0.child.subscriber._state_cb: DEBUG   : bulked unit.000009 [AGENT_EXECUTING_PENDING] update.0.child
2017-05-30 22:24:44,243: update.0.child      : update.0                        : update.0.child.subscriber._state_cb: DEBUG   : bulked unit.000009 [AGENT_EXECUTING] update.0.child
2017-05-30 22:24:44,246: update.0.child      : update.0                        : update.0.child.subscriber._state_cb: DEBUG   : bulked unit.000008 [AGENT_SCHEDULING_PENDING] update.0.child
2017-05-30 22:24:44,249: update.0.child      : update.0                        : update.0.child.subscriber._state_cb: DEBUG   : bulked unit.000008 [AGENT_SCHEDULING] update.0.child
2017-05-30 22:24:44,252: update.0.child      : update.0                        : update.0.child.subscriber._state_cb: DEBUG   : bulked unit.000008 [AGENT_EXECUTING_PENDING] update.0.child
2017-05-30 22:24:44,255: update.0.child      : update.0                        : update.0.child.subscriber._state_cb: DEBUG   : bulked unit.000008 [AGENT_EXECUTING] update.0.child
2017-05-30 22:24:44,258: update.0.child      : update.0                        : update.0.child.subscriber._state_cb: DEBUG   : bulked unit.000003 [AGENT_SCHEDULING_PENDING] update.0.child
2017-05-30 22:24:44,261: update.0.child      : update.0                        : update.0.child.subscriber._state_cb: DEBUG   : bulked unit.000003 [AGENT_SCHEDULING] update.0.child
2017-05-30 22:24:44,263: update.0.child      : update.0                        : update.0.child.subscriber._state_cb: DEBUG   : bulked unit.000003 [AGENT_EXECUTING_PENDING] update.0.child
2017-05-30 22:24:44,265: update.0.child      : update.0                        : update.0.child.subscriber._state_cb: DEBUG   : bulked unit.000003 [AGENT_EXECUTING] update.0.child
2017-05-30 22:24:44,266: update.0.child      : update.0                        : update.0.child.subscriber._state_cb: DEBUG   : bulked unit.000002 [AGENT_SCHEDULING_PENDING] update.0.child
2017-05-30 22:24:44,268: update.0.child      : update.0                        : update.0.child.subscriber._state_cb: DEBUG   : bulked unit.000002 [AGENT_SCHEDULING] update.0.child
2017-05-30 22:24:44,269: update.0.child      : update.0                        : update.0.child.subscriber._state_cb: DEBUG   : bulked unit.000002 [AGENT_EXECUTING_PENDING] update.0.child
2017-05-30 22:24:44,271: update.0.child      : update.0                        : update.0.child.subscriber._state_cb: DEBUG   : bulked unit.000002 [AGENT_EXECUTING] update.0.child
2017-05-30 22:24:44,272: update.0.child      : update.0                        : update.0.child.subscriber._state_cb: DEBUG   : bulked unit.000001 [AGENT_SCHEDULING_PENDING] update.0.child
2017-05-30 22:24:44,273: update.0.child      : update.0                        : update.0.child.subscriber._state_cb: DEBUG   : bulked unit.000001 [AGENT_SCHEDULING] update.0.child
2017-05-30 22:24:44,274: update.0.child      : update.0                        : update.0.child.subscriber._state_cb: DEBUG   : bulked unit.000001 [AGENT_EXECUTING_PENDING] update.0.child
2017-05-30 22:24:44,276: update.0.child      : update.0                        : update.0.child.subscriber._state_cb: DEBUG   : bulked unit.000001 [AGENT_EXECUTING] update.0.child
2017-05-30 22:24:44,277: update.0.child      : update.0                        : update.0.child.subscriber._state_cb: DEBUG   : bulked unit.000000 [AGENT_SCHEDULING_PENDING] update.0.child
2017-05-30 22:24:44,278: update.0.child      : update.0                        : update.0.child.subscriber._state_cb: DEBUG   : bulked unit.000000 [AGENT_SCHEDULING] update.0.child
2017-05-30 22:24:44,279: update.0.child      : update.0                        : update.0.child.subscriber._state_cb: DEBUG   : bulked unit.000000 [AGENT_EXECUTING_PENDING] update.0.child
2017-05-30 22:24:44,280: update.0.child      : update.0                        : update.0.child.subscriber._state_cb: DEBUG   : bulked unit.000000 [AGENT_EXECUTING] update.0.child
2017-05-30 22:24:44,281: update.0.child      : update.0                        : update.0.child.subscriber._state_cb: DEBUG   : bulked unit.000014 [AGENT_SCHEDULING_PENDING] update.0.child
2017-05-30 22:24:44,282: update.0.child      : update.0                        : update.0.child.subscriber._state_cb: DEBUG   : bulked unit.000014 [AGENT_SCHEDULING] update.0.child
2017-05-30 22:24:44,282: update.0.child      : update.0                        : update.0.child.subscriber._state_cb: DEBUG   : bulked unit.000014 [AGENT_EXECUTING_PENDING] update.0.child
2017-05-30 22:24:44,283: update.0.child      : update.0                        : update.0.child.subscriber._state_cb: DEBUG   : bulked unit.000014 [AGENT_EXECUTING] update.0.child
2017-05-30 22:24:44,284: update.0.child      : update.0                        : update.0.child.subscriber._state_cb: DEBUG   : bulked unit.000015 [AGENT_SCHEDULING_PENDING] update.0.child
2017-05-30 22:24:44,285: update.0.child      : update.0                        : update.0.child.subscriber._state_cb: DEBUG   : bulked unit.000015 [AGENT_SCHEDULING] update.0.child
2017-05-30 22:24:44,286: update.0.child      : update.0                        : update.0.child.subscriber._state_cb: DEBUG   : bulked unit.000015 [AGENT_EXECUTING_PENDING] update.0.child
2017-05-30 22:24:44,287: update.0.child      : update.0                        : update.0.child.subscriber._state_cb: DEBUG   : bulked unit.000015 [AGENT_EXECUTING] update.0.child
2017-05-30 22:24:44,288: update.0.child      : update.0                        : update.0.child.subscriber._state_cb: DEBUG   : bulked unit.000005 [AGENT_SCHEDULING_PENDING] update.0.child
2017-05-30 22:24:44,288: update.0.child      : update.0                        : update.0.child.subscriber._state_cb: DEBUG   : bulked unit.000005 [AGENT_SCHEDULING] update.0.child
2017-05-30 22:24:44,289: update.0.child      : update.0                        : update.0.child.subscriber._state_cb: DEBUG   : bulked unit.000005 [AGENT_EXECUTING_PENDING] update.0.child
2017-05-30 22:24:44,290: update.0.child      : update.0                        : update.0.child.subscriber._state_cb: DEBUG   : bulked unit.000005 [AGENT_EXECUTING] update.0.child
2017-05-30 22:24:44,291: update.0.child      : update.0                        : update.0.child.subscriber._state_cb: DEBUG   : bulked unit.000006 [AGENT_SCHEDULING_PENDING] update.0.child
2017-05-30 22:24:44,291: update.0.child      : update.0                        : update.0.child.subscriber._state_cb: DEBUG   : bulked unit.000006 [AGENT_SCHEDULING] update.0.child
2017-05-30 22:24:44,292: update.0.child      : update.0                        : update.0.child.subscriber._state_cb: DEBUG   : bulked unit.000006 [AGENT_EXECUTING_PENDING] update.0.child
2017-05-30 22:24:44,293: update.0.child      : update.0                        : update.0.child.subscriber._state_cb: DEBUG   : bulked unit.000006 [AGENT_EXECUTING] update.0.child
2017-05-30 22:24:44,293: update.0.child      : update.0                        : update.0.child.subscriber._state_cb: DEBUG   : bulked unit.000013 [AGENT_SCHEDULING_PENDING] update.0.child
2017-05-30 22:24:44,294: update.0.child      : update.0                        : update.0.child.subscriber._state_cb: DEBUG   : bulked unit.000013 [AGENT_SCHEDULING] update.0.child
2017-05-30 22:24:44,295: update.0.child      : update.0                        : update.0.child.subscriber._state_cb: DEBUG   : bulked unit.000013 [AGENT_EXECUTING_PENDING] update.0.child
2017-05-30 22:24:44,295: update.0.child      : update.0                        : update.0.child.subscriber._state_cb: DEBUG   : bulked unit.000013 [AGENT_EXECUTING] update.0.child
2017-05-30 22:24:44,296: update.0.child      : update.0                        : update.0.child.subscriber._state_cb: DEBUG   : bulked unit.000010 [AGENT_SCHEDULING_PENDING] update.0.child
2017-05-30 22:24:44,297: update.0.child      : update.0                        : update.0.child.subscriber._state_cb: DEBUG   : bulked unit.000010 [AGENT_SCHEDULING] update.0.child
2017-05-30 22:24:44,297: update.0.child      : update.0                        : update.0.child.subscriber._state_cb: DEBUG   : bulked unit.000010 [AGENT_EXECUTING_PENDING] update.0.child
2017-05-30 22:24:44,298: update.0.child      : update.0                        : update.0.child.subscriber._state_cb: DEBUG   : bulked unit.000010 [AGENT_EXECUTING] update.0.child
2017-05-30 22:24:44,299: update.0.child      : update.0                        : update.0.child.subscriber._state_cb: DEBUG   : bulked unit.000011 [AGENT_SCHEDULING_PENDING] update.0.child
2017-05-30 22:24:44,299: update.0.child      : update.0                        : update.0.child.subscriber._state_cb: DEBUG   : bulked unit.000011 [AGENT_SCHEDULING] update.0.child
2017-05-30 22:24:44,300: update.0.child      : update.0                        : update.0.child.subscriber._state_cb: DEBUG   : bulked unit.000011 [AGENT_EXECUTING_PENDING] update.0.child
2017-05-30 22:24:44,301: update.0.child      : update.0                        : update.0.child.subscriber._state_cb: DEBUG   : bulked unit.000011 [AGENT_EXECUTING] update.0.child
2017-05-30 22:24:44,302: update.0.child      : update.0                        : update.0.child.subscriber._state_cb: DEBUG   : bulked unit.000004 [AGENT_SCHEDULING_PENDING] update.0.child
2017-05-30 22:24:44,303: update.0.child      : update.0                        : update.0.child.subscriber._state_cb: DEBUG   : bulked unit.000004 [AGENT_SCHEDULING] update.0.child
2017-05-30 22:24:44,303: update.0.child      : update.0                        : update.0.child.subscriber._state_cb: DEBUG   : bulked unit.000004 [AGENT_EXECUTING_PENDING] update.0.child
2017-05-30 22:24:44,304: update.0.child      : update.0                        : update.0.child.subscriber._state_cb: DEBUG   : bulked unit.000004 [AGENT_EXECUTING] update.0.child
2017-05-30 22:24:44,305: update.0.child      : update.0                        : update.0.child.subscriber._state_cb: DEBUG   : bulked unit.000007 [AGENT_SCHEDULING_PENDING] update.0.child
2017-05-30 22:24:44,306: update.0.child      : update.0                        : update.0.child.subscriber._state_cb: DEBUG   : bulked unit.000007 [AGENT_SCHEDULING] update.0.child
2017-05-30 22:24:44,307: update.0.child      : update.0                        : update.0.child.subscriber._state_cb: DEBUG   : bulked unit.000007 [AGENT_EXECUTING_PENDING] update.0.child
2017-05-30 22:24:44,307: update.0.child      : update.0                        : update.0.child.subscriber._state_cb: DEBUG   : bulked unit.000007 [AGENT_EXECUTING] update.0.child
2017-05-30 22:24:44,308: update.0.child      : update.0                        : update.0.child.subscriber._state_cb: DEBUG   : bulked unit.000012 [AGENT_SCHEDULING_PENDING] update.0.child
2017-05-30 22:24:44,309: update.0.child      : update.0                        : update.0.child.subscriber._state_cb: DEBUG   : bulked unit.000012 [AGENT_SCHEDULING] update.0.child
2017-05-30 22:24:44,310: update.0.child      : update.0                        : update.0.child.subscriber._state_cb: DEBUG   : bulked unit.000012 [AGENT_EXECUTING_PENDING] update.0.child
2017-05-30 22:24:44,310: update.0.child      : update.0                        : update.0.child.subscriber._state_cb: DEBUG   : bulked unit.000012 [AGENT_EXECUTING] update.0.child
2017-05-30 22:24:44,823: update.0.child      : update.0                        : update.0.child.idler._idle_cb: DEBUG   : bulk update result: {'nModified': 64, 'nUpserted': 0, 'nMatched': 64, 'writeErrors': [], 'upserted': [], 'writeConcernErrors': [], 'nRemoved': 0, 'nInserted': 0}
2017-05-30 22:28:47,097: update.0.child      : update.0                        : update.0.child.subscriber._state_cb: DEBUG   : bulked unit.000013 [AGENT_STAGING_OUTPUT_PENDING] update.0.child
2017-05-30 22:28:47,198: update.0.child      : update.0                        : update.0.child.subscriber._state_cb: DEBUG   : bulk update result: {'nModified': 1, 'nUpserted': 0, 'nMatched': 1, 'writeErrors': [], 'upserted': [], 'writeConcernErrors': [], 'nRemoved': 0, 'nInserted': 0}
2017-05-30 22:28:48,315: update.0.child      : update.0                        : update.0.child.subscriber._state_cb: DEBUG   : bulked unit.000013 [AGENT_STAGING_OUTPUT] update.0.child
2017-05-30 22:28:48,415: update.0.child      : update.0                        : update.0.child.subscriber._state_cb: DEBUG   : bulk update result: {'nModified': 1, 'nUpserted': 0, 'nMatched': 1, 'writeErrors': [], 'upserted': [], 'writeConcernErrors': [], 'nRemoved': 0, 'nInserted': 0}
2017-05-30 22:28:48,416: update.0.child      : update.0                        : update.0.child.subscriber._state_cb: DEBUG   : bulked unit.000013 [UMGR_STAGING_OUTPUT_PENDING] update.0.child
2017-05-30 22:28:48,634: update.0.child      : update.0                        : update.0.child.subscriber._state_cb: DEBUG   : bulked unit.000013 [UMGR_STAGING_OUTPUT_PENDING] update.0.child
2017-05-30 22:28:48,636: update.0.child      : update.0                        : update.0.child.subscriber._state_cb: DEBUG   : bulked unit.000013 [UMGR_STAGING_OUTPUT] update.0.child
2017-05-30 22:28:48,637: update.0.child      : update.0                        : update.0.child.subscriber._state_cb: DEBUG   : bulked unit.000013 [DONE] update.0.child
2017-05-30 22:28:49,519: update.0.child      : update.0                        : update.0.child.idler._idle_cb: DEBUG   : bulk update result: {'nModified': 4, 'nUpserted': 0, 'nMatched': 4, 'writeErrors': [], 'upserted': [], 'writeConcernErrors': [], 'nRemoved': 0, 'nInserted': 0}
2017-05-30 22:29:06,463: update.0.child      : update.0                        : update.0.child.subscriber._state_cb: DEBUG   : bulked unit.000004 [AGENT_STAGING_OUTPUT_PENDING] update.0.child
2017-05-30 22:29:06,563: update.0.child      : update.0                        : update.0.child.subscriber._state_cb: DEBUG   : bulk update result: {'nModified': 1, 'nUpserted': 0, 'nMatched': 1, 'writeErrors': [], 'upserted': [], 'writeConcernErrors': [], 'nRemoved': 0, 'nInserted': 0}
2017-05-30 22:29:07,974: update.0.child      : update.0                        : update.0.child.subscriber._state_cb: DEBUG   : bulked unit.000004 [UMGR_STAGING_OUTPUT_PENDING] update.0.child
2017-05-30 22:29:07,975: update.0.child      : update.0                        : update.0.child.subscriber._state_cb: DEBUG   : bulked unit.000007 [UMGR_STAGING_OUTPUT_PENDING] update.0.child
2017-05-30 22:29:08,075: update.0.child      : update.0                        : update.0.child.subscriber._state_cb: DEBUG   : bulk update result: {'nModified': 2, 'nUpserted': 0, 'nMatched': 2, 'writeErrors': [], 'upserted': [], 'writeConcernErrors': [], 'nRemoved': 0, 'nInserted': 0}
2017-05-30 22:29:08,076: update.0.child      : update.0                        : update.0.child.subscriber._state_cb: DEBUG   : bulked unit.000004 [UMGR_STAGING_OUTPUT] update.0.child
2017-05-30 22:29:08,077: update.0.child      : update.0                        : update.0.child.subscriber._state_cb: DEBUG   : bulked unit.000007 [UMGR_STAGING_OUTPUT] update.0.child
2017-05-30 22:29:08,077: update.0.child      : update.0                        : update.0.child.subscriber._state_cb: DEBUG   : bulked unit.000004 [DONE] update.0.child
2017-05-30 22:29:08,077: update.0.child      : update.0                        : update.0.child.subscriber._state_cb: DEBUG   : bulked unit.000007 [DONE] update.0.child
2017-05-30 22:29:09,672: update.0.child      : update.0                        : update.0.child.idler._idle_cb: DEBUG   : bulk update result: {'nModified': 4, 'nUpserted': 0, 'nMatched': 4, 'writeErrors': [], 'upserted': [], 'writeConcernErrors': [], 'nRemoved': 0, 'nInserted': 0}
2017-05-30 22:29:10,081: update.0.child      : update.0                        : update.0.child.subscriber._state_cb: DEBUG   : bulked unit.000008 [AGENT_STAGING_OUTPUT_PENDING] update.0.child
2017-05-30 22:29:10,776: update.0.child      : update.0                        : update.0.child.idler._idle_cb: DEBUG   : bulk update result: {'nModified': 1, 'nUpserted': 0, 'nMatched': 1, 'writeErrors': [], 'upserted': [], 'writeConcernErrors': [], 'nRemoved': 0, 'nInserted': 0}
2017-05-30 22:29:11,289: update.0.child      : update.0                        : update.0.child.subscriber._state_cb: DEBUG   : bulked unit.000008 [AGENT_STAGING_OUTPUT] update.0.child
2017-05-30 22:29:11,290: update.0.child      : update.0                        : update.0.child.subscriber._state_cb: DEBUG   : bulked unit.000008 [UMGR_STAGING_OUTPUT_PENDING] update.0.child
2017-05-30 22:29:11,620: update.0.child      : update.0                        : update.0.child.subscriber._state_cb: DEBUG   : bulked unit.000008 [UMGR_STAGING_OUTPUT_PENDING] update.0.child
2017-05-30 22:29:11,622: update.0.child      : update.0                        : update.0.child.subscriber._state_cb: DEBUG   : bulked unit.000008 [UMGR_STAGING_OUTPUT] update.0.child
2017-05-30 22:29:11,623: update.0.child      : update.0                        : update.0.child.subscriber._state_cb: DEBUG   : bulked unit.000008 [DONE] update.0.child
2017-05-30 22:29:11,880: update.0.child      : update.0                        : update.0.child.idler._idle_cb: DEBUG   : bulk update result: {'nModified': 5, 'nUpserted': 0, 'nMatched': 5, 'writeErrors': [], 'upserted': [], 'writeConcernErrors': [], 'nRemoved': 0, 'nInserted': 0}
2017-05-30 22:29:12,499: update.0.child      : update.0                        : update.0.child.subscriber._state_cb: DEBUG   : bulked unit.000011 [AGENT_STAGING_OUTPUT_PENDING] update.0.child
2017-05-30 22:29:12,983: update.0.child      : update.0                        : update.0.child.idler._idle_cb: DEBUG   : bulk update result: {'nModified': 1, 'nUpserted': 0, 'nMatched': 1, 'writeErrors': [], 'upserted': [], 'writeConcernErrors': [], 'nRemoved': 0, 'nInserted': 0}
2017-05-30 22:29:14,031: update.0.child      : update.0                        : update.0.child.subscriber._state_cb: DEBUG   : bulked unit.000011 [UMGR_STAGING_OUTPUT_PENDING] update.0.child
2017-05-30 22:29:14,131: update.0.child      : update.0                        : update.0.child.subscriber._state_cb: DEBUG   : bulk update result: {'nModified': 1, 'nUpserted': 0, 'nMatched': 1, 'writeErrors': [], 'upserted': [], 'writeConcernErrors': [], 'nRemoved': 0, 'nInserted': 0}
2017-05-30 22:29:14,132: update.0.child      : update.0                        : update.0.child.subscriber._state_cb: DEBUG   : bulked unit.000011 [UMGR_STAGING_OUTPUT] update.0.child
2017-05-30 22:29:14,132: update.0.child      : update.0                        : update.0.child.subscriber._state_cb: DEBUG   : bulked unit.000011 [DONE] update.0.child
2017-05-30 22:29:14,924: update.0.child      : update.0                        : update.0.child.subscriber._state_cb: DEBUG   : bulked unit.000001 [AGENT_STAGING_OUTPUT_PENDING] update.0.child
2017-05-30 22:29:14,926: update.0.child      : update.0                        : update.0.child.subscriber._state_cb: DEBUG   : bulked unit.000001 [AGENT_STAGING_OUTPUT] update.0.child
2017-05-30 22:29:14,927: update.0.child      : update.0                        : update.0.child.subscriber._state_cb: DEBUG   : bulked unit.000001 [UMGR_STAGING_OUTPUT_PENDING] update.0.child
2017-05-30 22:29:15,338: update.0.child      : update.0                        : update.0.child.subscriber._state_cb: DEBUG   : bulked unit.000001 [UMGR_STAGING_OUTPUT_PENDING] update.0.child
2017-05-30 22:29:15,440: update.0.child      : update.0                        : update.0.child.subscriber._state_cb: DEBUG   : bulk update result: {'nModified': 6, 'nUpserted': 0, 'nMatched': 6, 'writeErrors': [], 'upserted': [], 'writeConcernErrors': [], 'nRemoved': 0, 'nInserted': 0}
2017-05-30 22:29:15,441: update.0.child      : update.0                        : update.0.child.subscriber._state_cb: DEBUG   : bulked unit.000001 [UMGR_STAGING_OUTPUT] update.0.child
2017-05-30 22:29:15,441: update.0.child      : update.0                        : update.0.child.subscriber._state_cb: DEBUG   : bulked unit.000001 [DONE] update.0.child
2017-05-30 22:29:17,095: update.0.child      : update.0                        : update.0.child.idler._idle_cb: DEBUG   : bulk update result: {'nModified': 2, 'nUpserted': 0, 'nMatched': 2, 'writeErrors': [], 'upserted': [], 'writeConcernErrors': [], 'nRemoved': 0, 'nInserted': 0}
2017-05-30 22:29:17,341: update.0.child      : update.0                        : update.0.child.subscriber._state_cb: DEBUG   : bulked unit.000014 [AGENT_STAGING_OUTPUT_PENDING] update.0.child
2017-05-30 22:29:17,346: update.0.child      : update.0                        : update.0.child.subscriber._state_cb: DEBUG   : bulked unit.000006 [AGENT_STAGING_OUTPUT_PENDING] update.0.child
2017-05-30 22:29:17,347: update.0.child      : update.0                        : update.0.child.subscriber._state_cb: DEBUG   : bulked unit.000006 [AGENT_STAGING_OUTPUT] update.0.child
2017-05-30 22:29:17,348: update.0.child      : update.0                        : update.0.child.subscriber._state_cb: DEBUG   : bulked unit.000006 [UMGR_STAGING_OUTPUT_PENDING] update.0.child
2017-05-30 22:29:17,749: update.0.child      : update.0                        : update.0.child.subscriber._state_cb: DEBUG   : bulked unit.000006 [UMGR_STAGING_OUTPUT_PENDING] update.0.child
2017-05-30 22:29:17,750: update.0.child      : update.0                        : update.0.child.subscriber._state_cb: DEBUG   : bulked unit.000006 [UMGR_STAGING_OUTPUT] update.0.child
2017-05-30 22:29:17,751: update.0.child      : update.0                        : update.0.child.subscriber._state_cb: DEBUG   : bulked unit.000006 [DONE] update.0.child
2017-05-30 22:29:18,201: update.0.child      : update.0                        : update.0.child.idler._idle_cb: DEBUG   : bulk update result: {'nModified': 7, 'nUpserted': 0, 'nMatched': 7, 'writeErrors': [], 'upserted': [], 'writeConcernErrors': [], 'nRemoved': 0, 'nInserted': 0}
2017-05-30 22:29:19,057: update.0.child      : update.0                        : update.0.child.subscriber._state_cb: DEBUG   : bulked unit.000014 [UMGR_STAGING_OUTPUT_PENDING] update.0.child
2017-05-30 22:29:19,058: update.0.child      : update.0                        : update.0.child.subscriber._state_cb: DEBUG   : bulked unit.000014 [UMGR_STAGING_OUTPUT] update.0.child
2017-05-30 22:29:19,058: update.0.child      : update.0                        : update.0.child.subscriber._state_cb: DEBUG   : bulked unit.000014 [DONE] update.0.child
2017-05-30 22:29:19,305: update.0.child      : update.0                        : update.0.child.idler._idle_cb: DEBUG   : bulk update result: {'nModified': 3, 'nUpserted': 0, 'nMatched': 3, 'writeErrors': [], 'upserted': [], 'writeConcernErrors': [], 'nRemoved': 0, 'nInserted': 0}
2017-05-30 22:29:20,967: update.0.child      : update.0                        : update.0.child.subscriber._state_cb: DEBUG   : bulked unit.000010 [AGENT_STAGING_OUTPUT_PENDING] update.0.child
2017-05-30 22:29:21,068: update.0.child      : update.0                        : update.0.child.subscriber._state_cb: DEBUG   : bulk update result: {'nModified': 1, 'nUpserted': 0, 'nMatched': 1, 'writeErrors': [], 'upserted': [], 'writeConcernErrors': [], 'nRemoved': 0, 'nInserted': 0}
2017-05-30 22:29:21,478: update.0.child      : update.0                        : update.0.child.subscriber._state_cb: DEBUG   : bulked unit.000010 [UMGR_STAGING_OUTPUT_PENDING] update.0.child
2017-05-30 22:29:21,479: update.0.child      : update.0                        : update.0.child.subscriber._state_cb: DEBUG   : bulked unit.000010 [UMGR_STAGING_OUTPUT] update.0.child
2017-05-30 22:29:21,479: update.0.child      : update.0                        : update.0.child.subscriber._state_cb: DEBUG   : bulked unit.000010 [DONE] update.0.child
2017-05-30 22:29:22,218: update.0.child      : update.0                        : update.0.child.subscriber._state_cb: DEBUG   : bulked unit.000002 [AGENT_STAGING_OUTPUT_PENDING] update.0.child
2017-05-30 22:29:22,320: update.0.child      : update.0                        : update.0.child.subscriber._state_cb: DEBUG   : bulk update result: {'nModified': 4, 'nUpserted': 0, 'nMatched': 4, 'writeErrors': [], 'upserted': [], 'writeConcernErrors': [], 'nRemoved': 0, 'nInserted': 0}
2017-05-30 22:29:23,427: update.0.child      : update.0                        : update.0.child.subscriber._state_cb: DEBUG   : bulked unit.000015 [AGENT_STAGING_OUTPUT_PENDING] update.0.child
2017-05-30 22:29:23,528: update.0.child      : update.0                        : update.0.child.subscriber._state_cb: DEBUG   : bulk update result: {'nModified': 1, 'nUpserted': 0, 'nMatched': 1, 'writeErrors': [], 'upserted': [], 'writeConcernErrors': [], 'nRemoved': 0, 'nInserted': 0}
2017-05-30 22:29:23,528: update.0.child      : update.0                        : update.0.child.subscriber._state_cb: DEBUG   : bulked unit.000015 [AGENT_STAGING_OUTPUT] update.0.child
2017-05-30 22:29:23,529: update.0.child      : update.0                        : update.0.child.subscriber._state_cb: DEBUG   : bulked unit.000015 [UMGR_STAGING_OUTPUT_PENDING] update.0.child
2017-05-30 22:29:23,529: update.0.child      : update.0                        : update.0.child.subscriber._state_cb: DEBUG   : bulked unit.000003 [AGENT_STAGING_OUTPUT_PENDING] update.0.child
2017-05-30 22:29:23,530: update.0.child      : update.0                        : update.0.child.subscriber._state_cb: DEBUG   : bulked unit.000003 [AGENT_STAGING_OUTPUT] update.0.child
2017-05-30 22:29:23,530: update.0.child      : update.0                        : update.0.child.subscriber._state_cb: DEBUG   : bulked unit.000003 [UMGR_STAGING_OUTPUT_PENDING] update.0.child
2017-05-30 22:29:23,530: update.0.child      : update.0                        : update.0.child.subscriber._state_cb: DEBUG   : bulked unit.000002 [AGENT_STAGING_OUTPUT] update.0.child
2017-05-30 22:29:23,531: update.0.child      : update.0                        : update.0.child.subscriber._state_cb: DEBUG   : bulked unit.000002 [UMGR_STAGING_OUTPUT_PENDING] update.0.child
2017-05-30 22:29:23,889: update.0.child      : update.0                        : update.0.child.subscriber._state_cb: DEBUG   : bulked unit.000002 [UMGR_STAGING_OUTPUT_PENDING] update.0.child
2017-05-30 22:29:23,889: update.0.child      : update.0                        : update.0.child.subscriber._state_cb: DEBUG   : bulked unit.000015 [UMGR_STAGING_OUTPUT_PENDING] update.0.child
2017-05-30 22:29:23,889: update.0.child      : update.0                        : update.0.child.subscriber._state_cb: DEBUG   : bulked unit.000003 [UMGR_STAGING_OUTPUT_PENDING] update.0.child
2017-05-30 22:29:23,890: update.0.child      : update.0                        : update.0.child.subscriber._state_cb: DEBUG   : bulked unit.000002 [UMGR_STAGING_OUTPUT] update.0.child
2017-05-30 22:29:23,890: update.0.child      : update.0                        : update.0.child.subscriber._state_cb: DEBUG   : bulked unit.000015 [UMGR_STAGING_OUTPUT] update.0.child
2017-05-30 22:29:23,890: update.0.child      : update.0                        : update.0.child.subscriber._state_cb: DEBUG   : bulked unit.000003 [UMGR_STAGING_OUTPUT] update.0.child
2017-05-30 22:29:23,890: update.0.child      : update.0                        : update.0.child.subscriber._state_cb: DEBUG   : bulked unit.000002 [DONE] update.0.child
2017-05-30 22:29:23,891: update.0.child      : update.0                        : update.0.child.subscriber._state_cb: DEBUG   : bulked unit.000015 [DONE] update.0.child
2017-05-30 22:29:23,891: update.0.child      : update.0                        : update.0.child.subscriber._state_cb: DEBUG   : bulked unit.000003 [DONE] update.0.child
2017-05-30 22:29:24,644: update.0.child      : update.0                        : update.0.child.subscriber._state_cb: DEBUG   : bulked unit.000009 [AGENT_STAGING_OUTPUT_PENDING] update.0.child
2017-05-30 22:29:24,748: update.0.child      : update.0                        : update.0.child.subscriber._state_cb: DEBUG   : bulk update result: {'nModified': 17, 'nUpserted': 0, 'nMatched': 17, 'writeErrors': [], 'upserted': [], 'writeConcernErrors': [], 'nRemoved': 0, 'nInserted': 0}
2017-05-30 22:29:25,861: update.0.child      : update.0                        : update.0.child.subscriber._state_cb: DEBUG   : bulked unit.000009 [AGENT_STAGING_OUTPUT] update.0.child
2017-05-30 22:29:25,961: update.0.child      : update.0                        : update.0.child.subscriber._state_cb: DEBUG   : bulk update result: {'nModified': 1, 'nUpserted': 0, 'nMatched': 1, 'writeErrors': [], 'upserted': [], 'writeConcernErrors': [], 'nRemoved': 0, 'nInserted': 0}
2017-05-30 22:29:25,962: update.0.child      : update.0                        : update.0.child.subscriber._state_cb: DEBUG   : bulked unit.000009 [UMGR_STAGING_OUTPUT_PENDING] update.0.child
2017-05-30 22:29:25,962: update.0.child      : update.0                        : update.0.child.subscriber._state_cb: DEBUG   : bulked unit.000005 [AGENT_STAGING_OUTPUT_PENDING] update.0.child
2017-05-30 22:29:26,301: update.0.child      : update.0                        : update.0.child.subscriber._state_cb: DEBUG   : bulked unit.000009 [UMGR_STAGING_OUTPUT_PENDING] update.0.child
2017-05-30 22:29:26,301: update.0.child      : update.0                        : update.0.child.subscriber._state_cb: DEBUG   : bulked unit.000005 [UMGR_STAGING_OUTPUT_PENDING] update.0.child
2017-05-30 22:29:26,302: update.0.child      : update.0                        : update.0.child.subscriber._state_cb: DEBUG   : bulked unit.000009 [UMGR_STAGING_OUTPUT] update.0.child
2017-05-30 22:29:26,302: update.0.child      : update.0                        : update.0.child.subscriber._state_cb: DEBUG   : bulked unit.000005 [UMGR_STAGING_OUTPUT] update.0.child
2017-05-30 22:29:26,302: update.0.child      : update.0                        : update.0.child.subscriber._state_cb: DEBUG   : bulked unit.000009 [DONE] update.0.child
2017-05-30 22:29:26,302: update.0.child      : update.0                        : update.0.child.subscriber._state_cb: DEBUG   : bulked unit.000005 [DONE] update.0.child
2017-05-30 22:29:27,071: update.0.child      : update.0                        : update.0.child.subscriber._state_cb: DEBUG   : bulked unit.000000 [AGENT_STAGING_OUTPUT_PENDING] update.0.child
2017-05-30 22:29:27,173: update.0.child      : update.0                        : update.0.child.subscriber._state_cb: DEBUG   : bulk update result: {'nModified': 9, 'nUpserted': 0, 'nMatched': 9, 'writeErrors': [], 'upserted': [], 'writeConcernErrors': [], 'nRemoved': 0, 'nInserted': 0}
2017-05-30 22:29:28,280: update.0.child      : update.0                        : update.0.child.subscriber._state_cb: DEBUG   : bulked unit.000000 [AGENT_STAGING_OUTPUT] update.0.child
2017-05-30 22:29:28,380: update.0.child      : update.0                        : update.0.child.subscriber._state_cb: DEBUG   : bulk update result: {'nModified': 1, 'nUpserted': 0, 'nMatched': 1, 'writeErrors': [], 'upserted': [], 'writeConcernErrors': [], 'nRemoved': 0, 'nInserted': 0}
2017-05-30 22:29:28,381: update.0.child      : update.0                        : update.0.child.subscriber._state_cb: DEBUG   : bulked unit.000000 [UMGR_STAGING_OUTPUT_PENDING] update.0.child
2017-05-30 22:29:28,711: update.0.child      : update.0                        : update.0.child.subscriber._state_cb: DEBUG   : bulked unit.000000 [UMGR_STAGING_OUTPUT_PENDING] update.0.child
2017-05-30 22:29:28,712: update.0.child      : update.0                        : update.0.child.subscriber._state_cb: DEBUG   : bulked unit.000000 [UMGR_STAGING_OUTPUT] update.0.child
2017-05-30 22:29:28,712: update.0.child      : update.0                        : update.0.child.subscriber._state_cb: DEBUG   : bulked unit.000000 [DONE] update.0.child
2017-05-30 22:29:29,484: update.0.child      : update.0                        : update.0.child.idler._idle_cb: DEBUG   : bulk update result: {'nModified': 4, 'nUpserted': 0, 'nMatched': 4, 'writeErrors': [], 'upserted': [], 'writeConcernErrors': [], 'nRemoved': 0, 'nInserted': 0}
2017-05-30 22:29:33,105: update.0.child      : update.0                        : update.0.child.subscriber._state_cb: DEBUG   : bulked unit.000012 [AGENT_STAGING_OUTPUT_PENDING] update.0.child
2017-05-30 22:29:33,206: update.0.child      : update.0                        : update.0.child.subscriber._state_cb: DEBUG   : bulk update result: {'nModified': 1, 'nUpserted': 0, 'nMatched': 1, 'writeErrors': [], 'upserted': [], 'writeConcernErrors': [], 'nRemoved': 0, 'nInserted': 0}
2017-05-30 22:29:34,316: update.0.child      : update.0                        : update.0.child.subscriber._state_cb: DEBUG   : bulked unit.000012 [AGENT_STAGING_OUTPUT] update.0.child
2017-05-30 22:29:34,416: update.0.child      : update.0                        : update.0.child.subscriber._state_cb: DEBUG   : bulk update result: {'nModified': 1, 'nUpserted': 0, 'nMatched': 1, 'writeErrors': [], 'upserted': [], 'writeConcernErrors': [], 'nRemoved': 0, 'nInserted': 0}
2017-05-30 22:29:34,417: update.0.child      : update.0                        : update.0.child.subscriber._state_cb: DEBUG   : bulked unit.000012 [UMGR_STAGING_OUTPUT_PENDING] update.0.child
2017-05-30 22:29:34,623: update.0.child      : update.0                        : update.0.child.subscriber._state_cb: DEBUG   : bulked unit.000012 [UMGR_STAGING_OUTPUT_PENDING] update.0.child
2017-05-30 22:29:34,624: update.0.child      : update.0                        : update.0.child.subscriber._state_cb: DEBUG   : bulked unit.000012 [UMGR_STAGING_OUTPUT] update.0.child
2017-05-30 22:29:34,624: update.0.child      : update.0                        : update.0.child.subscriber._state_cb: DEBUG   : bulked unit.000012 [DONE] update.0.child
2017-05-30 22:29:35,602: update.0.child      : update.0                        : update.0.child.idler._idle_cb: DEBUG   : bulk update result: {'nModified': 4, 'nUpserted': 0, 'nMatched': 4, 'writeErrors': [], 'upserted': [], 'writeConcernErrors': [], 'nRemoved': 0, 'nInserted': 0}
2017-05-30 22:45:55,835: update.0.child      : update.0                        : MainThread     : DEBUG   : ru_finalize_common()
2017-05-30 22:45:55,835: update.0.child      : update.0                        : MainThread     : DEBUG   : TERM : update.0.child unregister publisher state_pubsub
2017-05-30 22:45:55,835: update.0.child      : update.0                        : MainThread     : DEBUG   : unregistered publisher state_pubsub
2017-05-30 22:45:55,835: update.0.child      : update.0                        : MainThread     : DEBUG   : TERM : update.0.child unregister publisher control_pubsub
2017-05-30 22:45:55,836: update.0.child      : update.0                        : MainThread     : DEBUG   : unregistered publisher control_pubsub
2017-05-30 22:45:55,836: update.0.child      : update.0                        : MainThread     : DEBUG   : update.0.child close prof
2017-05-30 22:45:55,936: update.0.child      : update.0                        : MainThread     : INFO    : parent stops child
2017-05-30 22:45:55,936: update.0.child      : update.0                        : MainThread     : DEBUG   : ru_finalize_parent (NOOP)
2017-05-30 22:45:55,937: update.0.child      : update.0                        : MainThread     : DEBUG   : ru_finalize_common (NOOP)
2017-05-30 22:45:56,059: update.0.child      : update.0                        : update.0.child.subscriber._cancel_monitor_cb: DEBUG   : ru_finalize_child (NOOP)
2017-05-30 22:45:56,059: update.0.child      : update.0                        : update.0.child.subscriber._cancel_monitor_cb: DEBUG   : ru_finalize_common (NOOP)
2017-05-30 22:45:56,060: update.0.child      : update.0                        : update.0.child.subscriber._cancel_monitor_cb: INFO    : send message: terminating
2017-05-30 22:45:56,101: update.0.child      : update.0                        : MainThread     : INFO    : parent stops child
2017-05-30 22:45:56,101: update.0.child      : update.0                        : MainThread     : DEBUG   : ru_finalize_parent (NOOP)
2017-05-30 22:45:56,102: update.0.child      : update.0                        : MainThread     : DEBUG   : ru_finalize_common (NOOP)
2017-05-30 22:45:56,466: update.0.child      : update.0                        : update.0.child.subscriber._state_cb: DEBUG   : ru_finalize_child (NOOP)
2017-05-30 22:45:56,467: update.0.child      : update.0                        : update.0.child.subscriber._state_cb: DEBUG   : ru_finalize_common (NOOP)
2017-05-30 22:45:56,467: update.0.child      : update.0                        : update.0.child.subscriber._state_cb: INFO    : send message: terminating
2017-05-30 22:45:56,517: update.0.child      : update.0                        : MainThread     : INFO    : parent stops child
2017-05-30 22:45:56,517: update.0.child      : update.0                        : MainThread     : DEBUG   : ru_finalize_parent (NOOP)
2017-05-30 22:45:56,518: update.0.child      : update.0                        : MainThread     : DEBUG   : ru_finalize_common (NOOP)
2017-05-30 22:45:56,536: update.0.child      : update.0                        : update.0.child.idler._idle_cb: DEBUG   : ru_finalize_child (NOOP)
2017-05-30 22:45:56,536: update.0.child      : update.0                        : update.0.child.idler._idle_cb: DEBUG   : ru_finalize_common (NOOP)
2017-05-30 22:45:56,536: update.0.child      : update.0                        : update.0.child.idler._idle_cb: INFO    : send message: terminating
