Log file opened on Fri Oct 27 00:22:22 2017
Host: mwt2-c045  pid: 60  rank ID: 0  number of ranks:  1
GROMACS:    gmx mdrun, VERSION 5.0

GROMACS is written by:
Emile Apol         Rossen Apostolov   Herman J.C. Berendsen Par Bjelkmar       
Aldert van Buuren  Rudi van Drunen    Anton Feenstra     Sebastian Fritsch  
Gerrit Groenhof    Christoph Junghans Peter Kasson       Carsten Kutzner    
Per Larsson        Justin A. Lemkul   Magnus Lundborg    Pieter Meulenhoff  
Erik Marklund      Teemu Murtola      Szilard Pall       Sander Pronk       
Roland Schulz      Alexey Shvetsov    Michael Shirts     Alfons Sijbers     
Peter Tieleman     Christian Wennberg Maarten Wolf       
and the project leaders:
Mark Abraham, Berk Hess, Erik Lindahl, and David van der Spoel

Copyright (c) 1991-2000, University of Groningen, The Netherlands.
Copyright (c) 2001-2014, The GROMACS development team at
Uppsala University, Stockholm University and
the Royal Institute of Technology, Sweden.
check out http://www.gromacs.org for more information.

GROMACS is free software; you can redistribute it and/or modify it
under the terms of the GNU Lesser General Public License
as published by the Free Software Foundation; either version 2.1
of the License, or (at your option) any later version.

GROMACS:      gmx mdrun, VERSION 5.0
Executable:   /cvmfs/oasis.opensciencegrid.org/osg/modules/gromacs/5.0.0/bin/gmx
Library dir:  /cvmfs/oasis.opensciencegrid.org/osg/modules/gromacs/5.0.0/share/gromacs/top
Command line:
  gmx mdrun -ntomp 1 -nt 1 -s out.tpr -c out.gro

Gromacs version:    VERSION 5.0
Precision:          single
Memory model:       64 bit
MPI library:        thread_mpi
OpenMP support:     enabled
GPU support:        disabled
invsqrt routine:    gmx_software_invsqrt(x)
SIMD instructions:  SSE4.1
FFT library:        fftw-3.3.4-sse2
RDTSCP usage:       disabled
C++11 compilation:  disabled
TNG support:        enabled
Tracing support:    disabled
Built on:           Mon Aug 25 12:33:03 CDT 2014
Built by:           sthapa@itb2.uchicago.edu [CMAKE]
Build OS/arch:      Linux 2.6.32-431.1.2.el6.x86_64 x86_64
Build CPU vendor:   GenuineIntel
Build CPU brand:    Intel(R) Xeon(R) CPU           E5440  @ 2.83GHz
Build CPU family:   6   Model: 23   Stepping: 6
Build CPU features: apic clfsh cmov cx8 cx16 lahf_lm mmx msr pdcm pse sse2 sse3 sse4.1 ssse3
C compiler:         /usr/bin/gcc GNU 4.4.7
C compiler flags:    -msse4.1   -Wno-maybe-uninitialized -Wextra -Wno-missing-field-initializers -Wno-sign-compare -Wpointer-arith -Wall -Wno-unused -Wunused-value -Wunused-parameter   -fomit-frame-pointer -funroll-all-loops  -Wno-array-bounds  -O3 -DNDEBUG
C++ compiler:       /usr/bin/c++ GNU 4.4.7
C++ compiler flags:  -msse4.1   -Wextra -Wno-missing-field-initializers -Wpointer-arith -Wall -Wno-unused-function   -fomit-frame-pointer -funroll-all-loops  -Wno-array-bounds  -O3 -DNDEBUG
Boost version:      1.55.0 (internal)



++++ PLEASE READ AND CITE THE FOLLOWING REFERENCE ++++
B. Hess and C. Kutzner and D. van der Spoel and E. Lindahl
GROMACS 4: Algorithms for highly efficient, load-balanced, and scalable
molecular simulation
J. Chem. Theory Comput. 4 (2008) pp. 435-447
-------- -------- --- Thank You --- -------- --------


++++ PLEASE READ AND CITE THE FOLLOWING REFERENCE ++++
D. van der Spoel, E. Lindahl, B. Hess, G. Groenhof, A. E. Mark and H. J. C.
Berendsen
GROMACS: Fast, Flexible and Free
J. Comp. Chem. 26 (2005) pp. 1701-1719
-------- -------- --- Thank You --- -------- --------


++++ PLEASE READ AND CITE THE FOLLOWING REFERENCE ++++
E. Lindahl and B. Hess and D. van der Spoel
GROMACS 3.0: A package for molecular simulation and trajectory analysis
J. Mol. Mod. 7 (2001) pp. 306-317
-------- -------- --- Thank You --- -------- --------


++++ PLEASE READ AND CITE THE FOLLOWING REFERENCE ++++
H. J. C. Berendsen, D. van der Spoel and R. van Drunen
GROMACS: A message-passing parallel molecular dynamics implementation
Comp. Phys. Comm. 91 (1995) pp. 43-56
-------- -------- --- Thank You --- -------- --------

Input Parameters:
   integrator                     = md
   tinit                          = 0
   dt                             = 0.002
   nsteps                         = 75000
   init-step                      = 0
   simulation-part                = 1
   comm-mode                      = Linear
   nstcomm                        = 100
   bd-fric                        = 0
   ld-seed                        = 2399421601
   emtol                          = 10
   emstep                         = 0.01
   niter                          = 20
   fcstep                         = 0
   nstcgsteep                     = 1000
   nbfgscorr                      = 10
   rtpi                           = 0.05
   nstxout                        = 0
   nstvout                        = 0
   nstfout                        = 0
   nstlog                         = 5000
   nstcalcenergy                  = 100
   nstenergy                      = 0
   nstxout-compressed             = 0
   compressed-x-precision         = 1000
   cutoff-scheme                  = Verlet
   nstlist                        = 20
   ns-type                        = Grid
   pbc                            = xyz
   periodic-molecules             = FALSE
   verlet-buffer-tolerance        = 0.005
   rlist                          = 1.041
   rlistlong                      = 1.041
   nstcalclr                      = 20
   coulombtype                    = PME
   coulomb-modifier               = Potential-shift
   rcoulomb-switch                = 0
   rcoulomb                       = 1
   epsilon-r                      = 1
   epsilon-rf                     = inf
   vdw-type                       = PME
   vdw-modifier                   = Potential-shift
   rvdw-switch                    = 0
   rvdw                           = 1
   DispCorr                       = No
   table-extension                = 1
   fourierspacing                 = 0.1
   fourier-nx                     = 52
   fourier-ny                     = 52
   fourier-nz                     = 52
   pme-order                      = 4
   ewald-rtol                     = 1e-05
   ewald-rtol-lj                  = 0.001
   lj-pme-comb-rule               = Geometric
   ewald-geometry                 = 0
   epsilon-surface                = 0
   implicit-solvent               = No
   gb-algorithm                   = Still
   nstgbradii                     = 1
   rgbradii                       = 1
   gb-epsilon-solvent             = 80
   gb-saltconc                    = 0
   gb-obc-alpha                   = 1
   gb-obc-beta                    = 0.8
   gb-obc-gamma                   = 4.85
   gb-dielectric-offset           = 0.009
   sa-algorithm                   = Ace-approximation
   sa-surface-tension             = 2.05016
   tcoupl                         = V-rescale
   nsttcouple                     = 20
   nh-chain-length                = 0
   print-nose-hoover-chain-variables = FALSE
   pcoupl                         = No
   pcoupltype                     = Isotropic
   nstpcouple                     = -1
   tau-p                          = 1
   compressibility (3x3):
      compressibility[    0]={ 0.00000e+00,  0.00000e+00,  0.00000e+00}
      compressibility[    1]={ 0.00000e+00,  0.00000e+00,  0.00000e+00}
      compressibility[    2]={ 0.00000e+00,  0.00000e+00,  0.00000e+00}
   ref-p (3x3):
      ref-p[    0]={ 0.00000e+00,  0.00000e+00,  0.00000e+00}
      ref-p[    1]={ 0.00000e+00,  0.00000e+00,  0.00000e+00}
      ref-p[    2]={ 0.00000e+00,  0.00000e+00,  0.00000e+00}
   refcoord-scaling               = No
   posres-com (3):
      posres-com[0]= 0.00000e+00
      posres-com[1]= 0.00000e+00
      posres-com[2]= 0.00000e+00
   posres-comB (3):
      posres-comB[0]= 0.00000e+00
      posres-comB[1]= 0.00000e+00
      posres-comB[2]= 0.00000e+00
   QMMM                           = FALSE
   QMconstraints                  = 0
   QMMMscheme                     = 0
   MMChargeScaleFactor            = 1
qm-opts:
   ngQM                           = 0
   constraint-algorithm           = Lincs
   continuation                   = FALSE
   Shake-SOR                      = FALSE
   shake-tol                      = 0.0001
   lincs-order                    = 4
   lincs-iter                     = 1
   lincs-warnangle                = 30
   nwall                          = 0
   wall-type                      = 9-3
   wall-r-linpot                  = -1
   wall-atomtype[0]               = -1
   wall-atomtype[1]               = -1
   wall-density[0]                = 0
   wall-density[1]                = 0
   wall-ewald-zfac                = 3
   pull                           = no
   rotation                       = FALSE
   interactiveMD                  = FALSE
   disre                          = No
   disre-weighting                = Conservative
   disre-mixed                    = FALSE
   dr-fc                          = 1000
   dr-tau                         = 0
   nstdisreout                    = 100
   orire-fc                       = 0
   orire-tau                      = 0
   nstorireout                    = 100
   free-energy                    = no
   cos-acceleration               = 0
   deform (3x3):
      deform[    0]={ 0.00000e+00,  0.00000e+00,  0.00000e+00}
      deform[    1]={ 0.00000e+00,  0.00000e+00,  0.00000e+00}
      deform[    2]={ 0.00000e+00,  0.00000e+00,  0.00000e+00}
   simulated-tempering            = FALSE
   E-x:
      n = 0
   E-xt:
      n = 0
   E-y:
      n = 0
   E-yt:
      n = 0
   E-z:
      n = 0
   E-zt:
      n = 0
   swapcoords                     = no
   adress                         = FALSE
   userint1                       = 0
   userint2                       = 0
   userint3                       = 0
   userint4                       = 0
   userreal1                      = 0
   userreal2                      = 0
   userreal3                      = 0
   userreal4                      = 0
grpopts:
   nrdf:       28510
   ref-t:         355
   tau-t:           2
annealing:          No
annealing-npoints:           0
   acc:	           0           0           0
   nfreeze:           N           N           N
   energygrp-flags[  0]: 0
Using 1 MPI thread
Using 1 OpenMP thread 

Detecting CPU SIMD instructions.
Present hardware specification:
Vendor: GenuineIntel
Brand:  Intel(R) Xeon(R) CPU E5-2670 0 @ 2.60GHz
Family:  6  Model: 45  Stepping:  7
Features: aes apic avx clfsh cmov cx8 cx16 htt lahf_lm mmx msr nonstop_tsc pcid pclmuldq pdcm pdpe1gb popcnt pse rdtscp sse2 sse3 sse4.1 sse4.2 ssse3 tdt x2apic
SIMD instructions most likely to fit this hardware: AVX_256
SIMD instructions selected at GROMACS compile time: SSE4.1


Binary not matching hardware - you might be losing performance.
SIMD instructions most likely to fit this hardware: AVX_256
SIMD instructions selected at GROMACS compile time: SSE4.1


The current CPU can measure timings more accurately than the code in
gmx was configured to use. This might affect your simulation
speed as accurate timings are needed for load-balancing.
Please consider rebuilding gmx with the GMX_USE_RDTSCP=OFF CMake option.

Will do PME sum in reciprocal space for electrostatic interactions.

++++ PLEASE READ AND CITE THE FOLLOWING REFERENCE ++++
U. Essmann, L. Perera, M. L. Berkowitz, T. Darden, H. Lee and L. G. Pedersen 
A smooth particle mesh Ewald method
J. Chem. Phys. 103 (1995) pp. 8577-8592
-------- -------- --- Thank You --- -------- --------

Will do ordinary reciprocal space Ewald sum.
Using a Gaussian width (1/beta) of 0.320163 nm for Ewald
Will do PME sum in reciprocal space for LJ dispersion interactions.

++++ PLEASE READ AND CITE THE FOLLOWING REFERENCE ++++
U. Essmann, L. Perera, M. L. Berkowitz, T. Darden, H. Lee and L. G. Pedersen 
A smooth particle mesh Ewald method
J. Chem. Phys. 103 (1995) pp. 8577-8592
-------- -------- --- Thank You --- -------- --------

Using a Gaussian width (1/beta) of 0.298423 nm for LJ Ewald
Using shifted Lennard-Jones, switch between 0 and 1 nm
Cut-off's:   NS: 1.041   Coulomb: 1   LJ: 1
System total charge: -0.000
Generated table with 1020 data points for Ewald.
Tabscale = 500 points/nm
Generated table with 1020 data points for LJ6Ewald.
Tabscale = 500 points/nm
Generated table with 1020 data points for LJ12.
Tabscale = 500 points/nm
Generated table with 1020 data points for 1-4 COUL.
Tabscale = 500 points/nm
Generated table with 1020 data points for 1-4 LJ6.
Tabscale = 500 points/nm
Generated table with 1020 data points for 1-4 LJ12.
Tabscale = 500 points/nm

Using SSE4.1 4x4 non-bonded kernels

Potential shift: LJ r^-12: -1.000e+00 r^-6: -1.000e-03, Ewald -1.000e-05
Initialized non-bonded Ewald correction tables, spacing: 9.33e-04 size: 2189

Removing pbc first time

Initializing LINear Constraint Solver

++++ PLEASE READ AND CITE THE FOLLOWING REFERENCE ++++
B. Hess and H. Bekker and H. J. C. Berendsen and J. G. E. M. Fraaije
LINCS: A Linear Constraint Solver for molecular simulations
J. Comp. Chem. 18 (1997) pp. 1463-1472
-------- -------- --- Thank You --- -------- --------

The number of constraints is 323

++++ PLEASE READ AND CITE THE FOLLOWING REFERENCE ++++
S. Miyamoto and P. A. Kollman
SETTLE: An Analytical Version of the SHAKE and RATTLE Algorithms for Rigid
Water Models
J. Comp. Chem. 13 (1992) pp. 952-962
-------- -------- --- Thank You --- -------- --------

Center of mass motion removal mode is Linear
We have the following groups for center of mass motion removal:
  0:  rest

++++ PLEASE READ AND CITE THE FOLLOWING REFERENCE ++++
G. Bussi, D. Donadio and M. Parrinello
Canonical sampling through velocity rescaling
J. Chem. Phys. 126 (2007) pp. 014101
-------- -------- --- Thank You --- -------- --------

There are: 14100 Atoms

Constraining the starting coordinates (step 0)

Constraining the coordinates at t0-dt (step 0)
RMS relative constraint deviation after constraining: 2.82e-06
Initial temperature: 357.052 K

Started mdrun on rank 0 Fri Oct 27 00:22:22 2017
           Step           Time         Lambda
              0        0.00000        0.00000

   Energies (kJ/mol)
           Bond          Angle    Proper Dih.  Improper Dih.          LJ-14
    1.08865e+02    5.53911e+02    1.66193e+03    3.03505e+01    5.63376e+02
     Coulomb-14        LJ (SR)   Coulomb (SR)   Coul. recip.      LJ recip.
    1.06706e+04    5.77624e+04   -2.68776e+05    1.26157e+03   -1.69687e+04
      Potential    Kinetic En.   Total Energy  Conserved En.    Temperature
   -2.13132e+05    4.23408e+04   -1.70791e+05   -1.70791e+05    3.57236e+02
 Pressure (bar)   Constr. rmsd
    5.21997e+03    2.81234e-06

           Step           Time         Lambda
           5000       10.00000        0.00000

   Energies (kJ/mol)
           Bond          Angle    Proper Dih.  Improper Dih.          LJ-14
    5.11141e+02    1.37821e+03    1.70764e+03    9.36598e+01    5.66932e+02
     Coulomb-14        LJ (SR)   Coulomb (SR)   Coul. recip.      LJ recip.
    1.07266e+04    4.54446e+04   -2.28218e+05    1.25244e+03   -1.68081e+04
      Potential    Kinetic En.   Total Energy  Conserved En.    Temperature
   -1.83345e+05    4.01558e+04   -1.43189e+05   -1.70407e+05    3.38800e+02
 Pressure (bar)   Constr. rmsd
    4.64307e+03    3.72690e-06

           Step           Time         Lambda
          10000       20.00000        0.00000

   Energies (kJ/mol)
           Bond          Angle    Proper Dih.  Improper Dih.          LJ-14
    5.90213e+02    1.44902e+03    1.72265e+03    8.99535e+01    5.66083e+02
     Coulomb-14        LJ (SR)   Coulomb (SR)   Coul. recip.      LJ recip.
    1.07052e+04    4.49291e+04   -2.25752e+05    1.34416e+03   -1.68218e+04
      Potential    Kinetic En.   Total Energy  Conserved En.    Temperature
   -1.81177e+05    4.15713e+04   -1.39606e+05   -1.70378e+05    3.50744e+02
 Pressure (bar)   Constr. rmsd
    4.88481e+03    3.08148e-06

Writing checkpoint, step 10280 at Fri Oct 27 00:37:26 2017


           Step           Time         Lambda
          15000       30.00000        0.00000

   Energies (kJ/mol)
           Bond          Angle    Proper Dih.  Improper Dih.          LJ-14
    5.23786e+02    1.54070e+03    1.67176e+03    6.04175e+01    6.12114e+02
     Coulomb-14        LJ (SR)   Coulomb (SR)   Coul. recip.      LJ recip.
    1.07638e+04    4.42337e+04   -2.24690e+05    1.33608e+03   -1.68312e+04
      Potential    Kinetic En.   Total Energy  Conserved En.    Temperature
   -1.80778e+05    4.18544e+04   -1.38924e+05   -1.70355e+05    3.53132e+02
 Pressure (bar)   Constr. rmsd
    4.80972e+03    3.38103e-06

           Step           Time         Lambda
          20000       40.00000        0.00000

   Energies (kJ/mol)
           Bond          Angle    Proper Dih.  Improper Dih.          LJ-14
    4.84239e+02    1.48261e+03    1.70223e+03    7.77743e+01    6.07343e+02
     Coulomb-14        LJ (SR)   Coulomb (SR)   Coul. recip.      LJ recip.
    1.07797e+04    4.55607e+04   -2.26266e+05    1.29432e+03   -1.68264e+04
      Potential    Kinetic En.   Total Energy  Conserved En.    Temperature
   -1.81103e+05    4.20443e+04   -1.39059e+05   -1.70331e+05    3.54734e+02
 Pressure (bar)   Constr. rmsd
    5.35828e+03    3.15812e-06

Writing checkpoint, step 20200 at Fri Oct 27 00:52:25 2017


           Step           Time         Lambda
          25000       50.00000        0.00000

   Energies (kJ/mol)
           Bond          Angle    Proper Dih.  Improper Dih.          LJ-14
    5.14549e+02    1.55155e+03    1.68524e+03    8.01676e+01    5.75335e+02
     Coulomb-14        LJ (SR)   Coulomb (SR)   Coul. recip.      LJ recip.
    1.08514e+04    4.45526e+04   -2.24259e+05    1.33071e+03   -1.68140e+04
      Potential    Kinetic En.   Total Energy  Conserved En.    Temperature
   -1.79932e+05    4.20610e+04   -1.37871e+05   -1.70291e+05    3.54875e+02
 Pressure (bar)   Constr. rmsd
    5.26150e+03    2.93602e-06

           Step           Time         Lambda
          30000       60.00000        0.00000

   Energies (kJ/mol)
           Bond          Angle    Proper Dih.  Improper Dih.          LJ-14
    4.79787e+02    1.45627e+03    1.63661e+03    8.18318e+01    5.97695e+02
     Coulomb-14        LJ (SR)   Coulomb (SR)   Coul. recip.      LJ recip.
    1.09086e+04    4.46430e+04   -2.25312e+05    1.32793e+03   -1.68113e+04
      Potential    Kinetic En.   Total Energy  Conserved En.    Temperature
   -1.80992e+05    4.19111e+04   -1.39081e+05   -1.70276e+05    3.53610e+02
 Pressure (bar)   Constr. rmsd
    5.05682e+03    3.30963e-06

Writing checkpoint, step 31020 at Fri Oct 27 01:07:24 2017


           Step           Time         Lambda
          35000       70.00000        0.00000

   Energies (kJ/mol)
           Bond          Angle    Proper Dih.  Improper Dih.          LJ-14
    5.20753e+02    1.45101e+03    1.69088e+03    1.13179e+02    6.09794e+02
     Coulomb-14        LJ (SR)   Coulomb (SR)   Coul. recip.      LJ recip.
    1.08745e+04    4.46046e+04   -2.24882e+05    1.27798e+03   -1.68157e+04
      Potential    Kinetic En.   Total Energy  Conserved En.    Temperature
   -1.80555e+05    4.22782e+04   -1.38277e+05   -1.70261e+05    3.56708e+02
 Pressure (bar)   Constr. rmsd
    5.24939e+03    3.49991e-06

           Step           Time         Lambda
          40000       80.00000        0.00000

   Energies (kJ/mol)
           Bond          Angle    Proper Dih.  Improper Dih.          LJ-14
    5.17402e+02    1.40442e+03    1.66600e+03    7.16483e+01    5.96213e+02
     Coulomb-14        LJ (SR)   Coulomb (SR)   Coul. recip.      LJ recip.
    1.08743e+04    4.44896e+04   -2.25252e+05    1.31577e+03   -1.68117e+04
      Potential    Kinetic En.   Total Energy  Conserved En.    Temperature
   -1.81128e+05    4.18389e+04   -1.39289e+05   -1.70213e+05    3.53002e+02
 Pressure (bar)   Constr. rmsd
    4.86677e+03    3.97635e-06

Writing checkpoint, step 41280 at Fri Oct 27 01:22:25 2017


           Step           Time         Lambda
          45000       90.00000        0.00000

   Energies (kJ/mol)
           Bond          Angle    Proper Dih.  Improper Dih.          LJ-14
    4.95024e+02    1.46863e+03    1.65973e+03    8.21836e+01    6.12026e+02
     Coulomb-14        LJ (SR)   Coulomb (SR)   Coul. recip.      LJ recip.
    1.07970e+04    4.47094e+04   -2.25237e+05    1.31502e+03   -1.68175e+04
      Potential    Kinetic En.   Total Energy  Conserved En.    Temperature
   -1.80915e+05    4.26653e+04   -1.38250e+05   -1.70193e+05    3.59974e+02
 Pressure (bar)   Constr. rmsd
    5.08202e+03    4.40238e-06

           Step           Time         Lambda
          50000      100.00000        0.00000

   Energies (kJ/mol)
           Bond          Angle    Proper Dih.  Improper Dih.          LJ-14
    5.56546e+02    1.52604e+03    1.63715e+03    8.62111e+01    5.92968e+02
     Coulomb-14        LJ (SR)   Coulomb (SR)   Coul. recip.      LJ recip.
    1.09188e+04    4.48330e+04   -2.25373e+05    1.40069e+03   -1.68175e+04
      Potential    Kinetic En.   Total Energy  Conserved En.    Temperature
   -1.80639e+05    4.22415e+04   -1.38398e+05   -1.70164e+05    3.56398e+02
 Pressure (bar)   Constr. rmsd
    4.86471e+03    2.81042e-06

Writing checkpoint, step 51600 at Fri Oct 27 01:37:26 2017


           Step           Time         Lambda
          55000      110.00000        0.00000

   Energies (kJ/mol)
           Bond          Angle    Proper Dih.  Improper Dih.          LJ-14
    5.37286e+02    1.40318e+03    1.64922e+03    9.16666e+01    5.84886e+02
     Coulomb-14        LJ (SR)   Coulomb (SR)   Coul. recip.      LJ recip.
    1.09105e+04    4.51700e+04   -2.25275e+05    1.33047e+03   -1.68130e+04
      Potential    Kinetic En.   Total Energy  Conserved En.    Temperature
   -1.80411e+05    4.25330e+04   -1.37878e+05   -1.70145e+05    3.58858e+02
 Pressure (bar)   Constr. rmsd
    4.93767e+03    3.17648e-06

           Step           Time         Lambda
          60000      120.00000        0.00000

   Energies (kJ/mol)
           Bond          Angle    Proper Dih.  Improper Dih.          LJ-14
    4.70752e+02    1.40669e+03    1.65285e+03    5.35395e+01    6.25612e+02
     Coulomb-14        LJ (SR)   Coulomb (SR)   Coul. recip.      LJ recip.
    1.09942e+04    4.44032e+04   -2.24961e+05    1.35364e+03   -1.68354e+04
      Potential    Kinetic En.   Total Energy  Conserved En.    Temperature
   -1.80835e+05    4.18490e+04   -1.38986e+05   -1.70120e+05    3.53086e+02
 Pressure (bar)   Constr. rmsd
    5.05684e+03    3.63233e-06

Writing checkpoint, step 61980 at Fri Oct 27 01:52:26 2017


           Step           Time         Lambda
          65000      130.00000        0.00000

   Energies (kJ/mol)
           Bond          Angle    Proper Dih.  Improper Dih.          LJ-14
    4.74921e+02    1.36468e+03    1.67323e+03    7.99049e+01    5.95827e+02
     Coulomb-14        LJ (SR)   Coulomb (SR)   Coul. recip.      LJ recip.
    1.09447e+04    4.48560e+04   -2.25360e+05    1.33847e+03   -1.68228e+04
      Potential    Kinetic En.   Total Energy  Conserved En.    Temperature
   -1.80855e+05    4.19227e+04   -1.38933e+05   -1.70090e+05    3.53708e+02
 Pressure (bar)   Constr. rmsd
    5.19325e+03    3.66145e-06

           Step           Time         Lambda
          70000      140.00000        0.00000

   Energies (kJ/mol)
           Bond          Angle    Proper Dih.  Improper Dih.          LJ-14
    5.40418e+02    1.37834e+03    1.67536e+03    9.43874e+01    5.92134e+02
     Coulomb-14        LJ (SR)   Coulomb (SR)   Coul. recip.      LJ recip.
    1.08831e+04    4.47477e+04   -2.25191e+05    1.28955e+03   -1.68245e+04
      Potential    Kinetic En.   Total Energy  Conserved En.    Temperature
   -1.80815e+05    4.15710e+04   -1.39244e+05   -1.70053e+05    3.50741e+02
 Pressure (bar)   Constr. rmsd
    5.01855e+03    3.27954e-06

Writing checkpoint, step 72560 at Fri Oct 27 02:07:26 2017


           Step           Time         Lambda
          75000      150.00000        0.00000

Writing checkpoint, step 75000 at Fri Oct 27 02:10:40 2017


   Energies (kJ/mol)
           Bond          Angle    Proper Dih.  Improper Dih.          LJ-14
    5.65926e+02    1.38969e+03    1.67526e+03    8.94918e+01    5.95931e+02
     Coulomb-14        LJ (SR)   Coulomb (SR)   Coul. recip.      LJ recip.
    1.08934e+04    4.45126e+04   -2.25297e+05    1.33056e+03   -1.68203e+04
      Potential    Kinetic En.   Total Energy  Conserved En.    Temperature
   -1.81064e+05    4.15953e+04   -1.39469e+05   -1.70028e+05    3.50946e+02
 Pressure (bar)   Constr. rmsd
    4.98788e+03    3.25187e-06

	<======  ###############  ==>
	<====  A V E R A G E S  ====>
	<==  ###############  ======>

	Statistics over 75001 steps using 751 frames

   Energies (kJ/mol)
           Bond          Angle    Proper Dih.  Improper Dih.          LJ-14
    5.10391e+02    1.41621e+03    1.67277e+03    8.04997e+01    5.92410e+02
     Coulomb-14        LJ (SR)   Coulomb (SR)   Coul. recip.      LJ recip.
    1.08497e+04    4.50270e+04   -2.26170e+05    1.32137e+03   -1.68186e+04
      Potential    Kinetic En.   Total Energy  Conserved En.    Temperature
   -1.81519e+05    4.16290e+04   -1.39890e+05   -1.70237e+05    3.51230e+02
 Pressure (bar)   Constr. rmsd
    5.01310e+03    0.00000e+00

   Total Virial (kJ/mol)
   -5.01363e+03    3.32469e+01    6.98938e+01
    3.32697e+01   -4.96594e+03    9.93654e+00
    6.97952e+01    9.82695e+00   -4.99684e+03

   Pressure (bar)
    5.01868e+03   -9.95144e+00   -2.21511e+01
   -9.95750e+00    5.00363e+03   -1.56170e+00
   -2.21249e+01   -1.53258e+00    5.01698e+03


	M E G A - F L O P S   A C C O U N T I N G

 NB=Group-cutoff nonbonded kernels    NxN=N-by-N cluster Verlet kernels
 RF=Reaction-Field  VdW=Van der Waals  QSTab=quadratic-spline table
 W3=SPC/TIP3p  W4=TIP4p (single or pairs)
 V&F=Potential and force  V=Potential only  F=Force only

 Computing:                               M-Number         M-Flops  % Flops
-----------------------------------------------------------------------------
 Pair Search distance check           17854.009370      160686.084     0.4
 NxN QSTab Elec. + LJ [F]            263364.027824    20279030.142    56.4
 NxN QSTab Elec. + LJ [V&F]            2663.997368      245087.758     0.7
 NxN QSTab Elec. [F]                 235203.637648     7996923.680    22.2
 NxN QSTab Elec. [V&F]                 2378.958136       97537.284     0.3
 1,4 nonbonded interactions             122.401632       11016.147     0.0
 Calc Weights                          3172.542300      114211.523     0.3
 Spread Q Bspline                    135361.804800      270723.610     0.8
 Gather F Bspline                    135361.804800      812170.829     2.3
 3D-FFT                              721384.218328     5771073.747    16.1
 Solve PME                              405.605408       25958.746     0.1
 Shift-X                                 52.889100         317.335     0.0
 Bonds                                   22.800304        1345.218     0.0
 Angles                                  85.726143       14401.992     0.0
 Propers                                132.976773       30451.681     0.1
 Impropers                                8.550114        1778.424     0.0
 Virial                                  10.622895         191.212     0.0
 Stop-CM                                 10.603200         106.032     0.0
 Calc-Ekin                              105.778200        2856.011     0.0
 Lincs                                   24.225969        1453.558     0.0
 Lincs-Mat                              143.105724         572.423     0.0
 Constraint-V                          1058.278220        8466.226     0.0
 Constraint-Vir                          10.354037         248.497     0.0
 Settle                                 336.613464      108726.149     0.3
-----------------------------------------------------------------------------
 Total                                                35955334.306   100.0
-----------------------------------------------------------------------------


     R E A L   C Y C L E   A N D   T I M E   A C C O U N T I N G

On 1 MPI rank

 Computing:          Num   Num      Call    Wall time         Giga-Cycles
                     Ranks Threads  Count      (s)         total sum    %
-----------------------------------------------------------------------------
 Neighbor search        1    1       3751     110.733        287.901   1.7
 Force                  1    1      75001    3392.151       8819.479  52.2
 PME mesh               1    1      75001    2877.127       7480.434  44.3
 NB X/F buffer ops.     1    1     146251      11.853         30.818   0.2
 Write traj.            1    1          8       1.386          3.604   0.0
 Update                 1    1      75001      16.704         43.429   0.3
 Constraints            1    1      75001      81.985        213.159   1.3
 Rest                                           5.979         15.545   0.1
-----------------------------------------------------------------------------
 Total                                       6497.919      16894.369 100.0
-----------------------------------------------------------------------------
 Breakdown of PME mesh computation
-----------------------------------------------------------------------------
 PME spread/gather      1    1     300004     395.111       1027.276   6.1
 PME 3D-FFT             1    1     300004    2291.544       5957.937  35.3
 PME solve LJ           1    1      75001     143.483        373.052   2.2
 PME solve Elec         1    1      75001      45.646        118.678   0.7
-----------------------------------------------------------------------------

               Core t (s)   Wall t (s)        (%)
       Time:     6483.809     6497.919       99.8
                         1h48:17
                 (ns/day)    (hour/ns)
Performance:        1.995       12.033
Finished mdrun on rank 0 Fri Oct 27 02:10:40 2017
