2017-05-31 04:33:58,917: umgr.staging.output.0.child: umgr.staging.output.0           : MainThread     : INFO    : python.interpreter   version: 2.7.12 (default, Nov 19 2016, 06:48:10) [GCC 5.4.0 20160609]
2017-05-31 04:33:58,917: umgr.staging.output.0.child: umgr.staging.output.0           : MainThread     : INFO    :                      pid: 25207
2017-05-31 04:33:58,917: umgr.staging.output.0.child: umgr.staging.output.0           : MainThread     : INFO    :                      tid: MainThread
2017-05-31 04:33:58,918: umgr.staging.output.0.child: umgr.staging.output.0           : MainThread     : INFO    : radical.pilot        version: split-81-gf853cc9b@feature-bridges
2017-05-31 04:33:58,922: umgr.staging.output.0.child: umgr.staging.output.0           : MainThread     : INFO    : initialize umgr.staging.output.0.child
2017-05-31 04:33:58,928: umgr.staging.output.0.child: umgr.staging.output.0           : MainThread     : INFO    : cfg: {'agents': {},
 u'bridges': {u'control_pubsub': {'addr_in': 'tcp://138.201.86.166:41739',
                                  'addr_out': 'tcp://138.201.86.166:41435',
                                  u'bulk_size': 0,
                                  u'log_level': u'debug',
                                  u'stall_hwm': 1},
              u'log_pubsub': {'addr_in': 'tcp://138.201.86.166:45110',
                              'addr_out': 'tcp://138.201.86.166:34132',
                              u'bulk_size': 0,
                              u'log_level': u'debug',
                              u'stall_hwm': 1},
              u'state_pubsub': {'addr_in': 'tcp://138.201.86.166:40697',
                                'addr_out': 'tcp://138.201.86.166:40297',
                                u'bulk_size': 0,
                                u'log_level': u'debug',
                                u'stall_hwm': 1},
              u'umgr_reschedule_pubsub': {'addr_in': 'tcp://138.201.86.166:41513',
                                          'addr_out': 'tcp://138.201.86.166:38076',
                                          u'bulk_size': 0,
                                          u'log_level': u'debug',
                                          u'stall_hwm': 1},
              u'umgr_scheduling_queue': {'addr_in': 'tcp://138.201.86.166:37551',
                                         'addr_out': 'tcp://138.201.86.166:38817',
                                         u'bulk_size': 0,
                                         u'log_level': u'debug',
                                         u'stall_hwm': 1},
              u'umgr_staging_input_queue': {'addr_in': 'tcp://138.201.86.166:43860',
                                            'addr_out': 'tcp://138.201.86.166:35088',
                                            u'bulk_size': 0,
                                            u'log_level': u'debug',
                                            u'stall_hwm': 1},
              u'umgr_staging_output_queue': {'addr_in': 'tcp://138.201.86.166:34283',
                                             'addr_out': 'tcp://138.201.86.166:34134',
                                             u'bulk_size': 0,
                                             u'log_level': u'debug',
                                             u'stall_hwm': 1},
              u'umgr_unschedule_pubsub': {'addr_in': 'tcp://138.201.86.166:36653',
                                          'addr_out': 'tcp://138.201.86.166:46147',
                                          u'bulk_size': 0,
                                          u'log_level': u'debug',
                                          u'stall_hwm': 1}},
 u'bulk_collection_size': 100,
 u'bulk_collection_time': 1.0,
 'cname': u'UMGRStagingOutputComponent',
 u'components': {},
 u'count': 1,
 u'db_poll_sleeptime': 1.0,
 'number': 0,
 'owner': 'umgr.0000',
 u'scheduler': u'round_robin',
 'uid': 'umgr.0000'}
2017-05-31 04:33:58,929: umgr.staging.output.0.child: umgr.staging.output.0           : MainThread     : DEBUG   : start components: {}
2017-05-31 04:33:58,929: umgr.staging.output.0.child: umgr.staging.output.0           : MainThread     : DEBUG   : START: umgr.staging.output.0.child register publisher log_pubsub
2017-05-31 04:33:58,929: umgr.staging.output.0.child: umgr.staging.output.0           : MainThread     : DEBUG   : using addr tcp://138.201.86.166:45110 for pubsub log_pubsub
2017-05-31 04:33:58,931: umgr.staging.output.0.child: umgr.staging.output.0           : MainThread     : DEBUG   : registered publisher : log_pubsub : log.pubsub.pub
2017-05-31 04:33:58,931: umgr.staging.output.0.child: umgr.staging.output.0           : MainThread     : DEBUG   : START: umgr.staging.output.0.child register publisher state_pubsub
2017-05-31 04:33:58,931: umgr.staging.output.0.child: umgr.staging.output.0           : MainThread     : DEBUG   : using addr tcp://138.201.86.166:40697 for pubsub state_pubsub
2017-05-31 04:33:58,932: umgr.staging.output.0.child: umgr.staging.output.0           : MainThread     : DEBUG   : registered publisher : state_pubsub : state.pubsub.pub
2017-05-31 04:33:58,933: umgr.staging.output.0.child: umgr.staging.output.0           : MainThread     : DEBUG   : START: umgr.staging.output.0.child register publisher control_pubsub
2017-05-31 04:33:58,933: umgr.staging.output.0.child: umgr.staging.output.0           : MainThread     : DEBUG   : using addr tcp://138.201.86.166:41739 for pubsub control_pubsub
2017-05-31 04:33:58,934: umgr.staging.output.0.child: umgr.staging.output.0           : MainThread     : DEBUG   : registered publisher : control_pubsub : control.pubsub.pub
2017-05-31 04:33:58,934: umgr.staging.output.0.child: umgr.staging.output.0           : MainThread     : DEBUG   : START: umgr.staging.output.0.child register subscriber umgr.staging.output.0.child.subscriber._cancel_monitor_cb
2017-05-31 04:33:58,934: umgr.staging.output.0.child: umgr.staging.output.0           : MainThread     : DEBUG   : using addr tcp://138.201.86.166:41435 for pubsub control_pubsub
2017-05-31 04:33:58,936: umgr.staging.output.0.child: umgr.staging.output.0           : MainThread     : DEBUG   : start thread
2017-05-31 04:33:58,936: umgr.staging.output.0.child: umgr.staging.output.0           : umgr.staging.output.0.child.subscriber._cancel_monitor_cb: INFO    : child (me) initializing
2017-05-31 04:33:58,937: umgr.staging.output.0.child: umgr.staging.output.0           : umgr.staging.output.0.child.subscriber._cancel_monitor_cb: DEBUG   : ru_initialize_common (NOOP)
2017-05-31 04:33:58,937: umgr.staging.output.0.child: umgr.staging.output.0           : umgr.staging.output.0.child.subscriber._cancel_monitor_cb: DEBUG   : ru_initialize_child (NOOP)
2017-05-31 04:33:58,937: umgr.staging.output.0.child: umgr.staging.output.0           : umgr.staging.output.0.child.subscriber._cancel_monitor_cb: INFO    : send alive
2017-05-31 04:33:58,937: umgr.staging.output.0.child: umgr.staging.output.0           : umgr.staging.output.0.child.subscriber._cancel_monitor_cb: INFO    : send message: alive
2017-05-31 04:33:58,938: umgr.staging.output.0.child: umgr.staging.output.0           : MainThread     : INFO    : recv message: alive
2017-05-31 04:33:58,938: umgr.staging.output.0.child: umgr.staging.output.0           : MainThread     : DEBUG   : ru_initialize_common (NOOP)
2017-05-31 04:33:58,938: umgr.staging.output.0.child: umgr.staging.output.0           : MainThread     : DEBUG   : ru_initialize_parent (NOOP)
2017-05-31 04:33:58,938: umgr.staging.output.0.child: umgr.staging.output.0           : MainThread     : DEBUG   : child thread umgr.staging.output.0.child.subscriber._cancel_monitor_cb started
2017-05-31 04:33:58,938: umgr.staging.output.0.child: umgr.staging.output.0           : MainThread     : DEBUG   : umgr.staging.output.0.child registered control_pubsub subscriber umgr.staging.output.0.child.subscriber._cancel_monitor_cb
2017-05-31 04:33:58,938: umgr.staging.output.0.child: umgr.staging.output.0           : MainThread     : DEBUG   : using addr tcp://138.201.86.166:34134 for input umgr_staging_output_queue
2017-05-31 04:33:58,955: umgr.staging.output.0.child: umgr.staging.output.0           : MainThread     : DEBUG   : registered input umgr.staging.output.0.child.work.UMGR_STAGING_OUTPUT_PENDING
2017-05-31 04:33:58,955: umgr.staging.output.0.child: umgr.staging.output.0           : MainThread     : DEBUG   : START: umgr.staging.output.0.child register input UMGR_STAGING_OUTPUT_PENDING: umgr.staging.output.0.child.work.UMGR_STAGING_OUTPUT_PENDING
2017-05-31 04:33:58,955: umgr.staging.output.0.child: umgr.staging.output.0           : MainThread     : DEBUG   : registered worker work [UMGR_STAGING_OUTPUT_PENDING]
2017-05-31 04:41:01,515: umgr.staging.output.0.child: umgr.staging.output.0           : MainThread     : DEBUG   : got unit (unit.000001)
2017-05-31 04:41:01,515: umgr.staging.output.0.child: umgr.staging.output.0           : MainThread     : DEBUG   : got unit (unit.000000)
2017-05-31 04:41:01,515: umgr.staging.output.0.child: umgr.staging.output.0           : MainThread     : DEBUG   :  === work on unit.000001 in UMGR_STAGING_OUTPUT_PENDING @ umgr
2017-05-31 04:41:01,515: umgr.staging.output.0.child: umgr.staging.output.0           : MainThread     : DEBUG   :  === work on unit.000000 in UMGR_STAGING_OUTPUT_PENDING @ umgr
2017-05-31 04:41:01,515: umgr.staging.output.0.child: umgr.staging.output.0           : MainThread     : DEBUG   : advance bulk size: 2 [False, True]
2017-05-31 04:41:01,516: umgr.staging.output.0.child: umgr.staging.output.0           : MainThread     : DEBUG   : advance bulk: unit.000001 [2]
2017-05-31 04:41:01,516: umgr.staging.output.0.child: umgr.staging.output.0           : MainThread     : DEBUG   : advance bulk: unit.000000 [2]
2017-05-31 04:41:01,516: umgr.staging.output.0.child: umgr.staging.output.0           : MainThread     : DEBUG   : advance bulk size: 2 [True, True]
2017-05-31 04:41:01,516: umgr.staging.output.0.child: umgr.staging.output.0           : MainThread     : DEBUG   : advance bulk: unit.000001 [2]
2017-05-31 04:41:01,516: umgr.staging.output.0.child: umgr.staging.output.0           : MainThread     : DEBUG   : advance bulk: unit.000000 [2]
2017-05-31 04:41:01,517: umgr.staging.output.0.child: umgr.staging.output.0           : MainThread     : DEBUG   : bucket: DONE : ['unit.000001', 'unit.000000']
2017-05-31 04:41:01,517: umgr.staging.output.0.child: umgr.staging.output.0           : MainThread     : DEBUG   : push unit.000001 ===| DONE
2017-05-31 04:41:01,517: umgr.staging.output.0.child: umgr.staging.output.0           : MainThread     : DEBUG   : push unit.000000 ===| DONE
2017-05-31 04:41:07,502: umgr.staging.output.0.child: umgr.staging.output.0           : MainThread     : DEBUG   : got unit (unit.000014)
2017-05-31 04:41:07,502: umgr.staging.output.0.child: umgr.staging.output.0           : MainThread     : DEBUG   : got unit (unit.000006)
2017-05-31 04:41:07,502: umgr.staging.output.0.child: umgr.staging.output.0           : MainThread     : DEBUG   :  === work on unit.000014 in UMGR_STAGING_OUTPUT_PENDING @ umgr
2017-05-31 04:41:07,502: umgr.staging.output.0.child: umgr.staging.output.0           : MainThread     : DEBUG   :  === work on unit.000006 in UMGR_STAGING_OUTPUT_PENDING @ umgr
2017-05-31 04:41:07,502: umgr.staging.output.0.child: umgr.staging.output.0           : MainThread     : DEBUG   : advance bulk size: 2 [False, True]
2017-05-31 04:41:07,503: umgr.staging.output.0.child: umgr.staging.output.0           : MainThread     : DEBUG   : advance bulk: unit.000014 [2]
2017-05-31 04:41:07,503: umgr.staging.output.0.child: umgr.staging.output.0           : MainThread     : DEBUG   : advance bulk: unit.000006 [2]
2017-05-31 04:41:07,503: umgr.staging.output.0.child: umgr.staging.output.0           : MainThread     : DEBUG   : advance bulk size: 2 [True, True]
2017-05-31 04:41:07,503: umgr.staging.output.0.child: umgr.staging.output.0           : MainThread     : DEBUG   : advance bulk: unit.000014 [2]
2017-05-31 04:41:07,503: umgr.staging.output.0.child: umgr.staging.output.0           : MainThread     : DEBUG   : advance bulk: unit.000006 [2]
2017-05-31 04:41:07,504: umgr.staging.output.0.child: umgr.staging.output.0           : MainThread     : DEBUG   : bucket: DONE : ['unit.000014', 'unit.000006']
2017-05-31 04:41:07,504: umgr.staging.output.0.child: umgr.staging.output.0           : MainThread     : DEBUG   : push unit.000014 ===| DONE
2017-05-31 04:41:07,504: umgr.staging.output.0.child: umgr.staging.output.0           : MainThread     : DEBUG   : push unit.000006 ===| DONE
2017-05-31 04:41:11,111: umgr.staging.output.0.child: umgr.staging.output.0           : MainThread     : DEBUG   : got unit (unit.000002)
2017-05-31 04:41:11,112: umgr.staging.output.0.child: umgr.staging.output.0           : MainThread     : DEBUG   :  === work on unit.000002 in UMGR_STAGING_OUTPUT_PENDING @ umgr
2017-05-31 04:41:11,112: umgr.staging.output.0.child: umgr.staging.output.0           : MainThread     : DEBUG   : advance bulk size: 1 [False, True]
2017-05-31 04:41:11,112: umgr.staging.output.0.child: umgr.staging.output.0           : MainThread     : DEBUG   : advance bulk: unit.000002 [1]
2017-05-31 04:41:11,112: umgr.staging.output.0.child: umgr.staging.output.0           : MainThread     : DEBUG   : advance bulk size: 1 [True, True]
2017-05-31 04:41:11,112: umgr.staging.output.0.child: umgr.staging.output.0           : MainThread     : DEBUG   : advance bulk: unit.000002 [1]
2017-05-31 04:41:11,112: umgr.staging.output.0.child: umgr.staging.output.0           : MainThread     : DEBUG   : bucket: DONE : ['unit.000002']
2017-05-31 04:41:11,112: umgr.staging.output.0.child: umgr.staging.output.0           : MainThread     : DEBUG   : push unit.000002 ===| DONE
2017-05-31 04:41:13,530: umgr.staging.output.0.child: umgr.staging.output.0           : MainThread     : DEBUG   : got unit (unit.000004)
2017-05-31 04:41:13,530: umgr.staging.output.0.child: umgr.staging.output.0           : MainThread     : DEBUG   : got unit (unit.000009)
2017-05-31 04:41:13,530: umgr.staging.output.0.child: umgr.staging.output.0           : MainThread     : DEBUG   : got unit (unit.000013)
2017-05-31 04:41:13,530: umgr.staging.output.0.child: umgr.staging.output.0           : MainThread     : DEBUG   :  === work on unit.000004 in UMGR_STAGING_OUTPUT_PENDING @ umgr
2017-05-31 04:41:13,530: umgr.staging.output.0.child: umgr.staging.output.0           : MainThread     : DEBUG   :  === work on unit.000009 in UMGR_STAGING_OUTPUT_PENDING @ umgr
2017-05-31 04:41:13,530: umgr.staging.output.0.child: umgr.staging.output.0           : MainThread     : DEBUG   :  === work on unit.000013 in UMGR_STAGING_OUTPUT_PENDING @ umgr
2017-05-31 04:41:13,530: umgr.staging.output.0.child: umgr.staging.output.0           : MainThread     : DEBUG   : advance bulk size: 3 [False, True]
2017-05-31 04:41:13,530: umgr.staging.output.0.child: umgr.staging.output.0           : MainThread     : DEBUG   : advance bulk: unit.000004 [3]
2017-05-31 04:41:13,530: umgr.staging.output.0.child: umgr.staging.output.0           : MainThread     : DEBUG   : advance bulk: unit.000009 [3]
2017-05-31 04:41:13,530: umgr.staging.output.0.child: umgr.staging.output.0           : MainThread     : DEBUG   : advance bulk: unit.000013 [3]
2017-05-31 04:41:13,530: umgr.staging.output.0.child: umgr.staging.output.0           : MainThread     : DEBUG   : advance bulk size: 3 [True, True]
2017-05-31 04:41:13,530: umgr.staging.output.0.child: umgr.staging.output.0           : MainThread     : DEBUG   : advance bulk: unit.000004 [3]
2017-05-31 04:41:13,530: umgr.staging.output.0.child: umgr.staging.output.0           : MainThread     : DEBUG   : advance bulk: unit.000009 [3]
2017-05-31 04:41:13,531: umgr.staging.output.0.child: umgr.staging.output.0           : MainThread     : DEBUG   : advance bulk: unit.000013 [3]
2017-05-31 04:41:13,531: umgr.staging.output.0.child: umgr.staging.output.0           : MainThread     : DEBUG   : bucket: DONE : ['unit.000004', 'unit.000009', 'unit.000013']
2017-05-31 04:41:13,531: umgr.staging.output.0.child: umgr.staging.output.0           : MainThread     : DEBUG   : push unit.000004 ===| DONE
2017-05-31 04:41:13,531: umgr.staging.output.0.child: umgr.staging.output.0           : MainThread     : DEBUG   : push unit.000009 ===| DONE
2017-05-31 04:41:13,531: umgr.staging.output.0.child: umgr.staging.output.0           : MainThread     : DEBUG   : push unit.000013 ===| DONE
2017-05-31 04:41:17,150: umgr.staging.output.0.child: umgr.staging.output.0           : MainThread     : DEBUG   : got unit (unit.000011)
2017-05-31 04:41:17,150: umgr.staging.output.0.child: umgr.staging.output.0           : MainThread     : DEBUG   :  === work on unit.000011 in UMGR_STAGING_OUTPUT_PENDING @ umgr
2017-05-31 04:41:17,150: umgr.staging.output.0.child: umgr.staging.output.0           : MainThread     : DEBUG   : advance bulk size: 1 [False, True]
2017-05-31 04:41:17,151: umgr.staging.output.0.child: umgr.staging.output.0           : MainThread     : DEBUG   : advance bulk: unit.000011 [1]
2017-05-31 04:41:17,151: umgr.staging.output.0.child: umgr.staging.output.0           : MainThread     : DEBUG   : advance bulk size: 1 [True, True]
2017-05-31 04:41:17,151: umgr.staging.output.0.child: umgr.staging.output.0           : MainThread     : DEBUG   : advance bulk: unit.000011 [1]
2017-05-31 04:41:17,151: umgr.staging.output.0.child: umgr.staging.output.0           : MainThread     : DEBUG   : bucket: DONE : ['unit.000011']
2017-05-31 04:41:17,152: umgr.staging.output.0.child: umgr.staging.output.0           : MainThread     : DEBUG   : push unit.000011 ===| DONE
2017-05-31 04:41:18,480: umgr.staging.output.0.child: umgr.staging.output.0           : MainThread     : DEBUG   : got unit (unit.000012)
2017-05-31 04:41:18,480: umgr.staging.output.0.child: umgr.staging.output.0           : MainThread     : DEBUG   : got unit (unit.000015)
2017-05-31 04:41:18,480: umgr.staging.output.0.child: umgr.staging.output.0           : MainThread     : DEBUG   :  === work on unit.000012 in UMGR_STAGING_OUTPUT_PENDING @ umgr
2017-05-31 04:41:18,480: umgr.staging.output.0.child: umgr.staging.output.0           : MainThread     : DEBUG   :  === work on unit.000015 in UMGR_STAGING_OUTPUT_PENDING @ umgr
2017-05-31 04:41:18,481: umgr.staging.output.0.child: umgr.staging.output.0           : MainThread     : DEBUG   : advance bulk size: 2 [False, True]
2017-05-31 04:41:18,481: umgr.staging.output.0.child: umgr.staging.output.0           : MainThread     : DEBUG   : advance bulk: unit.000012 [2]
2017-05-31 04:41:18,481: umgr.staging.output.0.child: umgr.staging.output.0           : MainThread     : DEBUG   : advance bulk: unit.000015 [2]
2017-05-31 04:41:18,481: umgr.staging.output.0.child: umgr.staging.output.0           : MainThread     : DEBUG   : advance bulk size: 2 [True, True]
2017-05-31 04:41:18,482: umgr.staging.output.0.child: umgr.staging.output.0           : MainThread     : DEBUG   : advance bulk: unit.000012 [2]
2017-05-31 04:41:18,482: umgr.staging.output.0.child: umgr.staging.output.0           : MainThread     : DEBUG   : advance bulk: unit.000015 [2]
2017-05-31 04:41:18,482: umgr.staging.output.0.child: umgr.staging.output.0           : MainThread     : DEBUG   : bucket: DONE : ['unit.000012', 'unit.000015']
2017-05-31 04:41:18,482: umgr.staging.output.0.child: umgr.staging.output.0           : MainThread     : DEBUG   : push unit.000012 ===| DONE
2017-05-31 04:41:18,482: umgr.staging.output.0.child: umgr.staging.output.0           : MainThread     : DEBUG   : push unit.000015 ===| DONE
2017-05-31 04:41:19,786: umgr.staging.output.0.child: umgr.staging.output.0           : MainThread     : DEBUG   : got unit (unit.000008)
2017-05-31 04:41:19,786: umgr.staging.output.0.child: umgr.staging.output.0           : MainThread     : DEBUG   : got unit (unit.000005)
2017-05-31 04:41:19,786: umgr.staging.output.0.child: umgr.staging.output.0           : MainThread     : DEBUG   : got unit (unit.000010)
2017-05-31 04:41:19,786: umgr.staging.output.0.child: umgr.staging.output.0           : MainThread     : DEBUG   :  === work on unit.000008 in UMGR_STAGING_OUTPUT_PENDING @ umgr
2017-05-31 04:41:19,786: umgr.staging.output.0.child: umgr.staging.output.0           : MainThread     : DEBUG   :  === work on unit.000005 in UMGR_STAGING_OUTPUT_PENDING @ umgr
2017-05-31 04:41:19,786: umgr.staging.output.0.child: umgr.staging.output.0           : MainThread     : DEBUG   :  === work on unit.000010 in UMGR_STAGING_OUTPUT_PENDING @ umgr
2017-05-31 04:41:19,786: umgr.staging.output.0.child: umgr.staging.output.0           : MainThread     : DEBUG   : advance bulk size: 3 [False, True]
2017-05-31 04:41:19,786: umgr.staging.output.0.child: umgr.staging.output.0           : MainThread     : DEBUG   : advance bulk: unit.000008 [3]
2017-05-31 04:41:19,786: umgr.staging.output.0.child: umgr.staging.output.0           : MainThread     : DEBUG   : advance bulk: unit.000005 [3]
2017-05-31 04:41:19,786: umgr.staging.output.0.child: umgr.staging.output.0           : MainThread     : DEBUG   : advance bulk: unit.000010 [3]
2017-05-31 04:41:19,786: umgr.staging.output.0.child: umgr.staging.output.0           : MainThread     : DEBUG   : advance bulk size: 3 [True, True]
2017-05-31 04:41:19,786: umgr.staging.output.0.child: umgr.staging.output.0           : MainThread     : DEBUG   : advance bulk: unit.000008 [3]
2017-05-31 04:41:19,786: umgr.staging.output.0.child: umgr.staging.output.0           : MainThread     : DEBUG   : advance bulk: unit.000005 [3]
2017-05-31 04:41:19,786: umgr.staging.output.0.child: umgr.staging.output.0           : MainThread     : DEBUG   : advance bulk: unit.000010 [3]
2017-05-31 04:41:19,787: umgr.staging.output.0.child: umgr.staging.output.0           : MainThread     : DEBUG   : bucket: DONE : ['unit.000008', 'unit.000005', 'unit.000010']
2017-05-31 04:41:19,787: umgr.staging.output.0.child: umgr.staging.output.0           : MainThread     : DEBUG   : push unit.000008 ===| DONE
2017-05-31 04:41:19,787: umgr.staging.output.0.child: umgr.staging.output.0           : MainThread     : DEBUG   : push unit.000005 ===| DONE
2017-05-31 04:41:19,787: umgr.staging.output.0.child: umgr.staging.output.0           : MainThread     : DEBUG   : push unit.000010 ===| DONE
2017-05-31 04:41:27,473: umgr.staging.output.0.child: umgr.staging.output.0           : MainThread     : DEBUG   : got unit (unit.000007)
2017-05-31 04:41:27,473: umgr.staging.output.0.child: umgr.staging.output.0           : MainThread     : DEBUG   :  === work on unit.000007 in UMGR_STAGING_OUTPUT_PENDING @ umgr
2017-05-31 04:41:27,473: umgr.staging.output.0.child: umgr.staging.output.0           : MainThread     : DEBUG   : advance bulk size: 1 [False, True]
2017-05-31 04:41:27,473: umgr.staging.output.0.child: umgr.staging.output.0           : MainThread     : DEBUG   : advance bulk: unit.000007 [1]
2017-05-31 04:41:27,473: umgr.staging.output.0.child: umgr.staging.output.0           : MainThread     : DEBUG   : advance bulk size: 1 [True, True]
2017-05-31 04:41:27,473: umgr.staging.output.0.child: umgr.staging.output.0           : MainThread     : DEBUG   : advance bulk: unit.000007 [1]
2017-05-31 04:41:27,474: umgr.staging.output.0.child: umgr.staging.output.0           : MainThread     : DEBUG   : bucket: DONE : ['unit.000007']
2017-05-31 04:41:27,474: umgr.staging.output.0.child: umgr.staging.output.0           : MainThread     : DEBUG   : push unit.000007 ===| DONE
2017-05-31 04:41:30,079: umgr.staging.output.0.child: umgr.staging.output.0           : MainThread     : DEBUG   : got unit (unit.000003)
2017-05-31 04:41:30,079: umgr.staging.output.0.child: umgr.staging.output.0           : MainThread     : DEBUG   :  === work on unit.000003 in UMGR_STAGING_OUTPUT_PENDING @ umgr
2017-05-31 04:41:30,079: umgr.staging.output.0.child: umgr.staging.output.0           : MainThread     : DEBUG   : advance bulk size: 1 [False, True]
2017-05-31 04:41:30,079: umgr.staging.output.0.child: umgr.staging.output.0           : MainThread     : DEBUG   : advance bulk: unit.000003 [1]
2017-05-31 04:41:30,079: umgr.staging.output.0.child: umgr.staging.output.0           : MainThread     : DEBUG   : advance bulk size: 1 [True, True]
2017-05-31 04:41:30,079: umgr.staging.output.0.child: umgr.staging.output.0           : MainThread     : DEBUG   : advance bulk: unit.000003 [1]
2017-05-31 04:41:30,079: umgr.staging.output.0.child: umgr.staging.output.0           : MainThread     : DEBUG   : bucket: DONE : ['unit.000003']
2017-05-31 04:41:30,080: umgr.staging.output.0.child: umgr.staging.output.0           : MainThread     : DEBUG   : push unit.000003 ===| DONE
