2017-05-31 04:33:56,154: update.0.child      : update.0                        : MainThread     : INFO    : python.interpreter   version: 2.7.12 (default, Nov 19 2016, 06:48:10) [GCC 5.4.0 20160609]
2017-05-31 04:33:56,155: update.0.child      : update.0                        : MainThread     : INFO    :                      pid: 25077
2017-05-31 04:33:56,155: update.0.child      : update.0                        : MainThread     : INFO    :                      tid: MainThread
2017-05-31 04:33:56,156: update.0.child      : update.0                        : MainThread     : INFO    : radical.pilot        version: split-81-gf853cc9b@feature-bridges
2017-05-31 04:33:56,179: update.0.child      : update.0                        : MainThread     : INFO    : initialize update.0.child
2017-05-31 04:33:56,183: update.0.child      : update.0                        : MainThread     : INFO    : cfg: {'agents': {},
 u'bridges': {u'control_pubsub': {'addr_in': 'tcp://138.201.86.166:41739',
                                  'addr_out': 'tcp://138.201.86.166:41435',
                                  u'bulk_size': 0,
                                  u'log_level': u'debug',
                                  u'stall_hwm': 1},
              u'log_pubsub': {'addr_in': 'tcp://138.201.86.166:45110',
                              'addr_out': 'tcp://138.201.86.166:34132',
                              u'bulk_size': 0,
                              u'log_level': u'debug',
                              u'stall_hwm': 1},
              u'state_pubsub': {'addr_in': 'tcp://138.201.86.166:40697',
                                'addr_out': 'tcp://138.201.86.166:40297',
                                u'bulk_size': 0,
                                u'log_level': u'debug',
                                u'stall_hwm': 1}},
 'cname': u'UpdateWorker',
 u'components': {},
 u'count': 1,
 'dburl': 'mongodb://mingtaiha:mingtaiha@ds053838.mlab.com:53838/hicomb',
 'debug': 'DEBUG',
 u'default_dburl': u'mongodb://rp:rp@ds015335.mlab.com:15335/rp',
 'logdir': '/home/mingtha/repos/affinity_model/exp/model_confirm/rp.session.Ubuntu-1604-xenial-64-minimal.mingtha.017317.0007',
 'number': 0,
 'owner': 'rp.session.Ubuntu-1604-xenial-64-minimal.mingtha.017317.0007',
 'session_id': 'rp.session.Ubuntu-1604-xenial-64-minimal.mingtha.017317.0007'}
2017-05-31 04:33:56,183: update.0.child      : update.0                        : MainThread     : DEBUG   : start components: {}
2017-05-31 04:33:56,183: update.0.child      : update.0                        : MainThread     : DEBUG   : START: update.0.child register publisher log_pubsub
2017-05-31 04:33:56,183: update.0.child      : update.0                        : MainThread     : DEBUG   : using addr tcp://138.201.86.166:45110 for pubsub log_pubsub
2017-05-31 04:33:56,185: update.0.child      : update.0                        : MainThread     : DEBUG   : registered publisher : log_pubsub : log.pubsub.pub
2017-05-31 04:33:56,185: update.0.child      : update.0                        : MainThread     : DEBUG   : START: update.0.child register publisher state_pubsub
2017-05-31 04:33:56,185: update.0.child      : update.0                        : MainThread     : DEBUG   : using addr tcp://138.201.86.166:40697 for pubsub state_pubsub
2017-05-31 04:33:56,187: update.0.child      : update.0                        : MainThread     : DEBUG   : registered publisher : state_pubsub : state.pubsub.pub
2017-05-31 04:33:56,187: update.0.child      : update.0                        : MainThread     : DEBUG   : START: update.0.child register publisher control_pubsub
2017-05-31 04:33:56,187: update.0.child      : update.0                        : MainThread     : DEBUG   : using addr tcp://138.201.86.166:41739 for pubsub control_pubsub
2017-05-31 04:33:56,188: update.0.child      : update.0                        : MainThread     : DEBUG   : registered publisher : control_pubsub : control.pubsub.pub
2017-05-31 04:33:56,188: update.0.child      : update.0                        : MainThread     : DEBUG   : START: update.0.child register subscriber update.0.child.subscriber._cancel_monitor_cb
2017-05-31 04:33:56,188: update.0.child      : update.0                        : MainThread     : DEBUG   : using addr tcp://138.201.86.166:41435 for pubsub control_pubsub
2017-05-31 04:33:56,191: update.0.child      : update.0                        : MainThread     : DEBUG   : start thread
2017-05-31 04:33:56,192: update.0.child      : update.0                        : update.0.child.subscriber._cancel_monitor_cb: INFO    : child (me) initializing
2017-05-31 04:33:56,192: update.0.child      : update.0                        : update.0.child.subscriber._cancel_monitor_cb: DEBUG   : ru_initialize_common (NOOP)
2017-05-31 04:33:56,192: update.0.child      : update.0                        : update.0.child.subscriber._cancel_monitor_cb: DEBUG   : ru_initialize_child (NOOP)
2017-05-31 04:33:56,192: update.0.child      : update.0                        : update.0.child.subscriber._cancel_monitor_cb: INFO    : send alive
2017-05-31 04:33:56,193: update.0.child      : update.0                        : update.0.child.subscriber._cancel_monitor_cb: INFO    : send message: alive
2017-05-31 04:33:56,193: update.0.child      : update.0                        : MainThread     : INFO    : recv message: alive
2017-05-31 04:33:56,194: update.0.child      : update.0                        : MainThread     : DEBUG   : ru_initialize_common (NOOP)
2017-05-31 04:33:56,194: update.0.child      : update.0                        : MainThread     : DEBUG   : ru_initialize_parent (NOOP)
2017-05-31 04:33:56,194: update.0.child      : update.0                        : MainThread     : DEBUG   : child thread update.0.child.subscriber._cancel_monitor_cb started
2017-05-31 04:33:56,194: update.0.child      : update.0                        : MainThread     : DEBUG   : update.0.child registered control_pubsub subscriber update.0.child.subscriber._cancel_monitor_cb
2017-05-31 04:33:56,716: update.0.child      : update.0                        : MainThread     : DEBUG   : START: update.0.child register subscriber update.0.child.subscriber._state_cb
2017-05-31 04:33:56,716: update.0.child      : update.0                        : MainThread     : DEBUG   : using addr tcp://138.201.86.166:40297 for pubsub state_pubsub
2017-05-31 04:33:56,718: update.0.child      : update.0                        : MainThread     : DEBUG   : start thread
2017-05-31 04:33:56,719: update.0.child      : update.0                        : update.0.child.subscriber._state_cb: INFO    : child (me) initializing
2017-05-31 04:33:56,719: update.0.child      : update.0                        : update.0.child.subscriber._state_cb: DEBUG   : ru_initialize_common (NOOP)
2017-05-31 04:33:56,719: update.0.child      : update.0                        : update.0.child.subscriber._state_cb: DEBUG   : ru_initialize_child (NOOP)
2017-05-31 04:33:56,720: update.0.child      : update.0                        : update.0.child.subscriber._state_cb: INFO    : send alive
2017-05-31 04:33:56,720: update.0.child      : update.0                        : update.0.child.subscriber._state_cb: INFO    : send message: alive
2017-05-31 04:33:56,721: update.0.child      : update.0                        : MainThread     : INFO    : recv message: alive
2017-05-31 04:33:56,721: update.0.child      : update.0                        : MainThread     : DEBUG   : ru_initialize_common (NOOP)
2017-05-31 04:33:56,721: update.0.child      : update.0                        : MainThread     : DEBUG   : ru_initialize_parent (NOOP)
2017-05-31 04:33:56,721: update.0.child      : update.0                        : MainThread     : DEBUG   : child thread update.0.child.subscriber._state_cb started
2017-05-31 04:33:56,721: update.0.child      : update.0                        : MainThread     : DEBUG   : update.0.child registered state_pubsub subscriber update.0.child.subscriber._state_cb
2017-05-31 04:33:56,722: update.0.child      : update.0                        : MainThread     : DEBUG   : START: update.0.child register idler update.0.child.idler._idle_cb
2017-05-31 04:33:56,722: update.0.child      : update.0                        : MainThread     : DEBUG   : start thread
2017-05-31 04:33:56,722: update.0.child      : update.0                        : update.0.child.idler._idle_cb: INFO    : child (me) initializing
2017-05-31 04:33:56,723: update.0.child      : update.0                        : update.0.child.idler._idle_cb: DEBUG   : ru_initialize_common (NOOP)
2017-05-31 04:33:56,723: update.0.child      : update.0                        : update.0.child.idler._idle_cb: DEBUG   : ru_initialize_child (NOOP)
2017-05-31 04:33:56,723: update.0.child      : update.0                        : update.0.child.idler._idle_cb: INFO    : send alive
2017-05-31 04:33:56,723: update.0.child      : update.0                        : update.0.child.idler._idle_cb: INFO    : send message: alive
2017-05-31 04:33:56,724: update.0.child      : update.0                        : MainThread     : INFO    : recv message: alive
2017-05-31 04:33:56,725: update.0.child      : update.0                        : MainThread     : DEBUG   : ru_initialize_common (NOOP)
2017-05-31 04:33:56,725: update.0.child      : update.0                        : MainThread     : DEBUG   : ru_initialize_parent (NOOP)
2017-05-31 04:33:56,725: update.0.child      : update.0                        : MainThread     : DEBUG   : child thread update.0.child.idler._idle_cb started
2017-05-31 04:33:56,725: update.0.child      : update.0                        : MainThread     : DEBUG   : update.0.child registered idler update.0.child.idler._idle_cb
2017-05-31 04:33:58,667: update.0.child      : update.0                        : update.0.child.subscriber._state_cb: DEBUG   : bulked pilot.0000 [PMGR_LAUNCHING_PENDING] update.0.child
2017-05-31 04:33:58,767: update.0.child      : update.0                        : update.0.child.subscriber._state_cb: DEBUG   : bulk update result: {'nModified': 1, 'nUpserted': 0, 'nMatched': 1, 'writeErrors': [], 'upserted': [], 'writeConcernErrors': [], 'nRemoved': 0, 'nInserted': 0}
2017-05-31 04:33:58,767: update.0.child      : update.0                        : update.0.child.subscriber._state_cb: DEBUG   : bulked pilot.0000 [PMGR_LAUNCHING] update.0.child
2017-05-31 04:33:59,517: update.0.child      : update.0                        : update.0.child.subscriber._state_cb: DEBUG   : bulked unit.000000 [UMGR_SCHEDULING_PENDING] update.0.child
2017-05-31 04:33:59,517: update.0.child      : update.0                        : update.0.child.subscriber._state_cb: DEBUG   : bulked unit.000001 [UMGR_SCHEDULING_PENDING] update.0.child
2017-05-31 04:33:59,517: update.0.child      : update.0                        : update.0.child.subscriber._state_cb: DEBUG   : bulked unit.000002 [UMGR_SCHEDULING_PENDING] update.0.child
2017-05-31 04:33:59,518: update.0.child      : update.0                        : update.0.child.subscriber._state_cb: DEBUG   : bulked unit.000003 [UMGR_SCHEDULING_PENDING] update.0.child
2017-05-31 04:33:59,518: update.0.child      : update.0                        : update.0.child.subscriber._state_cb: DEBUG   : bulked unit.000004 [UMGR_SCHEDULING_PENDING] update.0.child
2017-05-31 04:33:59,518: update.0.child      : update.0                        : update.0.child.subscriber._state_cb: DEBUG   : bulked unit.000005 [UMGR_SCHEDULING_PENDING] update.0.child
2017-05-31 04:33:59,518: update.0.child      : update.0                        : update.0.child.subscriber._state_cb: DEBUG   : bulked unit.000006 [UMGR_SCHEDULING_PENDING] update.0.child
2017-05-31 04:33:59,519: update.0.child      : update.0                        : update.0.child.subscriber._state_cb: DEBUG   : bulked unit.000007 [UMGR_SCHEDULING_PENDING] update.0.child
2017-05-31 04:33:59,519: update.0.child      : update.0                        : update.0.child.subscriber._state_cb: DEBUG   : bulked unit.000008 [UMGR_SCHEDULING_PENDING] update.0.child
2017-05-31 04:33:59,519: update.0.child      : update.0                        : update.0.child.subscriber._state_cb: DEBUG   : bulked unit.000009 [UMGR_SCHEDULING_PENDING] update.0.child
2017-05-31 04:33:59,519: update.0.child      : update.0                        : update.0.child.subscriber._state_cb: DEBUG   : bulked unit.000010 [UMGR_SCHEDULING_PENDING] update.0.child
2017-05-31 04:33:59,520: update.0.child      : update.0                        : update.0.child.subscriber._state_cb: DEBUG   : bulked unit.000011 [UMGR_SCHEDULING_PENDING] update.0.child
2017-05-31 04:33:59,520: update.0.child      : update.0                        : update.0.child.subscriber._state_cb: DEBUG   : bulked unit.000012 [UMGR_SCHEDULING_PENDING] update.0.child
2017-05-31 04:33:59,520: update.0.child      : update.0                        : update.0.child.subscriber._state_cb: DEBUG   : bulked unit.000013 [UMGR_SCHEDULING_PENDING] update.0.child
2017-05-31 04:33:59,520: update.0.child      : update.0                        : update.0.child.subscriber._state_cb: DEBUG   : bulked unit.000014 [UMGR_SCHEDULING_PENDING] update.0.child
2017-05-31 04:33:59,520: update.0.child      : update.0                        : update.0.child.subscriber._state_cb: DEBUG   : bulked unit.000015 [UMGR_SCHEDULING_PENDING] update.0.child
2017-05-31 04:33:59,524: update.0.child      : update.0                        : update.0.child.subscriber._state_cb: DEBUG   : bulked unit.000000 [UMGR_SCHEDULING] update.0.child
2017-05-31 04:33:59,524: update.0.child      : update.0                        : update.0.child.subscriber._state_cb: DEBUG   : bulked unit.000001 [UMGR_SCHEDULING] update.0.child
2017-05-31 04:33:59,525: update.0.child      : update.0                        : update.0.child.subscriber._state_cb: DEBUG   : bulked unit.000002 [UMGR_SCHEDULING] update.0.child
2017-05-31 04:33:59,525: update.0.child      : update.0                        : update.0.child.subscriber._state_cb: DEBUG   : bulked unit.000003 [UMGR_SCHEDULING] update.0.child
2017-05-31 04:33:59,525: update.0.child      : update.0                        : update.0.child.subscriber._state_cb: DEBUG   : bulked unit.000004 [UMGR_SCHEDULING] update.0.child
2017-05-31 04:33:59,525: update.0.child      : update.0                        : update.0.child.subscriber._state_cb: DEBUG   : bulked unit.000005 [UMGR_SCHEDULING] update.0.child
2017-05-31 04:33:59,526: update.0.child      : update.0                        : update.0.child.subscriber._state_cb: DEBUG   : bulked unit.000006 [UMGR_SCHEDULING] update.0.child
2017-05-31 04:33:59,526: update.0.child      : update.0                        : update.0.child.subscriber._state_cb: DEBUG   : bulked unit.000007 [UMGR_SCHEDULING] update.0.child
2017-05-31 04:33:59,526: update.0.child      : update.0                        : update.0.child.subscriber._state_cb: DEBUG   : bulked unit.000008 [UMGR_SCHEDULING] update.0.child
2017-05-31 04:33:59,526: update.0.child      : update.0                        : update.0.child.subscriber._state_cb: DEBUG   : bulked unit.000009 [UMGR_SCHEDULING] update.0.child
2017-05-31 04:33:59,527: update.0.child      : update.0                        : update.0.child.subscriber._state_cb: DEBUG   : bulked unit.000010 [UMGR_SCHEDULING] update.0.child
2017-05-31 04:33:59,527: update.0.child      : update.0                        : update.0.child.subscriber._state_cb: DEBUG   : bulked unit.000011 [UMGR_SCHEDULING] update.0.child
2017-05-31 04:33:59,527: update.0.child      : update.0                        : update.0.child.subscriber._state_cb: DEBUG   : bulked unit.000012 [UMGR_SCHEDULING] update.0.child
2017-05-31 04:33:59,527: update.0.child      : update.0                        : update.0.child.subscriber._state_cb: DEBUG   : bulked unit.000013 [UMGR_SCHEDULING] update.0.child
2017-05-31 04:33:59,527: update.0.child      : update.0                        : update.0.child.subscriber._state_cb: DEBUG   : bulked unit.000014 [UMGR_SCHEDULING] update.0.child
2017-05-31 04:33:59,528: update.0.child      : update.0                        : update.0.child.subscriber._state_cb: DEBUG   : bulked unit.000015 [UMGR_SCHEDULING] update.0.child
2017-05-31 04:33:59,528: update.0.child      : update.0                        : update.0.child.subscriber._state_cb: DEBUG   : bulked unit.000000 [UMGR_STAGING_INPUT_PENDING] update.0.child
2017-05-31 04:33:59,528: update.0.child      : update.0                        : update.0.child.subscriber._state_cb: DEBUG   : bulked unit.000001 [UMGR_STAGING_INPUT_PENDING] update.0.child
2017-05-31 04:33:59,529: update.0.child      : update.0                        : update.0.child.subscriber._state_cb: DEBUG   : bulked unit.000002 [UMGR_STAGING_INPUT_PENDING] update.0.child
2017-05-31 04:33:59,529: update.0.child      : update.0                        : update.0.child.subscriber._state_cb: DEBUG   : bulked unit.000003 [UMGR_STAGING_INPUT_PENDING] update.0.child
2017-05-31 04:33:59,529: update.0.child      : update.0                        : update.0.child.subscriber._state_cb: DEBUG   : bulked unit.000004 [UMGR_STAGING_INPUT_PENDING] update.0.child
2017-05-31 04:33:59,530: update.0.child      : update.0                        : update.0.child.subscriber._state_cb: DEBUG   : bulked unit.000005 [UMGR_STAGING_INPUT_PENDING] update.0.child
2017-05-31 04:33:59,530: update.0.child      : update.0                        : update.0.child.subscriber._state_cb: DEBUG   : bulked unit.000006 [UMGR_STAGING_INPUT_PENDING] update.0.child
2017-05-31 04:33:59,530: update.0.child      : update.0                        : update.0.child.subscriber._state_cb: DEBUG   : bulked unit.000007 [UMGR_STAGING_INPUT_PENDING] update.0.child
2017-05-31 04:33:59,530: update.0.child      : update.0                        : update.0.child.subscriber._state_cb: DEBUG   : bulked unit.000008 [UMGR_STAGING_INPUT_PENDING] update.0.child
2017-05-31 04:33:59,531: update.0.child      : update.0                        : update.0.child.subscriber._state_cb: DEBUG   : bulked unit.000009 [UMGR_STAGING_INPUT_PENDING] update.0.child
2017-05-31 04:33:59,531: update.0.child      : update.0                        : update.0.child.subscriber._state_cb: DEBUG   : bulked unit.000010 [UMGR_STAGING_INPUT_PENDING] update.0.child
2017-05-31 04:33:59,531: update.0.child      : update.0                        : update.0.child.subscriber._state_cb: DEBUG   : bulked unit.000011 [UMGR_STAGING_INPUT_PENDING] update.0.child
2017-05-31 04:33:59,531: update.0.child      : update.0                        : update.0.child.subscriber._state_cb: DEBUG   : bulked unit.000012 [UMGR_STAGING_INPUT_PENDING] update.0.child
2017-05-31 04:33:59,532: update.0.child      : update.0                        : update.0.child.subscriber._state_cb: DEBUG   : bulked unit.000013 [UMGR_STAGING_INPUT_PENDING] update.0.child
2017-05-31 04:33:59,532: update.0.child      : update.0                        : update.0.child.subscriber._state_cb: DEBUG   : bulked unit.000014 [UMGR_STAGING_INPUT_PENDING] update.0.child
2017-05-31 04:33:59,532: update.0.child      : update.0                        : update.0.child.subscriber._state_cb: DEBUG   : bulked unit.000015 [UMGR_STAGING_INPUT_PENDING] update.0.child
2017-05-31 04:33:59,538: update.0.child      : update.0                        : update.0.child.subscriber._state_cb: DEBUG   : bulked unit.000000 [UMGR_STAGING_INPUT] update.0.child
2017-05-31 04:33:59,538: update.0.child      : update.0                        : update.0.child.subscriber._state_cb: DEBUG   : bulked unit.000001 [UMGR_STAGING_INPUT] update.0.child
2017-05-31 04:33:59,539: update.0.child      : update.0                        : update.0.child.subscriber._state_cb: DEBUG   : bulked unit.000002 [UMGR_STAGING_INPUT] update.0.child
2017-05-31 04:33:59,539: update.0.child      : update.0                        : update.0.child.subscriber._state_cb: DEBUG   : bulked unit.000003 [UMGR_STAGING_INPUT] update.0.child
2017-05-31 04:33:59,539: update.0.child      : update.0                        : update.0.child.subscriber._state_cb: DEBUG   : bulked unit.000004 [UMGR_STAGING_INPUT] update.0.child
2017-05-31 04:33:59,539: update.0.child      : update.0                        : update.0.child.subscriber._state_cb: DEBUG   : bulked unit.000005 [UMGR_STAGING_INPUT] update.0.child
2017-05-31 04:33:59,539: update.0.child      : update.0                        : update.0.child.subscriber._state_cb: DEBUG   : bulked unit.000006 [UMGR_STAGING_INPUT] update.0.child
2017-05-31 04:33:59,540: update.0.child      : update.0                        : update.0.child.subscriber._state_cb: DEBUG   : bulked unit.000007 [UMGR_STAGING_INPUT] update.0.child
2017-05-31 04:33:59,540: update.0.child      : update.0                        : update.0.child.subscriber._state_cb: DEBUG   : bulked unit.000008 [UMGR_STAGING_INPUT] update.0.child
2017-05-31 04:33:59,540: update.0.child      : update.0                        : update.0.child.subscriber._state_cb: DEBUG   : bulked unit.000009 [UMGR_STAGING_INPUT] update.0.child
2017-05-31 04:33:59,540: update.0.child      : update.0                        : update.0.child.subscriber._state_cb: DEBUG   : bulked unit.000010 [UMGR_STAGING_INPUT] update.0.child
2017-05-31 04:33:59,540: update.0.child      : update.0                        : update.0.child.subscriber._state_cb: DEBUG   : bulked unit.000011 [UMGR_STAGING_INPUT] update.0.child
2017-05-31 04:33:59,541: update.0.child      : update.0                        : update.0.child.subscriber._state_cb: DEBUG   : bulked unit.000012 [UMGR_STAGING_INPUT] update.0.child
2017-05-31 04:33:59,541: update.0.child      : update.0                        : update.0.child.subscriber._state_cb: DEBUG   : bulked unit.000013 [UMGR_STAGING_INPUT] update.0.child
2017-05-31 04:33:59,541: update.0.child      : update.0                        : update.0.child.subscriber._state_cb: DEBUG   : bulked unit.000014 [UMGR_STAGING_INPUT] update.0.child
2017-05-31 04:33:59,541: update.0.child      : update.0                        : update.0.child.subscriber._state_cb: DEBUG   : bulked unit.000015 [UMGR_STAGING_INPUT] update.0.child
2017-05-31 04:33:59,543: update.0.child      : update.0                        : update.0.child.subscriber._state_cb: DEBUG   : bulked unit.000000 [AGENT_STAGING_INPUT_PENDING] update.0.child
2017-05-31 04:33:59,543: update.0.child      : update.0                        : update.0.child.subscriber._state_cb: DEBUG   : bulked unit.000001 [AGENT_STAGING_INPUT_PENDING] update.0.child
2017-05-31 04:33:59,543: update.0.child      : update.0                        : update.0.child.subscriber._state_cb: DEBUG   : bulked unit.000002 [AGENT_STAGING_INPUT_PENDING] update.0.child
2017-05-31 04:33:59,544: update.0.child      : update.0                        : update.0.child.subscriber._state_cb: DEBUG   : bulked unit.000003 [AGENT_STAGING_INPUT_PENDING] update.0.child
2017-05-31 04:33:59,544: update.0.child      : update.0                        : update.0.child.subscriber._state_cb: DEBUG   : bulked unit.000004 [AGENT_STAGING_INPUT_PENDING] update.0.child
2017-05-31 04:33:59,544: update.0.child      : update.0                        : update.0.child.subscriber._state_cb: DEBUG   : bulked unit.000005 [AGENT_STAGING_INPUT_PENDING] update.0.child
2017-05-31 04:33:59,544: update.0.child      : update.0                        : update.0.child.subscriber._state_cb: DEBUG   : bulked unit.000006 [AGENT_STAGING_INPUT_PENDING] update.0.child
2017-05-31 04:33:59,544: update.0.child      : update.0                        : update.0.child.subscriber._state_cb: DEBUG   : bulked unit.000007 [AGENT_STAGING_INPUT_PENDING] update.0.child
2017-05-31 04:33:59,545: update.0.child      : update.0                        : update.0.child.subscriber._state_cb: DEBUG   : bulked unit.000008 [AGENT_STAGING_INPUT_PENDING] update.0.child
2017-05-31 04:33:59,545: update.0.child      : update.0                        : update.0.child.subscriber._state_cb: DEBUG   : bulked unit.000009 [AGENT_STAGING_INPUT_PENDING] update.0.child
2017-05-31 04:33:59,545: update.0.child      : update.0                        : update.0.child.subscriber._state_cb: DEBUG   : bulked unit.000010 [AGENT_STAGING_INPUT_PENDING] update.0.child
2017-05-31 04:33:59,545: update.0.child      : update.0                        : update.0.child.subscriber._state_cb: DEBUG   : bulked unit.000011 [AGENT_STAGING_INPUT_PENDING] update.0.child
2017-05-31 04:33:59,546: update.0.child      : update.0                        : update.0.child.subscriber._state_cb: DEBUG   : bulked unit.000012 [AGENT_STAGING_INPUT_PENDING] update.0.child
2017-05-31 04:33:59,546: update.0.child      : update.0                        : update.0.child.subscriber._state_cb: DEBUG   : bulked unit.000013 [AGENT_STAGING_INPUT_PENDING] update.0.child
2017-05-31 04:33:59,546: update.0.child      : update.0                        : update.0.child.subscriber._state_cb: DEBUG   : bulked unit.000014 [AGENT_STAGING_INPUT_PENDING] update.0.child
2017-05-31 04:33:59,546: update.0.child      : update.0                        : update.0.child.subscriber._state_cb: DEBUG   : bulked unit.000015 [AGENT_STAGING_INPUT_PENDING] update.0.child
2017-05-31 04:33:59,985: update.0.child      : update.0                        : update.0.child.idler._idle_cb: DEBUG   : bulk update result: {'nModified': 81, 'nUpserted': 0, 'nMatched': 81, 'writeErrors': [], 'upserted': [], 'writeConcernErrors': [], 'nRemoved': 0, 'nInserted': 0}
2017-05-31 04:34:12,409: update.0.child      : update.0                        : update.0.child.subscriber._state_cb: DEBUG   : bulked pilot.0000 [PMGR_ACTIVE_PENDING] update.0.child
2017-05-31 04:34:12,510: update.0.child      : update.0                        : update.0.child.subscriber._state_cb: DEBUG   : bulk update result: {'nModified': 1, 'nUpserted': 0, 'nMatched': 1, 'writeErrors': [], 'upserted': [], 'writeConcernErrors': [], 'nRemoved': 0, 'nInserted': 0}
2017-05-31 04:36:33,396: update.0.child      : update.0                        : update.0.child.subscriber._state_cb: DEBUG   : bulked pilot.0000 [PMGR_ACTIVE] update.0.child
2017-05-31 04:36:33,496: update.0.child      : update.0                        : update.0.child.subscriber._state_cb: DEBUG   : bulk update result: {'nModified': 1, 'nUpserted': 0, 'nMatched': 1, 'writeErrors': [], 'upserted': [], 'writeConcernErrors': [], 'nRemoved': 0, 'nInserted': 0}
2017-05-31 04:36:40,004: update.0.child      : update.0                        : update.0.child.subscriber._state_cb: DEBUG   : bulked unit.000009 [AGENT_STAGING_INPUT] update.0.child
2017-05-31 04:36:40,103: update.0.child      : update.0                        : update.0.child.subscriber._state_cb: DEBUG   : bulk update result: {'nModified': 1, 'nUpserted': 0, 'nMatched': 1, 'writeErrors': [], 'upserted': [], 'writeConcernErrors': [], 'nRemoved': 0, 'nInserted': 0}
2017-05-31 04:36:40,104: update.0.child      : update.0                        : update.0.child.subscriber._state_cb: DEBUG   : bulked unit.000008 [AGENT_STAGING_INPUT] update.0.child
2017-05-31 04:36:40,104: update.0.child      : update.0                        : update.0.child.subscriber._state_cb: DEBUG   : bulked unit.000015 [AGENT_STAGING_INPUT] update.0.child
2017-05-31 04:36:40,105: update.0.child      : update.0                        : update.0.child.subscriber._state_cb: DEBUG   : bulked unit.000014 [AGENT_STAGING_INPUT] update.0.child
2017-05-31 04:36:40,105: update.0.child      : update.0                        : update.0.child.subscriber._state_cb: DEBUG   : bulked unit.000003 [AGENT_STAGING_INPUT] update.0.child
2017-05-31 04:36:40,105: update.0.child      : update.0                        : update.0.child.subscriber._state_cb: DEBUG   : bulked unit.000002 [AGENT_STAGING_INPUT] update.0.child
2017-05-31 04:36:40,106: update.0.child      : update.0                        : update.0.child.subscriber._state_cb: DEBUG   : bulked unit.000001 [AGENT_STAGING_INPUT] update.0.child
2017-05-31 04:36:40,106: update.0.child      : update.0                        : update.0.child.subscriber._state_cb: DEBUG   : bulked unit.000000 [AGENT_STAGING_INPUT] update.0.child
2017-05-31 04:36:40,106: update.0.child      : update.0                        : update.0.child.subscriber._state_cb: DEBUG   : bulked unit.000007 [AGENT_STAGING_INPUT] update.0.child
2017-05-31 04:36:40,107: update.0.child      : update.0                        : update.0.child.subscriber._state_cb: DEBUG   : bulked unit.000006 [AGENT_STAGING_INPUT] update.0.child
2017-05-31 04:36:40,107: update.0.child      : update.0                        : update.0.child.subscriber._state_cb: DEBUG   : bulked unit.000005 [AGENT_STAGING_INPUT] update.0.child
2017-05-31 04:36:40,107: update.0.child      : update.0                        : update.0.child.subscriber._state_cb: DEBUG   : bulked unit.000004 [AGENT_STAGING_INPUT] update.0.child
2017-05-31 04:36:40,108: update.0.child      : update.0                        : update.0.child.subscriber._state_cb: DEBUG   : bulked unit.000013 [AGENT_STAGING_INPUT] update.0.child
2017-05-31 04:36:40,108: update.0.child      : update.0                        : update.0.child.subscriber._state_cb: DEBUG   : bulked unit.000010 [AGENT_STAGING_INPUT] update.0.child
2017-05-31 04:36:40,108: update.0.child      : update.0                        : update.0.child.subscriber._state_cb: DEBUG   : bulked unit.000011 [AGENT_STAGING_INPUT] update.0.child
2017-05-31 04:36:40,108: update.0.child      : update.0                        : update.0.child.subscriber._state_cb: DEBUG   : bulked unit.000012 [AGENT_STAGING_INPUT] update.0.child
2017-05-31 04:36:41,225: update.0.child      : update.0                        : update.0.child.subscriber._state_cb: DEBUG   : bulked unit.000009 [AGENT_SCHEDULING_PENDING] update.0.child
2017-05-31 04:36:41,329: update.0.child      : update.0                        : update.0.child.subscriber._state_cb: DEBUG   : bulk update result: {'nModified': 16, 'nUpserted': 0, 'nMatched': 16, 'writeErrors': [], 'upserted': [], 'writeConcernErrors': [], 'nRemoved': 0, 'nInserted': 0}
2017-05-31 04:36:41,329: update.0.child      : update.0                        : update.0.child.subscriber._state_cb: DEBUG   : bulked unit.000009 [AGENT_SCHEDULING] update.0.child
2017-05-31 04:36:41,329: update.0.child      : update.0                        : update.0.child.subscriber._state_cb: DEBUG   : bulked unit.000009 [AGENT_EXECUTING_PENDING] update.0.child
2017-05-31 04:36:41,330: update.0.child      : update.0                        : update.0.child.subscriber._state_cb: DEBUG   : bulked unit.000009 [AGENT_EXECUTING] update.0.child
2017-05-31 04:36:41,330: update.0.child      : update.0                        : update.0.child.subscriber._state_cb: DEBUG   : bulked unit.000008 [AGENT_SCHEDULING_PENDING] update.0.child
2017-05-31 04:36:41,330: update.0.child      : update.0                        : update.0.child.subscriber._state_cb: DEBUG   : bulked unit.000008 [AGENT_SCHEDULING] update.0.child
2017-05-31 04:36:41,330: update.0.child      : update.0                        : update.0.child.subscriber._state_cb: DEBUG   : bulked unit.000008 [AGENT_EXECUTING_PENDING] update.0.child
2017-05-31 04:36:41,331: update.0.child      : update.0                        : update.0.child.subscriber._state_cb: DEBUG   : bulked unit.000008 [AGENT_EXECUTING] update.0.child
2017-05-31 04:36:41,331: update.0.child      : update.0                        : update.0.child.subscriber._state_cb: DEBUG   : bulked unit.000015 [AGENT_SCHEDULING_PENDING] update.0.child
2017-05-31 04:36:41,331: update.0.child      : update.0                        : update.0.child.subscriber._state_cb: DEBUG   : bulked unit.000015 [AGENT_SCHEDULING] update.0.child
2017-05-31 04:36:41,331: update.0.child      : update.0                        : update.0.child.subscriber._state_cb: DEBUG   : bulked unit.000015 [AGENT_EXECUTING_PENDING] update.0.child
2017-05-31 04:36:41,331: update.0.child      : update.0                        : update.0.child.subscriber._state_cb: DEBUG   : bulked unit.000015 [AGENT_EXECUTING] update.0.child
2017-05-31 04:36:41,332: update.0.child      : update.0                        : update.0.child.subscriber._state_cb: DEBUG   : bulked unit.000014 [AGENT_SCHEDULING_PENDING] update.0.child
2017-05-31 04:36:41,332: update.0.child      : update.0                        : update.0.child.subscriber._state_cb: DEBUG   : bulked unit.000014 [AGENT_SCHEDULING] update.0.child
2017-05-31 04:36:41,332: update.0.child      : update.0                        : update.0.child.subscriber._state_cb: DEBUG   : bulked unit.000014 [AGENT_EXECUTING_PENDING] update.0.child
2017-05-31 04:36:41,332: update.0.child      : update.0                        : update.0.child.subscriber._state_cb: DEBUG   : bulked unit.000014 [AGENT_EXECUTING] update.0.child
2017-05-31 04:36:41,332: update.0.child      : update.0                        : update.0.child.subscriber._state_cb: DEBUG   : bulked unit.000003 [AGENT_SCHEDULING_PENDING] update.0.child
2017-05-31 04:36:41,333: update.0.child      : update.0                        : update.0.child.subscriber._state_cb: DEBUG   : bulked unit.000003 [AGENT_SCHEDULING] update.0.child
2017-05-31 04:36:41,333: update.0.child      : update.0                        : update.0.child.subscriber._state_cb: DEBUG   : bulked unit.000003 [AGENT_EXECUTING_PENDING] update.0.child
2017-05-31 04:36:41,333: update.0.child      : update.0                        : update.0.child.subscriber._state_cb: DEBUG   : bulked unit.000003 [AGENT_EXECUTING] update.0.child
2017-05-31 04:36:41,333: update.0.child      : update.0                        : update.0.child.subscriber._state_cb: DEBUG   : bulked unit.000002 [AGENT_SCHEDULING_PENDING] update.0.child
2017-05-31 04:36:41,334: update.0.child      : update.0                        : update.0.child.subscriber._state_cb: DEBUG   : bulked unit.000002 [AGENT_SCHEDULING] update.0.child
2017-05-31 04:36:41,334: update.0.child      : update.0                        : update.0.child.subscriber._state_cb: DEBUG   : bulked unit.000002 [AGENT_EXECUTING_PENDING] update.0.child
2017-05-31 04:36:41,334: update.0.child      : update.0                        : update.0.child.subscriber._state_cb: DEBUG   : bulked unit.000002 [AGENT_EXECUTING] update.0.child
2017-05-31 04:36:41,334: update.0.child      : update.0                        : update.0.child.subscriber._state_cb: DEBUG   : bulked unit.000001 [AGENT_SCHEDULING_PENDING] update.0.child
2017-05-31 04:36:41,335: update.0.child      : update.0                        : update.0.child.subscriber._state_cb: DEBUG   : bulked unit.000001 [AGENT_SCHEDULING] update.0.child
2017-05-31 04:36:41,335: update.0.child      : update.0                        : update.0.child.subscriber._state_cb: DEBUG   : bulked unit.000001 [AGENT_EXECUTING_PENDING] update.0.child
2017-05-31 04:36:41,335: update.0.child      : update.0                        : update.0.child.subscriber._state_cb: DEBUG   : bulked unit.000001 [AGENT_EXECUTING] update.0.child
2017-05-31 04:36:41,335: update.0.child      : update.0                        : update.0.child.subscriber._state_cb: DEBUG   : bulked unit.000000 [AGENT_SCHEDULING_PENDING] update.0.child
2017-05-31 04:36:41,336: update.0.child      : update.0                        : update.0.child.subscriber._state_cb: DEBUG   : bulked unit.000000 [AGENT_SCHEDULING] update.0.child
2017-05-31 04:36:41,336: update.0.child      : update.0                        : update.0.child.subscriber._state_cb: DEBUG   : bulked unit.000000 [AGENT_EXECUTING_PENDING] update.0.child
2017-05-31 04:36:41,336: update.0.child      : update.0                        : update.0.child.subscriber._state_cb: DEBUG   : bulked unit.000000 [AGENT_EXECUTING] update.0.child
2017-05-31 04:36:41,336: update.0.child      : update.0                        : update.0.child.subscriber._state_cb: DEBUG   : bulked unit.000007 [AGENT_SCHEDULING_PENDING] update.0.child
2017-05-31 04:36:41,337: update.0.child      : update.0                        : update.0.child.subscriber._state_cb: DEBUG   : bulked unit.000007 [AGENT_SCHEDULING] update.0.child
2017-05-31 04:36:41,337: update.0.child      : update.0                        : update.0.child.subscriber._state_cb: DEBUG   : bulked unit.000007 [AGENT_EXECUTING_PENDING] update.0.child
2017-05-31 04:36:41,337: update.0.child      : update.0                        : update.0.child.subscriber._state_cb: DEBUG   : bulked unit.000007 [AGENT_EXECUTING] update.0.child
2017-05-31 04:36:41,337: update.0.child      : update.0                        : update.0.child.subscriber._state_cb: DEBUG   : bulked unit.000006 [AGENT_SCHEDULING_PENDING] update.0.child
2017-05-31 04:36:41,338: update.0.child      : update.0                        : update.0.child.subscriber._state_cb: DEBUG   : bulked unit.000006 [AGENT_SCHEDULING] update.0.child
2017-05-31 04:36:41,338: update.0.child      : update.0                        : update.0.child.subscriber._state_cb: DEBUG   : bulked unit.000006 [AGENT_EXECUTING_PENDING] update.0.child
2017-05-31 04:36:41,338: update.0.child      : update.0                        : update.0.child.subscriber._state_cb: DEBUG   : bulked unit.000006 [AGENT_EXECUTING] update.0.child
2017-05-31 04:36:41,339: update.0.child      : update.0                        : update.0.child.subscriber._state_cb: DEBUG   : bulked unit.000005 [AGENT_SCHEDULING_PENDING] update.0.child
2017-05-31 04:36:41,339: update.0.child      : update.0                        : update.0.child.subscriber._state_cb: DEBUG   : bulked unit.000005 [AGENT_SCHEDULING] update.0.child
2017-05-31 04:36:41,339: update.0.child      : update.0                        : update.0.child.subscriber._state_cb: DEBUG   : bulked unit.000005 [AGENT_EXECUTING_PENDING] update.0.child
2017-05-31 04:36:41,339: update.0.child      : update.0                        : update.0.child.subscriber._state_cb: DEBUG   : bulked unit.000005 [AGENT_EXECUTING] update.0.child
2017-05-31 04:36:41,340: update.0.child      : update.0                        : update.0.child.subscriber._state_cb: DEBUG   : bulked unit.000004 [AGENT_SCHEDULING_PENDING] update.0.child
2017-05-31 04:36:41,340: update.0.child      : update.0                        : update.0.child.subscriber._state_cb: DEBUG   : bulked unit.000004 [AGENT_SCHEDULING] update.0.child
2017-05-31 04:36:41,340: update.0.child      : update.0                        : update.0.child.subscriber._state_cb: DEBUG   : bulked unit.000004 [AGENT_EXECUTING_PENDING] update.0.child
2017-05-31 04:36:41,341: update.0.child      : update.0                        : update.0.child.subscriber._state_cb: DEBUG   : bulked unit.000004 [AGENT_EXECUTING] update.0.child
2017-05-31 04:36:41,341: update.0.child      : update.0                        : update.0.child.subscriber._state_cb: DEBUG   : bulked unit.000013 [AGENT_SCHEDULING_PENDING] update.0.child
2017-05-31 04:36:41,341: update.0.child      : update.0                        : update.0.child.subscriber._state_cb: DEBUG   : bulked unit.000013 [AGENT_SCHEDULING] update.0.child
2017-05-31 04:36:41,341: update.0.child      : update.0                        : update.0.child.subscriber._state_cb: DEBUG   : bulked unit.000013 [AGENT_EXECUTING_PENDING] update.0.child
2017-05-31 04:36:41,342: update.0.child      : update.0                        : update.0.child.subscriber._state_cb: DEBUG   : bulked unit.000013 [AGENT_EXECUTING] update.0.child
2017-05-31 04:36:41,342: update.0.child      : update.0                        : update.0.child.subscriber._state_cb: DEBUG   : bulked unit.000010 [AGENT_SCHEDULING_PENDING] update.0.child
2017-05-31 04:36:41,342: update.0.child      : update.0                        : update.0.child.subscriber._state_cb: DEBUG   : bulked unit.000010 [AGENT_SCHEDULING] update.0.child
2017-05-31 04:36:41,343: update.0.child      : update.0                        : update.0.child.subscriber._state_cb: DEBUG   : bulked unit.000010 [AGENT_EXECUTING_PENDING] update.0.child
2017-05-31 04:36:41,343: update.0.child      : update.0                        : update.0.child.subscriber._state_cb: DEBUG   : bulked unit.000010 [AGENT_EXECUTING] update.0.child
2017-05-31 04:36:41,343: update.0.child      : update.0                        : update.0.child.subscriber._state_cb: DEBUG   : bulked unit.000011 [AGENT_SCHEDULING_PENDING] update.0.child
2017-05-31 04:36:41,343: update.0.child      : update.0                        : update.0.child.subscriber._state_cb: DEBUG   : bulked unit.000011 [AGENT_SCHEDULING] update.0.child
2017-05-31 04:36:41,344: update.0.child      : update.0                        : update.0.child.subscriber._state_cb: DEBUG   : bulked unit.000011 [AGENT_EXECUTING_PENDING] update.0.child
2017-05-31 04:36:41,344: update.0.child      : update.0                        : update.0.child.subscriber._state_cb: DEBUG   : bulked unit.000011 [AGENT_EXECUTING] update.0.child
2017-05-31 04:36:41,344: update.0.child      : update.0                        : update.0.child.subscriber._state_cb: DEBUG   : bulked unit.000012 [AGENT_SCHEDULING_PENDING] update.0.child
2017-05-31 04:36:41,344: update.0.child      : update.0                        : update.0.child.subscriber._state_cb: DEBUG   : bulked unit.000012 [AGENT_SCHEDULING] update.0.child
2017-05-31 04:36:41,345: update.0.child      : update.0                        : update.0.child.subscriber._state_cb: DEBUG   : bulked unit.000012 [AGENT_EXECUTING_PENDING] update.0.child
2017-05-31 04:36:41,345: update.0.child      : update.0                        : update.0.child.subscriber._state_cb: DEBUG   : bulked unit.000012 [AGENT_EXECUTING] update.0.child
2017-05-31 04:36:42,483: update.0.child      : update.0                        : update.0.child.idler._idle_cb: DEBUG   : bulk update result: {'nModified': 63, 'nUpserted': 0, 'nMatched': 63, 'writeErrors': [], 'upserted': [], 'writeConcernErrors': [], 'nRemoved': 0, 'nInserted': 0}
2017-05-31 04:40:59,956: update.0.child      : update.0                        : update.0.child.subscriber._state_cb: DEBUG   : bulked unit.000001 [AGENT_STAGING_OUTPUT_PENDING] update.0.child
2017-05-31 04:41:00,059: update.0.child      : update.0                        : update.0.child.subscriber._state_cb: DEBUG   : bulk update result: {'nModified': 1, 'nUpserted': 0, 'nMatched': 1, 'writeErrors': [], 'upserted': [], 'writeConcernErrors': [], 'nRemoved': 0, 'nInserted': 0}
2017-05-31 04:41:01,163: update.0.child      : update.0                        : update.0.child.subscriber._state_cb: DEBUG   : bulked unit.000001 [AGENT_STAGING_OUTPUT] update.0.child
2017-05-31 04:41:01,268: update.0.child      : update.0                        : update.0.child.subscriber._state_cb: DEBUG   : bulk update result: {'nModified': 1, 'nUpserted': 0, 'nMatched': 1, 'writeErrors': [], 'upserted': [], 'writeConcernErrors': [], 'nRemoved': 0, 'nInserted': 0}
2017-05-31 04:41:01,269: update.0.child      : update.0                        : update.0.child.subscriber._state_cb: DEBUG   : bulked unit.000001 [UMGR_STAGING_OUTPUT_PENDING] update.0.child
2017-05-31 04:41:01,514: update.0.child      : update.0                        : update.0.child.subscriber._state_cb: DEBUG   : bulked unit.000001 [UMGR_STAGING_OUTPUT_PENDING] update.0.child
2017-05-31 04:41:01,514: update.0.child      : update.0                        : update.0.child.subscriber._state_cb: DEBUG   : bulked unit.000000 [UMGR_STAGING_OUTPUT_PENDING] update.0.child
2017-05-31 04:41:01,517: update.0.child      : update.0                        : update.0.child.subscriber._state_cb: DEBUG   : bulked unit.000001 [UMGR_STAGING_OUTPUT] update.0.child
2017-05-31 04:41:01,517: update.0.child      : update.0                        : update.0.child.subscriber._state_cb: DEBUG   : bulked unit.000000 [UMGR_STAGING_OUTPUT] update.0.child
2017-05-31 04:41:01,517: update.0.child      : update.0                        : update.0.child.subscriber._state_cb: DEBUG   : bulked unit.000001 [DONE] update.0.child
2017-05-31 04:41:01,518: update.0.child      : update.0                        : update.0.child.subscriber._state_cb: DEBUG   : bulked unit.000000 [DONE] update.0.child
2017-05-31 04:41:03,179: update.0.child      : update.0                        : update.0.child.idler._idle_cb: DEBUG   : bulk update result: {'nModified': 7, 'nUpserted': 0, 'nMatched': 7, 'writeErrors': [], 'upserted': [], 'writeConcernErrors': [], 'nRemoved': 0, 'nInserted': 0}
2017-05-31 04:41:05,987: update.0.child      : update.0                        : update.0.child.subscriber._state_cb: DEBUG   : bulked unit.000014 [AGENT_STAGING_OUTPUT_PENDING] update.0.child
2017-05-31 04:41:06,087: update.0.child      : update.0                        : update.0.child.subscriber._state_cb: DEBUG   : bulk update result: {'nModified': 1, 'nUpserted': 0, 'nMatched': 1, 'writeErrors': [], 'upserted': [], 'writeConcernErrors': [], 'nRemoved': 0, 'nInserted': 0}
2017-05-31 04:41:07,194: update.0.child      : update.0                        : update.0.child.subscriber._state_cb: DEBUG   : bulked unit.000014 [AGENT_STAGING_OUTPUT] update.0.child
2017-05-31 04:41:07,294: update.0.child      : update.0                        : update.0.child.subscriber._state_cb: DEBUG   : bulk update result: {'nModified': 1, 'nUpserted': 0, 'nMatched': 1, 'writeErrors': [], 'upserted': [], 'writeConcernErrors': [], 'nRemoved': 0, 'nInserted': 0}
2017-05-31 04:41:07,294: update.0.child      : update.0                        : update.0.child.subscriber._state_cb: DEBUG   : bulked unit.000014 [UMGR_STAGING_OUTPUT_PENDING] update.0.child
2017-05-31 04:41:07,500: update.0.child      : update.0                        : update.0.child.subscriber._state_cb: DEBUG   : bulked unit.000014 [UMGR_STAGING_OUTPUT_PENDING] update.0.child
2017-05-31 04:41:07,501: update.0.child      : update.0                        : update.0.child.subscriber._state_cb: DEBUG   : bulked unit.000006 [UMGR_STAGING_OUTPUT_PENDING] update.0.child
2017-05-31 04:41:07,504: update.0.child      : update.0                        : update.0.child.subscriber._state_cb: DEBUG   : bulked unit.000014 [UMGR_STAGING_OUTPUT] update.0.child
2017-05-31 04:41:07,504: update.0.child      : update.0                        : update.0.child.subscriber._state_cb: DEBUG   : bulked unit.000006 [UMGR_STAGING_OUTPUT] update.0.child
2017-05-31 04:41:07,504: update.0.child      : update.0                        : update.0.child.subscriber._state_cb: DEBUG   : bulked unit.000014 [DONE] update.0.child
2017-05-31 04:41:07,505: update.0.child      : update.0                        : update.0.child.subscriber._state_cb: DEBUG   : bulked unit.000006 [DONE] update.0.child
2017-05-31 04:41:09,295: update.0.child      : update.0                        : update.0.child.idler._idle_cb: DEBUG   : bulk update result: {'nModified': 7, 'nUpserted': 0, 'nMatched': 7, 'writeErrors': [], 'upserted': [], 'writeConcernErrors': [], 'nRemoved': 0, 'nInserted': 0}
2017-05-31 04:41:10,810: update.0.child      : update.0                        : update.0.child.subscriber._state_cb: DEBUG   : bulked unit.000002 [AGENT_STAGING_OUTPUT_PENDING] update.0.child
2017-05-31 04:41:10,909: update.0.child      : update.0                        : update.0.child.subscriber._state_cb: DEBUG   : bulk update result: {'nModified': 1, 'nUpserted': 0, 'nMatched': 1, 'writeErrors': [], 'upserted': [], 'writeConcernErrors': [], 'nRemoved': 0, 'nInserted': 0}
2017-05-31 04:41:11,111: update.0.child      : update.0                        : update.0.child.subscriber._state_cb: DEBUG   : bulked unit.000002 [UMGR_STAGING_OUTPUT_PENDING] update.0.child
2017-05-31 04:41:11,112: update.0.child      : update.0                        : update.0.child.subscriber._state_cb: DEBUG   : bulked unit.000002 [UMGR_STAGING_OUTPUT] update.0.child
2017-05-31 04:41:11,113: update.0.child      : update.0                        : update.0.child.subscriber._state_cb: DEBUG   : bulked unit.000002 [DONE] update.0.child
2017-05-31 04:41:12,016: update.0.child      : update.0                        : update.0.child.subscriber._state_cb: DEBUG   : bulked unit.000004 [AGENT_STAGING_OUTPUT_PENDING] update.0.child
2017-05-31 04:41:12,117: update.0.child      : update.0                        : update.0.child.subscriber._state_cb: DEBUG   : bulk update result: {'nModified': 4, 'nUpserted': 0, 'nMatched': 4, 'writeErrors': [], 'upserted': [], 'writeConcernErrors': [], 'nRemoved': 0, 'nInserted': 0}
2017-05-31 04:41:13,220: update.0.child      : update.0                        : update.0.child.subscriber._state_cb: DEBUG   : bulked unit.000009 [AGENT_STAGING_OUTPUT_PENDING] update.0.child
2017-05-31 04:41:13,320: update.0.child      : update.0                        : update.0.child.subscriber._state_cb: DEBUG   : bulk update result: {'nModified': 1, 'nUpserted': 0, 'nMatched': 1, 'writeErrors': [], 'upserted': [], 'writeConcernErrors': [], 'nRemoved': 0, 'nInserted': 0}
2017-05-31 04:41:13,321: update.0.child      : update.0                        : update.0.child.subscriber._state_cb: DEBUG   : bulked unit.000009 [AGENT_STAGING_OUTPUT] update.0.child
2017-05-31 04:41:13,322: update.0.child      : update.0                        : update.0.child.subscriber._state_cb: DEBUG   : bulked unit.000009 [UMGR_STAGING_OUTPUT_PENDING] update.0.child
2017-05-31 04:41:13,322: update.0.child      : update.0                        : update.0.child.subscriber._state_cb: DEBUG   : bulked unit.000013 [AGENT_STAGING_OUTPUT_PENDING] update.0.child
2017-05-31 04:41:13,322: update.0.child      : update.0                        : update.0.child.subscriber._state_cb: DEBUG   : bulked unit.000013 [AGENT_STAGING_OUTPUT] update.0.child
2017-05-31 04:41:13,323: update.0.child      : update.0                        : update.0.child.subscriber._state_cb: DEBUG   : bulked unit.000013 [UMGR_STAGING_OUTPUT_PENDING] update.0.child
2017-05-31 04:41:13,323: update.0.child      : update.0                        : update.0.child.subscriber._state_cb: DEBUG   : bulked unit.000004 [AGENT_STAGING_OUTPUT] update.0.child
2017-05-31 04:41:13,323: update.0.child      : update.0                        : update.0.child.subscriber._state_cb: DEBUG   : bulked unit.000004 [UMGR_STAGING_OUTPUT_PENDING] update.0.child
2017-05-31 04:41:13,529: update.0.child      : update.0                        : update.0.child.subscriber._state_cb: DEBUG   : bulked unit.000004 [UMGR_STAGING_OUTPUT_PENDING] update.0.child
2017-05-31 04:41:13,530: update.0.child      : update.0                        : update.0.child.subscriber._state_cb: DEBUG   : bulked unit.000009 [UMGR_STAGING_OUTPUT_PENDING] update.0.child
2017-05-31 04:41:13,530: update.0.child      : update.0                        : update.0.child.subscriber._state_cb: DEBUG   : bulked unit.000013 [UMGR_STAGING_OUTPUT_PENDING] update.0.child
2017-05-31 04:41:13,531: update.0.child      : update.0                        : update.0.child.subscriber._state_cb: DEBUG   : bulked unit.000004 [UMGR_STAGING_OUTPUT] update.0.child
2017-05-31 04:41:13,531: update.0.child      : update.0                        : update.0.child.subscriber._state_cb: DEBUG   : bulked unit.000009 [UMGR_STAGING_OUTPUT] update.0.child
2017-05-31 04:41:13,531: update.0.child      : update.0                        : update.0.child.subscriber._state_cb: DEBUG   : bulked unit.000013 [UMGR_STAGING_OUTPUT] update.0.child
2017-05-31 04:41:13,531: update.0.child      : update.0                        : update.0.child.subscriber._state_cb: DEBUG   : bulked unit.000004 [DONE] update.0.child
2017-05-31 04:41:13,531: update.0.child      : update.0                        : update.0.child.subscriber._state_cb: DEBUG   : bulked unit.000009 [DONE] update.0.child
2017-05-31 04:41:13,531: update.0.child      : update.0                        : update.0.child.subscriber._state_cb: DEBUG   : bulked unit.000013 [DONE] update.0.child
2017-05-31 04:41:14,427: update.0.child      : update.0                        : update.0.child.idler._idle_cb: DEBUG   : bulk update result: {'nModified': 16, 'nUpserted': 0, 'nMatched': 16, 'writeErrors': [], 'upserted': [], 'writeConcernErrors': [], 'nRemoved': 0, 'nInserted': 0}
2017-05-31 04:41:15,638: update.0.child      : update.0                        : update.0.child.subscriber._state_cb: DEBUG   : bulked unit.000011 [AGENT_STAGING_OUTPUT_PENDING] update.0.child
2017-05-31 04:41:15,737: update.0.child      : update.0                        : update.0.child.subscriber._state_cb: DEBUG   : bulk update result: {'nModified': 1, 'nUpserted': 0, 'nMatched': 1, 'writeErrors': [], 'upserted': [], 'writeConcernErrors': [], 'nRemoved': 0, 'nInserted': 0}
2017-05-31 04:41:16,845: update.0.child      : update.0                        : update.0.child.subscriber._state_cb: DEBUG   : bulked unit.000011 [AGENT_STAGING_OUTPUT] update.0.child
2017-05-31 04:41:16,945: update.0.child      : update.0                        : update.0.child.subscriber._state_cb: DEBUG   : bulk update result: {'nModified': 1, 'nUpserted': 0, 'nMatched': 1, 'writeErrors': [], 'upserted': [], 'writeConcernErrors': [], 'nRemoved': 0, 'nInserted': 0}
2017-05-31 04:41:16,946: update.0.child      : update.0                        : update.0.child.subscriber._state_cb: DEBUG   : bulked unit.000011 [UMGR_STAGING_OUTPUT_PENDING] update.0.child
2017-05-31 04:41:17,149: update.0.child      : update.0                        : update.0.child.subscriber._state_cb: DEBUG   : bulked unit.000011 [UMGR_STAGING_OUTPUT_PENDING] update.0.child
2017-05-31 04:41:17,151: update.0.child      : update.0                        : update.0.child.subscriber._state_cb: DEBUG   : bulked unit.000011 [UMGR_STAGING_OUTPUT] update.0.child
2017-05-31 04:41:17,152: update.0.child      : update.0                        : update.0.child.subscriber._state_cb: DEBUG   : bulked unit.000011 [DONE] update.0.child
2017-05-31 04:41:18,053: update.0.child      : update.0                        : update.0.child.subscriber._state_cb: DEBUG   : bulked unit.000015 [AGENT_STAGING_OUTPUT_PENDING] update.0.child
2017-05-31 04:41:18,153: update.0.child      : update.0                        : update.0.child.subscriber._state_cb: DEBUG   : bulk update result: {'nModified': 5, 'nUpserted': 0, 'nMatched': 5, 'writeErrors': [], 'upserted': [], 'writeConcernErrors': [], 'nRemoved': 0, 'nInserted': 0}
2017-05-31 04:41:18,154: update.0.child      : update.0                        : update.0.child.subscriber._state_cb: DEBUG   : bulked unit.000015 [AGENT_STAGING_OUTPUT] update.0.child
2017-05-31 04:41:18,154: update.0.child      : update.0                        : update.0.child.subscriber._state_cb: DEBUG   : bulked unit.000015 [UMGR_STAGING_OUTPUT_PENDING] update.0.child
2017-05-31 04:41:18,155: update.0.child      : update.0                        : update.0.child.subscriber._state_cb: DEBUG   : bulked unit.000012 [AGENT_STAGING_OUTPUT_PENDING] update.0.child
2017-05-31 04:41:18,155: update.0.child      : update.0                        : update.0.child.subscriber._state_cb: DEBUG   : bulked unit.000012 [AGENT_STAGING_OUTPUT] update.0.child
2017-05-31 04:41:18,155: update.0.child      : update.0                        : update.0.child.subscriber._state_cb: DEBUG   : bulked unit.000012 [UMGR_STAGING_OUTPUT_PENDING] update.0.child
2017-05-31 04:41:18,479: update.0.child      : update.0                        : update.0.child.subscriber._state_cb: DEBUG   : bulked unit.000012 [UMGR_STAGING_OUTPUT_PENDING] update.0.child
2017-05-31 04:41:18,479: update.0.child      : update.0                        : update.0.child.subscriber._state_cb: DEBUG   : bulked unit.000015 [UMGR_STAGING_OUTPUT_PENDING] update.0.child
2017-05-31 04:41:18,482: update.0.child      : update.0                        : update.0.child.subscriber._state_cb: DEBUG   : bulked unit.000012 [UMGR_STAGING_OUTPUT] update.0.child
2017-05-31 04:41:18,483: update.0.child      : update.0                        : update.0.child.subscriber._state_cb: DEBUG   : bulked unit.000015 [UMGR_STAGING_OUTPUT] update.0.child
2017-05-31 04:41:18,483: update.0.child      : update.0                        : update.0.child.subscriber._state_cb: DEBUG   : bulked unit.000012 [DONE] update.0.child
2017-05-31 04:41:18,483: update.0.child      : update.0                        : update.0.child.subscriber._state_cb: DEBUG   : bulked unit.000015 [DONE] update.0.child
2017-05-31 04:41:19,360: update.0.child      : update.0                        : update.0.child.subscriber._state_cb: DEBUG   : bulked unit.000008 [AGENT_STAGING_OUTPUT_PENDING] update.0.child
2017-05-31 04:41:19,462: update.0.child      : update.0                        : update.0.child.subscriber._state_cb: DEBUG   : bulk update result: {'nModified': 12, 'nUpserted': 0, 'nMatched': 12, 'writeErrors': [], 'upserted': [], 'writeConcernErrors': [], 'nRemoved': 0, 'nInserted': 0}
2017-05-31 04:41:19,463: update.0.child      : update.0                        : update.0.child.subscriber._state_cb: DEBUG   : bulked unit.000008 [AGENT_STAGING_OUTPUT] update.0.child
2017-05-31 04:41:19,464: update.0.child      : update.0                        : update.0.child.subscriber._state_cb: DEBUG   : bulked unit.000008 [UMGR_STAGING_OUTPUT_PENDING] update.0.child
2017-05-31 04:41:19,785: update.0.child      : update.0                        : update.0.child.subscriber._state_cb: DEBUG   : bulked unit.000008 [UMGR_STAGING_OUTPUT_PENDING] update.0.child
2017-05-31 04:41:19,785: update.0.child      : update.0                        : update.0.child.subscriber._state_cb: DEBUG   : bulked unit.000005 [UMGR_STAGING_OUTPUT_PENDING] update.0.child
2017-05-31 04:41:19,786: update.0.child      : update.0                        : update.0.child.subscriber._state_cb: DEBUG   : bulked unit.000010 [UMGR_STAGING_OUTPUT_PENDING] update.0.child
2017-05-31 04:41:19,787: update.0.child      : update.0                        : update.0.child.subscriber._state_cb: DEBUG   : bulked unit.000008 [UMGR_STAGING_OUTPUT] update.0.child
2017-05-31 04:41:19,787: update.0.child      : update.0                        : update.0.child.subscriber._state_cb: DEBUG   : bulked unit.000005 [UMGR_STAGING_OUTPUT] update.0.child
2017-05-31 04:41:19,787: update.0.child      : update.0                        : update.0.child.subscriber._state_cb: DEBUG   : bulked unit.000010 [UMGR_STAGING_OUTPUT] update.0.child
2017-05-31 04:41:19,787: update.0.child      : update.0                        : update.0.child.subscriber._state_cb: DEBUG   : bulked unit.000008 [DONE] update.0.child
2017-05-31 04:41:19,787: update.0.child      : update.0                        : update.0.child.subscriber._state_cb: DEBUG   : bulked unit.000005 [DONE] update.0.child
2017-05-31 04:41:19,787: update.0.child      : update.0                        : update.0.child.subscriber._state_cb: DEBUG   : bulked unit.000010 [DONE] update.0.child
2017-05-31 04:41:20,568: update.0.child      : update.0                        : update.0.child.idler._idle_cb: DEBUG   : bulk update result: {'nModified': 11, 'nUpserted': 0, 'nMatched': 11, 'writeErrors': [], 'upserted': [], 'writeConcernErrors': [], 'nRemoved': 0, 'nInserted': 0}
2017-05-31 04:41:25,867: update.0.child      : update.0                        : update.0.child.subscriber._state_cb: DEBUG   : bulked unit.000007 [AGENT_STAGING_OUTPUT_PENDING] update.0.child
2017-05-31 04:41:25,966: update.0.child      : update.0                        : update.0.child.subscriber._state_cb: DEBUG   : bulk update result: {'nModified': 1, 'nUpserted': 0, 'nMatched': 1, 'writeErrors': [], 'upserted': [], 'writeConcernErrors': [], 'nRemoved': 0, 'nInserted': 0}
2017-05-31 04:41:27,171: update.0.child      : update.0                        : update.0.child.subscriber._state_cb: DEBUG   : bulked unit.000007 [AGENT_STAGING_OUTPUT] update.0.child
2017-05-31 04:41:27,271: update.0.child      : update.0                        : update.0.child.subscriber._state_cb: DEBUG   : bulk update result: {'nModified': 1, 'nUpserted': 0, 'nMatched': 1, 'writeErrors': [], 'upserted': [], 'writeConcernErrors': [], 'nRemoved': 0, 'nInserted': 0}
2017-05-31 04:41:27,272: update.0.child      : update.0                        : update.0.child.subscriber._state_cb: DEBUG   : bulked unit.000007 [UMGR_STAGING_OUTPUT_PENDING] update.0.child
2017-05-31 04:41:27,472: update.0.child      : update.0                        : update.0.child.subscriber._state_cb: DEBUG   : bulked unit.000007 [UMGR_STAGING_OUTPUT_PENDING] update.0.child
2017-05-31 04:41:27,474: update.0.child      : update.0                        : update.0.child.subscriber._state_cb: DEBUG   : bulked unit.000007 [UMGR_STAGING_OUTPUT] update.0.child
2017-05-31 04:41:27,474: update.0.child      : update.0                        : update.0.child.subscriber._state_cb: DEBUG   : bulked unit.000007 [DONE] update.0.child
2017-05-31 04:41:28,474: update.0.child      : update.0                        : update.0.child.subscriber._state_cb: DEBUG   : bulked unit.000003 [AGENT_STAGING_OUTPUT_PENDING] update.0.child
2017-05-31 04:41:28,575: update.0.child      : update.0                        : update.0.child.subscriber._state_cb: DEBUG   : bulk update result: {'nModified': 5, 'nUpserted': 0, 'nMatched': 5, 'writeErrors': [], 'upserted': [], 'writeConcernErrors': [], 'nRemoved': 0, 'nInserted': 0}
2017-05-31 04:41:29,777: update.0.child      : update.0                        : update.0.child.subscriber._state_cb: DEBUG   : bulked unit.000003 [AGENT_STAGING_OUTPUT] update.0.child
2017-05-31 04:41:29,877: update.0.child      : update.0                        : update.0.child.subscriber._state_cb: DEBUG   : bulk update result: {'nModified': 1, 'nUpserted': 0, 'nMatched': 1, 'writeErrors': [], 'upserted': [], 'writeConcernErrors': [], 'nRemoved': 0, 'nInserted': 0}
2017-05-31 04:41:29,877: update.0.child      : update.0                        : update.0.child.subscriber._state_cb: DEBUG   : bulked unit.000003 [UMGR_STAGING_OUTPUT_PENDING] update.0.child
2017-05-31 04:41:30,078: update.0.child      : update.0                        : update.0.child.subscriber._state_cb: DEBUG   : bulked unit.000003 [UMGR_STAGING_OUTPUT_PENDING] update.0.child
2017-05-31 04:41:30,080: update.0.child      : update.0                        : update.0.child.subscriber._state_cb: DEBUG   : bulked unit.000003 [UMGR_STAGING_OUTPUT] update.0.child
2017-05-31 04:41:30,080: update.0.child      : update.0                        : update.0.child.subscriber._state_cb: DEBUG   : bulked unit.000003 [DONE] update.0.child
2017-05-31 04:41:31,696: update.0.child      : update.0                        : update.0.child.idler._idle_cb: DEBUG   : bulk update result: {'nModified': 4, 'nUpserted': 0, 'nMatched': 4, 'writeErrors': [], 'upserted': [], 'writeConcernErrors': [], 'nRemoved': 0, 'nInserted': 0}
2017-05-31 04:41:35,276: update.0.child      : update.0                        : update.0.child.subscriber._state_cb: DEBUG   : bulked pilot.0000 [CANCELED] update.0.child
2017-05-31 04:41:35,405: update.0.child      : update.0                        : update.0.child.subscriber._state_cb: DEBUG   : bulk update result: {'nModified': 1, 'nUpserted': 0, 'nMatched': 1, 'writeErrors': [], 'upserted': [], 'writeConcernErrors': [], 'nRemoved': 0, 'nInserted': 0}
2017-05-31 04:41:36,789: update.0.child      : update.0                        : MainThread     : DEBUG   : ru_finalize_common()
2017-05-31 04:41:36,789: update.0.child      : update.0                        : MainThread     : DEBUG   : TERM : update.0.child unregister publisher state_pubsub
2017-05-31 04:41:36,790: update.0.child      : update.0                        : MainThread     : DEBUG   : unregistered publisher state_pubsub
2017-05-31 04:41:36,790: update.0.child      : update.0                        : MainThread     : DEBUG   : TERM : update.0.child unregister publisher control_pubsub
2017-05-31 04:41:36,791: update.0.child      : update.0                        : MainThread     : DEBUG   : unregistered publisher control_pubsub
2017-05-31 04:41:36,791: update.0.child      : update.0                        : MainThread     : DEBUG   : update.0.child close prof
2017-05-31 04:41:36,892: update.0.child      : update.0                        : MainThread     : INFO    : parent stops child
2017-05-31 04:41:36,892: update.0.child      : update.0                        : MainThread     : DEBUG   : ru_finalize_parent (NOOP)
2017-05-31 04:41:36,892: update.0.child      : update.0                        : MainThread     : DEBUG   : ru_finalize_common (NOOP)
2017-05-31 04:41:37,231: update.0.child      : update.0                        : update.0.child.subscriber._cancel_monitor_cb: DEBUG   : ru_finalize_child (NOOP)
2017-05-31 04:41:37,231: update.0.child      : update.0                        : update.0.child.subscriber._cancel_monitor_cb: DEBUG   : ru_finalize_common (NOOP)
2017-05-31 04:41:37,232: update.0.child      : update.0                        : update.0.child.subscriber._cancel_monitor_cb: INFO    : send message: terminating
2017-05-31 04:41:37,258: update.0.child      : update.0                        : MainThread     : INFO    : parent stops child
2017-05-31 04:41:37,258: update.0.child      : update.0                        : MainThread     : DEBUG   : ru_finalize_parent (NOOP)
2017-05-31 04:41:37,258: update.0.child      : update.0                        : MainThread     : DEBUG   : ru_finalize_common (NOOP)
2017-05-31 04:41:37,407: update.0.child      : update.0                        : update.0.child.subscriber._state_cb: DEBUG   : ru_finalize_child (NOOP)
2017-05-31 04:41:37,408: update.0.child      : update.0                        : update.0.child.subscriber._state_cb: DEBUG   : ru_finalize_common (NOOP)
2017-05-31 04:41:37,408: update.0.child      : update.0                        : update.0.child.subscriber._state_cb: INFO    : send message: terminating
2017-05-31 04:41:37,423: update.0.child      : update.0                        : MainThread     : INFO    : parent stops child
2017-05-31 04:41:37,424: update.0.child      : update.0                        : MainThread     : DEBUG   : ru_finalize_parent (NOOP)
2017-05-31 04:41:37,424: update.0.child      : update.0                        : MainThread     : DEBUG   : ru_finalize_common (NOOP)
2017-05-31 04:41:37,511: update.0.child      : update.0                        : update.0.child.idler._idle_cb: DEBUG   : ru_finalize_child (NOOP)
2017-05-31 04:41:37,512: update.0.child      : update.0                        : update.0.child.idler._idle_cb: DEBUG   : ru_finalize_common (NOOP)
2017-05-31 04:41:37,512: update.0.child      : update.0                        : update.0.child.idler._idle_cb: INFO    : send message: terminating
