2017-10-27 05:40:42,317: control.pubsub.pub.0005: umgr.scheduling.0               : MainThread     : INFO    : python.interpreter   version: 2.7.12 (default, Nov 19 2016, 06:48:10) [GCC 5.4.0 20160609]
2017-10-27 05:40:42,318: control.pubsub.pub.0005: umgr.scheduling.0               : MainThread     : INFO    :                      pid: 30514
2017-10-27 05:40:42,318: control.pubsub.pub.0005: umgr.scheduling.0               : MainThread     : INFO    :                      tid: MainThread
2017-10-27 05:40:42,318: control.pubsub.pub.0005: umgr.scheduling.0               : MainThread     : INFO    : radical.pilot        version: 0.47-v0.46.2-133-g78e0b005@rc-v0.46.3
2017-10-27 05:40:42,318: control.pubsub.pub.0005: umgr.scheduling.0               : MainThread     : INFO    : create control_pubsub - pub - tcp://138.201.86.166:32872
2017-10-27 05:40:42,319: control.pubsub.pub.0005: umgr.scheduling.0               : MainThread     : DEBUG   : start process
2017-10-27 05:40:42,319: control.pubsub.pub.0005: umgr.scheduling.0               : MainThread     : DEBUG   : ru_initialize_common (NOOP)
2017-10-27 05:40:42,319: control.pubsub.pub.0005: umgr.scheduling.0               : MainThread     : DEBUG   : ru_initialize_parent (NOOP)
2017-10-27 05:40:42,319: control.pubsub.pub.0005: umgr.scheduling.0               : MainThread     : DEBUG   : process class started (no child)
2017-10-27 05:40:42,367: control.pubsub.pub.0005: MainProcess                     : MainThread     : INFO    : python.interpreter   version: 2.7.12 (default, Nov 19 2016, 06:48:10) [GCC 5.4.0 20160609]
2017-10-27 05:40:42,367: control.pubsub.pub.0005: MainProcess                     : MainThread     : INFO    :                      pid: 30105
2017-10-27 05:40:42,367: control.pubsub.pub.0005: MainProcess                     : MainThread     : INFO    :                      tid: MainThread
2017-10-27 05:40:42,368: control.pubsub.pub.0005: MainProcess                     : MainThread     : INFO    : radical.pilot        version: 0.47-v0.46.2-133-g78e0b005@rc-v0.46.3
2017-10-27 05:40:42,368: control.pubsub.pub.0005: MainProcess                     : MainThread     : INFO    : create control_pubsub - pub - tcp://138.201.86.166:32872
2017-10-27 05:40:42,368: control.pubsub.pub.0005: MainProcess                     : MainThread     : DEBUG   : start process
2017-10-27 05:40:42,369: control.pubsub.pub.0005: MainProcess                     : MainThread     : DEBUG   : ru_initialize_common (NOOP)
2017-10-27 05:40:42,369: control.pubsub.pub.0005: MainProcess                     : MainThread     : DEBUG   : ru_initialize_parent (NOOP)
2017-10-27 05:40:42,369: control.pubsub.pub.0005: MainProcess                     : MainThread     : DEBUG   : process class started (no child)
2017-10-27 07:05:22,537: control.pubsub.pub.0005: umgr.scheduling.0               : MainThread     : INFO    : parent stops child  30514 -> None [control.pubsub.pub.0005]
2017-10-27 07:05:22,537: control.pubsub.pub.0005: umgr.scheduling.0               : MainThread     : DEBUG   : ru_finalize_parent (NOOP)
