2017-10-14 18:59:34,334: pmgr.launching.0    : MainProcess                     : MainThread     : INFO    : python.interpreter   version: 2.7.12 (default, Nov 19 2016, 06:48:10) [GCC 5.4.0 20160609]
2017-10-14 18:59:34,334: pmgr.launching.0    : MainProcess                     : MainThread     : INFO    :                      pid: 21337
2017-10-14 18:59:34,334: pmgr.launching.0    : MainProcess                     : MainThread     : INFO    :                      tid: MainThread
2017-10-14 18:59:34,335: pmgr.launching.0    : MainProcess                     : MainThread     : INFO    : radical.pilot        version: 0.47-v0.46.2-133-g78e0b005@rc-v0.46.3
2017-10-14 18:59:34,337: pmgr.launching.0    : MainProcess                     : MainThread     : DEBUG   : alive check in term
2017-10-14 18:59:34,337: pmgr.launching.0    : MainProcess                     : MainThread     : DEBUG   : start process
2017-10-14 18:59:34,577: pmgr.launching.0    : MainProcess                     : MainThread     : INFO    : recv message: alive
2017-10-14 18:59:34,577: pmgr.launching.0    : MainProcess                     : MainThread     : INFO    : initialize pmgr.launching.0
2017-10-14 18:59:34,581: pmgr.launching.0    : MainProcess                     : MainThread     : INFO    : cfg: {'agents': {},
 u'bridges': {u'control_pubsub': {'addr_in': 'tcp://138.201.86.166:36655',
                                  'addr_out': 'tcp://138.201.86.166:38614',
                                  u'bulk_size': 0,
                                  u'log_level': u'debug',
                                  u'stall_hwm': 1},
              u'log_pubsub': {'addr_in': 'tcp://138.201.86.166:39452',
                              'addr_out': 'tcp://138.201.86.166:39651',
                              u'bulk_size': 0,
                              u'log_level': u'debug',
                              u'stall_hwm': 1},
              u'pmgr_launching_queue': {'addr_in': 'tcp://138.201.86.166:42251',
                                        'addr_out': 'tcp://138.201.86.166:42240',
                                        u'bulk_size': 0,
                                        u'log_level': u'debug',
                                        u'stall_hwm': 1},
              u'state_pubsub': {'addr_in': 'tcp://138.201.86.166:42960',
                                'addr_out': 'tcp://138.201.86.166:34213',
                                u'bulk_size': 0,
                                u'log_level': u'debug',
                                u'stall_hwm': 1}},
 'cname': u'PMGRLaunchingComponent',
 u'components': {},
 u'count': 1,
 u'db_poll_sleeptime': 1.0,
 'number': 0,
 'owner': 'pmgr.0000',
 'uid': 'pmgr.0000'}
2017-10-14 18:59:34,581: pmgr.launching.0    : MainProcess                     : MainThread     : DEBUG   : alive check in term
2017-10-14 18:59:34,581: pmgr.launching.0    : MainProcess                     : MainThread     : DEBUG   : START: pmgr.launching.0 register publisher log_pubsub
2017-10-14 18:59:34,582: pmgr.launching.0    : MainProcess                     : MainThread     : DEBUG   : using addr tcp://138.201.86.166:39452 for pubsub log_pubsub
2017-10-14 18:59:34,585: pmgr.launching.0    : MainProcess                     : MainThread     : DEBUG   : registered publisher : log_pubsub : log.pubsub.pub.0001
2017-10-14 18:59:34,585: pmgr.launching.0    : MainProcess                     : MainThread     : DEBUG   : alive check in term
2017-10-14 18:59:34,585: pmgr.launching.0    : MainProcess                     : MainThread     : DEBUG   : START: pmgr.launching.0 register publisher state_pubsub
2017-10-14 18:59:34,585: pmgr.launching.0    : MainProcess                     : MainThread     : DEBUG   : using addr tcp://138.201.86.166:42960 for pubsub state_pubsub
2017-10-14 18:59:34,589: pmgr.launching.0    : MainProcess                     : MainThread     : DEBUG   : registered publisher : state_pubsub : state.pubsub.pub.0001
2017-10-14 18:59:34,589: pmgr.launching.0    : MainProcess                     : MainThread     : DEBUG   : alive check in term
2017-10-14 18:59:34,589: pmgr.launching.0    : MainProcess                     : MainThread     : DEBUG   : START: pmgr.launching.0 register publisher control_pubsub
2017-10-14 18:59:34,589: pmgr.launching.0    : MainProcess                     : MainThread     : DEBUG   : using addr tcp://138.201.86.166:36655 for pubsub control_pubsub
2017-10-14 18:59:34,592: pmgr.launching.0    : MainProcess                     : MainThread     : DEBUG   : registered publisher : control_pubsub : control.pubsub.pub.0001
2017-10-14 18:59:34,592: pmgr.launching.0    : MainProcess                     : MainThread     : DEBUG   : parent name: pmgr.launching.0.watch
2017-10-14 18:59:34,593: pmgr.launching.0    : MainProcess                     : MainThread     : DEBUG   : start thread
2017-10-14 18:59:34,593: pmgr.launching.0    : MainProcess                     : pmgr.launching.0.watch: DEBUG   : child name: pmgr.launching.0.watch.thread
2017-10-14 18:59:34,593: pmgr.launching.0    : MainProcess                     : pmgr.launching.0.watch: INFO    : child (me) initializing
2017-10-14 18:59:34,594: pmgr.launching.0    : MainProcess                     : pmgr.launching.0.watch: DEBUG   : ru_initialize_common (NOOP)
2017-10-14 18:59:34,594: pmgr.launching.0    : MainProcess                     : pmgr.launching.0.watch: DEBUG   : ru_initialize_child (NOOP)
2017-10-14 18:59:34,594: pmgr.launching.0    : MainProcess                     : pmgr.launching.0.watch: INFO    : send alive
2017-10-14 18:59:34,594: pmgr.launching.0    : MainProcess                     : pmgr.launching.0.watch: INFO    : put message: [pmgr.launching.0.watch.thread] alive
2017-10-14 18:59:34,595: pmgr.launching.0    : MainProcess                     : MainThread     : INFO    : get msg: alive
2017-10-14 18:59:34,595: pmgr.launching.0    : MainProcess                     : MainThread     : DEBUG   : ru_initialize_common (NOOP)
2017-10-14 18:59:34,595: pmgr.launching.0    : MainProcess                     : MainThread     : DEBUG   : ru_initialize_parent (NOOP)
2017-10-14 18:59:34,595: pmgr.launching.0    : MainProcess                     : MainThread     : DEBUG   : child thread pmgr.launching.0.watch started
2017-10-14 18:59:34,595: pmgr.launching.0    : MainProcess                     : MainThread     : INFO    : child is alive
2017-10-14 18:59:34,595: pmgr.launching.0    : MainProcess                     : MainThread     : DEBUG   : process class started child
2017-10-15 01:38:36,659: pmgr.launching.0    : MainProcess                     : pmgr.launching.0.watch: INFO    : recv message: abort: KeyboardInterrupt()
2017-10-15 01:38:36,659: pmgr.launching.0    : MainProcess                     : pmgr.launching.0.watch: INFO    : message received: abort: KeyboardInterrupt()
2017-10-15 01:38:36,862: pmgr.launching.0    : MainProcess                     : pmgr.launching.0.watch: INFO    : recv message: 
2017-10-15 01:38:36,863: pmgr.launching.0    : MainProcess                     : pmgr.launching.0.watch: INFO    : message received: 
2017-10-15 01:38:36,864: pmgr.launching.0    : MainProcess                     : pmgr.launching.0.watch: WARNING : message received is an empty string, assuming parent closed endpoint
2017-10-15 01:38:36,864: pmgr.launching.0    : MainProcess                     : pmgr.launching.0.watch: INFO    : watcher closes
2017-10-15 01:38:36,865: pmgr.launching.0    : MainProcess                     : pmgr.launching.0.watch: INFO    : put message: [pmgr.launching.0.watch.thread] work finished
2017-10-15 01:38:36,865: pmgr.launching.0    : MainProcess                     : pmgr.launching.0.watch: DEBUG   : ru_finalize_child (NOOP)
2017-10-15 01:38:36,865: pmgr.launching.0    : MainProcess                     : pmgr.launching.0.watch: DEBUG   : ru_finalize_common (NOOP)
2017-10-15 01:38:36,865: pmgr.launching.0    : MainProcess                     : pmgr.launching.0.watch: INFO    : put message: [pmgr.launching.0.watch.thread] terminating
2017-10-15 01:38:39,408: pmgr.launching.0    : MainProcess                     : MainThread     : INFO    : stop pmgr.launching.0 (21337 : 21455 : MainThread) [radical.pilot.pilot_manager.PilotManager.finalize_parent]
2017-10-15 01:38:39,408: pmgr.launching.0    : MainProcess                     : MainThread     : INFO    : parent stops child  21337 -> 21455 [pmgr.launching.0]
2017-10-15 01:38:39,408: pmgr.launching.0    : MainProcess                     : MainThread     : INFO    : send message: [pmgr.launching.0] STOP
2017-10-15 01:38:39,408: pmgr.launching.0    : MainProcess                     : MainThread     : WARNING : send failed ([Errno 9] Bad file descriptor) - terminate
2017-10-15 01:38:39,408: pmgr.launching.0    : MainProcess                     : MainThread     : DEBUG   : ru_finalize_common()
2017-10-15 01:38:39,408: pmgr.launching.0    : MainProcess                     : MainThread     : DEBUG   : TERM : pmgr.launching.0 unregister publisher log_pubsub
2017-10-15 01:38:39,408: pmgr.launching.0    : MainProcess                     : MainThread     : DEBUG   : unregistered publisher log_pubsub
2017-10-15 01:38:39,409: pmgr.launching.0    : MainProcess                     : MainThread     : DEBUG   : TERM : pmgr.launching.0 unregister publisher state_pubsub
2017-10-15 01:38:39,409: pmgr.launching.0    : MainProcess                     : MainThread     : DEBUG   : unregistered publisher state_pubsub
2017-10-15 01:38:39,409: pmgr.launching.0    : MainProcess                     : MainThread     : DEBUG   : TERM : pmgr.launching.0 unregister publisher control_pubsub
2017-10-15 01:38:39,410: pmgr.launching.0    : MainProcess                     : MainThread     : DEBUG   : unregistered publisher control_pubsub
2017-10-15 01:38:39,410: pmgr.launching.0    : MainProcess                     : MainThread     : DEBUG   : pmgr.launching.0 close prof
2017-10-15 01:38:39,493: pmgr.launching.0    : MainProcess                     : MainThread     : INFO    : parent stops child
2017-10-15 01:38:39,493: pmgr.launching.0    : MainProcess                     : MainThread     : DEBUG   : ru_finalize_parent (NOOP)
2017-10-15 01:38:39,493: pmgr.launching.0    : MainProcess                     : MainThread     : DEBUG   : ru_finalize_common (NOOP)
2017-10-15 01:38:41,493: pmgr.launching.0    : MainProcess                     : MainThread     : WARNING : failed to stop child - terminate: 21337 -> 21455 [pmgr.launching.0]
2017-10-15 01:38:41,835: pmgr.launching.0    : MainProcess                     : MainThread     : INFO    : stop pmgr.launching.0 (21337 : 21455 : MainThread) [radical.pilot.utils.component.PilotManager.ru_finalize_common]
