2017-04-06 17:16:36,902: umgr.staging.output.queue.bridge: MainProcess                     : MainThread     : INFO    : python.interpreter   version: 2.7.12 (default, Nov 19 2016, 06:48:10) [GCC 5.4.0 20160609]
2017-04-06 17:16:36,903: umgr.staging.output.queue.bridge: MainProcess                     : MainThread     : INFO    :                      pid: 20426
2017-04-06 17:16:36,903: umgr.staging.output.queue.bridge: MainProcess                     : MainThread     : INFO    :                      tid: MainThread
2017-04-06 17:16:36,903: umgr.staging.output.queue.bridge: MainProcess                     : MainThread     : INFO    : radical.pilot        version: split-36-g9e2f445f@devel
2017-04-06 17:16:36,903: umgr.staging.output.queue.bridge: MainProcess                     : MainThread     : INFO    : create umgr_staging_output_queue - bridge - tcp://*:*
2017-04-06 17:16:36,910: umgr.staging.output.queue.bridge: umgr.staging.output.queue.bridge: MainThread     : INFO    : start bridge umgr.staging.output.queue.bridge on tcp://*:*
2017-04-06 17:16:36,911: umgr.staging.output.queue.bridge: umgr.staging.output.queue.bridge: MainThread     : INFO    : bound bridge umgr.staging.output.queue.bridge to tcp://0.0.0.0:33262 : tcp://0.0.0.0:38083
2017-04-09 03:01:00,754: umgr.staging.output.queue.bridge: umgr.staging.output.queue.bridge: MainThread     : DEBUG   : sent  1 [hwm: 1]
2017-04-09 03:01:15,551: umgr.staging.output.queue.bridge: umgr.staging.output.queue.bridge: MainThread     : DEBUG   : sent  1 [hwm: 1]
2017-04-09 03:01:19,868: umgr.staging.output.queue.bridge: umgr.staging.output.queue.bridge: MainThread     : DEBUG   : sent  1 [hwm: 1]
2017-04-09 03:01:25,366: umgr.staging.output.queue.bridge: umgr.staging.output.queue.bridge: MainThread     : DEBUG   : sent  1 [hwm: 1]
2017-04-09 03:01:30,687: umgr.staging.output.queue.bridge: umgr.staging.output.queue.bridge: MainThread     : DEBUG   : sent  1 [hwm: 1]
2017-04-09 03:01:34,986: umgr.staging.output.queue.bridge: umgr.staging.output.queue.bridge: MainThread     : DEBUG   : sent  1 [hwm: 1]
2017-04-09 03:01:40,460: umgr.staging.output.queue.bridge: umgr.staging.output.queue.bridge: MainThread     : DEBUG   : sent  1 [hwm: 1]
2017-04-09 03:01:45,769: umgr.staging.output.queue.bridge: umgr.staging.output.queue.bridge: MainThread     : DEBUG   : sent  1 [hwm: 1]
2017-04-09 03:01:50,168: umgr.staging.output.queue.bridge: umgr.staging.output.queue.bridge: MainThread     : DEBUG   : sent  1 [hwm: 1]
2017-04-09 03:01:56,176: umgr.staging.output.queue.bridge: umgr.staging.output.queue.bridge: MainThread     : DEBUG   : sent  1 [hwm: 1]
2017-04-09 03:02:00,667: umgr.staging.output.queue.bridge: umgr.staging.output.queue.bridge: MainThread     : DEBUG   : sent  1 [hwm: 1]
2017-04-09 03:02:05,900: umgr.staging.output.queue.bridge: umgr.staging.output.queue.bridge: MainThread     : DEBUG   : sent  1 [hwm: 1]
2017-04-09 03:02:11,274: umgr.staging.output.queue.bridge: umgr.staging.output.queue.bridge: MainThread     : DEBUG   : sent  1 [hwm: 1]
2017-04-09 03:02:15,804: umgr.staging.output.queue.bridge: umgr.staging.output.queue.bridge: MainThread     : DEBUG   : sent  1 [hwm: 1]
2017-04-09 03:02:21,243: umgr.staging.output.queue.bridge: umgr.staging.output.queue.bridge: MainThread     : DEBUG   : sent  1 [hwm: 1]
2017-04-09 03:02:26,545: umgr.staging.output.queue.bridge: umgr.staging.output.queue.bridge: MainThread     : DEBUG   : sent  1 [hwm: 1]
2017-04-09 03:02:30,939: umgr.staging.output.queue.bridge: umgr.staging.output.queue.bridge: MainThread     : DEBUG   : sent  1 [hwm: 1]
2017-04-09 03:02:36,308: umgr.staging.output.queue.bridge: umgr.staging.output.queue.bridge: MainThread     : DEBUG   : sent  1 [hwm: 1]
2017-04-09 03:02:40,585: umgr.staging.output.queue.bridge: umgr.staging.output.queue.bridge: MainThread     : DEBUG   : sent  1 [hwm: 1]
2017-04-09 03:02:46,132: umgr.staging.output.queue.bridge: umgr.staging.output.queue.bridge: MainThread     : DEBUG   : sent  1 [hwm: 1]
2017-04-09 03:02:51,623: umgr.staging.output.queue.bridge: umgr.staging.output.queue.bridge: MainThread     : DEBUG   : sent  1 [hwm: 1]
2017-04-09 03:02:56,629: umgr.staging.output.queue.bridge: umgr.staging.output.queue.bridge: MainThread     : DEBUG   : sent  1 [hwm: 1]
2017-04-09 03:03:01,091: umgr.staging.output.queue.bridge: umgr.staging.output.queue.bridge: MainThread     : DEBUG   : sent  1 [hwm: 1]
2017-04-09 03:03:06,441: umgr.staging.output.queue.bridge: umgr.staging.output.queue.bridge: MainThread     : DEBUG   : sent  1 [hwm: 1]
2017-04-09 03:03:11,745: umgr.staging.output.queue.bridge: umgr.staging.output.queue.bridge: MainThread     : DEBUG   : sent  1 [hwm: 1]
2017-04-09 03:03:17,105: umgr.staging.output.queue.bridge: umgr.staging.output.queue.bridge: MainThread     : DEBUG   : sent  1 [hwm: 1]
2017-04-09 03:03:21,131: umgr.staging.output.queue.bridge: umgr.staging.output.queue.bridge: MainThread     : DEBUG   : sent  1 [hwm: 1]
2017-04-09 03:03:26,541: umgr.staging.output.queue.bridge: umgr.staging.output.queue.bridge: MainThread     : DEBUG   : sent  1 [hwm: 1]
2017-04-09 03:03:31,787: umgr.staging.output.queue.bridge: umgr.staging.output.queue.bridge: MainThread     : DEBUG   : sent  1 [hwm: 1]
2017-04-09 03:03:36,342: umgr.staging.output.queue.bridge: umgr.staging.output.queue.bridge: MainThread     : DEBUG   : sent  1 [hwm: 1]
2017-04-09 03:03:41,697: umgr.staging.output.queue.bridge: umgr.staging.output.queue.bridge: MainThread     : DEBUG   : sent  1 [hwm: 1]
2017-04-09 03:03:47,062: umgr.staging.output.queue.bridge: umgr.staging.output.queue.bridge: MainThread     : DEBUG   : sent  1 [hwm: 1]
2017-04-09 03:03:51,513: umgr.staging.output.queue.bridge: umgr.staging.output.queue.bridge: MainThread     : DEBUG   : sent  1 [hwm: 1]
2017-04-09 03:03:56,744: umgr.staging.output.queue.bridge: umgr.staging.output.queue.bridge: MainThread     : DEBUG   : sent  1 [hwm: 1]
2017-04-09 03:04:02,169: umgr.staging.output.queue.bridge: umgr.staging.output.queue.bridge: MainThread     : DEBUG   : sent  1 [hwm: 1]
2017-04-09 03:04:07,655: umgr.staging.output.queue.bridge: umgr.staging.output.queue.bridge: MainThread     : DEBUG   : sent  1 [hwm: 1]
2017-04-09 03:04:11,988: umgr.staging.output.queue.bridge: umgr.staging.output.queue.bridge: MainThread     : DEBUG   : sent  1 [hwm: 1]
2017-04-09 03:04:17,269: umgr.staging.output.queue.bridge: umgr.staging.output.queue.bridge: MainThread     : DEBUG   : sent  1 [hwm: 1]
2017-04-09 03:04:20,943: umgr.staging.output.queue.bridge: umgr.staging.output.queue.bridge: MainThread     : DEBUG   : sent  1 [hwm: 1]
2017-04-09 03:04:23,004: umgr.staging.output.queue.bridge: umgr.staging.output.queue.bridge: MainThread     : DEBUG   : sent  1 [hwm: 1]
2017-04-09 03:04:26,418: umgr.staging.output.queue.bridge: umgr.staging.output.queue.bridge: MainThread     : DEBUG   : sent  1 [hwm: 1]
2017-04-09 03:04:31,034: umgr.staging.output.queue.bridge: umgr.staging.output.queue.bridge: MainThread     : DEBUG   : sent  1 [hwm: 1]
2017-04-09 03:04:35,742: umgr.staging.output.queue.bridge: umgr.staging.output.queue.bridge: MainThread     : DEBUG   : sent  1 [hwm: 1]
2017-04-09 03:04:39,253: umgr.staging.output.queue.bridge: umgr.staging.output.queue.bridge: MainThread     : DEBUG   : sent  1 [hwm: 1]
2017-04-09 03:04:44,188: umgr.staging.output.queue.bridge: umgr.staging.output.queue.bridge: MainThread     : DEBUG   : sent  1 [hwm: 1]
2017-04-09 03:04:48,697: umgr.staging.output.queue.bridge: umgr.staging.output.queue.bridge: MainThread     : DEBUG   : sent  1 [hwm: 1]
2017-04-09 03:04:53,187: umgr.staging.output.queue.bridge: umgr.staging.output.queue.bridge: MainThread     : DEBUG   : sent  1 [hwm: 1]
2017-04-09 03:04:57,815: umgr.staging.output.queue.bridge: umgr.staging.output.queue.bridge: MainThread     : DEBUG   : sent  1 [hwm: 1]
2017-04-09 03:05:03,678: umgr.staging.output.queue.bridge: umgr.staging.output.queue.bridge: MainThread     : DEBUG   : sent  1 [hwm: 1]
2017-04-09 03:05:07,771: umgr.staging.output.queue.bridge: umgr.staging.output.queue.bridge: MainThread     : DEBUG   : sent  1 [hwm: 1]
2017-04-09 03:05:13,441: umgr.staging.output.queue.bridge: umgr.staging.output.queue.bridge: MainThread     : DEBUG   : sent  1 [hwm: 1]
2017-04-09 03:05:18,628: umgr.staging.output.queue.bridge: umgr.staging.output.queue.bridge: MainThread     : DEBUG   : sent  1 [hwm: 1]
2017-04-09 03:05:22,944: umgr.staging.output.queue.bridge: umgr.staging.output.queue.bridge: MainThread     : DEBUG   : sent  1 [hwm: 1]
2017-04-09 03:05:28,179: umgr.staging.output.queue.bridge: umgr.staging.output.queue.bridge: MainThread     : DEBUG   : sent  1 [hwm: 1]
2017-04-09 03:05:33,775: umgr.staging.output.queue.bridge: umgr.staging.output.queue.bridge: MainThread     : DEBUG   : sent  1 [hwm: 1]
2017-04-09 03:05:38,041: umgr.staging.output.queue.bridge: umgr.staging.output.queue.bridge: MainThread     : DEBUG   : sent  1 [hwm: 1]
2017-04-09 03:05:43,615: umgr.staging.output.queue.bridge: umgr.staging.output.queue.bridge: MainThread     : DEBUG   : sent  1 [hwm: 1]
2017-04-09 03:05:47,944: umgr.staging.output.queue.bridge: umgr.staging.output.queue.bridge: MainThread     : DEBUG   : sent  1 [hwm: 1]
2017-04-09 03:05:53,285: umgr.staging.output.queue.bridge: umgr.staging.output.queue.bridge: MainThread     : DEBUG   : sent  1 [hwm: 1]
2017-04-09 03:05:59,708: umgr.staging.output.queue.bridge: umgr.staging.output.queue.bridge: MainThread     : DEBUG   : sent  1 [hwm: 1]
2017-04-09 03:06:03,976: umgr.staging.output.queue.bridge: umgr.staging.output.queue.bridge: MainThread     : DEBUG   : sent  1 [hwm: 1]
2017-04-09 03:06:09,273: umgr.staging.output.queue.bridge: umgr.staging.output.queue.bridge: MainThread     : DEBUG   : sent  1 [hwm: 1]
2017-04-09 03:06:15,731: umgr.staging.output.queue.bridge: umgr.staging.output.queue.bridge: MainThread     : DEBUG   : sent  1 [hwm: 1]
2017-04-09 03:06:22,216: umgr.staging.output.queue.bridge: umgr.staging.output.queue.bridge: MainThread     : DEBUG   : sent  1 [hwm: 1]
2017-04-09 03:06:37,170: umgr.staging.output.queue.bridge: umgr.staging.output.queue.bridge: MainThread     : DEBUG   : sent  1 [hwm: 1]
2017-04-09 03:06:47,073: umgr.staging.output.queue.bridge: umgr.staging.output.queue.bridge: MainThread     : DEBUG   : sent  1 [hwm: 1]
2017-04-09 03:06:54,698: umgr.staging.output.queue.bridge: umgr.staging.output.queue.bridge: MainThread     : WARNING : bridge intr
2017-04-09 03:06:54,698: umgr.staging.output.queue.bridge: umgr.staging.output.queue.bridge: MainThread     : DEBUG   : bridge final
