Log file opened on Sun Sep 17 20:51:25 2017
Host: d12chas578.crc.nd.edu  pid: 20684  rank ID: 0  number of ranks:  1
GROMACS:    gmx mdrun, VERSION 5.0

GROMACS is written by:
Emile Apol         Rossen Apostolov   Herman J.C. Berendsen Par Bjelkmar       
Aldert van Buuren  Rudi van Drunen    Anton Feenstra     Sebastian Fritsch  
Gerrit Groenhof    Christoph Junghans Peter Kasson       Carsten Kutzner    
Per Larsson        Justin A. Lemkul   Magnus Lundborg    Pieter Meulenhoff  
Erik Marklund      Teemu Murtola      Szilard Pall       Sander Pronk       
Roland Schulz      Alexey Shvetsov    Michael Shirts     Alfons Sijbers     
Peter Tieleman     Christian Wennberg Maarten Wolf       
and the project leaders:
Mark Abraham, Berk Hess, Erik Lindahl, and David van der Spoel

Copyright (c) 1991-2000, University of Groningen, The Netherlands.
Copyright (c) 2001-2014, The GROMACS development team at
Uppsala University, Stockholm University and
the Royal Institute of Technology, Sweden.
check out http://www.gromacs.org for more information.

GROMACS is free software; you can redistribute it and/or modify it
under the terms of the GNU Lesser General Public License
as published by the Free Software Foundation; either version 2.1
of the License, or (at your option) any later version.

GROMACS:      gmx mdrun, VERSION 5.0
Executable:   /cvmfs/oasis.opensciencegrid.org/osg/modules/gromacs/5.0.0/bin/gmx
Library dir:  /cvmfs/oasis.opensciencegrid.org/osg/modules/gromacs/5.0.0/share/gromacs/top
Command line:
  gmx mdrun -ntomp 1 -nt 1 -s out.tpr -c out.gro

Gromacs version:    VERSION 5.0
Precision:          single
Memory model:       64 bit
MPI library:        thread_mpi
OpenMP support:     enabled
GPU support:        disabled
invsqrt routine:    gmx_software_invsqrt(x)
SIMD instructions:  SSE4.1
FFT library:        fftw-3.3.4-sse2
RDTSCP usage:       disabled
C++11 compilation:  disabled
TNG support:        enabled
Tracing support:    disabled
Built on:           Mon Aug 25 12:33:03 CDT 2014
Built by:           sthapa@itb2.uchicago.edu [CMAKE]
Build OS/arch:      Linux 2.6.32-431.1.2.el6.x86_64 x86_64
Build CPU vendor:   GenuineIntel
Build CPU brand:    Intel(R) Xeon(R) CPU           E5440  @ 2.83GHz
Build CPU family:   6   Model: 23   Stepping: 6
Build CPU features: apic clfsh cmov cx8 cx16 lahf_lm mmx msr pdcm pse sse2 sse3 sse4.1 ssse3
C compiler:         /usr/bin/gcc GNU 4.4.7
C compiler flags:    -msse4.1   -Wno-maybe-uninitialized -Wextra -Wno-missing-field-initializers -Wno-sign-compare -Wpointer-arith -Wall -Wno-unused -Wunused-value -Wunused-parameter   -fomit-frame-pointer -funroll-all-loops  -Wno-array-bounds  -O3 -DNDEBUG
C++ compiler:       /usr/bin/c++ GNU 4.4.7
C++ compiler flags:  -msse4.1   -Wextra -Wno-missing-field-initializers -Wpointer-arith -Wall -Wno-unused-function   -fomit-frame-pointer -funroll-all-loops  -Wno-array-bounds  -O3 -DNDEBUG
Boost version:      1.55.0 (internal)



++++ PLEASE READ AND CITE THE FOLLOWING REFERENCE ++++
B. Hess and C. Kutzner and D. van der Spoel and E. Lindahl
GROMACS 4: Algorithms for highly efficient, load-balanced, and scalable
molecular simulation
J. Chem. Theory Comput. 4 (2008) pp. 435-447
-------- -------- --- Thank You --- -------- --------


++++ PLEASE READ AND CITE THE FOLLOWING REFERENCE ++++
D. van der Spoel, E. Lindahl, B. Hess, G. Groenhof, A. E. Mark and H. J. C.
Berendsen
GROMACS: Fast, Flexible and Free
J. Comp. Chem. 26 (2005) pp. 1701-1719
-------- -------- --- Thank You --- -------- --------


++++ PLEASE READ AND CITE THE FOLLOWING REFERENCE ++++
E. Lindahl and B. Hess and D. van der Spoel
GROMACS 3.0: A package for molecular simulation and trajectory analysis
J. Mol. Mod. 7 (2001) pp. 306-317
-------- -------- --- Thank You --- -------- --------


++++ PLEASE READ AND CITE THE FOLLOWING REFERENCE ++++
H. J. C. Berendsen, D. van der Spoel and R. van Drunen
GROMACS: A message-passing parallel molecular dynamics implementation
Comp. Phys. Comm. 91 (1995) pp. 43-56
-------- -------- --- Thank You --- -------- --------

Input Parameters:
   integrator                     = md
   tinit                          = 0
   dt                             = 0.002
   nsteps                         = 100000
   init-step                      = 0
   simulation-part                = 1
   comm-mode                      = Linear
   nstcomm                        = 100
   bd-fric                        = 0
   ld-seed                        = 2220138258
   emtol                          = 10
   emstep                         = 0.01
   niter                          = 20
   fcstep                         = 0
   nstcgsteep                     = 1000
   nbfgscorr                      = 10
   rtpi                           = 0.05
   nstxout                        = 0
   nstvout                        = 0
   nstfout                        = 0
   nstlog                         = 5000
   nstcalcenergy                  = 100
   nstenergy                      = 0
   nstxout-compressed             = 0
   compressed-x-precision         = 1000
   cutoff-scheme                  = Verlet
   nstlist                        = 20
   ns-type                        = Grid
   pbc                            = xyz
   periodic-molecules             = FALSE
   verlet-buffer-tolerance        = 0.005
   rlist                          = 1.041
   rlistlong                      = 1.041
   nstcalclr                      = 20
   coulombtype                    = PME
   coulomb-modifier               = Potential-shift
   rcoulomb-switch                = 0
   rcoulomb                       = 1
   epsilon-r                      = 1
   epsilon-rf                     = inf
   vdw-type                       = PME
   vdw-modifier                   = Potential-shift
   rvdw-switch                    = 0
   rvdw                           = 1
   DispCorr                       = No
   table-extension                = 1
   fourierspacing                 = 0.1
   fourier-nx                     = 52
   fourier-ny                     = 52
   fourier-nz                     = 52
   pme-order                      = 4
   ewald-rtol                     = 1e-05
   ewald-rtol-lj                  = 0.001
   lj-pme-comb-rule               = Geometric
   ewald-geometry                 = 0
   epsilon-surface                = 0
   implicit-solvent               = No
   gb-algorithm                   = Still
   nstgbradii                     = 1
   rgbradii                       = 1
   gb-epsilon-solvent             = 80
   gb-saltconc                    = 0
   gb-obc-alpha                   = 1
   gb-obc-beta                    = 0.8
   gb-obc-gamma                   = 4.85
   gb-dielectric-offset           = 0.009
   sa-algorithm                   = Ace-approximation
   sa-surface-tension             = 2.05016
   tcoupl                         = V-rescale
   nsttcouple                     = 20
   nh-chain-length                = 0
   print-nose-hoover-chain-variables = FALSE
   pcoupl                         = No
   pcoupltype                     = Isotropic
   nstpcouple                     = -1
   tau-p                          = 1
   compressibility (3x3):
      compressibility[    0]={ 0.00000e+00,  0.00000e+00,  0.00000e+00}
      compressibility[    1]={ 0.00000e+00,  0.00000e+00,  0.00000e+00}
      compressibility[    2]={ 0.00000e+00,  0.00000e+00,  0.00000e+00}
   ref-p (3x3):
      ref-p[    0]={ 0.00000e+00,  0.00000e+00,  0.00000e+00}
      ref-p[    1]={ 0.00000e+00,  0.00000e+00,  0.00000e+00}
      ref-p[    2]={ 0.00000e+00,  0.00000e+00,  0.00000e+00}
   refcoord-scaling               = No
   posres-com (3):
      posres-com[0]= 0.00000e+00
      posres-com[1]= 0.00000e+00
      posres-com[2]= 0.00000e+00
   posres-comB (3):
      posres-comB[0]= 0.00000e+00
      posres-comB[1]= 0.00000e+00
      posres-comB[2]= 0.00000e+00
   QMMM                           = FALSE
   QMconstraints                  = 0
   QMMMscheme                     = 0
   MMChargeScaleFactor            = 1
qm-opts:
   ngQM                           = 0
   constraint-algorithm           = Lincs
   continuation                   = FALSE
   Shake-SOR                      = FALSE
   shake-tol                      = 0.0001
   lincs-order                    = 4
   lincs-iter                     = 1
   lincs-warnangle                = 30
   nwall                          = 0
   wall-type                      = 9-3
   wall-r-linpot                  = -1
   wall-atomtype[0]               = -1
   wall-atomtype[1]               = -1
   wall-density[0]                = 0
   wall-density[1]                = 0
   wall-ewald-zfac                = 3
   pull                           = no
   rotation                       = FALSE
   interactiveMD                  = FALSE
   disre                          = No
   disre-weighting                = Conservative
   disre-mixed                    = FALSE
   dr-fc                          = 1000
   dr-tau                         = 0
   nstdisreout                    = 100
   orire-fc                       = 0
   orire-tau                      = 0
   nstorireout                    = 100
   free-energy                    = no
   cos-acceleration               = 0
   deform (3x3):
      deform[    0]={ 0.00000e+00,  0.00000e+00,  0.00000e+00}
      deform[    1]={ 0.00000e+00,  0.00000e+00,  0.00000e+00}
      deform[    2]={ 0.00000e+00,  0.00000e+00,  0.00000e+00}
   simulated-tempering            = FALSE
   E-x:
      n = 0
   E-xt:
      n = 0
   E-y:
      n = 0
   E-yt:
      n = 0
   E-z:
      n = 0
   E-zt:
      n = 0
   swapcoords                     = no
   adress                         = FALSE
   userint1                       = 0
   userint2                       = 0
   userint3                       = 0
   userint4                       = 0
   userreal1                      = 0
   userreal2                      = 0
   userreal3                      = 0
   userreal4                      = 0
grpopts:
   nrdf:       28510
   ref-t:         355
   tau-t:           2
annealing:          No
annealing-npoints:           0
   acc:	           0           0           0
   nfreeze:           N           N           N
   energygrp-flags[  0]: 0
Using 1 MPI thread
Using 1 OpenMP thread 

Detecting CPU SIMD instructions.
Present hardware specification:
Vendor: GenuineIntel
Brand:  Intel(R) Xeon(R) CPU E5-2680 v3 @ 2.50GHz
Family:  6  Model: 63  Stepping:  2
Features: aes apic avx avx2 clfsh cmov cx8 cx16 f16c fma htt lahf_lm mmx msr nonstop_tsc pcid pclmuldq pdcm pdpe1gb popcnt pse rdrnd rdtscp sse2 sse3 sse4.1 sse4.2 ssse3 tdt x2apic
SIMD instructions most likely to fit this hardware: AVX2_256
SIMD instructions selected at GROMACS compile time: SSE4.1


Binary not matching hardware - you might be losing performance.
SIMD instructions most likely to fit this hardware: AVX2_256
SIMD instructions selected at GROMACS compile time: SSE4.1


The current CPU can measure timings more accurately than the code in
gmx was configured to use. This might affect your simulation
speed as accurate timings are needed for load-balancing.
Please consider rebuilding gmx with the GMX_USE_RDTSCP=OFF CMake option.

Will do PME sum in reciprocal space for electrostatic interactions.

++++ PLEASE READ AND CITE THE FOLLOWING REFERENCE ++++
U. Essmann, L. Perera, M. L. Berkowitz, T. Darden, H. Lee and L. G. Pedersen 
A smooth particle mesh Ewald method
J. Chem. Phys. 103 (1995) pp. 8577-8592
-------- -------- --- Thank You --- -------- --------

Will do ordinary reciprocal space Ewald sum.
Using a Gaussian width (1/beta) of 0.320163 nm for Ewald
Will do PME sum in reciprocal space for LJ dispersion interactions.

++++ PLEASE READ AND CITE THE FOLLOWING REFERENCE ++++
U. Essmann, L. Perera, M. L. Berkowitz, T. Darden, H. Lee and L. G. Pedersen 
A smooth particle mesh Ewald method
J. Chem. Phys. 103 (1995) pp. 8577-8592
-------- -------- --- Thank You --- -------- --------

Using a Gaussian width (1/beta) of 0.298423 nm for LJ Ewald
Using shifted Lennard-Jones, switch between 0 and 1 nm
Cut-off's:   NS: 1.041   Coulomb: 1   LJ: 1
System total charge: -0.000
Generated table with 1020 data points for Ewald.
Tabscale = 500 points/nm
Generated table with 1020 data points for LJ6Ewald.
Tabscale = 500 points/nm
Generated table with 1020 data points for LJ12.
Tabscale = 500 points/nm
Generated table with 1020 data points for 1-4 COUL.
Tabscale = 500 points/nm
Generated table with 1020 data points for 1-4 LJ6.
Tabscale = 500 points/nm
Generated table with 1020 data points for 1-4 LJ12.
Tabscale = 500 points/nm

Using SSE4.1 4x4 non-bonded kernels

Potential shift: LJ r^-12: -1.000e+00 r^-6: -1.000e-03, Ewald -1.000e-05
Initialized non-bonded Ewald correction tables, spacing: 9.33e-04 size: 2189

Removing pbc first time

Initializing LINear Constraint Solver

++++ PLEASE READ AND CITE THE FOLLOWING REFERENCE ++++
B. Hess and H. Bekker and H. J. C. Berendsen and J. G. E. M. Fraaije
LINCS: A Linear Constraint Solver for molecular simulations
J. Comp. Chem. 18 (1997) pp. 1463-1472
-------- -------- --- Thank You --- -------- --------

The number of constraints is 323

++++ PLEASE READ AND CITE THE FOLLOWING REFERENCE ++++
S. Miyamoto and P. A. Kollman
SETTLE: An Analytical Version of the SHAKE and RATTLE Algorithms for Rigid
Water Models
J. Comp. Chem. 13 (1992) pp. 952-962
-------- -------- --- Thank You --- -------- --------

Center of mass motion removal mode is Linear
We have the following groups for center of mass motion removal:
  0:  rest

++++ PLEASE READ AND CITE THE FOLLOWING REFERENCE ++++
G. Bussi, D. Donadio and M. Parrinello
Canonical sampling through velocity rescaling
J. Chem. Phys. 126 (2007) pp. 014101
-------- -------- --- Thank You --- -------- --------

There are: 14100 Atoms

Constraining the starting coordinates (step 0)

Constraining the coordinates at t0-dt (step 0)
RMS relative constraint deviation after constraining: 3.16e-06
Initial temperature: 354.287 K

Started mdrun on rank 0 Sun Sep 17 20:51:26 2017
           Step           Time         Lambda
              0        0.00000        0.00000

   Energies (kJ/mol)
           Bond          Angle    Proper Dih.  Improper Dih.          LJ-14
    1.08865e+02    5.53911e+02    1.66193e+03    3.03505e+01    5.63376e+02
     Coulomb-14        LJ (SR)   Coulomb (SR)   Coul. recip.      LJ recip.
    1.06706e+04    5.77624e+04   -2.68776e+05    1.26157e+03   -1.69687e+04
      Potential    Kinetic En.   Total Energy  Conserved En.    Temperature
   -2.13132e+05    4.20046e+04   -1.71127e+05   -1.71127e+05    3.54400e+02
 Pressure (bar)   Constr. rmsd
    5.21950e+03    3.06627e-06

           Step           Time         Lambda
           5000       10.00000        0.00000

   Energies (kJ/mol)
           Bond          Angle    Proper Dih.  Improper Dih.          LJ-14
    5.07584e+02    1.42769e+03    1.70180e+03    9.20028e+01    5.68207e+02
     Coulomb-14        LJ (SR)   Coulomb (SR)   Coul. recip.      LJ recip.
    1.06828e+04    4.49935e+04   -2.27918e+05    1.32418e+03   -1.67996e+04
      Potential    Kinetic En.   Total Energy  Conserved En.    Temperature
   -1.83420e+05    4.08377e+04   -1.42582e+05   -1.70746e+05    3.44554e+02
 Pressure (bar)   Constr. rmsd
    4.51806e+03    2.56990e-06

Writing checkpoint, step 9840 at Sun Sep 17 21:06:29 2017


           Step           Time         Lambda
          10000       20.00000        0.00000

   Energies (kJ/mol)
           Bond          Angle    Proper Dih.  Improper Dih.          LJ-14
    5.12170e+02    1.36731e+03    1.63491e+03    8.38499e+01    6.10342e+02
     Coulomb-14        LJ (SR)   Coulomb (SR)   Coul. recip.      LJ recip.
    1.06654e+04    4.45506e+04   -2.25143e+05    1.35501e+03   -1.68230e+04
      Potential    Kinetic En.   Total Energy  Conserved En.    Temperature
   -1.81186e+05    4.20024e+04   -1.39184e+05   -1.70730e+05    3.54381e+02
 Pressure (bar)   Constr. rmsd
    5.06109e+03    2.73141e-06

           Step           Time         Lambda
          15000       30.00000        0.00000

   Energies (kJ/mol)
           Bond          Angle    Proper Dih.  Improper Dih.          LJ-14
    5.16197e+02    1.51553e+03    1.70155e+03    8.53287e+01    5.74970e+02
     Coulomb-14        LJ (SR)   Coulomb (SR)   Coul. recip.      LJ recip.
    1.07759e+04    4.48391e+04   -2.25580e+05    1.30499e+03   -1.68128e+04
      Potential    Kinetic En.   Total Energy  Conserved En.    Temperature
   -1.81079e+05    4.18326e+04   -1.39247e+05   -1.70696e+05    3.52948e+02
 Pressure (bar)   Constr. rmsd
    4.82945e+03    3.34568e-06

Writing checkpoint, step 19360 at Sun Sep 17 21:21:29 2017


           Step           Time         Lambda
          20000       40.00000        0.00000

   Energies (kJ/mol)
           Bond          Angle    Proper Dih.  Improper Dih.          LJ-14
    5.22922e+02    1.39271e+03    1.71930e+03    9.73132e+01    5.85022e+02
     Coulomb-14        LJ (SR)   Coulomb (SR)   Coul. recip.      LJ recip.
    1.07983e+04    4.50677e+04   -2.25388e+05    1.34195e+03   -1.68142e+04
      Potential    Kinetic En.   Total Energy  Conserved En.    Temperature
   -1.80677e+05    4.22703e+04   -1.38406e+05   -1.70672e+05    3.56641e+02
 Pressure (bar)   Constr. rmsd
    5.26060e+03    4.03186e-06

           Step           Time         Lambda
          25000       50.00000        0.00000

   Energies (kJ/mol)
           Bond          Angle    Proper Dih.  Improper Dih.          LJ-14
    5.05825e+02    1.47729e+03    1.69755e+03    7.42846e+01    5.61828e+02
     Coulomb-14        LJ (SR)   Coulomb (SR)   Coul. recip.      LJ recip.
    1.07459e+04    4.47192e+04   -2.24804e+05    1.31148e+03   -1.68300e+04
      Potential    Kinetic En.   Total Energy  Conserved En.    Temperature
   -1.80541e+05    4.19005e+04   -1.38640e+05   -1.70639e+05    3.53521e+02
 Pressure (bar)   Constr. rmsd
    5.14465e+03    2.73321e-06

Writing checkpoint, step 29380 at Sun Sep 17 21:36:29 2017


           Step           Time         Lambda
          30000       60.00000        0.00000

   Energies (kJ/mol)
           Bond          Angle    Proper Dih.  Improper Dih.          LJ-14
    4.58790e+02    1.31962e+03    1.65614e+03    6.09382e+01    6.35072e+02
     Coulomb-14        LJ (SR)   Coulomb (SR)   Coul. recip.      LJ recip.
    1.08305e+04    4.51518e+04   -2.25204e+05    1.35868e+03   -1.68163e+04
      Potential    Kinetic En.   Total Energy  Conserved En.    Temperature
   -1.80549e+05    4.21623e+04   -1.38386e+05   -1.70636e+05    3.55730e+02
 Pressure (bar)   Constr. rmsd
    5.37935e+03    3.21362e-06

           Step           Time         Lambda
          35000       70.00000        0.00000

   Energies (kJ/mol)
           Bond          Angle    Proper Dih.  Improper Dih.          LJ-14
    5.26551e+02    1.41037e+03    1.72774e+03    7.21003e+01    6.07255e+02
     Coulomb-14        LJ (SR)   Coulomb (SR)   Coul. recip.      LJ recip.
    1.07745e+04    4.47725e+04   -2.25016e+05    1.30349e+03   -1.68187e+04
      Potential    Kinetic En.   Total Energy  Conserved En.    Temperature
   -1.80641e+05    4.18826e+04   -1.38758e+05   -1.70595e+05    3.53370e+02
 Pressure (bar)   Constr. rmsd
    5.14020e+03    3.02200e-06

Writing checkpoint, step 39580 at Sun Sep 17 21:51:28 2017


           Step           Time         Lambda
          40000       80.00000        0.00000

   Energies (kJ/mol)
           Bond          Angle    Proper Dih.  Improper Dih.          LJ-14
    5.05378e+02    1.50597e+03    1.73130e+03    8.35527e+01    5.47822e+02
     Coulomb-14        LJ (SR)   Coulomb (SR)   Coul. recip.      LJ recip.
    1.07503e+04    4.51998e+04   -2.25907e+05    1.30598e+03   -1.68054e+04
      Potential    Kinetic En.   Total Energy  Conserved En.    Temperature
   -1.81082e+05    4.19512e+04   -1.39131e+05   -1.70555e+05    3.53948e+02
 Pressure (bar)   Constr. rmsd
    4.98738e+03    3.83487e-06

           Step           Time         Lambda
          45000       90.00000        0.00000

   Energies (kJ/mol)
           Bond          Angle    Proper Dih.  Improper Dih.          LJ-14
    5.60603e+02    1.40610e+03    1.69540e+03    8.00922e+01    6.08720e+02
     Coulomb-14        LJ (SR)   Coulomb (SR)   Coul. recip.      LJ recip.
    1.08106e+04    4.54664e+04   -2.25153e+05    1.38694e+03   -1.68398e+04
      Potential    Kinetic En.   Total Energy  Conserved En.    Temperature
   -1.79978e+05    4.20843e+04   -1.37893e+05   -1.70535e+05    3.55072e+02
 Pressure (bar)   Constr. rmsd
    5.57988e+03    3.05844e-06

Writing checkpoint, step 49640 at Sun Sep 17 22:06:28 2017


           Step           Time         Lambda
          50000      100.00000        0.00000

   Energies (kJ/mol)
           Bond          Angle    Proper Dih.  Improper Dih.          LJ-14
    5.66740e+02    1.41055e+03    1.67340e+03    6.58774e+01    6.08736e+02
     Coulomb-14        LJ (SR)   Coulomb (SR)   Coul. recip.      LJ recip.
    1.08518e+04    4.48602e+04   -2.25533e+05    1.32699e+03   -1.68212e+04
      Potential    Kinetic En.   Total Energy  Conserved En.    Temperature
   -1.80990e+05    4.20039e+04   -1.38986e+05   -1.70507e+05    3.54393e+02
 Pressure (bar)   Constr. rmsd
    5.09258e+03    3.31429e-06

           Step           Time         Lambda
          55000      110.00000        0.00000

   Energies (kJ/mol)
           Bond          Angle    Proper Dih.  Improper Dih.          LJ-14
    4.95478e+02    1.43528e+03    1.67872e+03    7.55775e+01    5.76559e+02
     Coulomb-14        LJ (SR)   Coulomb (SR)   Coul. recip.      LJ recip.
    1.08561e+04    4.44794e+04   -2.24355e+05    1.32364e+03   -1.68166e+04
      Potential    Kinetic En.   Total Energy  Conserved En.    Temperature
   -1.80251e+05    4.21136e+04   -1.38138e+05   -1.70491e+05    3.55319e+02
 Pressure (bar)   Constr. rmsd
    4.95547e+03    3.34545e-06

Writing checkpoint, step 59580 at Sun Sep 17 22:21:29 2017


           Step           Time         Lambda
          60000      120.00000        0.00000

   Energies (kJ/mol)
           Bond          Angle    Proper Dih.  Improper Dih.          LJ-14
    5.30554e+02    1.34638e+03    1.60279e+03    8.68499e+01    5.93507e+02
     Coulomb-14        LJ (SR)   Coulomb (SR)   Coul. recip.      LJ recip.
    1.08578e+04    4.51899e+04   -2.25839e+05    1.33980e+03   -1.68143e+04
      Potential    Kinetic En.   Total Energy  Conserved En.    Temperature
   -1.81106e+05    4.24207e+04   -1.38685e+05   -1.70463e+05    3.57910e+02
 Pressure (bar)   Constr. rmsd
    5.22280e+03    3.84035e-06

           Step           Time         Lambda
          65000      130.00000        0.00000

   Energies (kJ/mol)
           Bond          Angle    Proper Dih.  Improper Dih.          LJ-14
    5.12868e+02    1.35044e+03    1.65887e+03    6.62374e+01    5.85578e+02
     Coulomb-14        LJ (SR)   Coulomb (SR)   Coul. recip.      LJ recip.
    1.08883e+04    4.51178e+04   -2.26292e+05    1.30442e+03   -1.68278e+04
      Potential    Kinetic En.   Total Energy  Conserved En.    Temperature
   -1.81635e+05    4.16846e+04   -1.39951e+05   -1.70432e+05    3.51699e+02
 Pressure (bar)   Constr. rmsd
    5.11602e+03    3.60091e-06

Writing checkpoint, step 69980 at Sun Sep 17 22:36:28 2017


           Step           Time         Lambda
          70000      140.00000        0.00000

   Energies (kJ/mol)
           Bond          Angle    Proper Dih.  Improper Dih.          LJ-14
    5.24322e+02    1.39766e+03    1.62921e+03    6.74050e+01    5.78438e+02
     Coulomb-14        LJ (SR)   Coulomb (SR)   Coul. recip.      LJ recip.
    1.07966e+04    4.44399e+04   -2.24334e+05    1.34232e+03   -1.68033e+04
      Potential    Kinetic En.   Total Energy  Conserved En.    Temperature
   -1.80362e+05    4.16293e+04   -1.38732e+05   -1.70406e+05    3.51233e+02
 Pressure (bar)   Constr. rmsd
    4.80898e+03    4.66983e-06

           Step           Time         Lambda
          75000      150.00000        0.00000

   Energies (kJ/mol)
           Bond          Angle    Proper Dih.  Improper Dih.          LJ-14
    4.30592e+02    1.26178e+03    1.62823e+03    7.74101e+01    6.05720e+02
     Coulomb-14        LJ (SR)   Coulomb (SR)   Coul. recip.      LJ recip.
    1.08318e+04    4.47629e+04   -2.25063e+05    1.28839e+03   -1.68183e+04
      Potential    Kinetic En.   Total Energy  Conserved En.    Temperature
   -1.80995e+05    4.14937e+04   -1.39501e+05   -1.70396e+05    3.50089e+02
 Pressure (bar)   Constr. rmsd
    5.16410e+03    3.91752e-06

           Step           Time         Lambda
          80000      160.00000        0.00000

   Energies (kJ/mol)
           Bond          Angle    Proper Dih.  Improper Dih.          LJ-14
    4.57509e+02    1.33492e+03    1.73624e+03    8.11836e+01    6.52396e+02
     Coulomb-14        LJ (SR)   Coulomb (SR)   Coul. recip.      LJ recip.
    1.09766e+04    4.46298e+04   -2.25335e+05    1.32137e+03   -1.68321e+04
      Potential    Kinetic En.   Total Energy  Conserved En.    Temperature
   -1.80977e+05    4.22334e+04   -1.38744e+05   -1.70367e+05    3.56330e+02
 Pressure (bar)   Constr. rmsd
    5.27422e+03    2.68507e-06

Writing checkpoint, step 80100 at Sun Sep 17 22:51:28 2017


           Step           Time         Lambda
          85000      170.00000        0.00000

   Energies (kJ/mol)
           Bond          Angle    Proper Dih.  Improper Dih.          LJ-14
    4.43446e+02    1.36002e+03    1.73752e+03    8.10040e+01    6.26529e+02
     Coulomb-14        LJ (SR)   Coulomb (SR)   Coul. recip.      LJ recip.
    1.10311e+04    4.48947e+04   -2.25677e+05    1.34362e+03   -1.68237e+04
      Potential    Kinetic En.   Total Energy  Conserved En.    Temperature
   -1.80982e+05    4.22500e+04   -1.38732e+05   -1.70336e+05    3.56469e+02
 Pressure (bar)   Constr. rmsd
    5.35451e+03    3.28497e-06

           Step           Time         Lambda
          90000      180.00000        0.00000

   Energies (kJ/mol)
           Bond          Angle    Proper Dih.  Improper Dih.          LJ-14
    5.40592e+02    1.28554e+03    1.63721e+03    5.45385e+01    5.77273e+02
     Coulomb-14        LJ (SR)   Coulomb (SR)   Coul. recip.      LJ recip.
    1.09232e+04    4.42643e+04   -2.25055e+05    1.31061e+03   -1.68232e+04
      Potential    Kinetic En.   Total Energy  Conserved En.    Temperature
   -1.81285e+05    4.19737e+04   -1.39312e+05   -1.70320e+05    3.54139e+02
 Pressure (bar)   Constr. rmsd
    4.63586e+03    3.83520e-06

Writing checkpoint, step 90280 at Sun Sep 17 23:06:29 2017


           Step           Time         Lambda
          95000      190.00000        0.00000

   Energies (kJ/mol)
           Bond          Angle    Proper Dih.  Improper Dih.          LJ-14
    4.75646e+02    1.34553e+03    1.69234e+03    6.30931e+01    6.32312e+02
     Coulomb-14        LJ (SR)   Coulomb (SR)   Coul. recip.      LJ recip.
    1.09508e+04    4.48600e+04   -2.25002e+05    1.32663e+03   -1.68189e+04
      Potential    Kinetic En.   Total Energy  Conserved En.    Temperature
   -1.80474e+05    4.19749e+04   -1.38500e+05   -1.70268e+05    3.54148e+02
 Pressure (bar)   Constr. rmsd
    5.23269e+03    4.65104e-06

           Step           Time         Lambda
         100000      200.00000        0.00000

Writing checkpoint, step 100000 at Sun Sep 17 23:20:29 2017


   Energies (kJ/mol)
           Bond          Angle    Proper Dih.  Improper Dih.          LJ-14
    5.95398e+02    1.42080e+03    1.69279e+03    7.65507e+01    6.41070e+02
     Coulomb-14        LJ (SR)   Coulomb (SR)   Coul. recip.      LJ recip.
    1.08871e+04    4.53565e+04   -2.26112e+05    1.35042e+03   -1.68123e+04
      Potential    Kinetic En.   Total Energy  Conserved En.    Temperature
   -1.80904e+05    4.21182e+04   -1.38786e+05   -1.70256e+05    3.55358e+02
 Pressure (bar)   Constr. rmsd
    5.33783e+03    3.31980e-06

	<======  ###############  ==>
	<====  A V E R A G E S  ====>
	<==  ###############  ======>

	Statistics over 100001 steps using 1001 frames

   Energies (kJ/mol)
           Bond          Angle    Proper Dih.  Improper Dih.          LJ-14
    5.04519e+02    1.38572e+03    1.68471e+03    7.91046e+01    5.99001e+02
     Coulomb-14        LJ (SR)   Coulomb (SR)   Coul. recip.      LJ recip.
    1.08307e+04    4.49853e+04   -2.25953e+05    1.32320e+03   -1.68198e+04
      Potential    Kinetic En.   Total Energy  Conserved En.    Temperature
   -1.81381e+05    4.17145e+04   -1.39666e+05   -1.70515e+05    3.51952e+02
 Pressure (bar)   Constr. rmsd
    5.03984e+03    0.00000e+00

   Total Virial (kJ/mol)
   -5.04973e+03   -1.29462e+00    2.16433e+01
   -1.14482e+00   -5.08865e+03   -1.95171e+01
    2.15726e+01   -1.92599e+01   -5.05450e+03

   Pressure (bar)
    5.03556e+03   -2.61368e+00   -5.68772e+00
   -2.65348e+00    5.04630e+03    8.21528e+00
   -5.66896e+00    8.14696e+00    5.03767e+03


	M E G A - F L O P S   A C C O U N T I N G

 NB=Group-cutoff nonbonded kernels    NxN=N-by-N cluster Verlet kernels
 RF=Reaction-Field  VdW=Van der Waals  QSTab=quadratic-spline table
 W3=SPC/TIP3p  W4=TIP4p (single or pairs)
 V&F=Potential and force  V=Potential only  F=Force only

 Computing:                               M-Number         M-Flops  % Flops
-----------------------------------------------------------------------------
 Pair Search distance check           23805.749362      214251.744     0.4
 NxN QSTab Elec. + LJ [F]            351108.727160    27035371.991    56.4
 NxN QSTab Elec. + LJ [V&F]            3549.578064      326561.182     0.7
 NxN QSTab Elec. [F]                 313652.002856    10664168.097    22.2
 NxN QSTab Elec. [V&F]                 3171.251728      130021.321     0.3
 1,4 nonbonded interactions             163.201632       14688.147     0.0
 Calc Weights                          4230.042300      152281.523     0.3
 Spread Q Bspline                    180481.804800      360963.610     0.8
 Gather F Bspline                    180481.804800     1082890.829     2.3
 3D-FFT                              961842.418328     7694739.347    16.1
 Solve PME                              540.805408       34611.546     0.1
 Shift-X                                 70.514100         423.085     0.0
 Bonds                                   30.400304        1793.618     0.0
 Angles                                 114.301143       19202.592     0.0
 Propers                                177.301773       40602.106     0.1
 Impropers                               11.400114        2371.224     0.0
 Virial                                  14.159145         254.865     0.0
 Stop-CM                                 14.128200         141.282     0.0
 Calc-Ekin                              141.028200        3807.761     0.0
 Lincs                                   32.300969        1938.058     0.0
 Lincs-Mat                              190.805724         763.223     0.0
 Constraint-V                          1411.028220       11288.226     0.0
 Constraint-Vir                          13.800787         331.219     0.0
 Settle                                 448.813464      144966.749     0.3
-----------------------------------------------------------------------------
 Total                                                47938433.343   100.0
-----------------------------------------------------------------------------


     R E A L   C Y C L E   A N D   T I M E   A C C O U N T I N G

On 1 MPI rank

 Computing:          Num   Num      Call    Wall time         Giga-Cycles
                     Ranks Threads  Count      (s)         total sum    %
-----------------------------------------------------------------------------
 Neighbor search        1    1       5001     156.404        391.011   1.7
 Force                  1    1     100001    5155.254      12888.188  57.6
 PME mesh               1    1     100001    3365.705       8414.296  37.6
 NB X/F buffer ops.     1    1     195001      36.929         92.324   0.4
 Write traj.            1    1         10      12.876         32.189   0.1
 Update                 1    1     100001      52.882        132.204   0.6
 Constraints            1    1     100001     125.940        314.851   1.4
 Rest                                          39.810         99.526   0.4
-----------------------------------------------------------------------------
 Total                                       8945.799      22364.589 100.0
-----------------------------------------------------------------------------
 Breakdown of PME mesh computation
-----------------------------------------------------------------------------
 PME spread/gather      1    1     400004     543.035       1357.593   6.1
 PME 3D-FFT             1    1     400004    2568.632       6421.606  28.7
 PME solve LJ           1    1     100001     187.372        468.433   2.1
 PME solve Elec         1    1     100001      61.774        154.435   0.7
-----------------------------------------------------------------------------

               Core t (s)   Wall t (s)        (%)
       Time:     8788.824     8945.799       98.2
                         2h29:05
                 (ns/day)    (hour/ns)
Performance:        1.932       12.425
Finished mdrun on rank 0 Sun Sep 17 23:20:31 2017
