2017-11-04 21:45:16,086: state.pubsub.sub.0000: update.0                        : MainThread     : INFO    : python.interpreter   version: 2.7.12 (default, Nov 19 2016, 06:48:10) [GCC 5.4.0 20160609]
2017-11-04 21:45:16,086: state.pubsub.sub.0000: update.0                        : MainThread     : INFO    :                      pid: 21640
2017-11-04 21:45:16,086: state.pubsub.sub.0000: update.0                        : MainThread     : INFO    :                      tid: MainThread
2017-11-04 21:45:16,087: state.pubsub.sub.0000: update.0                        : MainThread     : INFO    : radical.pilot        version: 0.47-v0.46.2-182-gc994bc73@rc-v0.46.3
2017-11-04 21:45:16,087: state.pubsub.sub.0000: update.0                        : MainThread     : INFO    : create state_pubsub - sub - tcp://138.201.86.166:33470
2017-11-04 21:45:16,087: state.pubsub.sub.0000: update.0                        : MainThread     : DEBUG   : start process
2017-11-04 21:45:16,088: state.pubsub.sub.0000: update.0                        : MainThread     : DEBUG   : ru_initialize_common (NOOP)
2017-11-04 21:45:16,088: state.pubsub.sub.0000: update.0                        : MainThread     : DEBUG   : ru_initialize_parent (NOOP)
2017-11-04 21:45:16,088: state.pubsub.sub.0000: update.0                        : MainThread     : DEBUG   : process class started (no child)
2017-11-04 21:45:16,694: state.pubsub.sub.0000: MainProcess                     : MainThread     : INFO    : python.interpreter   version: 2.7.12 (default, Nov 19 2016, 06:48:10) [GCC 5.4.0 20160609]
2017-11-04 21:45:16,694: state.pubsub.sub.0000: MainProcess                     : MainThread     : INFO    :                      pid: 21564
2017-11-04 21:45:16,695: state.pubsub.sub.0000: MainProcess                     : MainThread     : INFO    :                      tid: MainThread
2017-11-04 21:45:16,695: state.pubsub.sub.0000: MainProcess                     : MainThread     : INFO    : radical.pilot        version: 0.47-v0.46.2-182-gc994bc73@rc-v0.46.3
2017-11-04 21:45:16,695: state.pubsub.sub.0000: MainProcess                     : MainThread     : INFO    : create state_pubsub - sub - tcp://138.201.86.166:33470
2017-11-04 21:45:16,695: state.pubsub.sub.0000: MainProcess                     : MainThread     : DEBUG   : start process
2017-11-04 21:45:16,695: state.pubsub.sub.0000: MainProcess                     : MainThread     : DEBUG   : ru_initialize_common (NOOP)
2017-11-04 21:45:16,695: state.pubsub.sub.0000: MainProcess                     : MainThread     : DEBUG   : ru_initialize_parent (NOOP)
2017-11-04 21:45:16,695: state.pubsub.sub.0000: MainProcess                     : MainThread     : DEBUG   : process class started (no child)
2017-11-04 21:49:20,952: state.pubsub.sub.0000: MainProcess                     : pmgr.0000.subscriber._state_sub_cb: INFO    : parent stops child  21564 -> None [state.pubsub.sub.0000]
2017-11-04 21:49:20,952: state.pubsub.sub.0000: MainProcess                     : pmgr.0000.subscriber._state_sub_cb: DEBUG   : ru_finalize_parent (NOOP)
2017-11-05 03:09:16,439: state.pubsub.sub.0000: update.0                        : MainThread     : INFO    : parent stops child  21640 -> None [state.pubsub.sub.0000]
2017-11-05 03:09:16,439: state.pubsub.sub.0000: update.0                        : MainThread     : DEBUG   : ru_finalize_parent (NOOP)
