2017-05-31 03:28:44,129: pmgr.launching.0.child: pmgr.launching.0                : MainThread     : INFO    : python.interpreter   version: 2.7.12 (default, Nov 19 2016, 06:48:10) [GCC 5.4.0 20160609]
2017-05-31 03:28:44,130: pmgr.launching.0.child: pmgr.launching.0                : MainThread     : INFO    :                      pid: 7412
2017-05-31 03:28:44,130: pmgr.launching.0.child: pmgr.launching.0                : MainThread     : INFO    :                      tid: MainThread
2017-05-31 03:28:44,130: pmgr.launching.0.child: pmgr.launching.0                : MainThread     : INFO    : radical.pilot        version: split-81-gf853cc9b@feature-bridges
2017-05-31 03:28:44,133: pmgr.launching.0.child: pmgr.launching.0                : MainThread     : INFO    : initialize pmgr.launching.0.child
2017-05-31 03:28:44,135: pmgr.launching.0.child: pmgr.launching.0                : MainThread     : INFO    : cfg: {'agents': {},
 u'bridges': {u'control_pubsub': {'addr_in': 'tcp://138.201.86.166:33905',
                                  'addr_out': 'tcp://138.201.86.166:37241',
                                  u'bulk_size': 0,
                                  u'log_level': u'debug',
                                  u'stall_hwm': 1},
              u'log_pubsub': {'addr_in': 'tcp://138.201.86.166:33991',
                              'addr_out': 'tcp://138.201.86.166:34611',
                              u'bulk_size': 0,
                              u'log_level': u'debug',
                              u'stall_hwm': 1},
              u'pmgr_launching_queue': {'addr_in': 'tcp://138.201.86.166:36397',
                                        'addr_out': 'tcp://138.201.86.166:37766',
                                        u'bulk_size': 0,
                                        u'log_level': u'debug',
                                        u'stall_hwm': 1},
              u'state_pubsub': {'addr_in': 'tcp://138.201.86.166:34835',
                                'addr_out': 'tcp://138.201.86.166:45253',
                                u'bulk_size': 0,
                                u'log_level': u'debug',
                                u'stall_hwm': 1}},
 'cname': u'PMGRLaunchingComponent',
 u'components': {},
 u'count': 1,
 u'db_poll_sleeptime': 1.0,
 'number': 0,
 'owner': 'pmgr.0000',
 'uid': 'pmgr.0000'}
2017-05-31 03:28:44,135: pmgr.launching.0.child: pmgr.launching.0                : MainThread     : DEBUG   : start components: {}
2017-05-31 03:28:44,136: pmgr.launching.0.child: pmgr.launching.0                : MainThread     : DEBUG   : START: pmgr.launching.0.child register publisher log_pubsub
2017-05-31 03:28:44,136: pmgr.launching.0.child: pmgr.launching.0                : MainThread     : DEBUG   : using addr tcp://138.201.86.166:33991 for pubsub log_pubsub
2017-05-31 03:28:44,137: pmgr.launching.0.child: pmgr.launching.0                : MainThread     : DEBUG   : registered publisher : log_pubsub : log.pubsub.pub
2017-05-31 03:28:44,137: pmgr.launching.0.child: pmgr.launching.0                : MainThread     : DEBUG   : START: pmgr.launching.0.child register publisher state_pubsub
2017-05-31 03:28:44,137: pmgr.launching.0.child: pmgr.launching.0                : MainThread     : DEBUG   : using addr tcp://138.201.86.166:34835 for pubsub state_pubsub
2017-05-31 03:28:44,137: pmgr.launching.0.child: pmgr.launching.0                : MainThread     : DEBUG   : registered publisher : state_pubsub : state.pubsub.pub
2017-05-31 03:28:44,137: pmgr.launching.0.child: pmgr.launching.0                : MainThread     : DEBUG   : START: pmgr.launching.0.child register publisher control_pubsub
2017-05-31 03:28:44,137: pmgr.launching.0.child: pmgr.launching.0                : MainThread     : DEBUG   : using addr tcp://138.201.86.166:33905 for pubsub control_pubsub
2017-05-31 03:28:44,138: pmgr.launching.0.child: pmgr.launching.0                : MainThread     : DEBUG   : registered publisher : control_pubsub : control.pubsub.pub
2017-05-31 03:28:44,138: pmgr.launching.0.child: pmgr.launching.0                : MainThread     : DEBUG   : START: pmgr.launching.0.child register subscriber pmgr.launching.0.child.subscriber._cancel_monitor_cb
2017-05-31 03:28:44,138: pmgr.launching.0.child: pmgr.launching.0                : MainThread     : DEBUG   : using addr tcp://138.201.86.166:37241 for pubsub control_pubsub
2017-05-31 03:28:44,140: pmgr.launching.0.child: pmgr.launching.0                : MainThread     : DEBUG   : start thread
2017-05-31 03:28:44,140: pmgr.launching.0.child: pmgr.launching.0                : pmgr.launching.0.child.subscriber._cancel_monitor_cb: INFO    : child (me) initializing
2017-05-31 03:28:44,140: pmgr.launching.0.child: pmgr.launching.0                : pmgr.launching.0.child.subscriber._cancel_monitor_cb: DEBUG   : ru_initialize_common (NOOP)
2017-05-31 03:28:44,140: pmgr.launching.0.child: pmgr.launching.0                : pmgr.launching.0.child.subscriber._cancel_monitor_cb: DEBUG   : ru_initialize_child (NOOP)
2017-05-31 03:28:44,140: pmgr.launching.0.child: pmgr.launching.0                : pmgr.launching.0.child.subscriber._cancel_monitor_cb: INFO    : send alive
2017-05-31 03:28:44,140: pmgr.launching.0.child: pmgr.launching.0                : pmgr.launching.0.child.subscriber._cancel_monitor_cb: INFO    : send message: alive
2017-05-31 03:28:44,141: pmgr.launching.0.child: pmgr.launching.0                : MainThread     : INFO    : recv message: alive
2017-05-31 03:28:44,142: pmgr.launching.0.child: pmgr.launching.0                : MainThread     : DEBUG   : ru_initialize_common (NOOP)
2017-05-31 03:28:44,142: pmgr.launching.0.child: pmgr.launching.0                : MainThread     : DEBUG   : ru_initialize_parent (NOOP)
2017-05-31 03:28:44,142: pmgr.launching.0.child: pmgr.launching.0                : MainThread     : DEBUG   : child thread pmgr.launching.0.child.subscriber._cancel_monitor_cb started
2017-05-31 03:28:44,142: pmgr.launching.0.child: pmgr.launching.0                : MainThread     : DEBUG   : pmgr.launching.0.child registered control_pubsub subscriber pmgr.launching.0.child.subscriber._cancel_monitor_cb
2017-05-31 03:28:44,142: pmgr.launching.0.child: pmgr.launching.0                : MainThread     : DEBUG   : using addr tcp://138.201.86.166:37766 for input pmgr_launching_queue
2017-05-31 03:28:44,143: pmgr.launching.0.child: pmgr.launching.0                : MainThread     : DEBUG   : registered input pmgr.launching.0.child.work.PMGR_LAUNCHING_PENDING
2017-05-31 03:28:44,143: pmgr.launching.0.child: pmgr.launching.0                : MainThread     : DEBUG   : START: pmgr.launching.0.child register input PMGR_LAUNCHING_PENDING: pmgr.launching.0.child.work.PMGR_LAUNCHING_PENDING
2017-05-31 03:28:44,143: pmgr.launching.0.child: pmgr.launching.0                : MainThread     : DEBUG   : registered worker work [PMGR_LAUNCHING_PENDING]
2017-05-31 03:28:44,143: pmgr.launching.0.child: pmgr.launching.0                : MainThread     : DEBUG   : START: pmgr.launching.0.child register idler pmgr.launching.0.child.idler._pilot_watcher_cb
2017-05-31 03:28:44,144: pmgr.launching.0.child: pmgr.launching.0                : MainThread     : DEBUG   : start thread
2017-05-31 03:28:44,144: pmgr.launching.0.child: pmgr.launching.0                : pmgr.launching.0.child.idler._pilot_watcher_cb: INFO    : child (me) initializing
2017-05-31 03:28:44,144: pmgr.launching.0.child: pmgr.launching.0                : pmgr.launching.0.child.idler._pilot_watcher_cb: DEBUG   : ru_initialize_common (NOOP)
2017-05-31 03:28:44,144: pmgr.launching.0.child: pmgr.launching.0                : pmgr.launching.0.child.idler._pilot_watcher_cb: DEBUG   : ru_initialize_child (NOOP)
2017-05-31 03:28:44,144: pmgr.launching.0.child: pmgr.launching.0                : pmgr.launching.0.child.idler._pilot_watcher_cb: INFO    : send alive
2017-05-31 03:28:44,144: pmgr.launching.0.child: pmgr.launching.0                : pmgr.launching.0.child.idler._pilot_watcher_cb: INFO    : send message: alive
2017-05-31 03:28:44,145: pmgr.launching.0.child: pmgr.launching.0                : MainThread     : INFO    : recv message: alive
2017-05-31 03:28:44,145: pmgr.launching.0.child: pmgr.launching.0                : MainThread     : DEBUG   : ru_initialize_common (NOOP)
2017-05-31 03:28:44,145: pmgr.launching.0.child: pmgr.launching.0                : MainThread     : DEBUG   : ru_initialize_parent (NOOP)
2017-05-31 03:28:44,146: pmgr.launching.0.child: pmgr.launching.0                : MainThread     : DEBUG   : child thread pmgr.launching.0.child.idler._pilot_watcher_cb started
2017-05-31 03:28:44,146: pmgr.launching.0.child: pmgr.launching.0                : MainThread     : DEBUG   : pmgr.launching.0.child registered idler pmgr.launching.0.child.idler._pilot_watcher_cb
2017-05-31 03:28:44,146: pmgr.launching.0.child: pmgr.launching.0                : MainThread     : DEBUG   : START: pmgr.launching.0.child register subscriber pmgr.launching.0.child.subscriber._pmgr_control_cb
2017-05-31 03:28:44,146: pmgr.launching.0.child: pmgr.launching.0                : MainThread     : DEBUG   : using addr tcp://138.201.86.166:37241 for pubsub control_pubsub
2017-05-31 03:28:44,147: pmgr.launching.0.child: pmgr.launching.0                : MainThread     : DEBUG   : start thread
2017-05-31 03:28:44,147: pmgr.launching.0.child: pmgr.launching.0                : pmgr.launching.0.child.subscriber._pmgr_control_cb: INFO    : child (me) initializing
2017-05-31 03:28:44,147: pmgr.launching.0.child: pmgr.launching.0                : pmgr.launching.0.child.subscriber._pmgr_control_cb: DEBUG   : ru_initialize_common (NOOP)
2017-05-31 03:28:44,147: pmgr.launching.0.child: pmgr.launching.0                : pmgr.launching.0.child.subscriber._pmgr_control_cb: DEBUG   : ru_initialize_child (NOOP)
2017-05-31 03:28:44,148: pmgr.launching.0.child: pmgr.launching.0                : pmgr.launching.0.child.subscriber._pmgr_control_cb: INFO    : send alive
2017-05-31 03:28:44,148: pmgr.launching.0.child: pmgr.launching.0                : pmgr.launching.0.child.subscriber._pmgr_control_cb: INFO    : send message: alive
2017-05-31 03:28:44,148: pmgr.launching.0.child: pmgr.launching.0                : MainThread     : INFO    : recv message: alive
2017-05-31 03:28:44,149: pmgr.launching.0.child: pmgr.launching.0                : MainThread     : DEBUG   : ru_initialize_common (NOOP)
2017-05-31 03:28:44,149: pmgr.launching.0.child: pmgr.launching.0                : MainThread     : DEBUG   : ru_initialize_parent (NOOP)
2017-05-31 03:28:44,150: pmgr.launching.0.child: pmgr.launching.0                : MainThread     : DEBUG   : child thread pmgr.launching.0.child.subscriber._pmgr_control_cb started
2017-05-31 03:28:44,150: pmgr.launching.0.child: pmgr.launching.0                : MainThread     : DEBUG   : pmgr.launching.0.child registered control_pubsub subscriber pmgr.launching.0.child.subscriber._pmgr_control_cb
2017-05-31 03:28:45,980: pmgr.launching.0.child: pmgr.launching.0                : MainThread     : DEBUG   : got pilot (pilot.0000)
2017-05-31 03:28:45,980: pmgr.launching.0.child: pmgr.launching.0                : MainThread     : DEBUG   : advance bulk size: 1 [False, True]
2017-05-31 03:28:45,980: pmgr.launching.0.child: pmgr.launching.0                : MainThread     : DEBUG   : advance bulk: pilot.0000 [1]
2017-05-31 03:28:45,981: pmgr.launching.0.child: pmgr.launching.0                : MainThread     : INFO    : Launching pilots on xsede.bridges: ['pilot.0000']
2017-05-31 03:28:47,131: pmgr.launching.0.child: pmgr.launching.0                : MainThread     : INFO    : Read agent config file: /home/mingtha/ve/ve.rp_add_res_cfg/local/lib/python2.7/site-packages/radical/pilot/pmgr/launching/../..//configs/agent_default.json
2017-05-31 03:28:47,172: pmgr.launching.0.child: pmgr.launching.0                : MainThread     : DEBUG   : Write agent cfg to '/tmp/rp.agent_cfg.K0IU6A'.
2017-05-31 03:28:47,183: pmgr.launching.0.child: pmgr.launching.0                : MainThread     : DEBUG   : {'agent_launch_method': 'SSH',
 u'agents': {u'agent_1': {u'components': {u'AgentExecutingComponent': {u'count': 1},
                                          u'AgentSchedulingComponent': {u'count': 1},
                                          u'AgentStagingInputComponent': {u'count': 1},
                                          u'AgentStagingOutputComponent': {u'count': 1}},
                          u'target': u'local'}},
 u'bridges': {u'agent_executing_queue': {u'bulk_size': 0,
                                         u'log_level': u'debug',
                                         u'stall_hwm': 1},
              u'agent_reschedule_pubsub': {u'bulk_size': 0,
                                           u'log_level': u'debug',
                                           u'stall_hwm': 1},
              u'agent_scheduling_queue': {u'bulk_size': 0,
                                          u'log_level': u'debug',
                                          u'stall_hwm': 1},
              u'agent_staging_input_queue': {u'bulk_size': 0,
                                             u'log_level': u'debug',
                                             u'stall_hwm': 1},
              u'agent_staging_output_queue': {u'bulk_size': 0,
                                              u'log_level': u'debug',
                                              u'stall_hwm': 1},
              u'agent_unschedule_pubsub': {u'bulk_size': 0,
                                           u'log_level': u'debug',
                                           u'stall_hwm': 1},
              u'control_pubsub': {u'bulk_size': 0,
                                  u'log_level': u'debug',
                                  u'stall_hwm': 1},
              u'log_pubsub': {u'bulk_size': 0,
                              u'log_level': u'debug',
                              u'stall_hwm': 1},
              u'state_pubsub': {u'bulk_size': 0,
                                u'log_level': u'debug',
                                u'stall_hwm': 1}},
 u'bulk_collection_size': 100,
 u'bulk_collection_time': 1.0,
 u'components': {u'UpdateWorker': {u'count': 1}},
 'cores': 28,
 'cores_per_node': 28,
 'cu_post_exec': None,
 'cu_pre_exec': [],
 'cu_tmp': None,
 u'db_poll_sleeptime': 1.0,
 'dburl': 'mongodb://mingtaiha:mingtaiha@ds053838.mlab.com:53838/hicomb',
 'debug': 10,
 'export_to_cu': [],
 'global_sandbox': '/home/mha/radical.pilot.sandbox',
 'logdir': '.',
 'lrms': 'SLURM',
 u'max_io_loglength': 1024,
 u'mode': u'shared',
 'mpi_launch_method': 'MPIRUN_RSH',
 'owner': 'agent_0',
 'pilot_id': 'pilot.0000',
 'pilot_sandbox': '/home/mha/radical.pilot.sandbox/rp.session.Ubuntu-1604-xenial-64-minimal.mingtha.017317.0002/pilot.0000/',
 'resource_cfg': {'agent_launch_method': 'SSH',
                  'agent_scheduler': 'CONTINUOUS',
                  'agent_spawner': 'POPEN',
                  'cores_per_node': 28,
                  'cu_pre_exec': [],
                  'default_queue': 'normal',
                  'default_remote_workdir': '$HOME',
                  'description': "The XSEDE 'Bridges' cluster at PSC (https://portal.xsede.org/psc-bridges/).",
                  'export_to_cu': [],
                  'filesystem_endpoint': 'gsisftp://bridges.psc.xsede.org:2222/',
                  'go': {'filesystem_endpoint': 'go://xsede#bridges/',
                         'job_manager_endpoint': 'slurm+ssh://bridges.psc.xsede.org/'},
                  'gsissh': {'filesystem_endpoint': 'gsisftp://bridges.psc.xsede.org:2222/',
                             'job_manager_endpoint': 'slurm+gsissh://bridges.psc.xsede.org:2222/'},
                  'job_manager_endpoint': 'slurm+gsissh://bridges.psc.xsede.org:2222/',
                  'label': 'xsede.bridges',
                  'lrms': 'SLURM',
                  'mpi_launch_method': 'MPIRUN_RSH',
                  'notes': 'Always set the ``project`` attribute in the ComputePilotDescription.',
                  'pre_bootstrap_1': ['module purge',
                                      'module load gcc',
                                      'module load mpi/gcc_openmpi',
                                      'module load slurm',
                                      'module load python2'],
                  'python_dist': 'default',
                  'rp_version': 'local',
                  'schemas': ['gsissh', 'ssh', 'go'],
                  'ssh': {'filesystem_endpoint': 'sftp://bridges.psc.xsede.org/',
                          'job_manager_endpoint': 'slurm+ssh://bridges.psc.xsede.org/'},
                  'task_launch_method': 'SSH',
                  'valid_roots': ['/home', '/pylon1', '/pylon2'],
                  'virtenv': '%(global_sandbox)s/ve_bridges',
                  'virtenv_mode': 'create'},
 'runtime': 20,
 'scheduler': 'CONTINUOUS',
 'session_id': 'rp.session.Ubuntu-1604-xenial-64-minimal.mingtha.017317.0002',
 'session_sandbox': '/home/mha/radical.pilot.sandbox/rp.session.Ubuntu-1604-xenial-64-minimal.mingtha.017317.0002',
 'spawner': 'POPEN',
 u'staging_area': u'staging_area',
 u'staging_schema': u'staging',
 u'target': u'local',
 'task_launch_method': 'SSH'}
2017-05-31 03:28:47,236: pmgr.launching.0.child: pmgr.launching.0                : MainThread     : DEBUG   : use bootstrapper /home/mingtha/ve/ve.rp_add_res_cfg/local/lib/python2.7/site-packages/radical/pilot/agent/bootstrap_1.sh
2017-05-31 03:28:47,238: pmgr.launching.0.child: pmgr.launching.0                : MainThread     : DEBUG   : Bootstrap command line: /bin/bash ['-l /home/mha/radical.pilot.sandbox/rp.session.Ubuntu-1604-xenial-64-minimal.mingtha.017317.0002/bootstrap_1.sh', " -d 'radical.utils-v0.45-46-g591b33d-devel.tar.gz:saga-python-split-19-gb08a45e7-fix-bridges.tar.gz:radical.pilot-split-81-gf853cc9b-feature-bridges.tar.gz' -p 'pilot.0000' -s 'rp.session.Ubuntu-1604-xenial-64-minimal.mingtha.017317.0002' -m 'create' -r 'local' -b 'default' -v '/home/mha/radical.pilot.sandbox/ve_bridges' -y '20' -e 'module purge' -e 'module load gcc' -e 'module load mpi/gcc_openmpi' -e 'module load slurm' -e 'module load python2'"]
2017-05-31 03:28:47,239: pmgr.launching.0.child: pmgr.launching.0                : MainThread     : DEBUG   : cmd: cd /tmp/rp_agent_tar_dirnTo45B && tar zchf /tmp/rp_agent_tar_dirnTo45B/rp.session.Ubuntu-1604-xenial-64-minimal.mingtha.017317.0002.pmgr.launching.0.child.tgz *
2017-05-31 03:28:47,319: pmgr.launching.0.child: pmgr.launching.0                : MainThread     : DEBUG   : out: 
2017-05-31 03:28:47,319: pmgr.launching.0.child: pmgr.launching.0                : MainThread     : DEBUG   : rs.file.Directory ('gsisftp://bridges.psc.xsede.org:2222/')
2017-05-31 03:28:57,738: pmgr.launching.0.child: pmgr.launching.0                : MainThread     : DEBUG   : tar cmd : tar zmxvf /home/mha/radical.pilot.sandbox/rp.session.Ubuntu-1604-xenial-64-minimal.mingtha.017317.0002/rp.session.Ubuntu-1604-xenial-64-minimal.mingtha.017317.0002.pmgr.launching.0.child.tgz -C /home/mha/radical.pilot.sandbox/rp.session.Ubuntu-1604-xenial-64-minimal.mingtha.017317.0002
2017-05-31 03:28:58,158: pmgr.launching.0.child: pmgr.launching.0                : MainThread     : DEBUG   : tar done: Done, bootstrap_1.sh
pilot.0000/
pilot.0000/agent_0.cfg
pilot.0000/pilot.0000.prof.tgz
pilot.0000/pilot.0000.log.tgz
radical.pilot-split-81-gf853cc9b-feature-bridges.tar.gz
radical.utils-v0.45-46-g591b33d-devel.tar.gz
saga-python-split-19-gb08a45e7-fix-bridges.tar.gz
, 
2017-05-31 03:29:00,058: pmgr.launching.0.child: pmgr.launching.0                : MainThread     : DEBUG   : jd: {'Arguments': ['-l /home/mha/radical.pilot.sandbox/rp.session.Ubuntu-1604-xenial-64-minimal.mingtha.017317.0002/bootstrap_1.sh',
               " -d 'radical.utils-v0.45-46-g591b33d-devel.tar.gz:saga-python-split-19-gb08a45e7-fix-bridges.tar.gz:radical.pilot-split-81-gf853cc9b-feature-bridges.tar.gz' -p 'pilot.0000' -s 'rp.session.Ubuntu-1604-xenial-64-minimal.mingtha.017317.0002' -m 'create' -r 'local' -b 'default' -v '/home/mha/radical.pilot.sandbox/ve_bridges' -y '20' -e 'module purge' -e 'module load gcc' -e 'module load mpi/gcc_openmpi' -e 'module load slurm' -e 'module load python2'"],
 'CandidateHosts': None,
 'Environment': {'RADICAL_PILOT_PROFILE': 'TRUE'},
 'Error': 'bootstrap_1.err',
 'Executable': '/bin/bash',
 'FileTransfer': [],
 'Name': 'pilot.0000',
 'Output': 'bootstrap_1.out',
 'ProcessesPerHost': 28,
 'Project': 'mc3bggp',
 'Queue': 'RM',
 'SPMDVariation': None,
 'TotalCPUCount': 28,
 'TotalPhysicalMemory': None,
 'WallTimeLimit': 20,
 'WorkingDirectory': '/home/mha/radical.pilot.sandbox/rp.session.Ubuntu-1604-xenial-64-minimal.mingtha.017317.0002/pilot.0000/'}
2017-05-31 03:29:02,209: pmgr.launching.0.child: pmgr.launching.0                : MainThread     : DEBUG   : pilot job: pilot.0000 : [slurm+gsissh://bridges.psc.xsede.org:2222/]-[1176806] : pilot.0000 : Pending
2017-05-31 03:29:02,210: pmgr.launching.0.child: pmgr.launching.0                : MainThread     : DEBUG   : advance bulk size: 1 [False, True]
2017-05-31 03:29:02,210: pmgr.launching.0.child: pmgr.launching.0                : MainThread     : DEBUG   : advance bulk: pilot.0000 [1]
2017-05-31 03:29:02,211: pmgr.launching.0.child: pmgr.launching.0                : pmgr.launching.0.child.subscriber._pmgr_control_cb: DEBUG   : launcher got {'cmd': 'add_pilots', 'arg': {'pilots': [{'resource_details': None, 'resource': 'xsede.bridges', 'description': {'queue': 'RM', 'resource': 'xsede.bridges', 'exit_on_error': False, 'candidate_hosts': None, 'project': 'mc3bggp', 'sandbox': None, 'cleanup': None, 'access_schema': 'gsissh', 'memory': None, 'cores': 16, 'runtime': 20}, 'pmgr': 'pmgr.0000', 'stdout': None, 'sandbox': 'gsisftp://bridges.psc.xsede.org:2222/home/mha/radical.pilot.sandbox/rp.session.Ubuntu-1604-xenial-64-minimal.mingtha.017317.0002/pilot.0000/', 'state': 'PMGR_LAUNCHING', 'session': 'rp.session.Ubuntu-1604-xenial-64-minimal.mingtha.017317.0002', 'log': None, 'stderr': None, 'type': 'pilot', 'uid': 'pilot.0000'}], 'umgr': 'umgr.0000'}}
2017-05-31 03:36:40,749: pmgr.launching.0.child: pmgr.launching.0                : pmgr.launching.0.child.subscriber._pmgr_control_cb: DEBUG   : launcher got {'cmd': 'cancel_pilots', 'arg': {'uids': ['pilot.0000'], 'pmgr': 'pmgr.0000'}}
2017-05-31 03:36:40,749: pmgr.launching.0.child: pmgr.launching.0                : pmgr.launching.0.child.subscriber._pmgr_control_cb: INFO    : received pilot_cancel command (['pilot.0000'])
