000 (9905204.000.000) 10/27 13:38:50 Job submitted from host: <129.79.53.198:9615?addrs=129.79.53.198-9615+[fd2f-6feb-37--1f]-9615&noUDP&sock=930205_24f3_5>
...
001 (9905204.000.000) 10/27 15:19:45 Job executing on host: <10.0.255.244:45291?CCBID=129.79.53.179:9729%3faddrs%3d129.79.53.179-9729+[fd2f-6feb-37--1d]-9729#1739772&addrs=10.0.255.244-45291+[--1]-45291&noUDP>
...
006 (9905204.000.000) 10/27 15:19:53 Image size of job updated: 1
	3  -  MemoryUsage of job (MB)
	2504  -  ResidentSetSize of job (KB)
...
006 (9905204.000.000) 10/27 15:24:53 Image size of job updated: 86720
	23  -  MemoryUsage of job (MB)
	23200  -  ResidentSetSize of job (KB)
...
006 (9905204.000.000) 10/27 15:29:53 Image size of job updated: 86720
	23  -  MemoryUsage of job (MB)
	23216  -  ResidentSetSize of job (KB)
...
006 (9905204.000.000) 10/27 15:39:54 Image size of job updated: 88048
	24  -  MemoryUsage of job (MB)
	24424  -  ResidentSetSize of job (KB)
...
006 (9905204.000.000) 10/27 15:54:55 Image size of job updated: 88048
	25  -  MemoryUsage of job (MB)
	24592  -  ResidentSetSize of job (KB)
...
005 (9905204.000.000) 10/27 16:00:30 Job terminated.
	(1) Normal termination (return value 0)
		Usr 0 00:40:29, Sys 0 00:00:00  -  Run Remote Usage
		Usr 0 00:00:00, Sys 0 00:00:00  -  Run Local Usage
		Usr 0 00:40:29, Sys 0 00:00:00  -  Total Remote Usage
		Usr 0 00:00:00, Sys 0 00:00:00  -  Total Local Usage
	28054  -  Run Bytes Sent By Job
	816753  -  Run Bytes Received By Job
	28054  -  Total Bytes Sent By Job
	816753  -  Total Bytes Received By Job
	Partitionable Resources :    Usage  Request Allocated
	   Cpus                 :                 1         1
	   Disk (KB)            :     3014     1000  47731892
	   Memory (MB)          :       25     1800      2048
...
