Log file opened on Sun Sep 17 19:56:01 2017
Host: compute-1-3.local  pid: 25963  rank ID: 0  number of ranks:  1
GROMACS:    gmx mdrun, VERSION 5.0

GROMACS is written by:
Emile Apol         Rossen Apostolov   Herman J.C. Berendsen Par Bjelkmar       
Aldert van Buuren  Rudi van Drunen    Anton Feenstra     Sebastian Fritsch  
Gerrit Groenhof    Christoph Junghans Peter Kasson       Carsten Kutzner    
Per Larsson        Justin A. Lemkul   Magnus Lundborg    Pieter Meulenhoff  
Erik Marklund      Teemu Murtola      Szilard Pall       Sander Pronk       
Roland Schulz      Alexey Shvetsov    Michael Shirts     Alfons Sijbers     
Peter Tieleman     Christian Wennberg Maarten Wolf       
and the project leaders:
Mark Abraham, Berk Hess, Erik Lindahl, and David van der Spoel

Copyright (c) 1991-2000, University of Groningen, The Netherlands.
Copyright (c) 2001-2014, The GROMACS development team at
Uppsala University, Stockholm University and
the Royal Institute of Technology, Sweden.
check out http://www.gromacs.org for more information.

GROMACS is free software; you can redistribute it and/or modify it
under the terms of the GNU Lesser General Public License
as published by the Free Software Foundation; either version 2.1
of the License, or (at your option) any later version.

GROMACS:      gmx mdrun, VERSION 5.0
Executable:   /cvmfs/oasis.opensciencegrid.org/osg/modules/gromacs/5.0.0/bin/gmx
Library dir:  /cvmfs/oasis.opensciencegrid.org/osg/modules/gromacs/5.0.0/share/gromacs/top
Command line:
  gmx mdrun -ntomp 1 -nt 1 -s out.tpr -c out.gro

Gromacs version:    VERSION 5.0
Precision:          single
Memory model:       64 bit
MPI library:        thread_mpi
OpenMP support:     enabled
GPU support:        disabled
invsqrt routine:    gmx_software_invsqrt(x)
SIMD instructions:  SSE4.1
FFT library:        fftw-3.3.4-sse2
RDTSCP usage:       disabled
C++11 compilation:  disabled
TNG support:        enabled
Tracing support:    disabled
Built on:           Mon Aug 25 12:33:03 CDT 2014
Built by:           sthapa@itb2.uchicago.edu [CMAKE]
Build OS/arch:      Linux 2.6.32-431.1.2.el6.x86_64 x86_64
Build CPU vendor:   GenuineIntel
Build CPU brand:    Intel(R) Xeon(R) CPU           E5440  @ 2.83GHz
Build CPU family:   6   Model: 23   Stepping: 6
Build CPU features: apic clfsh cmov cx8 cx16 lahf_lm mmx msr pdcm pse sse2 sse3 sse4.1 ssse3
C compiler:         /usr/bin/gcc GNU 4.4.7
C compiler flags:    -msse4.1   -Wno-maybe-uninitialized -Wextra -Wno-missing-field-initializers -Wno-sign-compare -Wpointer-arith -Wall -Wno-unused -Wunused-value -Wunused-parameter   -fomit-frame-pointer -funroll-all-loops  -Wno-array-bounds  -O3 -DNDEBUG
C++ compiler:       /usr/bin/c++ GNU 4.4.7
C++ compiler flags:  -msse4.1   -Wextra -Wno-missing-field-initializers -Wpointer-arith -Wall -Wno-unused-function   -fomit-frame-pointer -funroll-all-loops  -Wno-array-bounds  -O3 -DNDEBUG
Boost version:      1.55.0 (internal)



++++ PLEASE READ AND CITE THE FOLLOWING REFERENCE ++++
B. Hess and C. Kutzner and D. van der Spoel and E. Lindahl
GROMACS 4: Algorithms for highly efficient, load-balanced, and scalable
molecular simulation
J. Chem. Theory Comput. 4 (2008) pp. 435-447
-------- -------- --- Thank You --- -------- --------


++++ PLEASE READ AND CITE THE FOLLOWING REFERENCE ++++
D. van der Spoel, E. Lindahl, B. Hess, G. Groenhof, A. E. Mark and H. J. C.
Berendsen
GROMACS: Fast, Flexible and Free
J. Comp. Chem. 26 (2005) pp. 1701-1719
-------- -------- --- Thank You --- -------- --------


++++ PLEASE READ AND CITE THE FOLLOWING REFERENCE ++++
E. Lindahl and B. Hess and D. van der Spoel
GROMACS 3.0: A package for molecular simulation and trajectory analysis
J. Mol. Mod. 7 (2001) pp. 306-317
-------- -------- --- Thank You --- -------- --------


++++ PLEASE READ AND CITE THE FOLLOWING REFERENCE ++++
H. J. C. Berendsen, D. van der Spoel and R. van Drunen
GROMACS: A message-passing parallel molecular dynamics implementation
Comp. Phys. Comm. 91 (1995) pp. 43-56
-------- -------- --- Thank You --- -------- --------

Input Parameters:
   integrator                     = md
   tinit                          = 0
   dt                             = 0.002
   nsteps                         = 100000
   init-step                      = 0
   simulation-part                = 1
   comm-mode                      = Linear
   nstcomm                        = 100
   bd-fric                        = 0
   ld-seed                        = 752495770
   emtol                          = 10
   emstep                         = 0.01
   niter                          = 20
   fcstep                         = 0
   nstcgsteep                     = 1000
   nbfgscorr                      = 10
   rtpi                           = 0.05
   nstxout                        = 0
   nstvout                        = 0
   nstfout                        = 0
   nstlog                         = 5000
   nstcalcenergy                  = 100
   nstenergy                      = 0
   nstxout-compressed             = 0
   compressed-x-precision         = 1000
   cutoff-scheme                  = Verlet
   nstlist                        = 20
   ns-type                        = Grid
   pbc                            = xyz
   periodic-molecules             = FALSE
   verlet-buffer-tolerance        = 0.005
   rlist                          = 1.041
   rlistlong                      = 1.041
   nstcalclr                      = 20
   coulombtype                    = PME
   coulomb-modifier               = Potential-shift
   rcoulomb-switch                = 0
   rcoulomb                       = 1
   epsilon-r                      = 1
   epsilon-rf                     = inf
   vdw-type                       = PME
   vdw-modifier                   = Potential-shift
   rvdw-switch                    = 0
   rvdw                           = 1
   DispCorr                       = No
   table-extension                = 1
   fourierspacing                 = 0.1
   fourier-nx                     = 52
   fourier-ny                     = 52
   fourier-nz                     = 52
   pme-order                      = 4
   ewald-rtol                     = 1e-05
   ewald-rtol-lj                  = 0.001
   lj-pme-comb-rule               = Geometric
   ewald-geometry                 = 0
   epsilon-surface                = 0
   implicit-solvent               = No
   gb-algorithm                   = Still
   nstgbradii                     = 1
   rgbradii                       = 1
   gb-epsilon-solvent             = 80
   gb-saltconc                    = 0
   gb-obc-alpha                   = 1
   gb-obc-beta                    = 0.8
   gb-obc-gamma                   = 4.85
   gb-dielectric-offset           = 0.009
   sa-algorithm                   = Ace-approximation
   sa-surface-tension             = 2.05016
   tcoupl                         = V-rescale
   nsttcouple                     = 20
   nh-chain-length                = 0
   print-nose-hoover-chain-variables = FALSE
   pcoupl                         = No
   pcoupltype                     = Isotropic
   nstpcouple                     = -1
   tau-p                          = 1
   compressibility (3x3):
      compressibility[    0]={ 0.00000e+00,  0.00000e+00,  0.00000e+00}
      compressibility[    1]={ 0.00000e+00,  0.00000e+00,  0.00000e+00}
      compressibility[    2]={ 0.00000e+00,  0.00000e+00,  0.00000e+00}
   ref-p (3x3):
      ref-p[    0]={ 0.00000e+00,  0.00000e+00,  0.00000e+00}
      ref-p[    1]={ 0.00000e+00,  0.00000e+00,  0.00000e+00}
      ref-p[    2]={ 0.00000e+00,  0.00000e+00,  0.00000e+00}
   refcoord-scaling               = No
   posres-com (3):
      posres-com[0]= 0.00000e+00
      posres-com[1]= 0.00000e+00
      posres-com[2]= 0.00000e+00
   posres-comB (3):
      posres-comB[0]= 0.00000e+00
      posres-comB[1]= 0.00000e+00
      posres-comB[2]= 0.00000e+00
   QMMM                           = FALSE
   QMconstraints                  = 0
   QMMMscheme                     = 0
   MMChargeScaleFactor            = 1
qm-opts:
   ngQM                           = 0
   constraint-algorithm           = Lincs
   continuation                   = FALSE
   Shake-SOR                      = FALSE
   shake-tol                      = 0.0001
   lincs-order                    = 4
   lincs-iter                     = 1
   lincs-warnangle                = 30
   nwall                          = 0
   wall-type                      = 9-3
   wall-r-linpot                  = -1
   wall-atomtype[0]               = -1
   wall-atomtype[1]               = -1
   wall-density[0]                = 0
   wall-density[1]                = 0
   wall-ewald-zfac                = 3
   pull                           = no
   rotation                       = FALSE
   interactiveMD                  = FALSE
   disre                          = No
   disre-weighting                = Conservative
   disre-mixed                    = FALSE
   dr-fc                          = 1000
   dr-tau                         = 0
   nstdisreout                    = 100
   orire-fc                       = 0
   orire-tau                      = 0
   nstorireout                    = 100
   free-energy                    = no
   cos-acceleration               = 0
   deform (3x3):
      deform[    0]={ 0.00000e+00,  0.00000e+00,  0.00000e+00}
      deform[    1]={ 0.00000e+00,  0.00000e+00,  0.00000e+00}
      deform[    2]={ 0.00000e+00,  0.00000e+00,  0.00000e+00}
   simulated-tempering            = FALSE
   E-x:
      n = 0
   E-xt:
      n = 0
   E-y:
      n = 0
   E-yt:
      n = 0
   E-z:
      n = 0
   E-zt:
      n = 0
   swapcoords                     = no
   adress                         = FALSE
   userint1                       = 0
   userint2                       = 0
   userint3                       = 0
   userint4                       = 0
   userreal1                      = 0
   userreal2                      = 0
   userreal3                      = 0
   userreal4                      = 0
grpopts:
   nrdf:       28510
   ref-t:         355
   tau-t:           2
annealing:          No
annealing-npoints:           0
   acc:	           0           0           0
   nfreeze:           N           N           N
   energygrp-flags[  0]: 0
Using 1 MPI thread
Using 1 OpenMP thread 

Detecting CPU SIMD instructions.
Present hardware specification:
Vendor: AuthenticAMD
Brand:  AMD Opteron(tm) Processor 6376                 
Family: 21  Model:  2  Stepping:  0
Features: aes apic avx clfsh cmov cx8 cx16 f16c fma fma4 htt lahf_lm misalignsse mmx msr nonstop_tsc pclmuldq pdpe1gb popcnt pse rdtscp sse2 sse3 sse4a sse4.1 sse4.2 ssse3 xop
SIMD instructions most likely to fit this hardware: AVX_128_FMA
SIMD instructions selected at GROMACS compile time: SSE4.1


Binary not matching hardware - you might be losing performance.
SIMD instructions most likely to fit this hardware: AVX_128_FMA
SIMD instructions selected at GROMACS compile time: SSE4.1


The current CPU can measure timings more accurately than the code in
gmx was configured to use. This might affect your simulation
speed as accurate timings are needed for load-balancing.
Please consider rebuilding gmx with the GMX_USE_RDTSCP=OFF CMake option.

Will do PME sum in reciprocal space for electrostatic interactions.

++++ PLEASE READ AND CITE THE FOLLOWING REFERENCE ++++
U. Essmann, L. Perera, M. L. Berkowitz, T. Darden, H. Lee and L. G. Pedersen 
A smooth particle mesh Ewald method
J. Chem. Phys. 103 (1995) pp. 8577-8592
-------- -------- --- Thank You --- -------- --------

Will do ordinary reciprocal space Ewald sum.
Using a Gaussian width (1/beta) of 0.320163 nm for Ewald
Will do PME sum in reciprocal space for LJ dispersion interactions.

++++ PLEASE READ AND CITE THE FOLLOWING REFERENCE ++++
U. Essmann, L. Perera, M. L. Berkowitz, T. Darden, H. Lee and L. G. Pedersen 
A smooth particle mesh Ewald method
J. Chem. Phys. 103 (1995) pp. 8577-8592
-------- -------- --- Thank You --- -------- --------

Using a Gaussian width (1/beta) of 0.298423 nm for LJ Ewald
Using shifted Lennard-Jones, switch between 0 and 1 nm
Cut-off's:   NS: 1.041   Coulomb: 1   LJ: 1
System total charge: -0.000
Generated table with 1020 data points for Ewald.
Tabscale = 500 points/nm
Generated table with 1020 data points for LJ6Ewald.
Tabscale = 500 points/nm
Generated table with 1020 data points for LJ12.
Tabscale = 500 points/nm
Generated table with 1020 data points for 1-4 COUL.
Tabscale = 500 points/nm
Generated table with 1020 data points for 1-4 LJ6.
Tabscale = 500 points/nm
Generated table with 1020 data points for 1-4 LJ12.
Tabscale = 500 points/nm

Using SSE4.1 4x4 non-bonded kernels

Potential shift: LJ r^-12: -1.000e+00 r^-6: -1.000e-03, Ewald -1.000e-05
Initialized non-bonded Ewald correction tables, spacing: 9.33e-04 size: 2189

Removing pbc first time

Initializing LINear Constraint Solver

++++ PLEASE READ AND CITE THE FOLLOWING REFERENCE ++++
B. Hess and H. Bekker and H. J. C. Berendsen and J. G. E. M. Fraaije
LINCS: A Linear Constraint Solver for molecular simulations
J. Comp. Chem. 18 (1997) pp. 1463-1472
-------- -------- --- Thank You --- -------- --------

The number of constraints is 323

++++ PLEASE READ AND CITE THE FOLLOWING REFERENCE ++++
S. Miyamoto and P. A. Kollman
SETTLE: An Analytical Version of the SHAKE and RATTLE Algorithms for Rigid
Water Models
J. Comp. Chem. 13 (1992) pp. 952-962
-------- -------- --- Thank You --- -------- --------

Center of mass motion removal mode is Linear
We have the following groups for center of mass motion removal:
  0:  rest

++++ PLEASE READ AND CITE THE FOLLOWING REFERENCE ++++
G. Bussi, D. Donadio and M. Parrinello
Canonical sampling through velocity rescaling
J. Chem. Phys. 126 (2007) pp. 014101
-------- -------- --- Thank You --- -------- --------

There are: 14100 Atoms

Constraining the starting coordinates (step 0)

Constraining the coordinates at t0-dt (step 0)
RMS relative constraint deviation after constraining: 3.65e-06
Initial temperature: 355.419 K

Started mdrun on rank 0 Sun Sep 17 19:56:02 2017
           Step           Time         Lambda
              0        0.00000        0.00000

   Energies (kJ/mol)
           Bond          Angle    Proper Dih.  Improper Dih.          LJ-14
    1.08865e+02    5.53911e+02    1.66193e+03    3.03505e+01    5.63376e+02
     Coulomb-14        LJ (SR)   Coulomb (SR)   Coul. recip.      LJ recip.
    1.06706e+04    5.77625e+04   -2.68776e+05    1.26157e+03   -1.69687e+04
      Potential    Kinetic En.   Total Energy  Conserved En.    Temperature
   -2.13132e+05    4.21374e+04   -1.70994e+05   -1.70994e+05    3.55520e+02
 Pressure (bar)   Constr. rmsd
    5.23328e+03    3.63667e-06

           Step           Time         Lambda
           5000       10.00000        0.00000

   Energies (kJ/mol)
           Bond          Angle    Proper Dih.  Improper Dih.          LJ-14
    5.43448e+02    1.44837e+03    1.69350e+03    7.41096e+01    5.58361e+02
     Coulomb-14        LJ (SR)   Coulomb (SR)   Coul. recip.      LJ recip.
    1.07610e+04    4.50867e+04   -2.27619e+05    1.33444e+03   -1.68132e+04
      Potential    Kinetic En.   Total Energy  Conserved En.    Temperature
   -1.82932e+05    3.99084e+04   -1.43023e+05   -1.70584e+05    3.36714e+02
 Pressure (bar)   Constr. rmsd
    4.54622e+03    3.44670e-06

Writing checkpoint, step 6360 at Sun Sep 17 20:11:06 2017


           Step           Time         Lambda
          10000       20.00000        0.00000

   Energies (kJ/mol)
           Bond          Angle    Proper Dih.  Improper Dih.          LJ-14
    5.70438e+02    1.41403e+03    1.64855e+03    7.98411e+01    6.20419e+02
     Coulomb-14        LJ (SR)   Coulomb (SR)   Coul. recip.      LJ recip.
    1.07222e+04    4.48340e+04   -2.25178e+05    1.30124e+03   -1.68265e+04
      Potential    Kinetic En.   Total Energy  Conserved En.    Temperature
   -1.80813e+05    4.18291e+04   -1.38984e+05   -1.70580e+05    3.52918e+02
 Pressure (bar)   Constr. rmsd
    5.13725e+03    3.14536e-06

Writing checkpoint, step 12820 at Sun Sep 17 20:26:07 2017


           Step           Time         Lambda
          15000       30.00000        0.00000

   Energies (kJ/mol)
           Bond          Angle    Proper Dih.  Improper Dih.          LJ-14
    4.74292e+02    1.35006e+03    1.69984e+03    6.48258e+01    5.74195e+02
     Coulomb-14        LJ (SR)   Coulomb (SR)   Coul. recip.      LJ recip.
    1.08388e+04    4.52831e+04   -2.25397e+05    1.28185e+03   -1.68170e+04
      Potential    Kinetic En.   Total Energy  Conserved En.    Temperature
   -1.80647e+05    4.24007e+04   -1.38246e+05   -1.70567e+05    3.57741e+02
 Pressure (bar)   Constr. rmsd
    5.16111e+03    3.27489e-06

Writing checkpoint, step 19260 at Sun Sep 17 20:41:07 2017


           Step           Time         Lambda
          20000       40.00000        0.00000

   Energies (kJ/mol)
           Bond          Angle    Proper Dih.  Improper Dih.          LJ-14
    4.44484e+02    1.36086e+03    1.67566e+03    6.54145e+01    6.20916e+02
     Coulomb-14        LJ (SR)   Coulomb (SR)   Coul. recip.      LJ recip.
    1.08389e+04    4.47425e+04   -2.24892e+05    1.30602e+03   -1.68137e+04
      Potential    Kinetic En.   Total Energy  Conserved En.    Temperature
   -1.80651e+05    4.20760e+04   -1.38575e+05   -1.70537e+05    3.55002e+02
 Pressure (bar)   Constr. rmsd
    5.27066e+03    3.95513e-06

           Step           Time         Lambda
          25000       50.00000        0.00000

   Energies (kJ/mol)
           Bond          Angle    Proper Dih.  Improper Dih.          LJ-14
    5.74726e+02    1.41636e+03    1.66219e+03    9.25533e+01    5.96681e+02
     Coulomb-14        LJ (SR)   Coulomb (SR)   Coul. recip.      LJ recip.
    1.07704e+04    4.40852e+04   -2.23819e+05    1.31513e+03   -1.68232e+04
      Potential    Kinetic En.   Total Energy  Conserved En.    Temperature
   -1.80129e+05    4.20673e+04   -1.38062e+05   -1.70497e+05    3.54928e+02
 Pressure (bar)   Constr. rmsd
    4.52824e+03    3.59882e-06

Writing checkpoint, step 25760 at Sun Sep 17 20:56:06 2017


           Step           Time         Lambda
          30000       60.00000        0.00000

   Energies (kJ/mol)
           Bond          Angle    Proper Dih.  Improper Dih.          LJ-14
    5.09773e+02    1.37266e+03    1.69654e+03    7.42183e+01    5.94762e+02
     Coulomb-14        LJ (SR)   Coulomb (SR)   Coul. recip.      LJ recip.
    1.07222e+04    4.51268e+04   -2.25585e+05    1.35221e+03   -1.68000e+04
      Potential    Kinetic En.   Total Energy  Conserved En.    Temperature
   -1.80936e+05    4.22343e+04   -1.38701e+05   -1.70484e+05    3.56338e+02
 Pressure (bar)   Constr. rmsd
    5.28200e+03    4.01430e-06

Writing checkpoint, step 32120 at Sun Sep 17 21:11:08 2017


           Step           Time         Lambda
          35000       70.00000        0.00000

   Energies (kJ/mol)
           Bond          Angle    Proper Dih.  Improper Dih.          LJ-14
    4.97938e+02    1.53009e+03    1.63999e+03    7.71783e+01    5.87720e+02
     Coulomb-14        LJ (SR)   Coulomb (SR)   Coul. recip.      LJ recip.
    1.08052e+04    4.51015e+04   -2.25130e+05    1.26958e+03   -1.68204e+04
      Potential    Kinetic En.   Total Energy  Conserved En.    Temperature
   -1.80441e+05    4.22558e+04   -1.38185e+05   -1.70450e+05    3.56519e+02
 Pressure (bar)   Constr. rmsd
    5.28695e+03    3.00509e-06

Writing checkpoint, step 38580 at Sun Sep 17 21:26:07 2017


           Step           Time         Lambda
          40000       80.00000        0.00000

   Energies (kJ/mol)
           Bond          Angle    Proper Dih.  Improper Dih.          LJ-14
    5.12071e+02    1.51938e+03    1.66199e+03    6.23238e+01    5.84610e+02
     Coulomb-14        LJ (SR)   Coulomb (SR)   Coul. recip.      LJ recip.
    1.07618e+04    4.46498e+04   -2.25405e+05    1.29663e+03   -1.68298e+04
      Potential    Kinetic En.   Total Energy  Conserved En.    Temperature
   -1.81186e+05    4.22743e+04   -1.38912e+05   -1.70423e+05    3.56675e+02
 Pressure (bar)   Constr. rmsd
    5.10329e+03    3.73796e-06

           Step           Time         Lambda
          45000       90.00000        0.00000

Writing checkpoint, step 45000 at Sun Sep 17 21:41:06 2017


   Energies (kJ/mol)
           Bond          Angle    Proper Dih.  Improper Dih.          LJ-14
    5.37382e+02    1.36918e+03    1.67993e+03    6.50610e+01    6.03458e+02
     Coulomb-14        LJ (SR)   Coulomb (SR)   Coul. recip.      LJ recip.
    1.08632e+04    4.49561e+04   -2.25276e+05    1.34749e+03   -1.68153e+04
      Potential    Kinetic En.   Total Energy  Conserved En.    Temperature
   -1.80670e+05    4.20692e+04   -1.38600e+05   -1.70396e+05    3.54944e+02
 Pressure (bar)   Constr. rmsd
    5.01340e+03    3.58764e-06

           Step           Time         Lambda
          50000      100.00000        0.00000

   Energies (kJ/mol)
           Bond          Angle    Proper Dih.  Improper Dih.          LJ-14
    4.67172e+02    1.49062e+03    1.66672e+03    8.15544e+01    6.06866e+02
     Coulomb-14        LJ (SR)   Coulomb (SR)   Coul. recip.      LJ recip.
    1.08468e+04    4.54157e+04   -2.25976e+05    1.29554e+03   -1.68183e+04
      Potential    Kinetic En.   Total Energy  Conserved En.    Temperature
   -1.80923e+05    4.20808e+04   -1.38842e+05   -1.70367e+05    3.55042e+02
 Pressure (bar)   Constr. rmsd
    5.31051e+03    3.39951e-06

Writing checkpoint, step 51460 at Sun Sep 17 21:56:07 2017


           Step           Time         Lambda
          55000      110.00000        0.00000

   Energies (kJ/mol)
           Bond          Angle    Proper Dih.  Improper Dih.          LJ-14
    5.49212e+02    1.49819e+03    1.70538e+03    6.32508e+01    5.69349e+02
     Coulomb-14        LJ (SR)   Coulomb (SR)   Coul. recip.      LJ recip.
    1.07730e+04    4.46694e+04   -2.25066e+05    1.23873e+03   -1.68144e+04
      Potential    Kinetic En.   Total Energy  Conserved En.    Temperature
   -1.80814e+05    4.22941e+04   -1.38520e+05   -1.70354e+05    3.56842e+02
 Pressure (bar)   Constr. rmsd
    4.80242e+03    4.21554e-06

Writing checkpoint, step 57740 at Sun Sep 17 22:11:06 2017


           Step           Time         Lambda
          60000      120.00000        0.00000

   Energies (kJ/mol)
           Bond          Angle    Proper Dih.  Improper Dih.          LJ-14
    4.59328e+02    1.52960e+03    1.72747e+03    8.83934e+01    5.84487e+02
     Coulomb-14        LJ (SR)   Coulomb (SR)   Coul. recip.      LJ recip.
    1.07920e+04    4.52256e+04   -2.25519e+05    1.28244e+03   -1.68139e+04
      Potential    Kinetic En.   Total Energy  Conserved En.    Temperature
   -1.80644e+05    4.17792e+04   -1.38865e+05   -1.70321e+05    3.52498e+02
 Pressure (bar)   Constr. rmsd
    5.12221e+03    2.72758e-06

Writing checkpoint, step 64020 at Sun Sep 17 22:26:08 2017


           Step           Time         Lambda
          65000      130.00000        0.00000

   Energies (kJ/mol)
           Bond          Angle    Proper Dih.  Improper Dih.          LJ-14
    4.70281e+02    1.60092e+03    1.70139e+03    8.47830e+01    6.18847e+02
     Coulomb-14        LJ (SR)   Coulomb (SR)   Coul. recip.      LJ recip.
    1.08894e+04    4.46147e+04   -2.25033e+05    1.34168e+03   -1.68339e+04
      Potential    Kinetic En.   Total Energy  Conserved En.    Temperature
   -1.80545e+05    4.24254e+04   -1.38119e+05   -1.70299e+05    3.57950e+02
 Pressure (bar)   Constr. rmsd
    5.15149e+03    3.28969e-06

           Step           Time         Lambda
          70000      140.00000        0.00000

   Energies (kJ/mol)
           Bond          Angle    Proper Dih.  Improper Dih.          LJ-14
    5.17904e+02    1.49002e+03    1.72307e+03    1.13882e+02    5.91117e+02
     Coulomb-14        LJ (SR)   Coulomb (SR)   Coul. recip.      LJ recip.
    1.08109e+04    4.40119e+04   -2.24616e+05    1.27674e+03   -1.68309e+04
      Potential    Kinetic En.   Total Energy  Conserved En.    Temperature
   -1.80911e+05    4.23592e+04   -1.38552e+05   -1.70270e+05    3.57391e+02
 Pressure (bar)   Constr. rmsd
    4.71257e+03    3.04282e-06

Writing checkpoint, step 70620 at Sun Sep 17 22:41:07 2017


           Step           Time         Lambda
          75000      150.00000        0.00000

   Energies (kJ/mol)
           Bond          Angle    Proper Dih.  Improper Dih.          LJ-14
    5.39715e+02    1.37888e+03    1.70805e+03    6.14732e+01    6.19066e+02
     Coulomb-14        LJ (SR)   Coulomb (SR)   Coul. recip.      LJ recip.
    1.09182e+04    4.44002e+04   -2.25222e+05    1.32820e+03   -1.68101e+04
      Potential    Kinetic En.   Total Energy  Conserved En.    Temperature
   -1.81078e+05    4.25953e+04   -1.38483e+05   -1.70251e+05    3.59383e+02
 Pressure (bar)   Constr. rmsd
    5.04876e+03    3.56140e-06

Writing checkpoint, step 77200 at Sun Sep 17 22:56:07 2017


           Step           Time         Lambda
          80000      160.00000        0.00000

   Energies (kJ/mol)
           Bond          Angle    Proper Dih.  Improper Dih.          LJ-14
    4.84234e+02    1.35072e+03    1.69731e+03    7.80880e+01    6.04567e+02
     Coulomb-14        LJ (SR)   Coulomb (SR)   Coul. recip.      LJ recip.
    1.08833e+04    4.48779e+04   -2.24927e+05    1.39049e+03   -1.68271e+04
      Potential    Kinetic En.   Total Energy  Conserved En.    Temperature
   -1.80388e+05    4.19744e+04   -1.38413e+05   -1.70220e+05    3.54145e+02
 Pressure (bar)   Constr. rmsd
    5.33203e+03    3.13513e-06

Writing checkpoint, step 83540 at Sun Sep 17 23:11:08 2017


           Step           Time         Lambda
          85000      170.00000        0.00000

   Energies (kJ/mol)
           Bond          Angle    Proper Dih.  Improper Dih.          LJ-14
    5.51869e+02    1.50440e+03    1.67680e+03    8.64672e+01    5.73267e+02
     Coulomb-14        LJ (SR)   Coulomb (SR)   Coul. recip.      LJ recip.
    1.08281e+04    4.50689e+04   -2.25573e+05    1.35809e+03   -1.68225e+04
      Potential    Kinetic En.   Total Energy  Conserved En.    Temperature
   -1.80748e+05    4.23103e+04   -1.38437e+05   -1.70174e+05    3.56979e+02
 Pressure (bar)   Constr. rmsd
    4.94060e+03    3.24574e-06

           Step           Time         Lambda
          90000      180.00000        0.00000

   Energies (kJ/mol)
           Bond          Angle    Proper Dih.  Improper Dih.          LJ-14
    4.88267e+02    1.36489e+03    1.66123e+03    6.26502e+01    6.02970e+02
     Coulomb-14        LJ (SR)   Coulomb (SR)   Coul. recip.      LJ recip.
    1.09268e+04    4.47811e+04   -2.25296e+05    1.31004e+03   -1.68271e+04
      Potential    Kinetic En.   Total Energy  Conserved En.    Temperature
   -1.80925e+05    4.27863e+04   -1.38139e+05   -1.70182e+05    3.60995e+02
 Pressure (bar)   Constr. rmsd
    5.16518e+03    3.32346e-06

Writing checkpoint, step 90040 at Sun Sep 17 23:26:07 2017


           Step           Time         Lambda
          95000      190.00000        0.00000

   Energies (kJ/mol)
           Bond          Angle    Proper Dih.  Improper Dih.          LJ-14
    4.89540e+02    1.51089e+03    1.68873e+03    7.57953e+01    5.91009e+02
     Coulomb-14        LJ (SR)   Coulomb (SR)   Coul. recip.      LJ recip.
    1.08373e+04    4.54719e+04   -2.25896e+05    1.29312e+03   -1.68249e+04
      Potential    Kinetic En.   Total Energy  Conserved En.    Temperature
   -1.80762e+05    4.23146e+04   -1.38448e+05   -1.70147e+05    3.57015e+02
 Pressure (bar)   Constr. rmsd
    5.43186e+03    3.87658e-06

Writing checkpoint, step 96420 at Sun Sep 17 23:41:06 2017


           Step           Time         Lambda
         100000      200.00000        0.00000

Writing checkpoint, step 100000 at Sun Sep 17 23:49:21 2017


   Energies (kJ/mol)
           Bond          Angle    Proper Dih.  Improper Dih.          LJ-14
    4.30574e+02    1.46003e+03    1.67452e+03    6.96248e+01    5.73067e+02
     Coulomb-14        LJ (SR)   Coulomb (SR)   Coul. recip.      LJ recip.
    1.08364e+04    4.42926e+04   -2.25363e+05    1.31233e+03   -1.68081e+04
      Potential    Kinetic En.   Total Energy  Conserved En.    Temperature
   -1.81522e+05    4.21153e+04   -1.39406e+05   -1.70122e+05    3.55333e+02
 Pressure (bar)   Constr. rmsd
    4.66542e+03    3.25742e-06

	<======  ###############  ==>
	<====  A V E R A G E S  ====>
	<==  ###############  ======>

	Statistics over 100001 steps using 1001 frames

   Energies (kJ/mol)
           Bond          Angle    Proper Dih.  Improper Dih.          LJ-14
    5.11202e+02    1.41567e+03    1.67826e+03    8.06520e+01    5.96317e+02
     Coulomb-14        LJ (SR)   Coulomb (SR)   Coul. recip.      LJ recip.
    1.08098e+04    4.49919e+04   -2.25800e+05    1.32114e+03   -1.68157e+04
      Potential    Kinetic En.   Total Energy  Conserved En.    Temperature
   -1.81211e+05    4.18308e+04   -1.39380e+05   -1.70375e+05    3.52933e+02
 Pressure (bar)   Constr. rmsd
    5.07047e+03    0.00000e+00

   Total Virial (kJ/mol)
   -5.17563e+03   -2.04899e+01    1.19127e+01
   -2.05783e+01   -5.15714e+03    2.95007e-01
    1.18754e+01    3.42349e-01   -5.08970e+03

   Pressure (bar)
    5.08283e+03    5.41097e+00   -1.05677e+00
    5.43447e+00    5.07136e+03    4.53949e-01
   -1.04686e+00    4.41371e-01    5.05723e+03


	M E G A - F L O P S   A C C O U N T I N G

 NB=Group-cutoff nonbonded kernels    NxN=N-by-N cluster Verlet kernels
 RF=Reaction-Field  VdW=Van der Waals  QSTab=quadratic-spline table
 W3=SPC/TIP3p  W4=TIP4p (single or pairs)
 V&F=Potential and force  V=Potential only  F=Force only

 Computing:                               M-Number         M-Flops  % Flops
-----------------------------------------------------------------------------
 Pair Search distance check           23807.760920      214269.848     0.4
 NxN QSTab Elec. + LJ [F]            351215.229768    27043572.692    56.4
 NxN QSTab Elec. + LJ [V&F]            3550.893080      326682.163     0.7
 NxN QSTab Elec. [F]                 313576.125320    10661588.261    22.2
 NxN QSTab Elec. [V&F]                 3170.807960      130003.126     0.3
 1,4 nonbonded interactions             163.201632       14688.147     0.0
 Calc Weights                          4230.042300      152281.523     0.3
 Spread Q Bspline                    180481.804800      360963.610     0.8
 Gather F Bspline                    180481.804800     1082890.829     2.3
 3D-FFT                              961842.418328     7694739.347    16.0
 Solve PME                              540.805408       34611.546     0.1
 Shift-X                                 70.514100         423.085     0.0
 Bonds                                   30.400304        1793.618     0.0
 Angles                                 114.301143       19202.592     0.0
 Propers                                177.301773       40602.106     0.1
 Impropers                               11.400114        2371.224     0.0
 Virial                                  14.159145         254.865     0.0
 Stop-CM                                 14.128200         141.282     0.0
 Calc-Ekin                              141.028200        3807.761     0.0
 Lincs                                   32.300969        1938.058     0.0
 Lincs-Mat                              190.805724         763.223     0.0
 Constraint-V                          1411.028220       11288.226     0.0
 Constraint-Vir                          13.800787         331.219     0.0
 Settle                                 448.813464      144966.749     0.3
-----------------------------------------------------------------------------
 Total                                                47944175.099   100.0
-----------------------------------------------------------------------------


     R E A L   C Y C L E   A N D   T I M E   A C C O U N T I N G

On 1 MPI rank

 Computing:          Num   Num      Call    Wall time         Giga-Cycles
                     Ranks Threads  Count      (s)         total sum    %
-----------------------------------------------------------------------------
 Neighbor search        1    1       5001     277.846        639.069   2.0
 Force                  1    1     100001    7789.861      17917.321  55.6
 PME mesh               1    1     100001    5681.016      13066.804  40.6
 NB X/F buffer ops.     1    1     195001      18.881         43.428   0.1
 Write traj.            1    1         16       0.241          0.553   0.0
 Update                 1    1     100001      31.204         71.772   0.2
 Constraints            1    1     100001     189.016        434.752   1.4
 Rest                                          11.023         25.355   0.1
-----------------------------------------------------------------------------
 Total                                      13999.088      32199.054 100.0
-----------------------------------------------------------------------------
 Breakdown of PME mesh computation
-----------------------------------------------------------------------------
 PME spread/gather      1    1     400004     865.679       1991.133   6.2
 PME 3D-FFT             1    1     400004    4437.181      10205.881  31.7
 PME solve LJ           1    1     100001     287.489        661.249   2.1
 PME solve Elec         1    1     100001      89.486        205.824   0.6
-----------------------------------------------------------------------------

               Core t (s)   Wall t (s)        (%)
       Time:    13897.526    13999.088       99.3
                         3h53:19
                 (ns/day)    (hour/ns)
Performance:        1.234       19.443
Finished mdrun on rank 0 Sun Sep 17 23:49:21 2017
