2017-10-20 09:25:43,173: control.pubsub.sub.0001: pmgr.launching.0                : MainThread     : INFO    : python.interpreter   version: 2.7.12 (default, Nov 19 2016, 06:48:10) [GCC 5.4.0 20160609]
2017-10-20 09:25:43,174: control.pubsub.sub.0001: pmgr.launching.0                : MainThread     : INFO    :                      pid: 7002
2017-10-20 09:25:43,174: control.pubsub.sub.0001: pmgr.launching.0                : MainThread     : INFO    :                      tid: MainThread
2017-10-20 09:25:43,174: control.pubsub.sub.0001: pmgr.launching.0                : MainThread     : INFO    : radical.pilot        version: 0.47-v0.46.2-133-g78e0b005@rc-v0.46.3
2017-10-20 09:25:43,174: control.pubsub.sub.0001: pmgr.launching.0                : MainThread     : INFO    : create control_pubsub - sub - tcp://138.201.86.166:46820
2017-10-20 09:25:43,174: control.pubsub.sub.0001: pmgr.launching.0                : MainThread     : DEBUG   : start process
2017-10-20 09:25:43,174: control.pubsub.sub.0001: pmgr.launching.0                : MainThread     : DEBUG   : ru_initialize_common (NOOP)
2017-10-20 09:25:43,174: control.pubsub.sub.0001: pmgr.launching.0                : MainThread     : DEBUG   : ru_initialize_parent (NOOP)
2017-10-20 09:25:43,174: control.pubsub.sub.0001: pmgr.launching.0                : MainThread     : DEBUG   : process class started (no child)
2017-10-20 09:25:49,089: control.pubsub.sub.0001: umgr.scheduling.0               : MainThread     : INFO    : python.interpreter   version: 2.7.12 (default, Nov 19 2016, 06:48:10) [GCC 5.4.0 20160609]
2017-10-20 09:25:49,089: control.pubsub.sub.0001: umgr.scheduling.0               : MainThread     : INFO    :                      pid: 7212
2017-10-20 09:25:49,089: control.pubsub.sub.0001: umgr.scheduling.0               : MainThread     : INFO    :                      tid: MainThread
2017-10-20 09:25:49,090: control.pubsub.sub.0001: umgr.scheduling.0               : MainThread     : INFO    : radical.pilot        version: 0.47-v0.46.2-133-g78e0b005@rc-v0.46.3
2017-10-20 09:25:49,090: control.pubsub.sub.0001: umgr.scheduling.0               : MainThread     : INFO    : create control_pubsub - sub - tcp://138.201.86.166:46820
2017-10-20 09:25:49,090: control.pubsub.sub.0001: umgr.scheduling.0               : MainThread     : DEBUG   : start process
2017-10-20 09:25:49,090: control.pubsub.sub.0001: umgr.scheduling.0               : MainThread     : DEBUG   : ru_initialize_common (NOOP)
2017-10-20 09:25:49,090: control.pubsub.sub.0001: umgr.scheduling.0               : MainThread     : DEBUG   : ru_initialize_parent (NOOP)
2017-10-20 09:25:49,090: control.pubsub.sub.0001: umgr.scheduling.0               : MainThread     : DEBUG   : process class started (no child)
2017-10-20 13:45:36,216: control.pubsub.sub.0001: umgr.scheduling.0               : MainThread     : INFO    : parent stops child  7212 -> None [control.pubsub.sub.0001]
2017-10-20 13:45:36,216: control.pubsub.sub.0001: umgr.scheduling.0               : MainThread     : DEBUG   : ru_finalize_parent (NOOP)
2017-10-20 13:49:40,138: control.pubsub.sub.0001: pmgr.launching.0                : MainThread     : INFO    : parent stops child  7002 -> None [control.pubsub.sub.0001]
2017-10-20 13:49:40,139: control.pubsub.sub.0001: pmgr.launching.0                : MainThread     : DEBUG   : ru_finalize_parent (NOOP)
