Log file opened on Mon Sep 18 00:09:58 2017
Host: CRUSH-SUGWG-OSG-10-5-180-28  pid: 60  rank ID: 0  number of ranks:  1
GROMACS:    gmx mdrun, VERSION 5.0

GROMACS is written by:
Emile Apol         Rossen Apostolov   Herman J.C. Berendsen Par Bjelkmar       
Aldert van Buuren  Rudi van Drunen    Anton Feenstra     Sebastian Fritsch  
Gerrit Groenhof    Christoph Junghans Peter Kasson       Carsten Kutzner    
Per Larsson        Justin A. Lemkul   Magnus Lundborg    Pieter Meulenhoff  
Erik Marklund      Teemu Murtola      Szilard Pall       Sander Pronk       
Roland Schulz      Alexey Shvetsov    Michael Shirts     Alfons Sijbers     
Peter Tieleman     Christian Wennberg Maarten Wolf       
and the project leaders:
Mark Abraham, Berk Hess, Erik Lindahl, and David van der Spoel

Copyright (c) 1991-2000, University of Groningen, The Netherlands.
Copyright (c) 2001-2014, The GROMACS development team at
Uppsala University, Stockholm University and
the Royal Institute of Technology, Sweden.
check out http://www.gromacs.org for more information.

GROMACS is free software; you can redistribute it and/or modify it
under the terms of the GNU Lesser General Public License
as published by the Free Software Foundation; either version 2.1
of the License, or (at your option) any later version.

GROMACS:      gmx mdrun, VERSION 5.0
Executable:   /cvmfs/oasis.opensciencegrid.org/osg/modules/gromacs/5.0.0/bin/gmx
Library dir:  /cvmfs/oasis.opensciencegrid.org/osg/modules/gromacs/5.0.0/share/gromacs/top
Command line:
  gmx mdrun -ntomp 1 -nt 1 -s out.tpr -c out.gro

Gromacs version:    VERSION 5.0
Precision:          single
Memory model:       64 bit
MPI library:        thread_mpi
OpenMP support:     enabled
GPU support:        disabled
invsqrt routine:    gmx_software_invsqrt(x)
SIMD instructions:  SSE4.1
FFT library:        fftw-3.3.4-sse2
RDTSCP usage:       disabled
C++11 compilation:  disabled
TNG support:        enabled
Tracing support:    disabled
Built on:           Mon Aug 25 12:33:03 CDT 2014
Built by:           sthapa@itb2.uchicago.edu [CMAKE]
Build OS/arch:      Linux 2.6.32-431.1.2.el6.x86_64 x86_64
Build CPU vendor:   GenuineIntel
Build CPU brand:    Intel(R) Xeon(R) CPU           E5440  @ 2.83GHz
Build CPU family:   6   Model: 23   Stepping: 6
Build CPU features: apic clfsh cmov cx8 cx16 lahf_lm mmx msr pdcm pse sse2 sse3 sse4.1 ssse3
C compiler:         /usr/bin/gcc GNU 4.4.7
C compiler flags:    -msse4.1   -Wno-maybe-uninitialized -Wextra -Wno-missing-field-initializers -Wno-sign-compare -Wpointer-arith -Wall -Wno-unused -Wunused-value -Wunused-parameter   -fomit-frame-pointer -funroll-all-loops  -Wno-array-bounds  -O3 -DNDEBUG
C++ compiler:       /usr/bin/c++ GNU 4.4.7
C++ compiler flags:  -msse4.1   -Wextra -Wno-missing-field-initializers -Wpointer-arith -Wall -Wno-unused-function   -fomit-frame-pointer -funroll-all-loops  -Wno-array-bounds  -O3 -DNDEBUG
Boost version:      1.55.0 (internal)



++++ PLEASE READ AND CITE THE FOLLOWING REFERENCE ++++
B. Hess and C. Kutzner and D. van der Spoel and E. Lindahl
GROMACS 4: Algorithms for highly efficient, load-balanced, and scalable
molecular simulation
J. Chem. Theory Comput. 4 (2008) pp. 435-447
-------- -------- --- Thank You --- -------- --------


++++ PLEASE READ AND CITE THE FOLLOWING REFERENCE ++++
D. van der Spoel, E. Lindahl, B. Hess, G. Groenhof, A. E. Mark and H. J. C.
Berendsen
GROMACS: Fast, Flexible and Free
J. Comp. Chem. 26 (2005) pp. 1701-1719
-------- -------- --- Thank You --- -------- --------


++++ PLEASE READ AND CITE THE FOLLOWING REFERENCE ++++
E. Lindahl and B. Hess and D. van der Spoel
GROMACS 3.0: A package for molecular simulation and trajectory analysis
J. Mol. Mod. 7 (2001) pp. 306-317
-------- -------- --- Thank You --- -------- --------


++++ PLEASE READ AND CITE THE FOLLOWING REFERENCE ++++
H. J. C. Berendsen, D. van der Spoel and R. van Drunen
GROMACS: A message-passing parallel molecular dynamics implementation
Comp. Phys. Comm. 91 (1995) pp. 43-56
-------- -------- --- Thank You --- -------- --------

Input Parameters:
   integrator                     = md
   tinit                          = 0
   dt                             = 0.002
   nsteps                         = 100000
   init-step                      = 0
   simulation-part                = 1
   comm-mode                      = Linear
   nstcomm                        = 100
   bd-fric                        = 0
   ld-seed                        = 110200628
   emtol                          = 10
   emstep                         = 0.01
   niter                          = 20
   fcstep                         = 0
   nstcgsteep                     = 1000
   nbfgscorr                      = 10
   rtpi                           = 0.05
   nstxout                        = 0
   nstvout                        = 0
   nstfout                        = 0
   nstlog                         = 5000
   nstcalcenergy                  = 100
   nstenergy                      = 0
   nstxout-compressed             = 0
   compressed-x-precision         = 1000
   cutoff-scheme                  = Verlet
   nstlist                        = 20
   ns-type                        = Grid
   pbc                            = xyz
   periodic-molecules             = FALSE
   verlet-buffer-tolerance        = 0.005
   rlist                          = 1.041
   rlistlong                      = 1.041
   nstcalclr                      = 20
   coulombtype                    = PME
   coulomb-modifier               = Potential-shift
   rcoulomb-switch                = 0
   rcoulomb                       = 1
   epsilon-r                      = 1
   epsilon-rf                     = inf
   vdw-type                       = PME
   vdw-modifier                   = Potential-shift
   rvdw-switch                    = 0
   rvdw                           = 1
   DispCorr                       = No
   table-extension                = 1
   fourierspacing                 = 0.1
   fourier-nx                     = 52
   fourier-ny                     = 52
   fourier-nz                     = 52
   pme-order                      = 4
   ewald-rtol                     = 1e-05
   ewald-rtol-lj                  = 0.001
   lj-pme-comb-rule               = Geometric
   ewald-geometry                 = 0
   epsilon-surface                = 0
   implicit-solvent               = No
   gb-algorithm                   = Still
   nstgbradii                     = 1
   rgbradii                       = 1
   gb-epsilon-solvent             = 80
   gb-saltconc                    = 0
   gb-obc-alpha                   = 1
   gb-obc-beta                    = 0.8
   gb-obc-gamma                   = 4.85
   gb-dielectric-offset           = 0.009
   sa-algorithm                   = Ace-approximation
   sa-surface-tension             = 2.05016
   tcoupl                         = V-rescale
   nsttcouple                     = 20
   nh-chain-length                = 0
   print-nose-hoover-chain-variables = FALSE
   pcoupl                         = No
   pcoupltype                     = Isotropic
   nstpcouple                     = -1
   tau-p                          = 1
   compressibility (3x3):
      compressibility[    0]={ 0.00000e+00,  0.00000e+00,  0.00000e+00}
      compressibility[    1]={ 0.00000e+00,  0.00000e+00,  0.00000e+00}
      compressibility[    2]={ 0.00000e+00,  0.00000e+00,  0.00000e+00}
   ref-p (3x3):
      ref-p[    0]={ 0.00000e+00,  0.00000e+00,  0.00000e+00}
      ref-p[    1]={ 0.00000e+00,  0.00000e+00,  0.00000e+00}
      ref-p[    2]={ 0.00000e+00,  0.00000e+00,  0.00000e+00}
   refcoord-scaling               = No
   posres-com (3):
      posres-com[0]= 0.00000e+00
      posres-com[1]= 0.00000e+00
      posres-com[2]= 0.00000e+00
   posres-comB (3):
      posres-comB[0]= 0.00000e+00
      posres-comB[1]= 0.00000e+00
      posres-comB[2]= 0.00000e+00
   QMMM                           = FALSE
   QMconstraints                  = 0
   QMMMscheme                     = 0
   MMChargeScaleFactor            = 1
qm-opts:
   ngQM                           = 0
   constraint-algorithm           = Lincs
   continuation                   = FALSE
   Shake-SOR                      = FALSE
   shake-tol                      = 0.0001
   lincs-order                    = 4
   lincs-iter                     = 1
   lincs-warnangle                = 30
   nwall                          = 0
   wall-type                      = 9-3
   wall-r-linpot                  = -1
   wall-atomtype[0]               = -1
   wall-atomtype[1]               = -1
   wall-density[0]                = 0
   wall-density[1]                = 0
   wall-ewald-zfac                = 3
   pull                           = no
   rotation                       = FALSE
   interactiveMD                  = FALSE
   disre                          = No
   disre-weighting                = Conservative
   disre-mixed                    = FALSE
   dr-fc                          = 1000
   dr-tau                         = 0
   nstdisreout                    = 100
   orire-fc                       = 0
   orire-tau                      = 0
   nstorireout                    = 100
   free-energy                    = no
   cos-acceleration               = 0
   deform (3x3):
      deform[    0]={ 0.00000e+00,  0.00000e+00,  0.00000e+00}
      deform[    1]={ 0.00000e+00,  0.00000e+00,  0.00000e+00}
      deform[    2]={ 0.00000e+00,  0.00000e+00,  0.00000e+00}
   simulated-tempering            = FALSE
   E-x:
      n = 0
   E-xt:
      n = 0
   E-y:
      n = 0
   E-yt:
      n = 0
   E-z:
      n = 0
   E-zt:
      n = 0
   swapcoords                     = no
   adress                         = FALSE
   userint1                       = 0
   userint2                       = 0
   userint3                       = 0
   userint4                       = 0
   userreal1                      = 0
   userreal2                      = 0
   userreal3                      = 0
   userreal4                      = 0
grpopts:
   nrdf:       28510
   ref-t:         355
   tau-t:           2
annealing:          No
annealing-npoints:           0
   acc:	           0           0           0
   nfreeze:           N           N           N
   energygrp-flags[  0]: 0
Using 1 MPI thread
Using 1 OpenMP thread 

Detecting CPU SIMD instructions.
Present hardware specification:
Vendor: GenuineIntel
Brand:  Intel(R) Xeon(R) CPU           X5650  @ 2.67GHz
Family:  6  Model: 44  Stepping:  2
Features: aes apic clfsh cmov cx8 cx16 lahf_lm mmx msr pclmuldq popcnt pse sse2 sse3 sse4.1 sse4.2 ssse3
SIMD instructions most likely to fit this hardware: SSE4.1
SIMD instructions selected at GROMACS compile time: SSE4.1

Will do PME sum in reciprocal space for electrostatic interactions.

++++ PLEASE READ AND CITE THE FOLLOWING REFERENCE ++++
U. Essmann, L. Perera, M. L. Berkowitz, T. Darden, H. Lee and L. G. Pedersen 
A smooth particle mesh Ewald method
J. Chem. Phys. 103 (1995) pp. 8577-8592
-------- -------- --- Thank You --- -------- --------

Will do ordinary reciprocal space Ewald sum.
Using a Gaussian width (1/beta) of 0.320163 nm for Ewald
Will do PME sum in reciprocal space for LJ dispersion interactions.

++++ PLEASE READ AND CITE THE FOLLOWING REFERENCE ++++
U. Essmann, L. Perera, M. L. Berkowitz, T. Darden, H. Lee and L. G. Pedersen 
A smooth particle mesh Ewald method
J. Chem. Phys. 103 (1995) pp. 8577-8592
-------- -------- --- Thank You --- -------- --------

Using a Gaussian width (1/beta) of 0.298423 nm for LJ Ewald
Using shifted Lennard-Jones, switch between 0 and 1 nm
Cut-off's:   NS: 1.041   Coulomb: 1   LJ: 1
System total charge: -0.000
Generated table with 1020 data points for Ewald.
Tabscale = 500 points/nm
Generated table with 1020 data points for LJ6Ewald.
Tabscale = 500 points/nm
Generated table with 1020 data points for LJ12.
Tabscale = 500 points/nm
Generated table with 1020 data points for 1-4 COUL.
Tabscale = 500 points/nm
Generated table with 1020 data points for 1-4 LJ6.
Tabscale = 500 points/nm
Generated table with 1020 data points for 1-4 LJ12.
Tabscale = 500 points/nm

Using SSE4.1 4x4 non-bonded kernels

Potential shift: LJ r^-12: -1.000e+00 r^-6: -1.000e-03, Ewald -1.000e-05
Initialized non-bonded Ewald correction tables, spacing: 9.33e-04 size: 2189

Removing pbc first time

Initializing LINear Constraint Solver

++++ PLEASE READ AND CITE THE FOLLOWING REFERENCE ++++
B. Hess and H. Bekker and H. J. C. Berendsen and J. G. E. M. Fraaije
LINCS: A Linear Constraint Solver for molecular simulations
J. Comp. Chem. 18 (1997) pp. 1463-1472
-------- -------- --- Thank You --- -------- --------

The number of constraints is 323

++++ PLEASE READ AND CITE THE FOLLOWING REFERENCE ++++
S. Miyamoto and P. A. Kollman
SETTLE: An Analytical Version of the SHAKE and RATTLE Algorithms for Rigid
Water Models
J. Comp. Chem. 13 (1992) pp. 952-962
-------- -------- --- Thank You --- -------- --------

Center of mass motion removal mode is Linear
We have the following groups for center of mass motion removal:
  0:  rest

++++ PLEASE READ AND CITE THE FOLLOWING REFERENCE ++++
G. Bussi, D. Donadio and M. Parrinello
Canonical sampling through velocity rescaling
J. Chem. Phys. 126 (2007) pp. 014101
-------- -------- --- Thank You --- -------- --------

There are: 14100 Atoms

Constraining the starting coordinates (step 0)

Constraining the coordinates at t0-dt (step 0)
RMS relative constraint deviation after constraining: 3.83e-06
Initial temperature: 354.728 K

Started mdrun on rank 0 Mon Sep 18 00:09:59 2017
           Step           Time         Lambda
              0        0.00000        0.00000

   Energies (kJ/mol)
           Bond          Angle    Proper Dih.  Improper Dih.          LJ-14
    1.08865e+02    5.53911e+02    1.66193e+03    3.03505e+01    5.63376e+02
     Coulomb-14        LJ (SR)   Coulomb (SR)   Coul. recip.      LJ recip.
    1.06706e+04    5.77624e+04   -2.68776e+05    1.26157e+03   -1.69687e+04
      Potential    Kinetic En.   Total Energy  Conserved En.    Temperature
   -2.13132e+05    4.20507e+04   -1.71081e+05   -1.71081e+05    3.54788e+02
 Pressure (bar)   Constr. rmsd
    5.22960e+03    3.86315e-06

           Step           Time         Lambda
           5000       10.00000        0.00000

   Energies (kJ/mol)
           Bond          Angle    Proper Dih.  Improper Dih.          LJ-14
    5.09304e+02    1.29287e+03    1.68785e+03    8.88356e+01    5.98049e+02
     Coulomb-14        LJ (SR)   Coulomb (SR)   Coul. recip.      LJ recip.
    1.06726e+04    4.58025e+04   -2.28756e+05    1.27000e+03   -1.68112e+04
      Potential    Kinetic En.   Total Energy  Conserved En.    Temperature
   -1.83645e+05    4.06144e+04   -1.43031e+05   -1.70716e+05    3.42670e+02
 Pressure (bar)   Constr. rmsd
    5.05409e+03    3.00869e-06

Writing checkpoint, step 6680 at Mon Sep 18 00:25:04 2017


           Step           Time         Lambda
          10000       20.00000        0.00000

   Energies (kJ/mol)
           Bond          Angle    Proper Dih.  Improper Dih.          LJ-14
    4.82101e+02    1.44805e+03    1.67121e+03    8.91548e+01    5.88595e+02
     Coulomb-14        LJ (SR)   Coulomb (SR)   Coul. recip.      LJ recip.
    1.07522e+04    4.43872e+04   -2.24765e+05    1.36720e+03   -1.67986e+04
      Potential    Kinetic En.   Total Energy  Conserved En.    Temperature
   -1.80778e+05    4.26651e+04   -1.38113e+05   -1.70690e+05    3.59972e+02
 Pressure (bar)   Constr. rmsd
    4.90770e+03    3.54659e-06

Writing checkpoint, step 13360 at Mon Sep 18 00:40:03 2017


           Step           Time         Lambda
          15000       30.00000        0.00000

   Energies (kJ/mol)
           Bond          Angle    Proper Dih.  Improper Dih.          LJ-14
    5.06757e+02    1.57041e+03    1.62081e+03    7.02710e+01    5.95486e+02
     Coulomb-14        LJ (SR)   Coulomb (SR)   Coul. recip.      LJ recip.
    1.08103e+04    4.45135e+04   -2.24774e+05    1.32424e+03   -1.68110e+04
      Potential    Kinetic En.   Total Energy  Conserved En.    Temperature
   -1.80574e+05    4.23123e+04   -1.38261e+05   -1.70650e+05    3.56995e+02
 Pressure (bar)   Constr. rmsd
    4.98883e+03    5.18117e-06

           Step           Time         Lambda
          20000       40.00000        0.00000

   Energies (kJ/mol)
           Bond          Angle    Proper Dih.  Improper Dih.          LJ-14
    5.43846e+02    1.40969e+03    1.69648e+03    8.07759e+01    5.69660e+02
     Coulomb-14        LJ (SR)   Coulomb (SR)   Coul. recip.      LJ recip.
    1.08602e+04    4.49474e+04   -2.25515e+05    1.29189e+03   -1.67911e+04
      Potential    Kinetic En.   Total Energy  Conserved En.    Temperature
   -1.80906e+05    4.19642e+04   -1.38942e+05   -1.70621e+05    3.54058e+02
 Pressure (bar)   Constr. rmsd
    5.06554e+03    3.64580e-06

Writing checkpoint, step 20120 at Mon Sep 18 00:55:03 2017


           Step           Time         Lambda
          25000       50.00000        0.00000

   Energies (kJ/mol)
           Bond          Angle    Proper Dih.  Improper Dih.          LJ-14
    5.24444e+02    1.36019e+03    1.69957e+03    7.77499e+01    6.17113e+02
     Coulomb-14        LJ (SR)   Coulomb (SR)   Coul. recip.      LJ recip.
    1.07597e+04    4.53330e+04   -2.25613e+05    1.27404e+03   -1.68051e+04
      Potential    Kinetic En.   Total Energy  Conserved En.    Temperature
   -1.80772e+05    4.15760e+04   -1.39196e+05   -1.70597e+05    3.50783e+02
 Pressure (bar)   Constr. rmsd
    5.24126e+03    3.16595e-06

Writing checkpoint, step 26960 at Mon Sep 18 01:10:03 2017


           Step           Time         Lambda
          30000       60.00000        0.00000

   Energies (kJ/mol)
           Bond          Angle    Proper Dih.  Improper Dih.          LJ-14
    5.58614e+02    1.43298e+03    1.66009e+03    8.52185e+01    6.11620e+02
     Coulomb-14        LJ (SR)   Coulomb (SR)   Coul. recip.      LJ recip.
    1.08854e+04    4.45730e+04   -2.25145e+05    1.29939e+03   -1.67983e+04
      Potential    Kinetic En.   Total Energy  Conserved En.    Temperature
   -1.80837e+05    4.26665e+04   -1.38171e+05   -1.70565e+05    3.59984e+02
 Pressure (bar)   Constr. rmsd
    4.98896e+03    3.06852e-06

Writing checkpoint, step 33920 at Mon Sep 18 01:25:01 2017


           Step           Time         Lambda
          35000       70.00000        0.00000

   Energies (kJ/mol)
           Bond          Angle    Proper Dih.  Improper Dih.          LJ-14
    5.37774e+02    1.49787e+03    1.67967e+03    9.96019e+01    5.91036e+02
     Coulomb-14        LJ (SR)   Coulomb (SR)   Coul. recip.      LJ recip.
    1.08480e+04    4.43789e+04   -2.24907e+05    1.33897e+03   -1.68197e+04
      Potential    Kinetic En.   Total Energy  Conserved En.    Temperature
   -1.80755e+05    4.18516e+04   -1.38903e+05   -1.70540e+05    3.53109e+02
 Pressure (bar)   Constr. rmsd
    4.74468e+03    4.73702e-06

           Step           Time         Lambda
          40000       80.00000        0.00000

   Energies (kJ/mol)
           Bond          Angle    Proper Dih.  Improper Dih.          LJ-14
    4.55312e+02    1.44659e+03    1.66762e+03    9.68216e+01    5.75757e+02
     Coulomb-14        LJ (SR)   Coulomb (SR)   Coul. recip.      LJ recip.
    1.08664e+04    4.56135e+04   -2.25860e+05    1.34757e+03   -1.68080e+04
      Potential    Kinetic En.   Total Energy  Conserved En.    Temperature
   -1.80599e+05    4.23544e+04   -1.38244e+05   -1.70525e+05    3.57351e+02
 Pressure (bar)   Constr. rmsd
    5.46391e+03    3.08522e-06

Writing checkpoint, step 40740 at Mon Sep 18 01:40:03 2017


           Step           Time         Lambda
          45000       90.00000        0.00000

   Energies (kJ/mol)
           Bond          Angle    Proper Dih.  Improper Dih.          LJ-14
    5.29013e+02    1.48351e+03    1.70570e+03    9.61886e+01    6.13213e+02
     Coulomb-14        LJ (SR)   Coulomb (SR)   Coul. recip.      LJ recip.
    1.09007e+04    4.55874e+04   -2.26533e+05    1.34648e+03   -1.68156e+04
      Potential    Kinetic En.   Total Energy  Conserved En.    Temperature
   -1.81086e+05    4.16617e+04   -1.39425e+05   -1.70481e+05    3.51506e+02
 Pressure (bar)   Constr. rmsd
    5.53637e+03    3.92487e-06

Writing checkpoint, step 47640 at Mon Sep 18 01:55:02 2017


           Step           Time         Lambda
          50000      100.00000        0.00000

   Energies (kJ/mol)
           Bond          Angle    Proper Dih.  Improper Dih.          LJ-14
    5.48218e+02    1.36501e+03    1.68334e+03    7.49176e+01    5.60712e+02
     Coulomb-14        LJ (SR)   Coulomb (SR)   Coul. recip.      LJ recip.
    1.08855e+04    4.45096e+04   -2.25258e+05    1.34144e+03   -1.68188e+04
      Potential    Kinetic En.   Total Energy  Conserved En.    Temperature
   -1.81108e+05    4.21164e+04   -1.38991e+05   -1.70473e+05    3.55342e+02
 Pressure (bar)   Constr. rmsd
    4.82609e+03    3.76887e-06

Writing checkpoint, step 54620 at Mon Sep 18 02:10:04 2017


           Step           Time         Lambda
          55000      110.00000        0.00000

   Energies (kJ/mol)
           Bond          Angle    Proper Dih.  Improper Dih.          LJ-14
    5.41789e+02    1.39227e+03    1.64981e+03    9.01437e+01    5.66226e+02
     Coulomb-14        LJ (SR)   Coulomb (SR)   Coul. recip.      LJ recip.
    1.08375e+04    4.46035e+04   -2.25695e+05    1.33174e+03   -1.68061e+04
      Potential    Kinetic En.   Total Energy  Conserved En.    Temperature
   -1.81488e+05    4.23287e+04   -1.39159e+05   -1.70442e+05    3.57134e+02
 Pressure (bar)   Constr. rmsd
    4.71485e+03    3.09010e-06

           Step           Time         Lambda
          60000      120.00000        0.00000

   Energies (kJ/mol)
           Bond          Angle    Proper Dih.  Improper Dih.          LJ-14
    4.76860e+02    1.30967e+03    1.73903e+03    7.12953e+01    5.96632e+02
     Coulomb-14        LJ (SR)   Coulomb (SR)   Coul. recip.      LJ recip.
    1.10138e+04    4.38900e+04   -2.25126e+05    1.33976e+03   -1.68145e+04
      Potential    Kinetic En.   Total Energy  Conserved En.    Temperature
   -1.81504e+05    4.19120e+04   -1.39592e+05   -1.70413e+05    3.53618e+02
 Pressure (bar)   Constr. rmsd
    4.65459e+03    3.92882e-06

Writing checkpoint, step 61500 at Mon Sep 18 02:25:03 2017


           Step           Time         Lambda
          65000      130.00000        0.00000

   Energies (kJ/mol)
           Bond          Angle    Proper Dih.  Improper Dih.          LJ-14
    5.87203e+02    1.41636e+03    1.70824e+03    1.09229e+02    5.94185e+02
     Coulomb-14        LJ (SR)   Coulomb (SR)   Coul. recip.      LJ recip.
    1.07736e+04    4.49151e+04   -2.26261e+05    1.35629e+03   -1.68208e+04
      Potential    Kinetic En.   Total Energy  Conserved En.    Temperature
   -1.81622e+05    4.24339e+04   -1.39188e+05   -1.70386e+05    3.58021e+02
 Pressure (bar)   Constr. rmsd
    5.11853e+03    3.22544e-06

Writing checkpoint, step 68360 at Mon Sep 18 02:40:04 2017


           Step           Time         Lambda
          70000      140.00000        0.00000

   Energies (kJ/mol)
           Bond          Angle    Proper Dih.  Improper Dih.          LJ-14
    4.89018e+02    1.25818e+03    1.63979e+03    5.98304e+01    6.05154e+02
     Coulomb-14        LJ (SR)   Coulomb (SR)   Coul. recip.      LJ recip.
    1.09194e+04    4.46737e+04   -2.24886e+05    1.32454e+03   -1.68156e+04
      Potential    Kinetic En.   Total Energy  Conserved En.    Temperature
   -1.80732e+05    4.25169e+04   -1.38215e+05   -1.70386e+05    3.58722e+02
 Pressure (bar)   Constr. rmsd
    5.29342e+03    3.41053e-06

           Step           Time         Lambda
          75000      150.00000        0.00000

   Energies (kJ/mol)
           Bond          Angle    Proper Dih.  Improper Dih.          LJ-14
    5.29633e+02    1.35640e+03    1.66580e+03    7.50040e+01    5.92330e+02
     Coulomb-14        LJ (SR)   Coulomb (SR)   Coul. recip.      LJ recip.
    1.08785e+04    4.48874e+04   -2.25144e+05    1.35400e+03   -1.68164e+04
      Potential    Kinetic En.   Total Energy  Conserved En.    Temperature
   -1.80621e+05    4.23414e+04   -1.38280e+05   -1.70329e+05    3.57241e+02
 Pressure (bar)   Constr. rmsd
    5.10334e+03    3.07074e-06

Writing checkpoint, step 75160 at Mon Sep 18 02:55:04 2017


           Step           Time         Lambda
          80000      160.00000        0.00000

   Energies (kJ/mol)
           Bond          Angle    Proper Dih.  Improper Dih.          LJ-14
    4.86801e+02    1.46973e+03    1.66753e+03    9.73643e+01    6.30848e+02
     Coulomb-14        LJ (SR)   Coulomb (SR)   Coul. recip.      LJ recip.
    1.08718e+04    4.43707e+04   -2.24456e+05    1.29581e+03   -1.68184e+04
      Potential    Kinetic En.   Total Energy  Conserved En.    Temperature
   -1.80384e+05    4.19137e+04   -1.38470e+05   -1.70310e+05    3.53632e+02
 Pressure (bar)   Constr. rmsd
    4.94360e+03    3.57294e-06

Writing checkpoint, step 81920 at Mon Sep 18 03:10:01 2017


           Step           Time         Lambda
          85000      170.00000        0.00000

   Energies (kJ/mol)
           Bond          Angle    Proper Dih.  Improper Dih.          LJ-14
    4.72824e+02    1.45351e+03    1.68484e+03    9.25265e+01    6.50988e+02
     Coulomb-14        LJ (SR)   Coulomb (SR)   Coul. recip.      LJ recip.
    1.08815e+04    4.42839e+04   -2.24650e+05    1.29279e+03   -1.68139e+04
      Potential    Kinetic En.   Total Energy  Conserved En.    Temperature
   -1.80651e+05    4.25079e+04   -1.38143e+05   -1.70282e+05    3.58646e+02
 Pressure (bar)   Constr. rmsd
    4.97569e+03    3.39093e-06

Writing checkpoint, step 88800 at Mon Sep 18 03:25:03 2017


           Step           Time         Lambda
          90000      180.00000        0.00000

   Energies (kJ/mol)
           Bond          Angle    Proper Dih.  Improper Dih.          LJ-14
    4.27345e+02    1.44193e+03    1.67441e+03    9.52386e+01    6.18170e+02
     Coulomb-14        LJ (SR)   Coulomb (SR)   Coul. recip.      LJ recip.
    1.08518e+04    4.47132e+04   -2.24887e+05    1.37569e+03   -1.68127e+04
      Potential    Kinetic En.   Total Energy  Conserved En.    Temperature
   -1.80502e+05    4.25731e+04   -1.37929e+05   -1.70252e+05    3.59195e+02
 Pressure (bar)   Constr. rmsd
    5.21379e+03    3.79489e-06

           Step           Time         Lambda
          95000      190.00000        0.00000

   Energies (kJ/mol)
           Bond          Angle    Proper Dih.  Improper Dih.          LJ-14
    5.35906e+02    1.44206e+03    1.64336e+03    5.63126e+01    5.73855e+02
     Coulomb-14        LJ (SR)   Coulomb (SR)   Coul. recip.      LJ recip.
    1.08599e+04    4.46131e+04   -2.25024e+05    1.29038e+03   -1.68194e+04
      Potential    Kinetic En.   Total Energy  Conserved En.    Temperature
   -1.80829e+05    4.20973e+04   -1.38731e+05   -1.70210e+05    3.55182e+02
 Pressure (bar)   Constr. rmsd
    5.00263e+03    3.26958e-06

Writing checkpoint, step 95920 at Mon Sep 18 03:40:02 2017


           Step           Time         Lambda
         100000      200.00000        0.00000

Writing checkpoint, step 100000 at Mon Sep 18 03:48:43 2017


   Energies (kJ/mol)
           Bond          Angle    Proper Dih.  Improper Dih.          LJ-14
    5.38166e+02    1.45824e+03    1.66922e+03    9.51852e+01    6.01741e+02
     Coulomb-14        LJ (SR)   Coulomb (SR)   Coul. recip.      LJ recip.
    1.07446e+04    4.50634e+04   -2.25277e+05    1.26558e+03   -1.68229e+04
      Potential    Kinetic En.   Total Energy  Conserved En.    Temperature
   -1.80664e+05    4.16363e+04   -1.39027e+05   -1.70196e+05    3.51292e+02
 Pressure (bar)   Constr. rmsd
    5.36795e+03    3.98621e-06

	<======  ###############  ==>
	<====  A V E R A G E S  ====>
	<==  ###############  ======>

	Statistics over 100001 steps using 1001 frames

   Energies (kJ/mol)
           Bond          Angle    Proper Dih.  Improper Dih.          LJ-14
    5.12847e+02    1.40555e+03    1.68190e+03    8.07498e+01    5.95773e+02
     Coulomb-14        LJ (SR)   Coulomb (SR)   Coul. recip.      LJ recip.
    1.08444e+04    4.50101e+04   -2.25934e+05    1.32778e+03   -1.68103e+04
      Potential    Kinetic En.   Total Energy  Conserved En.    Temperature
   -1.81285e+05    4.17701e+04   -1.39515e+05   -1.70463e+05    3.52421e+02
 Pressure (bar)   Constr. rmsd
    5.04504e+03    0.00000e+00

   Total Virial (kJ/mol)
   -5.02161e+03   -3.20781e+01   -3.80323e+01
   -3.19642e+01   -5.13942e+03   -1.59540e+00
   -3.81248e+01   -1.82331e+00   -5.03496e+03

   Pressure (bar)
    5.03207e+03    6.77594e+00    9.64740e+00
    6.74567e+00    5.06076e+03    2.42838e+00
    9.67197e+00    2.48893e+00    5.04229e+03


	M E G A - F L O P S   A C C O U N T I N G

 NB=Group-cutoff nonbonded kernels    NxN=N-by-N cluster Verlet kernels
 RF=Reaction-Field  VdW=Van der Waals  QSTab=quadratic-spline table
 W3=SPC/TIP3p  W4=TIP4p (single or pairs)
 V&F=Potential and force  V=Potential only  F=Force only

 Computing:                               M-Number         M-Flops  % Flops
-----------------------------------------------------------------------------
 Pair Search distance check           23804.404908      214239.644     0.4
 NxN QSTab Elec. + LJ [F]            351169.471920    27040049.338    56.4
 NxN QSTab Elec. + LJ [V&F]            3551.353552      326724.527     0.7
 NxN QSTab Elec. [F]                 313538.483760    10660308.448    22.2
 NxN QSTab Elec. [V&F]                 3170.049568      129972.032     0.3
 1,4 nonbonded interactions             163.201632       14688.147     0.0
 Calc Weights                          4230.042300      152281.523     0.3
 Spread Q Bspline                    180481.804800      360963.610     0.8
 Gather F Bspline                    180481.804800     1082890.829     2.3
 3D-FFT                              961842.418328     7694739.347    16.1
 Solve PME                              540.805408       34611.546     0.1
 Shift-X                                 70.514100         423.085     0.0
 Bonds                                   30.400304        1793.618     0.0
 Angles                                 114.301143       19202.592     0.0
 Propers                                177.301773       40602.106     0.1
 Impropers                               11.400114        2371.224     0.0
 Virial                                  14.159145         254.865     0.0
 Stop-CM                                 14.128200         141.282     0.0
 Calc-Ekin                              141.028200        3807.761     0.0
 Lincs                                   32.300969        1938.058     0.0
 Lincs-Mat                              190.805724         763.223     0.0
 Constraint-V                          1411.028220       11288.226     0.0
 Constraint-Vir                          13.800787         331.219     0.0
 Settle                                 448.813464      144966.749     0.3
-----------------------------------------------------------------------------
 Total                                                47939352.997   100.0
-----------------------------------------------------------------------------


     R E A L   C Y C L E   A N D   T I M E   A C C O U N T I N G

On 1 MPI rank

 Computing:          Num   Num      Call    Wall time         Giga-Cycles
                     Ranks Threads  Count      (s)         total sum    %
-----------------------------------------------------------------------------
 Neighbor search        1    1       5001     191.505        510.702   1.5
 Force                  1    1     100001    6786.678      18098.616  51.7
 PME mesh               1    1     100001    5918.336      15782.933  45.1
 NB X/F buffer ops.     1    1     195001      26.778         71.410   0.2
 Write traj.            1    1         15       2.050          5.468   0.0
 Update                 1    1     100001      32.200         85.870   0.2
 Constraints            1    1     100001     154.900        413.085   1.2
 Rest                                          11.710         31.229   0.1
-----------------------------------------------------------------------------
 Total                                      13124.157      34999.313 100.0
-----------------------------------------------------------------------------
 Breakdown of PME mesh computation
-----------------------------------------------------------------------------
 PME spread/gather      1    1     400004     753.545       2009.544   5.7
 PME 3D-FFT             1    1     400004    4820.063      12854.076  36.7
 PME solve LJ           1    1     100001     260.380        694.377   2.0
 PME solve Elec         1    1     100001      81.846        218.267   0.6
-----------------------------------------------------------------------------

               Core t (s)   Wall t (s)        (%)
       Time:    13106.702    13124.157       99.9
                         3h38:44
                 (ns/day)    (hour/ns)
Performance:        1.317       18.228
Finished mdrun on rank 0 Mon Sep 18 03:48:43 2017
