2017-09-25 19:53:20,821: state.pubsub.pub.0004: umgr.staging.output.0           : MainThread     : INFO    : python.interpreter   version: 2.7.12 (default, Nov 19 2016, 06:48:10) [GCC 5.4.0 20160609]
2017-09-25 19:53:20,822: state.pubsub.pub.0004: umgr.staging.output.0           : MainThread     : INFO    :                      pid: 21037
2017-09-25 19:53:20,822: state.pubsub.pub.0004: umgr.staging.output.0           : MainThread     : INFO    :                      tid: MainThread
2017-09-25 19:53:20,822: state.pubsub.pub.0004: umgr.staging.output.0           : MainThread     : INFO    : radical.pilot        version: 0.47-v0.46.2-124-g109e344d@rc-v0.46.3
2017-09-25 19:53:20,822: state.pubsub.pub.0004: umgr.staging.output.0           : MainThread     : INFO    : create state_pubsub - pub - tcp://138.201.86.166:37256
2017-09-25 19:53:20,823: state.pubsub.pub.0004: umgr.staging.output.0           : MainThread     : DEBUG   : start process
2017-09-25 19:53:20,823: state.pubsub.pub.0004: umgr.staging.output.0           : MainThread     : DEBUG   : ru_initialize_common (NOOP)
2017-09-25 19:53:20,823: state.pubsub.pub.0004: umgr.staging.output.0           : MainThread     : DEBUG   : ru_initialize_parent (NOOP)
2017-09-25 19:53:20,823: state.pubsub.pub.0004: umgr.staging.output.0           : MainThread     : DEBUG   : process class started (no child)
2017-09-25 19:53:20,869: state.pubsub.pub.0004: MainProcess                     : MainThread     : INFO    : python.interpreter   version: 2.7.12 (default, Nov 19 2016, 06:48:10) [GCC 5.4.0 20160609]
2017-09-25 19:53:20,870: state.pubsub.pub.0004: MainProcess                     : MainThread     : INFO    :                      pid: 20562
2017-09-25 19:53:20,870: state.pubsub.pub.0004: MainProcess                     : MainThread     : INFO    :                      tid: MainThread
2017-09-25 19:53:20,870: state.pubsub.pub.0004: MainProcess                     : MainThread     : INFO    : radical.pilot        version: 0.47-v0.46.2-124-g109e344d@rc-v0.46.3
2017-09-25 19:53:20,870: state.pubsub.pub.0004: MainProcess                     : MainThread     : INFO    : create state_pubsub - pub - tcp://138.201.86.166:37256
2017-09-25 19:53:20,871: state.pubsub.pub.0004: MainProcess                     : MainThread     : DEBUG   : start process
2017-09-25 19:53:20,871: state.pubsub.pub.0004: MainProcess                     : MainThread     : DEBUG   : ru_initialize_common (NOOP)
2017-09-25 19:53:20,871: state.pubsub.pub.0004: MainProcess                     : MainThread     : DEBUG   : ru_initialize_parent (NOOP)
2017-09-25 19:53:20,871: state.pubsub.pub.0004: MainProcess                     : MainThread     : DEBUG   : process class started (no child)
2017-09-25 20:43:52,677: state.pubsub.pub.0004: MainProcess                     : MainThread     : INFO    : parent stops child  20562 -> None [state.pubsub.pub.0004]
2017-09-25 20:43:52,677: state.pubsub.pub.0004: MainProcess                     : MainThread     : DEBUG   : ru_finalize_parent (NOOP)
2017-09-25 20:43:53,551: state.pubsub.pub.0004: umgr.staging.output.0           : MainThread     : INFO    : parent stops child  21037 -> None [state.pubsub.pub.0004]
2017-09-25 20:43:53,551: state.pubsub.pub.0004: umgr.staging.output.0           : MainThread     : DEBUG   : ru_finalize_parent (NOOP)
