000 (9904986.000.000) 10/27 13:38:40 Job submitted from host: <129.79.53.198:9615?addrs=129.79.53.198-9615+[fd2f-6feb-37--1f]-9615&noUDP&sock=930205_24f3_5>
...
001 (9904986.000.000) 10/27 15:09:35 Job executing on host: <10.1.255.239:59079?CCBID=129.79.53.179:9834%3faddrs%3d129.79.53.179-9834+[fd2f-6feb-37--1d]-9834#2140918&addrs=10.1.255.239-59079&noUDP>
...
006 (9904986.000.000) 10/27 15:09:44 Image size of job updated: 1
	3  -  MemoryUsage of job (MB)
	2540  -  ResidentSetSize of job (KB)
...
006 (9904986.000.000) 10/27 15:14:44 Image size of job updated: 86716
	23  -  MemoryUsage of job (MB)
	23216  -  ResidentSetSize of job (KB)
...
006 (9904986.000.000) 10/27 15:24:47 Image size of job updated: 86716
	23  -  MemoryUsage of job (MB)
	23228  -  ResidentSetSize of job (KB)
...
006 (9904986.000.000) 10/27 15:29:47 Image size of job updated: 88044
	24  -  MemoryUsage of job (MB)
	24436  -  ResidentSetSize of job (KB)
...
006 (9904986.000.000) 10/27 15:34:47 Image size of job updated: 88044
	25  -  MemoryUsage of job (MB)
	24636  -  ResidentSetSize of job (KB)
...
005 (9904986.000.000) 10/27 15:48:36 Job terminated.
	(1) Normal termination (return value 0)
		Usr 0 00:38:43, Sys 0 00:00:00  -  Run Remote Usage
		Usr 0 00:00:00, Sys 0 00:00:00  -  Run Local Usage
		Usr 0 00:38:43, Sys 0 00:00:00  -  Total Remote Usage
		Usr 0 00:00:00, Sys 0 00:00:00  -  Total Local Usage
	28422  -  Run Bytes Sent By Job
	816753  -  Run Bytes Received By Job
	28422  -  Total Bytes Sent By Job
	816753  -  Total Bytes Received By Job
	Partitionable Resources :    Usage  Request Allocated
	   Cpus                 :                 1         1
	   Disk (KB)            :     3015     1000 739745832
	   Memory (MB)          :       25     1800      2048
...
