2017-05-31 02:40:29,073: control.pubsub.bridge: MainProcess                     : MainThread     : INFO    : python.interpreter   version: 2.7.12 (default, Nov 19 2016, 06:48:10) [GCC 5.4.0 20160609]
2017-05-31 02:40:29,074: control.pubsub.bridge: MainProcess                     : MainThread     : INFO    :                      pid: 27015
2017-05-31 02:40:29,074: control.pubsub.bridge: MainProcess                     : MainThread     : INFO    :                      tid: MainThread
2017-05-31 02:40:29,074: control.pubsub.bridge: MainProcess                     : MainThread     : INFO    : radical.pilot        version: split-81-gf853cc9b@feature-bridges
2017-05-31 02:40:29,075: control.pubsub.bridge: MainProcess                     : MainThread     : INFO    : create control_pubsub - bridge - tcp://*:*
2017-05-31 02:40:29,077: control.pubsub.bridge: MainProcess                     : MainThread     : DEBUG   : start process
2017-05-31 02:40:29,079: control.pubsub.bridge: control.pubsub.bridge           : MainThread     : INFO    : child (me) initializing
2017-05-31 02:40:29,079: control.pubsub.bridge: control.pubsub.bridge           : MainThread     : DEBUG   : start thread
2017-05-31 02:40:29,080: control.pubsub.bridge: control.pubsub.bridge           : control.pubsub.bridge.child.watch: INFO    : child (me) initializing
2017-05-31 02:40:29,080: control.pubsub.bridge: control.pubsub.bridge           : control.pubsub.bridge.child.watch: DEBUG   : ru_initialize_common (NOOP)
2017-05-31 02:40:29,080: control.pubsub.bridge: control.pubsub.bridge           : control.pubsub.bridge.child.watch: DEBUG   : ru_initialize_child (NOOP)
2017-05-31 02:40:29,080: control.pubsub.bridge: control.pubsub.bridge           : control.pubsub.bridge.child.watch: INFO    : send alive
2017-05-31 02:40:29,080: control.pubsub.bridge: control.pubsub.bridge           : control.pubsub.bridge.child.watch: INFO    : send message: alive
2017-05-31 02:40:29,081: control.pubsub.bridge: control.pubsub.bridge           : MainThread     : INFO    : recv message: alive
2017-05-31 02:40:29,081: control.pubsub.bridge: control.pubsub.bridge           : MainThread     : DEBUG   : ru_initialize_common (NOOP)
2017-05-31 02:40:29,081: control.pubsub.bridge: control.pubsub.bridge           : MainThread     : DEBUG   : ru_initialize_parent (NOOP)
2017-05-31 02:40:29,081: control.pubsub.bridge: control.pubsub.bridge           : MainThread     : DEBUG   : child thread control.pubsub.bridge.child.watch started
2017-05-31 02:40:29,081: control.pubsub.bridge: control.pubsub.bridge           : MainThread     : INFO    : child (me) is alive
2017-05-31 02:40:29,081: control.pubsub.bridge: control.pubsub.bridge           : MainThread     : DEBUG   : ru_initialize_common (NOOP)
2017-05-31 02:40:29,083: control.pubsub.bridge: control.pubsub.bridge.child     : MainThread     : INFO    : send alive
2017-05-31 02:40:29,083: control.pubsub.bridge: control.pubsub.bridge.child     : MainThread     : INFO    : send message: alive
2017-05-31 02:40:29,084: control.pubsub.bridge: MainProcess                     : MainThread     : INFO    : recv message: alive
2017-05-31 02:40:29,084: control.pubsub.bridge: MainProcess                     : MainThread     : DEBUG   : start thread
2017-05-31 02:40:29,084: control.pubsub.bridge: MainProcess                     : control.pubsub.bridge.watch: INFO    : child (me) initializing
2017-05-31 02:40:29,084: control.pubsub.bridge: MainProcess                     : control.pubsub.bridge.watch: DEBUG   : ru_initialize_common (NOOP)
2017-05-31 02:40:29,085: control.pubsub.bridge: MainProcess                     : control.pubsub.bridge.watch: DEBUG   : ru_initialize_child (NOOP)
2017-05-31 02:40:29,085: control.pubsub.bridge: MainProcess                     : control.pubsub.bridge.watch: INFO    : send alive
2017-05-31 02:40:29,085: control.pubsub.bridge: MainProcess                     : control.pubsub.bridge.watch: INFO    : send message: alive
2017-05-31 02:40:29,086: control.pubsub.bridge: MainProcess                     : MainThread     : INFO    : recv message: alive
2017-05-31 02:40:29,086: control.pubsub.bridge: MainProcess                     : MainThread     : DEBUG   : ru_initialize_common (NOOP)
2017-05-31 02:40:29,086: control.pubsub.bridge: MainProcess                     : MainThread     : DEBUG   : ru_initialize_parent (NOOP)
2017-05-31 02:40:29,086: control.pubsub.bridge: MainProcess                     : MainThread     : DEBUG   : child thread control.pubsub.bridge.watch started
2017-05-31 02:40:29,086: control.pubsub.bridge: MainProcess                     : MainThread     : INFO    : child is alive
2017-05-31 02:40:29,086: control.pubsub.bridge: MainProcess                     : MainThread     : DEBUG   : ru_initialize_common (NOOP)
2017-05-31 02:40:29,086: control.pubsub.bridge: MainProcess                     : MainThread     : DEBUG   : ru_initialize_parent (NOOP)
2017-05-31 02:40:29,086: control.pubsub.bridge: MainProcess                     : MainThread     : DEBUG   : child process started
2017-05-31 03:21:08,442: control.pubsub.bridge: MainProcess                     : MainThread     : INFO    : parent stops child
2017-05-31 03:21:08,442: control.pubsub.bridge: MainProcess                     : MainThread     : DEBUG   : ru_finalize_parent (NOOP)
2017-05-31 03:21:08,442: control.pubsub.bridge: MainProcess                     : MainThread     : DEBUG   : ru_finalize_common (NOOP)
2017-05-31 03:21:08,442: control.pubsub.bridge: MainProcess                     : MainThread     : INFO    : parent stops child
2017-05-31 03:21:08,443: control.pubsub.bridge: MainProcess                     : MainThread     : DEBUG   : ru_finalize_parent (NOOP)
2017-05-31 03:21:08,443: control.pubsub.bridge: MainProcess                     : MainThread     : DEBUG   : ru_finalize_common (NOOP)
2017-05-31 03:21:08,508: control.pubsub.bridge: MainProcess                     : control.pubsub.bridge.watch: INFO    : send message: work finished
2017-05-31 03:21:08,509: control.pubsub.bridge: MainProcess                     : control.pubsub.bridge.watch: DEBUG   : ru_finalize_child (NOOP)
2017-05-31 03:21:08,509: control.pubsub.bridge: MainProcess                     : control.pubsub.bridge.watch: DEBUG   : ru_finalize_common (NOOP)
2017-05-31 03:21:08,509: control.pubsub.bridge: MainProcess                     : control.pubsub.bridge.watch: INFO    : send message: terminating
2017-05-31 03:21:08,657: control.pubsub.bridge: MainProcess                     : MainThread     : WARNING : failed to stop child - terminate
2017-05-31 03:21:10,187: control.pubsub.bridge: MainProcess                     : MainThread     : INFO    : radical.pilot        version: split-81-gf853cc9b@feature-bridges
2017-05-31 03:21:10,220: control.pubsub.bridge: MainProcess                     : MainThread     : INFO    : create control_pubsub - bridge - tcp://*:*
2017-05-31 03:21:10,221: control.pubsub.bridge: MainProcess                     : MainThread     : DEBUG   : start process
2017-05-31 03:21:10,231: control.pubsub.bridge: control.pubsub.bridge           : MainThread     : INFO    : child (me) initializing
2017-05-31 03:21:10,231: control.pubsub.bridge: control.pubsub.bridge           : MainThread     : DEBUG   : start thread
2017-05-31 03:21:10,231: control.pubsub.bridge: control.pubsub.bridge           : control.pubsub.bridge.child.watch: INFO    : child (me) initializing
2017-05-31 03:21:10,231: control.pubsub.bridge: control.pubsub.bridge           : control.pubsub.bridge.child.watch: DEBUG   : ru_initialize_common (NOOP)
2017-05-31 03:21:10,231: control.pubsub.bridge: control.pubsub.bridge           : control.pubsub.bridge.child.watch: DEBUG   : ru_initialize_child (NOOP)
2017-05-31 03:21:10,232: control.pubsub.bridge: control.pubsub.bridge           : control.pubsub.bridge.child.watch: INFO    : send alive
2017-05-31 03:21:10,232: control.pubsub.bridge: control.pubsub.bridge           : control.pubsub.bridge.child.watch: INFO    : send message: alive
2017-05-31 03:21:10,232: control.pubsub.bridge: control.pubsub.bridge           : MainThread     : INFO    : recv message: alive
2017-05-31 03:21:10,233: control.pubsub.bridge: control.pubsub.bridge           : MainThread     : DEBUG   : ru_initialize_common (NOOP)
2017-05-31 03:21:10,233: control.pubsub.bridge: control.pubsub.bridge           : MainThread     : DEBUG   : ru_initialize_parent (NOOP)
2017-05-31 03:21:10,233: control.pubsub.bridge: control.pubsub.bridge           : MainThread     : DEBUG   : child thread control.pubsub.bridge.child.watch started
2017-05-31 03:21:10,233: control.pubsub.bridge: control.pubsub.bridge           : MainThread     : INFO    : child (me) is alive
2017-05-31 03:21:10,233: control.pubsub.bridge: control.pubsub.bridge           : MainThread     : DEBUG   : ru_initialize_common (NOOP)
2017-05-31 03:21:10,234: control.pubsub.bridge: control.pubsub.bridge.child     : MainThread     : INFO    : send alive
2017-05-31 03:21:10,235: control.pubsub.bridge: control.pubsub.bridge.child     : MainThread     : INFO    : send message: alive
2017-05-31 03:21:10,235: control.pubsub.bridge: MainProcess                     : MainThread     : INFO    : recv message: alive
2017-05-31 03:21:10,235: control.pubsub.bridge: MainProcess                     : MainThread     : DEBUG   : start thread
2017-05-31 03:21:10,235: control.pubsub.bridge: MainProcess                     : control.pubsub.bridge.watch: INFO    : child (me) initializing
2017-05-31 03:21:10,235: control.pubsub.bridge: MainProcess                     : control.pubsub.bridge.watch: DEBUG   : ru_initialize_common (NOOP)
2017-05-31 03:21:10,235: control.pubsub.bridge: MainProcess                     : control.pubsub.bridge.watch: DEBUG   : ru_initialize_child (NOOP)
2017-05-31 03:21:10,235: control.pubsub.bridge: MainProcess                     : control.pubsub.bridge.watch: INFO    : send alive
2017-05-31 03:21:10,236: control.pubsub.bridge: MainProcess                     : control.pubsub.bridge.watch: INFO    : send message: alive
2017-05-31 03:21:10,236: control.pubsub.bridge: MainProcess                     : MainThread     : INFO    : recv message: alive
2017-05-31 03:21:10,236: control.pubsub.bridge: MainProcess                     : MainThread     : DEBUG   : ru_initialize_common (NOOP)
2017-05-31 03:21:10,237: control.pubsub.bridge: MainProcess                     : MainThread     : DEBUG   : ru_initialize_parent (NOOP)
2017-05-31 03:21:10,237: control.pubsub.bridge: MainProcess                     : MainThread     : DEBUG   : child thread control.pubsub.bridge.watch started
2017-05-31 03:21:10,237: control.pubsub.bridge: MainProcess                     : MainThread     : INFO    : child is alive
2017-05-31 03:21:10,237: control.pubsub.bridge: MainProcess                     : MainThread     : DEBUG   : ru_initialize_common (NOOP)
2017-05-31 03:21:10,237: control.pubsub.bridge: MainProcess                     : MainThread     : DEBUG   : ru_initialize_parent (NOOP)
2017-05-31 03:21:10,237: control.pubsub.bridge: MainProcess                     : MainThread     : DEBUG   : child process started
2017-05-31 03:28:41,668: control.pubsub.bridge: MainProcess                     : MainThread     : INFO    : parent stops child
2017-05-31 03:28:41,669: control.pubsub.bridge: MainProcess                     : MainThread     : DEBUG   : ru_finalize_parent (NOOP)
2017-05-31 03:28:41,669: control.pubsub.bridge: MainProcess                     : MainThread     : DEBUG   : ru_finalize_common (NOOP)
2017-05-31 03:28:41,669: control.pubsub.bridge: MainProcess                     : MainThread     : INFO    : parent stops child
2017-05-31 03:28:41,669: control.pubsub.bridge: MainProcess                     : MainThread     : DEBUG   : ru_finalize_parent (NOOP)
2017-05-31 03:28:41,669: control.pubsub.bridge: MainProcess                     : MainThread     : DEBUG   : ru_finalize_common (NOOP)
2017-05-31 03:28:41,761: control.pubsub.bridge: MainProcess                     : control.pubsub.bridge.watch: INFO    : send message: work finished
2017-05-31 03:28:41,762: control.pubsub.bridge: MainProcess                     : control.pubsub.bridge.watch: DEBUG   : ru_finalize_child (NOOP)
2017-05-31 03:28:41,762: control.pubsub.bridge: MainProcess                     : control.pubsub.bridge.watch: DEBUG   : ru_finalize_common (NOOP)
2017-05-31 03:28:41,762: control.pubsub.bridge: MainProcess                     : control.pubsub.bridge.watch: INFO    : send message: terminating
2017-05-31 03:28:41,884: control.pubsub.bridge: MainProcess                     : MainThread     : WARNING : failed to stop child - terminate
2017-05-31 03:28:43,455: control.pubsub.bridge: MainProcess                     : MainThread     : INFO    : radical.pilot        version: split-81-gf853cc9b@feature-bridges
2017-05-31 03:28:43,455: control.pubsub.bridge: MainProcess                     : MainThread     : INFO    : create control_pubsub - bridge - tcp://*:*
2017-05-31 03:28:43,456: control.pubsub.bridge: MainProcess                     : MainThread     : DEBUG   : start process
2017-05-31 03:28:43,463: control.pubsub.bridge: control.pubsub.bridge           : MainThread     : INFO    : child (me) initializing
2017-05-31 03:28:43,464: control.pubsub.bridge: control.pubsub.bridge           : MainThread     : DEBUG   : start thread
2017-05-31 03:28:43,464: control.pubsub.bridge: control.pubsub.bridge           : control.pubsub.bridge.child.watch: INFO    : child (me) initializing
2017-05-31 03:28:43,464: control.pubsub.bridge: control.pubsub.bridge           : control.pubsub.bridge.child.watch: DEBUG   : ru_initialize_common (NOOP)
2017-05-31 03:28:43,464: control.pubsub.bridge: control.pubsub.bridge           : control.pubsub.bridge.child.watch: DEBUG   : ru_initialize_child (NOOP)
2017-05-31 03:28:43,464: control.pubsub.bridge: control.pubsub.bridge           : control.pubsub.bridge.child.watch: INFO    : send alive
2017-05-31 03:28:43,464: control.pubsub.bridge: control.pubsub.bridge           : control.pubsub.bridge.child.watch: INFO    : send message: alive
2017-05-31 03:28:43,465: control.pubsub.bridge: control.pubsub.bridge           : MainThread     : INFO    : recv message: alive
2017-05-31 03:28:43,465: control.pubsub.bridge: control.pubsub.bridge           : MainThread     : DEBUG   : ru_initialize_common (NOOP)
2017-05-31 03:28:43,466: control.pubsub.bridge: control.pubsub.bridge           : MainThread     : DEBUG   : ru_initialize_parent (NOOP)
2017-05-31 03:28:43,466: control.pubsub.bridge: control.pubsub.bridge           : MainThread     : DEBUG   : child thread control.pubsub.bridge.child.watch started
2017-05-31 03:28:43,466: control.pubsub.bridge: control.pubsub.bridge           : MainThread     : INFO    : child (me) is alive
2017-05-31 03:28:43,466: control.pubsub.bridge: control.pubsub.bridge           : MainThread     : DEBUG   : ru_initialize_common (NOOP)
2017-05-31 03:28:43,467: control.pubsub.bridge: control.pubsub.bridge.child     : MainThread     : INFO    : send alive
2017-05-31 03:28:43,467: control.pubsub.bridge: control.pubsub.bridge.child     : MainThread     : INFO    : send message: alive
2017-05-31 03:28:43,468: control.pubsub.bridge: MainProcess                     : MainThread     : INFO    : recv message: alive
2017-05-31 03:28:43,468: control.pubsub.bridge: MainProcess                     : MainThread     : DEBUG   : start thread
2017-05-31 03:28:43,468: control.pubsub.bridge: MainProcess                     : control.pubsub.bridge.watch: INFO    : child (me) initializing
2017-05-31 03:28:43,468: control.pubsub.bridge: MainProcess                     : control.pubsub.bridge.watch: DEBUG   : ru_initialize_common (NOOP)
2017-05-31 03:28:43,468: control.pubsub.bridge: MainProcess                     : control.pubsub.bridge.watch: DEBUG   : ru_initialize_child (NOOP)
2017-05-31 03:28:43,468: control.pubsub.bridge: MainProcess                     : control.pubsub.bridge.watch: INFO    : send alive
2017-05-31 03:28:43,468: control.pubsub.bridge: MainProcess                     : control.pubsub.bridge.watch: INFO    : send message: alive
2017-05-31 03:28:43,469: control.pubsub.bridge: MainProcess                     : MainThread     : INFO    : recv message: alive
2017-05-31 03:28:43,470: control.pubsub.bridge: MainProcess                     : MainThread     : DEBUG   : ru_initialize_common (NOOP)
2017-05-31 03:28:43,470: control.pubsub.bridge: MainProcess                     : MainThread     : DEBUG   : ru_initialize_parent (NOOP)
2017-05-31 03:28:43,470: control.pubsub.bridge: MainProcess                     : MainThread     : DEBUG   : child thread control.pubsub.bridge.watch started
2017-05-31 03:28:43,470: control.pubsub.bridge: MainProcess                     : MainThread     : INFO    : child is alive
2017-05-31 03:28:43,470: control.pubsub.bridge: MainProcess                     : MainThread     : DEBUG   : ru_initialize_common (NOOP)
2017-05-31 03:28:43,470: control.pubsub.bridge: MainProcess                     : MainThread     : DEBUG   : ru_initialize_parent (NOOP)
2017-05-31 03:28:43,470: control.pubsub.bridge: MainProcess                     : MainThread     : DEBUG   : child process started
2017-05-31 03:36:43,341: control.pubsub.bridge: MainProcess                     : MainThread     : INFO    : parent stops child
2017-05-31 03:36:43,341: control.pubsub.bridge: MainProcess                     : MainThread     : DEBUG   : ru_finalize_parent (NOOP)
2017-05-31 03:36:43,342: control.pubsub.bridge: MainProcess                     : MainThread     : DEBUG   : ru_finalize_common (NOOP)
2017-05-31 03:36:43,342: control.pubsub.bridge: MainProcess                     : MainThread     : INFO    : parent stops child
2017-05-31 03:36:43,342: control.pubsub.bridge: MainProcess                     : MainThread     : DEBUG   : ru_finalize_parent (NOOP)
2017-05-31 03:36:43,342: control.pubsub.bridge: MainProcess                     : MainThread     : DEBUG   : ru_finalize_common (NOOP)
2017-05-31 03:36:43,422: control.pubsub.bridge: MainProcess                     : control.pubsub.bridge.watch: INFO    : send message: work finished
2017-05-31 03:36:43,423: control.pubsub.bridge: MainProcess                     : control.pubsub.bridge.watch: DEBUG   : ru_finalize_child (NOOP)
2017-05-31 03:36:43,423: control.pubsub.bridge: MainProcess                     : control.pubsub.bridge.watch: DEBUG   : ru_finalize_common (NOOP)
2017-05-31 03:36:43,423: control.pubsub.bridge: MainProcess                     : control.pubsub.bridge.watch: INFO    : send message: terminating
2017-05-31 03:36:43,557: control.pubsub.bridge: MainProcess                     : MainThread     : WARNING : failed to stop child - terminate
2017-05-31 03:36:45,083: control.pubsub.bridge: MainProcess                     : MainThread     : INFO    : radical.pilot        version: split-81-gf853cc9b@feature-bridges
2017-05-31 03:36:45,083: control.pubsub.bridge: MainProcess                     : MainThread     : INFO    : create control_pubsub - bridge - tcp://*:*
2017-05-31 03:36:45,084: control.pubsub.bridge: MainProcess                     : MainThread     : DEBUG   : start process
2017-05-31 03:36:45,096: control.pubsub.bridge: control.pubsub.bridge           : MainThread     : INFO    : child (me) initializing
2017-05-31 03:36:45,097: control.pubsub.bridge: control.pubsub.bridge           : MainThread     : DEBUG   : start thread
2017-05-31 03:36:45,097: control.pubsub.bridge: control.pubsub.bridge           : control.pubsub.bridge.child.watch: INFO    : child (me) initializing
2017-05-31 03:36:45,097: control.pubsub.bridge: control.pubsub.bridge           : control.pubsub.bridge.child.watch: DEBUG   : ru_initialize_common (NOOP)
2017-05-31 03:36:45,097: control.pubsub.bridge: control.pubsub.bridge           : control.pubsub.bridge.child.watch: DEBUG   : ru_initialize_child (NOOP)
2017-05-31 03:36:45,097: control.pubsub.bridge: control.pubsub.bridge           : control.pubsub.bridge.child.watch: INFO    : send alive
2017-05-31 03:36:45,097: control.pubsub.bridge: control.pubsub.bridge           : control.pubsub.bridge.child.watch: INFO    : send message: alive
2017-05-31 03:36:45,098: control.pubsub.bridge: control.pubsub.bridge           : MainThread     : INFO    : recv message: alive
2017-05-31 03:36:45,098: control.pubsub.bridge: control.pubsub.bridge           : MainThread     : DEBUG   : ru_initialize_common (NOOP)
2017-05-31 03:36:45,098: control.pubsub.bridge: control.pubsub.bridge           : MainThread     : DEBUG   : ru_initialize_parent (NOOP)
2017-05-31 03:36:45,099: control.pubsub.bridge: control.pubsub.bridge           : MainThread     : DEBUG   : child thread control.pubsub.bridge.child.watch started
2017-05-31 03:36:45,099: control.pubsub.bridge: control.pubsub.bridge           : MainThread     : INFO    : child (me) is alive
2017-05-31 03:36:45,099: control.pubsub.bridge: control.pubsub.bridge           : MainThread     : DEBUG   : ru_initialize_common (NOOP)
2017-05-31 03:36:45,100: control.pubsub.bridge: control.pubsub.bridge.child     : MainThread     : INFO    : send alive
2017-05-31 03:36:45,100: control.pubsub.bridge: control.pubsub.bridge.child     : MainThread     : INFO    : send message: alive
2017-05-31 03:36:45,101: control.pubsub.bridge: MainProcess                     : MainThread     : INFO    : recv message: alive
2017-05-31 03:36:45,101: control.pubsub.bridge: MainProcess                     : MainThread     : DEBUG   : start thread
2017-05-31 03:36:45,101: control.pubsub.bridge: MainProcess                     : control.pubsub.bridge.watch: INFO    : child (me) initializing
2017-05-31 03:36:45,101: control.pubsub.bridge: MainProcess                     : control.pubsub.bridge.watch: DEBUG   : ru_initialize_common (NOOP)
2017-05-31 03:36:45,101: control.pubsub.bridge: MainProcess                     : control.pubsub.bridge.watch: DEBUG   : ru_initialize_child (NOOP)
2017-05-31 03:36:45,101: control.pubsub.bridge: MainProcess                     : control.pubsub.bridge.watch: INFO    : send alive
2017-05-31 03:36:45,101: control.pubsub.bridge: MainProcess                     : control.pubsub.bridge.watch: INFO    : send message: alive
2017-05-31 03:36:45,102: control.pubsub.bridge: MainProcess                     : MainThread     : INFO    : recv message: alive
2017-05-31 03:36:45,102: control.pubsub.bridge: MainProcess                     : MainThread     : DEBUG   : ru_initialize_common (NOOP)
2017-05-31 03:36:45,103: control.pubsub.bridge: MainProcess                     : MainThread     : DEBUG   : ru_initialize_parent (NOOP)
2017-05-31 03:36:45,103: control.pubsub.bridge: MainProcess                     : MainThread     : DEBUG   : child thread control.pubsub.bridge.watch started
2017-05-31 03:36:45,103: control.pubsub.bridge: MainProcess                     : MainThread     : INFO    : child is alive
2017-05-31 03:36:45,103: control.pubsub.bridge: MainProcess                     : MainThread     : DEBUG   : ru_initialize_common (NOOP)
2017-05-31 03:36:45,103: control.pubsub.bridge: MainProcess                     : MainThread     : DEBUG   : ru_initialize_parent (NOOP)
2017-05-31 03:36:45,103: control.pubsub.bridge: MainProcess                     : MainThread     : DEBUG   : child process started
2017-05-31 03:44:28,342: control.pubsub.bridge: MainProcess                     : MainThread     : INFO    : parent stops child
2017-05-31 03:44:28,342: control.pubsub.bridge: MainProcess                     : MainThread     : DEBUG   : ru_finalize_parent (NOOP)
2017-05-31 03:44:28,342: control.pubsub.bridge: MainProcess                     : MainThread     : DEBUG   : ru_finalize_common (NOOP)
2017-05-31 03:44:28,342: control.pubsub.bridge: MainProcess                     : MainThread     : INFO    : parent stops child
2017-05-31 03:44:28,343: control.pubsub.bridge: MainProcess                     : MainThread     : DEBUG   : ru_finalize_parent (NOOP)
2017-05-31 03:44:28,343: control.pubsub.bridge: MainProcess                     : MainThread     : DEBUG   : ru_finalize_common (NOOP)
2017-05-31 03:44:28,417: control.pubsub.bridge: MainProcess                     : control.pubsub.bridge.watch: INFO    : send message: work finished
2017-05-31 03:44:28,418: control.pubsub.bridge: MainProcess                     : control.pubsub.bridge.watch: DEBUG   : ru_finalize_child (NOOP)
2017-05-31 03:44:28,418: control.pubsub.bridge: MainProcess                     : control.pubsub.bridge.watch: DEBUG   : ru_finalize_common (NOOP)
2017-05-31 03:44:28,418: control.pubsub.bridge: MainProcess                     : control.pubsub.bridge.watch: INFO    : send message: terminating
2017-05-31 03:44:28,557: control.pubsub.bridge: MainProcess                     : MainThread     : WARNING : failed to stop child - terminate
2017-05-31 03:44:29,984: control.pubsub.bridge: MainProcess                     : MainThread     : INFO    : radical.pilot        version: split-81-gf853cc9b@feature-bridges
2017-05-31 03:44:29,984: control.pubsub.bridge: MainProcess                     : MainThread     : INFO    : create control_pubsub - bridge - tcp://*:*
2017-05-31 03:44:29,985: control.pubsub.bridge: MainProcess                     : MainThread     : DEBUG   : start process
2017-05-31 03:44:29,998: control.pubsub.bridge: control.pubsub.bridge           : MainThread     : INFO    : child (me) initializing
2017-05-31 03:44:29,999: control.pubsub.bridge: control.pubsub.bridge           : MainThread     : DEBUG   : start thread
2017-05-31 03:44:29,999: control.pubsub.bridge: control.pubsub.bridge           : control.pubsub.bridge.child.watch: INFO    : child (me) initializing
2017-05-31 03:44:29,999: control.pubsub.bridge: control.pubsub.bridge           : control.pubsub.bridge.child.watch: DEBUG   : ru_initialize_common (NOOP)
2017-05-31 03:44:29,999: control.pubsub.bridge: control.pubsub.bridge           : control.pubsub.bridge.child.watch: DEBUG   : ru_initialize_child (NOOP)
2017-05-31 03:44:29,999: control.pubsub.bridge: control.pubsub.bridge           : control.pubsub.bridge.child.watch: INFO    : send alive
2017-05-31 03:44:29,999: control.pubsub.bridge: control.pubsub.bridge           : control.pubsub.bridge.child.watch: INFO    : send message: alive
2017-05-31 03:44:30,000: control.pubsub.bridge: control.pubsub.bridge           : MainThread     : INFO    : recv message: alive
2017-05-31 03:44:30,000: control.pubsub.bridge: control.pubsub.bridge           : MainThread     : DEBUG   : ru_initialize_common (NOOP)
2017-05-31 03:44:30,000: control.pubsub.bridge: control.pubsub.bridge           : MainThread     : DEBUG   : ru_initialize_parent (NOOP)
2017-05-31 03:44:30,000: control.pubsub.bridge: control.pubsub.bridge           : MainThread     : DEBUG   : child thread control.pubsub.bridge.child.watch started
2017-05-31 03:44:30,001: control.pubsub.bridge: control.pubsub.bridge           : MainThread     : INFO    : child (me) is alive
2017-05-31 03:44:30,001: control.pubsub.bridge: control.pubsub.bridge           : MainThread     : DEBUG   : ru_initialize_common (NOOP)
2017-05-31 03:44:30,002: control.pubsub.bridge: control.pubsub.bridge.child     : MainThread     : INFO    : send alive
2017-05-31 03:44:30,002: control.pubsub.bridge: control.pubsub.bridge.child     : MainThread     : INFO    : send message: alive
2017-05-31 03:44:30,002: control.pubsub.bridge: MainProcess                     : MainThread     : INFO    : recv message: alive
2017-05-31 03:44:30,003: control.pubsub.bridge: MainProcess                     : MainThread     : DEBUG   : start thread
2017-05-31 03:44:30,003: control.pubsub.bridge: MainProcess                     : control.pubsub.bridge.watch: INFO    : child (me) initializing
2017-05-31 03:44:30,003: control.pubsub.bridge: MainProcess                     : control.pubsub.bridge.watch: DEBUG   : ru_initialize_common (NOOP)
2017-05-31 03:44:30,003: control.pubsub.bridge: MainProcess                     : control.pubsub.bridge.watch: DEBUG   : ru_initialize_child (NOOP)
2017-05-31 03:44:30,003: control.pubsub.bridge: MainProcess                     : control.pubsub.bridge.watch: INFO    : send alive
2017-05-31 03:44:30,003: control.pubsub.bridge: MainProcess                     : control.pubsub.bridge.watch: INFO    : send message: alive
2017-05-31 03:44:30,004: control.pubsub.bridge: MainProcess                     : MainThread     : INFO    : recv message: alive
2017-05-31 03:44:30,004: control.pubsub.bridge: MainProcess                     : MainThread     : DEBUG   : ru_initialize_common (NOOP)
2017-05-31 03:44:30,004: control.pubsub.bridge: MainProcess                     : MainThread     : DEBUG   : ru_initialize_parent (NOOP)
2017-05-31 03:44:30,005: control.pubsub.bridge: MainProcess                     : MainThread     : DEBUG   : child thread control.pubsub.bridge.watch started
2017-05-31 03:44:30,005: control.pubsub.bridge: MainProcess                     : MainThread     : INFO    : child is alive
2017-05-31 03:44:30,005: control.pubsub.bridge: MainProcess                     : MainThread     : DEBUG   : ru_initialize_common (NOOP)
2017-05-31 03:44:30,005: control.pubsub.bridge: MainProcess                     : MainThread     : DEBUG   : ru_initialize_parent (NOOP)
2017-05-31 03:44:30,005: control.pubsub.bridge: MainProcess                     : MainThread     : DEBUG   : child process started
2017-05-31 03:44:45,771: control.pubsub.bridge: MainProcess                     : MainThread     : INFO    : parent stops child
2017-05-31 03:44:45,771: control.pubsub.bridge: MainProcess                     : MainThread     : DEBUG   : ru_finalize_parent (NOOP)
2017-05-31 03:44:45,771: control.pubsub.bridge: MainProcess                     : MainThread     : DEBUG   : ru_finalize_common (NOOP)
2017-05-31 03:44:45,772: control.pubsub.bridge: MainProcess                     : MainThread     : INFO    : parent stops child
2017-05-31 03:44:45,772: control.pubsub.bridge: MainProcess                     : MainThread     : DEBUG   : ru_finalize_parent (NOOP)
2017-05-31 03:44:45,772: control.pubsub.bridge: MainProcess                     : MainThread     : DEBUG   : ru_finalize_common (NOOP)
2017-05-31 03:44:45,839: control.pubsub.bridge: MainProcess                     : control.pubsub.bridge.watch: INFO    : send message: work finished
2017-05-31 03:44:45,840: control.pubsub.bridge: MainProcess                     : control.pubsub.bridge.watch: DEBUG   : ru_finalize_child (NOOP)
2017-05-31 03:44:45,840: control.pubsub.bridge: MainProcess                     : control.pubsub.bridge.watch: DEBUG   : ru_finalize_common (NOOP)
2017-05-31 03:44:45,840: control.pubsub.bridge: MainProcess                     : control.pubsub.bridge.watch: INFO    : send message: terminating
2017-05-31 03:44:45,987: control.pubsub.bridge: MainProcess                     : MainThread     : WARNING : failed to stop child - terminate
2017-05-31 03:44:47,443: control.pubsub.bridge: MainProcess                     : MainThread     : INFO    : radical.pilot        version: split-81-gf853cc9b@feature-bridges
2017-05-31 03:44:47,443: control.pubsub.bridge: MainProcess                     : MainThread     : INFO    : create control_pubsub - bridge - tcp://*:*
2017-05-31 03:44:47,444: control.pubsub.bridge: MainProcess                     : MainThread     : DEBUG   : start process
2017-05-31 03:44:47,455: control.pubsub.bridge: control.pubsub.bridge           : MainThread     : INFO    : child (me) initializing
2017-05-31 03:44:47,455: control.pubsub.bridge: control.pubsub.bridge           : MainThread     : DEBUG   : start thread
2017-05-31 03:44:47,455: control.pubsub.bridge: control.pubsub.bridge           : control.pubsub.bridge.child.watch: INFO    : child (me) initializing
2017-05-31 03:44:47,455: control.pubsub.bridge: control.pubsub.bridge           : control.pubsub.bridge.child.watch: DEBUG   : ru_initialize_common (NOOP)
2017-05-31 03:44:47,456: control.pubsub.bridge: control.pubsub.bridge           : control.pubsub.bridge.child.watch: DEBUG   : ru_initialize_child (NOOP)
2017-05-31 03:44:47,456: control.pubsub.bridge: control.pubsub.bridge           : control.pubsub.bridge.child.watch: INFO    : send alive
2017-05-31 03:44:47,456: control.pubsub.bridge: control.pubsub.bridge           : control.pubsub.bridge.child.watch: INFO    : send message: alive
2017-05-31 03:44:47,457: control.pubsub.bridge: control.pubsub.bridge           : MainThread     : INFO    : recv message: alive
2017-05-31 03:44:47,457: control.pubsub.bridge: control.pubsub.bridge           : MainThread     : DEBUG   : ru_initialize_common (NOOP)
2017-05-31 03:44:47,457: control.pubsub.bridge: control.pubsub.bridge           : MainThread     : DEBUG   : ru_initialize_parent (NOOP)
2017-05-31 03:44:47,457: control.pubsub.bridge: control.pubsub.bridge           : MainThread     : DEBUG   : child thread control.pubsub.bridge.child.watch started
2017-05-31 03:44:47,457: control.pubsub.bridge: control.pubsub.bridge           : MainThread     : INFO    : child (me) is alive
2017-05-31 03:44:47,457: control.pubsub.bridge: control.pubsub.bridge           : MainThread     : DEBUG   : ru_initialize_common (NOOP)
2017-05-31 03:44:47,459: control.pubsub.bridge: control.pubsub.bridge.child     : MainThread     : INFO    : send alive
2017-05-31 03:44:47,459: control.pubsub.bridge: control.pubsub.bridge.child     : MainThread     : INFO    : send message: alive
2017-05-31 03:44:47,459: control.pubsub.bridge: MainProcess                     : MainThread     : INFO    : recv message: alive
2017-05-31 03:44:47,460: control.pubsub.bridge: MainProcess                     : MainThread     : DEBUG   : start thread
2017-05-31 03:44:47,460: control.pubsub.bridge: MainProcess                     : control.pubsub.bridge.watch: INFO    : child (me) initializing
2017-05-31 03:44:47,460: control.pubsub.bridge: MainProcess                     : control.pubsub.bridge.watch: DEBUG   : ru_initialize_common (NOOP)
2017-05-31 03:44:47,460: control.pubsub.bridge: MainProcess                     : control.pubsub.bridge.watch: DEBUG   : ru_initialize_child (NOOP)
2017-05-31 03:44:47,460: control.pubsub.bridge: MainProcess                     : control.pubsub.bridge.watch: INFO    : send alive
2017-05-31 03:44:47,460: control.pubsub.bridge: MainProcess                     : control.pubsub.bridge.watch: INFO    : send message: alive
2017-05-31 03:44:47,461: control.pubsub.bridge: MainProcess                     : MainThread     : INFO    : recv message: alive
2017-05-31 03:44:47,461: control.pubsub.bridge: MainProcess                     : MainThread     : DEBUG   : ru_initialize_common (NOOP)
2017-05-31 03:44:47,461: control.pubsub.bridge: MainProcess                     : MainThread     : DEBUG   : ru_initialize_parent (NOOP)
2017-05-31 03:44:47,461: control.pubsub.bridge: MainProcess                     : MainThread     : DEBUG   : child thread control.pubsub.bridge.watch started
2017-05-31 03:44:47,462: control.pubsub.bridge: MainProcess                     : MainThread     : INFO    : child is alive
2017-05-31 03:44:47,462: control.pubsub.bridge: MainProcess                     : MainThread     : DEBUG   : ru_initialize_common (NOOP)
2017-05-31 03:44:47,462: control.pubsub.bridge: MainProcess                     : MainThread     : DEBUG   : ru_initialize_parent (NOOP)
2017-05-31 03:44:47,462: control.pubsub.bridge: MainProcess                     : MainThread     : DEBUG   : child process started
2017-05-31 03:44:49,554: control.pubsub.bridge: MainProcess                     : MainThread     : INFO    : parent stops child
2017-05-31 03:44:49,554: control.pubsub.bridge: MainProcess                     : MainThread     : DEBUG   : ru_finalize_parent (NOOP)
2017-05-31 03:44:49,554: control.pubsub.bridge: MainProcess                     : MainThread     : DEBUG   : ru_finalize_common (NOOP)
2017-05-31 03:44:49,554: control.pubsub.bridge: MainProcess                     : MainThread     : INFO    : parent stops child
2017-05-31 03:44:49,554: control.pubsub.bridge: MainProcess                     : MainThread     : DEBUG   : ru_finalize_parent (NOOP)
2017-05-31 03:44:49,555: control.pubsub.bridge: MainProcess                     : MainThread     : DEBUG   : ru_finalize_common (NOOP)
2017-05-31 03:44:49,565: control.pubsub.bridge: MainProcess                     : control.pubsub.bridge.watch: INFO    : send message: work finished
2017-05-31 03:44:49,565: control.pubsub.bridge: MainProcess                     : control.pubsub.bridge.watch: DEBUG   : ru_finalize_child (NOOP)
2017-05-31 03:44:49,565: control.pubsub.bridge: MainProcess                     : control.pubsub.bridge.watch: DEBUG   : ru_finalize_common (NOOP)
2017-05-31 03:44:49,565: control.pubsub.bridge: MainProcess                     : control.pubsub.bridge.watch: INFO    : send message: terminating
2017-05-31 03:44:49,671: control.pubsub.bridge: MainProcess                     : MainThread     : WARNING : failed to stop child - terminate
