2017-05-31 02:40:29,100: log.pubsub.bridge   : MainProcess                     : MainThread     : INFO    : python.interpreter   version: 2.7.12 (default, Nov 19 2016, 06:48:10) [GCC 5.4.0 20160609]
2017-05-31 02:40:29,100: log.pubsub.bridge   : MainProcess                     : MainThread     : INFO    :                      pid: 27015
2017-05-31 02:40:29,101: log.pubsub.bridge   : MainProcess                     : MainThread     : INFO    :                      tid: MainThread
2017-05-31 02:40:29,101: log.pubsub.bridge   : MainProcess                     : MainThread     : INFO    : radical.pilot        version: split-81-gf853cc9b@feature-bridges
2017-05-31 02:40:29,101: log.pubsub.bridge   : MainProcess                     : MainThread     : INFO    : create log_pubsub - bridge - tcp://*:*
2017-05-31 02:40:29,101: log.pubsub.bridge   : MainProcess                     : MainThread     : DEBUG   : start process
2017-05-31 02:40:29,105: log.pubsub.bridge   : log.pubsub.bridge               : MainThread     : INFO    : child (me) initializing
2017-05-31 02:40:29,105: log.pubsub.bridge   : log.pubsub.bridge               : MainThread     : DEBUG   : start thread
2017-05-31 02:40:29,106: log.pubsub.bridge   : log.pubsub.bridge               : log.pubsub.bridge.child.watch: INFO    : child (me) initializing
2017-05-31 02:40:29,106: log.pubsub.bridge   : log.pubsub.bridge               : log.pubsub.bridge.child.watch: DEBUG   : ru_initialize_common (NOOP)
2017-05-31 02:40:29,106: log.pubsub.bridge   : log.pubsub.bridge               : log.pubsub.bridge.child.watch: DEBUG   : ru_initialize_child (NOOP)
2017-05-31 02:40:29,106: log.pubsub.bridge   : log.pubsub.bridge               : log.pubsub.bridge.child.watch: INFO    : send alive
2017-05-31 02:40:29,106: log.pubsub.bridge   : log.pubsub.bridge               : log.pubsub.bridge.child.watch: INFO    : send message: alive
2017-05-31 02:40:29,107: log.pubsub.bridge   : log.pubsub.bridge               : MainThread     : INFO    : recv message: alive
2017-05-31 02:40:29,107: log.pubsub.bridge   : log.pubsub.bridge               : MainThread     : DEBUG   : ru_initialize_common (NOOP)
2017-05-31 02:40:29,107: log.pubsub.bridge   : log.pubsub.bridge               : MainThread     : DEBUG   : ru_initialize_parent (NOOP)
2017-05-31 02:40:29,107: log.pubsub.bridge   : log.pubsub.bridge               : MainThread     : DEBUG   : child thread log.pubsub.bridge.child.watch started
2017-05-31 02:40:29,107: log.pubsub.bridge   : log.pubsub.bridge               : MainThread     : INFO    : child (me) is alive
2017-05-31 02:40:29,107: log.pubsub.bridge   : log.pubsub.bridge               : MainThread     : DEBUG   : ru_initialize_common (NOOP)
2017-05-31 02:40:29,110: log.pubsub.bridge   : log.pubsub.bridge.child         : MainThread     : INFO    : send alive
2017-05-31 02:40:29,110: log.pubsub.bridge   : log.pubsub.bridge.child         : MainThread     : INFO    : send message: alive
2017-05-31 02:40:29,110: log.pubsub.bridge   : MainProcess                     : MainThread     : INFO    : recv message: alive
2017-05-31 02:40:29,111: log.pubsub.bridge   : MainProcess                     : MainThread     : DEBUG   : start thread
2017-05-31 02:40:29,111: log.pubsub.bridge   : MainProcess                     : log.pubsub.bridge.watch: INFO    : child (me) initializing
2017-05-31 02:40:29,111: log.pubsub.bridge   : MainProcess                     : log.pubsub.bridge.watch: DEBUG   : ru_initialize_common (NOOP)
2017-05-31 02:40:29,111: log.pubsub.bridge   : MainProcess                     : log.pubsub.bridge.watch: DEBUG   : ru_initialize_child (NOOP)
2017-05-31 02:40:29,111: log.pubsub.bridge   : MainProcess                     : log.pubsub.bridge.watch: INFO    : send alive
2017-05-31 02:40:29,111: log.pubsub.bridge   : MainProcess                     : log.pubsub.bridge.watch: INFO    : send message: alive
2017-05-31 02:40:29,112: log.pubsub.bridge   : MainProcess                     : MainThread     : INFO    : recv message: alive
2017-05-31 02:40:29,112: log.pubsub.bridge   : MainProcess                     : MainThread     : DEBUG   : ru_initialize_common (NOOP)
2017-05-31 02:40:29,112: log.pubsub.bridge   : MainProcess                     : MainThread     : DEBUG   : ru_initialize_parent (NOOP)
2017-05-31 02:40:29,113: log.pubsub.bridge   : MainProcess                     : MainThread     : DEBUG   : child thread log.pubsub.bridge.watch started
2017-05-31 02:40:29,113: log.pubsub.bridge   : MainProcess                     : MainThread     : INFO    : child is alive
2017-05-31 02:40:29,113: log.pubsub.bridge   : MainProcess                     : MainThread     : DEBUG   : ru_initialize_common (NOOP)
2017-05-31 02:40:29,113: log.pubsub.bridge   : MainProcess                     : MainThread     : DEBUG   : ru_initialize_parent (NOOP)
2017-05-31 02:40:29,113: log.pubsub.bridge   : MainProcess                     : MainThread     : DEBUG   : child process started
2017-05-31 03:21:08,831: log.pubsub.bridge   : MainProcess                     : MainThread     : INFO    : parent stops child
2017-05-31 03:21:08,832: log.pubsub.bridge   : MainProcess                     : MainThread     : DEBUG   : ru_finalize_parent (NOOP)
2017-05-31 03:21:08,832: log.pubsub.bridge   : MainProcess                     : MainThread     : DEBUG   : ru_finalize_common (NOOP)
2017-05-31 03:21:08,832: log.pubsub.bridge   : MainProcess                     : MainThread     : INFO    : parent stops child
2017-05-31 03:21:08,832: log.pubsub.bridge   : MainProcess                     : MainThread     : DEBUG   : ru_finalize_parent (NOOP)
2017-05-31 03:21:08,832: log.pubsub.bridge   : MainProcess                     : MainThread     : DEBUG   : ru_finalize_common (NOOP)
2017-05-31 03:21:08,910: log.pubsub.bridge   : MainProcess                     : log.pubsub.bridge.watch: INFO    : send message: work finished
2017-05-31 03:21:08,910: log.pubsub.bridge   : MainProcess                     : log.pubsub.bridge.watch: DEBUG   : ru_finalize_child (NOOP)
2017-05-31 03:21:08,910: log.pubsub.bridge   : MainProcess                     : log.pubsub.bridge.watch: DEBUG   : ru_finalize_common (NOOP)
2017-05-31 03:21:08,911: log.pubsub.bridge   : MainProcess                     : log.pubsub.bridge.watch: INFO    : send message: terminating
2017-05-31 03:21:09,047: log.pubsub.bridge   : MainProcess                     : MainThread     : WARNING : failed to stop child - terminate
2017-05-31 03:21:10,251: log.pubsub.bridge   : MainProcess                     : MainThread     : INFO    : radical.pilot        version: split-81-gf853cc9b@feature-bridges
2017-05-31 03:21:10,251: log.pubsub.bridge   : MainProcess                     : MainThread     : INFO    : create log_pubsub - bridge - tcp://*:*
2017-05-31 03:21:10,251: log.pubsub.bridge   : MainProcess                     : MainThread     : DEBUG   : start process
2017-05-31 03:21:10,259: log.pubsub.bridge   : log.pubsub.bridge               : MainThread     : INFO    : child (me) initializing
2017-05-31 03:21:10,259: log.pubsub.bridge   : log.pubsub.bridge               : MainThread     : DEBUG   : start thread
2017-05-31 03:21:10,260: log.pubsub.bridge   : log.pubsub.bridge               : log.pubsub.bridge.child.watch: INFO    : child (me) initializing
2017-05-31 03:21:10,260: log.pubsub.bridge   : log.pubsub.bridge               : log.pubsub.bridge.child.watch: DEBUG   : ru_initialize_common (NOOP)
2017-05-31 03:21:10,260: log.pubsub.bridge   : log.pubsub.bridge               : log.pubsub.bridge.child.watch: DEBUG   : ru_initialize_child (NOOP)
2017-05-31 03:21:10,260: log.pubsub.bridge   : log.pubsub.bridge               : log.pubsub.bridge.child.watch: INFO    : send alive
2017-05-31 03:21:10,260: log.pubsub.bridge   : log.pubsub.bridge               : log.pubsub.bridge.child.watch: INFO    : send message: alive
2017-05-31 03:21:10,261: log.pubsub.bridge   : log.pubsub.bridge               : MainThread     : INFO    : recv message: alive
2017-05-31 03:21:10,261: log.pubsub.bridge   : log.pubsub.bridge               : MainThread     : DEBUG   : ru_initialize_common (NOOP)
2017-05-31 03:21:10,261: log.pubsub.bridge   : log.pubsub.bridge               : MainThread     : DEBUG   : ru_initialize_parent (NOOP)
2017-05-31 03:21:10,262: log.pubsub.bridge   : log.pubsub.bridge               : MainThread     : DEBUG   : child thread log.pubsub.bridge.child.watch started
2017-05-31 03:21:10,262: log.pubsub.bridge   : log.pubsub.bridge               : MainThread     : INFO    : child (me) is alive
2017-05-31 03:21:10,262: log.pubsub.bridge   : log.pubsub.bridge               : MainThread     : DEBUG   : ru_initialize_common (NOOP)
2017-05-31 03:21:10,265: log.pubsub.bridge   : log.pubsub.bridge.child         : MainThread     : INFO    : send alive
2017-05-31 03:21:10,265: log.pubsub.bridge   : log.pubsub.bridge.child         : MainThread     : INFO    : send message: alive
2017-05-31 03:21:10,265: log.pubsub.bridge   : MainProcess                     : MainThread     : INFO    : recv message: alive
2017-05-31 03:21:10,265: log.pubsub.bridge   : MainProcess                     : MainThread     : DEBUG   : start thread
2017-05-31 03:21:10,266: log.pubsub.bridge   : MainProcess                     : log.pubsub.bridge.watch: INFO    : child (me) initializing
2017-05-31 03:21:10,266: log.pubsub.bridge   : MainProcess                     : log.pubsub.bridge.watch: DEBUG   : ru_initialize_common (NOOP)
2017-05-31 03:21:10,266: log.pubsub.bridge   : MainProcess                     : log.pubsub.bridge.watch: DEBUG   : ru_initialize_child (NOOP)
2017-05-31 03:21:10,266: log.pubsub.bridge   : MainProcess                     : log.pubsub.bridge.watch: INFO    : send alive
2017-05-31 03:21:10,266: log.pubsub.bridge   : MainProcess                     : log.pubsub.bridge.watch: INFO    : send message: alive
2017-05-31 03:21:10,267: log.pubsub.bridge   : MainProcess                     : MainThread     : INFO    : recv message: alive
2017-05-31 03:21:10,267: log.pubsub.bridge   : MainProcess                     : MainThread     : DEBUG   : ru_initialize_common (NOOP)
2017-05-31 03:21:10,267: log.pubsub.bridge   : MainProcess                     : MainThread     : DEBUG   : ru_initialize_parent (NOOP)
2017-05-31 03:21:10,268: log.pubsub.bridge   : MainProcess                     : MainThread     : DEBUG   : child thread log.pubsub.bridge.watch started
2017-05-31 03:21:10,268: log.pubsub.bridge   : MainProcess                     : MainThread     : INFO    : child is alive
2017-05-31 03:21:10,268: log.pubsub.bridge   : MainProcess                     : MainThread     : DEBUG   : ru_initialize_common (NOOP)
2017-05-31 03:21:10,268: log.pubsub.bridge   : MainProcess                     : MainThread     : DEBUG   : ru_initialize_parent (NOOP)
2017-05-31 03:21:10,268: log.pubsub.bridge   : MainProcess                     : MainThread     : DEBUG   : child process started
2017-05-31 03:28:42,144: log.pubsub.bridge   : MainProcess                     : MainThread     : INFO    : parent stops child
2017-05-31 03:28:42,144: log.pubsub.bridge   : MainProcess                     : MainThread     : DEBUG   : ru_finalize_parent (NOOP)
2017-05-31 03:28:42,144: log.pubsub.bridge   : MainProcess                     : MainThread     : DEBUG   : ru_finalize_common (NOOP)
2017-05-31 03:28:42,144: log.pubsub.bridge   : MainProcess                     : MainThread     : INFO    : parent stops child
2017-05-31 03:28:42,144: log.pubsub.bridge   : MainProcess                     : MainThread     : DEBUG   : ru_finalize_parent (NOOP)
2017-05-31 03:28:42,145: log.pubsub.bridge   : MainProcess                     : MainThread     : DEBUG   : ru_finalize_common (NOOP)
2017-05-31 03:28:42,211: log.pubsub.bridge   : MainProcess                     : log.pubsub.bridge.watch: INFO    : send message: work finished
2017-05-31 03:28:42,212: log.pubsub.bridge   : MainProcess                     : log.pubsub.bridge.watch: DEBUG   : ru_finalize_child (NOOP)
2017-05-31 03:28:42,212: log.pubsub.bridge   : MainProcess                     : log.pubsub.bridge.watch: DEBUG   : ru_finalize_common (NOOP)
2017-05-31 03:28:42,212: log.pubsub.bridge   : MainProcess                     : log.pubsub.bridge.watch: INFO    : send message: terminating
2017-05-31 03:28:42,359: log.pubsub.bridge   : MainProcess                     : MainThread     : WARNING : failed to stop child - terminate
2017-05-31 03:28:43,486: log.pubsub.bridge   : MainProcess                     : MainThread     : INFO    : radical.pilot        version: split-81-gf853cc9b@feature-bridges
2017-05-31 03:28:43,486: log.pubsub.bridge   : MainProcess                     : MainThread     : INFO    : create log_pubsub - bridge - tcp://*:*
2017-05-31 03:28:43,486: log.pubsub.bridge   : MainProcess                     : MainThread     : DEBUG   : start process
2017-05-31 03:28:43,494: log.pubsub.bridge   : log.pubsub.bridge               : MainThread     : INFO    : child (me) initializing
2017-05-31 03:28:43,494: log.pubsub.bridge   : log.pubsub.bridge               : MainThread     : DEBUG   : start thread
2017-05-31 03:28:43,494: log.pubsub.bridge   : log.pubsub.bridge               : log.pubsub.bridge.child.watch: INFO    : child (me) initializing
2017-05-31 03:28:43,495: log.pubsub.bridge   : log.pubsub.bridge               : log.pubsub.bridge.child.watch: DEBUG   : ru_initialize_common (NOOP)
2017-05-31 03:28:43,495: log.pubsub.bridge   : log.pubsub.bridge               : log.pubsub.bridge.child.watch: DEBUG   : ru_initialize_child (NOOP)
2017-05-31 03:28:43,495: log.pubsub.bridge   : log.pubsub.bridge               : log.pubsub.bridge.child.watch: INFO    : send alive
2017-05-31 03:28:43,495: log.pubsub.bridge   : log.pubsub.bridge               : log.pubsub.bridge.child.watch: INFO    : send message: alive
2017-05-31 03:28:43,496: log.pubsub.bridge   : log.pubsub.bridge               : MainThread     : INFO    : recv message: alive
2017-05-31 03:28:43,496: log.pubsub.bridge   : log.pubsub.bridge               : MainThread     : DEBUG   : ru_initialize_common (NOOP)
2017-05-31 03:28:43,496: log.pubsub.bridge   : log.pubsub.bridge               : MainThread     : DEBUG   : ru_initialize_parent (NOOP)
2017-05-31 03:28:43,496: log.pubsub.bridge   : log.pubsub.bridge               : MainThread     : DEBUG   : child thread log.pubsub.bridge.child.watch started
2017-05-31 03:28:43,496: log.pubsub.bridge   : log.pubsub.bridge               : MainThread     : INFO    : child (me) is alive
2017-05-31 03:28:43,496: log.pubsub.bridge   : log.pubsub.bridge               : MainThread     : DEBUG   : ru_initialize_common (NOOP)
2017-05-31 03:28:43,497: log.pubsub.bridge   : log.pubsub.bridge.child         : MainThread     : INFO    : send alive
2017-05-31 03:28:43,498: log.pubsub.bridge   : log.pubsub.bridge.child         : MainThread     : INFO    : send message: alive
2017-05-31 03:28:43,498: log.pubsub.bridge   : MainProcess                     : MainThread     : INFO    : recv message: alive
2017-05-31 03:28:43,498: log.pubsub.bridge   : MainProcess                     : MainThread     : DEBUG   : start thread
2017-05-31 03:28:43,498: log.pubsub.bridge   : MainProcess                     : log.pubsub.bridge.watch: INFO    : child (me) initializing
2017-05-31 03:28:43,498: log.pubsub.bridge   : MainProcess                     : log.pubsub.bridge.watch: DEBUG   : ru_initialize_common (NOOP)
2017-05-31 03:28:43,498: log.pubsub.bridge   : MainProcess                     : log.pubsub.bridge.watch: DEBUG   : ru_initialize_child (NOOP)
2017-05-31 03:28:43,498: log.pubsub.bridge   : MainProcess                     : log.pubsub.bridge.watch: INFO    : send alive
2017-05-31 03:28:43,498: log.pubsub.bridge   : MainProcess                     : log.pubsub.bridge.watch: INFO    : send message: alive
2017-05-31 03:28:43,499: log.pubsub.bridge   : MainProcess                     : MainThread     : INFO    : recv message: alive
2017-05-31 03:28:43,499: log.pubsub.bridge   : MainProcess                     : MainThread     : DEBUG   : ru_initialize_common (NOOP)
2017-05-31 03:28:43,499: log.pubsub.bridge   : MainProcess                     : MainThread     : DEBUG   : ru_initialize_parent (NOOP)
2017-05-31 03:28:43,499: log.pubsub.bridge   : MainProcess                     : MainThread     : DEBUG   : child thread log.pubsub.bridge.watch started
2017-05-31 03:28:43,500: log.pubsub.bridge   : MainProcess                     : MainThread     : INFO    : child is alive
2017-05-31 03:28:43,500: log.pubsub.bridge   : MainProcess                     : MainThread     : DEBUG   : ru_initialize_common (NOOP)
2017-05-31 03:28:43,500: log.pubsub.bridge   : MainProcess                     : MainThread     : DEBUG   : ru_initialize_parent (NOOP)
2017-05-31 03:28:43,500: log.pubsub.bridge   : MainProcess                     : MainThread     : DEBUG   : child process started
2017-05-31 03:36:43,707: log.pubsub.bridge   : MainProcess                     : MainThread     : INFO    : parent stops child
2017-05-31 03:36:43,707: log.pubsub.bridge   : MainProcess                     : MainThread     : DEBUG   : ru_finalize_parent (NOOP)
2017-05-31 03:36:43,708: log.pubsub.bridge   : MainProcess                     : MainThread     : DEBUG   : ru_finalize_common (NOOP)
2017-05-31 03:36:43,708: log.pubsub.bridge   : MainProcess                     : MainThread     : INFO    : parent stops child
2017-05-31 03:36:43,708: log.pubsub.bridge   : MainProcess                     : MainThread     : DEBUG   : ru_finalize_parent (NOOP)
2017-05-31 03:36:43,708: log.pubsub.bridge   : MainProcess                     : MainThread     : DEBUG   : ru_finalize_common (NOOP)
2017-05-31 03:36:43,801: log.pubsub.bridge   : MainProcess                     : log.pubsub.bridge.watch: INFO    : send message: work finished
2017-05-31 03:36:43,802: log.pubsub.bridge   : MainProcess                     : log.pubsub.bridge.watch: DEBUG   : ru_finalize_child (NOOP)
2017-05-31 03:36:43,802: log.pubsub.bridge   : MainProcess                     : log.pubsub.bridge.watch: DEBUG   : ru_finalize_common (NOOP)
2017-05-31 03:36:43,802: log.pubsub.bridge   : MainProcess                     : log.pubsub.bridge.watch: INFO    : send message: terminating
2017-05-31 03:36:43,923: log.pubsub.bridge   : MainProcess                     : MainThread     : WARNING : failed to stop child - terminate
2017-05-31 03:36:45,118: log.pubsub.bridge   : MainProcess                     : MainThread     : INFO    : radical.pilot        version: split-81-gf853cc9b@feature-bridges
2017-05-31 03:36:45,118: log.pubsub.bridge   : MainProcess                     : MainThread     : INFO    : create log_pubsub - bridge - tcp://*:*
2017-05-31 03:36:45,118: log.pubsub.bridge   : MainProcess                     : MainThread     : DEBUG   : start process
2017-05-31 03:36:45,126: log.pubsub.bridge   : log.pubsub.bridge               : MainThread     : INFO    : child (me) initializing
2017-05-31 03:36:45,126: log.pubsub.bridge   : log.pubsub.bridge               : MainThread     : DEBUG   : start thread
2017-05-31 03:36:45,127: log.pubsub.bridge   : log.pubsub.bridge               : log.pubsub.bridge.child.watch: INFO    : child (me) initializing
2017-05-31 03:36:45,127: log.pubsub.bridge   : log.pubsub.bridge               : log.pubsub.bridge.child.watch: DEBUG   : ru_initialize_common (NOOP)
2017-05-31 03:36:45,127: log.pubsub.bridge   : log.pubsub.bridge               : log.pubsub.bridge.child.watch: DEBUG   : ru_initialize_child (NOOP)
2017-05-31 03:36:45,127: log.pubsub.bridge   : log.pubsub.bridge               : log.pubsub.bridge.child.watch: INFO    : send alive
2017-05-31 03:36:45,127: log.pubsub.bridge   : log.pubsub.bridge               : log.pubsub.bridge.child.watch: INFO    : send message: alive
2017-05-31 03:36:45,128: log.pubsub.bridge   : log.pubsub.bridge               : MainThread     : INFO    : recv message: alive
2017-05-31 03:36:45,128: log.pubsub.bridge   : log.pubsub.bridge               : MainThread     : DEBUG   : ru_initialize_common (NOOP)
2017-05-31 03:36:45,128: log.pubsub.bridge   : log.pubsub.bridge               : MainThread     : DEBUG   : ru_initialize_parent (NOOP)
2017-05-31 03:36:45,128: log.pubsub.bridge   : log.pubsub.bridge               : MainThread     : DEBUG   : child thread log.pubsub.bridge.child.watch started
2017-05-31 03:36:45,128: log.pubsub.bridge   : log.pubsub.bridge               : MainThread     : INFO    : child (me) is alive
2017-05-31 03:36:45,128: log.pubsub.bridge   : log.pubsub.bridge               : MainThread     : DEBUG   : ru_initialize_common (NOOP)
2017-05-31 03:36:45,130: log.pubsub.bridge   : log.pubsub.bridge.child         : MainThread     : INFO    : send alive
2017-05-31 03:36:45,130: log.pubsub.bridge   : log.pubsub.bridge.child         : MainThread     : INFO    : send message: alive
2017-05-31 03:36:45,130: log.pubsub.bridge   : MainProcess                     : MainThread     : INFO    : recv message: alive
2017-05-31 03:36:45,130: log.pubsub.bridge   : MainProcess                     : MainThread     : DEBUG   : start thread
2017-05-31 03:36:45,131: log.pubsub.bridge   : MainProcess                     : log.pubsub.bridge.watch: INFO    : child (me) initializing
2017-05-31 03:36:45,131: log.pubsub.bridge   : MainProcess                     : log.pubsub.bridge.watch: DEBUG   : ru_initialize_common (NOOP)
2017-05-31 03:36:45,131: log.pubsub.bridge   : MainProcess                     : log.pubsub.bridge.watch: DEBUG   : ru_initialize_child (NOOP)
2017-05-31 03:36:45,131: log.pubsub.bridge   : MainProcess                     : log.pubsub.bridge.watch: INFO    : send alive
2017-05-31 03:36:45,131: log.pubsub.bridge   : MainProcess                     : log.pubsub.bridge.watch: INFO    : send message: alive
2017-05-31 03:36:45,132: log.pubsub.bridge   : MainProcess                     : MainThread     : INFO    : recv message: alive
2017-05-31 03:36:45,132: log.pubsub.bridge   : MainProcess                     : MainThread     : DEBUG   : ru_initialize_common (NOOP)
2017-05-31 03:36:45,132: log.pubsub.bridge   : MainProcess                     : MainThread     : DEBUG   : ru_initialize_parent (NOOP)
2017-05-31 03:36:45,132: log.pubsub.bridge   : MainProcess                     : MainThread     : DEBUG   : child thread log.pubsub.bridge.watch started
2017-05-31 03:36:45,132: log.pubsub.bridge   : MainProcess                     : MainThread     : INFO    : child is alive
2017-05-31 03:36:45,132: log.pubsub.bridge   : MainProcess                     : MainThread     : DEBUG   : ru_initialize_common (NOOP)
2017-05-31 03:36:45,132: log.pubsub.bridge   : MainProcess                     : MainThread     : DEBUG   : ru_initialize_parent (NOOP)
2017-05-31 03:36:45,132: log.pubsub.bridge   : MainProcess                     : MainThread     : DEBUG   : child process started
2017-05-31 03:44:28,739: log.pubsub.bridge   : MainProcess                     : MainThread     : INFO    : parent stops child
2017-05-31 03:44:28,740: log.pubsub.bridge   : MainProcess                     : MainThread     : DEBUG   : ru_finalize_parent (NOOP)
2017-05-31 03:44:28,740: log.pubsub.bridge   : MainProcess                     : MainThread     : DEBUG   : ru_finalize_common (NOOP)
2017-05-31 03:44:28,740: log.pubsub.bridge   : MainProcess                     : MainThread     : INFO    : parent stops child
2017-05-31 03:44:28,740: log.pubsub.bridge   : MainProcess                     : MainThread     : DEBUG   : ru_finalize_parent (NOOP)
2017-05-31 03:44:28,740: log.pubsub.bridge   : MainProcess                     : MainThread     : DEBUG   : ru_finalize_common (NOOP)
2017-05-31 03:44:28,742: log.pubsub.bridge   : MainProcess                     : log.pubsub.bridge.watch: INFO    : send message: work finished
2017-05-31 03:44:28,743: log.pubsub.bridge   : MainProcess                     : log.pubsub.bridge.watch: DEBUG   : ru_finalize_child (NOOP)
2017-05-31 03:44:28,743: log.pubsub.bridge   : MainProcess                     : log.pubsub.bridge.watch: DEBUG   : ru_finalize_common (NOOP)
2017-05-31 03:44:28,743: log.pubsub.bridge   : MainProcess                     : log.pubsub.bridge.watch: INFO    : send message: terminating
2017-05-31 03:44:28,848: log.pubsub.bridge   : MainProcess                     : MainThread     : WARNING : failed to stop child - terminate
2017-05-31 03:44:30,022: log.pubsub.bridge   : MainProcess                     : MainThread     : INFO    : radical.pilot        version: split-81-gf853cc9b@feature-bridges
2017-05-31 03:44:30,022: log.pubsub.bridge   : MainProcess                     : MainThread     : INFO    : create log_pubsub - bridge - tcp://*:*
2017-05-31 03:44:30,022: log.pubsub.bridge   : MainProcess                     : MainThread     : DEBUG   : start process
2017-05-31 03:44:30,031: log.pubsub.bridge   : log.pubsub.bridge               : MainThread     : INFO    : child (me) initializing
2017-05-31 03:44:30,032: log.pubsub.bridge   : log.pubsub.bridge               : MainThread     : DEBUG   : start thread
2017-05-31 03:44:30,032: log.pubsub.bridge   : log.pubsub.bridge               : log.pubsub.bridge.child.watch: INFO    : child (me) initializing
2017-05-31 03:44:30,032: log.pubsub.bridge   : log.pubsub.bridge               : log.pubsub.bridge.child.watch: DEBUG   : ru_initialize_common (NOOP)
2017-05-31 03:44:30,032: log.pubsub.bridge   : log.pubsub.bridge               : log.pubsub.bridge.child.watch: DEBUG   : ru_initialize_child (NOOP)
2017-05-31 03:44:30,032: log.pubsub.bridge   : log.pubsub.bridge               : log.pubsub.bridge.child.watch: INFO    : send alive
2017-05-31 03:44:30,032: log.pubsub.bridge   : log.pubsub.bridge               : log.pubsub.bridge.child.watch: INFO    : send message: alive
2017-05-31 03:44:30,033: log.pubsub.bridge   : log.pubsub.bridge               : MainThread     : INFO    : recv message: alive
2017-05-31 03:44:30,033: log.pubsub.bridge   : log.pubsub.bridge               : MainThread     : DEBUG   : ru_initialize_common (NOOP)
2017-05-31 03:44:30,033: log.pubsub.bridge   : log.pubsub.bridge               : MainThread     : DEBUG   : ru_initialize_parent (NOOP)
2017-05-31 03:44:30,033: log.pubsub.bridge   : log.pubsub.bridge               : MainThread     : DEBUG   : child thread log.pubsub.bridge.child.watch started
2017-05-31 03:44:30,033: log.pubsub.bridge   : log.pubsub.bridge               : MainThread     : INFO    : child (me) is alive
2017-05-31 03:44:30,034: log.pubsub.bridge   : log.pubsub.bridge               : MainThread     : DEBUG   : ru_initialize_common (NOOP)
2017-05-31 03:44:30,035: log.pubsub.bridge   : log.pubsub.bridge.child         : MainThread     : INFO    : send alive
2017-05-31 03:44:30,035: log.pubsub.bridge   : log.pubsub.bridge.child         : MainThread     : INFO    : send message: alive
2017-05-31 03:44:30,036: log.pubsub.bridge   : MainProcess                     : MainThread     : INFO    : recv message: alive
2017-05-31 03:44:30,036: log.pubsub.bridge   : MainProcess                     : MainThread     : DEBUG   : start thread
2017-05-31 03:44:30,036: log.pubsub.bridge   : MainProcess                     : log.pubsub.bridge.watch: INFO    : child (me) initializing
2017-05-31 03:44:30,036: log.pubsub.bridge   : MainProcess                     : log.pubsub.bridge.watch: DEBUG   : ru_initialize_common (NOOP)
2017-05-31 03:44:30,036: log.pubsub.bridge   : MainProcess                     : log.pubsub.bridge.watch: DEBUG   : ru_initialize_child (NOOP)
2017-05-31 03:44:30,036: log.pubsub.bridge   : MainProcess                     : log.pubsub.bridge.watch: INFO    : send alive
2017-05-31 03:44:30,036: log.pubsub.bridge   : MainProcess                     : log.pubsub.bridge.watch: INFO    : send message: alive
2017-05-31 03:44:30,037: log.pubsub.bridge   : MainProcess                     : MainThread     : INFO    : recv message: alive
2017-05-31 03:44:30,037: log.pubsub.bridge   : MainProcess                     : MainThread     : DEBUG   : ru_initialize_common (NOOP)
2017-05-31 03:44:30,037: log.pubsub.bridge   : MainProcess                     : MainThread     : DEBUG   : ru_initialize_parent (NOOP)
2017-05-31 03:44:30,037: log.pubsub.bridge   : MainProcess                     : MainThread     : DEBUG   : child thread log.pubsub.bridge.watch started
2017-05-31 03:44:30,037: log.pubsub.bridge   : MainProcess                     : MainThread     : INFO    : child is alive
2017-05-31 03:44:30,038: log.pubsub.bridge   : MainProcess                     : MainThread     : DEBUG   : ru_initialize_common (NOOP)
2017-05-31 03:44:30,038: log.pubsub.bridge   : MainProcess                     : MainThread     : DEBUG   : ru_initialize_parent (NOOP)
2017-05-31 03:44:30,038: log.pubsub.bridge   : MainProcess                     : MainThread     : DEBUG   : child process started
2017-05-31 03:44:46,169: log.pubsub.bridge   : MainProcess                     : MainThread     : INFO    : parent stops child
2017-05-31 03:44:46,169: log.pubsub.bridge   : MainProcess                     : MainThread     : DEBUG   : ru_finalize_parent (NOOP)
2017-05-31 03:44:46,169: log.pubsub.bridge   : MainProcess                     : MainThread     : DEBUG   : ru_finalize_common (NOOP)
2017-05-31 03:44:46,169: log.pubsub.bridge   : MainProcess                     : MainThread     : INFO    : parent stops child
2017-05-31 03:44:46,170: log.pubsub.bridge   : MainProcess                     : MainThread     : DEBUG   : ru_finalize_parent (NOOP)
2017-05-31 03:44:46,170: log.pubsub.bridge   : MainProcess                     : MainThread     : DEBUG   : ru_finalize_common (NOOP)
2017-05-31 03:44:46,173: log.pubsub.bridge   : MainProcess                     : log.pubsub.bridge.watch: INFO    : send message: work finished
2017-05-31 03:44:46,173: log.pubsub.bridge   : MainProcess                     : log.pubsub.bridge.watch: DEBUG   : ru_finalize_child (NOOP)
2017-05-31 03:44:46,173: log.pubsub.bridge   : MainProcess                     : log.pubsub.bridge.watch: DEBUG   : ru_finalize_common (NOOP)
2017-05-31 03:44:46,174: log.pubsub.bridge   : MainProcess                     : log.pubsub.bridge.watch: INFO    : send message: terminating
2017-05-31 03:44:46,278: log.pubsub.bridge   : MainProcess                     : MainThread     : WARNING : failed to stop child - terminate
2017-05-31 03:44:47,480: log.pubsub.bridge   : MainProcess                     : MainThread     : INFO    : radical.pilot        version: split-81-gf853cc9b@feature-bridges
2017-05-31 03:44:47,480: log.pubsub.bridge   : MainProcess                     : MainThread     : INFO    : create log_pubsub - bridge - tcp://*:*
2017-05-31 03:44:47,481: log.pubsub.bridge   : MainProcess                     : MainThread     : DEBUG   : start process
2017-05-31 03:44:47,491: log.pubsub.bridge   : log.pubsub.bridge               : MainThread     : INFO    : child (me) initializing
2017-05-31 03:44:47,492: log.pubsub.bridge   : log.pubsub.bridge               : MainThread     : DEBUG   : start thread
2017-05-31 03:44:47,492: log.pubsub.bridge   : log.pubsub.bridge               : log.pubsub.bridge.child.watch: INFO    : child (me) initializing
2017-05-31 03:44:47,492: log.pubsub.bridge   : log.pubsub.bridge               : log.pubsub.bridge.child.watch: DEBUG   : ru_initialize_common (NOOP)
2017-05-31 03:44:47,492: log.pubsub.bridge   : log.pubsub.bridge               : log.pubsub.bridge.child.watch: DEBUG   : ru_initialize_child (NOOP)
2017-05-31 03:44:47,492: log.pubsub.bridge   : log.pubsub.bridge               : log.pubsub.bridge.child.watch: INFO    : send alive
2017-05-31 03:44:47,492: log.pubsub.bridge   : log.pubsub.bridge               : log.pubsub.bridge.child.watch: INFO    : send message: alive
2017-05-31 03:44:47,493: log.pubsub.bridge   : log.pubsub.bridge               : MainThread     : INFO    : recv message: alive
2017-05-31 03:44:47,493: log.pubsub.bridge   : log.pubsub.bridge               : MainThread     : DEBUG   : ru_initialize_common (NOOP)
2017-05-31 03:44:47,493: log.pubsub.bridge   : log.pubsub.bridge               : MainThread     : DEBUG   : ru_initialize_parent (NOOP)
2017-05-31 03:44:47,493: log.pubsub.bridge   : log.pubsub.bridge               : MainThread     : DEBUG   : child thread log.pubsub.bridge.child.watch started
2017-05-31 03:44:47,493: log.pubsub.bridge   : log.pubsub.bridge               : MainThread     : INFO    : child (me) is alive
2017-05-31 03:44:47,493: log.pubsub.bridge   : log.pubsub.bridge               : MainThread     : DEBUG   : ru_initialize_common (NOOP)
2017-05-31 03:44:47,495: log.pubsub.bridge   : log.pubsub.bridge.child         : MainThread     : INFO    : send alive
2017-05-31 03:44:47,495: log.pubsub.bridge   : log.pubsub.bridge.child         : MainThread     : INFO    : send message: alive
2017-05-31 03:44:47,496: log.pubsub.bridge   : MainProcess                     : MainThread     : INFO    : recv message: alive
2017-05-31 03:44:47,496: log.pubsub.bridge   : MainProcess                     : MainThread     : DEBUG   : start thread
2017-05-31 03:44:47,496: log.pubsub.bridge   : MainProcess                     : log.pubsub.bridge.watch: INFO    : child (me) initializing
2017-05-31 03:44:47,496: log.pubsub.bridge   : MainProcess                     : log.pubsub.bridge.watch: DEBUG   : ru_initialize_common (NOOP)
2017-05-31 03:44:47,496: log.pubsub.bridge   : MainProcess                     : log.pubsub.bridge.watch: DEBUG   : ru_initialize_child (NOOP)
2017-05-31 03:44:47,496: log.pubsub.bridge   : MainProcess                     : log.pubsub.bridge.watch: INFO    : send alive
2017-05-31 03:44:47,496: log.pubsub.bridge   : MainProcess                     : log.pubsub.bridge.watch: INFO    : send message: alive
2017-05-31 03:44:47,497: log.pubsub.bridge   : MainProcess                     : MainThread     : INFO    : recv message: alive
2017-05-31 03:44:47,497: log.pubsub.bridge   : MainProcess                     : MainThread     : DEBUG   : ru_initialize_common (NOOP)
2017-05-31 03:44:47,498: log.pubsub.bridge   : MainProcess                     : MainThread     : DEBUG   : ru_initialize_parent (NOOP)
2017-05-31 03:44:47,498: log.pubsub.bridge   : MainProcess                     : MainThread     : DEBUG   : child thread log.pubsub.bridge.watch started
2017-05-31 03:44:47,498: log.pubsub.bridge   : MainProcess                     : MainThread     : INFO    : child is alive
2017-05-31 03:44:47,498: log.pubsub.bridge   : MainProcess                     : MainThread     : DEBUG   : ru_initialize_common (NOOP)
2017-05-31 03:44:47,498: log.pubsub.bridge   : MainProcess                     : MainThread     : DEBUG   : ru_initialize_parent (NOOP)
2017-05-31 03:44:47,498: log.pubsub.bridge   : MainProcess                     : MainThread     : DEBUG   : child process started
2017-05-31 03:44:49,797: log.pubsub.bridge   : MainProcess                     : MainThread     : INFO    : parent stops child
2017-05-31 03:44:49,797: log.pubsub.bridge   : MainProcess                     : MainThread     : DEBUG   : ru_finalize_parent (NOOP)
2017-05-31 03:44:49,797: log.pubsub.bridge   : MainProcess                     : MainThread     : DEBUG   : ru_finalize_common (NOOP)
2017-05-31 03:44:49,798: log.pubsub.bridge   : MainProcess                     : MainThread     : INFO    : parent stops child
2017-05-31 03:44:49,798: log.pubsub.bridge   : MainProcess                     : MainThread     : DEBUG   : ru_finalize_parent (NOOP)
2017-05-31 03:44:49,798: log.pubsub.bridge   : MainProcess                     : MainThread     : DEBUG   : ru_finalize_common (NOOP)
2017-05-31 03:44:49,807: log.pubsub.bridge   : MainProcess                     : log.pubsub.bridge.watch: INFO    : send message: work finished
2017-05-31 03:44:49,807: log.pubsub.bridge   : MainProcess                     : log.pubsub.bridge.watch: DEBUG   : ru_finalize_child (NOOP)
2017-05-31 03:44:49,807: log.pubsub.bridge   : MainProcess                     : log.pubsub.bridge.watch: DEBUG   : ru_finalize_common (NOOP)
2017-05-31 03:44:49,807: log.pubsub.bridge   : MainProcess                     : log.pubsub.bridge.watch: INFO    : send message: terminating
2017-05-31 03:44:49,914: log.pubsub.bridge   : MainProcess                     : MainThread     : WARNING : failed to stop child - terminate
