2017-05-31 02:40:29,813: pmgr.0000           : MainProcess                     : MainThread     : INFO    : python.interpreter   version: 2.7.12 (default, Nov 19 2016, 06:48:10) [GCC 5.4.0 20160609]
2017-05-31 02:40:29,814: pmgr.0000           : MainProcess                     : MainThread     : INFO    :                      pid: 27015
2017-05-31 02:40:29,814: pmgr.0000           : MainProcess                     : MainThread     : INFO    :                      tid: MainThread
2017-05-31 02:40:29,814: pmgr.0000           : MainProcess                     : MainThread     : INFO    : radical.pilot        version: split-81-gf853cc9b@feature-bridges
2017-05-31 02:40:29,815: pmgr.0000           : MainProcess                     : MainThread     : DEBUG   : start process
2017-05-31 02:40:29,815: pmgr.0000           : MainProcess                     : MainThread     : INFO    : radical.pilot        version: split-81-gf853cc9b@feature-bridges
2017-05-31 02:40:29,839: pmgr.0000           : MainProcess                     : MainThread     : INFO    : initialize pmgr.0000
2017-05-31 02:40:29,840: pmgr.0000           : MainProcess                     : MainThread     : INFO    : cfg: {u'bridges': {u'pmgr_launching_queue': {u'bulk_size': 0,
                                        u'log_level': u'debug',
                                        u'stall_hwm': 1}},
 u'components': {u'PMGRLaunchingComponent': {u'count': 1}},
 u'db_poll_sleeptime': 1.0,
 'owner': 'pmgr.0000'}
2017-05-31 02:40:29,840: pmgr.0000           : MainProcess                     : MainThread     : DEBUG   : start bridges   : {u'pmgr_launching_queue': {u'bulk_size': 0,
                           u'log_level': u'debug',
                           u'stall_hwm': 1}}
2017-05-31 02:40:29,840: pmgr.0000           : MainProcess                     : MainThread     : INFO    : create bridge pmgr_launching_queue
2017-05-31 02:40:29,853: pmgr.0000           : MainProcess                     : MainThread     : INFO    : created bridge pmgr_launching_queue (pmgr.launching.queue.bridge)
2017-05-31 02:40:29,853: pmgr.0000           : MainProcess                     : MainThread     : DEBUG   : start components: {u'PMGRLaunchingComponent': {u'count': 1}}
2017-05-31 02:40:29,853: pmgr.0000           : MainProcess                     : MainThread     : DEBUG   : start 1 component(s) PMGRLaunchingComponent
2017-05-31 02:40:30,009: pmgr.0000           : MainProcess                     : MainThread     : INFO    : pmgr.0000                      starts pmgr.launching.0
2017-05-31 02:40:30,009: pmgr.0000           : MainProcess                     : MainThread     : DEBUG   : START: pmgr.0000 register publisher log_pubsub
2017-05-31 02:40:30,009: pmgr.0000           : MainProcess                     : MainThread     : DEBUG   : using addr tcp://138.201.86.166:44135 for pubsub log_pubsub
2017-05-31 02:40:30,010: pmgr.0000           : MainProcess                     : MainThread     : DEBUG   : registered publisher : log_pubsub : log.pubsub.pub
2017-05-31 02:40:30,011: pmgr.0000           : MainProcess                     : MainThread     : DEBUG   : START: pmgr.0000 register publisher state_pubsub
2017-05-31 02:40:30,011: pmgr.0000           : MainProcess                     : MainThread     : DEBUG   : using addr tcp://138.201.86.166:32771 for pubsub state_pubsub
2017-05-31 02:40:30,012: pmgr.0000           : MainProcess                     : MainThread     : DEBUG   : registered publisher : state_pubsub : state.pubsub.pub
2017-05-31 02:40:30,012: pmgr.0000           : MainProcess                     : MainThread     : DEBUG   : START: pmgr.0000 register publisher control_pubsub
2017-05-31 02:40:30,012: pmgr.0000           : MainProcess                     : MainThread     : DEBUG   : using addr tcp://138.201.86.166:43217 for pubsub control_pubsub
2017-05-31 02:40:30,013: pmgr.0000           : MainProcess                     : MainThread     : DEBUG   : registered publisher : control_pubsub : control.pubsub.pub
2017-05-31 02:40:30,014: pmgr.0000           : MainProcess                     : MainThread     : DEBUG   : child process started
2017-05-31 02:40:30,014: pmgr.0000           : MainProcess                     : MainThread     : DEBUG   : START: pmgr.0000 register output PMGR_LAUNCHING_PENDING
2017-05-31 02:40:30,015: pmgr.0000           : MainProcess                     : MainThread     : DEBUG   : using addr tcp://138.201.86.166:43061 for output pmgr_launching_queue
2017-05-31 02:40:30,018: pmgr.0000           : MainProcess                     : MainThread     : DEBUG   : registered output    : PMGR_LAUNCHING_PENDING : pmgr_launching_queue : pmgr.launching.queue.input
2017-05-31 02:40:30,018: pmgr.0000           : MainProcess                     : MainThread     : DEBUG   : START: pmgr.0000 register idler pmgr.0000.idler._state_pull_cb
2017-05-31 02:40:30,018: pmgr.0000           : MainProcess                     : MainThread     : DEBUG   : start thread
2017-05-31 02:40:30,019: pmgr.0000           : MainProcess                     : pmgr.0000.idler._state_pull_cb: INFO    : child (me) initializing
2017-05-31 02:40:30,019: pmgr.0000           : MainProcess                     : pmgr.0000.idler._state_pull_cb: DEBUG   : ru_initialize_common (NOOP)
2017-05-31 02:40:30,019: pmgr.0000           : MainProcess                     : pmgr.0000.idler._state_pull_cb: DEBUG   : ru_initialize_child (NOOP)
2017-05-31 02:40:30,019: pmgr.0000           : MainProcess                     : pmgr.0000.idler._state_pull_cb: INFO    : send alive
2017-05-31 02:40:30,020: pmgr.0000           : MainProcess                     : pmgr.0000.idler._state_pull_cb: INFO    : send message: alive
2017-05-31 02:40:30,021: pmgr.0000           : MainProcess                     : MainThread     : INFO    : recv message: alive
2017-05-31 02:40:30,021: pmgr.0000           : MainProcess                     : MainThread     : DEBUG   : ru_initialize_common (NOOP)
2017-05-31 02:40:30,021: pmgr.0000           : MainProcess                     : MainThread     : DEBUG   : ru_initialize_parent (NOOP)
2017-05-31 02:40:30,021: pmgr.0000           : MainProcess                     : MainThread     : DEBUG   : child thread pmgr.0000.idler._state_pull_cb started
2017-05-31 02:40:30,021: pmgr.0000           : MainProcess                     : MainThread     : DEBUG   : pmgr.0000 registered idler pmgr.0000.idler._state_pull_cb
2017-05-31 02:40:30,022: pmgr.0000           : MainProcess                     : MainThread     : DEBUG   : START: pmgr.0000 register subscriber pmgr.0000.subscriber._state_sub_cb
2017-05-31 02:40:30,022: pmgr.0000           : MainProcess                     : MainThread     : DEBUG   : using addr tcp://138.201.86.166:42499 for pubsub state_pubsub
2017-05-31 02:40:30,024: pmgr.0000           : MainProcess                     : MainThread     : DEBUG   : start thread
2017-05-31 02:40:30,025: pmgr.0000           : MainProcess                     : pmgr.0000.subscriber._state_sub_cb: INFO    : child (me) initializing
2017-05-31 02:40:30,025: pmgr.0000           : MainProcess                     : pmgr.0000.subscriber._state_sub_cb: DEBUG   : ru_initialize_common (NOOP)
2017-05-31 02:40:30,025: pmgr.0000           : MainProcess                     : pmgr.0000.subscriber._state_sub_cb: DEBUG   : ru_initialize_child (NOOP)
2017-05-31 02:40:30,026: pmgr.0000           : MainProcess                     : pmgr.0000.subscriber._state_sub_cb: INFO    : send alive
2017-05-31 02:40:30,026: pmgr.0000           : MainProcess                     : pmgr.0000.subscriber._state_sub_cb: INFO    : send message: alive
2017-05-31 02:40:30,026: pmgr.0000           : MainProcess                     : MainThread     : INFO    : recv message: alive
2017-05-31 02:40:30,027: pmgr.0000           : MainProcess                     : MainThread     : DEBUG   : ru_initialize_common (NOOP)
2017-05-31 02:40:30,027: pmgr.0000           : MainProcess                     : MainThread     : DEBUG   : ru_initialize_parent (NOOP)
2017-05-31 02:40:30,027: pmgr.0000           : MainProcess                     : MainThread     : DEBUG   : child thread pmgr.0000.subscriber._state_sub_cb started
2017-05-31 02:40:30,027: pmgr.0000           : MainProcess                     : MainThread     : DEBUG   : pmgr.0000 registered state_pubsub subscriber pmgr.0000.subscriber._state_sub_cb
2017-05-31 02:40:30,575: pmgr.0000           : MainProcess                     : MainThread     : DEBUG   : PMGR setup done (      NoneNone) : None
2017-05-31 02:40:35,659: pmgr.0000           : MainProcess                     : MainThread     : DEBUG   : advance bulk size: 1 [False, False]
2017-05-31 02:40:35,660: pmgr.0000           : MainProcess                     : MainThread     : DEBUG   : advance bulk: pilot.0000 [1]
2017-05-31 02:40:35,760: pmgr.0000           : MainProcess                     : MainThread     : INFO    : [Callback]: pilot pilot.0000 state: PMGR_LAUNCHING_PENDING.
2017-05-31 02:40:35,761: pmgr.0000           : MainProcess                     : MainThread     : DEBUG   : advance bulk size: 1 [True, True]
2017-05-31 02:40:35,761: pmgr.0000           : MainProcess                     : MainThread     : DEBUG   : advance bulk: pilot.0000 [1]
2017-05-31 02:40:35,762: pmgr.0000           : MainProcess                     : MainThread     : DEBUG   : bucket: PMGR_LAUNCHING_PENDING : ['pilot.0000']
2017-05-31 02:40:35,762: pmgr.0000           : MainProcess                     : MainThread     : DEBUG   : put bulk PMGR_LAUNCHING_PENDING: 1
2017-05-31 02:40:35,762: pmgr.0000           : MainProcess                     : MainThread     : DEBUG   : push pilot.0000 ---> PMGR_LAUNCHING_PENDING
2017-05-31 02:40:35,765: pmgr.0000           : MainProcess                     : pmgr.0000.subscriber._state_sub_cb: INFO    : [Callback]: pilot pilot.0000 state: PMGR_LAUNCHING.
2017-05-31 02:40:35,767: pmgr.0000           : MainProcess                     : pmgr.0000.subscriber._state_sub_cb: DEBUG   : advance bulk size: 1 [False, False]
2017-05-31 02:40:35,767: pmgr.0000           : MainProcess                     : pmgr.0000.subscriber._state_sub_cb: DEBUG   : advance bulk: pilot.0000 [1]
2017-05-31 02:40:48,958: pmgr.0000           : MainProcess                     : pmgr.0000.subscriber._state_sub_cb: INFO    : [Callback]: pilot pilot.0000 state: PMGR_ACTIVE_PENDING.
2017-05-31 02:40:48,959: pmgr.0000           : MainProcess                     : pmgr.0000.subscriber._state_sub_cb: DEBUG   : advance bulk size: 1 [False, False]
2017-05-31 02:40:48,959: pmgr.0000           : MainProcess                     : pmgr.0000.subscriber._state_sub_cb: DEBUG   : advance bulk: pilot.0000 [1]
2017-05-31 03:15:55,630: pmgr.0000           : MainProcess                     : pmgr.0000.idler._state_pull_cb: INFO    : [Callback]: pilot pilot.0000 state: PMGR_ACTIVE.
2017-05-31 03:15:55,631: pmgr.0000           : MainProcess                     : pmgr.0000.idler._state_pull_cb: DEBUG   : advance bulk size: 1 [False, True]
2017-05-31 03:15:55,631: pmgr.0000           : MainProcess                     : pmgr.0000.idler._state_pull_cb: DEBUG   : advance bulk: pilot.0000 [1]
2017-05-31 03:15:55,632: pmgr.0000           : MainProcess                     : pmgr.0000.idler._state_pull_cb: INFO    : pilot pilot.0000 is PMGR_ACTIVE: None [None]
2017-05-31 03:21:07,318: pmgr.0000           : MainProcess                     : pmgr.0000.idler._state_pull_cb: INFO    : [Callback]: pilot pilot.0000 state: CANCELED.
2017-05-31 03:21:07,319: pmgr.0000           : MainProcess                     : pmgr.0000.idler._state_pull_cb: DEBUG   : advance bulk size: 1 [False, True]
2017-05-31 03:21:07,319: pmgr.0000           : MainProcess                     : pmgr.0000.idler._state_pull_cb: DEBUG   : advance bulk: pilot.0000 [1]
2017-05-31 03:21:07,408: pmgr.0000           : MainProcess                     : MainThread     : DEBUG   : stop pmgr.0000 (27015 : None : MainThread) [radical.pilot.pilot_manager.PilotManager.close]
2017-05-31 03:21:07,408: pmgr.0000           : MainProcess                     : MainThread     : INFO    : parent stops child
2017-05-31 03:21:07,857: pmgr.0000           : MainProcess                     : MainThread     : DEBUG   : ru_finalize_common()
2017-05-31 03:21:07,857: pmgr.0000           : MainProcess                     : MainThread     : DEBUG   : TERM : pmgr.0000 unregister publisher state_pubsub
2017-05-31 03:21:07,858: pmgr.0000           : MainProcess                     : MainThread     : DEBUG   : unregistered publisher state_pubsub
2017-05-31 03:21:07,858: pmgr.0000           : MainProcess                     : MainThread     : DEBUG   : TERM : pmgr.0000 unregister publisher control_pubsub
2017-05-31 03:21:07,859: pmgr.0000           : MainProcess                     : MainThread     : DEBUG   : unregistered publisher control_pubsub
2017-05-31 03:21:07,860: pmgr.0000           : MainProcess                     : MainThread     : DEBUG   : pmgr.0000 close prof
2017-05-31 03:21:07,860: pmgr.0000           : MainProcess                     : MainThread     : INFO    : parent stops child
2017-05-31 03:21:07,860: pmgr.0000           : MainProcess                     : MainThread     : DEBUG   : ru_finalize_parent (NOOP)
2017-05-31 03:21:07,860: pmgr.0000           : MainProcess                     : MainThread     : DEBUG   : ru_finalize_common (NOOP)
2017-05-31 03:21:08,322: pmgr.0000           : MainProcess                     : pmgr.0000.subscriber._state_sub_cb: DEBUG   : ru_finalize_child (NOOP)
2017-05-31 03:21:08,322: pmgr.0000           : MainProcess                     : pmgr.0000.subscriber._state_sub_cb: DEBUG   : ru_finalize_common (NOOP)
2017-05-31 03:21:08,323: pmgr.0000           : MainProcess                     : pmgr.0000.subscriber._state_sub_cb: INFO    : send message: terminating
2017-05-31 03:21:08,326: pmgr.0000           : MainProcess                     : MainThread     : INFO    : parent stops child
2017-05-31 03:21:08,326: pmgr.0000           : MainProcess                     : MainThread     : DEBUG   : ru_finalize_parent (NOOP)
2017-05-31 03:21:08,326: pmgr.0000           : MainProcess                     : MainThread     : DEBUG   : ru_finalize_common (NOOP)
2017-05-31 03:21:08,422: pmgr.0000           : MainProcess                     : pmgr.0000.idler._state_pull_cb: DEBUG   : ru_finalize_child (NOOP)
2017-05-31 03:21:08,423: pmgr.0000           : MainProcess                     : pmgr.0000.idler._state_pull_cb: DEBUG   : ru_finalize_common (NOOP)
2017-05-31 03:21:08,423: pmgr.0000           : MainProcess                     : pmgr.0000.idler._state_pull_cb: INFO    : send message: terminating
2017-05-31 03:21:08,441: pmgr.0000           : MainProcess                     : MainThread     : INFO    : Closed PilotManager pmgr.0000.
2017-05-31 03:21:11,016: pmgr.0000           : MainProcess                     : MainThread     : INFO    : radical.pilot        version: split-81-gf853cc9b@feature-bridges
2017-05-31 03:21:11,017: pmgr.0000           : MainProcess                     : MainThread     : DEBUG   : start process
2017-05-31 03:21:11,017: pmgr.0000           : MainProcess                     : MainThread     : INFO    : radical.pilot        version: split-81-gf853cc9b@feature-bridges
2017-05-31 03:21:11,034: pmgr.0000           : MainProcess                     : MainThread     : INFO    : initialize pmgr.0000
2017-05-31 03:21:11,035: pmgr.0000           : MainProcess                     : MainThread     : INFO    : cfg: {u'bridges': {u'pmgr_launching_queue': {u'bulk_size': 0,
                                        u'log_level': u'debug',
                                        u'stall_hwm': 1}},
 u'components': {u'PMGRLaunchingComponent': {u'count': 1}},
 u'db_poll_sleeptime': 1.0,
 'owner': 'pmgr.0000'}
2017-05-31 03:21:11,035: pmgr.0000           : MainProcess                     : MainThread     : DEBUG   : start bridges   : {u'pmgr_launching_queue': {u'bulk_size': 0,
                           u'log_level': u'debug',
                           u'stall_hwm': 1}}
2017-05-31 03:21:11,036: pmgr.0000           : MainProcess                     : MainThread     : INFO    : create bridge pmgr_launching_queue
2017-05-31 03:21:11,064: pmgr.0000           : MainProcess                     : MainThread     : INFO    : created bridge pmgr_launching_queue (pmgr.launching.queue.bridge)
2017-05-31 03:21:11,065: pmgr.0000           : MainProcess                     : MainThread     : DEBUG   : start components: {u'PMGRLaunchingComponent': {u'count': 1}}
2017-05-31 03:21:11,065: pmgr.0000           : MainProcess                     : MainThread     : DEBUG   : start 1 component(s) PMGRLaunchingComponent
2017-05-31 03:21:11,167: pmgr.0000           : MainProcess                     : MainThread     : INFO    : pmgr.0000                      starts pmgr.launching.0
2017-05-31 03:21:11,167: pmgr.0000           : MainProcess                     : MainThread     : DEBUG   : START: pmgr.0000 register publisher log_pubsub
2017-05-31 03:21:11,167: pmgr.0000           : MainProcess                     : MainThread     : DEBUG   : using addr tcp://138.201.86.166:37208 for pubsub log_pubsub
2017-05-31 03:21:11,168: pmgr.0000           : MainProcess                     : MainThread     : DEBUG   : registered publisher : log_pubsub : log.pubsub.pub
2017-05-31 03:21:11,168: pmgr.0000           : MainProcess                     : MainThread     : DEBUG   : START: pmgr.0000 register publisher state_pubsub
2017-05-31 03:21:11,169: pmgr.0000           : MainProcess                     : MainThread     : DEBUG   : using addr tcp://138.201.86.166:38275 for pubsub state_pubsub
2017-05-31 03:21:11,170: pmgr.0000           : MainProcess                     : MainThread     : DEBUG   : registered publisher : state_pubsub : state.pubsub.pub
2017-05-31 03:21:11,170: pmgr.0000           : MainProcess                     : MainThread     : DEBUG   : START: pmgr.0000 register publisher control_pubsub
2017-05-31 03:21:11,170: pmgr.0000           : MainProcess                     : MainThread     : DEBUG   : using addr tcp://138.201.86.166:40878 for pubsub control_pubsub
2017-05-31 03:21:11,171: pmgr.0000           : MainProcess                     : MainThread     : DEBUG   : registered publisher : control_pubsub : control.pubsub.pub
2017-05-31 03:21:11,171: pmgr.0000           : MainProcess                     : MainThread     : DEBUG   : child process started
2017-05-31 03:21:11,172: pmgr.0000           : MainProcess                     : MainThread     : DEBUG   : START: pmgr.0000 register output PMGR_LAUNCHING_PENDING
2017-05-31 03:21:11,172: pmgr.0000           : MainProcess                     : MainThread     : DEBUG   : using addr tcp://138.201.86.166:37742 for output pmgr_launching_queue
2017-05-31 03:21:11,173: pmgr.0000           : MainProcess                     : MainThread     : DEBUG   : registered output    : PMGR_LAUNCHING_PENDING : pmgr_launching_queue : pmgr.launching.queue.input
2017-05-31 03:21:11,174: pmgr.0000           : MainProcess                     : MainThread     : DEBUG   : START: pmgr.0000 register idler pmgr.0000.idler._state_pull_cb
2017-05-31 03:21:11,174: pmgr.0000           : MainProcess                     : MainThread     : DEBUG   : start thread
2017-05-31 03:21:11,175: pmgr.0000           : MainProcess                     : pmgr.0000.idler._state_pull_cb: INFO    : child (me) initializing
2017-05-31 03:21:11,175: pmgr.0000           : MainProcess                     : pmgr.0000.idler._state_pull_cb: DEBUG   : ru_initialize_common (NOOP)
2017-05-31 03:21:11,175: pmgr.0000           : MainProcess                     : pmgr.0000.idler._state_pull_cb: DEBUG   : ru_initialize_child (NOOP)
2017-05-31 03:21:11,175: pmgr.0000           : MainProcess                     : pmgr.0000.idler._state_pull_cb: INFO    : send alive
2017-05-31 03:21:11,175: pmgr.0000           : MainProcess                     : pmgr.0000.idler._state_pull_cb: INFO    : send message: alive
2017-05-31 03:21:11,176: pmgr.0000           : MainProcess                     : MainThread     : INFO    : recv message: alive
2017-05-31 03:21:11,177: pmgr.0000           : MainProcess                     : MainThread     : DEBUG   : ru_initialize_common (NOOP)
2017-05-31 03:21:11,177: pmgr.0000           : MainProcess                     : MainThread     : DEBUG   : ru_initialize_parent (NOOP)
2017-05-31 03:21:11,177: pmgr.0000           : MainProcess                     : MainThread     : DEBUG   : child thread pmgr.0000.idler._state_pull_cb started
2017-05-31 03:21:11,177: pmgr.0000           : MainProcess                     : MainThread     : DEBUG   : pmgr.0000 registered idler pmgr.0000.idler._state_pull_cb
2017-05-31 03:21:11,177: pmgr.0000           : MainProcess                     : MainThread     : DEBUG   : START: pmgr.0000 register subscriber pmgr.0000.subscriber._state_sub_cb
2017-05-31 03:21:11,177: pmgr.0000           : MainProcess                     : MainThread     : DEBUG   : using addr tcp://138.201.86.166:39820 for pubsub state_pubsub
2017-05-31 03:21:11,179: pmgr.0000           : MainProcess                     : MainThread     : DEBUG   : start thread
2017-05-31 03:21:11,179: pmgr.0000           : MainProcess                     : pmgr.0000.subscriber._state_sub_cb: INFO    : child (me) initializing
2017-05-31 03:21:11,180: pmgr.0000           : MainProcess                     : pmgr.0000.subscriber._state_sub_cb: DEBUG   : ru_initialize_common (NOOP)
2017-05-31 03:21:11,180: pmgr.0000           : MainProcess                     : pmgr.0000.subscriber._state_sub_cb: DEBUG   : ru_initialize_child (NOOP)
2017-05-31 03:21:11,180: pmgr.0000           : MainProcess                     : pmgr.0000.subscriber._state_sub_cb: INFO    : send alive
2017-05-31 03:21:11,180: pmgr.0000           : MainProcess                     : pmgr.0000.subscriber._state_sub_cb: INFO    : send message: alive
2017-05-31 03:21:11,181: pmgr.0000           : MainProcess                     : MainThread     : INFO    : recv message: alive
2017-05-31 03:21:11,181: pmgr.0000           : MainProcess                     : MainThread     : DEBUG   : ru_initialize_common (NOOP)
2017-05-31 03:21:11,181: pmgr.0000           : MainProcess                     : MainThread     : DEBUG   : ru_initialize_parent (NOOP)
2017-05-31 03:21:11,181: pmgr.0000           : MainProcess                     : MainThread     : DEBUG   : child thread pmgr.0000.subscriber._state_sub_cb started
2017-05-31 03:21:11,181: pmgr.0000           : MainProcess                     : MainThread     : DEBUG   : pmgr.0000 registered state_pubsub subscriber pmgr.0000.subscriber._state_sub_cb
2017-05-31 03:21:11,700: pmgr.0000           : MainProcess                     : MainThread     : DEBUG   : PMGR setup done (      NoneNone) : None
2017-05-31 03:21:12,881: pmgr.0000           : MainProcess                     : MainThread     : DEBUG   : advance bulk size: 1 [False, False]
2017-05-31 03:21:12,881: pmgr.0000           : MainProcess                     : MainThread     : DEBUG   : advance bulk: pilot.0000 [1]
2017-05-31 03:21:12,982: pmgr.0000           : MainProcess                     : MainThread     : INFO    : [Callback]: pilot pilot.0000 state: PMGR_LAUNCHING_PENDING.
2017-05-31 03:21:12,983: pmgr.0000           : MainProcess                     : MainThread     : DEBUG   : advance bulk size: 1 [True, True]
2017-05-31 03:21:12,983: pmgr.0000           : MainProcess                     : MainThread     : DEBUG   : advance bulk: pilot.0000 [1]
2017-05-31 03:21:12,983: pmgr.0000           : MainProcess                     : MainThread     : DEBUG   : bucket: PMGR_LAUNCHING_PENDING : ['pilot.0000']
2017-05-31 03:21:12,984: pmgr.0000           : MainProcess                     : MainThread     : DEBUG   : put bulk PMGR_LAUNCHING_PENDING: 1
2017-05-31 03:21:12,984: pmgr.0000           : MainProcess                     : MainThread     : DEBUG   : push pilot.0000 ---> PMGR_LAUNCHING_PENDING
2017-05-31 03:21:12,987: pmgr.0000           : MainProcess                     : pmgr.0000.subscriber._state_sub_cb: INFO    : [Callback]: pilot pilot.0000 state: PMGR_LAUNCHING.
2017-05-31 03:21:12,987: pmgr.0000           : MainProcess                     : pmgr.0000.subscriber._state_sub_cb: DEBUG   : advance bulk size: 1 [False, False]
2017-05-31 03:21:12,987: pmgr.0000           : MainProcess                     : pmgr.0000.subscriber._state_sub_cb: DEBUG   : advance bulk: pilot.0000 [1]
2017-05-31 03:21:25,414: pmgr.0000           : MainProcess                     : pmgr.0000.subscriber._state_sub_cb: INFO    : [Callback]: pilot pilot.0000 state: PMGR_ACTIVE_PENDING.
2017-05-31 03:21:25,415: pmgr.0000           : MainProcess                     : pmgr.0000.subscriber._state_sub_cb: DEBUG   : advance bulk size: 1 [False, False]
2017-05-31 03:21:25,415: pmgr.0000           : MainProcess                     : pmgr.0000.subscriber._state_sub_cb: DEBUG   : advance bulk: pilot.0000 [1]
2017-05-31 03:23:43,394: pmgr.0000           : MainProcess                     : pmgr.0000.idler._state_pull_cb: INFO    : [Callback]: pilot pilot.0000 state: PMGR_ACTIVE.
2017-05-31 03:23:43,395: pmgr.0000           : MainProcess                     : pmgr.0000.idler._state_pull_cb: DEBUG   : advance bulk size: 1 [False, True]
2017-05-31 03:23:43,396: pmgr.0000           : MainProcess                     : pmgr.0000.idler._state_pull_cb: DEBUG   : advance bulk: pilot.0000 [1]
2017-05-31 03:23:43,397: pmgr.0000           : MainProcess                     : pmgr.0000.idler._state_pull_cb: INFO    : pilot pilot.0000 is PMGR_ACTIVE: None [None]
2017-05-31 03:28:41,030: pmgr.0000           : MainProcess                     : pmgr.0000.idler._state_pull_cb: INFO    : [Callback]: pilot pilot.0000 state: CANCELED.
2017-05-31 03:28:41,031: pmgr.0000           : MainProcess                     : pmgr.0000.idler._state_pull_cb: DEBUG   : advance bulk size: 1 [False, True]
2017-05-31 03:28:41,031: pmgr.0000           : MainProcess                     : pmgr.0000.idler._state_pull_cb: DEBUG   : advance bulk: pilot.0000 [1]
2017-05-31 03:28:41,037: pmgr.0000           : MainProcess                     : MainThread     : DEBUG   : stop pmgr.0000 (27015 : None : MainThread) [radical.pilot.pilot_manager.PilotManager.close]
2017-05-31 03:28:41,038: pmgr.0000           : MainProcess                     : MainThread     : INFO    : parent stops child
2017-05-31 03:28:41,434: pmgr.0000           : MainProcess                     : MainThread     : DEBUG   : ru_finalize_common()
2017-05-31 03:28:41,434: pmgr.0000           : MainProcess                     : MainThread     : DEBUG   : TERM : pmgr.0000 unregister publisher state_pubsub
2017-05-31 03:28:41,435: pmgr.0000           : MainProcess                     : MainThread     : DEBUG   : unregistered publisher state_pubsub
2017-05-31 03:28:41,436: pmgr.0000           : MainProcess                     : MainThread     : DEBUG   : TERM : pmgr.0000 unregister publisher control_pubsub
2017-05-31 03:28:41,437: pmgr.0000           : MainProcess                     : MainThread     : DEBUG   : unregistered publisher control_pubsub
2017-05-31 03:28:41,437: pmgr.0000           : MainProcess                     : MainThread     : DEBUG   : pmgr.0000 close prof
2017-05-31 03:28:41,437: pmgr.0000           : MainProcess                     : MainThread     : INFO    : parent stops child
2017-05-31 03:28:41,437: pmgr.0000           : MainProcess                     : MainThread     : DEBUG   : ru_finalize_parent (NOOP)
2017-05-31 03:28:41,438: pmgr.0000           : MainProcess                     : MainThread     : DEBUG   : ru_finalize_common (NOOP)
2017-05-31 03:28:41,533: pmgr.0000           : MainProcess                     : pmgr.0000.subscriber._state_sub_cb: DEBUG   : ru_finalize_child (NOOP)
2017-05-31 03:28:41,533: pmgr.0000           : MainProcess                     : pmgr.0000.subscriber._state_sub_cb: DEBUG   : ru_finalize_common (NOOP)
2017-05-31 03:28:41,533: pmgr.0000           : MainProcess                     : pmgr.0000.subscriber._state_sub_cb: INFO    : send message: terminating
2017-05-31 03:28:41,552: pmgr.0000           : MainProcess                     : MainThread     : INFO    : parent stops child
2017-05-31 03:28:41,553: pmgr.0000           : MainProcess                     : MainThread     : DEBUG   : ru_finalize_parent (NOOP)
2017-05-31 03:28:41,553: pmgr.0000           : MainProcess                     : MainThread     : DEBUG   : ru_finalize_common (NOOP)
2017-05-31 03:28:41,633: pmgr.0000           : MainProcess                     : pmgr.0000.idler._state_pull_cb: DEBUG   : ru_finalize_child (NOOP)
2017-05-31 03:28:41,633: pmgr.0000           : MainProcess                     : pmgr.0000.idler._state_pull_cb: DEBUG   : ru_finalize_common (NOOP)
2017-05-31 03:28:41,634: pmgr.0000           : MainProcess                     : pmgr.0000.idler._state_pull_cb: INFO    : send message: terminating
2017-05-31 03:28:41,667: pmgr.0000           : MainProcess                     : MainThread     : INFO    : Closed PilotManager pmgr.0000.
2017-05-31 03:28:44,068: pmgr.0000           : MainProcess                     : MainThread     : INFO    : radical.pilot        version: split-81-gf853cc9b@feature-bridges
2017-05-31 03:28:44,069: pmgr.0000           : MainProcess                     : MainThread     : DEBUG   : start process
2017-05-31 03:28:44,069: pmgr.0000           : MainProcess                     : MainThread     : INFO    : radical.pilot        version: split-81-gf853cc9b@feature-bridges
2017-05-31 03:28:44,072: pmgr.0000           : MainProcess                     : MainThread     : INFO    : initialize pmgr.0000
2017-05-31 03:28:44,073: pmgr.0000           : MainProcess                     : MainThread     : INFO    : cfg: {u'bridges': {u'pmgr_launching_queue': {u'bulk_size': 0,
                                        u'log_level': u'debug',
                                        u'stall_hwm': 1}},
 u'components': {u'PMGRLaunchingComponent': {u'count': 1}},
 u'db_poll_sleeptime': 1.0,
 'owner': 'pmgr.0000'}
2017-05-31 03:28:44,074: pmgr.0000           : MainProcess                     : MainThread     : DEBUG   : start bridges   : {u'pmgr_launching_queue': {u'bulk_size': 0,
                           u'log_level': u'debug',
                           u'stall_hwm': 1}}
2017-05-31 03:28:44,074: pmgr.0000           : MainProcess                     : MainThread     : INFO    : create bridge pmgr_launching_queue
2017-05-31 03:28:44,106: pmgr.0000           : MainProcess                     : MainThread     : INFO    : created bridge pmgr_launching_queue (pmgr.launching.queue.bridge)
2017-05-31 03:28:44,107: pmgr.0000           : MainProcess                     : MainThread     : DEBUG   : start components: {u'PMGRLaunchingComponent': {u'count': 1}}
2017-05-31 03:28:44,107: pmgr.0000           : MainProcess                     : MainThread     : DEBUG   : start 1 component(s) PMGRLaunchingComponent
2017-05-31 03:28:44,168: pmgr.0000           : MainProcess                     : MainThread     : INFO    : pmgr.0000                      starts pmgr.launching.0
2017-05-31 03:28:44,168: pmgr.0000           : MainProcess                     : MainThread     : DEBUG   : START: pmgr.0000 register publisher log_pubsub
2017-05-31 03:28:44,168: pmgr.0000           : MainProcess                     : MainThread     : DEBUG   : using addr tcp://138.201.86.166:33991 for pubsub log_pubsub
2017-05-31 03:28:44,169: pmgr.0000           : MainProcess                     : MainThread     : DEBUG   : registered publisher : log_pubsub : log.pubsub.pub
2017-05-31 03:28:44,169: pmgr.0000           : MainProcess                     : MainThread     : DEBUG   : START: pmgr.0000 register publisher state_pubsub
2017-05-31 03:28:44,170: pmgr.0000           : MainProcess                     : MainThread     : DEBUG   : using addr tcp://138.201.86.166:34835 for pubsub state_pubsub
2017-05-31 03:28:44,171: pmgr.0000           : MainProcess                     : MainThread     : DEBUG   : registered publisher : state_pubsub : state.pubsub.pub
2017-05-31 03:28:44,171: pmgr.0000           : MainProcess                     : MainThread     : DEBUG   : START: pmgr.0000 register publisher control_pubsub
2017-05-31 03:28:44,171: pmgr.0000           : MainProcess                     : MainThread     : DEBUG   : using addr tcp://138.201.86.166:33905 for pubsub control_pubsub
2017-05-31 03:28:44,172: pmgr.0000           : MainProcess                     : MainThread     : DEBUG   : registered publisher : control_pubsub : control.pubsub.pub
2017-05-31 03:28:44,172: pmgr.0000           : MainProcess                     : MainThread     : DEBUG   : child process started
2017-05-31 03:28:44,173: pmgr.0000           : MainProcess                     : MainThread     : DEBUG   : START: pmgr.0000 register output PMGR_LAUNCHING_PENDING
2017-05-31 03:28:44,173: pmgr.0000           : MainProcess                     : MainThread     : DEBUG   : using addr tcp://138.201.86.166:36397 for output pmgr_launching_queue
2017-05-31 03:28:44,174: pmgr.0000           : MainProcess                     : MainThread     : DEBUG   : registered output    : PMGR_LAUNCHING_PENDING : pmgr_launching_queue : pmgr.launching.queue.input
2017-05-31 03:28:44,174: pmgr.0000           : MainProcess                     : MainThread     : DEBUG   : START: pmgr.0000 register idler pmgr.0000.idler._state_pull_cb
2017-05-31 03:28:44,175: pmgr.0000           : MainProcess                     : MainThread     : DEBUG   : start thread
2017-05-31 03:28:44,175: pmgr.0000           : MainProcess                     : pmgr.0000.idler._state_pull_cb: INFO    : child (me) initializing
2017-05-31 03:28:44,175: pmgr.0000           : MainProcess                     : pmgr.0000.idler._state_pull_cb: DEBUG   : ru_initialize_common (NOOP)
2017-05-31 03:28:44,175: pmgr.0000           : MainProcess                     : pmgr.0000.idler._state_pull_cb: DEBUG   : ru_initialize_child (NOOP)
2017-05-31 03:28:44,175: pmgr.0000           : MainProcess                     : pmgr.0000.idler._state_pull_cb: INFO    : send alive
2017-05-31 03:28:44,176: pmgr.0000           : MainProcess                     : pmgr.0000.idler._state_pull_cb: INFO    : send message: alive
2017-05-31 03:28:44,177: pmgr.0000           : MainProcess                     : MainThread     : INFO    : recv message: alive
2017-05-31 03:28:44,177: pmgr.0000           : MainProcess                     : MainThread     : DEBUG   : ru_initialize_common (NOOP)
2017-05-31 03:28:44,177: pmgr.0000           : MainProcess                     : MainThread     : DEBUG   : ru_initialize_parent (NOOP)
2017-05-31 03:28:44,177: pmgr.0000           : MainProcess                     : MainThread     : DEBUG   : child thread pmgr.0000.idler._state_pull_cb started
2017-05-31 03:28:44,177: pmgr.0000           : MainProcess                     : MainThread     : DEBUG   : pmgr.0000 registered idler pmgr.0000.idler._state_pull_cb
2017-05-31 03:28:44,177: pmgr.0000           : MainProcess                     : MainThread     : DEBUG   : START: pmgr.0000 register subscriber pmgr.0000.subscriber._state_sub_cb
2017-05-31 03:28:44,177: pmgr.0000           : MainProcess                     : MainThread     : DEBUG   : using addr tcp://138.201.86.166:45253 for pubsub state_pubsub
2017-05-31 03:28:44,179: pmgr.0000           : MainProcess                     : MainThread     : DEBUG   : start thread
2017-05-31 03:28:44,179: pmgr.0000           : MainProcess                     : pmgr.0000.subscriber._state_sub_cb: INFO    : child (me) initializing
2017-05-31 03:28:44,179: pmgr.0000           : MainProcess                     : pmgr.0000.subscriber._state_sub_cb: DEBUG   : ru_initialize_common (NOOP)
2017-05-31 03:28:44,179: pmgr.0000           : MainProcess                     : pmgr.0000.subscriber._state_sub_cb: DEBUG   : ru_initialize_child (NOOP)
2017-05-31 03:28:44,180: pmgr.0000           : MainProcess                     : pmgr.0000.subscriber._state_sub_cb: INFO    : send alive
2017-05-31 03:28:44,180: pmgr.0000           : MainProcess                     : pmgr.0000.subscriber._state_sub_cb: INFO    : send message: alive
2017-05-31 03:28:44,181: pmgr.0000           : MainProcess                     : MainThread     : INFO    : recv message: alive
2017-05-31 03:28:44,181: pmgr.0000           : MainProcess                     : MainThread     : DEBUG   : ru_initialize_common (NOOP)
2017-05-31 03:28:44,181: pmgr.0000           : MainProcess                     : MainThread     : DEBUG   : ru_initialize_parent (NOOP)
2017-05-31 03:28:44,181: pmgr.0000           : MainProcess                     : MainThread     : DEBUG   : child thread pmgr.0000.subscriber._state_sub_cb started
2017-05-31 03:28:44,181: pmgr.0000           : MainProcess                     : MainThread     : DEBUG   : pmgr.0000 registered state_pubsub subscriber pmgr.0000.subscriber._state_sub_cb
2017-05-31 03:28:44,698: pmgr.0000           : MainProcess                     : MainThread     : DEBUG   : PMGR setup done (      NoneNone) : None
2017-05-31 03:28:45,876: pmgr.0000           : MainProcess                     : MainThread     : DEBUG   : advance bulk size: 1 [False, False]
2017-05-31 03:28:45,877: pmgr.0000           : MainProcess                     : MainThread     : DEBUG   : advance bulk: pilot.0000 [1]
2017-05-31 03:28:45,977: pmgr.0000           : MainProcess                     : MainThread     : INFO    : [Callback]: pilot pilot.0000 state: PMGR_LAUNCHING_PENDING.
2017-05-31 03:28:45,978: pmgr.0000           : MainProcess                     : MainThread     : DEBUG   : advance bulk size: 1 [True, True]
2017-05-31 03:28:45,978: pmgr.0000           : MainProcess                     : MainThread     : DEBUG   : advance bulk: pilot.0000 [1]
2017-05-31 03:28:45,978: pmgr.0000           : MainProcess                     : MainThread     : DEBUG   : bucket: PMGR_LAUNCHING_PENDING : ['pilot.0000']
2017-05-31 03:28:45,979: pmgr.0000           : MainProcess                     : MainThread     : DEBUG   : put bulk PMGR_LAUNCHING_PENDING: 1
2017-05-31 03:28:45,979: pmgr.0000           : MainProcess                     : MainThread     : DEBUG   : push pilot.0000 ---> PMGR_LAUNCHING_PENDING
2017-05-31 03:28:45,981: pmgr.0000           : MainProcess                     : pmgr.0000.subscriber._state_sub_cb: INFO    : [Callback]: pilot pilot.0000 state: PMGR_LAUNCHING.
2017-05-31 03:28:45,981: pmgr.0000           : MainProcess                     : pmgr.0000.subscriber._state_sub_cb: DEBUG   : advance bulk size: 1 [False, False]
2017-05-31 03:28:45,982: pmgr.0000           : MainProcess                     : pmgr.0000.subscriber._state_sub_cb: DEBUG   : advance bulk: pilot.0000 [1]
2017-05-31 03:29:02,213: pmgr.0000           : MainProcess                     : pmgr.0000.subscriber._state_sub_cb: INFO    : [Callback]: pilot pilot.0000 state: PMGR_ACTIVE_PENDING.
2017-05-31 03:29:02,214: pmgr.0000           : MainProcess                     : pmgr.0000.subscriber._state_sub_cb: DEBUG   : advance bulk size: 1 [False, False]
2017-05-31 03:29:02,214: pmgr.0000           : MainProcess                     : pmgr.0000.subscriber._state_sub_cb: DEBUG   : advance bulk: pilot.0000 [1]
2017-05-31 03:31:43,066: pmgr.0000           : MainProcess                     : pmgr.0000.idler._state_pull_cb: INFO    : [Callback]: pilot pilot.0000 state: PMGR_ACTIVE.
2017-05-31 03:31:43,066: pmgr.0000           : MainProcess                     : pmgr.0000.idler._state_pull_cb: DEBUG   : advance bulk size: 1 [False, True]
2017-05-31 03:31:43,066: pmgr.0000           : MainProcess                     : pmgr.0000.idler._state_pull_cb: DEBUG   : advance bulk: pilot.0000 [1]
2017-05-31 03:31:43,066: pmgr.0000           : MainProcess                     : pmgr.0000.idler._state_pull_cb: INFO    : pilot pilot.0000 is PMGR_ACTIVE: None [None]
2017-05-31 03:36:42,715: pmgr.0000           : MainProcess                     : pmgr.0000.idler._state_pull_cb: INFO    : [Callback]: pilot pilot.0000 state: CANCELED.
2017-05-31 03:36:42,715: pmgr.0000           : MainProcess                     : pmgr.0000.idler._state_pull_cb: DEBUG   : advance bulk size: 1 [False, True]
2017-05-31 03:36:42,716: pmgr.0000           : MainProcess                     : pmgr.0000.idler._state_pull_cb: DEBUG   : advance bulk: pilot.0000 [1]
2017-05-31 03:36:42,757: pmgr.0000           : MainProcess                     : MainThread     : DEBUG   : stop pmgr.0000 (27015 : None : MainThread) [radical.pilot.pilot_manager.PilotManager.close]
2017-05-31 03:36:42,757: pmgr.0000           : MainProcess                     : MainThread     : INFO    : parent stops child
2017-05-31 03:36:43,108: pmgr.0000           : MainProcess                     : MainThread     : DEBUG   : ru_finalize_common()
2017-05-31 03:36:43,108: pmgr.0000           : MainProcess                     : MainThread     : DEBUG   : TERM : pmgr.0000 unregister publisher state_pubsub
2017-05-31 03:36:43,109: pmgr.0000           : MainProcess                     : MainThread     : DEBUG   : unregistered publisher state_pubsub
2017-05-31 03:36:43,109: pmgr.0000           : MainProcess                     : MainThread     : DEBUG   : TERM : pmgr.0000 unregister publisher control_pubsub
2017-05-31 03:36:43,110: pmgr.0000           : MainProcess                     : MainThread     : DEBUG   : unregistered publisher control_pubsub
2017-05-31 03:36:43,110: pmgr.0000           : MainProcess                     : MainThread     : DEBUG   : pmgr.0000 close prof
2017-05-31 03:36:43,111: pmgr.0000           : MainProcess                     : MainThread     : INFO    : parent stops child
2017-05-31 03:36:43,111: pmgr.0000           : MainProcess                     : MainThread     : DEBUG   : ru_finalize_parent (NOOP)
2017-05-31 03:36:43,111: pmgr.0000           : MainProcess                     : MainThread     : DEBUG   : ru_finalize_common (NOOP)
2017-05-31 03:36:43,218: pmgr.0000           : MainProcess                     : pmgr.0000.subscriber._state_sub_cb: DEBUG   : ru_finalize_child (NOOP)
2017-05-31 03:36:43,218: pmgr.0000           : MainProcess                     : pmgr.0000.subscriber._state_sub_cb: DEBUG   : ru_finalize_common (NOOP)
2017-05-31 03:36:43,218: pmgr.0000           : MainProcess                     : pmgr.0000.subscriber._state_sub_cb: INFO    : send message: terminating
2017-05-31 03:36:43,225: pmgr.0000           : MainProcess                     : MainThread     : INFO    : parent stops child
2017-05-31 03:36:43,226: pmgr.0000           : MainProcess                     : MainThread     : DEBUG   : ru_finalize_parent (NOOP)
2017-05-31 03:36:43,226: pmgr.0000           : MainProcess                     : MainThread     : DEBUG   : ru_finalize_common (NOOP)
2017-05-31 03:36:43,318: pmgr.0000           : MainProcess                     : pmgr.0000.idler._state_pull_cb: DEBUG   : ru_finalize_child (NOOP)
2017-05-31 03:36:43,319: pmgr.0000           : MainProcess                     : pmgr.0000.idler._state_pull_cb: DEBUG   : ru_finalize_common (NOOP)
2017-05-31 03:36:43,319: pmgr.0000           : MainProcess                     : pmgr.0000.idler._state_pull_cb: INFO    : send message: terminating
2017-05-31 03:36:43,340: pmgr.0000           : MainProcess                     : MainThread     : INFO    : Closed PilotManager pmgr.0000.
2017-05-31 03:36:45,718: pmgr.0000           : MainProcess                     : MainThread     : INFO    : radical.pilot        version: split-81-gf853cc9b@feature-bridges
2017-05-31 03:36:45,718: pmgr.0000           : MainProcess                     : MainThread     : DEBUG   : start process
2017-05-31 03:36:45,719: pmgr.0000           : MainProcess                     : MainThread     : INFO    : radical.pilot        version: split-81-gf853cc9b@feature-bridges
2017-05-31 03:36:45,727: pmgr.0000           : MainProcess                     : MainThread     : INFO    : initialize pmgr.0000
2017-05-31 03:36:45,728: pmgr.0000           : MainProcess                     : MainThread     : INFO    : cfg: {u'bridges': {u'pmgr_launching_queue': {u'bulk_size': 0,
                                        u'log_level': u'debug',
                                        u'stall_hwm': 1}},
 u'components': {u'PMGRLaunchingComponent': {u'count': 1}},
 u'db_poll_sleeptime': 1.0,
 'owner': 'pmgr.0000'}
2017-05-31 03:36:45,729: pmgr.0000           : MainProcess                     : MainThread     : DEBUG   : start bridges   : {u'pmgr_launching_queue': {u'bulk_size': 0,
                           u'log_level': u'debug',
                           u'stall_hwm': 1}}
2017-05-31 03:36:45,729: pmgr.0000           : MainProcess                     : MainThread     : INFO    : create bridge pmgr_launching_queue
2017-05-31 03:36:45,763: pmgr.0000           : MainProcess                     : MainThread     : INFO    : created bridge pmgr_launching_queue (pmgr.launching.queue.bridge)
2017-05-31 03:36:45,764: pmgr.0000           : MainProcess                     : MainThread     : DEBUG   : start components: {u'PMGRLaunchingComponent': {u'count': 1}}
2017-05-31 03:36:45,764: pmgr.0000           : MainProcess                     : MainThread     : DEBUG   : start 1 component(s) PMGRLaunchingComponent
2017-05-31 03:36:45,839: pmgr.0000           : MainProcess                     : MainThread     : INFO    : pmgr.0000                      starts pmgr.launching.0
2017-05-31 03:36:45,840: pmgr.0000           : MainProcess                     : MainThread     : DEBUG   : START: pmgr.0000 register publisher log_pubsub
2017-05-31 03:36:45,840: pmgr.0000           : MainProcess                     : MainThread     : DEBUG   : using addr tcp://138.201.86.166:43753 for pubsub log_pubsub
2017-05-31 03:36:45,842: pmgr.0000           : MainProcess                     : MainThread     : DEBUG   : registered publisher : log_pubsub : log.pubsub.pub
2017-05-31 03:36:45,842: pmgr.0000           : MainProcess                     : MainThread     : DEBUG   : START: pmgr.0000 register publisher state_pubsub
2017-05-31 03:36:45,842: pmgr.0000           : MainProcess                     : MainThread     : DEBUG   : using addr tcp://138.201.86.166:39607 for pubsub state_pubsub
2017-05-31 03:36:45,843: pmgr.0000           : MainProcess                     : MainThread     : DEBUG   : registered publisher : state_pubsub : state.pubsub.pub
2017-05-31 03:36:45,843: pmgr.0000           : MainProcess                     : MainThread     : DEBUG   : START: pmgr.0000 register publisher control_pubsub
2017-05-31 03:36:45,843: pmgr.0000           : MainProcess                     : MainThread     : DEBUG   : using addr tcp://138.201.86.166:33790 for pubsub control_pubsub
2017-05-31 03:36:45,844: pmgr.0000           : MainProcess                     : MainThread     : DEBUG   : registered publisher : control_pubsub : control.pubsub.pub
2017-05-31 03:36:45,844: pmgr.0000           : MainProcess                     : MainThread     : DEBUG   : child process started
2017-05-31 03:36:45,845: pmgr.0000           : MainProcess                     : MainThread     : DEBUG   : START: pmgr.0000 register output PMGR_LAUNCHING_PENDING
2017-05-31 03:36:45,845: pmgr.0000           : MainProcess                     : MainThread     : DEBUG   : using addr tcp://138.201.86.166:45129 for output pmgr_launching_queue
2017-05-31 03:36:45,846: pmgr.0000           : MainProcess                     : MainThread     : DEBUG   : registered output    : PMGR_LAUNCHING_PENDING : pmgr_launching_queue : pmgr.launching.queue.input
2017-05-31 03:36:45,846: pmgr.0000           : MainProcess                     : MainThread     : DEBUG   : START: pmgr.0000 register idler pmgr.0000.idler._state_pull_cb
2017-05-31 03:36:45,847: pmgr.0000           : MainProcess                     : MainThread     : DEBUG   : start thread
2017-05-31 03:36:45,847: pmgr.0000           : MainProcess                     : pmgr.0000.idler._state_pull_cb: INFO    : child (me) initializing
2017-05-31 03:36:45,847: pmgr.0000           : MainProcess                     : pmgr.0000.idler._state_pull_cb: DEBUG   : ru_initialize_common (NOOP)
2017-05-31 03:36:45,847: pmgr.0000           : MainProcess                     : pmgr.0000.idler._state_pull_cb: DEBUG   : ru_initialize_child (NOOP)
2017-05-31 03:36:45,847: pmgr.0000           : MainProcess                     : pmgr.0000.idler._state_pull_cb: INFO    : send alive
2017-05-31 03:36:45,847: pmgr.0000           : MainProcess                     : pmgr.0000.idler._state_pull_cb: INFO    : send message: alive
2017-05-31 03:36:45,848: pmgr.0000           : MainProcess                     : MainThread     : INFO    : recv message: alive
2017-05-31 03:36:45,849: pmgr.0000           : MainProcess                     : MainThread     : DEBUG   : ru_initialize_common (NOOP)
2017-05-31 03:36:45,849: pmgr.0000           : MainProcess                     : MainThread     : DEBUG   : ru_initialize_parent (NOOP)
2017-05-31 03:36:45,849: pmgr.0000           : MainProcess                     : MainThread     : DEBUG   : child thread pmgr.0000.idler._state_pull_cb started
2017-05-31 03:36:45,849: pmgr.0000           : MainProcess                     : MainThread     : DEBUG   : pmgr.0000 registered idler pmgr.0000.idler._state_pull_cb
2017-05-31 03:36:45,849: pmgr.0000           : MainProcess                     : MainThread     : DEBUG   : START: pmgr.0000 register subscriber pmgr.0000.subscriber._state_sub_cb
2017-05-31 03:36:45,849: pmgr.0000           : MainProcess                     : MainThread     : DEBUG   : using addr tcp://138.201.86.166:45158 for pubsub state_pubsub
2017-05-31 03:36:45,850: pmgr.0000           : MainProcess                     : MainThread     : DEBUG   : start thread
2017-05-31 03:36:45,850: pmgr.0000           : MainProcess                     : pmgr.0000.subscriber._state_sub_cb: INFO    : child (me) initializing
2017-05-31 03:36:45,850: pmgr.0000           : MainProcess                     : pmgr.0000.subscriber._state_sub_cb: DEBUG   : ru_initialize_common (NOOP)
2017-05-31 03:36:45,850: pmgr.0000           : MainProcess                     : pmgr.0000.subscriber._state_sub_cb: DEBUG   : ru_initialize_child (NOOP)
2017-05-31 03:36:45,851: pmgr.0000           : MainProcess                     : pmgr.0000.subscriber._state_sub_cb: INFO    : send alive
2017-05-31 03:36:45,851: pmgr.0000           : MainProcess                     : pmgr.0000.subscriber._state_sub_cb: INFO    : send message: alive
2017-05-31 03:36:45,851: pmgr.0000           : MainProcess                     : MainThread     : INFO    : recv message: alive
2017-05-31 03:36:45,851: pmgr.0000           : MainProcess                     : MainThread     : DEBUG   : ru_initialize_common (NOOP)
2017-05-31 03:36:45,852: pmgr.0000           : MainProcess                     : MainThread     : DEBUG   : ru_initialize_parent (NOOP)
2017-05-31 03:36:45,852: pmgr.0000           : MainProcess                     : MainThread     : DEBUG   : child thread pmgr.0000.subscriber._state_sub_cb started
2017-05-31 03:36:45,852: pmgr.0000           : MainProcess                     : MainThread     : DEBUG   : pmgr.0000 registered state_pubsub subscriber pmgr.0000.subscriber._state_sub_cb
2017-05-31 03:36:46,377: pmgr.0000           : MainProcess                     : MainThread     : DEBUG   : PMGR setup done (      NoneNone) : None
2017-05-31 03:36:47,561: pmgr.0000           : MainProcess                     : MainThread     : DEBUG   : advance bulk size: 1 [False, False]
2017-05-31 03:36:47,561: pmgr.0000           : MainProcess                     : MainThread     : DEBUG   : advance bulk: pilot.0000 [1]
2017-05-31 03:36:47,664: pmgr.0000           : MainProcess                     : MainThread     : INFO    : [Callback]: pilot pilot.0000 state: PMGR_LAUNCHING_PENDING.
2017-05-31 03:36:47,665: pmgr.0000           : MainProcess                     : MainThread     : DEBUG   : advance bulk size: 1 [True, True]
2017-05-31 03:36:47,665: pmgr.0000           : MainProcess                     : MainThread     : DEBUG   : advance bulk: pilot.0000 [1]
2017-05-31 03:36:47,665: pmgr.0000           : MainProcess                     : MainThread     : DEBUG   : bucket: PMGR_LAUNCHING_PENDING : ['pilot.0000']
2017-05-31 03:36:47,666: pmgr.0000           : MainProcess                     : MainThread     : DEBUG   : put bulk PMGR_LAUNCHING_PENDING: 1
2017-05-31 03:36:47,666: pmgr.0000           : MainProcess                     : MainThread     : DEBUG   : push pilot.0000 ---> PMGR_LAUNCHING_PENDING
2017-05-31 03:36:47,668: pmgr.0000           : MainProcess                     : pmgr.0000.subscriber._state_sub_cb: INFO    : [Callback]: pilot pilot.0000 state: PMGR_LAUNCHING.
2017-05-31 03:36:47,669: pmgr.0000           : MainProcess                     : pmgr.0000.subscriber._state_sub_cb: DEBUG   : advance bulk size: 1 [False, False]
2017-05-31 03:36:47,669: pmgr.0000           : MainProcess                     : pmgr.0000.subscriber._state_sub_cb: DEBUG   : advance bulk: pilot.0000 [1]
2017-05-31 03:37:02,224: pmgr.0000           : MainProcess                     : pmgr.0000.subscriber._state_sub_cb: INFO    : [Callback]: pilot pilot.0000 state: PMGR_ACTIVE_PENDING.
2017-05-31 03:37:02,226: pmgr.0000           : MainProcess                     : pmgr.0000.subscriber._state_sub_cb: DEBUG   : advance bulk size: 1 [False, False]
2017-05-31 03:37:02,226: pmgr.0000           : MainProcess                     : pmgr.0000.subscriber._state_sub_cb: DEBUG   : advance bulk: pilot.0000 [1]
2017-05-31 03:39:32,537: pmgr.0000           : MainProcess                     : pmgr.0000.idler._state_pull_cb: INFO    : [Callback]: pilot pilot.0000 state: PMGR_ACTIVE.
2017-05-31 03:39:32,538: pmgr.0000           : MainProcess                     : pmgr.0000.idler._state_pull_cb: DEBUG   : advance bulk size: 1 [False, True]
2017-05-31 03:39:32,539: pmgr.0000           : MainProcess                     : pmgr.0000.idler._state_pull_cb: DEBUG   : advance bulk: pilot.0000 [1]
2017-05-31 03:39:32,540: pmgr.0000           : MainProcess                     : pmgr.0000.idler._state_pull_cb: INFO    : pilot pilot.0000 is PMGR_ACTIVE: None [None]
2017-05-31 03:44:27,722: pmgr.0000           : MainProcess                     : pmgr.0000.idler._state_pull_cb: INFO    : [Callback]: pilot pilot.0000 state: CANCELED.
2017-05-31 03:44:27,722: pmgr.0000           : MainProcess                     : pmgr.0000.idler._state_pull_cb: DEBUG   : advance bulk size: 1 [False, True]
2017-05-31 03:44:27,722: pmgr.0000           : MainProcess                     : pmgr.0000.idler._state_pull_cb: DEBUG   : advance bulk: pilot.0000 [1]
2017-05-31 03:44:27,757: pmgr.0000           : MainProcess                     : MainThread     : DEBUG   : stop pmgr.0000 (27015 : None : MainThread) [radical.pilot.pilot_manager.PilotManager.close]
2017-05-31 03:44:27,758: pmgr.0000           : MainProcess                     : MainThread     : INFO    : parent stops child
2017-05-31 03:44:28,108: pmgr.0000           : MainProcess                     : MainThread     : DEBUG   : ru_finalize_common()
2017-05-31 03:44:28,109: pmgr.0000           : MainProcess                     : MainThread     : DEBUG   : TERM : pmgr.0000 unregister publisher state_pubsub
2017-05-31 03:44:28,109: pmgr.0000           : MainProcess                     : MainThread     : DEBUG   : unregistered publisher state_pubsub
2017-05-31 03:44:28,110: pmgr.0000           : MainProcess                     : MainThread     : DEBUG   : TERM : pmgr.0000 unregister publisher control_pubsub
2017-05-31 03:44:28,110: pmgr.0000           : MainProcess                     : MainThread     : DEBUG   : unregistered publisher control_pubsub
2017-05-31 03:44:28,110: pmgr.0000           : MainProcess                     : MainThread     : DEBUG   : pmgr.0000 close prof
2017-05-31 03:44:28,111: pmgr.0000           : MainProcess                     : MainThread     : INFO    : parent stops child
2017-05-31 03:44:28,111: pmgr.0000           : MainProcess                     : MainThread     : DEBUG   : ru_finalize_parent (NOOP)
2017-05-31 03:44:28,111: pmgr.0000           : MainProcess                     : MainThread     : DEBUG   : ru_finalize_common (NOOP)
2017-05-31 03:44:28,225: pmgr.0000           : MainProcess                     : pmgr.0000.subscriber._state_sub_cb: DEBUG   : ru_finalize_child (NOOP)
2017-05-31 03:44:28,225: pmgr.0000           : MainProcess                     : pmgr.0000.subscriber._state_sub_cb: DEBUG   : ru_finalize_common (NOOP)
2017-05-31 03:44:28,225: pmgr.0000           : MainProcess                     : pmgr.0000.subscriber._state_sub_cb: INFO    : send message: terminating
2017-05-31 03:44:28,276: pmgr.0000           : MainProcess                     : MainThread     : INFO    : parent stops child
2017-05-31 03:44:28,276: pmgr.0000           : MainProcess                     : MainThread     : DEBUG   : ru_finalize_parent (NOOP)
2017-05-31 03:44:28,276: pmgr.0000           : MainProcess                     : MainThread     : DEBUG   : ru_finalize_common (NOOP)
2017-05-31 03:44:28,325: pmgr.0000           : MainProcess                     : pmgr.0000.idler._state_pull_cb: DEBUG   : ru_finalize_child (NOOP)
2017-05-31 03:44:28,325: pmgr.0000           : MainProcess                     : pmgr.0000.idler._state_pull_cb: DEBUG   : ru_finalize_common (NOOP)
2017-05-31 03:44:28,325: pmgr.0000           : MainProcess                     : pmgr.0000.idler._state_pull_cb: INFO    : send message: terminating
2017-05-31 03:44:28,341: pmgr.0000           : MainProcess                     : MainThread     : INFO    : Closed PilotManager pmgr.0000.
2017-05-31 03:44:30,653: pmgr.0000           : MainProcess                     : MainThread     : INFO    : radical.pilot        version: split-81-gf853cc9b@feature-bridges
2017-05-31 03:44:30,653: pmgr.0000           : MainProcess                     : MainThread     : DEBUG   : start process
2017-05-31 03:44:30,654: pmgr.0000           : MainProcess                     : MainThread     : INFO    : radical.pilot        version: split-81-gf853cc9b@feature-bridges
2017-05-31 03:44:30,676: pmgr.0000           : MainProcess                     : MainThread     : INFO    : initialize pmgr.0000
2017-05-31 03:44:30,677: pmgr.0000           : MainProcess                     : MainThread     : INFO    : cfg: {u'bridges': {u'pmgr_launching_queue': {u'bulk_size': 0,
                                        u'log_level': u'debug',
                                        u'stall_hwm': 1}},
 u'components': {u'PMGRLaunchingComponent': {u'count': 1}},
 u'db_poll_sleeptime': 1.0,
 'owner': 'pmgr.0000'}
2017-05-31 03:44:30,677: pmgr.0000           : MainProcess                     : MainThread     : DEBUG   : start bridges   : {u'pmgr_launching_queue': {u'bulk_size': 0,
                           u'log_level': u'debug',
                           u'stall_hwm': 1}}
2017-05-31 03:44:30,678: pmgr.0000           : MainProcess                     : MainThread     : INFO    : create bridge pmgr_launching_queue
2017-05-31 03:44:30,714: pmgr.0000           : MainProcess                     : MainThread     : INFO    : created bridge pmgr_launching_queue (pmgr.launching.queue.bridge)
2017-05-31 03:44:30,715: pmgr.0000           : MainProcess                     : MainThread     : DEBUG   : start components: {u'PMGRLaunchingComponent': {u'count': 1}}
2017-05-31 03:44:30,715: pmgr.0000           : MainProcess                     : MainThread     : DEBUG   : start 1 component(s) PMGRLaunchingComponent
2017-05-31 03:44:30,803: pmgr.0000           : MainProcess                     : MainThread     : INFO    : pmgr.0000                      starts pmgr.launching.0
2017-05-31 03:44:30,803: pmgr.0000           : MainProcess                     : MainThread     : DEBUG   : START: pmgr.0000 register publisher log_pubsub
2017-05-31 03:44:30,803: pmgr.0000           : MainProcess                     : MainThread     : DEBUG   : using addr tcp://138.201.86.166:45550 for pubsub log_pubsub
2017-05-31 03:44:30,804: pmgr.0000           : MainProcess                     : MainThread     : DEBUG   : registered publisher : log_pubsub : log.pubsub.pub
2017-05-31 03:44:30,805: pmgr.0000           : MainProcess                     : MainThread     : DEBUG   : START: pmgr.0000 register publisher state_pubsub
2017-05-31 03:44:30,805: pmgr.0000           : MainProcess                     : MainThread     : DEBUG   : using addr tcp://138.201.86.166:37202 for pubsub state_pubsub
2017-05-31 03:44:30,805: pmgr.0000           : MainProcess                     : MainThread     : DEBUG   : registered publisher : state_pubsub : state.pubsub.pub
2017-05-31 03:44:30,805: pmgr.0000           : MainProcess                     : MainThread     : DEBUG   : START: pmgr.0000 register publisher control_pubsub
2017-05-31 03:44:30,806: pmgr.0000           : MainProcess                     : MainThread     : DEBUG   : using addr tcp://138.201.86.166:41596 for pubsub control_pubsub
2017-05-31 03:44:30,806: pmgr.0000           : MainProcess                     : MainThread     : DEBUG   : registered publisher : control_pubsub : control.pubsub.pub
2017-05-31 03:44:30,806: pmgr.0000           : MainProcess                     : MainThread     : DEBUG   : child process started
2017-05-31 03:44:30,806: pmgr.0000           : MainProcess                     : MainThread     : DEBUG   : START: pmgr.0000 register output PMGR_LAUNCHING_PENDING
2017-05-31 03:44:30,807: pmgr.0000           : MainProcess                     : MainThread     : DEBUG   : using addr tcp://138.201.86.166:40125 for output pmgr_launching_queue
2017-05-31 03:44:30,807: pmgr.0000           : MainProcess                     : MainThread     : DEBUG   : registered output    : PMGR_LAUNCHING_PENDING : pmgr_launching_queue : pmgr.launching.queue.input
2017-05-31 03:44:30,807: pmgr.0000           : MainProcess                     : MainThread     : DEBUG   : START: pmgr.0000 register idler pmgr.0000.idler._state_pull_cb
2017-05-31 03:44:30,808: pmgr.0000           : MainProcess                     : MainThread     : DEBUG   : start thread
2017-05-31 03:44:30,808: pmgr.0000           : MainProcess                     : pmgr.0000.idler._state_pull_cb: INFO    : child (me) initializing
2017-05-31 03:44:30,808: pmgr.0000           : MainProcess                     : pmgr.0000.idler._state_pull_cb: DEBUG   : ru_initialize_common (NOOP)
2017-05-31 03:44:30,808: pmgr.0000           : MainProcess                     : pmgr.0000.idler._state_pull_cb: DEBUG   : ru_initialize_child (NOOP)
2017-05-31 03:44:30,808: pmgr.0000           : MainProcess                     : pmgr.0000.idler._state_pull_cb: INFO    : send alive
2017-05-31 03:44:30,808: pmgr.0000           : MainProcess                     : pmgr.0000.idler._state_pull_cb: INFO    : send message: alive
2017-05-31 03:44:30,809: pmgr.0000           : MainProcess                     : MainThread     : INFO    : recv message: alive
2017-05-31 03:44:30,809: pmgr.0000           : MainProcess                     : MainThread     : DEBUG   : ru_initialize_common (NOOP)
2017-05-31 03:44:30,809: pmgr.0000           : MainProcess                     : MainThread     : DEBUG   : ru_initialize_parent (NOOP)
2017-05-31 03:44:30,809: pmgr.0000           : MainProcess                     : MainThread     : DEBUG   : child thread pmgr.0000.idler._state_pull_cb started
2017-05-31 03:44:30,809: pmgr.0000           : MainProcess                     : MainThread     : DEBUG   : pmgr.0000 registered idler pmgr.0000.idler._state_pull_cb
2017-05-31 03:44:30,810: pmgr.0000           : MainProcess                     : MainThread     : DEBUG   : START: pmgr.0000 register subscriber pmgr.0000.subscriber._state_sub_cb
2017-05-31 03:44:30,810: pmgr.0000           : MainProcess                     : MainThread     : DEBUG   : using addr tcp://138.201.86.166:42202 for pubsub state_pubsub
2017-05-31 03:44:30,810: pmgr.0000           : MainProcess                     : MainThread     : DEBUG   : start thread
2017-05-31 03:44:30,811: pmgr.0000           : MainProcess                     : pmgr.0000.subscriber._state_sub_cb: INFO    : child (me) initializing
2017-05-31 03:44:30,811: pmgr.0000           : MainProcess                     : pmgr.0000.subscriber._state_sub_cb: DEBUG   : ru_initialize_common (NOOP)
2017-05-31 03:44:30,811: pmgr.0000           : MainProcess                     : pmgr.0000.subscriber._state_sub_cb: DEBUG   : ru_initialize_child (NOOP)
2017-05-31 03:44:30,811: pmgr.0000           : MainProcess                     : pmgr.0000.subscriber._state_sub_cb: INFO    : send alive
2017-05-31 03:44:30,811: pmgr.0000           : MainProcess                     : pmgr.0000.subscriber._state_sub_cb: INFO    : send message: alive
2017-05-31 03:44:30,812: pmgr.0000           : MainProcess                     : MainThread     : INFO    : recv message: alive
2017-05-31 03:44:30,812: pmgr.0000           : MainProcess                     : MainThread     : DEBUG   : ru_initialize_common (NOOP)
2017-05-31 03:44:30,812: pmgr.0000           : MainProcess                     : MainThread     : DEBUG   : ru_initialize_parent (NOOP)
2017-05-31 03:44:30,812: pmgr.0000           : MainProcess                     : MainThread     : DEBUG   : child thread pmgr.0000.subscriber._state_sub_cb started
2017-05-31 03:44:30,812: pmgr.0000           : MainProcess                     : MainThread     : DEBUG   : pmgr.0000 registered state_pubsub subscriber pmgr.0000.subscriber._state_sub_cb
2017-05-31 03:44:31,338: pmgr.0000           : MainProcess                     : MainThread     : DEBUG   : PMGR setup done (      NoneNone) : None
2017-05-31 03:44:32,530: pmgr.0000           : MainProcess                     : MainThread     : DEBUG   : advance bulk size: 1 [False, False]
2017-05-31 03:44:32,530: pmgr.0000           : MainProcess                     : MainThread     : DEBUG   : advance bulk: pilot.0000 [1]
2017-05-31 03:44:32,632: pmgr.0000           : MainProcess                     : MainThread     : INFO    : [Callback]: pilot pilot.0000 state: PMGR_LAUNCHING_PENDING.
2017-05-31 03:44:32,632: pmgr.0000           : MainProcess                     : MainThread     : DEBUG   : advance bulk size: 1 [True, True]
2017-05-31 03:44:32,632: pmgr.0000           : MainProcess                     : MainThread     : DEBUG   : advance bulk: pilot.0000 [1]
2017-05-31 03:44:32,633: pmgr.0000           : MainProcess                     : MainThread     : DEBUG   : bucket: PMGR_LAUNCHING_PENDING : ['pilot.0000']
2017-05-31 03:44:32,633: pmgr.0000           : MainProcess                     : MainThread     : DEBUG   : put bulk PMGR_LAUNCHING_PENDING: 1
2017-05-31 03:44:32,634: pmgr.0000           : MainProcess                     : MainThread     : DEBUG   : push pilot.0000 ---> PMGR_LAUNCHING_PENDING
2017-05-31 03:44:32,636: pmgr.0000           : MainProcess                     : pmgr.0000.subscriber._state_sub_cb: INFO    : [Callback]: pilot pilot.0000 state: PMGR_LAUNCHING.
2017-05-31 03:44:32,637: pmgr.0000           : MainProcess                     : pmgr.0000.subscriber._state_sub_cb: DEBUG   : advance bulk size: 1 [False, False]
2017-05-31 03:44:32,638: pmgr.0000           : MainProcess                     : pmgr.0000.subscriber._state_sub_cb: DEBUG   : advance bulk: pilot.0000 [1]
2017-05-31 03:44:45,148: pmgr.0000           : MainProcess                     : MainThread     : DEBUG   : wait timed out
2017-05-31 03:44:45,150: pmgr.0000           : MainProcess                     : MainThread     : DEBUG   : stop pmgr.0000 (27015 : None : MainThread) [radical.pilot.pilot_manager.PilotManager.close]
2017-05-31 03:44:45,151: pmgr.0000           : MainProcess                     : MainThread     : INFO    : parent stops child
2017-05-31 03:44:45,452: pmgr.0000           : MainProcess                     : MainThread     : DEBUG   : ru_finalize_common()
2017-05-31 03:44:45,452: pmgr.0000           : MainProcess                     : MainThread     : DEBUG   : TERM : pmgr.0000 unregister publisher state_pubsub
2017-05-31 03:44:45,453: pmgr.0000           : MainProcess                     : MainThread     : DEBUG   : unregistered publisher state_pubsub
2017-05-31 03:44:45,453: pmgr.0000           : MainProcess                     : MainThread     : DEBUG   : TERM : pmgr.0000 unregister publisher control_pubsub
2017-05-31 03:44:45,454: pmgr.0000           : MainProcess                     : MainThread     : DEBUG   : unregistered publisher control_pubsub
2017-05-31 03:44:45,455: pmgr.0000           : MainProcess                     : MainThread     : DEBUG   : pmgr.0000 close prof
2017-05-31 03:44:45,490: pmgr.0000           : MainProcess                     : MainThread     : INFO    : parent stops child
2017-05-31 03:44:45,491: pmgr.0000           : MainProcess                     : MainThread     : DEBUG   : ru_finalize_parent (NOOP)
2017-05-31 03:44:45,491: pmgr.0000           : MainProcess                     : MainThread     : DEBUG   : ru_finalize_common (NOOP)
2017-05-31 03:44:45,656: pmgr.0000           : MainProcess                     : pmgr.0000.subscriber._state_sub_cb: DEBUG   : ru_finalize_child (NOOP)
2017-05-31 03:44:45,656: pmgr.0000           : MainProcess                     : pmgr.0000.subscriber._state_sub_cb: DEBUG   : ru_finalize_common (NOOP)
2017-05-31 03:44:45,656: pmgr.0000           : MainProcess                     : pmgr.0000.subscriber._state_sub_cb: INFO    : send message: terminating
2017-05-31 03:44:45,705: pmgr.0000           : MainProcess                     : MainThread     : INFO    : parent stops child
2017-05-31 03:44:45,706: pmgr.0000           : MainProcess                     : MainThread     : DEBUG   : ru_finalize_parent (NOOP)
2017-05-31 03:44:45,706: pmgr.0000           : MainProcess                     : MainThread     : DEBUG   : ru_finalize_common (NOOP)
2017-05-31 03:44:45,757: pmgr.0000           : MainProcess                     : pmgr.0000.idler._state_pull_cb: DEBUG   : ru_finalize_child (NOOP)
2017-05-31 03:44:45,758: pmgr.0000           : MainProcess                     : pmgr.0000.idler._state_pull_cb: DEBUG   : ru_finalize_common (NOOP)
2017-05-31 03:44:45,758: pmgr.0000           : MainProcess                     : pmgr.0000.idler._state_pull_cb: INFO    : send message: terminating
2017-05-31 03:44:45,770: pmgr.0000           : MainProcess                     : MainThread     : INFO    : Closed PilotManager pmgr.0000.
2017-05-31 03:44:48,090: pmgr.0000           : MainProcess                     : MainThread     : INFO    : radical.pilot        version: split-81-gf853cc9b@feature-bridges
2017-05-31 03:44:48,091: pmgr.0000           : MainProcess                     : MainThread     : DEBUG   : start process
2017-05-31 03:44:48,091: pmgr.0000           : MainProcess                     : MainThread     : INFO    : radical.pilot        version: split-81-gf853cc9b@feature-bridges
2017-05-31 03:44:48,094: pmgr.0000           : MainProcess                     : MainThread     : INFO    : initialize pmgr.0000
2017-05-31 03:44:48,095: pmgr.0000           : MainProcess                     : MainThread     : INFO    : cfg: {u'bridges': {u'pmgr_launching_queue': {u'bulk_size': 0,
                                        u'log_level': u'debug',
                                        u'stall_hwm': 1}},
 u'components': {u'PMGRLaunchingComponent': {u'count': 1}},
 u'db_poll_sleeptime': 1.0,
 'owner': 'pmgr.0000'}
2017-05-31 03:44:48,096: pmgr.0000           : MainProcess                     : MainThread     : DEBUG   : start bridges   : {u'pmgr_launching_queue': {u'bulk_size': 0,
                           u'log_level': u'debug',
                           u'stall_hwm': 1}}
2017-05-31 03:44:48,096: pmgr.0000           : MainProcess                     : MainThread     : INFO    : create bridge pmgr_launching_queue
2017-05-31 03:44:48,135: pmgr.0000           : MainProcess                     : MainThread     : INFO    : created bridge pmgr_launching_queue (pmgr.launching.queue.bridge)
2017-05-31 03:44:48,135: pmgr.0000           : MainProcess                     : MainThread     : DEBUG   : start components: {u'PMGRLaunchingComponent': {u'count': 1}}
2017-05-31 03:44:48,136: pmgr.0000           : MainProcess                     : MainThread     : DEBUG   : start 1 component(s) PMGRLaunchingComponent
2017-05-31 03:44:48,203: pmgr.0000           : MainProcess                     : MainThread     : ERROR   : bridge / component startup incomplete:
{u'bridges': {u'control_pubsub': {'addr_in': 'tcp://138.201.86.166:45705',
                                  'addr_out': 'tcp://138.201.86.166:45564',
                                  u'bulk_size': 0,
                                  u'log_level': u'debug',
                                  u'stall_hwm': 1},
              u'log_pubsub': {'addr_in': 'tcp://138.201.86.166:46310',
                              'addr_out': 'tcp://138.201.86.166:42111',
                              u'bulk_size': 0,
                              u'log_level': u'debug',
                              u'stall_hwm': 1},
              u'pmgr_launching_queue': {'addr_in': 'tcp://138.201.86.166:44077',
                                        'addr_out': 'tcp://138.201.86.166:37412',
                                        u'bulk_size': 0,
                                        u'log_level': u'debug',
                                        u'stall_hwm': 1},
              u'state_pubsub': {'addr_in': 'tcp://138.201.86.166:43434',
                                'addr_out': 'tcp://138.201.86.166:34633',
                                u'bulk_size': 0,
                                u'log_level': u'debug',
                                u'stall_hwm': 1}},
 u'components': {u'PMGRLaunchingComponent': {u'count': 1}},
 u'db_poll_sleeptime': 1.0,
 'owner': 'pmgr.0000',
 'uid': 'pmgr.0000'}
Traceback (most recent call last):
  File "/home/mingtha/ve/ve.rp_add_res_cfg/local/lib/python2.7/site-packages/radical/pilot/utils/component.py", line 516, in ru_initialize_common
    self._log)
  File "/home/mingtha/ve/ve.rp_add_res_cfg/local/lib/python2.7/site-packages/radical/pilot/utils/component.py", line 252, in start_components
    comp.start()
  File "/home/mingtha/ve/ve.rp_add_res_cfg/local/lib/python2.7/site-packages/radical/utils/process.py", line 438, in start
    timeout))
RuntimeError: unexpected child message () [5.0]
2017-05-31 03:44:48,203: pmgr.0000           : MainProcess                     : MainThread     : ERROR   : initialization error
Traceback (most recent call last):
  File "/home/mingtha/ve/ve.rp_add_res_cfg/local/lib/python2.7/site-packages/radical/utils/process.py", line 753, in _ru_initialize
    self.ru_initialize_common()
  File "/home/mingtha/ve/ve.rp_add_res_cfg/local/lib/python2.7/site-packages/radical/pilot/utils/component.py", line 516, in ru_initialize_common
    self._log)
  File "/home/mingtha/ve/ve.rp_add_res_cfg/local/lib/python2.7/site-packages/radical/pilot/utils/component.py", line 252, in start_components
    comp.start()
  File "/home/mingtha/ve/ve.rp_add_res_cfg/local/lib/python2.7/site-packages/radical/utils/process.py", line 438, in start
    timeout))
RuntimeError: unexpected child message () [5.0]
2017-05-31 03:44:48,203: pmgr.0000           : MainProcess                     : MainThread     : ERROR   : initialization failed
Traceback (most recent call last):
  File "/home/mingtha/ve/ve.rp_add_res_cfg/local/lib/python2.7/site-packages/radical/utils/process.py", line 444, in start
    self._ru_initialize()
  File "/home/mingtha/ve/ve.rp_add_res_cfg/local/lib/python2.7/site-packages/radical/utils/process.py", line 767, in _ru_initialize
    raise RuntimeError('initialize: %s' % repr(e))
RuntimeError: initialize: RuntimeError('unexpected child message () [5.0]',)
2017-05-31 03:44:48,204: pmgr.0000           : MainProcess                     : MainThread     : DEBUG   : stop pmgr.0000 (27015 : None : MainThread) [radical.utils.process.PilotManager.start]
2017-05-31 03:44:48,204: pmgr.0000           : MainProcess                     : MainThread     : INFO    : parent stops child
2017-05-31 03:44:48,345: pmgr.0000           : MainProcess                     : MainThread     : DEBUG   : ru_finalize_common()
2017-05-31 03:44:48,345: pmgr.0000           : MainProcess                     : MainThread     : WARNING : publisher state_pubsub is not registered
2017-05-31 03:44:48,346: pmgr.0000           : MainProcess                     : MainThread     : WARNING : publisher control_pubsub is not registered
2017-05-31 03:44:48,346: pmgr.0000           : MainProcess                     : MainThread     : DEBUG   : pmgr.0000 close prof
