2017-05-31 02:40:29,841: pmgr.launching.queue.bridge: MainProcess                     : MainThread     : INFO    : python.interpreter   version: 2.7.12 (default, Nov 19 2016, 06:48:10) [GCC 5.4.0 20160609]
2017-05-31 02:40:29,842: pmgr.launching.queue.bridge: MainProcess                     : MainThread     : INFO    :                      pid: 27015
2017-05-31 02:40:29,842: pmgr.launching.queue.bridge: MainProcess                     : MainThread     : INFO    :                      tid: MainThread
2017-05-31 02:40:29,842: pmgr.launching.queue.bridge: MainProcess                     : MainThread     : INFO    : radical.pilot        version: split-81-gf853cc9b@feature-bridges
2017-05-31 02:40:29,842: pmgr.launching.queue.bridge: MainProcess                     : MainThread     : INFO    : create pmgr_launching_queue - bridge - tcp://*:*
2017-05-31 02:40:29,843: pmgr.launching.queue.bridge: MainProcess                     : MainThread     : DEBUG   : start process
2017-05-31 02:40:29,846: pmgr.launching.queue.bridge: pmgr.launching.queue.bridge     : MainThread     : INFO    : child (me) initializing
2017-05-31 02:40:29,847: pmgr.launching.queue.bridge: pmgr.launching.queue.bridge     : MainThread     : DEBUG   : start thread
2017-05-31 02:40:29,847: pmgr.launching.queue.bridge: pmgr.launching.queue.bridge     : pmgr.launching.queue.bridge.child.watch: INFO    : child (me) initializing
2017-05-31 02:40:29,847: pmgr.launching.queue.bridge: pmgr.launching.queue.bridge     : pmgr.launching.queue.bridge.child.watch: DEBUG   : ru_initialize_common (NOOP)
2017-05-31 02:40:29,847: pmgr.launching.queue.bridge: pmgr.launching.queue.bridge     : pmgr.launching.queue.bridge.child.watch: DEBUG   : ru_initialize_child (NOOP)
2017-05-31 02:40:29,847: pmgr.launching.queue.bridge: pmgr.launching.queue.bridge     : pmgr.launching.queue.bridge.child.watch: INFO    : send alive
2017-05-31 02:40:29,847: pmgr.launching.queue.bridge: pmgr.launching.queue.bridge     : pmgr.launching.queue.bridge.child.watch: INFO    : send message: alive
2017-05-31 02:40:29,848: pmgr.launching.queue.bridge: pmgr.launching.queue.bridge     : MainThread     : INFO    : recv message: alive
2017-05-31 02:40:29,848: pmgr.launching.queue.bridge: pmgr.launching.queue.bridge     : MainThread     : DEBUG   : ru_initialize_common (NOOP)
2017-05-31 02:40:29,848: pmgr.launching.queue.bridge: pmgr.launching.queue.bridge     : MainThread     : DEBUG   : ru_initialize_parent (NOOP)
2017-05-31 02:40:29,848: pmgr.launching.queue.bridge: pmgr.launching.queue.bridge     : MainThread     : DEBUG   : child thread pmgr.launching.queue.bridge.child.watch started
2017-05-31 02:40:29,848: pmgr.launching.queue.bridge: pmgr.launching.queue.bridge     : MainThread     : INFO    : child (me) is alive
2017-05-31 02:40:29,848: pmgr.launching.queue.bridge: pmgr.launching.queue.bridge     : MainThread     : DEBUG   : ru_initialize_common (NOOP)
2017-05-31 02:40:29,850: pmgr.launching.queue.bridge: pmgr.launching.queue.bridge.child: MainThread     : INFO    : send alive
2017-05-31 02:40:29,850: pmgr.launching.queue.bridge: pmgr.launching.queue.bridge.child: MainThread     : INFO    : send message: alive
2017-05-31 02:40:29,850: pmgr.launching.queue.bridge: MainProcess                     : MainThread     : INFO    : recv message: alive
2017-05-31 02:40:29,851: pmgr.launching.queue.bridge: MainProcess                     : MainThread     : DEBUG   : start thread
2017-05-31 02:40:29,851: pmgr.launching.queue.bridge: MainProcess                     : pmgr.launching.queue.bridge.watch: INFO    : child (me) initializing
2017-05-31 02:40:29,851: pmgr.launching.queue.bridge: MainProcess                     : pmgr.launching.queue.bridge.watch: DEBUG   : ru_initialize_common (NOOP)
2017-05-31 02:40:29,851: pmgr.launching.queue.bridge: MainProcess                     : pmgr.launching.queue.bridge.watch: DEBUG   : ru_initialize_child (NOOP)
2017-05-31 02:40:29,851: pmgr.launching.queue.bridge: MainProcess                     : pmgr.launching.queue.bridge.watch: INFO    : send alive
2017-05-31 02:40:29,851: pmgr.launching.queue.bridge: MainProcess                     : pmgr.launching.queue.bridge.watch: INFO    : send message: alive
2017-05-31 02:40:29,852: pmgr.launching.queue.bridge: MainProcess                     : MainThread     : INFO    : recv message: alive
2017-05-31 02:40:29,852: pmgr.launching.queue.bridge: MainProcess                     : MainThread     : DEBUG   : ru_initialize_common (NOOP)
2017-05-31 02:40:29,852: pmgr.launching.queue.bridge: MainProcess                     : MainThread     : DEBUG   : ru_initialize_parent (NOOP)
2017-05-31 02:40:29,852: pmgr.launching.queue.bridge: MainProcess                     : MainThread     : DEBUG   : child thread pmgr.launching.queue.bridge.watch started
2017-05-31 02:40:29,852: pmgr.launching.queue.bridge: MainProcess                     : MainThread     : INFO    : child is alive
2017-05-31 02:40:29,853: pmgr.launching.queue.bridge: MainProcess                     : MainThread     : DEBUG   : ru_initialize_common (NOOP)
2017-05-31 02:40:29,853: pmgr.launching.queue.bridge: MainProcess                     : MainThread     : DEBUG   : ru_initialize_parent (NOOP)
2017-05-31 02:40:29,853: pmgr.launching.queue.bridge: MainProcess                     : MainThread     : DEBUG   : child process started
2017-05-31 03:21:07,637: pmgr.launching.queue.bridge: MainProcess                     : MainThread     : INFO    : parent stops child
2017-05-31 03:21:07,637: pmgr.launching.queue.bridge: MainProcess                     : MainThread     : DEBUG   : ru_finalize_parent (NOOP)
2017-05-31 03:21:07,637: pmgr.launching.queue.bridge: MainProcess                     : MainThread     : DEBUG   : ru_finalize_common (NOOP)
2017-05-31 03:21:07,638: pmgr.launching.queue.bridge: MainProcess                     : MainThread     : INFO    : parent stops child
2017-05-31 03:21:07,638: pmgr.launching.queue.bridge: MainProcess                     : MainThread     : DEBUG   : ru_finalize_parent (NOOP)
2017-05-31 03:21:07,638: pmgr.launching.queue.bridge: MainProcess                     : MainThread     : DEBUG   : ru_finalize_common (NOOP)
2017-05-31 03:21:07,708: pmgr.launching.queue.bridge: MainProcess                     : pmgr.launching.queue.bridge.watch: INFO    : send message: work finished
2017-05-31 03:21:07,709: pmgr.launching.queue.bridge: MainProcess                     : pmgr.launching.queue.bridge.watch: DEBUG   : ru_finalize_child (NOOP)
2017-05-31 03:21:07,709: pmgr.launching.queue.bridge: MainProcess                     : pmgr.launching.queue.bridge.watch: DEBUG   : ru_finalize_common (NOOP)
2017-05-31 03:21:07,709: pmgr.launching.queue.bridge: MainProcess                     : pmgr.launching.queue.bridge.watch: INFO    : send message: terminating
2017-05-31 03:21:07,853: pmgr.launching.queue.bridge: MainProcess                     : MainThread     : WARNING : failed to stop child - terminate
2017-05-31 03:21:11,036: pmgr.launching.queue.bridge: MainProcess                     : MainThread     : INFO    : radical.pilot        version: split-81-gf853cc9b@feature-bridges
2017-05-31 03:21:11,036: pmgr.launching.queue.bridge: MainProcess                     : MainThread     : INFO    : create pmgr_launching_queue - bridge - tcp://*:*
2017-05-31 03:21:11,037: pmgr.launching.queue.bridge: MainProcess                     : MainThread     : DEBUG   : start process
2017-05-31 03:21:11,050: pmgr.launching.queue.bridge: pmgr.launching.queue.bridge     : MainThread     : INFO    : child (me) initializing
2017-05-31 03:21:11,051: pmgr.launching.queue.bridge: pmgr.launching.queue.bridge     : MainThread     : DEBUG   : start thread
2017-05-31 03:21:11,051: pmgr.launching.queue.bridge: pmgr.launching.queue.bridge     : pmgr.launching.queue.bridge.child.watch: INFO    : child (me) initializing
2017-05-31 03:21:11,052: pmgr.launching.queue.bridge: pmgr.launching.queue.bridge     : pmgr.launching.queue.bridge.child.watch: DEBUG   : ru_initialize_common (NOOP)
2017-05-31 03:21:11,052: pmgr.launching.queue.bridge: pmgr.launching.queue.bridge     : pmgr.launching.queue.bridge.child.watch: DEBUG   : ru_initialize_child (NOOP)
2017-05-31 03:21:11,052: pmgr.launching.queue.bridge: pmgr.launching.queue.bridge     : pmgr.launching.queue.bridge.child.watch: INFO    : send alive
2017-05-31 03:21:11,052: pmgr.launching.queue.bridge: pmgr.launching.queue.bridge     : pmgr.launching.queue.bridge.child.watch: INFO    : send message: alive
2017-05-31 03:21:11,053: pmgr.launching.queue.bridge: pmgr.launching.queue.bridge     : MainThread     : INFO    : recv message: alive
2017-05-31 03:21:11,053: pmgr.launching.queue.bridge: pmgr.launching.queue.bridge     : MainThread     : DEBUG   : ru_initialize_common (NOOP)
2017-05-31 03:21:11,053: pmgr.launching.queue.bridge: pmgr.launching.queue.bridge     : MainThread     : DEBUG   : ru_initialize_parent (NOOP)
2017-05-31 03:21:11,053: pmgr.launching.queue.bridge: pmgr.launching.queue.bridge     : MainThread     : DEBUG   : child thread pmgr.launching.queue.bridge.child.watch started
2017-05-31 03:21:11,053: pmgr.launching.queue.bridge: pmgr.launching.queue.bridge     : MainThread     : INFO    : child (me) is alive
2017-05-31 03:21:11,053: pmgr.launching.queue.bridge: pmgr.launching.queue.bridge     : MainThread     : DEBUG   : ru_initialize_common (NOOP)
2017-05-31 03:21:11,059: pmgr.launching.queue.bridge: pmgr.launching.queue.bridge.child: MainThread     : INFO    : send alive
2017-05-31 03:21:11,059: pmgr.launching.queue.bridge: pmgr.launching.queue.bridge.child: MainThread     : INFO    : send message: alive
2017-05-31 03:21:11,059: pmgr.launching.queue.bridge: MainProcess                     : MainThread     : INFO    : recv message: alive
2017-05-31 03:21:11,060: pmgr.launching.queue.bridge: MainProcess                     : MainThread     : DEBUG   : start thread
2017-05-31 03:21:11,060: pmgr.launching.queue.bridge: MainProcess                     : pmgr.launching.queue.bridge.watch: INFO    : child (me) initializing
2017-05-31 03:21:11,061: pmgr.launching.queue.bridge: MainProcess                     : pmgr.launching.queue.bridge.watch: DEBUG   : ru_initialize_common (NOOP)
2017-05-31 03:21:11,061: pmgr.launching.queue.bridge: MainProcess                     : pmgr.launching.queue.bridge.watch: DEBUG   : ru_initialize_child (NOOP)
2017-05-31 03:21:11,061: pmgr.launching.queue.bridge: MainProcess                     : pmgr.launching.queue.bridge.watch: INFO    : send alive
2017-05-31 03:21:11,061: pmgr.launching.queue.bridge: MainProcess                     : pmgr.launching.queue.bridge.watch: INFO    : send message: alive
2017-05-31 03:21:11,062: pmgr.launching.queue.bridge: MainProcess                     : MainThread     : INFO    : recv message: alive
2017-05-31 03:21:11,063: pmgr.launching.queue.bridge: MainProcess                     : MainThread     : DEBUG   : ru_initialize_common (NOOP)
2017-05-31 03:21:11,063: pmgr.launching.queue.bridge: MainProcess                     : MainThread     : DEBUG   : ru_initialize_parent (NOOP)
2017-05-31 03:21:11,063: pmgr.launching.queue.bridge: MainProcess                     : MainThread     : DEBUG   : child thread pmgr.launching.queue.bridge.watch started
2017-05-31 03:21:11,063: pmgr.launching.queue.bridge: MainProcess                     : MainThread     : INFO    : child is alive
2017-05-31 03:21:11,063: pmgr.launching.queue.bridge: MainProcess                     : MainThread     : DEBUG   : ru_initialize_common (NOOP)
2017-05-31 03:21:11,063: pmgr.launching.queue.bridge: MainProcess                     : MainThread     : DEBUG   : ru_initialize_parent (NOOP)
2017-05-31 03:21:11,064: pmgr.launching.queue.bridge: MainProcess                     : MainThread     : DEBUG   : child process started
2017-05-31 03:28:41,265: pmgr.launching.queue.bridge: MainProcess                     : MainThread     : INFO    : parent stops child
2017-05-31 03:28:41,265: pmgr.launching.queue.bridge: MainProcess                     : MainThread     : DEBUG   : ru_finalize_parent (NOOP)
2017-05-31 03:28:41,266: pmgr.launching.queue.bridge: MainProcess                     : MainThread     : DEBUG   : ru_finalize_common (NOOP)
2017-05-31 03:28:41,266: pmgr.launching.queue.bridge: MainProcess                     : MainThread     : INFO    : parent stops child
2017-05-31 03:28:41,266: pmgr.launching.queue.bridge: MainProcess                     : MainThread     : DEBUG   : ru_finalize_parent (NOOP)
2017-05-31 03:28:41,266: pmgr.launching.queue.bridge: MainProcess                     : MainThread     : DEBUG   : ru_finalize_common (NOOP)
2017-05-31 03:28:41,309: pmgr.launching.queue.bridge: MainProcess                     : pmgr.launching.queue.bridge.watch: INFO    : send message: work finished
2017-05-31 03:28:41,310: pmgr.launching.queue.bridge: MainProcess                     : pmgr.launching.queue.bridge.watch: DEBUG   : ru_finalize_child (NOOP)
2017-05-31 03:28:41,310: pmgr.launching.queue.bridge: MainProcess                     : pmgr.launching.queue.bridge.watch: DEBUG   : ru_finalize_common (NOOP)
2017-05-31 03:28:41,310: pmgr.launching.queue.bridge: MainProcess                     : pmgr.launching.queue.bridge.watch: INFO    : send message: terminating
2017-05-31 03:28:41,431: pmgr.launching.queue.bridge: MainProcess                     : MainThread     : WARNING : failed to stop child - terminate
2017-05-31 03:28:44,074: pmgr.launching.queue.bridge: MainProcess                     : MainThread     : INFO    : radical.pilot        version: split-81-gf853cc9b@feature-bridges
2017-05-31 03:28:44,074: pmgr.launching.queue.bridge: MainProcess                     : MainThread     : INFO    : create pmgr_launching_queue - bridge - tcp://*:*
2017-05-31 03:28:44,075: pmgr.launching.queue.bridge: MainProcess                     : MainThread     : DEBUG   : start process
2017-05-31 03:28:44,091: pmgr.launching.queue.bridge: pmgr.launching.queue.bridge     : MainThread     : INFO    : child (me) initializing
2017-05-31 03:28:44,092: pmgr.launching.queue.bridge: pmgr.launching.queue.bridge     : MainThread     : DEBUG   : start thread
2017-05-31 03:28:44,093: pmgr.launching.queue.bridge: pmgr.launching.queue.bridge     : pmgr.launching.queue.bridge.child.watch: INFO    : child (me) initializing
2017-05-31 03:28:44,093: pmgr.launching.queue.bridge: pmgr.launching.queue.bridge     : pmgr.launching.queue.bridge.child.watch: DEBUG   : ru_initialize_common (NOOP)
2017-05-31 03:28:44,093: pmgr.launching.queue.bridge: pmgr.launching.queue.bridge     : pmgr.launching.queue.bridge.child.watch: DEBUG   : ru_initialize_child (NOOP)
2017-05-31 03:28:44,093: pmgr.launching.queue.bridge: pmgr.launching.queue.bridge     : pmgr.launching.queue.bridge.child.watch: INFO    : send alive
2017-05-31 03:28:44,094: pmgr.launching.queue.bridge: pmgr.launching.queue.bridge     : pmgr.launching.queue.bridge.child.watch: INFO    : send message: alive
2017-05-31 03:28:44,094: pmgr.launching.queue.bridge: pmgr.launching.queue.bridge     : MainThread     : INFO    : recv message: alive
2017-05-31 03:28:44,095: pmgr.launching.queue.bridge: pmgr.launching.queue.bridge     : MainThread     : DEBUG   : ru_initialize_common (NOOP)
2017-05-31 03:28:44,095: pmgr.launching.queue.bridge: pmgr.launching.queue.bridge     : MainThread     : DEBUG   : ru_initialize_parent (NOOP)
2017-05-31 03:28:44,095: pmgr.launching.queue.bridge: pmgr.launching.queue.bridge     : MainThread     : DEBUG   : child thread pmgr.launching.queue.bridge.child.watch started
2017-05-31 03:28:44,095: pmgr.launching.queue.bridge: pmgr.launching.queue.bridge     : MainThread     : INFO    : child (me) is alive
2017-05-31 03:28:44,095: pmgr.launching.queue.bridge: pmgr.launching.queue.bridge     : MainThread     : DEBUG   : ru_initialize_common (NOOP)
2017-05-31 03:28:44,101: pmgr.launching.queue.bridge: pmgr.launching.queue.bridge.child: MainThread     : INFO    : send alive
2017-05-31 03:28:44,101: pmgr.launching.queue.bridge: pmgr.launching.queue.bridge.child: MainThread     : INFO    : send message: alive
2017-05-31 03:28:44,101: pmgr.launching.queue.bridge: MainProcess                     : MainThread     : INFO    : recv message: alive
2017-05-31 03:28:44,102: pmgr.launching.queue.bridge: MainProcess                     : MainThread     : DEBUG   : start thread
2017-05-31 03:28:44,103: pmgr.launching.queue.bridge: MainProcess                     : pmgr.launching.queue.bridge.watch: INFO    : child (me) initializing
2017-05-31 03:28:44,103: pmgr.launching.queue.bridge: MainProcess                     : pmgr.launching.queue.bridge.watch: DEBUG   : ru_initialize_common (NOOP)
2017-05-31 03:28:44,103: pmgr.launching.queue.bridge: MainProcess                     : pmgr.launching.queue.bridge.watch: DEBUG   : ru_initialize_child (NOOP)
2017-05-31 03:28:44,103: pmgr.launching.queue.bridge: MainProcess                     : pmgr.launching.queue.bridge.watch: INFO    : send alive
2017-05-31 03:28:44,103: pmgr.launching.queue.bridge: MainProcess                     : pmgr.launching.queue.bridge.watch: INFO    : send message: alive
2017-05-31 03:28:44,104: pmgr.launching.queue.bridge: MainProcess                     : MainThread     : INFO    : recv message: alive
2017-05-31 03:28:44,104: pmgr.launching.queue.bridge: MainProcess                     : MainThread     : DEBUG   : ru_initialize_common (NOOP)
2017-05-31 03:28:44,105: pmgr.launching.queue.bridge: MainProcess                     : MainThread     : DEBUG   : ru_initialize_parent (NOOP)
2017-05-31 03:28:44,105: pmgr.launching.queue.bridge: MainProcess                     : MainThread     : DEBUG   : child thread pmgr.launching.queue.bridge.watch started
2017-05-31 03:28:44,105: pmgr.launching.queue.bridge: MainProcess                     : MainThread     : INFO    : child is alive
2017-05-31 03:28:44,105: pmgr.launching.queue.bridge: MainProcess                     : MainThread     : DEBUG   : ru_initialize_common (NOOP)
2017-05-31 03:28:44,105: pmgr.launching.queue.bridge: MainProcess                     : MainThread     : DEBUG   : ru_initialize_parent (NOOP)
2017-05-31 03:28:44,105: pmgr.launching.queue.bridge: MainProcess                     : MainThread     : DEBUG   : child process started
2017-05-31 03:36:42,934: pmgr.launching.queue.bridge: MainProcess                     : MainThread     : INFO    : parent stops child
2017-05-31 03:36:42,935: pmgr.launching.queue.bridge: MainProcess                     : MainThread     : DEBUG   : ru_finalize_parent (NOOP)
2017-05-31 03:36:42,935: pmgr.launching.queue.bridge: MainProcess                     : MainThread     : DEBUG   : ru_finalize_common (NOOP)
2017-05-31 03:36:42,935: pmgr.launching.queue.bridge: MainProcess                     : MainThread     : INFO    : parent stops child
2017-05-31 03:36:42,935: pmgr.launching.queue.bridge: MainProcess                     : MainThread     : DEBUG   : ru_finalize_parent (NOOP)
2017-05-31 03:36:42,935: pmgr.launching.queue.bridge: MainProcess                     : MainThread     : DEBUG   : ru_finalize_common (NOOP)
2017-05-31 03:36:42,987: pmgr.launching.queue.bridge: MainProcess                     : pmgr.launching.queue.bridge.watch: INFO    : send message: work finished
2017-05-31 03:36:42,987: pmgr.launching.queue.bridge: MainProcess                     : pmgr.launching.queue.bridge.watch: DEBUG   : ru_finalize_child (NOOP)
2017-05-31 03:36:42,988: pmgr.launching.queue.bridge: MainProcess                     : pmgr.launching.queue.bridge.watch: DEBUG   : ru_finalize_common (NOOP)
2017-05-31 03:36:42,988: pmgr.launching.queue.bridge: MainProcess                     : pmgr.launching.queue.bridge.watch: INFO    : send message: terminating
2017-05-31 03:36:43,100: pmgr.launching.queue.bridge: MainProcess                     : MainThread     : WARNING : failed to stop child - terminate
2017-05-31 03:36:45,729: pmgr.launching.queue.bridge: MainProcess                     : MainThread     : INFO    : radical.pilot        version: split-81-gf853cc9b@feature-bridges
2017-05-31 03:36:45,730: pmgr.launching.queue.bridge: MainProcess                     : MainThread     : INFO    : create pmgr_launching_queue - bridge - tcp://*:*
2017-05-31 03:36:45,730: pmgr.launching.queue.bridge: MainProcess                     : MainThread     : DEBUG   : start process
2017-05-31 03:36:45,749: pmgr.launching.queue.bridge: pmgr.launching.queue.bridge     : MainThread     : INFO    : child (me) initializing
2017-05-31 03:36:45,750: pmgr.launching.queue.bridge: pmgr.launching.queue.bridge     : MainThread     : DEBUG   : start thread
2017-05-31 03:36:45,750: pmgr.launching.queue.bridge: pmgr.launching.queue.bridge     : pmgr.launching.queue.bridge.child.watch: INFO    : child (me) initializing
2017-05-31 03:36:45,751: pmgr.launching.queue.bridge: pmgr.launching.queue.bridge     : pmgr.launching.queue.bridge.child.watch: DEBUG   : ru_initialize_common (NOOP)
2017-05-31 03:36:45,751: pmgr.launching.queue.bridge: pmgr.launching.queue.bridge     : pmgr.launching.queue.bridge.child.watch: DEBUG   : ru_initialize_child (NOOP)
2017-05-31 03:36:45,751: pmgr.launching.queue.bridge: pmgr.launching.queue.bridge     : pmgr.launching.queue.bridge.child.watch: INFO    : send alive
2017-05-31 03:36:45,752: pmgr.launching.queue.bridge: pmgr.launching.queue.bridge     : pmgr.launching.queue.bridge.child.watch: INFO    : send message: alive
2017-05-31 03:36:45,752: pmgr.launching.queue.bridge: pmgr.launching.queue.bridge     : MainThread     : INFO    : recv message: alive
2017-05-31 03:36:45,752: pmgr.launching.queue.bridge: pmgr.launching.queue.bridge     : MainThread     : DEBUG   : ru_initialize_common (NOOP)
2017-05-31 03:36:45,752: pmgr.launching.queue.bridge: pmgr.launching.queue.bridge     : MainThread     : DEBUG   : ru_initialize_parent (NOOP)
2017-05-31 03:36:45,753: pmgr.launching.queue.bridge: pmgr.launching.queue.bridge     : MainThread     : DEBUG   : child thread pmgr.launching.queue.bridge.child.watch started
2017-05-31 03:36:45,753: pmgr.launching.queue.bridge: pmgr.launching.queue.bridge     : MainThread     : INFO    : child (me) is alive
2017-05-31 03:36:45,753: pmgr.launching.queue.bridge: pmgr.launching.queue.bridge     : MainThread     : DEBUG   : ru_initialize_common (NOOP)
2017-05-31 03:36:45,758: pmgr.launching.queue.bridge: pmgr.launching.queue.bridge.child: MainThread     : INFO    : send alive
2017-05-31 03:36:45,758: pmgr.launching.queue.bridge: pmgr.launching.queue.bridge.child: MainThread     : INFO    : send message: alive
2017-05-31 03:36:45,759: pmgr.launching.queue.bridge: MainProcess                     : MainThread     : INFO    : recv message: alive
2017-05-31 03:36:45,760: pmgr.launching.queue.bridge: MainProcess                     : MainThread     : DEBUG   : start thread
2017-05-31 03:36:45,760: pmgr.launching.queue.bridge: MainProcess                     : pmgr.launching.queue.bridge.watch: INFO    : child (me) initializing
2017-05-31 03:36:45,761: pmgr.launching.queue.bridge: MainProcess                     : pmgr.launching.queue.bridge.watch: DEBUG   : ru_initialize_common (NOOP)
2017-05-31 03:36:45,761: pmgr.launching.queue.bridge: MainProcess                     : pmgr.launching.queue.bridge.watch: DEBUG   : ru_initialize_child (NOOP)
2017-05-31 03:36:45,761: pmgr.launching.queue.bridge: MainProcess                     : pmgr.launching.queue.bridge.watch: INFO    : send alive
2017-05-31 03:36:45,761: pmgr.launching.queue.bridge: MainProcess                     : pmgr.launching.queue.bridge.watch: INFO    : send message: alive
2017-05-31 03:36:45,762: pmgr.launching.queue.bridge: MainProcess                     : MainThread     : INFO    : recv message: alive
2017-05-31 03:36:45,762: pmgr.launching.queue.bridge: MainProcess                     : MainThread     : DEBUG   : ru_initialize_common (NOOP)
2017-05-31 03:36:45,762: pmgr.launching.queue.bridge: MainProcess                     : MainThread     : DEBUG   : ru_initialize_parent (NOOP)
2017-05-31 03:36:45,762: pmgr.launching.queue.bridge: MainProcess                     : MainThread     : DEBUG   : child thread pmgr.launching.queue.bridge.watch started
2017-05-31 03:36:45,762: pmgr.launching.queue.bridge: MainProcess                     : MainThread     : INFO    : child is alive
2017-05-31 03:36:45,762: pmgr.launching.queue.bridge: MainProcess                     : MainThread     : DEBUG   : ru_initialize_common (NOOP)
2017-05-31 03:36:45,763: pmgr.launching.queue.bridge: MainProcess                     : MainThread     : DEBUG   : ru_initialize_parent (NOOP)
2017-05-31 03:36:45,763: pmgr.launching.queue.bridge: MainProcess                     : MainThread     : DEBUG   : child process started
2017-05-31 03:44:27,935: pmgr.launching.queue.bridge: MainProcess                     : MainThread     : INFO    : parent stops child
2017-05-31 03:44:27,935: pmgr.launching.queue.bridge: MainProcess                     : MainThread     : DEBUG   : ru_finalize_parent (NOOP)
2017-05-31 03:44:27,935: pmgr.launching.queue.bridge: MainProcess                     : MainThread     : DEBUG   : ru_finalize_common (NOOP)
2017-05-31 03:44:27,936: pmgr.launching.queue.bridge: MainProcess                     : MainThread     : INFO    : parent stops child
2017-05-31 03:44:27,936: pmgr.launching.queue.bridge: MainProcess                     : MainThread     : DEBUG   : ru_finalize_parent (NOOP)
2017-05-31 03:44:27,936: pmgr.launching.queue.bridge: MainProcess                     : MainThread     : DEBUG   : ru_finalize_common (NOOP)
2017-05-31 03:44:27,970: pmgr.launching.queue.bridge: MainProcess                     : pmgr.launching.queue.bridge.watch: INFO    : send message: work finished
2017-05-31 03:44:27,970: pmgr.launching.queue.bridge: MainProcess                     : pmgr.launching.queue.bridge.watch: DEBUG   : ru_finalize_child (NOOP)
2017-05-31 03:44:27,970: pmgr.launching.queue.bridge: MainProcess                     : pmgr.launching.queue.bridge.watch: DEBUG   : ru_finalize_common (NOOP)
2017-05-31 03:44:27,970: pmgr.launching.queue.bridge: MainProcess                     : pmgr.launching.queue.bridge.watch: INFO    : send message: terminating
2017-05-31 03:44:28,100: pmgr.launching.queue.bridge: MainProcess                     : MainThread     : WARNING : failed to stop child - terminate
2017-05-31 03:44:30,678: pmgr.launching.queue.bridge: MainProcess                     : MainThread     : INFO    : radical.pilot        version: split-81-gf853cc9b@feature-bridges
2017-05-31 03:44:30,678: pmgr.launching.queue.bridge: MainProcess                     : MainThread     : INFO    : create pmgr_launching_queue - bridge - tcp://*:*
2017-05-31 03:44:30,679: pmgr.launching.queue.bridge: MainProcess                     : MainThread     : DEBUG   : start process
2017-05-31 03:44:30,699: pmgr.launching.queue.bridge: pmgr.launching.queue.bridge     : MainThread     : INFO    : child (me) initializing
2017-05-31 03:44:30,700: pmgr.launching.queue.bridge: pmgr.launching.queue.bridge     : MainThread     : DEBUG   : start thread
2017-05-31 03:44:30,701: pmgr.launching.queue.bridge: pmgr.launching.queue.bridge     : pmgr.launching.queue.bridge.child.watch: INFO    : child (me) initializing
2017-05-31 03:44:30,702: pmgr.launching.queue.bridge: pmgr.launching.queue.bridge     : pmgr.launching.queue.bridge.child.watch: DEBUG   : ru_initialize_common (NOOP)
2017-05-31 03:44:30,702: pmgr.launching.queue.bridge: pmgr.launching.queue.bridge     : pmgr.launching.queue.bridge.child.watch: DEBUG   : ru_initialize_child (NOOP)
2017-05-31 03:44:30,702: pmgr.launching.queue.bridge: pmgr.launching.queue.bridge     : pmgr.launching.queue.bridge.child.watch: INFO    : send alive
2017-05-31 03:44:30,702: pmgr.launching.queue.bridge: pmgr.launching.queue.bridge     : pmgr.launching.queue.bridge.child.watch: INFO    : send message: alive
2017-05-31 03:44:30,703: pmgr.launching.queue.bridge: pmgr.launching.queue.bridge     : MainThread     : INFO    : recv message: alive
2017-05-31 03:44:30,703: pmgr.launching.queue.bridge: pmgr.launching.queue.bridge     : MainThread     : DEBUG   : ru_initialize_common (NOOP)
2017-05-31 03:44:30,703: pmgr.launching.queue.bridge: pmgr.launching.queue.bridge     : MainThread     : DEBUG   : ru_initialize_parent (NOOP)
2017-05-31 03:44:30,703: pmgr.launching.queue.bridge: pmgr.launching.queue.bridge     : MainThread     : DEBUG   : child thread pmgr.launching.queue.bridge.child.watch started
2017-05-31 03:44:30,703: pmgr.launching.queue.bridge: pmgr.launching.queue.bridge     : MainThread     : INFO    : child (me) is alive
2017-05-31 03:44:30,703: pmgr.launching.queue.bridge: pmgr.launching.queue.bridge     : MainThread     : DEBUG   : ru_initialize_common (NOOP)
2017-05-31 03:44:30,709: pmgr.launching.queue.bridge: pmgr.launching.queue.bridge.child: MainThread     : INFO    : send alive
2017-05-31 03:44:30,709: pmgr.launching.queue.bridge: pmgr.launching.queue.bridge.child: MainThread     : INFO    : send message: alive
2017-05-31 03:44:30,709: pmgr.launching.queue.bridge: MainProcess                     : MainThread     : INFO    : recv message: alive
2017-05-31 03:44:30,710: pmgr.launching.queue.bridge: MainProcess                     : MainThread     : DEBUG   : start thread
2017-05-31 03:44:30,711: pmgr.launching.queue.bridge: MainProcess                     : pmgr.launching.queue.bridge.watch: INFO    : child (me) initializing
2017-05-31 03:44:30,711: pmgr.launching.queue.bridge: MainProcess                     : pmgr.launching.queue.bridge.watch: DEBUG   : ru_initialize_common (NOOP)
2017-05-31 03:44:30,711: pmgr.launching.queue.bridge: MainProcess                     : pmgr.launching.queue.bridge.watch: DEBUG   : ru_initialize_child (NOOP)
2017-05-31 03:44:30,711: pmgr.launching.queue.bridge: MainProcess                     : pmgr.launching.queue.bridge.watch: INFO    : send alive
2017-05-31 03:44:30,711: pmgr.launching.queue.bridge: MainProcess                     : pmgr.launching.queue.bridge.watch: INFO    : send message: alive
2017-05-31 03:44:30,712: pmgr.launching.queue.bridge: MainProcess                     : MainThread     : INFO    : recv message: alive
2017-05-31 03:44:30,712: pmgr.launching.queue.bridge: MainProcess                     : MainThread     : DEBUG   : ru_initialize_common (NOOP)
2017-05-31 03:44:30,713: pmgr.launching.queue.bridge: MainProcess                     : MainThread     : DEBUG   : ru_initialize_parent (NOOP)
2017-05-31 03:44:30,713: pmgr.launching.queue.bridge: MainProcess                     : MainThread     : DEBUG   : child thread pmgr.launching.queue.bridge.watch started
2017-05-31 03:44:30,713: pmgr.launching.queue.bridge: MainProcess                     : MainThread     : INFO    : child is alive
2017-05-31 03:44:30,713: pmgr.launching.queue.bridge: MainProcess                     : MainThread     : DEBUG   : ru_initialize_common (NOOP)
2017-05-31 03:44:30,713: pmgr.launching.queue.bridge: MainProcess                     : MainThread     : DEBUG   : ru_initialize_parent (NOOP)
2017-05-31 03:44:30,713: pmgr.launching.queue.bridge: MainProcess                     : MainThread     : DEBUG   : child process started
2017-05-31 03:44:45,330: pmgr.launching.queue.bridge: MainProcess                     : MainThread     : INFO    : parent stops child
2017-05-31 03:44:45,330: pmgr.launching.queue.bridge: MainProcess                     : MainThread     : DEBUG   : ru_finalize_parent (NOOP)
2017-05-31 03:44:45,330: pmgr.launching.queue.bridge: MainProcess                     : MainThread     : DEBUG   : ru_finalize_common (NOOP)
2017-05-31 03:44:45,330: pmgr.launching.queue.bridge: MainProcess                     : MainThread     : INFO    : parent stops child
2017-05-31 03:44:45,331: pmgr.launching.queue.bridge: MainProcess                     : MainThread     : DEBUG   : ru_finalize_parent (NOOP)
2017-05-31 03:44:45,331: pmgr.launching.queue.bridge: MainProcess                     : MainThread     : DEBUG   : ru_finalize_common (NOOP)
2017-05-31 03:44:45,343: pmgr.launching.queue.bridge: MainProcess                     : pmgr.launching.queue.bridge.watch: INFO    : send message: work finished
2017-05-31 03:44:45,343: pmgr.launching.queue.bridge: MainProcess                     : pmgr.launching.queue.bridge.watch: DEBUG   : ru_finalize_child (NOOP)
2017-05-31 03:44:45,343: pmgr.launching.queue.bridge: MainProcess                     : pmgr.launching.queue.bridge.watch: DEBUG   : ru_finalize_common (NOOP)
2017-05-31 03:44:45,343: pmgr.launching.queue.bridge: MainProcess                     : pmgr.launching.queue.bridge.watch: INFO    : send message: terminating
2017-05-31 03:44:45,447: pmgr.launching.queue.bridge: MainProcess                     : MainThread     : WARNING : failed to stop child - terminate
2017-05-31 03:44:48,096: pmgr.launching.queue.bridge: MainProcess                     : MainThread     : INFO    : radical.pilot        version: split-81-gf853cc9b@feature-bridges
2017-05-31 03:44:48,097: pmgr.launching.queue.bridge: MainProcess                     : MainThread     : INFO    : create pmgr_launching_queue - bridge - tcp://*:*
2017-05-31 03:44:48,097: pmgr.launching.queue.bridge: MainProcess                     : MainThread     : DEBUG   : start process
2017-05-31 03:44:48,121: pmgr.launching.queue.bridge: pmgr.launching.queue.bridge     : MainThread     : INFO    : child (me) initializing
2017-05-31 03:44:48,122: pmgr.launching.queue.bridge: pmgr.launching.queue.bridge     : MainThread     : DEBUG   : start thread
2017-05-31 03:44:48,122: pmgr.launching.queue.bridge: pmgr.launching.queue.bridge     : pmgr.launching.queue.bridge.child.watch: INFO    : child (me) initializing
2017-05-31 03:44:48,123: pmgr.launching.queue.bridge: pmgr.launching.queue.bridge     : pmgr.launching.queue.bridge.child.watch: DEBUG   : ru_initialize_common (NOOP)
2017-05-31 03:44:48,123: pmgr.launching.queue.bridge: pmgr.launching.queue.bridge     : pmgr.launching.queue.bridge.child.watch: DEBUG   : ru_initialize_child (NOOP)
2017-05-31 03:44:48,123: pmgr.launching.queue.bridge: pmgr.launching.queue.bridge     : pmgr.launching.queue.bridge.child.watch: INFO    : send alive
2017-05-31 03:44:48,123: pmgr.launching.queue.bridge: pmgr.launching.queue.bridge     : pmgr.launching.queue.bridge.child.watch: INFO    : send message: alive
2017-05-31 03:44:48,124: pmgr.launching.queue.bridge: pmgr.launching.queue.bridge     : MainThread     : INFO    : recv message: alive
2017-05-31 03:44:48,124: pmgr.launching.queue.bridge: pmgr.launching.queue.bridge     : MainThread     : DEBUG   : ru_initialize_common (NOOP)
2017-05-31 03:44:48,124: pmgr.launching.queue.bridge: pmgr.launching.queue.bridge     : MainThread     : DEBUG   : ru_initialize_parent (NOOP)
2017-05-31 03:44:48,124: pmgr.launching.queue.bridge: pmgr.launching.queue.bridge     : MainThread     : DEBUG   : child thread pmgr.launching.queue.bridge.child.watch started
2017-05-31 03:44:48,125: pmgr.launching.queue.bridge: pmgr.launching.queue.bridge     : MainThread     : INFO    : child (me) is alive
2017-05-31 03:44:48,125: pmgr.launching.queue.bridge: pmgr.launching.queue.bridge     : MainThread     : DEBUG   : ru_initialize_common (NOOP)
2017-05-31 03:44:48,129: pmgr.launching.queue.bridge: pmgr.launching.queue.bridge.child: MainThread     : INFO    : send alive
2017-05-31 03:44:48,129: pmgr.launching.queue.bridge: pmgr.launching.queue.bridge.child: MainThread     : INFO    : send message: alive
2017-05-31 03:44:48,130: pmgr.launching.queue.bridge: MainProcess                     : MainThread     : INFO    : recv message: alive
2017-05-31 03:44:48,130: pmgr.launching.queue.bridge: MainProcess                     : MainThread     : DEBUG   : start thread
2017-05-31 03:44:48,131: pmgr.launching.queue.bridge: MainProcess                     : pmgr.launching.queue.bridge.watch: INFO    : child (me) initializing
2017-05-31 03:44:48,131: pmgr.launching.queue.bridge: MainProcess                     : pmgr.launching.queue.bridge.watch: DEBUG   : ru_initialize_common (NOOP)
2017-05-31 03:44:48,131: pmgr.launching.queue.bridge: MainProcess                     : pmgr.launching.queue.bridge.watch: DEBUG   : ru_initialize_child (NOOP)
2017-05-31 03:44:48,132: pmgr.launching.queue.bridge: MainProcess                     : pmgr.launching.queue.bridge.watch: INFO    : send alive
2017-05-31 03:44:48,132: pmgr.launching.queue.bridge: MainProcess                     : pmgr.launching.queue.bridge.watch: INFO    : send message: alive
2017-05-31 03:44:48,133: pmgr.launching.queue.bridge: MainProcess                     : MainThread     : INFO    : recv message: alive
2017-05-31 03:44:48,133: pmgr.launching.queue.bridge: MainProcess                     : MainThread     : DEBUG   : ru_initialize_common (NOOP)
2017-05-31 03:44:48,133: pmgr.launching.queue.bridge: MainProcess                     : MainThread     : DEBUG   : ru_initialize_parent (NOOP)
2017-05-31 03:44:48,133: pmgr.launching.queue.bridge: MainProcess                     : MainThread     : DEBUG   : child thread pmgr.launching.queue.bridge.watch started
2017-05-31 03:44:48,134: pmgr.launching.queue.bridge: MainProcess                     : MainThread     : INFO    : child is alive
2017-05-31 03:44:48,134: pmgr.launching.queue.bridge: MainProcess                     : MainThread     : DEBUG   : ru_initialize_common (NOOP)
2017-05-31 03:44:48,134: pmgr.launching.queue.bridge: MainProcess                     : MainThread     : DEBUG   : ru_initialize_parent (NOOP)
2017-05-31 03:44:48,134: pmgr.launching.queue.bridge: MainProcess                     : MainThread     : DEBUG   : child process started
2017-05-31 03:44:48,204: pmgr.launching.queue.bridge: MainProcess                     : MainThread     : INFO    : parent stops child
2017-05-31 03:44:48,204: pmgr.launching.queue.bridge: MainProcess                     : MainThread     : DEBUG   : ru_finalize_parent (NOOP)
2017-05-31 03:44:48,204: pmgr.launching.queue.bridge: MainProcess                     : MainThread     : DEBUG   : ru_finalize_common (NOOP)
2017-05-31 03:44:48,205: pmgr.launching.queue.bridge: MainProcess                     : MainThread     : INFO    : parent stops child
2017-05-31 03:44:48,205: pmgr.launching.queue.bridge: MainProcess                     : MainThread     : DEBUG   : ru_finalize_parent (NOOP)
2017-05-31 03:44:48,205: pmgr.launching.queue.bridge: MainProcess                     : MainThread     : DEBUG   : ru_finalize_common (NOOP)
2017-05-31 03:44:48,232: pmgr.launching.queue.bridge: MainProcess                     : pmgr.launching.queue.bridge.watch: INFO    : send message: work finished
2017-05-31 03:44:48,233: pmgr.launching.queue.bridge: MainProcess                     : pmgr.launching.queue.bridge.watch: DEBUG   : ru_finalize_child (NOOP)
2017-05-31 03:44:48,233: pmgr.launching.queue.bridge: MainProcess                     : pmgr.launching.queue.bridge.watch: DEBUG   : ru_finalize_common (NOOP)
2017-05-31 03:44:48,233: pmgr.launching.queue.bridge: MainProcess                     : pmgr.launching.queue.bridge.watch: INFO    : send message: terminating
2017-05-31 03:44:48,337: pmgr.launching.queue.bridge: MainProcess                     : MainThread     : WARNING : failed to stop child - terminate
