2017-05-31 02:40:29,855: pmgr.launching.0    : MainProcess                     : MainThread     : INFO    : python.interpreter   version: 2.7.12 (default, Nov 19 2016, 06:48:10) [GCC 5.4.0 20160609]
2017-05-31 02:40:29,855: pmgr.launching.0    : MainProcess                     : MainThread     : INFO    :                      pid: 27015
2017-05-31 02:40:29,855: pmgr.launching.0    : MainProcess                     : MainThread     : INFO    :                      tid: MainThread
2017-05-31 02:40:29,855: pmgr.launching.0    : MainProcess                     : MainThread     : INFO    : radical.pilot        version: split-81-gf853cc9b@feature-bridges
2017-05-31 02:40:29,855: pmgr.launching.0    : MainProcess                     : MainThread     : DEBUG   : start process
2017-05-31 02:40:29,859: pmgr.launching.0    : pmgr.launching.0                : MainThread     : INFO    : child (me) initializing
2017-05-31 02:40:29,859: pmgr.launching.0    : pmgr.launching.0                : MainThread     : DEBUG   : start thread
2017-05-31 02:40:29,860: pmgr.launching.0    : pmgr.launching.0                : pmgr.launching.0.child.watch: INFO    : child (me) initializing
2017-05-31 02:40:29,860: pmgr.launching.0    : pmgr.launching.0                : pmgr.launching.0.child.watch: DEBUG   : ru_initialize_common (NOOP)
2017-05-31 02:40:29,860: pmgr.launching.0    : pmgr.launching.0                : pmgr.launching.0.child.watch: DEBUG   : ru_initialize_child (NOOP)
2017-05-31 02:40:29,860: pmgr.launching.0    : pmgr.launching.0                : pmgr.launching.0.child.watch: INFO    : send alive
2017-05-31 02:40:29,860: pmgr.launching.0    : pmgr.launching.0                : pmgr.launching.0.child.watch: INFO    : send message: alive
2017-05-31 02:40:29,861: pmgr.launching.0    : pmgr.launching.0                : MainThread     : INFO    : recv message: alive
2017-05-31 02:40:29,861: pmgr.launching.0    : pmgr.launching.0                : MainThread     : DEBUG   : ru_initialize_common (NOOP)
2017-05-31 02:40:29,861: pmgr.launching.0    : pmgr.launching.0                : MainThread     : DEBUG   : ru_initialize_parent (NOOP)
2017-05-31 02:40:29,861: pmgr.launching.0    : pmgr.launching.0                : MainThread     : DEBUG   : child thread pmgr.launching.0.child.watch started
2017-05-31 02:40:29,861: pmgr.launching.0    : pmgr.launching.0                : MainThread     : INFO    : child (me) is alive
2017-05-31 02:40:29,947: pmgr.launching.0    : pmgr.launching.0                : MainThread     : INFO    : send alive
2017-05-31 02:40:29,947: pmgr.launching.0    : pmgr.launching.0                : MainThread     : INFO    : send message: alive
2017-05-31 02:40:29,948: pmgr.launching.0    : MainProcess                     : MainThread     : INFO    : recv message: alive
2017-05-31 02:40:29,948: pmgr.launching.0    : MainProcess                     : MainThread     : DEBUG   : start thread
2017-05-31 02:40:29,949: pmgr.launching.0    : MainProcess                     : pmgr.launching.0.watch: INFO    : child (me) initializing
2017-05-31 02:40:29,949: pmgr.launching.0    : MainProcess                     : pmgr.launching.0.watch: DEBUG   : ru_initialize_common (NOOP)
2017-05-31 02:40:29,949: pmgr.launching.0    : MainProcess                     : pmgr.launching.0.watch: DEBUG   : ru_initialize_child (NOOP)
2017-05-31 02:40:29,950: pmgr.launching.0    : MainProcess                     : pmgr.launching.0.watch: INFO    : send alive
2017-05-31 02:40:29,950: pmgr.launching.0    : MainProcess                     : pmgr.launching.0.watch: INFO    : send message: alive
2017-05-31 02:40:29,950: pmgr.launching.0    : MainProcess                     : MainThread     : INFO    : recv message: alive
2017-05-31 02:40:29,951: pmgr.launching.0    : MainProcess                     : MainThread     : DEBUG   : ru_initialize_common (NOOP)
2017-05-31 02:40:29,951: pmgr.launching.0    : MainProcess                     : MainThread     : DEBUG   : ru_initialize_parent (NOOP)
2017-05-31 02:40:29,951: pmgr.launching.0    : MainProcess                     : MainThread     : DEBUG   : child thread pmgr.launching.0.watch started
2017-05-31 02:40:29,951: pmgr.launching.0    : MainProcess                     : MainThread     : INFO    : child is alive
2017-05-31 02:40:29,951: pmgr.launching.0    : MainProcess                     : MainThread     : INFO    : radical.pilot        version: split-81-gf853cc9b@feature-bridges
2017-05-31 02:40:30,000: pmgr.launching.0    : MainProcess                     : MainThread     : INFO    : initialize pmgr.launching.0
2017-05-31 02:40:30,003: pmgr.launching.0    : MainProcess                     : MainThread     : INFO    : cfg: {'agents': {},
 u'bridges': {u'control_pubsub': {'addr_in': 'tcp://138.201.86.166:43217',
                                  'addr_out': 'tcp://138.201.86.166:35116',
                                  u'bulk_size': 0,
                                  u'log_level': u'debug',
                                  u'stall_hwm': 1},
              u'log_pubsub': {'addr_in': 'tcp://138.201.86.166:44135',
                              'addr_out': 'tcp://138.201.86.166:43243',
                              u'bulk_size': 0,
                              u'log_level': u'debug',
                              u'stall_hwm': 1},
              u'pmgr_launching_queue': {'addr_in': 'tcp://138.201.86.166:43061',
                                        'addr_out': 'tcp://138.201.86.166:42884',
                                        u'bulk_size': 0,
                                        u'log_level': u'debug',
                                        u'stall_hwm': 1},
              u'state_pubsub': {'addr_in': 'tcp://138.201.86.166:32771',
                                'addr_out': 'tcp://138.201.86.166:42499',
                                u'bulk_size': 0,
                                u'log_level': u'debug',
                                u'stall_hwm': 1}},
 'cname': u'PMGRLaunchingComponent',
 u'components': {},
 u'count': 1,
 u'db_poll_sleeptime': 1.0,
 'number': 0,
 'owner': 'pmgr.0000',
 'uid': 'pmgr.0000'}
2017-05-31 02:40:30,004: pmgr.launching.0    : MainProcess                     : MainThread     : DEBUG   : START: pmgr.launching.0 register publisher log_pubsub
2017-05-31 02:40:30,004: pmgr.launching.0    : MainProcess                     : MainThread     : DEBUG   : using addr tcp://138.201.86.166:44135 for pubsub log_pubsub
2017-05-31 02:40:30,005: pmgr.launching.0    : MainProcess                     : MainThread     : DEBUG   : registered publisher : log_pubsub : log.pubsub.pub
2017-05-31 02:40:30,005: pmgr.launching.0    : MainProcess                     : MainThread     : DEBUG   : START: pmgr.launching.0 register publisher state_pubsub
2017-05-31 02:40:30,006: pmgr.launching.0    : MainProcess                     : MainThread     : DEBUG   : using addr tcp://138.201.86.166:32771 for pubsub state_pubsub
2017-05-31 02:40:30,007: pmgr.launching.0    : MainProcess                     : MainThread     : DEBUG   : registered publisher : state_pubsub : state.pubsub.pub
2017-05-31 02:40:30,007: pmgr.launching.0    : MainProcess                     : MainThread     : DEBUG   : START: pmgr.launching.0 register publisher control_pubsub
2017-05-31 02:40:30,007: pmgr.launching.0    : MainProcess                     : MainThread     : DEBUG   : using addr tcp://138.201.86.166:43217 for pubsub control_pubsub
2017-05-31 02:40:30,008: pmgr.launching.0    : MainProcess                     : MainThread     : DEBUG   : registered publisher : control_pubsub : control.pubsub.pub
2017-05-31 02:40:30,009: pmgr.launching.0    : MainProcess                     : MainThread     : DEBUG   : child process started
2017-05-31 03:21:07,410: pmgr.launching.0    : MainProcess                     : MainThread     : DEBUG   : stop pmgr.launching.0 (27015 : 27083 : MainThread) [radical.pilot.pilot_manager.PilotManager.finalize_parent]
2017-05-31 03:21:07,410: pmgr.launching.0    : MainProcess                     : MainThread     : INFO    : parent stops child
2017-05-31 03:21:07,410: pmgr.launching.0    : MainProcess                     : MainThread     : DEBUG   : ru_finalize_common()
2017-05-31 03:21:07,410: pmgr.launching.0    : MainProcess                     : MainThread     : DEBUG   : TERM : pmgr.launching.0 unregister publisher state_pubsub
2017-05-31 03:21:07,412: pmgr.launching.0    : MainProcess                     : MainThread     : DEBUG   : unregistered publisher state_pubsub
2017-05-31 03:21:07,412: pmgr.launching.0    : MainProcess                     : MainThread     : DEBUG   : TERM : pmgr.launching.0 unregister publisher control_pubsub
2017-05-31 03:21:07,413: pmgr.launching.0    : MainProcess                     : MainThread     : DEBUG   : unregistered publisher control_pubsub
2017-05-31 03:21:07,413: pmgr.launching.0    : MainProcess                     : MainThread     : DEBUG   : pmgr.launching.0 close prof
2017-05-31 03:21:07,413: pmgr.launching.0    : MainProcess                     : MainThread     : INFO    : parent stops child
2017-05-31 03:21:07,414: pmgr.launching.0    : MainProcess                     : MainThread     : DEBUG   : ru_finalize_parent (NOOP)
2017-05-31 03:21:07,414: pmgr.launching.0    : MainProcess                     : MainThread     : DEBUG   : ru_finalize_common (NOOP)
2017-05-31 03:21:07,506: pmgr.launching.0    : MainProcess                     : pmgr.launching.0.watch: INFO    : send message: work finished
2017-05-31 03:21:07,506: pmgr.launching.0    : pmgr.launching.0                : pmgr.launching.0.child.watch: WARNING : endpoint disappeard
2017-05-31 03:21:07,507: pmgr.launching.0    : pmgr.launching.0                : pmgr.launching.0.child.watch: WARNING : watcher failed
2017-05-31 03:21:07,507: pmgr.launching.0    : MainProcess                     : pmgr.launching.0.watch: DEBUG   : ru_finalize_child (NOOP)
2017-05-31 03:21:07,507: pmgr.launching.0    : MainProcess                     : pmgr.launching.0.watch: DEBUG   : ru_finalize_common (NOOP)
2017-05-31 03:21:07,507: pmgr.launching.0    : pmgr.launching.0                : pmgr.launching.0.child.watch: INFO    : send message: work finished
2017-05-31 03:21:07,507: pmgr.launching.0    : MainProcess                     : pmgr.launching.0.watch: INFO    : send message: terminating
2017-05-31 03:21:07,507: pmgr.launching.0    : pmgr.launching.0                : pmgr.launching.0.child.watch: DEBUG   : ru_finalize_child (NOOP)
2017-05-31 03:21:07,507: pmgr.launching.0    : pmgr.launching.0                : pmgr.launching.0.child.watch: DEBUG   : ru_finalize_common (NOOP)
2017-05-31 03:21:07,507: pmgr.launching.0    : pmgr.launching.0                : pmgr.launching.0.child.watch: INFO    : send message: terminating
2017-05-31 03:21:07,629: pmgr.launching.0    : MainProcess                     : MainThread     : WARNING : failed to stop child - terminate
2017-05-31 03:21:11,066: pmgr.launching.0    : MainProcess                     : MainThread     : INFO    : radical.pilot        version: split-81-gf853cc9b@feature-bridges
2017-05-31 03:21:11,067: pmgr.launching.0    : MainProcess                     : MainThread     : DEBUG   : start process
2017-05-31 03:21:11,081: pmgr.launching.0    : pmgr.launching.0                : MainThread     : INFO    : child (me) initializing
2017-05-31 03:21:11,081: pmgr.launching.0    : pmgr.launching.0                : MainThread     : DEBUG   : start thread
2017-05-31 03:21:11,082: pmgr.launching.0    : pmgr.launching.0                : pmgr.launching.0.child.watch: INFO    : child (me) initializing
2017-05-31 03:21:11,082: pmgr.launching.0    : pmgr.launching.0                : pmgr.launching.0.child.watch: DEBUG   : ru_initialize_common (NOOP)
2017-05-31 03:21:11,082: pmgr.launching.0    : pmgr.launching.0                : pmgr.launching.0.child.watch: DEBUG   : ru_initialize_child (NOOP)
2017-05-31 03:21:11,083: pmgr.launching.0    : pmgr.launching.0                : pmgr.launching.0.child.watch: INFO    : send alive
2017-05-31 03:21:11,083: pmgr.launching.0    : pmgr.launching.0                : pmgr.launching.0.child.watch: INFO    : send message: alive
2017-05-31 03:21:11,083: pmgr.launching.0    : pmgr.launching.0                : MainThread     : INFO    : recv message: alive
2017-05-31 03:21:11,084: pmgr.launching.0    : pmgr.launching.0                : MainThread     : DEBUG   : ru_initialize_common (NOOP)
2017-05-31 03:21:11,084: pmgr.launching.0    : pmgr.launching.0                : MainThread     : DEBUG   : ru_initialize_parent (NOOP)
2017-05-31 03:21:11,084: pmgr.launching.0    : pmgr.launching.0                : MainThread     : DEBUG   : child thread pmgr.launching.0.child.watch started
2017-05-31 03:21:11,084: pmgr.launching.0    : pmgr.launching.0                : MainThread     : INFO    : child (me) is alive
2017-05-31 03:21:11,131: pmgr.launching.0    : pmgr.launching.0                : MainThread     : INFO    : send alive
2017-05-31 03:21:11,131: pmgr.launching.0    : pmgr.launching.0                : MainThread     : INFO    : send message: alive
2017-05-31 03:21:11,131: pmgr.launching.0    : MainProcess                     : MainThread     : INFO    : recv message: alive
2017-05-31 03:21:11,132: pmgr.launching.0    : MainProcess                     : MainThread     : DEBUG   : start thread
2017-05-31 03:21:11,133: pmgr.launching.0    : MainProcess                     : pmgr.launching.0.watch: INFO    : child (me) initializing
2017-05-31 03:21:11,133: pmgr.launching.0    : MainProcess                     : pmgr.launching.0.watch: DEBUG   : ru_initialize_common (NOOP)
2017-05-31 03:21:11,133: pmgr.launching.0    : MainProcess                     : pmgr.launching.0.watch: DEBUG   : ru_initialize_child (NOOP)
2017-05-31 03:21:11,133: pmgr.launching.0    : MainProcess                     : pmgr.launching.0.watch: INFO    : send alive
2017-05-31 03:21:11,133: pmgr.launching.0    : MainProcess                     : pmgr.launching.0.watch: INFO    : send message: alive
2017-05-31 03:21:11,134: pmgr.launching.0    : MainProcess                     : MainThread     : INFO    : recv message: alive
2017-05-31 03:21:11,134: pmgr.launching.0    : MainProcess                     : MainThread     : DEBUG   : ru_initialize_common (NOOP)
2017-05-31 03:21:11,135: pmgr.launching.0    : MainProcess                     : MainThread     : DEBUG   : ru_initialize_parent (NOOP)
2017-05-31 03:21:11,135: pmgr.launching.0    : MainProcess                     : MainThread     : DEBUG   : child thread pmgr.launching.0.watch started
2017-05-31 03:21:11,135: pmgr.launching.0    : MainProcess                     : MainThread     : INFO    : child is alive
2017-05-31 03:21:11,135: pmgr.launching.0    : MainProcess                     : MainThread     : INFO    : radical.pilot        version: split-81-gf853cc9b@feature-bridges
2017-05-31 03:21:11,156: pmgr.launching.0    : MainProcess                     : MainThread     : INFO    : initialize pmgr.launching.0
2017-05-31 03:21:11,160: pmgr.launching.0    : MainProcess                     : MainThread     : INFO    : cfg: {'agents': {},
 u'bridges': {u'control_pubsub': {'addr_in': 'tcp://138.201.86.166:40878',
                                  'addr_out': 'tcp://138.201.86.166:36022',
                                  u'bulk_size': 0,
                                  u'log_level': u'debug',
                                  u'stall_hwm': 1},
              u'log_pubsub': {'addr_in': 'tcp://138.201.86.166:37208',
                              'addr_out': 'tcp://138.201.86.166:42897',
                              u'bulk_size': 0,
                              u'log_level': u'debug',
                              u'stall_hwm': 1},
              u'pmgr_launching_queue': {'addr_in': 'tcp://138.201.86.166:37742',
                                        'addr_out': 'tcp://138.201.86.166:44483',
                                        u'bulk_size': 0,
                                        u'log_level': u'debug',
                                        u'stall_hwm': 1},
              u'state_pubsub': {'addr_in': 'tcp://138.201.86.166:38275',
                                'addr_out': 'tcp://138.201.86.166:39820',
                                u'bulk_size': 0,
                                u'log_level': u'debug',
                                u'stall_hwm': 1}},
 'cname': u'PMGRLaunchingComponent',
 u'components': {},
 u'count': 1,
 u'db_poll_sleeptime': 1.0,
 'number': 0,
 'owner': 'pmgr.0000',
 'uid': 'pmgr.0000'}
2017-05-31 03:21:11,160: pmgr.launching.0    : MainProcess                     : MainThread     : DEBUG   : START: pmgr.launching.0 register publisher log_pubsub
2017-05-31 03:21:11,160: pmgr.launching.0    : MainProcess                     : MainThread     : DEBUG   : using addr tcp://138.201.86.166:37208 for pubsub log_pubsub
2017-05-31 03:21:11,162: pmgr.launching.0    : MainProcess                     : MainThread     : DEBUG   : registered publisher : log_pubsub : log.pubsub.pub
2017-05-31 03:21:11,162: pmgr.launching.0    : MainProcess                     : MainThread     : DEBUG   : START: pmgr.launching.0 register publisher state_pubsub
2017-05-31 03:21:11,162: pmgr.launching.0    : MainProcess                     : MainThread     : DEBUG   : using addr tcp://138.201.86.166:38275 for pubsub state_pubsub
2017-05-31 03:21:11,165: pmgr.launching.0    : MainProcess                     : MainThread     : DEBUG   : registered publisher : state_pubsub : state.pubsub.pub
2017-05-31 03:21:11,165: pmgr.launching.0    : MainProcess                     : MainThread     : DEBUG   : START: pmgr.launching.0 register publisher control_pubsub
2017-05-31 03:21:11,165: pmgr.launching.0    : MainProcess                     : MainThread     : DEBUG   : using addr tcp://138.201.86.166:40878 for pubsub control_pubsub
2017-05-31 03:21:11,166: pmgr.launching.0    : MainProcess                     : MainThread     : DEBUG   : registered publisher : control_pubsub : control.pubsub.pub
2017-05-31 03:21:11,166: pmgr.launching.0    : MainProcess                     : MainThread     : DEBUG   : child process started
2017-05-31 03:28:41,039: pmgr.launching.0    : MainProcess                     : MainThread     : DEBUG   : stop pmgr.launching.0 (27015 : 5315 : MainThread) [radical.pilot.pilot_manager.PilotManager.finalize_parent]
2017-05-31 03:28:41,039: pmgr.launching.0    : MainProcess                     : MainThread     : INFO    : parent stops child
2017-05-31 03:28:41,039: pmgr.launching.0    : MainProcess                     : MainThread     : DEBUG   : ru_finalize_common()
2017-05-31 03:28:41,039: pmgr.launching.0    : MainProcess                     : MainThread     : DEBUG   : TERM : pmgr.launching.0 unregister publisher state_pubsub
2017-05-31 03:28:41,041: pmgr.launching.0    : MainProcess                     : MainThread     : DEBUG   : unregistered publisher state_pubsub
2017-05-31 03:28:41,041: pmgr.launching.0    : MainProcess                     : MainThread     : DEBUG   : TERM : pmgr.launching.0 unregister publisher control_pubsub
2017-05-31 03:28:41,042: pmgr.launching.0    : MainProcess                     : MainThread     : DEBUG   : unregistered publisher control_pubsub
2017-05-31 03:28:41,042: pmgr.launching.0    : MainProcess                     : MainThread     : DEBUG   : pmgr.launching.0 close prof
2017-05-31 03:28:41,042: pmgr.launching.0    : MainProcess                     : MainThread     : INFO    : parent stops child
2017-05-31 03:28:41,042: pmgr.launching.0    : MainProcess                     : MainThread     : DEBUG   : ru_finalize_parent (NOOP)
2017-05-31 03:28:41,042: pmgr.launching.0    : MainProcess                     : MainThread     : DEBUG   : ru_finalize_common (NOOP)
2017-05-31 03:28:41,128: pmgr.launching.0    : MainProcess                     : pmgr.launching.0.watch: INFO    : send message: work finished
2017-05-31 03:28:41,129: pmgr.launching.0    : MainProcess                     : pmgr.launching.0.watch: DEBUG   : ru_finalize_child (NOOP)
2017-05-31 03:28:41,129: pmgr.launching.0    : MainProcess                     : pmgr.launching.0.watch: DEBUG   : ru_finalize_common (NOOP)
2017-05-31 03:28:41,129: pmgr.launching.0    : MainProcess                     : pmgr.launching.0.watch: INFO    : send message: terminating
2017-05-31 03:28:41,257: pmgr.launching.0    : MainProcess                     : MainThread     : WARNING : failed to stop child - terminate
2017-05-31 03:28:44,108: pmgr.launching.0    : MainProcess                     : MainThread     : INFO    : radical.pilot        version: split-81-gf853cc9b@feature-bridges
2017-05-31 03:28:44,109: pmgr.launching.0    : MainProcess                     : MainThread     : DEBUG   : start process
2017-05-31 03:28:44,126: pmgr.launching.0    : pmgr.launching.0                : MainThread     : INFO    : child (me) initializing
2017-05-31 03:28:44,126: pmgr.launching.0    : pmgr.launching.0                : MainThread     : DEBUG   : start thread
2017-05-31 03:28:44,127: pmgr.launching.0    : pmgr.launching.0                : pmgr.launching.0.child.watch: INFO    : child (me) initializing
2017-05-31 03:28:44,127: pmgr.launching.0    : pmgr.launching.0                : pmgr.launching.0.child.watch: DEBUG   : ru_initialize_common (NOOP)
2017-05-31 03:28:44,128: pmgr.launching.0    : pmgr.launching.0                : pmgr.launching.0.child.watch: DEBUG   : ru_initialize_child (NOOP)
2017-05-31 03:28:44,128: pmgr.launching.0    : pmgr.launching.0                : pmgr.launching.0.child.watch: INFO    : send alive
2017-05-31 03:28:44,128: pmgr.launching.0    : pmgr.launching.0                : pmgr.launching.0.child.watch: INFO    : send message: alive
2017-05-31 03:28:44,128: pmgr.launching.0    : pmgr.launching.0                : MainThread     : INFO    : recv message: alive
2017-05-31 03:28:44,128: pmgr.launching.0    : pmgr.launching.0                : MainThread     : DEBUG   : ru_initialize_common (NOOP)
2017-05-31 03:28:44,129: pmgr.launching.0    : pmgr.launching.0                : MainThread     : DEBUG   : ru_initialize_parent (NOOP)
2017-05-31 03:28:44,129: pmgr.launching.0    : pmgr.launching.0                : MainThread     : DEBUG   : child thread pmgr.launching.0.child.watch started
2017-05-31 03:28:44,129: pmgr.launching.0    : pmgr.launching.0                : MainThread     : INFO    : child (me) is alive
2017-05-31 03:28:44,150: pmgr.launching.0    : pmgr.launching.0                : MainThread     : INFO    : send alive
2017-05-31 03:28:44,150: pmgr.launching.0    : pmgr.launching.0                : MainThread     : INFO    : send message: alive
2017-05-31 03:28:44,150: pmgr.launching.0    : MainProcess                     : MainThread     : INFO    : recv message: alive
2017-05-31 03:28:44,151: pmgr.launching.0    : MainProcess                     : MainThread     : DEBUG   : start thread
2017-05-31 03:28:44,151: pmgr.launching.0    : MainProcess                     : pmgr.launching.0.watch: INFO    : child (me) initializing
2017-05-31 03:28:44,151: pmgr.launching.0    : MainProcess                     : pmgr.launching.0.watch: DEBUG   : ru_initialize_common (NOOP)
2017-05-31 03:28:44,151: pmgr.launching.0    : MainProcess                     : pmgr.launching.0.watch: DEBUG   : ru_initialize_child (NOOP)
2017-05-31 03:28:44,151: pmgr.launching.0    : MainProcess                     : pmgr.launching.0.watch: INFO    : send alive
2017-05-31 03:28:44,151: pmgr.launching.0    : MainProcess                     : pmgr.launching.0.watch: INFO    : send message: alive
2017-05-31 03:28:44,152: pmgr.launching.0    : MainProcess                     : MainThread     : INFO    : recv message: alive
2017-05-31 03:28:44,152: pmgr.launching.0    : MainProcess                     : MainThread     : DEBUG   : ru_initialize_common (NOOP)
2017-05-31 03:28:44,152: pmgr.launching.0    : MainProcess                     : MainThread     : DEBUG   : ru_initialize_parent (NOOP)
2017-05-31 03:28:44,152: pmgr.launching.0    : MainProcess                     : MainThread     : DEBUG   : child thread pmgr.launching.0.watch started
2017-05-31 03:28:44,152: pmgr.launching.0    : MainProcess                     : MainThread     : INFO    : child is alive
2017-05-31 03:28:44,153: pmgr.launching.0    : MainProcess                     : MainThread     : INFO    : radical.pilot        version: split-81-gf853cc9b@feature-bridges
2017-05-31 03:28:44,160: pmgr.launching.0    : MainProcess                     : MainThread     : INFO    : initialize pmgr.launching.0
2017-05-31 03:28:44,163: pmgr.launching.0    : MainProcess                     : MainThread     : INFO    : cfg: {'agents': {},
 u'bridges': {u'control_pubsub': {'addr_in': 'tcp://138.201.86.166:33905',
                                  'addr_out': 'tcp://138.201.86.166:37241',
                                  u'bulk_size': 0,
                                  u'log_level': u'debug',
                                  u'stall_hwm': 1},
              u'log_pubsub': {'addr_in': 'tcp://138.201.86.166:33991',
                              'addr_out': 'tcp://138.201.86.166:34611',
                              u'bulk_size': 0,
                              u'log_level': u'debug',
                              u'stall_hwm': 1},
              u'pmgr_launching_queue': {'addr_in': 'tcp://138.201.86.166:36397',
                                        'addr_out': 'tcp://138.201.86.166:37766',
                                        u'bulk_size': 0,
                                        u'log_level': u'debug',
                                        u'stall_hwm': 1},
              u'state_pubsub': {'addr_in': 'tcp://138.201.86.166:34835',
                                'addr_out': 'tcp://138.201.86.166:45253',
                                u'bulk_size': 0,
                                u'log_level': u'debug',
                                u'stall_hwm': 1}},
 'cname': u'PMGRLaunchingComponent',
 u'components': {},
 u'count': 1,
 u'db_poll_sleeptime': 1.0,
 'number': 0,
 'owner': 'pmgr.0000',
 'uid': 'pmgr.0000'}
2017-05-31 03:28:44,163: pmgr.launching.0    : MainProcess                     : MainThread     : DEBUG   : START: pmgr.launching.0 register publisher log_pubsub
2017-05-31 03:28:44,163: pmgr.launching.0    : MainProcess                     : MainThread     : DEBUG   : using addr tcp://138.201.86.166:33991 for pubsub log_pubsub
2017-05-31 03:28:44,164: pmgr.launching.0    : MainProcess                     : MainThread     : DEBUG   : registered publisher : log_pubsub : log.pubsub.pub
2017-05-31 03:28:44,164: pmgr.launching.0    : MainProcess                     : MainThread     : DEBUG   : START: pmgr.launching.0 register publisher state_pubsub
2017-05-31 03:28:44,165: pmgr.launching.0    : MainProcess                     : MainThread     : DEBUG   : using addr tcp://138.201.86.166:34835 for pubsub state_pubsub
2017-05-31 03:28:44,165: pmgr.launching.0    : MainProcess                     : MainThread     : DEBUG   : registered publisher : state_pubsub : state.pubsub.pub
2017-05-31 03:28:44,166: pmgr.launching.0    : MainProcess                     : MainThread     : DEBUG   : START: pmgr.launching.0 register publisher control_pubsub
2017-05-31 03:28:44,166: pmgr.launching.0    : MainProcess                     : MainThread     : DEBUG   : using addr tcp://138.201.86.166:33905 for pubsub control_pubsub
2017-05-31 03:28:44,167: pmgr.launching.0    : MainProcess                     : MainThread     : DEBUG   : registered publisher : control_pubsub : control.pubsub.pub
2017-05-31 03:28:44,168: pmgr.launching.0    : MainProcess                     : MainThread     : DEBUG   : child process started
2017-05-31 03:36:42,758: pmgr.launching.0    : MainProcess                     : MainThread     : DEBUG   : stop pmgr.launching.0 (27015 : 7412 : MainThread) [radical.pilot.pilot_manager.PilotManager.finalize_parent]
2017-05-31 03:36:42,758: pmgr.launching.0    : MainProcess                     : MainThread     : INFO    : parent stops child
2017-05-31 03:36:42,759: pmgr.launching.0    : MainProcess                     : MainThread     : DEBUG   : ru_finalize_common()
2017-05-31 03:36:42,759: pmgr.launching.0    : MainProcess                     : MainThread     : DEBUG   : TERM : pmgr.launching.0 unregister publisher state_pubsub
2017-05-31 03:36:42,760: pmgr.launching.0    : MainProcess                     : MainThread     : DEBUG   : unregistered publisher state_pubsub
2017-05-31 03:36:42,760: pmgr.launching.0    : MainProcess                     : MainThread     : DEBUG   : TERM : pmgr.launching.0 unregister publisher control_pubsub
2017-05-31 03:36:42,761: pmgr.launching.0    : MainProcess                     : MainThread     : DEBUG   : unregistered publisher control_pubsub
2017-05-31 03:36:42,761: pmgr.launching.0    : MainProcess                     : MainThread     : DEBUG   : pmgr.launching.0 close prof
2017-05-31 03:36:42,761: pmgr.launching.0    : MainProcess                     : MainThread     : INFO    : parent stops child
2017-05-31 03:36:42,762: pmgr.launching.0    : MainProcess                     : MainThread     : DEBUG   : ru_finalize_parent (NOOP)
2017-05-31 03:36:42,762: pmgr.launching.0    : MainProcess                     : MainThread     : DEBUG   : ru_finalize_common (NOOP)
2017-05-31 03:36:42,808: pmgr.launching.0    : MainProcess                     : pmgr.launching.0.watch: INFO    : send message: work finished
2017-05-31 03:36:42,808: pmgr.launching.0    : MainProcess                     : pmgr.launching.0.watch: DEBUG   : ru_finalize_child (NOOP)
2017-05-31 03:36:42,809: pmgr.launching.0    : MainProcess                     : pmgr.launching.0.watch: DEBUG   : ru_finalize_common (NOOP)
2017-05-31 03:36:42,809: pmgr.launching.0    : MainProcess                     : pmgr.launching.0.watch: INFO    : send message: terminating
2017-05-31 03:36:42,926: pmgr.launching.0    : MainProcess                     : MainThread     : WARNING : failed to stop child - terminate
2017-05-31 03:36:45,766: pmgr.launching.0    : MainProcess                     : MainThread     : INFO    : radical.pilot        version: split-81-gf853cc9b@feature-bridges
2017-05-31 03:36:45,766: pmgr.launching.0    : MainProcess                     : MainThread     : DEBUG   : start process
2017-05-31 03:36:45,785: pmgr.launching.0    : pmgr.launching.0                : MainThread     : INFO    : child (me) initializing
2017-05-31 03:36:45,786: pmgr.launching.0    : pmgr.launching.0                : MainThread     : DEBUG   : start thread
2017-05-31 03:36:45,787: pmgr.launching.0    : pmgr.launching.0                : pmgr.launching.0.child.watch: INFO    : child (me) initializing
2017-05-31 03:36:45,787: pmgr.launching.0    : pmgr.launching.0                : pmgr.launching.0.child.watch: DEBUG   : ru_initialize_common (NOOP)
2017-05-31 03:36:45,787: pmgr.launching.0    : pmgr.launching.0                : pmgr.launching.0.child.watch: DEBUG   : ru_initialize_child (NOOP)
2017-05-31 03:36:45,788: pmgr.launching.0    : pmgr.launching.0                : pmgr.launching.0.child.watch: INFO    : send alive
2017-05-31 03:36:45,788: pmgr.launching.0    : pmgr.launching.0                : pmgr.launching.0.child.watch: INFO    : send message: alive
2017-05-31 03:36:45,789: pmgr.launching.0    : pmgr.launching.0                : MainThread     : INFO    : recv message: alive
2017-05-31 03:36:45,789: pmgr.launching.0    : pmgr.launching.0                : MainThread     : DEBUG   : ru_initialize_common (NOOP)
2017-05-31 03:36:45,789: pmgr.launching.0    : pmgr.launching.0                : MainThread     : DEBUG   : ru_initialize_parent (NOOP)
2017-05-31 03:36:45,789: pmgr.launching.0    : pmgr.launching.0                : MainThread     : DEBUG   : child thread pmgr.launching.0.child.watch started
2017-05-31 03:36:45,789: pmgr.launching.0    : pmgr.launching.0                : MainThread     : INFO    : child (me) is alive
2017-05-31 03:36:45,823: pmgr.launching.0    : pmgr.launching.0                : MainThread     : INFO    : send alive
2017-05-31 03:36:45,823: pmgr.launching.0    : pmgr.launching.0                : MainThread     : INFO    : send message: alive
2017-05-31 03:36:45,823: pmgr.launching.0    : MainProcess                     : MainThread     : INFO    : recv message: alive
2017-05-31 03:36:45,824: pmgr.launching.0    : MainProcess                     : MainThread     : DEBUG   : start thread
2017-05-31 03:36:45,825: pmgr.launching.0    : MainProcess                     : pmgr.launching.0.watch: INFO    : child (me) initializing
2017-05-31 03:36:45,825: pmgr.launching.0    : MainProcess                     : pmgr.launching.0.watch: DEBUG   : ru_initialize_common (NOOP)
2017-05-31 03:36:45,825: pmgr.launching.0    : MainProcess                     : pmgr.launching.0.watch: DEBUG   : ru_initialize_child (NOOP)
2017-05-31 03:36:45,825: pmgr.launching.0    : MainProcess                     : pmgr.launching.0.watch: INFO    : send alive
2017-05-31 03:36:45,826: pmgr.launching.0    : MainProcess                     : pmgr.launching.0.watch: INFO    : send message: alive
2017-05-31 03:36:45,826: pmgr.launching.0    : MainProcess                     : MainThread     : INFO    : recv message: alive
2017-05-31 03:36:45,826: pmgr.launching.0    : MainProcess                     : MainThread     : DEBUG   : ru_initialize_common (NOOP)
2017-05-31 03:36:45,826: pmgr.launching.0    : MainProcess                     : MainThread     : DEBUG   : ru_initialize_parent (NOOP)
2017-05-31 03:36:45,826: pmgr.launching.0    : MainProcess                     : MainThread     : DEBUG   : child thread pmgr.launching.0.watch started
2017-05-31 03:36:45,827: pmgr.launching.0    : MainProcess                     : MainThread     : INFO    : child is alive
2017-05-31 03:36:45,827: pmgr.launching.0    : MainProcess                     : MainThread     : INFO    : radical.pilot        version: split-81-gf853cc9b@feature-bridges
2017-05-31 03:36:45,830: pmgr.launching.0    : MainProcess                     : MainThread     : INFO    : initialize pmgr.launching.0
2017-05-31 03:36:45,834: pmgr.launching.0    : MainProcess                     : MainThread     : INFO    : cfg: {'agents': {},
 u'bridges': {u'control_pubsub': {'addr_in': 'tcp://138.201.86.166:33790',
                                  'addr_out': 'tcp://138.201.86.166:34962',
                                  u'bulk_size': 0,
                                  u'log_level': u'debug',
                                  u'stall_hwm': 1},
              u'log_pubsub': {'addr_in': 'tcp://138.201.86.166:43753',
                              'addr_out': 'tcp://138.201.86.166:46493',
                              u'bulk_size': 0,
                              u'log_level': u'debug',
                              u'stall_hwm': 1},
              u'pmgr_launching_queue': {'addr_in': 'tcp://138.201.86.166:45129',
                                        'addr_out': 'tcp://138.201.86.166:37231',
                                        u'bulk_size': 0,
                                        u'log_level': u'debug',
                                        u'stall_hwm': 1},
              u'state_pubsub': {'addr_in': 'tcp://138.201.86.166:39607',
                                'addr_out': 'tcp://138.201.86.166:45158',
                                u'bulk_size': 0,
                                u'log_level': u'debug',
                                u'stall_hwm': 1}},
 'cname': u'PMGRLaunchingComponent',
 u'components': {},
 u'count': 1,
 u'db_poll_sleeptime': 1.0,
 'number': 0,
 'owner': 'pmgr.0000',
 'uid': 'pmgr.0000'}
2017-05-31 03:36:45,834: pmgr.launching.0    : MainProcess                     : MainThread     : DEBUG   : START: pmgr.launching.0 register publisher log_pubsub
2017-05-31 03:36:45,834: pmgr.launching.0    : MainProcess                     : MainThread     : DEBUG   : using addr tcp://138.201.86.166:43753 for pubsub log_pubsub
2017-05-31 03:36:45,836: pmgr.launching.0    : MainProcess                     : MainThread     : DEBUG   : registered publisher : log_pubsub : log.pubsub.pub
2017-05-31 03:36:45,836: pmgr.launching.0    : MainProcess                     : MainThread     : DEBUG   : START: pmgr.launching.0 register publisher state_pubsub
2017-05-31 03:36:45,836: pmgr.launching.0    : MainProcess                     : MainThread     : DEBUG   : using addr tcp://138.201.86.166:39607 for pubsub state_pubsub
2017-05-31 03:36:45,838: pmgr.launching.0    : MainProcess                     : MainThread     : DEBUG   : registered publisher : state_pubsub : state.pubsub.pub
2017-05-31 03:36:45,838: pmgr.launching.0    : MainProcess                     : MainThread     : DEBUG   : START: pmgr.launching.0 register publisher control_pubsub
2017-05-31 03:36:45,838: pmgr.launching.0    : MainProcess                     : MainThread     : DEBUG   : using addr tcp://138.201.86.166:33790 for pubsub control_pubsub
2017-05-31 03:36:45,839: pmgr.launching.0    : MainProcess                     : MainThread     : DEBUG   : registered publisher : control_pubsub : control.pubsub.pub
2017-05-31 03:36:45,839: pmgr.launching.0    : MainProcess                     : MainThread     : DEBUG   : child process started
2017-05-31 03:44:27,759: pmgr.launching.0    : MainProcess                     : MainThread     : DEBUG   : stop pmgr.launching.0 (27015 : 9638 : MainThread) [radical.pilot.pilot_manager.PilotManager.finalize_parent]
2017-05-31 03:44:27,759: pmgr.launching.0    : MainProcess                     : MainThread     : INFO    : parent stops child
2017-05-31 03:44:27,759: pmgr.launching.0    : MainProcess                     : MainThread     : DEBUG   : ru_finalize_common()
2017-05-31 03:44:27,760: pmgr.launching.0    : MainProcess                     : MainThread     : DEBUG   : TERM : pmgr.launching.0 unregister publisher state_pubsub
2017-05-31 03:44:27,761: pmgr.launching.0    : MainProcess                     : MainThread     : DEBUG   : unregistered publisher state_pubsub
2017-05-31 03:44:27,761: pmgr.launching.0    : MainProcess                     : MainThread     : DEBUG   : TERM : pmgr.launching.0 unregister publisher control_pubsub
2017-05-31 03:44:27,762: pmgr.launching.0    : MainProcess                     : MainThread     : DEBUG   : unregistered publisher control_pubsub
2017-05-31 03:44:27,762: pmgr.launching.0    : MainProcess                     : MainThread     : DEBUG   : pmgr.launching.0 close prof
2017-05-31 03:44:27,763: pmgr.launching.0    : MainProcess                     : MainThread     : INFO    : parent stops child
2017-05-31 03:44:27,763: pmgr.launching.0    : MainProcess                     : MainThread     : DEBUG   : ru_finalize_parent (NOOP)
2017-05-31 03:44:27,763: pmgr.launching.0    : MainProcess                     : MainThread     : DEBUG   : ru_finalize_common (NOOP)
2017-05-31 03:44:27,823: pmgr.launching.0    : MainProcess                     : pmgr.launching.0.watch: INFO    : send message: work finished
2017-05-31 03:44:27,824: pmgr.launching.0    : MainProcess                     : pmgr.launching.0.watch: DEBUG   : ru_finalize_child (NOOP)
2017-05-31 03:44:27,824: pmgr.launching.0    : MainProcess                     : pmgr.launching.0.watch: DEBUG   : ru_finalize_common (NOOP)
2017-05-31 03:44:27,824: pmgr.launching.0    : MainProcess                     : pmgr.launching.0.watch: INFO    : send message: terminating
2017-05-31 03:44:27,927: pmgr.launching.0    : MainProcess                     : MainThread     : WARNING : failed to stop child - terminate
2017-05-31 03:44:30,716: pmgr.launching.0    : MainProcess                     : MainThread     : INFO    : radical.pilot        version: split-81-gf853cc9b@feature-bridges
2017-05-31 03:44:30,717: pmgr.launching.0    : MainProcess                     : MainThread     : DEBUG   : start process
2017-05-31 03:44:30,739: pmgr.launching.0    : pmgr.launching.0                : MainThread     : INFO    : child (me) initializing
2017-05-31 03:44:30,740: pmgr.launching.0    : pmgr.launching.0                : MainThread     : DEBUG   : start thread
2017-05-31 03:44:30,740: pmgr.launching.0    : pmgr.launching.0                : pmgr.launching.0.child.watch: INFO    : child (me) initializing
2017-05-31 03:44:30,740: pmgr.launching.0    : pmgr.launching.0                : pmgr.launching.0.child.watch: DEBUG   : ru_initialize_common (NOOP)
2017-05-31 03:44:30,740: pmgr.launching.0    : pmgr.launching.0                : pmgr.launching.0.child.watch: DEBUG   : ru_initialize_child (NOOP)
2017-05-31 03:44:30,741: pmgr.launching.0    : pmgr.launching.0                : pmgr.launching.0.child.watch: INFO    : send alive
2017-05-31 03:44:30,741: pmgr.launching.0    : pmgr.launching.0                : pmgr.launching.0.child.watch: INFO    : send message: alive
2017-05-31 03:44:30,742: pmgr.launching.0    : pmgr.launching.0                : MainThread     : INFO    : recv message: alive
2017-05-31 03:44:30,742: pmgr.launching.0    : pmgr.launching.0                : MainThread     : DEBUG   : ru_initialize_common (NOOP)
2017-05-31 03:44:30,742: pmgr.launching.0    : pmgr.launching.0                : MainThread     : DEBUG   : ru_initialize_parent (NOOP)
2017-05-31 03:44:30,742: pmgr.launching.0    : pmgr.launching.0                : MainThread     : DEBUG   : child thread pmgr.launching.0.child.watch started
2017-05-31 03:44:30,743: pmgr.launching.0    : pmgr.launching.0                : MainThread     : INFO    : child (me) is alive
2017-05-31 03:44:30,773: pmgr.launching.0    : pmgr.launching.0                : MainThread     : INFO    : send alive
2017-05-31 03:44:30,773: pmgr.launching.0    : pmgr.launching.0                : MainThread     : INFO    : send message: alive
2017-05-31 03:44:30,773: pmgr.launching.0    : MainProcess                     : MainThread     : INFO    : recv message: alive
2017-05-31 03:44:30,774: pmgr.launching.0    : MainProcess                     : MainThread     : DEBUG   : start thread
2017-05-31 03:44:30,774: pmgr.launching.0    : MainProcess                     : pmgr.launching.0.watch: INFO    : child (me) initializing
2017-05-31 03:44:30,774: pmgr.launching.0    : MainProcess                     : pmgr.launching.0.watch: DEBUG   : ru_initialize_common (NOOP)
2017-05-31 03:44:30,774: pmgr.launching.0    : MainProcess                     : pmgr.launching.0.watch: DEBUG   : ru_initialize_child (NOOP)
2017-05-31 03:44:30,774: pmgr.launching.0    : MainProcess                     : pmgr.launching.0.watch: INFO    : send alive
2017-05-31 03:44:30,774: pmgr.launching.0    : MainProcess                     : pmgr.launching.0.watch: INFO    : send message: alive
2017-05-31 03:44:30,775: pmgr.launching.0    : MainProcess                     : MainThread     : INFO    : recv message: alive
2017-05-31 03:44:30,775: pmgr.launching.0    : MainProcess                     : MainThread     : DEBUG   : ru_initialize_common (NOOP)
2017-05-31 03:44:30,775: pmgr.launching.0    : MainProcess                     : MainThread     : DEBUG   : ru_initialize_parent (NOOP)
2017-05-31 03:44:30,775: pmgr.launching.0    : MainProcess                     : MainThread     : DEBUG   : child thread pmgr.launching.0.watch started
2017-05-31 03:44:30,775: pmgr.launching.0    : MainProcess                     : MainThread     : INFO    : child is alive
2017-05-31 03:44:30,775: pmgr.launching.0    : MainProcess                     : MainThread     : INFO    : radical.pilot        version: split-81-gf853cc9b@feature-bridges
2017-05-31 03:44:30,799: pmgr.launching.0    : MainProcess                     : MainThread     : INFO    : initialize pmgr.launching.0
2017-05-31 03:44:30,800: pmgr.launching.0    : MainProcess                     : MainThread     : INFO    : cfg: {'agents': {},
 u'bridges': {u'control_pubsub': {'addr_in': 'tcp://138.201.86.166:41596',
                                  'addr_out': 'tcp://138.201.86.166:36393',
                                  u'bulk_size': 0,
                                  u'log_level': u'debug',
                                  u'stall_hwm': 1},
              u'log_pubsub': {'addr_in': 'tcp://138.201.86.166:45550',
                              'addr_out': 'tcp://138.201.86.166:46436',
                              u'bulk_size': 0,
                              u'log_level': u'debug',
                              u'stall_hwm': 1},
              u'pmgr_launching_queue': {'addr_in': 'tcp://138.201.86.166:40125',
                                        'addr_out': 'tcp://138.201.86.166:41347',
                                        u'bulk_size': 0,
                                        u'log_level': u'debug',
                                        u'stall_hwm': 1},
              u'state_pubsub': {'addr_in': 'tcp://138.201.86.166:37202',
                                'addr_out': 'tcp://138.201.86.166:42202',
                                u'bulk_size': 0,
                                u'log_level': u'debug',
                                u'stall_hwm': 1}},
 'cname': u'PMGRLaunchingComponent',
 u'components': {},
 u'count': 1,
 u'db_poll_sleeptime': 1.0,
 'number': 0,
 'owner': 'pmgr.0000',
 'uid': 'pmgr.0000'}
2017-05-31 03:44:30,800: pmgr.launching.0    : MainProcess                     : MainThread     : DEBUG   : START: pmgr.launching.0 register publisher log_pubsub
2017-05-31 03:44:30,801: pmgr.launching.0    : MainProcess                     : MainThread     : DEBUG   : using addr tcp://138.201.86.166:45550 for pubsub log_pubsub
2017-05-31 03:44:30,801: pmgr.launching.0    : MainProcess                     : MainThread     : DEBUG   : registered publisher : log_pubsub : log.pubsub.pub
2017-05-31 03:44:30,801: pmgr.launching.0    : MainProcess                     : MainThread     : DEBUG   : START: pmgr.launching.0 register publisher state_pubsub
2017-05-31 03:44:30,801: pmgr.launching.0    : MainProcess                     : MainThread     : DEBUG   : using addr tcp://138.201.86.166:37202 for pubsub state_pubsub
2017-05-31 03:44:30,802: pmgr.launching.0    : MainProcess                     : MainThread     : DEBUG   : registered publisher : state_pubsub : state.pubsub.pub
2017-05-31 03:44:30,802: pmgr.launching.0    : MainProcess                     : MainThread     : DEBUG   : START: pmgr.launching.0 register publisher control_pubsub
2017-05-31 03:44:30,802: pmgr.launching.0    : MainProcess                     : MainThread     : DEBUG   : using addr tcp://138.201.86.166:41596 for pubsub control_pubsub
2017-05-31 03:44:30,803: pmgr.launching.0    : MainProcess                     : MainThread     : DEBUG   : registered publisher : control_pubsub : control.pubsub.pub
2017-05-31 03:44:30,803: pmgr.launching.0    : MainProcess                     : MainThread     : DEBUG   : child process started
2017-05-31 03:44:45,153: pmgr.launching.0    : MainProcess                     : MainThread     : DEBUG   : stop pmgr.launching.0 (27015 : 11803 : MainThread) [radical.pilot.pilot_manager.PilotManager.finalize_parent]
2017-05-31 03:44:45,153: pmgr.launching.0    : MainProcess                     : MainThread     : INFO    : parent stops child
2017-05-31 03:44:45,153: pmgr.launching.0    : MainProcess                     : MainThread     : DEBUG   : ru_finalize_common()
2017-05-31 03:44:45,154: pmgr.launching.0    : MainProcess                     : MainThread     : DEBUG   : TERM : pmgr.launching.0 unregister publisher state_pubsub
2017-05-31 03:44:45,155: pmgr.launching.0    : MainProcess                     : MainThread     : DEBUG   : unregistered publisher state_pubsub
2017-05-31 03:44:45,155: pmgr.launching.0    : MainProcess                     : MainThread     : DEBUG   : TERM : pmgr.launching.0 unregister publisher control_pubsub
2017-05-31 03:44:45,156: pmgr.launching.0    : MainProcess                     : MainThread     : DEBUG   : unregistered publisher control_pubsub
2017-05-31 03:44:45,156: pmgr.launching.0    : MainProcess                     : MainThread     : DEBUG   : pmgr.launching.0 close prof
2017-05-31 03:44:45,156: pmgr.launching.0    : MainProcess                     : MainThread     : INFO    : parent stops child
2017-05-31 03:44:45,157: pmgr.launching.0    : MainProcess                     : MainThread     : DEBUG   : ru_finalize_parent (NOOP)
2017-05-31 03:44:45,157: pmgr.launching.0    : MainProcess                     : MainThread     : DEBUG   : ru_finalize_common (NOOP)
2017-05-31 03:44:45,211: pmgr.launching.0    : MainProcess                     : pmgr.launching.0.watch: INFO    : send message: work finished
2017-05-31 03:44:45,212: pmgr.launching.0    : MainProcess                     : pmgr.launching.0.watch: DEBUG   : ru_finalize_child (NOOP)
2017-05-31 03:44:45,212: pmgr.launching.0    : MainProcess                     : pmgr.launching.0.watch: DEBUG   : ru_finalize_common (NOOP)
2017-05-31 03:44:45,212: pmgr.launching.0    : MainProcess                     : pmgr.launching.0.watch: INFO    : send message: terminating
2017-05-31 03:44:45,304: pmgr.launching.0    : pmgr.launching.0                : pmgr.launching.0.child.watch: WARNING : endpoint disappeard
2017-05-31 03:44:45,305: pmgr.launching.0    : pmgr.launching.0                : pmgr.launching.0.child.watch: WARNING : watcher failed
2017-05-31 03:44:45,305: pmgr.launching.0    : pmgr.launching.0                : pmgr.launching.0.child.watch: INFO    : send message: work finished
2017-05-31 03:44:45,306: pmgr.launching.0    : pmgr.launching.0                : pmgr.launching.0.child.watch: DEBUG   : ru_finalize_child (NOOP)
2017-05-31 03:44:45,306: pmgr.launching.0    : pmgr.launching.0                : pmgr.launching.0.child.watch: DEBUG   : ru_finalize_common (NOOP)
2017-05-31 03:44:45,306: pmgr.launching.0    : pmgr.launching.0                : pmgr.launching.0.child.watch: INFO    : send message: terminating
2017-05-31 03:44:45,321: pmgr.launching.0    : MainProcess                     : MainThread     : WARNING : failed to stop child - terminate
2017-05-31 03:44:48,137: pmgr.launching.0    : MainProcess                     : MainThread     : INFO    : radical.pilot        version: split-81-gf853cc9b@feature-bridges
2017-05-31 03:44:48,137: pmgr.launching.0    : MainProcess                     : MainThread     : DEBUG   : start process
2017-05-31 03:44:48,162: pmgr.launching.0    : pmgr.launching.0                : MainThread     : INFO    : child (me) initializing
2017-05-31 03:44:48,163: pmgr.launching.0    : pmgr.launching.0                : MainThread     : DEBUG   : start thread
2017-05-31 03:44:48,163: pmgr.launching.0    : pmgr.launching.0                : pmgr.launching.0.child.watch: INFO    : child (me) initializing
2017-05-31 03:44:48,163: pmgr.launching.0    : pmgr.launching.0                : pmgr.launching.0.child.watch: DEBUG   : ru_initialize_common (NOOP)
2017-05-31 03:44:48,164: pmgr.launching.0    : pmgr.launching.0                : pmgr.launching.0.child.watch: DEBUG   : ru_initialize_child (NOOP)
2017-05-31 03:44:48,164: pmgr.launching.0    : pmgr.launching.0                : pmgr.launching.0.child.watch: INFO    : send alive
2017-05-31 03:44:48,164: pmgr.launching.0    : pmgr.launching.0                : pmgr.launching.0.child.watch: INFO    : send message: alive
2017-05-31 03:44:48,165: pmgr.launching.0    : pmgr.launching.0                : MainThread     : INFO    : recv message: alive
2017-05-31 03:44:48,165: pmgr.launching.0    : pmgr.launching.0                : MainThread     : DEBUG   : ru_initialize_common (NOOP)
2017-05-31 03:44:48,165: pmgr.launching.0    : pmgr.launching.0                : MainThread     : DEBUG   : ru_initialize_parent (NOOP)
2017-05-31 03:44:48,165: pmgr.launching.0    : pmgr.launching.0                : MainThread     : DEBUG   : child thread pmgr.launching.0.child.watch started
2017-05-31 03:44:48,165: pmgr.launching.0    : pmgr.launching.0                : MainThread     : INFO    : child (me) is alive
2017-05-31 03:44:48,195: pmgr.launching.0    : MainProcess                     : MainThread     : INFO    : recv message: 
2017-05-31 03:44:48,196: pmgr.launching.0    : MainProcess                     : MainThread     : INFO    : recv message: 
2017-05-31 03:44:48,196: pmgr.launching.0    : MainProcess                     : MainThread     : ERROR   : initialization failed
Traceback (most recent call last):
  File "/home/mingtha/ve/ve.rp_add_res_cfg/local/lib/python2.7/site-packages/radical/utils/process.py", line 438, in start
    timeout))
RuntimeError: unexpected child message () [5.0]
2017-05-31 03:44:48,199: pmgr.launching.0    : MainProcess                     : MainThread     : DEBUG   : stop pmgr.launching.0 (27015 : 12034 : MainThread) [radical.utils.process.Default.start]
2017-05-31 03:44:48,199: pmgr.launching.0    : MainProcess                     : MainThread     : INFO    : parent stops child
2017-05-31 03:44:48,199: pmgr.launching.0    : MainProcess                     : MainThread     : DEBUG   : ru_finalize_common()
2017-05-31 03:44:48,199: pmgr.launching.0    : MainProcess                     : MainThread     : WARNING : publisher state_pubsub is not registered
2017-05-31 03:44:48,200: pmgr.launching.0    : MainProcess                     : MainThread     : WARNING : publisher control_pubsub is not registered
2017-05-31 03:44:48,200: pmgr.launching.0    : MainProcess                     : MainThread     : DEBUG   : pmgr.launching.0 close prof
