2017-05-31 02:40:29,087: state.pubsub.bridge : MainProcess                     : MainThread     : INFO    : python.interpreter   version: 2.7.12 (default, Nov 19 2016, 06:48:10) [GCC 5.4.0 20160609]
2017-05-31 02:40:29,087: state.pubsub.bridge : MainProcess                     : MainThread     : INFO    :                      pid: 27015
2017-05-31 02:40:29,087: state.pubsub.bridge : MainProcess                     : MainThread     : INFO    :                      tid: MainThread
2017-05-31 02:40:29,088: state.pubsub.bridge : MainProcess                     : MainThread     : INFO    : radical.pilot        version: split-81-gf853cc9b@feature-bridges
2017-05-31 02:40:29,088: state.pubsub.bridge : MainProcess                     : MainThread     : INFO    : create state_pubsub - bridge - tcp://*:*
2017-05-31 02:40:29,088: state.pubsub.bridge : MainProcess                     : MainThread     : DEBUG   : start process
2017-05-31 02:40:29,091: state.pubsub.bridge : state.pubsub.bridge             : MainThread     : INFO    : child (me) initializing
2017-05-31 02:40:29,091: state.pubsub.bridge : state.pubsub.bridge             : MainThread     : DEBUG   : start thread
2017-05-31 02:40:29,092: state.pubsub.bridge : state.pubsub.bridge             : state.pubsub.bridge.child.watch: INFO    : child (me) initializing
2017-05-31 02:40:29,092: state.pubsub.bridge : state.pubsub.bridge             : state.pubsub.bridge.child.watch: DEBUG   : ru_initialize_common (NOOP)
2017-05-31 02:40:29,092: state.pubsub.bridge : state.pubsub.bridge             : state.pubsub.bridge.child.watch: DEBUG   : ru_initialize_child (NOOP)
2017-05-31 02:40:29,092: state.pubsub.bridge : state.pubsub.bridge             : state.pubsub.bridge.child.watch: INFO    : send alive
2017-05-31 02:40:29,092: state.pubsub.bridge : state.pubsub.bridge             : state.pubsub.bridge.child.watch: INFO    : send message: alive
2017-05-31 02:40:29,093: state.pubsub.bridge : state.pubsub.bridge             : MainThread     : INFO    : recv message: alive
2017-05-31 02:40:29,093: state.pubsub.bridge : state.pubsub.bridge             : MainThread     : DEBUG   : ru_initialize_common (NOOP)
2017-05-31 02:40:29,093: state.pubsub.bridge : state.pubsub.bridge             : MainThread     : DEBUG   : ru_initialize_parent (NOOP)
2017-05-31 02:40:29,093: state.pubsub.bridge : state.pubsub.bridge             : MainThread     : DEBUG   : child thread state.pubsub.bridge.child.watch started
2017-05-31 02:40:29,094: state.pubsub.bridge : state.pubsub.bridge             : MainThread     : INFO    : child (me) is alive
2017-05-31 02:40:29,094: state.pubsub.bridge : state.pubsub.bridge             : MainThread     : DEBUG   : ru_initialize_common (NOOP)
2017-05-31 02:40:29,096: state.pubsub.bridge : state.pubsub.bridge.child       : MainThread     : INFO    : send alive
2017-05-31 02:40:29,096: state.pubsub.bridge : state.pubsub.bridge.child       : MainThread     : INFO    : send message: alive
2017-05-31 02:40:29,096: state.pubsub.bridge : MainProcess                     : MainThread     : INFO    : recv message: alive
2017-05-31 02:40:29,097: state.pubsub.bridge : MainProcess                     : MainThread     : DEBUG   : start thread
2017-05-31 02:40:29,097: state.pubsub.bridge : MainProcess                     : state.pubsub.bridge.watch: INFO    : child (me) initializing
2017-05-31 02:40:29,097: state.pubsub.bridge : MainProcess                     : state.pubsub.bridge.watch: DEBUG   : ru_initialize_common (NOOP)
2017-05-31 02:40:29,098: state.pubsub.bridge : MainProcess                     : state.pubsub.bridge.watch: DEBUG   : ru_initialize_child (NOOP)
2017-05-31 02:40:29,098: state.pubsub.bridge : MainProcess                     : state.pubsub.bridge.watch: INFO    : send alive
2017-05-31 02:40:29,098: state.pubsub.bridge : MainProcess                     : state.pubsub.bridge.watch: INFO    : send message: alive
2017-05-31 02:40:29,099: state.pubsub.bridge : MainProcess                     : MainThread     : INFO    : recv message: alive
2017-05-31 02:40:29,099: state.pubsub.bridge : MainProcess                     : MainThread     : DEBUG   : ru_initialize_common (NOOP)
2017-05-31 02:40:29,099: state.pubsub.bridge : MainProcess                     : MainThread     : DEBUG   : ru_initialize_parent (NOOP)
2017-05-31 02:40:29,099: state.pubsub.bridge : MainProcess                     : MainThread     : DEBUG   : child thread state.pubsub.bridge.watch started
2017-05-31 02:40:29,099: state.pubsub.bridge : MainProcess                     : MainThread     : INFO    : child is alive
2017-05-31 02:40:29,099: state.pubsub.bridge : MainProcess                     : MainThread     : DEBUG   : ru_initialize_common (NOOP)
2017-05-31 02:40:29,099: state.pubsub.bridge : MainProcess                     : MainThread     : DEBUG   : ru_initialize_parent (NOOP)
2017-05-31 02:40:29,099: state.pubsub.bridge : MainProcess                     : MainThread     : DEBUG   : child process started
2017-05-31 03:21:08,662: state.pubsub.bridge : MainProcess                     : MainThread     : INFO    : parent stops child
2017-05-31 03:21:08,662: state.pubsub.bridge : MainProcess                     : MainThread     : DEBUG   : ru_finalize_parent (NOOP)
2017-05-31 03:21:08,662: state.pubsub.bridge : MainProcess                     : MainThread     : DEBUG   : ru_finalize_common (NOOP)
2017-05-31 03:21:08,662: state.pubsub.bridge : MainProcess                     : MainThread     : INFO    : parent stops child
2017-05-31 03:21:08,663: state.pubsub.bridge : MainProcess                     : MainThread     : DEBUG   : ru_finalize_parent (NOOP)
2017-05-31 03:21:08,663: state.pubsub.bridge : MainProcess                     : MainThread     : DEBUG   : ru_finalize_common (NOOP)
2017-05-31 03:21:08,709: state.pubsub.bridge : MainProcess                     : state.pubsub.bridge.watch: INFO    : send message: work finished
2017-05-31 03:21:08,710: state.pubsub.bridge : MainProcess                     : state.pubsub.bridge.watch: DEBUG   : ru_finalize_child (NOOP)
2017-05-31 03:21:08,710: state.pubsub.bridge : MainProcess                     : state.pubsub.bridge.watch: DEBUG   : ru_finalize_common (NOOP)
2017-05-31 03:21:08,710: state.pubsub.bridge : MainProcess                     : state.pubsub.bridge.watch: INFO    : send message: terminating
2017-05-31 03:21:08,827: state.pubsub.bridge : MainProcess                     : MainThread     : WARNING : failed to stop child - terminate
2017-05-31 03:21:10,237: state.pubsub.bridge : MainProcess                     : MainThread     : INFO    : radical.pilot        version: split-81-gf853cc9b@feature-bridges
2017-05-31 03:21:10,237: state.pubsub.bridge : MainProcess                     : MainThread     : INFO    : create state_pubsub - bridge - tcp://*:*
2017-05-31 03:21:10,238: state.pubsub.bridge : MainProcess                     : MainThread     : DEBUG   : start process
2017-05-31 03:21:10,243: state.pubsub.bridge : state.pubsub.bridge             : MainThread     : INFO    : child (me) initializing
2017-05-31 03:21:10,243: state.pubsub.bridge : state.pubsub.bridge             : MainThread     : DEBUG   : start thread
2017-05-31 03:21:10,243: state.pubsub.bridge : state.pubsub.bridge             : state.pubsub.bridge.child.watch: INFO    : child (me) initializing
2017-05-31 03:21:10,243: state.pubsub.bridge : state.pubsub.bridge             : state.pubsub.bridge.child.watch: DEBUG   : ru_initialize_common (NOOP)
2017-05-31 03:21:10,244: state.pubsub.bridge : state.pubsub.bridge             : state.pubsub.bridge.child.watch: DEBUG   : ru_initialize_child (NOOP)
2017-05-31 03:21:10,244: state.pubsub.bridge : state.pubsub.bridge             : state.pubsub.bridge.child.watch: INFO    : send alive
2017-05-31 03:21:10,244: state.pubsub.bridge : state.pubsub.bridge             : state.pubsub.bridge.child.watch: INFO    : send message: alive
2017-05-31 03:21:10,245: state.pubsub.bridge : state.pubsub.bridge             : MainThread     : INFO    : recv message: alive
2017-05-31 03:21:10,245: state.pubsub.bridge : state.pubsub.bridge             : MainThread     : DEBUG   : ru_initialize_common (NOOP)
2017-05-31 03:21:10,245: state.pubsub.bridge : state.pubsub.bridge             : MainThread     : DEBUG   : ru_initialize_parent (NOOP)
2017-05-31 03:21:10,245: state.pubsub.bridge : state.pubsub.bridge             : MainThread     : DEBUG   : child thread state.pubsub.bridge.child.watch started
2017-05-31 03:21:10,245: state.pubsub.bridge : state.pubsub.bridge             : MainThread     : INFO    : child (me) is alive
2017-05-31 03:21:10,245: state.pubsub.bridge : state.pubsub.bridge             : MainThread     : DEBUG   : ru_initialize_common (NOOP)
2017-05-31 03:21:10,247: state.pubsub.bridge : state.pubsub.bridge.child       : MainThread     : INFO    : send alive
2017-05-31 03:21:10,247: state.pubsub.bridge : state.pubsub.bridge.child       : MainThread     : INFO    : send message: alive
2017-05-31 03:21:10,247: state.pubsub.bridge : MainProcess                     : MainThread     : INFO    : recv message: alive
2017-05-31 03:21:10,248: state.pubsub.bridge : MainProcess                     : MainThread     : DEBUG   : start thread
2017-05-31 03:21:10,248: state.pubsub.bridge : MainProcess                     : state.pubsub.bridge.watch: INFO    : child (me) initializing
2017-05-31 03:21:10,248: state.pubsub.bridge : MainProcess                     : state.pubsub.bridge.watch: DEBUG   : ru_initialize_common (NOOP)
2017-05-31 03:21:10,248: state.pubsub.bridge : MainProcess                     : state.pubsub.bridge.watch: DEBUG   : ru_initialize_child (NOOP)
2017-05-31 03:21:10,248: state.pubsub.bridge : MainProcess                     : state.pubsub.bridge.watch: INFO    : send alive
2017-05-31 03:21:10,248: state.pubsub.bridge : MainProcess                     : state.pubsub.bridge.watch: INFO    : send message: alive
2017-05-31 03:21:10,249: state.pubsub.bridge : MainProcess                     : MainThread     : INFO    : recv message: alive
2017-05-31 03:21:10,250: state.pubsub.bridge : MainProcess                     : MainThread     : DEBUG   : ru_initialize_common (NOOP)
2017-05-31 03:21:10,250: state.pubsub.bridge : MainProcess                     : MainThread     : DEBUG   : ru_initialize_parent (NOOP)
2017-05-31 03:21:10,250: state.pubsub.bridge : MainProcess                     : MainThread     : DEBUG   : child thread state.pubsub.bridge.watch started
2017-05-31 03:21:10,250: state.pubsub.bridge : MainProcess                     : MainThread     : INFO    : child is alive
2017-05-31 03:21:10,250: state.pubsub.bridge : MainProcess                     : MainThread     : DEBUG   : ru_initialize_common (NOOP)
2017-05-31 03:21:10,250: state.pubsub.bridge : MainProcess                     : MainThread     : DEBUG   : ru_initialize_parent (NOOP)
2017-05-31 03:21:10,250: state.pubsub.bridge : MainProcess                     : MainThread     : DEBUG   : child process started
2017-05-31 03:28:41,888: state.pubsub.bridge : MainProcess                     : MainThread     : INFO    : parent stops child
2017-05-31 03:28:41,889: state.pubsub.bridge : MainProcess                     : MainThread     : DEBUG   : ru_finalize_parent (NOOP)
2017-05-31 03:28:41,889: state.pubsub.bridge : MainProcess                     : MainThread     : DEBUG   : ru_finalize_common (NOOP)
2017-05-31 03:28:41,889: state.pubsub.bridge : MainProcess                     : MainThread     : INFO    : parent stops child
2017-05-31 03:28:41,889: state.pubsub.bridge : MainProcess                     : MainThread     : DEBUG   : ru_finalize_parent (NOOP)
2017-05-31 03:28:41,889: state.pubsub.bridge : MainProcess                     : MainThread     : DEBUG   : ru_finalize_common (NOOP)
2017-05-31 03:28:41,987: state.pubsub.bridge : MainProcess                     : state.pubsub.bridge.watch: INFO    : send message: work finished
2017-05-31 03:28:41,987: state.pubsub.bridge : MainProcess                     : state.pubsub.bridge.watch: DEBUG   : ru_finalize_child (NOOP)
2017-05-31 03:28:41,987: state.pubsub.bridge : MainProcess                     : state.pubsub.bridge.watch: DEBUG   : ru_finalize_common (NOOP)
2017-05-31 03:28:41,987: state.pubsub.bridge : MainProcess                     : state.pubsub.bridge.watch: INFO    : send message: terminating
2017-05-31 03:28:42,104: state.pubsub.bridge : MainProcess                     : MainThread     : WARNING : failed to stop child - terminate
2017-05-31 03:28:43,470: state.pubsub.bridge : MainProcess                     : MainThread     : INFO    : radical.pilot        version: split-81-gf853cc9b@feature-bridges
2017-05-31 03:28:43,471: state.pubsub.bridge : MainProcess                     : MainThread     : INFO    : create state_pubsub - bridge - tcp://*:*
2017-05-31 03:28:43,471: state.pubsub.bridge : MainProcess                     : MainThread     : DEBUG   : start process
2017-05-31 03:28:43,478: state.pubsub.bridge : state.pubsub.bridge             : MainThread     : INFO    : child (me) initializing
2017-05-31 03:28:43,479: state.pubsub.bridge : state.pubsub.bridge             : MainThread     : DEBUG   : start thread
2017-05-31 03:28:43,479: state.pubsub.bridge : state.pubsub.bridge             : state.pubsub.bridge.child.watch: INFO    : child (me) initializing
2017-05-31 03:28:43,479: state.pubsub.bridge : state.pubsub.bridge             : state.pubsub.bridge.child.watch: DEBUG   : ru_initialize_common (NOOP)
2017-05-31 03:28:43,479: state.pubsub.bridge : state.pubsub.bridge             : state.pubsub.bridge.child.watch: DEBUG   : ru_initialize_child (NOOP)
2017-05-31 03:28:43,479: state.pubsub.bridge : state.pubsub.bridge             : state.pubsub.bridge.child.watch: INFO    : send alive
2017-05-31 03:28:43,479: state.pubsub.bridge : state.pubsub.bridge             : state.pubsub.bridge.child.watch: INFO    : send message: alive
2017-05-31 03:28:43,480: state.pubsub.bridge : state.pubsub.bridge             : MainThread     : INFO    : recv message: alive
2017-05-31 03:28:43,480: state.pubsub.bridge : state.pubsub.bridge             : MainThread     : DEBUG   : ru_initialize_common (NOOP)
2017-05-31 03:28:43,480: state.pubsub.bridge : state.pubsub.bridge             : MainThread     : DEBUG   : ru_initialize_parent (NOOP)
2017-05-31 03:28:43,480: state.pubsub.bridge : state.pubsub.bridge             : MainThread     : DEBUG   : child thread state.pubsub.bridge.child.watch started
2017-05-31 03:28:43,481: state.pubsub.bridge : state.pubsub.bridge             : MainThread     : INFO    : child (me) is alive
2017-05-31 03:28:43,481: state.pubsub.bridge : state.pubsub.bridge             : MainThread     : DEBUG   : ru_initialize_common (NOOP)
2017-05-31 03:28:43,483: state.pubsub.bridge : state.pubsub.bridge.child       : MainThread     : INFO    : send alive
2017-05-31 03:28:43,483: state.pubsub.bridge : state.pubsub.bridge.child       : MainThread     : INFO    : send message: alive
2017-05-31 03:28:43,483: state.pubsub.bridge : MainProcess                     : MainThread     : INFO    : recv message: alive
2017-05-31 03:28:43,483: state.pubsub.bridge : MainProcess                     : MainThread     : DEBUG   : start thread
2017-05-31 03:28:43,484: state.pubsub.bridge : MainProcess                     : state.pubsub.bridge.watch: INFO    : child (me) initializing
2017-05-31 03:28:43,484: state.pubsub.bridge : MainProcess                     : state.pubsub.bridge.watch: DEBUG   : ru_initialize_common (NOOP)
2017-05-31 03:28:43,484: state.pubsub.bridge : MainProcess                     : state.pubsub.bridge.watch: DEBUG   : ru_initialize_child (NOOP)
2017-05-31 03:28:43,484: state.pubsub.bridge : MainProcess                     : state.pubsub.bridge.watch: INFO    : send alive
2017-05-31 03:28:43,484: state.pubsub.bridge : MainProcess                     : state.pubsub.bridge.watch: INFO    : send message: alive
2017-05-31 03:28:43,485: state.pubsub.bridge : MainProcess                     : MainThread     : INFO    : recv message: alive
2017-05-31 03:28:43,485: state.pubsub.bridge : MainProcess                     : MainThread     : DEBUG   : ru_initialize_common (NOOP)
2017-05-31 03:28:43,485: state.pubsub.bridge : MainProcess                     : MainThread     : DEBUG   : ru_initialize_parent (NOOP)
2017-05-31 03:28:43,485: state.pubsub.bridge : MainProcess                     : MainThread     : DEBUG   : child thread state.pubsub.bridge.watch started
2017-05-31 03:28:43,485: state.pubsub.bridge : MainProcess                     : MainThread     : INFO    : child is alive
2017-05-31 03:28:43,485: state.pubsub.bridge : MainProcess                     : MainThread     : DEBUG   : ru_initialize_common (NOOP)
2017-05-31 03:28:43,485: state.pubsub.bridge : MainProcess                     : MainThread     : DEBUG   : ru_initialize_parent (NOOP)
2017-05-31 03:28:43,485: state.pubsub.bridge : MainProcess                     : MainThread     : DEBUG   : child process started
2017-05-31 03:36:43,565: state.pubsub.bridge : MainProcess                     : MainThread     : INFO    : parent stops child
2017-05-31 03:36:43,566: state.pubsub.bridge : MainProcess                     : MainThread     : DEBUG   : ru_finalize_parent (NOOP)
2017-05-31 03:36:43,566: state.pubsub.bridge : MainProcess                     : MainThread     : DEBUG   : ru_finalize_common (NOOP)
2017-05-31 03:36:43,566: state.pubsub.bridge : MainProcess                     : MainThread     : INFO    : parent stops child
2017-05-31 03:36:43,566: state.pubsub.bridge : MainProcess                     : MainThread     : DEBUG   : ru_finalize_parent (NOOP)
2017-05-31 03:36:43,566: state.pubsub.bridge : MainProcess                     : MainThread     : DEBUG   : ru_finalize_common (NOOP)
2017-05-31 03:36:43,591: state.pubsub.bridge : MainProcess                     : state.pubsub.bridge.watch: INFO    : send message: work finished
2017-05-31 03:36:43,591: state.pubsub.bridge : MainProcess                     : state.pubsub.bridge.watch: DEBUG   : ru_finalize_child (NOOP)
2017-05-31 03:36:43,591: state.pubsub.bridge : MainProcess                     : state.pubsub.bridge.watch: DEBUG   : ru_finalize_common (NOOP)
2017-05-31 03:36:43,592: state.pubsub.bridge : MainProcess                     : state.pubsub.bridge.watch: INFO    : send message: terminating
2017-05-31 03:36:43,699: state.pubsub.bridge : MainProcess                     : MainThread     : WARNING : failed to stop child - terminate
2017-05-31 03:36:45,103: state.pubsub.bridge : MainProcess                     : MainThread     : INFO    : radical.pilot        version: split-81-gf853cc9b@feature-bridges
2017-05-31 03:36:45,103: state.pubsub.bridge : MainProcess                     : MainThread     : INFO    : create state_pubsub - bridge - tcp://*:*
2017-05-31 03:36:45,104: state.pubsub.bridge : MainProcess                     : MainThread     : DEBUG   : start process
2017-05-31 03:36:45,111: state.pubsub.bridge : state.pubsub.bridge             : MainThread     : INFO    : child (me) initializing
2017-05-31 03:36:45,112: state.pubsub.bridge : state.pubsub.bridge             : MainThread     : DEBUG   : start thread
2017-05-31 03:36:45,112: state.pubsub.bridge : state.pubsub.bridge             : state.pubsub.bridge.child.watch: INFO    : child (me) initializing
2017-05-31 03:36:45,112: state.pubsub.bridge : state.pubsub.bridge             : state.pubsub.bridge.child.watch: DEBUG   : ru_initialize_common (NOOP)
2017-05-31 03:36:45,112: state.pubsub.bridge : state.pubsub.bridge             : state.pubsub.bridge.child.watch: DEBUG   : ru_initialize_child (NOOP)
2017-05-31 03:36:45,112: state.pubsub.bridge : state.pubsub.bridge             : state.pubsub.bridge.child.watch: INFO    : send alive
2017-05-31 03:36:45,112: state.pubsub.bridge : state.pubsub.bridge             : state.pubsub.bridge.child.watch: INFO    : send message: alive
2017-05-31 03:36:45,113: state.pubsub.bridge : state.pubsub.bridge             : MainThread     : INFO    : recv message: alive
2017-05-31 03:36:45,113: state.pubsub.bridge : state.pubsub.bridge             : MainThread     : DEBUG   : ru_initialize_common (NOOP)
2017-05-31 03:36:45,113: state.pubsub.bridge : state.pubsub.bridge             : MainThread     : DEBUG   : ru_initialize_parent (NOOP)
2017-05-31 03:36:45,113: state.pubsub.bridge : state.pubsub.bridge             : MainThread     : DEBUG   : child thread state.pubsub.bridge.child.watch started
2017-05-31 03:36:45,113: state.pubsub.bridge : state.pubsub.bridge             : MainThread     : INFO    : child (me) is alive
2017-05-31 03:36:45,113: state.pubsub.bridge : state.pubsub.bridge             : MainThread     : DEBUG   : ru_initialize_common (NOOP)
2017-05-31 03:36:45,115: state.pubsub.bridge : state.pubsub.bridge.child       : MainThread     : INFO    : send alive
2017-05-31 03:36:45,115: state.pubsub.bridge : state.pubsub.bridge.child       : MainThread     : INFO    : send message: alive
2017-05-31 03:36:45,115: state.pubsub.bridge : MainProcess                     : MainThread     : INFO    : recv message: alive
2017-05-31 03:36:45,116: state.pubsub.bridge : MainProcess                     : MainThread     : DEBUG   : start thread
2017-05-31 03:36:45,116: state.pubsub.bridge : MainProcess                     : state.pubsub.bridge.watch: INFO    : child (me) initializing
2017-05-31 03:36:45,116: state.pubsub.bridge : MainProcess                     : state.pubsub.bridge.watch: DEBUG   : ru_initialize_common (NOOP)
2017-05-31 03:36:45,116: state.pubsub.bridge : MainProcess                     : state.pubsub.bridge.watch: DEBUG   : ru_initialize_child (NOOP)
2017-05-31 03:36:45,116: state.pubsub.bridge : MainProcess                     : state.pubsub.bridge.watch: INFO    : send alive
2017-05-31 03:36:45,116: state.pubsub.bridge : MainProcess                     : state.pubsub.bridge.watch: INFO    : send message: alive
2017-05-31 03:36:45,117: state.pubsub.bridge : MainProcess                     : MainThread     : INFO    : recv message: alive
2017-05-31 03:36:45,117: state.pubsub.bridge : MainProcess                     : MainThread     : DEBUG   : ru_initialize_common (NOOP)
2017-05-31 03:36:45,117: state.pubsub.bridge : MainProcess                     : MainThread     : DEBUG   : ru_initialize_parent (NOOP)
2017-05-31 03:36:45,117: state.pubsub.bridge : MainProcess                     : MainThread     : DEBUG   : child thread state.pubsub.bridge.watch started
2017-05-31 03:36:45,117: state.pubsub.bridge : MainProcess                     : MainThread     : INFO    : child is alive
2017-05-31 03:36:45,117: state.pubsub.bridge : MainProcess                     : MainThread     : DEBUG   : ru_initialize_common (NOOP)
2017-05-31 03:36:45,118: state.pubsub.bridge : MainProcess                     : MainThread     : DEBUG   : ru_initialize_parent (NOOP)
2017-05-31 03:36:45,118: state.pubsub.bridge : MainProcess                     : MainThread     : DEBUG   : child process started
2017-05-31 03:44:28,566: state.pubsub.bridge : MainProcess                     : MainThread     : INFO    : parent stops child
2017-05-31 03:44:28,566: state.pubsub.bridge : MainProcess                     : MainThread     : DEBUG   : ru_finalize_parent (NOOP)
2017-05-31 03:44:28,566: state.pubsub.bridge : MainProcess                     : MainThread     : DEBUG   : ru_finalize_common (NOOP)
2017-05-31 03:44:28,566: state.pubsub.bridge : MainProcess                     : MainThread     : INFO    : parent stops child
2017-05-31 03:44:28,567: state.pubsub.bridge : MainProcess                     : MainThread     : DEBUG   : ru_finalize_parent (NOOP)
2017-05-31 03:44:28,567: state.pubsub.bridge : MainProcess                     : MainThread     : DEBUG   : ru_finalize_common (NOOP)
2017-05-31 03:44:28,617: state.pubsub.bridge : MainProcess                     : state.pubsub.bridge.watch: INFO    : send message: work finished
2017-05-31 03:44:28,618: state.pubsub.bridge : MainProcess                     : state.pubsub.bridge.watch: DEBUG   : ru_finalize_child (NOOP)
2017-05-31 03:44:28,618: state.pubsub.bridge : MainProcess                     : state.pubsub.bridge.watch: DEBUG   : ru_finalize_common (NOOP)
2017-05-31 03:44:28,619: state.pubsub.bridge : MainProcess                     : state.pubsub.bridge.watch: INFO    : send message: terminating
2017-05-31 03:44:28,731: state.pubsub.bridge : MainProcess                     : MainThread     : WARNING : failed to stop child - terminate
2017-05-31 03:44:30,005: state.pubsub.bridge : MainProcess                     : MainThread     : INFO    : radical.pilot        version: split-81-gf853cc9b@feature-bridges
2017-05-31 03:44:30,005: state.pubsub.bridge : MainProcess                     : MainThread     : INFO    : create state_pubsub - bridge - tcp://*:*
2017-05-31 03:44:30,006: state.pubsub.bridge : MainProcess                     : MainThread     : DEBUG   : start process
2017-05-31 03:44:30,014: state.pubsub.bridge : state.pubsub.bridge             : MainThread     : INFO    : child (me) initializing
2017-05-31 03:44:30,015: state.pubsub.bridge : state.pubsub.bridge             : MainThread     : DEBUG   : start thread
2017-05-31 03:44:30,015: state.pubsub.bridge : state.pubsub.bridge             : state.pubsub.bridge.child.watch: INFO    : child (me) initializing
2017-05-31 03:44:30,015: state.pubsub.bridge : state.pubsub.bridge             : state.pubsub.bridge.child.watch: DEBUG   : ru_initialize_common (NOOP)
2017-05-31 03:44:30,015: state.pubsub.bridge : state.pubsub.bridge             : state.pubsub.bridge.child.watch: DEBUG   : ru_initialize_child (NOOP)
2017-05-31 03:44:30,015: state.pubsub.bridge : state.pubsub.bridge             : state.pubsub.bridge.child.watch: INFO    : send alive
2017-05-31 03:44:30,015: state.pubsub.bridge : state.pubsub.bridge             : state.pubsub.bridge.child.watch: INFO    : send message: alive
2017-05-31 03:44:30,016: state.pubsub.bridge : state.pubsub.bridge             : MainThread     : INFO    : recv message: alive
2017-05-31 03:44:30,016: state.pubsub.bridge : state.pubsub.bridge             : MainThread     : DEBUG   : ru_initialize_common (NOOP)
2017-05-31 03:44:30,017: state.pubsub.bridge : state.pubsub.bridge             : MainThread     : DEBUG   : ru_initialize_parent (NOOP)
2017-05-31 03:44:30,017: state.pubsub.bridge : state.pubsub.bridge             : MainThread     : DEBUG   : child thread state.pubsub.bridge.child.watch started
2017-05-31 03:44:30,017: state.pubsub.bridge : state.pubsub.bridge             : MainThread     : INFO    : child (me) is alive
2017-05-31 03:44:30,017: state.pubsub.bridge : state.pubsub.bridge             : MainThread     : DEBUG   : ru_initialize_common (NOOP)
2017-05-31 03:44:30,018: state.pubsub.bridge : state.pubsub.bridge.child       : MainThread     : INFO    : send alive
2017-05-31 03:44:30,019: state.pubsub.bridge : state.pubsub.bridge.child       : MainThread     : INFO    : send message: alive
2017-05-31 03:44:30,019: state.pubsub.bridge : MainProcess                     : MainThread     : INFO    : recv message: alive
2017-05-31 03:44:30,019: state.pubsub.bridge : MainProcess                     : MainThread     : DEBUG   : start thread
2017-05-31 03:44:30,019: state.pubsub.bridge : MainProcess                     : state.pubsub.bridge.watch: INFO    : child (me) initializing
2017-05-31 03:44:30,019: state.pubsub.bridge : MainProcess                     : state.pubsub.bridge.watch: DEBUG   : ru_initialize_common (NOOP)
2017-05-31 03:44:30,019: state.pubsub.bridge : MainProcess                     : state.pubsub.bridge.watch: DEBUG   : ru_initialize_child (NOOP)
2017-05-31 03:44:30,020: state.pubsub.bridge : MainProcess                     : state.pubsub.bridge.watch: INFO    : send alive
2017-05-31 03:44:30,020: state.pubsub.bridge : MainProcess                     : state.pubsub.bridge.watch: INFO    : send message: alive
2017-05-31 03:44:30,021: state.pubsub.bridge : MainProcess                     : MainThread     : INFO    : recv message: alive
2017-05-31 03:44:30,021: state.pubsub.bridge : MainProcess                     : MainThread     : DEBUG   : ru_initialize_common (NOOP)
2017-05-31 03:44:30,021: state.pubsub.bridge : MainProcess                     : MainThread     : DEBUG   : ru_initialize_parent (NOOP)
2017-05-31 03:44:30,021: state.pubsub.bridge : MainProcess                     : MainThread     : DEBUG   : child thread state.pubsub.bridge.watch started
2017-05-31 03:44:30,021: state.pubsub.bridge : MainProcess                     : MainThread     : INFO    : child is alive
2017-05-31 03:44:30,021: state.pubsub.bridge : MainProcess                     : MainThread     : DEBUG   : ru_initialize_common (NOOP)
2017-05-31 03:44:30,021: state.pubsub.bridge : MainProcess                     : MainThread     : DEBUG   : ru_initialize_parent (NOOP)
2017-05-31 03:44:30,021: state.pubsub.bridge : MainProcess                     : MainThread     : DEBUG   : child process started
2017-05-31 03:44:45,995: state.pubsub.bridge : MainProcess                     : MainThread     : INFO    : parent stops child
2017-05-31 03:44:45,995: state.pubsub.bridge : MainProcess                     : MainThread     : DEBUG   : ru_finalize_parent (NOOP)
2017-05-31 03:44:45,996: state.pubsub.bridge : MainProcess                     : MainThread     : DEBUG   : ru_finalize_common (NOOP)
2017-05-31 03:44:45,996: state.pubsub.bridge : MainProcess                     : MainThread     : INFO    : parent stops child
2017-05-31 03:44:45,996: state.pubsub.bridge : MainProcess                     : MainThread     : DEBUG   : ru_finalize_parent (NOOP)
2017-05-31 03:44:45,996: state.pubsub.bridge : MainProcess                     : MainThread     : DEBUG   : ru_finalize_common (NOOP)
2017-05-31 03:44:46,053: state.pubsub.bridge : MainProcess                     : state.pubsub.bridge.watch: INFO    : send message: work finished
2017-05-31 03:44:46,054: state.pubsub.bridge : MainProcess                     : state.pubsub.bridge.watch: DEBUG   : ru_finalize_child (NOOP)
2017-05-31 03:44:46,054: state.pubsub.bridge : MainProcess                     : state.pubsub.bridge.watch: DEBUG   : ru_finalize_common (NOOP)
2017-05-31 03:44:46,055: state.pubsub.bridge : MainProcess                     : state.pubsub.bridge.watch: INFO    : send message: terminating
2017-05-31 03:44:46,160: state.pubsub.bridge : MainProcess                     : MainThread     : WARNING : failed to stop child - terminate
2017-05-31 03:44:47,462: state.pubsub.bridge : MainProcess                     : MainThread     : INFO    : radical.pilot        version: split-81-gf853cc9b@feature-bridges
2017-05-31 03:44:47,462: state.pubsub.bridge : MainProcess                     : MainThread     : INFO    : create state_pubsub - bridge - tcp://*:*
2017-05-31 03:44:47,463: state.pubsub.bridge : MainProcess                     : MainThread     : DEBUG   : start process
2017-05-31 03:44:47,473: state.pubsub.bridge : state.pubsub.bridge             : MainThread     : INFO    : child (me) initializing
2017-05-31 03:44:47,473: state.pubsub.bridge : state.pubsub.bridge             : MainThread     : DEBUG   : start thread
2017-05-31 03:44:47,474: state.pubsub.bridge : state.pubsub.bridge             : state.pubsub.bridge.child.watch: INFO    : child (me) initializing
2017-05-31 03:44:47,474: state.pubsub.bridge : state.pubsub.bridge             : state.pubsub.bridge.child.watch: DEBUG   : ru_initialize_common (NOOP)
2017-05-31 03:44:47,474: state.pubsub.bridge : state.pubsub.bridge             : state.pubsub.bridge.child.watch: DEBUG   : ru_initialize_child (NOOP)
2017-05-31 03:44:47,474: state.pubsub.bridge : state.pubsub.bridge             : state.pubsub.bridge.child.watch: INFO    : send alive
2017-05-31 03:44:47,474: state.pubsub.bridge : state.pubsub.bridge             : state.pubsub.bridge.child.watch: INFO    : send message: alive
2017-05-31 03:44:47,475: state.pubsub.bridge : state.pubsub.bridge             : MainThread     : INFO    : recv message: alive
2017-05-31 03:44:47,475: state.pubsub.bridge : state.pubsub.bridge             : MainThread     : DEBUG   : ru_initialize_common (NOOP)
2017-05-31 03:44:47,475: state.pubsub.bridge : state.pubsub.bridge             : MainThread     : DEBUG   : ru_initialize_parent (NOOP)
2017-05-31 03:44:47,475: state.pubsub.bridge : state.pubsub.bridge             : MainThread     : DEBUG   : child thread state.pubsub.bridge.child.watch started
2017-05-31 03:44:47,475: state.pubsub.bridge : state.pubsub.bridge             : MainThread     : INFO    : child (me) is alive
2017-05-31 03:44:47,475: state.pubsub.bridge : state.pubsub.bridge             : MainThread     : DEBUG   : ru_initialize_common (NOOP)
2017-05-31 03:44:47,477: state.pubsub.bridge : state.pubsub.bridge.child       : MainThread     : INFO    : send alive
2017-05-31 03:44:47,477: state.pubsub.bridge : state.pubsub.bridge.child       : MainThread     : INFO    : send message: alive
2017-05-31 03:44:47,477: state.pubsub.bridge : MainProcess                     : MainThread     : INFO    : recv message: alive
2017-05-31 03:44:47,478: state.pubsub.bridge : MainProcess                     : MainThread     : DEBUG   : start thread
2017-05-31 03:44:47,478: state.pubsub.bridge : MainProcess                     : state.pubsub.bridge.watch: INFO    : child (me) initializing
2017-05-31 03:44:47,478: state.pubsub.bridge : MainProcess                     : state.pubsub.bridge.watch: DEBUG   : ru_initialize_common (NOOP)
2017-05-31 03:44:47,478: state.pubsub.bridge : MainProcess                     : state.pubsub.bridge.watch: DEBUG   : ru_initialize_child (NOOP)
2017-05-31 03:44:47,478: state.pubsub.bridge : MainProcess                     : state.pubsub.bridge.watch: INFO    : send alive
2017-05-31 03:44:47,478: state.pubsub.bridge : MainProcess                     : state.pubsub.bridge.watch: INFO    : send message: alive
2017-05-31 03:44:47,479: state.pubsub.bridge : MainProcess                     : MainThread     : INFO    : recv message: alive
2017-05-31 03:44:47,479: state.pubsub.bridge : MainProcess                     : MainThread     : DEBUG   : ru_initialize_common (NOOP)
2017-05-31 03:44:47,479: state.pubsub.bridge : MainProcess                     : MainThread     : DEBUG   : ru_initialize_parent (NOOP)
2017-05-31 03:44:47,479: state.pubsub.bridge : MainProcess                     : MainThread     : DEBUG   : child thread state.pubsub.bridge.watch started
2017-05-31 03:44:47,480: state.pubsub.bridge : MainProcess                     : MainThread     : INFO    : child is alive
2017-05-31 03:44:47,480: state.pubsub.bridge : MainProcess                     : MainThread     : DEBUG   : ru_initialize_common (NOOP)
2017-05-31 03:44:47,480: state.pubsub.bridge : MainProcess                     : MainThread     : DEBUG   : ru_initialize_parent (NOOP)
2017-05-31 03:44:47,480: state.pubsub.bridge : MainProcess                     : MainThread     : DEBUG   : child process started
2017-05-31 03:44:49,679: state.pubsub.bridge : MainProcess                     : MainThread     : INFO    : parent stops child
2017-05-31 03:44:49,679: state.pubsub.bridge : MainProcess                     : MainThread     : DEBUG   : ru_finalize_parent (NOOP)
2017-05-31 03:44:49,680: state.pubsub.bridge : MainProcess                     : MainThread     : DEBUG   : ru_finalize_common (NOOP)
2017-05-31 03:44:49,680: state.pubsub.bridge : MainProcess                     : MainThread     : INFO    : parent stops child
2017-05-31 03:44:49,680: state.pubsub.bridge : MainProcess                     : MainThread     : DEBUG   : ru_finalize_parent (NOOP)
2017-05-31 03:44:49,680: state.pubsub.bridge : MainProcess                     : MainThread     : DEBUG   : ru_finalize_common (NOOP)
2017-05-31 03:44:49,684: state.pubsub.bridge : MainProcess                     : state.pubsub.bridge.watch: INFO    : send message: work finished
2017-05-31 03:44:49,684: state.pubsub.bridge : MainProcess                     : state.pubsub.bridge.watch: DEBUG   : ru_finalize_child (NOOP)
2017-05-31 03:44:49,684: state.pubsub.bridge : MainProcess                     : state.pubsub.bridge.watch: DEBUG   : ru_finalize_common (NOOP)
2017-05-31 03:44:49,684: state.pubsub.bridge : MainProcess                     : state.pubsub.bridge.watch: INFO    : send message: terminating
2017-05-31 03:44:49,788: state.pubsub.bridge : MainProcess                     : MainThread     : WARNING : failed to stop child - terminate
