2017-05-31 02:40:35,791: umgr.reschedule.pubsub.bridge: MainProcess                     : MainThread     : INFO    : python.interpreter   version: 2.7.12 (default, Nov 19 2016, 06:48:10) [GCC 5.4.0 20160609]
2017-05-31 02:40:35,791: umgr.reschedule.pubsub.bridge: MainProcess                     : MainThread     : INFO    :                      pid: 27015
2017-05-31 02:40:35,791: umgr.reschedule.pubsub.bridge: MainProcess                     : MainThread     : INFO    :                      tid: MainThread
2017-05-31 02:40:35,792: umgr.reschedule.pubsub.bridge: MainProcess                     : MainThread     : INFO    : radical.pilot        version: split-81-gf853cc9b@feature-bridges
2017-05-31 02:40:35,792: umgr.reschedule.pubsub.bridge: MainProcess                     : MainThread     : INFO    : create umgr_reschedule_pubsub - bridge - tcp://*:*
2017-05-31 02:40:35,792: umgr.reschedule.pubsub.bridge: MainProcess                     : MainThread     : DEBUG   : start process
2017-05-31 02:40:35,799: umgr.reschedule.pubsub.bridge: umgr.reschedule.pubsub.bridge   : MainThread     : INFO    : child (me) initializing
2017-05-31 02:40:35,800: umgr.reschedule.pubsub.bridge: umgr.reschedule.pubsub.bridge   : MainThread     : DEBUG   : start thread
2017-05-31 02:40:35,800: umgr.reschedule.pubsub.bridge: umgr.reschedule.pubsub.bridge   : umgr.reschedule.pubsub.bridge.child.watch: INFO    : child (me) initializing
2017-05-31 02:40:35,800: umgr.reschedule.pubsub.bridge: umgr.reschedule.pubsub.bridge   : umgr.reschedule.pubsub.bridge.child.watch: DEBUG   : ru_initialize_common (NOOP)
2017-05-31 02:40:35,800: umgr.reschedule.pubsub.bridge: umgr.reschedule.pubsub.bridge   : umgr.reschedule.pubsub.bridge.child.watch: DEBUG   : ru_initialize_child (NOOP)
2017-05-31 02:40:35,801: umgr.reschedule.pubsub.bridge: umgr.reschedule.pubsub.bridge   : umgr.reschedule.pubsub.bridge.child.watch: INFO    : send alive
2017-05-31 02:40:35,801: umgr.reschedule.pubsub.bridge: umgr.reschedule.pubsub.bridge   : umgr.reschedule.pubsub.bridge.child.watch: INFO    : send message: alive
2017-05-31 02:40:35,802: umgr.reschedule.pubsub.bridge: umgr.reschedule.pubsub.bridge   : MainThread     : INFO    : recv message: alive
2017-05-31 02:40:35,802: umgr.reschedule.pubsub.bridge: umgr.reschedule.pubsub.bridge   : MainThread     : DEBUG   : ru_initialize_common (NOOP)
2017-05-31 02:40:35,802: umgr.reschedule.pubsub.bridge: umgr.reschedule.pubsub.bridge   : MainThread     : DEBUG   : ru_initialize_parent (NOOP)
2017-05-31 02:40:35,803: umgr.reschedule.pubsub.bridge: umgr.reschedule.pubsub.bridge   : MainThread     : DEBUG   : child thread umgr.reschedule.pubsub.bridge.child.watch started
2017-05-31 02:40:35,803: umgr.reschedule.pubsub.bridge: umgr.reschedule.pubsub.bridge   : MainThread     : INFO    : child (me) is alive
2017-05-31 02:40:35,803: umgr.reschedule.pubsub.bridge: umgr.reschedule.pubsub.bridge   : MainThread     : DEBUG   : ru_initialize_common (NOOP)
2017-05-31 02:40:35,806: umgr.reschedule.pubsub.bridge: umgr.reschedule.pubsub.bridge.child: MainThread     : INFO    : send alive
2017-05-31 02:40:35,806: umgr.reschedule.pubsub.bridge: umgr.reschedule.pubsub.bridge.child: MainThread     : INFO    : send message: alive
2017-05-31 02:40:35,806: umgr.reschedule.pubsub.bridge: MainProcess                     : MainThread     : INFO    : recv message: alive
2017-05-31 02:40:35,807: umgr.reschedule.pubsub.bridge: MainProcess                     : MainThread     : DEBUG   : start thread
2017-05-31 02:40:35,807: umgr.reschedule.pubsub.bridge: MainProcess                     : umgr.reschedule.pubsub.bridge.watch: INFO    : child (me) initializing
2017-05-31 02:40:35,808: umgr.reschedule.pubsub.bridge: MainProcess                     : umgr.reschedule.pubsub.bridge.watch: DEBUG   : ru_initialize_common (NOOP)
2017-05-31 02:40:35,808: umgr.reschedule.pubsub.bridge: MainProcess                     : umgr.reschedule.pubsub.bridge.watch: DEBUG   : ru_initialize_child (NOOP)
2017-05-31 02:40:35,808: umgr.reschedule.pubsub.bridge: MainProcess                     : umgr.reschedule.pubsub.bridge.watch: INFO    : send alive
2017-05-31 02:40:35,808: umgr.reschedule.pubsub.bridge: MainProcess                     : umgr.reschedule.pubsub.bridge.watch: INFO    : send message: alive
2017-05-31 02:40:35,809: umgr.reschedule.pubsub.bridge: MainProcess                     : MainThread     : INFO    : recv message: alive
2017-05-31 02:40:35,809: umgr.reschedule.pubsub.bridge: MainProcess                     : MainThread     : DEBUG   : ru_initialize_common (NOOP)
2017-05-31 02:40:35,809: umgr.reschedule.pubsub.bridge: MainProcess                     : MainThread     : DEBUG   : ru_initialize_parent (NOOP)
2017-05-31 02:40:35,809: umgr.reschedule.pubsub.bridge: MainProcess                     : MainThread     : DEBUG   : child thread umgr.reschedule.pubsub.bridge.watch started
2017-05-31 02:40:35,809: umgr.reschedule.pubsub.bridge: MainProcess                     : MainThread     : INFO    : child is alive
2017-05-31 02:40:35,809: umgr.reschedule.pubsub.bridge: MainProcess                     : MainThread     : DEBUG   : ru_initialize_common (NOOP)
2017-05-31 02:40:35,809: umgr.reschedule.pubsub.bridge: MainProcess                     : MainThread     : DEBUG   : ru_initialize_parent (NOOP)
2017-05-31 02:40:35,810: umgr.reschedule.pubsub.bridge: MainProcess                     : MainThread     : DEBUG   : child process started
2017-05-31 03:21:03,151: umgr.reschedule.pubsub.bridge: MainProcess                     : MainThread     : INFO    : parent stops child
2017-05-31 03:21:03,151: umgr.reschedule.pubsub.bridge: MainProcess                     : MainThread     : DEBUG   : ru_finalize_parent (NOOP)
2017-05-31 03:21:03,151: umgr.reschedule.pubsub.bridge: MainProcess                     : MainThread     : DEBUG   : ru_finalize_common (NOOP)
2017-05-31 03:21:03,151: umgr.reschedule.pubsub.bridge: MainProcess                     : MainThread     : INFO    : parent stops child
2017-05-31 03:21:03,152: umgr.reschedule.pubsub.bridge: MainProcess                     : MainThread     : DEBUG   : ru_finalize_parent (NOOP)
2017-05-31 03:21:03,152: umgr.reschedule.pubsub.bridge: MainProcess                     : MainThread     : DEBUG   : ru_finalize_common (NOOP)
2017-05-31 03:21:03,196: umgr.reschedule.pubsub.bridge: MainProcess                     : umgr.reschedule.pubsub.bridge.watch: INFO    : send message: work finished
2017-05-31 03:21:03,196: umgr.reschedule.pubsub.bridge: MainProcess                     : umgr.reschedule.pubsub.bridge.watch: DEBUG   : ru_finalize_child (NOOP)
2017-05-31 03:21:03,197: umgr.reschedule.pubsub.bridge: MainProcess                     : umgr.reschedule.pubsub.bridge.watch: DEBUG   : ru_finalize_common (NOOP)
2017-05-31 03:21:03,197: umgr.reschedule.pubsub.bridge: MainProcess                     : umgr.reschedule.pubsub.bridge.watch: INFO    : send message: terminating
2017-05-31 03:21:03,316: umgr.reschedule.pubsub.bridge: MainProcess                     : MainThread     : WARNING : failed to stop child - terminate
2017-05-31 03:21:13,004: umgr.reschedule.pubsub.bridge: MainProcess                     : MainThread     : INFO    : radical.pilot        version: split-81-gf853cc9b@feature-bridges
2017-05-31 03:21:13,004: umgr.reschedule.pubsub.bridge: MainProcess                     : MainThread     : INFO    : create umgr_reschedule_pubsub - bridge - tcp://*:*
2017-05-31 03:21:13,005: umgr.reschedule.pubsub.bridge: MainProcess                     : MainThread     : DEBUG   : start process
2017-05-31 03:21:13,011: umgr.reschedule.pubsub.bridge: umgr.reschedule.pubsub.bridge   : MainThread     : INFO    : child (me) initializing
2017-05-31 03:21:13,011: umgr.reschedule.pubsub.bridge: umgr.reschedule.pubsub.bridge   : MainThread     : DEBUG   : start thread
2017-05-31 03:21:13,012: umgr.reschedule.pubsub.bridge: umgr.reschedule.pubsub.bridge   : umgr.reschedule.pubsub.bridge.child.watch: INFO    : child (me) initializing
2017-05-31 03:21:13,012: umgr.reschedule.pubsub.bridge: umgr.reschedule.pubsub.bridge   : umgr.reschedule.pubsub.bridge.child.watch: DEBUG   : ru_initialize_common (NOOP)
2017-05-31 03:21:13,012: umgr.reschedule.pubsub.bridge: umgr.reschedule.pubsub.bridge   : umgr.reschedule.pubsub.bridge.child.watch: DEBUG   : ru_initialize_child (NOOP)
2017-05-31 03:21:13,012: umgr.reschedule.pubsub.bridge: umgr.reschedule.pubsub.bridge   : umgr.reschedule.pubsub.bridge.child.watch: INFO    : send alive
2017-05-31 03:21:13,012: umgr.reschedule.pubsub.bridge: umgr.reschedule.pubsub.bridge   : umgr.reschedule.pubsub.bridge.child.watch: INFO    : send message: alive
2017-05-31 03:21:13,013: umgr.reschedule.pubsub.bridge: umgr.reschedule.pubsub.bridge   : MainThread     : INFO    : recv message: alive
2017-05-31 03:21:13,013: umgr.reschedule.pubsub.bridge: umgr.reschedule.pubsub.bridge   : MainThread     : DEBUG   : ru_initialize_common (NOOP)
2017-05-31 03:21:13,013: umgr.reschedule.pubsub.bridge: umgr.reschedule.pubsub.bridge   : MainThread     : DEBUG   : ru_initialize_parent (NOOP)
2017-05-31 03:21:13,013: umgr.reschedule.pubsub.bridge: umgr.reschedule.pubsub.bridge   : MainThread     : DEBUG   : child thread umgr.reschedule.pubsub.bridge.child.watch started
2017-05-31 03:21:13,013: umgr.reschedule.pubsub.bridge: umgr.reschedule.pubsub.bridge   : MainThread     : INFO    : child (me) is alive
2017-05-31 03:21:13,013: umgr.reschedule.pubsub.bridge: umgr.reschedule.pubsub.bridge   : MainThread     : DEBUG   : ru_initialize_common (NOOP)
2017-05-31 03:21:13,015: umgr.reschedule.pubsub.bridge: umgr.reschedule.pubsub.bridge.child: MainThread     : INFO    : send alive
2017-05-31 03:21:13,015: umgr.reschedule.pubsub.bridge: umgr.reschedule.pubsub.bridge.child: MainThread     : INFO    : send message: alive
2017-05-31 03:21:13,016: umgr.reschedule.pubsub.bridge: MainProcess                     : MainThread     : INFO    : recv message: alive
2017-05-31 03:21:13,016: umgr.reschedule.pubsub.bridge: MainProcess                     : MainThread     : DEBUG   : start thread
2017-05-31 03:21:13,016: umgr.reschedule.pubsub.bridge: MainProcess                     : umgr.reschedule.pubsub.bridge.watch: INFO    : child (me) initializing
2017-05-31 03:21:13,016: umgr.reschedule.pubsub.bridge: MainProcess                     : umgr.reschedule.pubsub.bridge.watch: DEBUG   : ru_initialize_common (NOOP)
2017-05-31 03:21:13,016: umgr.reschedule.pubsub.bridge: MainProcess                     : umgr.reschedule.pubsub.bridge.watch: DEBUG   : ru_initialize_child (NOOP)
2017-05-31 03:21:13,016: umgr.reschedule.pubsub.bridge: MainProcess                     : umgr.reschedule.pubsub.bridge.watch: INFO    : send alive
2017-05-31 03:21:13,017: umgr.reschedule.pubsub.bridge: MainProcess                     : umgr.reschedule.pubsub.bridge.watch: INFO    : send message: alive
2017-05-31 03:21:13,018: umgr.reschedule.pubsub.bridge: MainProcess                     : MainThread     : INFO    : recv message: alive
2017-05-31 03:21:13,018: umgr.reschedule.pubsub.bridge: MainProcess                     : MainThread     : DEBUG   : ru_initialize_common (NOOP)
2017-05-31 03:21:13,018: umgr.reschedule.pubsub.bridge: MainProcess                     : MainThread     : DEBUG   : ru_initialize_parent (NOOP)
2017-05-31 03:21:13,018: umgr.reschedule.pubsub.bridge: MainProcess                     : MainThread     : DEBUG   : child thread umgr.reschedule.pubsub.bridge.watch started
2017-05-31 03:21:13,018: umgr.reschedule.pubsub.bridge: MainProcess                     : MainThread     : INFO    : child is alive
2017-05-31 03:21:13,018: umgr.reschedule.pubsub.bridge: MainProcess                     : MainThread     : DEBUG   : ru_initialize_common (NOOP)
2017-05-31 03:21:13,018: umgr.reschedule.pubsub.bridge: MainProcess                     : MainThread     : DEBUG   : ru_initialize_parent (NOOP)
2017-05-31 03:21:13,018: umgr.reschedule.pubsub.bridge: MainProcess                     : MainThread     : DEBUG   : child process started
2017-05-31 03:28:38,062: umgr.reschedule.pubsub.bridge: MainProcess                     : MainThread     : INFO    : parent stops child
2017-05-31 03:28:38,062: umgr.reschedule.pubsub.bridge: MainProcess                     : MainThread     : DEBUG   : ru_finalize_parent (NOOP)
2017-05-31 03:28:38,063: umgr.reschedule.pubsub.bridge: MainProcess                     : MainThread     : DEBUG   : ru_finalize_common (NOOP)
2017-05-31 03:28:38,063: umgr.reschedule.pubsub.bridge: MainProcess                     : MainThread     : INFO    : parent stops child
2017-05-31 03:28:38,063: umgr.reschedule.pubsub.bridge: MainProcess                     : MainThread     : DEBUG   : ru_finalize_parent (NOOP)
2017-05-31 03:28:38,063: umgr.reschedule.pubsub.bridge: MainProcess                     : MainThread     : DEBUG   : ru_finalize_common (NOOP)
2017-05-31 03:28:38,122: umgr.reschedule.pubsub.bridge: MainProcess                     : umgr.reschedule.pubsub.bridge.watch: INFO    : send message: work finished
2017-05-31 03:28:38,123: umgr.reschedule.pubsub.bridge: MainProcess                     : umgr.reschedule.pubsub.bridge.watch: DEBUG   : ru_finalize_child (NOOP)
2017-05-31 03:28:38,123: umgr.reschedule.pubsub.bridge: MainProcess                     : umgr.reschedule.pubsub.bridge.watch: DEBUG   : ru_finalize_common (NOOP)
2017-05-31 03:28:38,123: umgr.reschedule.pubsub.bridge: MainProcess                     : umgr.reschedule.pubsub.bridge.watch: INFO    : send message: terminating
2017-05-31 03:28:38,228: umgr.reschedule.pubsub.bridge: MainProcess                     : MainThread     : WARNING : failed to stop child - terminate
2017-05-31 03:28:46,989: umgr.reschedule.pubsub.bridge: MainProcess                     : MainThread     : INFO    : radical.pilot        version: split-81-gf853cc9b@feature-bridges
2017-05-31 03:28:46,989: umgr.reschedule.pubsub.bridge: MainProcess                     : MainThread     : INFO    : create umgr_reschedule_pubsub - bridge - tcp://*:*
2017-05-31 03:28:46,990: umgr.reschedule.pubsub.bridge: MainProcess                     : MainThread     : DEBUG   : start process
2017-05-31 03:28:47,002: umgr.reschedule.pubsub.bridge: umgr.reschedule.pubsub.bridge   : MainThread     : INFO    : child (me) initializing
2017-05-31 03:28:47,002: umgr.reschedule.pubsub.bridge: umgr.reschedule.pubsub.bridge   : MainThread     : DEBUG   : start thread
2017-05-31 03:28:47,002: umgr.reschedule.pubsub.bridge: umgr.reschedule.pubsub.bridge   : umgr.reschedule.pubsub.bridge.child.watch: INFO    : child (me) initializing
2017-05-31 03:28:47,002: umgr.reschedule.pubsub.bridge: umgr.reschedule.pubsub.bridge   : umgr.reschedule.pubsub.bridge.child.watch: DEBUG   : ru_initialize_common (NOOP)
2017-05-31 03:28:47,003: umgr.reschedule.pubsub.bridge: umgr.reschedule.pubsub.bridge   : umgr.reschedule.pubsub.bridge.child.watch: DEBUG   : ru_initialize_child (NOOP)
2017-05-31 03:28:47,003: umgr.reschedule.pubsub.bridge: umgr.reschedule.pubsub.bridge   : umgr.reschedule.pubsub.bridge.child.watch: INFO    : send alive
2017-05-31 03:28:47,003: umgr.reschedule.pubsub.bridge: umgr.reschedule.pubsub.bridge   : umgr.reschedule.pubsub.bridge.child.watch: INFO    : send message: alive
2017-05-31 03:28:47,003: umgr.reschedule.pubsub.bridge: umgr.reschedule.pubsub.bridge   : MainThread     : INFO    : recv message: alive
2017-05-31 03:28:47,004: umgr.reschedule.pubsub.bridge: umgr.reschedule.pubsub.bridge   : MainThread     : DEBUG   : ru_initialize_common (NOOP)
2017-05-31 03:28:47,004: umgr.reschedule.pubsub.bridge: umgr.reschedule.pubsub.bridge   : MainThread     : DEBUG   : ru_initialize_parent (NOOP)
2017-05-31 03:28:47,004: umgr.reschedule.pubsub.bridge: umgr.reschedule.pubsub.bridge   : MainThread     : DEBUG   : child thread umgr.reschedule.pubsub.bridge.child.watch started
2017-05-31 03:28:47,004: umgr.reschedule.pubsub.bridge: umgr.reschedule.pubsub.bridge   : MainThread     : INFO    : child (me) is alive
2017-05-31 03:28:47,004: umgr.reschedule.pubsub.bridge: umgr.reschedule.pubsub.bridge   : MainThread     : DEBUG   : ru_initialize_common (NOOP)
2017-05-31 03:28:47,005: umgr.reschedule.pubsub.bridge: umgr.reschedule.pubsub.bridge.child: MainThread     : INFO    : send alive
2017-05-31 03:28:47,005: umgr.reschedule.pubsub.bridge: umgr.reschedule.pubsub.bridge.child: MainThread     : INFO    : send message: alive
2017-05-31 03:28:47,006: umgr.reschedule.pubsub.bridge: MainProcess                     : MainThread     : INFO    : recv message: alive
2017-05-31 03:28:47,006: umgr.reschedule.pubsub.bridge: MainProcess                     : MainThread     : DEBUG   : start thread
2017-05-31 03:28:47,006: umgr.reschedule.pubsub.bridge: MainProcess                     : umgr.reschedule.pubsub.bridge.watch: INFO    : child (me) initializing
2017-05-31 03:28:47,006: umgr.reschedule.pubsub.bridge: MainProcess                     : umgr.reschedule.pubsub.bridge.watch: DEBUG   : ru_initialize_common (NOOP)
2017-05-31 03:28:47,006: umgr.reschedule.pubsub.bridge: MainProcess                     : umgr.reschedule.pubsub.bridge.watch: DEBUG   : ru_initialize_child (NOOP)
2017-05-31 03:28:47,006: umgr.reschedule.pubsub.bridge: MainProcess                     : umgr.reschedule.pubsub.bridge.watch: INFO    : send alive
2017-05-31 03:28:47,006: umgr.reschedule.pubsub.bridge: MainProcess                     : umgr.reschedule.pubsub.bridge.watch: INFO    : send message: alive
2017-05-31 03:28:47,007: umgr.reschedule.pubsub.bridge: MainProcess                     : MainThread     : INFO    : recv message: alive
2017-05-31 03:28:47,007: umgr.reschedule.pubsub.bridge: MainProcess                     : MainThread     : DEBUG   : ru_initialize_common (NOOP)
2017-05-31 03:28:47,008: umgr.reschedule.pubsub.bridge: MainProcess                     : MainThread     : DEBUG   : ru_initialize_parent (NOOP)
2017-05-31 03:28:47,008: umgr.reschedule.pubsub.bridge: MainProcess                     : MainThread     : DEBUG   : child thread umgr.reschedule.pubsub.bridge.watch started
2017-05-31 03:28:47,008: umgr.reschedule.pubsub.bridge: MainProcess                     : MainThread     : INFO    : child is alive
2017-05-31 03:28:47,008: umgr.reschedule.pubsub.bridge: MainProcess                     : MainThread     : DEBUG   : ru_initialize_common (NOOP)
2017-05-31 03:28:47,008: umgr.reschedule.pubsub.bridge: MainProcess                     : MainThread     : DEBUG   : ru_initialize_parent (NOOP)
2017-05-31 03:28:47,008: umgr.reschedule.pubsub.bridge: MainProcess                     : MainThread     : DEBUG   : child process started
2017-05-31 03:36:39,021: umgr.reschedule.pubsub.bridge: MainProcess                     : MainThread     : INFO    : parent stops child
2017-05-31 03:36:39,021: umgr.reschedule.pubsub.bridge: MainProcess                     : MainThread     : DEBUG   : ru_finalize_parent (NOOP)
2017-05-31 03:36:39,021: umgr.reschedule.pubsub.bridge: MainProcess                     : MainThread     : DEBUG   : ru_finalize_common (NOOP)
2017-05-31 03:36:39,022: umgr.reschedule.pubsub.bridge: MainProcess                     : MainThread     : INFO    : parent stops child
2017-05-31 03:36:39,022: umgr.reschedule.pubsub.bridge: MainProcess                     : MainThread     : DEBUG   : ru_finalize_parent (NOOP)
2017-05-31 03:36:39,022: umgr.reschedule.pubsub.bridge: MainProcess                     : MainThread     : DEBUG   : ru_finalize_common (NOOP)
2017-05-31 03:36:39,091: umgr.reschedule.pubsub.bridge: MainProcess                     : umgr.reschedule.pubsub.bridge.watch: INFO    : send message: work finished
2017-05-31 03:36:39,092: umgr.reschedule.pubsub.bridge: MainProcess                     : umgr.reschedule.pubsub.bridge.watch: DEBUG   : ru_finalize_child (NOOP)
2017-05-31 03:36:39,092: umgr.reschedule.pubsub.bridge: MainProcess                     : umgr.reschedule.pubsub.bridge.watch: DEBUG   : ru_finalize_common (NOOP)
2017-05-31 03:36:39,092: umgr.reschedule.pubsub.bridge: MainProcess                     : umgr.reschedule.pubsub.bridge.watch: INFO    : send message: terminating
2017-05-31 03:36:39,237: umgr.reschedule.pubsub.bridge: MainProcess                     : MainThread     : WARNING : failed to stop child - terminate
2017-05-31 03:36:47,681: umgr.reschedule.pubsub.bridge: MainProcess                     : MainThread     : INFO    : radical.pilot        version: split-81-gf853cc9b@feature-bridges
2017-05-31 03:36:47,681: umgr.reschedule.pubsub.bridge: MainProcess                     : MainThread     : INFO    : create umgr_reschedule_pubsub - bridge - tcp://*:*
2017-05-31 03:36:47,682: umgr.reschedule.pubsub.bridge: MainProcess                     : MainThread     : DEBUG   : start process
2017-05-31 03:36:47,692: umgr.reschedule.pubsub.bridge: umgr.reschedule.pubsub.bridge   : MainThread     : INFO    : child (me) initializing
2017-05-31 03:36:47,692: umgr.reschedule.pubsub.bridge: umgr.reschedule.pubsub.bridge   : MainThread     : DEBUG   : start thread
2017-05-31 03:36:47,692: umgr.reschedule.pubsub.bridge: umgr.reschedule.pubsub.bridge   : umgr.reschedule.pubsub.bridge.child.watch: INFO    : child (me) initializing
2017-05-31 03:36:47,692: umgr.reschedule.pubsub.bridge: umgr.reschedule.pubsub.bridge   : umgr.reschedule.pubsub.bridge.child.watch: DEBUG   : ru_initialize_common (NOOP)
2017-05-31 03:36:47,693: umgr.reschedule.pubsub.bridge: umgr.reschedule.pubsub.bridge   : umgr.reschedule.pubsub.bridge.child.watch: DEBUG   : ru_initialize_child (NOOP)
2017-05-31 03:36:47,693: umgr.reschedule.pubsub.bridge: umgr.reschedule.pubsub.bridge   : umgr.reschedule.pubsub.bridge.child.watch: INFO    : send alive
2017-05-31 03:36:47,693: umgr.reschedule.pubsub.bridge: umgr.reschedule.pubsub.bridge   : umgr.reschedule.pubsub.bridge.child.watch: INFO    : send message: alive
2017-05-31 03:36:47,694: umgr.reschedule.pubsub.bridge: umgr.reschedule.pubsub.bridge   : MainThread     : INFO    : recv message: alive
2017-05-31 03:36:47,694: umgr.reschedule.pubsub.bridge: umgr.reschedule.pubsub.bridge   : MainThread     : DEBUG   : ru_initialize_common (NOOP)
2017-05-31 03:36:47,694: umgr.reschedule.pubsub.bridge: umgr.reschedule.pubsub.bridge   : MainThread     : DEBUG   : ru_initialize_parent (NOOP)
2017-05-31 03:36:47,694: umgr.reschedule.pubsub.bridge: umgr.reschedule.pubsub.bridge   : MainThread     : DEBUG   : child thread umgr.reschedule.pubsub.bridge.child.watch started
2017-05-31 03:36:47,694: umgr.reschedule.pubsub.bridge: umgr.reschedule.pubsub.bridge   : MainThread     : INFO    : child (me) is alive
2017-05-31 03:36:47,694: umgr.reschedule.pubsub.bridge: umgr.reschedule.pubsub.bridge   : MainThread     : DEBUG   : ru_initialize_common (NOOP)
2017-05-31 03:36:47,696: umgr.reschedule.pubsub.bridge: umgr.reschedule.pubsub.bridge.child: MainThread     : INFO    : send alive
2017-05-31 03:36:47,696: umgr.reschedule.pubsub.bridge: umgr.reschedule.pubsub.bridge.child: MainThread     : INFO    : send message: alive
2017-05-31 03:36:47,696: umgr.reschedule.pubsub.bridge: MainProcess                     : MainThread     : INFO    : recv message: alive
2017-05-31 03:36:47,697: umgr.reschedule.pubsub.bridge: MainProcess                     : MainThread     : DEBUG   : start thread
2017-05-31 03:36:47,697: umgr.reschedule.pubsub.bridge: MainProcess                     : umgr.reschedule.pubsub.bridge.watch: INFO    : child (me) initializing
2017-05-31 03:36:47,697: umgr.reschedule.pubsub.bridge: MainProcess                     : umgr.reschedule.pubsub.bridge.watch: DEBUG   : ru_initialize_common (NOOP)
2017-05-31 03:36:47,697: umgr.reschedule.pubsub.bridge: MainProcess                     : umgr.reschedule.pubsub.bridge.watch: DEBUG   : ru_initialize_child (NOOP)
2017-05-31 03:36:47,697: umgr.reschedule.pubsub.bridge: MainProcess                     : umgr.reschedule.pubsub.bridge.watch: INFO    : send alive
2017-05-31 03:36:47,697: umgr.reschedule.pubsub.bridge: MainProcess                     : umgr.reschedule.pubsub.bridge.watch: INFO    : send message: alive
2017-05-31 03:36:47,698: umgr.reschedule.pubsub.bridge: MainProcess                     : MainThread     : INFO    : recv message: alive
2017-05-31 03:36:47,698: umgr.reschedule.pubsub.bridge: MainProcess                     : MainThread     : DEBUG   : ru_initialize_common (NOOP)
2017-05-31 03:36:47,698: umgr.reschedule.pubsub.bridge: MainProcess                     : MainThread     : DEBUG   : ru_initialize_parent (NOOP)
2017-05-31 03:36:47,698: umgr.reschedule.pubsub.bridge: MainProcess                     : MainThread     : DEBUG   : child thread umgr.reschedule.pubsub.bridge.watch started
2017-05-31 03:36:47,698: umgr.reschedule.pubsub.bridge: MainProcess                     : MainThread     : INFO    : child is alive
2017-05-31 03:36:47,698: umgr.reschedule.pubsub.bridge: MainProcess                     : MainThread     : DEBUG   : ru_initialize_common (NOOP)
2017-05-31 03:36:47,698: umgr.reschedule.pubsub.bridge: MainProcess                     : MainThread     : DEBUG   : ru_initialize_parent (NOOP)
2017-05-31 03:36:47,699: umgr.reschedule.pubsub.bridge: MainProcess                     : MainThread     : DEBUG   : child process started
2017-05-31 03:44:24,246: umgr.reschedule.pubsub.bridge: MainProcess                     : MainThread     : INFO    : parent stops child
2017-05-31 03:44:24,246: umgr.reschedule.pubsub.bridge: MainProcess                     : MainThread     : DEBUG   : ru_finalize_parent (NOOP)
2017-05-31 03:44:24,246: umgr.reschedule.pubsub.bridge: MainProcess                     : MainThread     : DEBUG   : ru_finalize_common (NOOP)
2017-05-31 03:44:24,246: umgr.reschedule.pubsub.bridge: MainProcess                     : MainThread     : INFO    : parent stops child
2017-05-31 03:44:24,246: umgr.reschedule.pubsub.bridge: MainProcess                     : MainThread     : DEBUG   : ru_finalize_parent (NOOP)
2017-05-31 03:44:24,247: umgr.reschedule.pubsub.bridge: MainProcess                     : MainThread     : DEBUG   : ru_finalize_common (NOOP)
2017-05-31 03:44:24,308: umgr.reschedule.pubsub.bridge: MainProcess                     : umgr.reschedule.pubsub.bridge.watch: INFO    : send message: work finished
2017-05-31 03:44:24,309: umgr.reschedule.pubsub.bridge: MainProcess                     : umgr.reschedule.pubsub.bridge.watch: DEBUG   : ru_finalize_child (NOOP)
2017-05-31 03:44:24,310: umgr.reschedule.pubsub.bridge: MainProcess                     : umgr.reschedule.pubsub.bridge.watch: DEBUG   : ru_finalize_common (NOOP)
2017-05-31 03:44:24,310: umgr.reschedule.pubsub.bridge: MainProcess                     : umgr.reschedule.pubsub.bridge.watch: INFO    : send message: terminating
2017-05-31 03:44:24,411: umgr.reschedule.pubsub.bridge: MainProcess                     : MainThread     : WARNING : failed to stop child - terminate
2017-05-31 03:44:32,652: umgr.reschedule.pubsub.bridge: MainProcess                     : MainThread     : INFO    : radical.pilot        version: split-81-gf853cc9b@feature-bridges
2017-05-31 03:44:32,652: umgr.reschedule.pubsub.bridge: MainProcess                     : MainThread     : INFO    : create umgr_reschedule_pubsub - bridge - tcp://*:*
2017-05-31 03:44:32,652: umgr.reschedule.pubsub.bridge: MainProcess                     : MainThread     : DEBUG   : start process
2017-05-31 03:44:32,662: umgr.reschedule.pubsub.bridge: umgr.reschedule.pubsub.bridge   : MainThread     : INFO    : child (me) initializing
2017-05-31 03:44:32,662: umgr.reschedule.pubsub.bridge: umgr.reschedule.pubsub.bridge   : MainThread     : DEBUG   : start thread
2017-05-31 03:44:32,662: umgr.reschedule.pubsub.bridge: umgr.reschedule.pubsub.bridge   : umgr.reschedule.pubsub.bridge.child.watch: INFO    : child (me) initializing
2017-05-31 03:44:32,662: umgr.reschedule.pubsub.bridge: umgr.reschedule.pubsub.bridge   : umgr.reschedule.pubsub.bridge.child.watch: DEBUG   : ru_initialize_common (NOOP)
2017-05-31 03:44:32,662: umgr.reschedule.pubsub.bridge: umgr.reschedule.pubsub.bridge   : umgr.reschedule.pubsub.bridge.child.watch: DEBUG   : ru_initialize_child (NOOP)
2017-05-31 03:44:32,663: umgr.reschedule.pubsub.bridge: umgr.reschedule.pubsub.bridge   : umgr.reschedule.pubsub.bridge.child.watch: INFO    : send alive
2017-05-31 03:44:32,663: umgr.reschedule.pubsub.bridge: umgr.reschedule.pubsub.bridge   : umgr.reschedule.pubsub.bridge.child.watch: INFO    : send message: alive
2017-05-31 03:44:32,663: umgr.reschedule.pubsub.bridge: umgr.reschedule.pubsub.bridge   : MainThread     : INFO    : recv message: alive
2017-05-31 03:44:32,663: umgr.reschedule.pubsub.bridge: umgr.reschedule.pubsub.bridge   : MainThread     : DEBUG   : ru_initialize_common (NOOP)
2017-05-31 03:44:32,664: umgr.reschedule.pubsub.bridge: umgr.reschedule.pubsub.bridge   : MainThread     : DEBUG   : ru_initialize_parent (NOOP)
2017-05-31 03:44:32,664: umgr.reschedule.pubsub.bridge: umgr.reschedule.pubsub.bridge   : MainThread     : DEBUG   : child thread umgr.reschedule.pubsub.bridge.child.watch started
2017-05-31 03:44:32,664: umgr.reschedule.pubsub.bridge: umgr.reschedule.pubsub.bridge   : MainThread     : INFO    : child (me) is alive
2017-05-31 03:44:32,664: umgr.reschedule.pubsub.bridge: umgr.reschedule.pubsub.bridge   : MainThread     : DEBUG   : ru_initialize_common (NOOP)
2017-05-31 03:44:32,665: umgr.reschedule.pubsub.bridge: umgr.reschedule.pubsub.bridge.child: MainThread     : INFO    : send alive
2017-05-31 03:44:32,665: umgr.reschedule.pubsub.bridge: umgr.reschedule.pubsub.bridge.child: MainThread     : INFO    : send message: alive
2017-05-31 03:44:32,665: umgr.reschedule.pubsub.bridge: MainProcess                     : MainThread     : INFO    : recv message: alive
2017-05-31 03:44:32,666: umgr.reschedule.pubsub.bridge: MainProcess                     : MainThread     : DEBUG   : start thread
2017-05-31 03:44:32,666: umgr.reschedule.pubsub.bridge: MainProcess                     : umgr.reschedule.pubsub.bridge.watch: INFO    : child (me) initializing
2017-05-31 03:44:32,666: umgr.reschedule.pubsub.bridge: MainProcess                     : umgr.reschedule.pubsub.bridge.watch: DEBUG   : ru_initialize_common (NOOP)
2017-05-31 03:44:32,666: umgr.reschedule.pubsub.bridge: MainProcess                     : umgr.reschedule.pubsub.bridge.watch: DEBUG   : ru_initialize_child (NOOP)
2017-05-31 03:44:32,666: umgr.reschedule.pubsub.bridge: MainProcess                     : umgr.reschedule.pubsub.bridge.watch: INFO    : send alive
2017-05-31 03:44:32,666: umgr.reschedule.pubsub.bridge: MainProcess                     : umgr.reschedule.pubsub.bridge.watch: INFO    : send message: alive
2017-05-31 03:44:32,667: umgr.reschedule.pubsub.bridge: MainProcess                     : MainThread     : INFO    : recv message: alive
2017-05-31 03:44:32,667: umgr.reschedule.pubsub.bridge: MainProcess                     : MainThread     : DEBUG   : ru_initialize_common (NOOP)
2017-05-31 03:44:32,667: umgr.reschedule.pubsub.bridge: MainProcess                     : MainThread     : DEBUG   : ru_initialize_parent (NOOP)
2017-05-31 03:44:32,667: umgr.reschedule.pubsub.bridge: MainProcess                     : MainThread     : DEBUG   : child thread umgr.reschedule.pubsub.bridge.watch started
2017-05-31 03:44:32,668: umgr.reschedule.pubsub.bridge: MainProcess                     : MainThread     : INFO    : child is alive
2017-05-31 03:44:32,668: umgr.reschedule.pubsub.bridge: MainProcess                     : MainThread     : DEBUG   : ru_initialize_common (NOOP)
2017-05-31 03:44:32,668: umgr.reschedule.pubsub.bridge: MainProcess                     : MainThread     : DEBUG   : ru_initialize_parent (NOOP)
2017-05-31 03:44:32,668: umgr.reschedule.pubsub.bridge: MainProcess                     : MainThread     : DEBUG   : child process started
2017-05-31 03:44:32,886: umgr.reschedule.pubsub.bridge: MainProcess                     : MainThread     : INFO    : parent stops child
2017-05-31 03:44:32,886: umgr.reschedule.pubsub.bridge: MainProcess                     : MainThread     : DEBUG   : ru_finalize_parent (NOOP)
2017-05-31 03:44:32,887: umgr.reschedule.pubsub.bridge: MainProcess                     : MainThread     : DEBUG   : ru_finalize_common (NOOP)
2017-05-31 03:44:32,887: umgr.reschedule.pubsub.bridge: MainProcess                     : MainThread     : INFO    : parent stops child
2017-05-31 03:44:32,887: umgr.reschedule.pubsub.bridge: MainProcess                     : MainThread     : DEBUG   : ru_finalize_parent (NOOP)
2017-05-31 03:44:32,887: umgr.reschedule.pubsub.bridge: MainProcess                     : MainThread     : DEBUG   : ru_finalize_common (NOOP)
2017-05-31 03:44:32,971: umgr.reschedule.pubsub.bridge: MainProcess                     : umgr.reschedule.pubsub.bridge.watch: INFO    : send message: work finished
2017-05-31 03:44:32,972: umgr.reschedule.pubsub.bridge: MainProcess                     : umgr.reschedule.pubsub.bridge.watch: DEBUG   : ru_finalize_child (NOOP)
2017-05-31 03:44:32,972: umgr.reschedule.pubsub.bridge: MainProcess                     : umgr.reschedule.pubsub.bridge.watch: DEBUG   : ru_finalize_common (NOOP)
2017-05-31 03:44:32,972: umgr.reschedule.pubsub.bridge: MainProcess                     : umgr.reschedule.pubsub.bridge.watch: INFO    : send message: terminating
2017-05-31 03:44:33,101: umgr.reschedule.pubsub.bridge: MainProcess                     : MainThread     : WARNING : failed to stop child - terminate
