2017-05-31 02:40:36,139: umgr.scheduling.0   : MainProcess                     : MainThread     : INFO    : python.interpreter   version: 2.7.12 (default, Nov 19 2016, 06:48:10) [GCC 5.4.0 20160609]
2017-05-31 02:40:36,139: umgr.scheduling.0   : MainProcess                     : MainThread     : INFO    :                      pid: 27015
2017-05-31 02:40:36,139: umgr.scheduling.0   : MainProcess                     : MainThread     : INFO    :                      tid: MainThread
2017-05-31 02:40:36,139: umgr.scheduling.0   : MainProcess                     : MainThread     : INFO    : radical.pilot        version: split-81-gf853cc9b@feature-bridges
2017-05-31 02:40:36,140: umgr.scheduling.0   : MainProcess                     : MainThread     : DEBUG   : start process
2017-05-31 02:40:36,153: umgr.scheduling.0   : umgr.scheduling.0               : MainThread     : INFO    : child (me) initializing
2017-05-31 02:40:36,153: umgr.scheduling.0   : umgr.scheduling.0               : MainThread     : DEBUG   : start thread
2017-05-31 02:40:36,154: umgr.scheduling.0   : umgr.scheduling.0               : umgr.scheduling.0.child.watch: INFO    : child (me) initializing
2017-05-31 02:40:36,154: umgr.scheduling.0   : umgr.scheduling.0               : umgr.scheduling.0.child.watch: DEBUG   : ru_initialize_common (NOOP)
2017-05-31 02:40:36,155: umgr.scheduling.0   : umgr.scheduling.0               : umgr.scheduling.0.child.watch: DEBUG   : ru_initialize_child (NOOP)
2017-05-31 02:40:36,155: umgr.scheduling.0   : umgr.scheduling.0               : umgr.scheduling.0.child.watch: INFO    : send alive
2017-05-31 02:40:36,155: umgr.scheduling.0   : umgr.scheduling.0               : umgr.scheduling.0.child.watch: INFO    : send message: alive
2017-05-31 02:40:36,156: umgr.scheduling.0   : umgr.scheduling.0               : MainThread     : INFO    : recv message: alive
2017-05-31 02:40:36,156: umgr.scheduling.0   : umgr.scheduling.0               : MainThread     : DEBUG   : ru_initialize_common (NOOP)
2017-05-31 02:40:36,156: umgr.scheduling.0   : umgr.scheduling.0               : MainThread     : DEBUG   : ru_initialize_parent (NOOP)
2017-05-31 02:40:36,156: umgr.scheduling.0   : umgr.scheduling.0               : MainThread     : DEBUG   : child thread umgr.scheduling.0.child.watch started
2017-05-31 02:40:36,156: umgr.scheduling.0   : umgr.scheduling.0               : MainThread     : INFO    : child (me) is alive
2017-05-31 02:40:36,208: umgr.scheduling.0   : umgr.scheduling.0               : MainThread     : INFO    : send alive
2017-05-31 02:40:36,208: umgr.scheduling.0   : umgr.scheduling.0               : MainThread     : INFO    : send message: alive
2017-05-31 02:40:36,208: umgr.scheduling.0   : MainProcess                     : MainThread     : INFO    : recv message: alive
2017-05-31 02:40:36,208: umgr.scheduling.0   : MainProcess                     : MainThread     : DEBUG   : start thread
2017-05-31 02:40:36,209: umgr.scheduling.0   : MainProcess                     : umgr.scheduling.0.watch: INFO    : child (me) initializing
2017-05-31 02:40:36,209: umgr.scheduling.0   : MainProcess                     : umgr.scheduling.0.watch: DEBUG   : ru_initialize_common (NOOP)
2017-05-31 02:40:36,209: umgr.scheduling.0   : MainProcess                     : umgr.scheduling.0.watch: DEBUG   : ru_initialize_child (NOOP)
2017-05-31 02:40:36,209: umgr.scheduling.0   : MainProcess                     : umgr.scheduling.0.watch: INFO    : send alive
2017-05-31 02:40:36,209: umgr.scheduling.0   : MainProcess                     : umgr.scheduling.0.watch: INFO    : send message: alive
2017-05-31 02:40:36,210: umgr.scheduling.0   : MainProcess                     : MainThread     : INFO    : recv message: alive
2017-05-31 02:40:36,210: umgr.scheduling.0   : MainProcess                     : MainThread     : DEBUG   : ru_initialize_common (NOOP)
2017-05-31 02:40:36,210: umgr.scheduling.0   : MainProcess                     : MainThread     : DEBUG   : ru_initialize_parent (NOOP)
2017-05-31 02:40:36,210: umgr.scheduling.0   : MainProcess                     : MainThread     : DEBUG   : child thread umgr.scheduling.0.watch started
2017-05-31 02:40:36,210: umgr.scheduling.0   : MainProcess                     : MainThread     : INFO    : child is alive
2017-05-31 02:40:36,210: umgr.scheduling.0   : MainProcess                     : MainThread     : INFO    : radical.pilot        version: split-81-gf853cc9b@feature-bridges
2017-05-31 02:40:36,232: umgr.scheduling.0   : MainProcess                     : MainThread     : INFO    : initialize umgr.scheduling.0
2017-05-31 02:40:36,235: umgr.scheduling.0   : MainProcess                     : MainThread     : INFO    : cfg: {'agents': {},
 u'bridges': {u'control_pubsub': {'addr_in': 'tcp://138.201.86.166:43217',
                                  'addr_out': 'tcp://138.201.86.166:35116',
                                  u'bulk_size': 0,
                                  u'log_level': u'debug',
                                  u'stall_hwm': 1},
              u'log_pubsub': {'addr_in': 'tcp://138.201.86.166:44135',
                              'addr_out': 'tcp://138.201.86.166:43243',
                              u'bulk_size': 0,
                              u'log_level': u'debug',
                              u'stall_hwm': 1},
              u'state_pubsub': {'addr_in': 'tcp://138.201.86.166:32771',
                                'addr_out': 'tcp://138.201.86.166:42499',
                                u'bulk_size': 0,
                                u'log_level': u'debug',
                                u'stall_hwm': 1},
              u'umgr_reschedule_pubsub': {'addr_in': 'tcp://138.201.86.166:33093',
                                          'addr_out': 'tcp://138.201.86.166:35698',
                                          u'bulk_size': 0,
                                          u'log_level': u'debug',
                                          u'stall_hwm': 1},
              u'umgr_scheduling_queue': {'addr_in': 'tcp://138.201.86.166:38363',
                                         'addr_out': 'tcp://138.201.86.166:38131',
                                         u'bulk_size': 0,
                                         u'log_level': u'debug',
                                         u'stall_hwm': 1},
              u'umgr_staging_input_queue': {'addr_in': 'tcp://138.201.86.166:44927',
                                            'addr_out': 'tcp://138.201.86.166:34457',
                                            u'bulk_size': 0,
                                            u'log_level': u'debug',
                                            u'stall_hwm': 1},
              u'umgr_staging_output_queue': {'addr_in': 'tcp://138.201.86.166:42436',
                                             'addr_out': 'tcp://138.201.86.166:44133',
                                             u'bulk_size': 0,
                                             u'log_level': u'debug',
                                             u'stall_hwm': 1},
              u'umgr_unschedule_pubsub': {'addr_in': 'tcp://138.201.86.166:34553',
                                          'addr_out': 'tcp://138.201.86.166:34412',
                                          u'bulk_size': 0,
                                          u'log_level': u'debug',
                                          u'stall_hwm': 1}},
 u'bulk_collection_size': 100,
 u'bulk_collection_time': 1.0,
 'cname': u'UMGRSchedulingComponent',
 u'components': {},
 u'count': 1,
 u'db_poll_sleeptime': 1.0,
 'number': 0,
 'owner': 'umgr.0000',
 u'scheduler': u'round_robin',
 'uid': 'umgr.0000'}
2017-05-31 02:40:36,236: umgr.scheduling.0   : MainProcess                     : MainThread     : DEBUG   : START: umgr.scheduling.0 register publisher log_pubsub
2017-05-31 02:40:36,236: umgr.scheduling.0   : MainProcess                     : MainThread     : DEBUG   : using addr tcp://138.201.86.166:44135 for pubsub log_pubsub
2017-05-31 02:40:36,237: umgr.scheduling.0   : MainProcess                     : MainThread     : DEBUG   : registered publisher : log_pubsub : log.pubsub.pub
2017-05-31 02:40:36,237: umgr.scheduling.0   : MainProcess                     : MainThread     : DEBUG   : START: umgr.scheduling.0 register publisher state_pubsub
2017-05-31 02:40:36,237: umgr.scheduling.0   : MainProcess                     : MainThread     : DEBUG   : using addr tcp://138.201.86.166:32771 for pubsub state_pubsub
2017-05-31 02:40:36,238: umgr.scheduling.0   : MainProcess                     : MainThread     : DEBUG   : registered publisher : state_pubsub : state.pubsub.pub
2017-05-31 02:40:36,238: umgr.scheduling.0   : MainProcess                     : MainThread     : DEBUG   : START: umgr.scheduling.0 register publisher control_pubsub
2017-05-31 02:40:36,238: umgr.scheduling.0   : MainProcess                     : MainThread     : DEBUG   : using addr tcp://138.201.86.166:43217 for pubsub control_pubsub
2017-05-31 02:40:36,239: umgr.scheduling.0   : MainProcess                     : MainThread     : DEBUG   : registered publisher : control_pubsub : control.pubsub.pub
2017-05-31 02:40:36,239: umgr.scheduling.0   : MainProcess                     : MainThread     : DEBUG   : child process started
2017-05-31 03:21:02,924: umgr.scheduling.0   : MainProcess                     : MainThread     : DEBUG   : stop umgr.scheduling.0 (27015 : 27216 : MainThread) [radical.pilot.unit_manager.UnitManager.finalize_parent]
2017-05-31 03:21:02,925: umgr.scheduling.0   : MainProcess                     : MainThread     : INFO    : parent stops child
2017-05-31 03:21:02,925: umgr.scheduling.0   : MainProcess                     : MainThread     : DEBUG   : ru_finalize_common()
2017-05-31 03:21:02,925: umgr.scheduling.0   : MainProcess                     : MainThread     : DEBUG   : TERM : umgr.scheduling.0 unregister publisher state_pubsub
2017-05-31 03:21:02,926: umgr.scheduling.0   : MainProcess                     : MainThread     : DEBUG   : unregistered publisher state_pubsub
2017-05-31 03:21:02,926: umgr.scheduling.0   : MainProcess                     : MainThread     : DEBUG   : TERM : umgr.scheduling.0 unregister publisher control_pubsub
2017-05-31 03:21:02,927: umgr.scheduling.0   : MainProcess                     : MainThread     : DEBUG   : unregistered publisher control_pubsub
2017-05-31 03:21:02,927: umgr.scheduling.0   : MainProcess                     : MainThread     : DEBUG   : umgr.scheduling.0 close prof
2017-05-31 03:21:02,928: umgr.scheduling.0   : MainProcess                     : MainThread     : INFO    : parent stops child
2017-05-31 03:21:02,928: umgr.scheduling.0   : MainProcess                     : MainThread     : DEBUG   : ru_finalize_parent (NOOP)
2017-05-31 03:21:02,928: umgr.scheduling.0   : MainProcess                     : MainThread     : DEBUG   : ru_finalize_common (NOOP)
2017-05-31 03:21:02,996: umgr.scheduling.0   : MainProcess                     : umgr.scheduling.0.watch: INFO    : send message: work finished
2017-05-31 03:21:02,996: umgr.scheduling.0   : MainProcess                     : umgr.scheduling.0.watch: DEBUG   : ru_finalize_child (NOOP)
2017-05-31 03:21:02,997: umgr.scheduling.0   : MainProcess                     : umgr.scheduling.0.watch: DEBUG   : ru_finalize_common (NOOP)
2017-05-31 03:21:02,997: umgr.scheduling.0   : MainProcess                     : umgr.scheduling.0.watch: INFO    : send message: terminating
2017-05-31 03:21:03,143: umgr.scheduling.0   : MainProcess                     : MainThread     : WARNING : failed to stop child - terminate
2017-05-31 03:21:13,312: umgr.scheduling.0   : MainProcess                     : MainThread     : INFO    : radical.pilot        version: split-81-gf853cc9b@feature-bridges
2017-05-31 03:21:13,313: umgr.scheduling.0   : MainProcess                     : MainThread     : DEBUG   : start process
2017-05-31 03:21:13,329: umgr.scheduling.0   : umgr.scheduling.0               : MainThread     : INFO    : child (me) initializing
2017-05-31 03:21:13,330: umgr.scheduling.0   : umgr.scheduling.0               : MainThread     : DEBUG   : start thread
2017-05-31 03:21:13,331: umgr.scheduling.0   : umgr.scheduling.0               : umgr.scheduling.0.child.watch: INFO    : child (me) initializing
2017-05-31 03:21:13,331: umgr.scheduling.0   : umgr.scheduling.0               : umgr.scheduling.0.child.watch: DEBUG   : ru_initialize_common (NOOP)
2017-05-31 03:21:13,331: umgr.scheduling.0   : umgr.scheduling.0               : umgr.scheduling.0.child.watch: DEBUG   : ru_initialize_child (NOOP)
2017-05-31 03:21:13,331: umgr.scheduling.0   : umgr.scheduling.0               : umgr.scheduling.0.child.watch: INFO    : send alive
2017-05-31 03:21:13,331: umgr.scheduling.0   : umgr.scheduling.0               : umgr.scheduling.0.child.watch: INFO    : send message: alive
2017-05-31 03:21:13,332: umgr.scheduling.0   : umgr.scheduling.0               : MainThread     : INFO    : recv message: alive
2017-05-31 03:21:13,332: umgr.scheduling.0   : umgr.scheduling.0               : MainThread     : DEBUG   : ru_initialize_common (NOOP)
2017-05-31 03:21:13,332: umgr.scheduling.0   : umgr.scheduling.0               : MainThread     : DEBUG   : ru_initialize_parent (NOOP)
2017-05-31 03:21:13,333: umgr.scheduling.0   : umgr.scheduling.0               : MainThread     : DEBUG   : child thread umgr.scheduling.0.child.watch started
2017-05-31 03:21:13,333: umgr.scheduling.0   : umgr.scheduling.0               : MainThread     : INFO    : child (me) is alive
2017-05-31 03:21:13,420: umgr.scheduling.0   : umgr.scheduling.0               : MainThread     : INFO    : send alive
2017-05-31 03:21:13,421: umgr.scheduling.0   : umgr.scheduling.0               : MainThread     : INFO    : send message: alive
2017-05-31 03:21:13,421: umgr.scheduling.0   : MainProcess                     : MainThread     : INFO    : recv message: alive
2017-05-31 03:21:13,422: umgr.scheduling.0   : MainProcess                     : MainThread     : DEBUG   : start thread
2017-05-31 03:21:13,422: umgr.scheduling.0   : MainProcess                     : umgr.scheduling.0.watch: INFO    : child (me) initializing
2017-05-31 03:21:13,423: umgr.scheduling.0   : MainProcess                     : umgr.scheduling.0.watch: DEBUG   : ru_initialize_common (NOOP)
2017-05-31 03:21:13,423: umgr.scheduling.0   : MainProcess                     : umgr.scheduling.0.watch: DEBUG   : ru_initialize_child (NOOP)
2017-05-31 03:21:13,423: umgr.scheduling.0   : MainProcess                     : umgr.scheduling.0.watch: INFO    : send alive
2017-05-31 03:21:13,423: umgr.scheduling.0   : MainProcess                     : umgr.scheduling.0.watch: INFO    : send message: alive
2017-05-31 03:21:13,424: umgr.scheduling.0   : MainProcess                     : MainThread     : INFO    : recv message: alive
2017-05-31 03:21:13,424: umgr.scheduling.0   : MainProcess                     : MainThread     : DEBUG   : ru_initialize_common (NOOP)
2017-05-31 03:21:13,424: umgr.scheduling.0   : MainProcess                     : MainThread     : DEBUG   : ru_initialize_parent (NOOP)
2017-05-31 03:21:13,425: umgr.scheduling.0   : MainProcess                     : MainThread     : DEBUG   : child thread umgr.scheduling.0.watch started
2017-05-31 03:21:13,425: umgr.scheduling.0   : MainProcess                     : MainThread     : INFO    : child is alive
2017-05-31 03:21:13,425: umgr.scheduling.0   : MainProcess                     : MainThread     : INFO    : radical.pilot        version: split-81-gf853cc9b@feature-bridges
2017-05-31 03:21:13,558: umgr.scheduling.0   : MainProcess                     : MainThread     : INFO    : initialize umgr.scheduling.0
2017-05-31 03:21:13,565: umgr.scheduling.0   : MainProcess                     : MainThread     : INFO    : cfg: {'agents': {},
 u'bridges': {u'control_pubsub': {'addr_in': 'tcp://138.201.86.166:40878',
                                  'addr_out': 'tcp://138.201.86.166:36022',
                                  u'bulk_size': 0,
                                  u'log_level': u'debug',
                                  u'stall_hwm': 1},
              u'log_pubsub': {'addr_in': 'tcp://138.201.86.166:37208',
                              'addr_out': 'tcp://138.201.86.166:42897',
                              u'bulk_size': 0,
                              u'log_level': u'debug',
                              u'stall_hwm': 1},
              u'state_pubsub': {'addr_in': 'tcp://138.201.86.166:38275',
                                'addr_out': 'tcp://138.201.86.166:39820',
                                u'bulk_size': 0,
                                u'log_level': u'debug',
                                u'stall_hwm': 1},
              u'umgr_reschedule_pubsub': {'addr_in': 'tcp://138.201.86.166:41466',
                                          'addr_out': 'tcp://138.201.86.166:38669',
                                          u'bulk_size': 0,
                                          u'log_level': u'debug',
                                          u'stall_hwm': 1},
              u'umgr_scheduling_queue': {'addr_in': 'tcp://138.201.86.166:33800',
                                         'addr_out': 'tcp://138.201.86.166:38780',
                                         u'bulk_size': 0,
                                         u'log_level': u'debug',
                                         u'stall_hwm': 1},
              u'umgr_staging_input_queue': {'addr_in': 'tcp://138.201.86.166:34476',
                                            'addr_out': 'tcp://138.201.86.166:41172',
                                            u'bulk_size': 0,
                                            u'log_level': u'debug',
                                            u'stall_hwm': 1},
              u'umgr_staging_output_queue': {'addr_in': 'tcp://138.201.86.166:32931',
                                             'addr_out': 'tcp://138.201.86.166:41420',
                                             u'bulk_size': 0,
                                             u'log_level': u'debug',
                                             u'stall_hwm': 1},
              u'umgr_unschedule_pubsub': {'addr_in': 'tcp://138.201.86.166:42072',
                                          'addr_out': 'tcp://138.201.86.166:42911',
                                          u'bulk_size': 0,
                                          u'log_level': u'debug',
                                          u'stall_hwm': 1}},
 u'bulk_collection_size': 100,
 u'bulk_collection_time': 1.0,
 'cname': u'UMGRSchedulingComponent',
 u'components': {},
 u'count': 1,
 u'db_poll_sleeptime': 1.0,
 'number': 0,
 'owner': 'umgr.0000',
 u'scheduler': u'round_robin',
 'uid': 'umgr.0000'}
2017-05-31 03:21:13,565: umgr.scheduling.0   : MainProcess                     : MainThread     : DEBUG   : START: umgr.scheduling.0 register publisher log_pubsub
2017-05-31 03:21:13,566: umgr.scheduling.0   : MainProcess                     : MainThread     : DEBUG   : using addr tcp://138.201.86.166:37208 for pubsub log_pubsub
2017-05-31 03:21:13,567: umgr.scheduling.0   : MainProcess                     : MainThread     : DEBUG   : registered publisher : log_pubsub : log.pubsub.pub
2017-05-31 03:21:13,567: umgr.scheduling.0   : MainProcess                     : MainThread     : DEBUG   : START: umgr.scheduling.0 register publisher state_pubsub
2017-05-31 03:21:13,567: umgr.scheduling.0   : MainProcess                     : MainThread     : DEBUG   : using addr tcp://138.201.86.166:38275 for pubsub state_pubsub
2017-05-31 03:21:13,569: umgr.scheduling.0   : MainProcess                     : MainThread     : DEBUG   : registered publisher : state_pubsub : state.pubsub.pub
2017-05-31 03:21:13,569: umgr.scheduling.0   : MainProcess                     : MainThread     : DEBUG   : START: umgr.scheduling.0 register publisher control_pubsub
2017-05-31 03:21:13,569: umgr.scheduling.0   : MainProcess                     : MainThread     : DEBUG   : using addr tcp://138.201.86.166:40878 for pubsub control_pubsub
2017-05-31 03:21:13,583: umgr.scheduling.0   : MainProcess                     : MainThread     : DEBUG   : registered publisher : control_pubsub : control.pubsub.pub
2017-05-31 03:21:13,583: umgr.scheduling.0   : MainProcess                     : MainThread     : DEBUG   : child process started
2017-05-31 03:28:37,886: umgr.scheduling.0   : MainProcess                     : MainThread     : DEBUG   : stop umgr.scheduling.0 (27015 : 5432 : MainThread) [radical.pilot.unit_manager.UnitManager.finalize_parent]
2017-05-31 03:28:37,887: umgr.scheduling.0   : MainProcess                     : MainThread     : INFO    : parent stops child
2017-05-31 03:28:37,887: umgr.scheduling.0   : MainProcess                     : MainThread     : DEBUG   : ru_finalize_common()
2017-05-31 03:28:37,887: umgr.scheduling.0   : MainProcess                     : MainThread     : DEBUG   : TERM : umgr.scheduling.0 unregister publisher state_pubsub
2017-05-31 03:28:37,888: umgr.scheduling.0   : MainProcess                     : MainThread     : DEBUG   : unregistered publisher state_pubsub
2017-05-31 03:28:37,888: umgr.scheduling.0   : MainProcess                     : MainThread     : DEBUG   : TERM : umgr.scheduling.0 unregister publisher control_pubsub
2017-05-31 03:28:37,889: umgr.scheduling.0   : MainProcess                     : MainThread     : DEBUG   : unregistered publisher control_pubsub
2017-05-31 03:28:37,889: umgr.scheduling.0   : MainProcess                     : MainThread     : DEBUG   : umgr.scheduling.0 close prof
2017-05-31 03:28:37,890: umgr.scheduling.0   : MainProcess                     : MainThread     : INFO    : parent stops child
2017-05-31 03:28:37,890: umgr.scheduling.0   : MainProcess                     : MainThread     : DEBUG   : ru_finalize_parent (NOOP)
2017-05-31 03:28:37,890: umgr.scheduling.0   : MainProcess                     : MainThread     : DEBUG   : ru_finalize_common (NOOP)
2017-05-31 03:28:37,922: umgr.scheduling.0   : MainProcess                     : umgr.scheduling.0.watch: INFO    : send message: work finished
2017-05-31 03:28:37,922: umgr.scheduling.0   : MainProcess                     : umgr.scheduling.0.watch: DEBUG   : ru_finalize_child (NOOP)
2017-05-31 03:28:37,923: umgr.scheduling.0   : MainProcess                     : umgr.scheduling.0.watch: DEBUG   : ru_finalize_common (NOOP)
2017-05-31 03:28:37,923: umgr.scheduling.0   : MainProcess                     : umgr.scheduling.0.watch: INFO    : send message: terminating
2017-05-31 03:28:38,054: umgr.scheduling.0   : MainProcess                     : MainThread     : WARNING : failed to stop child - terminate
2017-05-31 03:28:49,186: umgr.scheduling.0   : MainProcess                     : MainThread     : INFO    : radical.pilot        version: split-81-gf853cc9b@feature-bridges
2017-05-31 03:28:49,186: umgr.scheduling.0   : MainProcess                     : MainThread     : DEBUG   : start process
2017-05-31 03:28:49,206: umgr.scheduling.0   : umgr.scheduling.0               : MainThread     : INFO    : child (me) initializing
2017-05-31 03:28:49,207: umgr.scheduling.0   : umgr.scheduling.0               : MainThread     : DEBUG   : start thread
2017-05-31 03:28:49,208: umgr.scheduling.0   : umgr.scheduling.0               : umgr.scheduling.0.child.watch: INFO    : child (me) initializing
2017-05-31 03:28:49,208: umgr.scheduling.0   : umgr.scheduling.0               : umgr.scheduling.0.child.watch: DEBUG   : ru_initialize_common (NOOP)
2017-05-31 03:28:49,208: umgr.scheduling.0   : umgr.scheduling.0               : umgr.scheduling.0.child.watch: DEBUG   : ru_initialize_child (NOOP)
2017-05-31 03:28:49,208: umgr.scheduling.0   : umgr.scheduling.0               : umgr.scheduling.0.child.watch: INFO    : send alive
2017-05-31 03:28:49,209: umgr.scheduling.0   : umgr.scheduling.0               : umgr.scheduling.0.child.watch: INFO    : send message: alive
2017-05-31 03:28:49,209: umgr.scheduling.0   : umgr.scheduling.0               : MainThread     : INFO    : recv message: alive
2017-05-31 03:28:49,210: umgr.scheduling.0   : umgr.scheduling.0               : MainThread     : DEBUG   : ru_initialize_common (NOOP)
2017-05-31 03:28:49,210: umgr.scheduling.0   : umgr.scheduling.0               : MainThread     : DEBUG   : ru_initialize_parent (NOOP)
2017-05-31 03:28:49,210: umgr.scheduling.0   : umgr.scheduling.0               : MainThread     : DEBUG   : child thread umgr.scheduling.0.child.watch started
2017-05-31 03:28:49,210: umgr.scheduling.0   : umgr.scheduling.0               : MainThread     : INFO    : child (me) is alive
2017-05-31 03:28:50,250: umgr.scheduling.0   : umgr.scheduling.0               : MainThread     : INFO    : send alive
2017-05-31 03:28:50,250: umgr.scheduling.0   : umgr.scheduling.0               : MainThread     : INFO    : send message: alive
2017-05-31 03:28:50,250: umgr.scheduling.0   : MainProcess                     : MainThread     : INFO    : recv message: alive
2017-05-31 03:28:50,251: umgr.scheduling.0   : MainProcess                     : MainThread     : DEBUG   : start thread
2017-05-31 03:28:50,251: umgr.scheduling.0   : MainProcess                     : umgr.scheduling.0.watch: INFO    : child (me) initializing
2017-05-31 03:28:50,252: umgr.scheduling.0   : MainProcess                     : umgr.scheduling.0.watch: DEBUG   : ru_initialize_common (NOOP)
2017-05-31 03:28:50,252: umgr.scheduling.0   : MainProcess                     : umgr.scheduling.0.watch: DEBUG   : ru_initialize_child (NOOP)
2017-05-31 03:28:50,252: umgr.scheduling.0   : MainProcess                     : umgr.scheduling.0.watch: INFO    : send alive
2017-05-31 03:28:50,252: umgr.scheduling.0   : MainProcess                     : umgr.scheduling.0.watch: INFO    : send message: alive
2017-05-31 03:28:50,253: umgr.scheduling.0   : MainProcess                     : MainThread     : INFO    : recv message: alive
2017-05-31 03:28:50,253: umgr.scheduling.0   : MainProcess                     : MainThread     : DEBUG   : ru_initialize_common (NOOP)
2017-05-31 03:28:50,254: umgr.scheduling.0   : MainProcess                     : MainThread     : DEBUG   : ru_initialize_parent (NOOP)
2017-05-31 03:28:50,254: umgr.scheduling.0   : MainProcess                     : MainThread     : DEBUG   : child thread umgr.scheduling.0.watch started
2017-05-31 03:28:50,254: umgr.scheduling.0   : MainProcess                     : MainThread     : INFO    : child is alive
2017-05-31 03:28:50,254: umgr.scheduling.0   : MainProcess                     : MainThread     : INFO    : radical.pilot        version: split-81-gf853cc9b@feature-bridges
2017-05-31 03:28:50,263: umgr.scheduling.0   : MainProcess                     : MainThread     : INFO    : initialize umgr.scheduling.0
2017-05-31 03:28:50,269: umgr.scheduling.0   : MainProcess                     : MainThread     : INFO    : cfg: {'agents': {},
 u'bridges': {u'control_pubsub': {'addr_in': 'tcp://138.201.86.166:33905',
                                  'addr_out': 'tcp://138.201.86.166:37241',
                                  u'bulk_size': 0,
                                  u'log_level': u'debug',
                                  u'stall_hwm': 1},
              u'log_pubsub': {'addr_in': 'tcp://138.201.86.166:33991',
                              'addr_out': 'tcp://138.201.86.166:34611',
                              u'bulk_size': 0,
                              u'log_level': u'debug',
                              u'stall_hwm': 1},
              u'state_pubsub': {'addr_in': 'tcp://138.201.86.166:34835',
                                'addr_out': 'tcp://138.201.86.166:45253',
                                u'bulk_size': 0,
                                u'log_level': u'debug',
                                u'stall_hwm': 1},
              u'umgr_reschedule_pubsub': {'addr_in': 'tcp://138.201.86.166:46697',
                                          'addr_out': 'tcp://138.201.86.166:38414',
                                          u'bulk_size': 0,
                                          u'log_level': u'debug',
                                          u'stall_hwm': 1},
              u'umgr_scheduling_queue': {'addr_in': 'tcp://138.201.86.166:37670',
                                         'addr_out': 'tcp://138.201.86.166:38575',
                                         u'bulk_size': 0,
                                         u'log_level': u'debug',
                                         u'stall_hwm': 1},
              u'umgr_staging_input_queue': {'addr_in': 'tcp://138.201.86.166:33391',
                                            'addr_out': 'tcp://138.201.86.166:34836',
                                            u'bulk_size': 0,
                                            u'log_level': u'debug',
                                            u'stall_hwm': 1},
              u'umgr_staging_output_queue': {'addr_in': 'tcp://138.201.86.166:40102',
                                             'addr_out': 'tcp://138.201.86.166:38160',
                                             u'bulk_size': 0,
                                             u'log_level': u'debug',
                                             u'stall_hwm': 1},
              u'umgr_unschedule_pubsub': {'addr_in': 'tcp://138.201.86.166:40323',
                                          'addr_out': 'tcp://138.201.86.166:37404',
                                          u'bulk_size': 0,
                                          u'log_level': u'debug',
                                          u'stall_hwm': 1}},
 u'bulk_collection_size': 100,
 u'bulk_collection_time': 1.0,
 'cname': u'UMGRSchedulingComponent',
 u'components': {},
 u'count': 1,
 u'db_poll_sleeptime': 1.0,
 'number': 0,
 'owner': 'umgr.0000',
 u'scheduler': u'round_robin',
 'uid': 'umgr.0000'}
2017-05-31 03:28:50,270: umgr.scheduling.0   : MainProcess                     : MainThread     : DEBUG   : START: umgr.scheduling.0 register publisher log_pubsub
2017-05-31 03:28:50,270: umgr.scheduling.0   : MainProcess                     : MainThread     : DEBUG   : using addr tcp://138.201.86.166:33991 for pubsub log_pubsub
2017-05-31 03:28:50,271: umgr.scheduling.0   : MainProcess                     : MainThread     : DEBUG   : registered publisher : log_pubsub : log.pubsub.pub
2017-05-31 03:28:50,272: umgr.scheduling.0   : MainProcess                     : MainThread     : DEBUG   : START: umgr.scheduling.0 register publisher state_pubsub
2017-05-31 03:28:50,272: umgr.scheduling.0   : MainProcess                     : MainThread     : DEBUG   : using addr tcp://138.201.86.166:34835 for pubsub state_pubsub
2017-05-31 03:28:50,273: umgr.scheduling.0   : MainProcess                     : MainThread     : DEBUG   : registered publisher : state_pubsub : state.pubsub.pub
2017-05-31 03:28:50,273: umgr.scheduling.0   : MainProcess                     : MainThread     : DEBUG   : START: umgr.scheduling.0 register publisher control_pubsub
2017-05-31 03:28:50,274: umgr.scheduling.0   : MainProcess                     : MainThread     : DEBUG   : using addr tcp://138.201.86.166:33905 for pubsub control_pubsub
2017-05-31 03:28:50,275: umgr.scheduling.0   : MainProcess                     : MainThread     : DEBUG   : registered publisher : control_pubsub : control.pubsub.pub
2017-05-31 03:28:50,275: umgr.scheduling.0   : MainProcess                     : MainThread     : DEBUG   : child process started
2017-05-31 03:36:38,844: umgr.scheduling.0   : MainProcess                     : MainThread     : DEBUG   : stop umgr.scheduling.0 (27015 : 7547 : MainThread) [radical.pilot.unit_manager.UnitManager.finalize_parent]
2017-05-31 03:36:38,845: umgr.scheduling.0   : MainProcess                     : MainThread     : INFO    : parent stops child
2017-05-31 03:36:38,845: umgr.scheduling.0   : MainProcess                     : MainThread     : DEBUG   : ru_finalize_common()
2017-05-31 03:36:38,845: umgr.scheduling.0   : MainProcess                     : MainThread     : DEBUG   : TERM : umgr.scheduling.0 unregister publisher state_pubsub
2017-05-31 03:36:38,846: umgr.scheduling.0   : MainProcess                     : MainThread     : DEBUG   : unregistered publisher state_pubsub
2017-05-31 03:36:38,846: umgr.scheduling.0   : MainProcess                     : MainThread     : DEBUG   : TERM : umgr.scheduling.0 unregister publisher control_pubsub
2017-05-31 03:36:38,847: umgr.scheduling.0   : MainProcess                     : MainThread     : DEBUG   : unregistered publisher control_pubsub
2017-05-31 03:36:38,848: umgr.scheduling.0   : MainProcess                     : MainThread     : DEBUG   : umgr.scheduling.0 close prof
2017-05-31 03:36:38,848: umgr.scheduling.0   : MainProcess                     : MainThread     : INFO    : parent stops child
2017-05-31 03:36:38,848: umgr.scheduling.0   : MainProcess                     : MainThread     : DEBUG   : ru_finalize_parent (NOOP)
2017-05-31 03:36:38,848: umgr.scheduling.0   : MainProcess                     : MainThread     : DEBUG   : ru_finalize_common (NOOP)
2017-05-31 03:36:38,890: umgr.scheduling.0   : MainProcess                     : umgr.scheduling.0.watch: INFO    : send message: work finished
2017-05-31 03:36:38,891: umgr.scheduling.0   : MainProcess                     : umgr.scheduling.0.watch: DEBUG   : ru_finalize_child (NOOP)
2017-05-31 03:36:38,891: umgr.scheduling.0   : MainProcess                     : umgr.scheduling.0.watch: DEBUG   : ru_finalize_common (NOOP)
2017-05-31 03:36:38,891: umgr.scheduling.0   : MainProcess                     : umgr.scheduling.0.watch: INFO    : send message: terminating
2017-05-31 03:36:39,013: umgr.scheduling.0   : MainProcess                     : MainThread     : WARNING : failed to stop child - terminate
2017-05-31 03:36:47,993: umgr.scheduling.0   : MainProcess                     : MainThread     : INFO    : radical.pilot        version: split-81-gf853cc9b@feature-bridges
2017-05-31 03:36:47,993: umgr.scheduling.0   : MainProcess                     : MainThread     : DEBUG   : start process
2017-05-31 03:36:48,011: umgr.scheduling.0   : umgr.scheduling.0               : MainThread     : INFO    : child (me) initializing
2017-05-31 03:36:48,012: umgr.scheduling.0   : umgr.scheduling.0               : MainThread     : DEBUG   : start thread
2017-05-31 03:36:48,012: umgr.scheduling.0   : umgr.scheduling.0               : umgr.scheduling.0.child.watch: INFO    : child (me) initializing
2017-05-31 03:36:48,012: umgr.scheduling.0   : umgr.scheduling.0               : umgr.scheduling.0.child.watch: DEBUG   : ru_initialize_common (NOOP)
2017-05-31 03:36:48,012: umgr.scheduling.0   : umgr.scheduling.0               : umgr.scheduling.0.child.watch: DEBUG   : ru_initialize_child (NOOP)
2017-05-31 03:36:48,012: umgr.scheduling.0   : umgr.scheduling.0               : umgr.scheduling.0.child.watch: INFO    : send alive
2017-05-31 03:36:48,012: umgr.scheduling.0   : umgr.scheduling.0               : umgr.scheduling.0.child.watch: INFO    : send message: alive
2017-05-31 03:36:48,013: umgr.scheduling.0   : umgr.scheduling.0               : MainThread     : INFO    : recv message: alive
2017-05-31 03:36:48,013: umgr.scheduling.0   : umgr.scheduling.0               : MainThread     : DEBUG   : ru_initialize_common (NOOP)
2017-05-31 03:36:48,013: umgr.scheduling.0   : umgr.scheduling.0               : MainThread     : DEBUG   : ru_initialize_parent (NOOP)
2017-05-31 03:36:48,013: umgr.scheduling.0   : umgr.scheduling.0               : MainThread     : DEBUG   : child thread umgr.scheduling.0.child.watch started
2017-05-31 03:36:48,013: umgr.scheduling.0   : umgr.scheduling.0               : MainThread     : INFO    : child (me) is alive
2017-05-31 03:36:48,037: umgr.scheduling.0   : umgr.scheduling.0               : MainThread     : INFO    : send alive
2017-05-31 03:36:48,037: umgr.scheduling.0   : umgr.scheduling.0               : MainThread     : INFO    : send message: alive
2017-05-31 03:36:48,037: umgr.scheduling.0   : MainProcess                     : MainThread     : INFO    : recv message: alive
2017-05-31 03:36:48,037: umgr.scheduling.0   : MainProcess                     : MainThread     : DEBUG   : start thread
2017-05-31 03:36:48,037: umgr.scheduling.0   : MainProcess                     : umgr.scheduling.0.watch: INFO    : child (me) initializing
2017-05-31 03:36:48,038: umgr.scheduling.0   : MainProcess                     : umgr.scheduling.0.watch: DEBUG   : ru_initialize_common (NOOP)
2017-05-31 03:36:48,038: umgr.scheduling.0   : MainProcess                     : umgr.scheduling.0.watch: DEBUG   : ru_initialize_child (NOOP)
2017-05-31 03:36:48,038: umgr.scheduling.0   : MainProcess                     : umgr.scheduling.0.watch: INFO    : send alive
2017-05-31 03:36:48,038: umgr.scheduling.0   : MainProcess                     : umgr.scheduling.0.watch: INFO    : send message: alive
2017-05-31 03:36:48,039: umgr.scheduling.0   : MainProcess                     : MainThread     : INFO    : recv message: alive
2017-05-31 03:36:48,039: umgr.scheduling.0   : MainProcess                     : MainThread     : DEBUG   : ru_initialize_common (NOOP)
2017-05-31 03:36:48,039: umgr.scheduling.0   : MainProcess                     : MainThread     : DEBUG   : ru_initialize_parent (NOOP)
2017-05-31 03:36:48,039: umgr.scheduling.0   : MainProcess                     : MainThread     : DEBUG   : child thread umgr.scheduling.0.watch started
2017-05-31 03:36:48,039: umgr.scheduling.0   : MainProcess                     : MainThread     : INFO    : child is alive
2017-05-31 03:36:48,039: umgr.scheduling.0   : MainProcess                     : MainThread     : INFO    : radical.pilot        version: split-81-gf853cc9b@feature-bridges
2017-05-31 03:36:48,050: umgr.scheduling.0   : MainProcess                     : MainThread     : INFO    : initialize umgr.scheduling.0
2017-05-31 03:36:48,052: umgr.scheduling.0   : MainProcess                     : MainThread     : INFO    : cfg: {'agents': {},
 u'bridges': {u'control_pubsub': {'addr_in': 'tcp://138.201.86.166:33790',
                                  'addr_out': 'tcp://138.201.86.166:34962',
                                  u'bulk_size': 0,
                                  u'log_level': u'debug',
                                  u'stall_hwm': 1},
              u'log_pubsub': {'addr_in': 'tcp://138.201.86.166:43753',
                              'addr_out': 'tcp://138.201.86.166:46493',
                              u'bulk_size': 0,
                              u'log_level': u'debug',
                              u'stall_hwm': 1},
              u'state_pubsub': {'addr_in': 'tcp://138.201.86.166:39607',
                                'addr_out': 'tcp://138.201.86.166:45158',
                                u'bulk_size': 0,
                                u'log_level': u'debug',
                                u'stall_hwm': 1},
              u'umgr_reschedule_pubsub': {'addr_in': 'tcp://138.201.86.166:41890',
                                          'addr_out': 'tcp://138.201.86.166:38999',
                                          u'bulk_size': 0,
                                          u'log_level': u'debug',
                                          u'stall_hwm': 1},
              u'umgr_scheduling_queue': {'addr_in': 'tcp://138.201.86.166:43535',
                                         'addr_out': 'tcp://138.201.86.166:41807',
                                         u'bulk_size': 0,
                                         u'log_level': u'debug',
                                         u'stall_hwm': 1},
              u'umgr_staging_input_queue': {'addr_in': 'tcp://138.201.86.166:38627',
                                            'addr_out': 'tcp://138.201.86.166:37793',
                                            u'bulk_size': 0,
                                            u'log_level': u'debug',
                                            u'stall_hwm': 1},
              u'umgr_staging_output_queue': {'addr_in': 'tcp://138.201.86.166:45370',
                                             'addr_out': 'tcp://138.201.86.166:43357',
                                             u'bulk_size': 0,
                                             u'log_level': u'debug',
                                             u'stall_hwm': 1},
              u'umgr_unschedule_pubsub': {'addr_in': 'tcp://138.201.86.166:41639',
                                          'addr_out': 'tcp://138.201.86.166:39409',
                                          u'bulk_size': 0,
                                          u'log_level': u'debug',
                                          u'stall_hwm': 1}},
 u'bulk_collection_size': 100,
 u'bulk_collection_time': 1.0,
 'cname': u'UMGRSchedulingComponent',
 u'components': {},
 u'count': 1,
 u'db_poll_sleeptime': 1.0,
 'number': 0,
 'owner': 'umgr.0000',
 u'scheduler': u'round_robin',
 'uid': 'umgr.0000'}
2017-05-31 03:36:48,052: umgr.scheduling.0   : MainProcess                     : MainThread     : DEBUG   : START: umgr.scheduling.0 register publisher log_pubsub
2017-05-31 03:36:48,052: umgr.scheduling.0   : MainProcess                     : MainThread     : DEBUG   : using addr tcp://138.201.86.166:43753 for pubsub log_pubsub
2017-05-31 03:36:48,053: umgr.scheduling.0   : MainProcess                     : MainThread     : DEBUG   : registered publisher : log_pubsub : log.pubsub.pub
2017-05-31 03:36:48,053: umgr.scheduling.0   : MainProcess                     : MainThread     : DEBUG   : START: umgr.scheduling.0 register publisher state_pubsub
2017-05-31 03:36:48,053: umgr.scheduling.0   : MainProcess                     : MainThread     : DEBUG   : using addr tcp://138.201.86.166:39607 for pubsub state_pubsub
2017-05-31 03:36:48,054: umgr.scheduling.0   : MainProcess                     : MainThread     : DEBUG   : registered publisher : state_pubsub : state.pubsub.pub
2017-05-31 03:36:48,054: umgr.scheduling.0   : MainProcess                     : MainThread     : DEBUG   : START: umgr.scheduling.0 register publisher control_pubsub
2017-05-31 03:36:48,054: umgr.scheduling.0   : MainProcess                     : MainThread     : DEBUG   : using addr tcp://138.201.86.166:33790 for pubsub control_pubsub
2017-05-31 03:36:48,054: umgr.scheduling.0   : MainProcess                     : MainThread     : DEBUG   : registered publisher : control_pubsub : control.pubsub.pub
2017-05-31 03:36:48,054: umgr.scheduling.0   : MainProcess                     : MainThread     : DEBUG   : child process started
2017-05-31 03:44:24,102: umgr.scheduling.0   : MainProcess                     : MainThread     : DEBUG   : stop umgr.scheduling.0 (27015 : 9758 : MainThread) [radical.pilot.unit_manager.UnitManager.finalize_parent]
2017-05-31 03:44:24,102: umgr.scheduling.0   : MainProcess                     : MainThread     : INFO    : parent stops child
2017-05-31 03:44:24,102: umgr.scheduling.0   : MainProcess                     : MainThread     : DEBUG   : ru_finalize_common()
2017-05-31 03:44:24,102: umgr.scheduling.0   : MainProcess                     : MainThread     : DEBUG   : TERM : umgr.scheduling.0 unregister publisher state_pubsub
2017-05-31 03:44:24,103: umgr.scheduling.0   : MainProcess                     : MainThread     : DEBUG   : unregistered publisher state_pubsub
2017-05-31 03:44:24,103: umgr.scheduling.0   : MainProcess                     : MainThread     : DEBUG   : TERM : umgr.scheduling.0 unregister publisher control_pubsub
2017-05-31 03:44:24,104: umgr.scheduling.0   : MainProcess                     : MainThread     : DEBUG   : unregistered publisher control_pubsub
2017-05-31 03:44:24,105: umgr.scheduling.0   : MainProcess                     : MainThread     : DEBUG   : umgr.scheduling.0 close prof
2017-05-31 03:44:24,105: umgr.scheduling.0   : MainProcess                     : MainThread     : INFO    : parent stops child
2017-05-31 03:44:24,105: umgr.scheduling.0   : MainProcess                     : MainThread     : DEBUG   : ru_finalize_parent (NOOP)
2017-05-31 03:44:24,105: umgr.scheduling.0   : MainProcess                     : MainThread     : DEBUG   : ru_finalize_common (NOOP)
2017-05-31 03:44:24,131: umgr.scheduling.0   : MainProcess                     : umgr.scheduling.0.watch: INFO    : send message: work finished
2017-05-31 03:44:24,132: umgr.scheduling.0   : MainProcess                     : umgr.scheduling.0.watch: DEBUG   : ru_finalize_child (NOOP)
2017-05-31 03:44:24,132: umgr.scheduling.0   : MainProcess                     : umgr.scheduling.0.watch: DEBUG   : ru_finalize_common (NOOP)
2017-05-31 03:44:24,132: umgr.scheduling.0   : MainProcess                     : umgr.scheduling.0.watch: INFO    : send message: terminating
2017-05-31 03:44:24,237: umgr.scheduling.0   : MainProcess                     : MainThread     : WARNING : failed to stop child - terminate
