2017-05-31 02:40:35,898: umgr.staging.input.0: MainProcess                     : MainThread     : INFO    : python.interpreter   version: 2.7.12 (default, Nov 19 2016, 06:48:10) [GCC 5.4.0 20160609]
2017-05-31 02:40:35,899: umgr.staging.input.0: MainProcess                     : MainThread     : INFO    :                      pid: 27015
2017-05-31 02:40:35,899: umgr.staging.input.0: MainProcess                     : MainThread     : INFO    :                      tid: MainThread
2017-05-31 02:40:35,899: umgr.staging.input.0: MainProcess                     : MainThread     : INFO    : radical.pilot        version: split-81-gf853cc9b@feature-bridges
2017-05-31 02:40:35,899: umgr.staging.input.0: MainProcess                     : MainThread     : DEBUG   : start process
2017-05-31 02:40:35,908: umgr.staging.input.0: umgr.staging.input.0            : MainThread     : INFO    : child (me) initializing
2017-05-31 02:40:35,909: umgr.staging.input.0: umgr.staging.input.0            : MainThread     : DEBUG   : start thread
2017-05-31 02:40:35,909: umgr.staging.input.0: umgr.staging.input.0            : umgr.staging.input.0.child.watch: INFO    : child (me) initializing
2017-05-31 02:40:35,909: umgr.staging.input.0: umgr.staging.input.0            : umgr.staging.input.0.child.watch: DEBUG   : ru_initialize_common (NOOP)
2017-05-31 02:40:35,909: umgr.staging.input.0: umgr.staging.input.0            : umgr.staging.input.0.child.watch: DEBUG   : ru_initialize_child (NOOP)
2017-05-31 02:40:35,909: umgr.staging.input.0: umgr.staging.input.0            : umgr.staging.input.0.child.watch: INFO    : send alive
2017-05-31 02:40:35,910: umgr.staging.input.0: umgr.staging.input.0            : umgr.staging.input.0.child.watch: INFO    : send message: alive
2017-05-31 02:40:35,911: umgr.staging.input.0: umgr.staging.input.0            : MainThread     : INFO    : recv message: alive
2017-05-31 02:40:35,911: umgr.staging.input.0: umgr.staging.input.0            : MainThread     : DEBUG   : ru_initialize_common (NOOP)
2017-05-31 02:40:35,911: umgr.staging.input.0: umgr.staging.input.0            : MainThread     : DEBUG   : ru_initialize_parent (NOOP)
2017-05-31 02:40:35,911: umgr.staging.input.0: umgr.staging.input.0            : MainThread     : DEBUG   : child thread umgr.staging.input.0.child.watch started
2017-05-31 02:40:35,911: umgr.staging.input.0: umgr.staging.input.0            : MainThread     : INFO    : child (me) is alive
2017-05-31 02:40:35,970: umgr.staging.input.0: umgr.staging.input.0            : MainThread     : INFO    : send alive
2017-05-31 02:40:35,970: umgr.staging.input.0: umgr.staging.input.0            : MainThread     : INFO    : send message: alive
2017-05-31 02:40:35,970: umgr.staging.input.0: MainProcess                     : MainThread     : INFO    : recv message: alive
2017-05-31 02:40:35,971: umgr.staging.input.0: MainProcess                     : MainThread     : DEBUG   : start thread
2017-05-31 02:40:35,972: umgr.staging.input.0: MainProcess                     : umgr.staging.input.0.watch: INFO    : child (me) initializing
2017-05-31 02:40:35,972: umgr.staging.input.0: MainProcess                     : umgr.staging.input.0.watch: DEBUG   : ru_initialize_common (NOOP)
2017-05-31 02:40:35,972: umgr.staging.input.0: MainProcess                     : umgr.staging.input.0.watch: DEBUG   : ru_initialize_child (NOOP)
2017-05-31 02:40:35,972: umgr.staging.input.0: MainProcess                     : umgr.staging.input.0.watch: INFO    : send alive
2017-05-31 02:40:35,972: umgr.staging.input.0: MainProcess                     : umgr.staging.input.0.watch: INFO    : send message: alive
2017-05-31 02:40:35,973: umgr.staging.input.0: MainProcess                     : MainThread     : INFO    : recv message: alive
2017-05-31 02:40:35,973: umgr.staging.input.0: MainProcess                     : MainThread     : DEBUG   : ru_initialize_common (NOOP)
2017-05-31 02:40:35,974: umgr.staging.input.0: MainProcess                     : MainThread     : DEBUG   : ru_initialize_parent (NOOP)
2017-05-31 02:40:35,974: umgr.staging.input.0: MainProcess                     : MainThread     : DEBUG   : child thread umgr.staging.input.0.watch started
2017-05-31 02:40:35,974: umgr.staging.input.0: MainProcess                     : MainThread     : INFO    : child is alive
2017-05-31 02:40:35,974: umgr.staging.input.0: MainProcess                     : MainThread     : INFO    : radical.pilot        version: split-81-gf853cc9b@feature-bridges
2017-05-31 02:40:35,991: umgr.staging.input.0: MainProcess                     : MainThread     : INFO    : initialize umgr.staging.input.0
2017-05-31 02:40:35,997: umgr.staging.input.0: MainProcess                     : MainThread     : INFO    : cfg: {'agents': {},
 u'bridges': {u'control_pubsub': {'addr_in': 'tcp://138.201.86.166:43217',
                                  'addr_out': 'tcp://138.201.86.166:35116',
                                  u'bulk_size': 0,
                                  u'log_level': u'debug',
                                  u'stall_hwm': 1},
              u'log_pubsub': {'addr_in': 'tcp://138.201.86.166:44135',
                              'addr_out': 'tcp://138.201.86.166:43243',
                              u'bulk_size': 0,
                              u'log_level': u'debug',
                              u'stall_hwm': 1},
              u'state_pubsub': {'addr_in': 'tcp://138.201.86.166:32771',
                                'addr_out': 'tcp://138.201.86.166:42499',
                                u'bulk_size': 0,
                                u'log_level': u'debug',
                                u'stall_hwm': 1},
              u'umgr_reschedule_pubsub': {'addr_in': 'tcp://138.201.86.166:33093',
                                          'addr_out': 'tcp://138.201.86.166:35698',
                                          u'bulk_size': 0,
                                          u'log_level': u'debug',
                                          u'stall_hwm': 1},
              u'umgr_scheduling_queue': {'addr_in': 'tcp://138.201.86.166:38363',
                                         'addr_out': 'tcp://138.201.86.166:38131',
                                         u'bulk_size': 0,
                                         u'log_level': u'debug',
                                         u'stall_hwm': 1},
              u'umgr_staging_input_queue': {'addr_in': 'tcp://138.201.86.166:44927',
                                            'addr_out': 'tcp://138.201.86.166:34457',
                                            u'bulk_size': 0,
                                            u'log_level': u'debug',
                                            u'stall_hwm': 1},
              u'umgr_staging_output_queue': {'addr_in': 'tcp://138.201.86.166:42436',
                                             'addr_out': 'tcp://138.201.86.166:44133',
                                             u'bulk_size': 0,
                                             u'log_level': u'debug',
                                             u'stall_hwm': 1},
              u'umgr_unschedule_pubsub': {'addr_in': 'tcp://138.201.86.166:34553',
                                          'addr_out': 'tcp://138.201.86.166:34412',
                                          u'bulk_size': 0,
                                          u'log_level': u'debug',
                                          u'stall_hwm': 1}},
 u'bulk_collection_size': 100,
 u'bulk_collection_time': 1.0,
 'cname': u'UMGRStagingInputComponent',
 u'components': {},
 u'count': 1,
 u'db_poll_sleeptime': 1.0,
 'number': 0,
 'owner': 'umgr.0000',
 u'scheduler': u'round_robin',
 'uid': 'umgr.0000'}
2017-05-31 02:40:35,997: umgr.staging.input.0: MainProcess                     : MainThread     : DEBUG   : START: umgr.staging.input.0 register publisher log_pubsub
2017-05-31 02:40:35,998: umgr.staging.input.0: MainProcess                     : MainThread     : DEBUG   : using addr tcp://138.201.86.166:44135 for pubsub log_pubsub
2017-05-31 02:40:35,999: umgr.staging.input.0: MainProcess                     : MainThread     : DEBUG   : registered publisher : log_pubsub : log.pubsub.pub
2017-05-31 02:40:36,000: umgr.staging.input.0: MainProcess                     : MainThread     : DEBUG   : START: umgr.staging.input.0 register publisher state_pubsub
2017-05-31 02:40:36,000: umgr.staging.input.0: MainProcess                     : MainThread     : DEBUG   : using addr tcp://138.201.86.166:32771 for pubsub state_pubsub
2017-05-31 02:40:36,001: umgr.staging.input.0: MainProcess                     : MainThread     : DEBUG   : registered publisher : state_pubsub : state.pubsub.pub
2017-05-31 02:40:36,001: umgr.staging.input.0: MainProcess                     : MainThread     : DEBUG   : START: umgr.staging.input.0 register publisher control_pubsub
2017-05-31 02:40:36,001: umgr.staging.input.0: MainProcess                     : MainThread     : DEBUG   : using addr tcp://138.201.86.166:43217 for pubsub control_pubsub
2017-05-31 02:40:36,003: umgr.staging.input.0: MainProcess                     : MainThread     : DEBUG   : registered publisher : control_pubsub : control.pubsub.pub
2017-05-31 02:40:36,003: umgr.staging.input.0: MainProcess                     : MainThread     : DEBUG   : child process started
2017-05-31 03:21:02,588: umgr.staging.input.0: MainProcess                     : MainThread     : DEBUG   : stop umgr.staging.input.0 (27015 : 27176 : MainThread) [radical.pilot.unit_manager.UnitManager.finalize_parent]
2017-05-31 03:21:02,588: umgr.staging.input.0: MainProcess                     : MainThread     : INFO    : parent stops child
2017-05-31 03:21:02,588: umgr.staging.input.0: MainProcess                     : MainThread     : DEBUG   : ru_finalize_common()
2017-05-31 03:21:02,588: umgr.staging.input.0: MainProcess                     : MainThread     : DEBUG   : TERM : umgr.staging.input.0 unregister publisher state_pubsub
2017-05-31 03:21:02,588: umgr.staging.input.0: MainProcess                     : MainThread     : DEBUG   : unregistered publisher state_pubsub
2017-05-31 03:21:02,588: umgr.staging.input.0: MainProcess                     : MainThread     : DEBUG   : TERM : umgr.staging.input.0 unregister publisher control_pubsub
2017-05-31 03:21:02,589: umgr.staging.input.0: MainProcess                     : MainThread     : DEBUG   : unregistered publisher control_pubsub
2017-05-31 03:21:02,589: umgr.staging.input.0: MainProcess                     : MainThread     : DEBUG   : umgr.staging.input.0 close prof
2017-05-31 03:21:02,589: umgr.staging.input.0: MainProcess                     : MainThread     : INFO    : parent stops child
2017-05-31 03:21:02,589: umgr.staging.input.0: MainProcess                     : MainThread     : DEBUG   : ru_finalize_parent (NOOP)
2017-05-31 03:21:02,589: umgr.staging.input.0: MainProcess                     : MainThread     : DEBUG   : ru_finalize_common (NOOP)
2017-05-31 03:21:02,594: umgr.staging.input.0: MainProcess                     : umgr.staging.input.0.watch: INFO    : send message: work finished
2017-05-31 03:21:02,594: umgr.staging.input.0: MainProcess                     : umgr.staging.input.0.watch: DEBUG   : ru_finalize_child (NOOP)
2017-05-31 03:21:02,595: umgr.staging.input.0: MainProcess                     : umgr.staging.input.0.watch: DEBUG   : ru_finalize_common (NOOP)
2017-05-31 03:21:02,595: umgr.staging.input.0: MainProcess                     : umgr.staging.input.0.watch: INFO    : send message: terminating
2017-05-31 03:21:02,697: umgr.staging.input.0: MainProcess                     : MainThread     : WARNING : failed to stop child - terminate
2017-05-31 03:21:13,088: umgr.staging.input.0: MainProcess                     : MainThread     : INFO    : radical.pilot        version: split-81-gf853cc9b@feature-bridges
2017-05-31 03:21:13,088: umgr.staging.input.0: MainProcess                     : MainThread     : DEBUG   : start process
2017-05-31 03:21:13,097: umgr.staging.input.0: umgr.staging.input.0            : MainThread     : INFO    : child (me) initializing
2017-05-31 03:21:13,097: umgr.staging.input.0: umgr.staging.input.0            : MainThread     : DEBUG   : start thread
2017-05-31 03:21:13,097: umgr.staging.input.0: umgr.staging.input.0            : umgr.staging.input.0.child.watch: INFO    : child (me) initializing
2017-05-31 03:21:13,097: umgr.staging.input.0: umgr.staging.input.0            : umgr.staging.input.0.child.watch: DEBUG   : ru_initialize_common (NOOP)
2017-05-31 03:21:13,098: umgr.staging.input.0: umgr.staging.input.0            : umgr.staging.input.0.child.watch: DEBUG   : ru_initialize_child (NOOP)
2017-05-31 03:21:13,098: umgr.staging.input.0: umgr.staging.input.0            : umgr.staging.input.0.child.watch: INFO    : send alive
2017-05-31 03:21:13,098: umgr.staging.input.0: umgr.staging.input.0            : umgr.staging.input.0.child.watch: INFO    : send message: alive
2017-05-31 03:21:13,099: umgr.staging.input.0: umgr.staging.input.0            : MainThread     : INFO    : recv message: alive
2017-05-31 03:21:13,099: umgr.staging.input.0: umgr.staging.input.0            : MainThread     : DEBUG   : ru_initialize_common (NOOP)
2017-05-31 03:21:13,099: umgr.staging.input.0: umgr.staging.input.0            : MainThread     : DEBUG   : ru_initialize_parent (NOOP)
2017-05-31 03:21:13,099: umgr.staging.input.0: umgr.staging.input.0            : MainThread     : DEBUG   : child thread umgr.staging.input.0.child.watch started
2017-05-31 03:21:13,099: umgr.staging.input.0: umgr.staging.input.0            : MainThread     : INFO    : child (me) is alive
2017-05-31 03:21:13,133: umgr.staging.input.0: umgr.staging.input.0            : MainThread     : INFO    : send alive
2017-05-31 03:21:13,133: umgr.staging.input.0: umgr.staging.input.0            : MainThread     : INFO    : send message: alive
2017-05-31 03:21:13,133: umgr.staging.input.0: MainProcess                     : MainThread     : INFO    : recv message: alive
2017-05-31 03:21:13,134: umgr.staging.input.0: MainProcess                     : MainThread     : DEBUG   : start thread
2017-05-31 03:21:13,134: umgr.staging.input.0: MainProcess                     : umgr.staging.input.0.watch: INFO    : child (me) initializing
2017-05-31 03:21:13,134: umgr.staging.input.0: MainProcess                     : umgr.staging.input.0.watch: DEBUG   : ru_initialize_common (NOOP)
2017-05-31 03:21:13,134: umgr.staging.input.0: MainProcess                     : umgr.staging.input.0.watch: DEBUG   : ru_initialize_child (NOOP)
2017-05-31 03:21:13,134: umgr.staging.input.0: MainProcess                     : umgr.staging.input.0.watch: INFO    : send alive
2017-05-31 03:21:13,134: umgr.staging.input.0: MainProcess                     : umgr.staging.input.0.watch: INFO    : send message: alive
2017-05-31 03:21:13,135: umgr.staging.input.0: MainProcess                     : MainThread     : INFO    : recv message: alive
2017-05-31 03:21:13,135: umgr.staging.input.0: MainProcess                     : MainThread     : DEBUG   : ru_initialize_common (NOOP)
2017-05-31 03:21:13,135: umgr.staging.input.0: MainProcess                     : MainThread     : DEBUG   : ru_initialize_parent (NOOP)
2017-05-31 03:21:13,135: umgr.staging.input.0: MainProcess                     : MainThread     : DEBUG   : child thread umgr.staging.input.0.watch started
2017-05-31 03:21:13,135: umgr.staging.input.0: MainProcess                     : MainThread     : INFO    : child is alive
2017-05-31 03:21:13,135: umgr.staging.input.0: MainProcess                     : MainThread     : INFO    : radical.pilot        version: split-81-gf853cc9b@feature-bridges
2017-05-31 03:21:13,155: umgr.staging.input.0: MainProcess                     : MainThread     : INFO    : initialize umgr.staging.input.0
2017-05-31 03:21:13,158: umgr.staging.input.0: MainProcess                     : MainThread     : INFO    : cfg: {'agents': {},
 u'bridges': {u'control_pubsub': {'addr_in': 'tcp://138.201.86.166:40878',
                                  'addr_out': 'tcp://138.201.86.166:36022',
                                  u'bulk_size': 0,
                                  u'log_level': u'debug',
                                  u'stall_hwm': 1},
              u'log_pubsub': {'addr_in': 'tcp://138.201.86.166:37208',
                              'addr_out': 'tcp://138.201.86.166:42897',
                              u'bulk_size': 0,
                              u'log_level': u'debug',
                              u'stall_hwm': 1},
              u'state_pubsub': {'addr_in': 'tcp://138.201.86.166:38275',
                                'addr_out': 'tcp://138.201.86.166:39820',
                                u'bulk_size': 0,
                                u'log_level': u'debug',
                                u'stall_hwm': 1},
              u'umgr_reschedule_pubsub': {'addr_in': 'tcp://138.201.86.166:41466',
                                          'addr_out': 'tcp://138.201.86.166:38669',
                                          u'bulk_size': 0,
                                          u'log_level': u'debug',
                                          u'stall_hwm': 1},
              u'umgr_scheduling_queue': {'addr_in': 'tcp://138.201.86.166:33800',
                                         'addr_out': 'tcp://138.201.86.166:38780',
                                         u'bulk_size': 0,
                                         u'log_level': u'debug',
                                         u'stall_hwm': 1},
              u'umgr_staging_input_queue': {'addr_in': 'tcp://138.201.86.166:34476',
                                            'addr_out': 'tcp://138.201.86.166:41172',
                                            u'bulk_size': 0,
                                            u'log_level': u'debug',
                                            u'stall_hwm': 1},
              u'umgr_staging_output_queue': {'addr_in': 'tcp://138.201.86.166:32931',
                                             'addr_out': 'tcp://138.201.86.166:41420',
                                             u'bulk_size': 0,
                                             u'log_level': u'debug',
                                             u'stall_hwm': 1},
              u'umgr_unschedule_pubsub': {'addr_in': 'tcp://138.201.86.166:42072',
                                          'addr_out': 'tcp://138.201.86.166:42911',
                                          u'bulk_size': 0,
                                          u'log_level': u'debug',
                                          u'stall_hwm': 1}},
 u'bulk_collection_size': 100,
 u'bulk_collection_time': 1.0,
 'cname': u'UMGRStagingInputComponent',
 u'components': {},
 u'count': 1,
 u'db_poll_sleeptime': 1.0,
 'number': 0,
 'owner': 'umgr.0000',
 u'scheduler': u'round_robin',
 'uid': 'umgr.0000'}
2017-05-31 03:21:13,159: umgr.staging.input.0: MainProcess                     : MainThread     : DEBUG   : START: umgr.staging.input.0 register publisher log_pubsub
2017-05-31 03:21:13,159: umgr.staging.input.0: MainProcess                     : MainThread     : DEBUG   : using addr tcp://138.201.86.166:37208 for pubsub log_pubsub
2017-05-31 03:21:13,159: umgr.staging.input.0: MainProcess                     : MainThread     : DEBUG   : registered publisher : log_pubsub : log.pubsub.pub
2017-05-31 03:21:13,160: umgr.staging.input.0: MainProcess                     : MainThread     : DEBUG   : START: umgr.staging.input.0 register publisher state_pubsub
2017-05-31 03:21:13,160: umgr.staging.input.0: MainProcess                     : MainThread     : DEBUG   : using addr tcp://138.201.86.166:38275 for pubsub state_pubsub
2017-05-31 03:21:13,160: umgr.staging.input.0: MainProcess                     : MainThread     : DEBUG   : registered publisher : state_pubsub : state.pubsub.pub
2017-05-31 03:21:13,160: umgr.staging.input.0: MainProcess                     : MainThread     : DEBUG   : START: umgr.staging.input.0 register publisher control_pubsub
2017-05-31 03:21:13,161: umgr.staging.input.0: MainProcess                     : MainThread     : DEBUG   : using addr tcp://138.201.86.166:40878 for pubsub control_pubsub
2017-05-31 03:21:13,161: umgr.staging.input.0: MainProcess                     : MainThread     : DEBUG   : registered publisher : control_pubsub : control.pubsub.pub
2017-05-31 03:21:13,161: umgr.staging.input.0: MainProcess                     : MainThread     : DEBUG   : child process started
2017-05-31 03:28:37,481: umgr.staging.input.0: MainProcess                     : MainThread     : DEBUG   : stop umgr.staging.input.0 (27015 : 5392 : MainThread) [radical.pilot.unit_manager.UnitManager.finalize_parent]
2017-05-31 03:28:37,482: umgr.staging.input.0: MainProcess                     : MainThread     : INFO    : parent stops child
2017-05-31 03:28:37,482: umgr.staging.input.0: MainProcess                     : MainThread     : DEBUG   : ru_finalize_common()
2017-05-31 03:28:37,482: umgr.staging.input.0: MainProcess                     : MainThread     : DEBUG   : TERM : umgr.staging.input.0 unregister publisher state_pubsub
2017-05-31 03:28:37,483: umgr.staging.input.0: MainProcess                     : MainThread     : DEBUG   : unregistered publisher state_pubsub
2017-05-31 03:28:37,483: umgr.staging.input.0: MainProcess                     : MainThread     : DEBUG   : TERM : umgr.staging.input.0 unregister publisher control_pubsub
2017-05-31 03:28:37,484: umgr.staging.input.0: MainProcess                     : MainThread     : DEBUG   : unregistered publisher control_pubsub
2017-05-31 03:28:37,484: umgr.staging.input.0: MainProcess                     : MainThread     : DEBUG   : umgr.staging.input.0 close prof
2017-05-31 03:28:37,484: umgr.staging.input.0: MainProcess                     : MainThread     : INFO    : parent stops child
2017-05-31 03:28:37,484: umgr.staging.input.0: MainProcess                     : MainThread     : DEBUG   : ru_finalize_parent (NOOP)
2017-05-31 03:28:37,485: umgr.staging.input.0: MainProcess                     : MainThread     : DEBUG   : ru_finalize_common (NOOP)
2017-05-31 03:28:37,520: umgr.staging.input.0: MainProcess                     : umgr.staging.input.0.watch: INFO    : send message: work finished
2017-05-31 03:28:37,521: umgr.staging.input.0: MainProcess                     : umgr.staging.input.0.watch: DEBUG   : ru_finalize_child (NOOP)
2017-05-31 03:28:37,521: umgr.staging.input.0: MainProcess                     : umgr.staging.input.0.watch: DEBUG   : ru_finalize_common (NOOP)
2017-05-31 03:28:37,521: umgr.staging.input.0: MainProcess                     : umgr.staging.input.0.watch: INFO    : send message: terminating
2017-05-31 03:28:37,649: umgr.staging.input.0: MainProcess                     : MainThread     : WARNING : failed to stop child - terminate
2017-05-31 03:28:47,074: umgr.staging.input.0: MainProcess                     : MainThread     : INFO    : radical.pilot        version: split-81-gf853cc9b@feature-bridges
2017-05-31 03:28:47,075: umgr.staging.input.0: MainProcess                     : MainThread     : DEBUG   : start process
2017-05-31 03:28:47,082: umgr.staging.input.0: umgr.staging.input.0            : MainThread     : INFO    : child (me) initializing
2017-05-31 03:28:47,082: umgr.staging.input.0: umgr.staging.input.0            : MainThread     : DEBUG   : start thread
2017-05-31 03:28:47,082: umgr.staging.input.0: umgr.staging.input.0            : umgr.staging.input.0.child.watch: INFO    : child (me) initializing
2017-05-31 03:28:47,083: umgr.staging.input.0: umgr.staging.input.0            : umgr.staging.input.0.child.watch: DEBUG   : ru_initialize_common (NOOP)
2017-05-31 03:28:47,083: umgr.staging.input.0: umgr.staging.input.0            : umgr.staging.input.0.child.watch: DEBUG   : ru_initialize_child (NOOP)
2017-05-31 03:28:47,083: umgr.staging.input.0: umgr.staging.input.0            : umgr.staging.input.0.child.watch: INFO    : send alive
2017-05-31 03:28:47,083: umgr.staging.input.0: umgr.staging.input.0            : umgr.staging.input.0.child.watch: INFO    : send message: alive
2017-05-31 03:28:47,084: umgr.staging.input.0: umgr.staging.input.0            : MainThread     : INFO    : recv message: alive
2017-05-31 03:28:47,084: umgr.staging.input.0: umgr.staging.input.0            : MainThread     : DEBUG   : ru_initialize_common (NOOP)
2017-05-31 03:28:47,084: umgr.staging.input.0: umgr.staging.input.0            : MainThread     : DEBUG   : ru_initialize_parent (NOOP)
2017-05-31 03:28:47,084: umgr.staging.input.0: umgr.staging.input.0            : MainThread     : DEBUG   : child thread umgr.staging.input.0.child.watch started
2017-05-31 03:28:47,084: umgr.staging.input.0: umgr.staging.input.0            : MainThread     : INFO    : child (me) is alive
2017-05-31 03:28:48,099: umgr.staging.input.0: umgr.staging.input.0            : MainThread     : INFO    : send alive
2017-05-31 03:28:48,099: umgr.staging.input.0: umgr.staging.input.0            : MainThread     : INFO    : send message: alive
2017-05-31 03:28:48,099: umgr.staging.input.0: MainProcess                     : MainThread     : INFO    : recv message: alive
2017-05-31 03:28:48,099: umgr.staging.input.0: MainProcess                     : MainThread     : DEBUG   : start thread
2017-05-31 03:28:48,099: umgr.staging.input.0: MainProcess                     : umgr.staging.input.0.watch: INFO    : child (me) initializing
2017-05-31 03:28:48,099: umgr.staging.input.0: MainProcess                     : umgr.staging.input.0.watch: DEBUG   : ru_initialize_common (NOOP)
2017-05-31 03:28:48,099: umgr.staging.input.0: MainProcess                     : umgr.staging.input.0.watch: DEBUG   : ru_initialize_child (NOOP)
2017-05-31 03:28:48,099: umgr.staging.input.0: MainProcess                     : umgr.staging.input.0.watch: INFO    : send alive
2017-05-31 03:28:48,100: umgr.staging.input.0: MainProcess                     : umgr.staging.input.0.watch: INFO    : send message: alive
2017-05-31 03:28:48,100: umgr.staging.input.0: MainProcess                     : MainThread     : INFO    : recv message: alive
2017-05-31 03:28:48,101: umgr.staging.input.0: MainProcess                     : MainThread     : DEBUG   : ru_initialize_common (NOOP)
2017-05-31 03:28:48,101: umgr.staging.input.0: MainProcess                     : MainThread     : DEBUG   : ru_initialize_parent (NOOP)
2017-05-31 03:28:48,101: umgr.staging.input.0: MainProcess                     : MainThread     : DEBUG   : child thread umgr.staging.input.0.watch started
2017-05-31 03:28:48,101: umgr.staging.input.0: MainProcess                     : MainThread     : INFO    : child is alive
2017-05-31 03:28:48,101: umgr.staging.input.0: MainProcess                     : MainThread     : INFO    : radical.pilot        version: split-81-gf853cc9b@feature-bridges
2017-05-31 03:28:48,112: umgr.staging.input.0: MainProcess                     : MainThread     : INFO    : initialize umgr.staging.input.0
2017-05-31 03:28:48,115: umgr.staging.input.0: MainProcess                     : MainThread     : INFO    : cfg: {'agents': {},
 u'bridges': {u'control_pubsub': {'addr_in': 'tcp://138.201.86.166:33905',
                                  'addr_out': 'tcp://138.201.86.166:37241',
                                  u'bulk_size': 0,
                                  u'log_level': u'debug',
                                  u'stall_hwm': 1},
              u'log_pubsub': {'addr_in': 'tcp://138.201.86.166:33991',
                              'addr_out': 'tcp://138.201.86.166:34611',
                              u'bulk_size': 0,
                              u'log_level': u'debug',
                              u'stall_hwm': 1},
              u'state_pubsub': {'addr_in': 'tcp://138.201.86.166:34835',
                                'addr_out': 'tcp://138.201.86.166:45253',
                                u'bulk_size': 0,
                                u'log_level': u'debug',
                                u'stall_hwm': 1},
              u'umgr_reschedule_pubsub': {'addr_in': 'tcp://138.201.86.166:46697',
                                          'addr_out': 'tcp://138.201.86.166:38414',
                                          u'bulk_size': 0,
                                          u'log_level': u'debug',
                                          u'stall_hwm': 1},
              u'umgr_scheduling_queue': {'addr_in': 'tcp://138.201.86.166:37670',
                                         'addr_out': 'tcp://138.201.86.166:38575',
                                         u'bulk_size': 0,
                                         u'log_level': u'debug',
                                         u'stall_hwm': 1},
              u'umgr_staging_input_queue': {'addr_in': 'tcp://138.201.86.166:33391',
                                            'addr_out': 'tcp://138.201.86.166:34836',
                                            u'bulk_size': 0,
                                            u'log_level': u'debug',
                                            u'stall_hwm': 1},
              u'umgr_staging_output_queue': {'addr_in': 'tcp://138.201.86.166:40102',
                                             'addr_out': 'tcp://138.201.86.166:38160',
                                             u'bulk_size': 0,
                                             u'log_level': u'debug',
                                             u'stall_hwm': 1},
              u'umgr_unschedule_pubsub': {'addr_in': 'tcp://138.201.86.166:40323',
                                          'addr_out': 'tcp://138.201.86.166:37404',
                                          u'bulk_size': 0,
                                          u'log_level': u'debug',
                                          u'stall_hwm': 1}},
 u'bulk_collection_size': 100,
 u'bulk_collection_time': 1.0,
 'cname': u'UMGRStagingInputComponent',
 u'components': {},
 u'count': 1,
 u'db_poll_sleeptime': 1.0,
 'number': 0,
 'owner': 'umgr.0000',
 u'scheduler': u'round_robin',
 'uid': 'umgr.0000'}
2017-05-31 03:28:48,116: umgr.staging.input.0: MainProcess                     : MainThread     : DEBUG   : START: umgr.staging.input.0 register publisher log_pubsub
2017-05-31 03:28:48,116: umgr.staging.input.0: MainProcess                     : MainThread     : DEBUG   : using addr tcp://138.201.86.166:33991 for pubsub log_pubsub
2017-05-31 03:28:48,116: umgr.staging.input.0: MainProcess                     : MainThread     : DEBUG   : registered publisher : log_pubsub : log.pubsub.pub
2017-05-31 03:28:48,116: umgr.staging.input.0: MainProcess                     : MainThread     : DEBUG   : START: umgr.staging.input.0 register publisher state_pubsub
2017-05-31 03:28:48,117: umgr.staging.input.0: MainProcess                     : MainThread     : DEBUG   : using addr tcp://138.201.86.166:34835 for pubsub state_pubsub
2017-05-31 03:28:48,117: umgr.staging.input.0: MainProcess                     : MainThread     : DEBUG   : registered publisher : state_pubsub : state.pubsub.pub
2017-05-31 03:28:48,117: umgr.staging.input.0: MainProcess                     : MainThread     : DEBUG   : START: umgr.staging.input.0 register publisher control_pubsub
2017-05-31 03:28:48,117: umgr.staging.input.0: MainProcess                     : MainThread     : DEBUG   : using addr tcp://138.201.86.166:33905 for pubsub control_pubsub
2017-05-31 03:28:48,118: umgr.staging.input.0: MainProcess                     : MainThread     : DEBUG   : registered publisher : control_pubsub : control.pubsub.pub
2017-05-31 03:28:48,118: umgr.staging.input.0: MainProcess                     : MainThread     : DEBUG   : child process started
2017-05-31 03:36:38,442: umgr.staging.input.0: MainProcess                     : MainThread     : DEBUG   : stop umgr.staging.input.0 (27015 : 7493 : MainThread) [radical.pilot.unit_manager.UnitManager.finalize_parent]
2017-05-31 03:36:38,442: umgr.staging.input.0: MainProcess                     : MainThread     : INFO    : parent stops child
2017-05-31 03:36:38,442: umgr.staging.input.0: MainProcess                     : MainThread     : DEBUG   : ru_finalize_common()
2017-05-31 03:36:38,442: umgr.staging.input.0: MainProcess                     : MainThread     : DEBUG   : TERM : umgr.staging.input.0 unregister publisher state_pubsub
2017-05-31 03:36:38,442: umgr.staging.input.0: MainProcess                     : MainThread     : DEBUG   : unregistered publisher state_pubsub
2017-05-31 03:36:38,442: umgr.staging.input.0: MainProcess                     : MainThread     : DEBUG   : TERM : umgr.staging.input.0 unregister publisher control_pubsub
2017-05-31 03:36:38,443: umgr.staging.input.0: MainProcess                     : MainThread     : DEBUG   : unregistered publisher control_pubsub
2017-05-31 03:36:38,443: umgr.staging.input.0: MainProcess                     : MainThread     : DEBUG   : umgr.staging.input.0 close prof
2017-05-31 03:36:38,443: umgr.staging.input.0: MainProcess                     : MainThread     : INFO    : parent stops child
2017-05-31 03:36:38,443: umgr.staging.input.0: MainProcess                     : MainThread     : DEBUG   : ru_finalize_parent (NOOP)
2017-05-31 03:36:38,443: umgr.staging.input.0: MainProcess                     : MainThread     : DEBUG   : ru_finalize_common (NOOP)
2017-05-31 03:36:38,486: umgr.staging.input.0: MainProcess                     : umgr.staging.input.0.watch: INFO    : send message: work finished
2017-05-31 03:36:38,486: umgr.staging.input.0: MainProcess                     : umgr.staging.input.0.watch: DEBUG   : ru_finalize_child (NOOP)
2017-05-31 03:36:38,486: umgr.staging.input.0: MainProcess                     : umgr.staging.input.0.watch: DEBUG   : ru_finalize_common (NOOP)
2017-05-31 03:36:38,486: umgr.staging.input.0: MainProcess                     : umgr.staging.input.0.watch: INFO    : send message: terminating
2017-05-31 03:36:38,607: umgr.staging.input.0: MainProcess                     : MainThread     : WARNING : failed to stop child - terminate
2017-05-31 03:36:47,897: umgr.staging.input.0: MainProcess                     : MainThread     : INFO    : radical.pilot        version: split-81-gf853cc9b@feature-bridges
2017-05-31 03:36:47,898: umgr.staging.input.0: MainProcess                     : MainThread     : DEBUG   : start process
2017-05-31 03:36:47,928: umgr.staging.input.0: umgr.staging.input.0            : MainThread     : INFO    : child (me) initializing
2017-05-31 03:36:47,928: umgr.staging.input.0: umgr.staging.input.0            : MainThread     : DEBUG   : start thread
2017-05-31 03:36:47,929: umgr.staging.input.0: umgr.staging.input.0            : umgr.staging.input.0.child.watch: INFO    : child (me) initializing
2017-05-31 03:36:47,929: umgr.staging.input.0: umgr.staging.input.0            : umgr.staging.input.0.child.watch: DEBUG   : ru_initialize_common (NOOP)
2017-05-31 03:36:47,929: umgr.staging.input.0: umgr.staging.input.0            : umgr.staging.input.0.child.watch: DEBUG   : ru_initialize_child (NOOP)
2017-05-31 03:36:47,929: umgr.staging.input.0: umgr.staging.input.0            : umgr.staging.input.0.child.watch: INFO    : send alive
2017-05-31 03:36:47,929: umgr.staging.input.0: umgr.staging.input.0            : umgr.staging.input.0.child.watch: INFO    : send message: alive
2017-05-31 03:36:47,930: umgr.staging.input.0: umgr.staging.input.0            : MainThread     : INFO    : recv message: alive
2017-05-31 03:36:47,930: umgr.staging.input.0: umgr.staging.input.0            : MainThread     : DEBUG   : ru_initialize_common (NOOP)
2017-05-31 03:36:47,930: umgr.staging.input.0: umgr.staging.input.0            : MainThread     : DEBUG   : ru_initialize_parent (NOOP)
2017-05-31 03:36:47,930: umgr.staging.input.0: umgr.staging.input.0            : MainThread     : DEBUG   : child thread umgr.staging.input.0.child.watch started
2017-05-31 03:36:47,930: umgr.staging.input.0: umgr.staging.input.0            : MainThread     : INFO    : child (me) is alive
2017-05-31 03:36:47,941: umgr.staging.input.0: umgr.staging.input.0            : MainThread     : INFO    : send alive
2017-05-31 03:36:47,941: umgr.staging.input.0: umgr.staging.input.0            : MainThread     : INFO    : send message: alive
2017-05-31 03:36:47,941: umgr.staging.input.0: MainProcess                     : MainThread     : INFO    : recv message: alive
2017-05-31 03:36:47,942: umgr.staging.input.0: MainProcess                     : MainThread     : DEBUG   : start thread
2017-05-31 03:36:47,942: umgr.staging.input.0: MainProcess                     : umgr.staging.input.0.watch: INFO    : child (me) initializing
2017-05-31 03:36:47,942: umgr.staging.input.0: MainProcess                     : umgr.staging.input.0.watch: DEBUG   : ru_initialize_common (NOOP)
2017-05-31 03:36:47,942: umgr.staging.input.0: MainProcess                     : umgr.staging.input.0.watch: DEBUG   : ru_initialize_child (NOOP)
2017-05-31 03:36:47,942: umgr.staging.input.0: MainProcess                     : umgr.staging.input.0.watch: INFO    : send alive
2017-05-31 03:36:47,942: umgr.staging.input.0: MainProcess                     : umgr.staging.input.0.watch: INFO    : send message: alive
2017-05-31 03:36:47,943: umgr.staging.input.0: MainProcess                     : MainThread     : INFO    : recv message: alive
2017-05-31 03:36:47,943: umgr.staging.input.0: MainProcess                     : MainThread     : DEBUG   : ru_initialize_common (NOOP)
2017-05-31 03:36:47,943: umgr.staging.input.0: MainProcess                     : MainThread     : DEBUG   : ru_initialize_parent (NOOP)
2017-05-31 03:36:47,943: umgr.staging.input.0: MainProcess                     : MainThread     : DEBUG   : child thread umgr.staging.input.0.watch started
2017-05-31 03:36:47,943: umgr.staging.input.0: MainProcess                     : MainThread     : INFO    : child is alive
2017-05-31 03:36:47,943: umgr.staging.input.0: MainProcess                     : MainThread     : INFO    : radical.pilot        version: split-81-gf853cc9b@feature-bridges
2017-05-31 03:36:47,945: umgr.staging.input.0: MainProcess                     : MainThread     : INFO    : initialize umgr.staging.input.0
2017-05-31 03:36:47,947: umgr.staging.input.0: MainProcess                     : MainThread     : INFO    : cfg: {'agents': {},
 u'bridges': {u'control_pubsub': {'addr_in': 'tcp://138.201.86.166:33790',
                                  'addr_out': 'tcp://138.201.86.166:34962',
                                  u'bulk_size': 0,
                                  u'log_level': u'debug',
                                  u'stall_hwm': 1},
              u'log_pubsub': {'addr_in': 'tcp://138.201.86.166:43753',
                              'addr_out': 'tcp://138.201.86.166:46493',
                              u'bulk_size': 0,
                              u'log_level': u'debug',
                              u'stall_hwm': 1},
              u'state_pubsub': {'addr_in': 'tcp://138.201.86.166:39607',
                                'addr_out': 'tcp://138.201.86.166:45158',
                                u'bulk_size': 0,
                                u'log_level': u'debug',
                                u'stall_hwm': 1},
              u'umgr_reschedule_pubsub': {'addr_in': 'tcp://138.201.86.166:41890',
                                          'addr_out': 'tcp://138.201.86.166:38999',
                                          u'bulk_size': 0,
                                          u'log_level': u'debug',
                                          u'stall_hwm': 1},
              u'umgr_scheduling_queue': {'addr_in': 'tcp://138.201.86.166:43535',
                                         'addr_out': 'tcp://138.201.86.166:41807',
                                         u'bulk_size': 0,
                                         u'log_level': u'debug',
                                         u'stall_hwm': 1},
              u'umgr_staging_input_queue': {'addr_in': 'tcp://138.201.86.166:38627',
                                            'addr_out': 'tcp://138.201.86.166:37793',
                                            u'bulk_size': 0,
                                            u'log_level': u'debug',
                                            u'stall_hwm': 1},
              u'umgr_staging_output_queue': {'addr_in': 'tcp://138.201.86.166:45370',
                                             'addr_out': 'tcp://138.201.86.166:43357',
                                             u'bulk_size': 0,
                                             u'log_level': u'debug',
                                             u'stall_hwm': 1},
              u'umgr_unschedule_pubsub': {'addr_in': 'tcp://138.201.86.166:41639',
                                          'addr_out': 'tcp://138.201.86.166:39409',
                                          u'bulk_size': 0,
                                          u'log_level': u'debug',
                                          u'stall_hwm': 1}},
 u'bulk_collection_size': 100,
 u'bulk_collection_time': 1.0,
 'cname': u'UMGRStagingInputComponent',
 u'components': {},
 u'count': 1,
 u'db_poll_sleeptime': 1.0,
 'number': 0,
 'owner': 'umgr.0000',
 u'scheduler': u'round_robin',
 'uid': 'umgr.0000'}
2017-05-31 03:36:47,947: umgr.staging.input.0: MainProcess                     : MainThread     : DEBUG   : START: umgr.staging.input.0 register publisher log_pubsub
2017-05-31 03:36:47,947: umgr.staging.input.0: MainProcess                     : MainThread     : DEBUG   : using addr tcp://138.201.86.166:43753 for pubsub log_pubsub
2017-05-31 03:36:47,947: umgr.staging.input.0: MainProcess                     : MainThread     : DEBUG   : registered publisher : log_pubsub : log.pubsub.pub
2017-05-31 03:36:47,947: umgr.staging.input.0: MainProcess                     : MainThread     : DEBUG   : START: umgr.staging.input.0 register publisher state_pubsub
2017-05-31 03:36:47,947: umgr.staging.input.0: MainProcess                     : MainThread     : DEBUG   : using addr tcp://138.201.86.166:39607 for pubsub state_pubsub
2017-05-31 03:36:47,948: umgr.staging.input.0: MainProcess                     : MainThread     : DEBUG   : registered publisher : state_pubsub : state.pubsub.pub
2017-05-31 03:36:47,948: umgr.staging.input.0: MainProcess                     : MainThread     : DEBUG   : START: umgr.staging.input.0 register publisher control_pubsub
2017-05-31 03:36:47,948: umgr.staging.input.0: MainProcess                     : MainThread     : DEBUG   : using addr tcp://138.201.86.166:33790 for pubsub control_pubsub
2017-05-31 03:36:47,948: umgr.staging.input.0: MainProcess                     : MainThread     : DEBUG   : registered publisher : control_pubsub : control.pubsub.pub
2017-05-31 03:36:47,948: umgr.staging.input.0: MainProcess                     : MainThread     : DEBUG   : child process started
2017-05-31 03:44:23,750: umgr.staging.input.0: MainProcess                     : MainThread     : DEBUG   : stop umgr.staging.input.0 (27015 : 9715 : MainThread) [radical.pilot.unit_manager.UnitManager.finalize_parent]
2017-05-31 03:44:23,750: umgr.staging.input.0: MainProcess                     : MainThread     : INFO    : parent stops child
2017-05-31 03:44:23,751: umgr.staging.input.0: MainProcess                     : MainThread     : DEBUG   : ru_finalize_common()
2017-05-31 03:44:23,751: umgr.staging.input.0: MainProcess                     : MainThread     : DEBUG   : TERM : umgr.staging.input.0 unregister publisher state_pubsub
2017-05-31 03:44:23,751: umgr.staging.input.0: MainProcess                     : MainThread     : DEBUG   : unregistered publisher state_pubsub
2017-05-31 03:44:23,751: umgr.staging.input.0: MainProcess                     : MainThread     : DEBUG   : TERM : umgr.staging.input.0 unregister publisher control_pubsub
2017-05-31 03:44:23,752: umgr.staging.input.0: MainProcess                     : MainThread     : DEBUG   : unregistered publisher control_pubsub
2017-05-31 03:44:23,752: umgr.staging.input.0: MainProcess                     : MainThread     : DEBUG   : umgr.staging.input.0 close prof
2017-05-31 03:44:23,752: umgr.staging.input.0: MainProcess                     : MainThread     : INFO    : parent stops child
2017-05-31 03:44:23,752: umgr.staging.input.0: MainProcess                     : MainThread     : DEBUG   : ru_finalize_parent (NOOP)
2017-05-31 03:44:23,752: umgr.staging.input.0: MainProcess                     : MainThread     : DEBUG   : ru_finalize_common (NOOP)
2017-05-31 03:44:23,831: umgr.staging.input.0: MainProcess                     : umgr.staging.input.0.watch: INFO    : send message: work finished
2017-05-31 03:44:23,831: umgr.staging.input.0: MainProcess                     : umgr.staging.input.0.watch: DEBUG   : ru_finalize_child (NOOP)
2017-05-31 03:44:23,832: umgr.staging.input.0: MainProcess                     : umgr.staging.input.0.watch: DEBUG   : ru_finalize_common (NOOP)
2017-05-31 03:44:23,832: umgr.staging.input.0: MainProcess                     : umgr.staging.input.0.watch: INFO    : send message: terminating
2017-05-31 03:44:23,966: umgr.staging.input.0: MainProcess                     : MainThread     : WARNING : failed to stop child - terminate
2017-05-31 03:44:32,805: umgr.staging.input.0: MainProcess                     : MainThread     : INFO    : radical.pilot        version: split-81-gf853cc9b@feature-bridges
2017-05-31 03:44:32,806: umgr.staging.input.0: MainProcess                     : MainThread     : DEBUG   : start process
2017-05-31 03:44:32,829: umgr.staging.input.0: umgr.staging.input.0            : MainThread     : INFO    : child (me) initializing
2017-05-31 03:44:32,830: umgr.staging.input.0: umgr.staging.input.0            : MainThread     : DEBUG   : start thread
2017-05-31 03:44:32,831: umgr.staging.input.0: umgr.staging.input.0            : umgr.staging.input.0.child.watch: INFO    : child (me) initializing
2017-05-31 03:44:32,831: umgr.staging.input.0: umgr.staging.input.0            : umgr.staging.input.0.child.watch: DEBUG   : ru_initialize_common (NOOP)
2017-05-31 03:44:32,831: umgr.staging.input.0: umgr.staging.input.0            : umgr.staging.input.0.child.watch: DEBUG   : ru_initialize_child (NOOP)
2017-05-31 03:44:32,832: umgr.staging.input.0: umgr.staging.input.0            : umgr.staging.input.0.child.watch: INFO    : send alive
2017-05-31 03:44:32,832: umgr.staging.input.0: umgr.staging.input.0            : umgr.staging.input.0.child.watch: INFO    : send message: alive
2017-05-31 03:44:32,832: umgr.staging.input.0: umgr.staging.input.0            : MainThread     : INFO    : recv message: alive
2017-05-31 03:44:32,833: umgr.staging.input.0: umgr.staging.input.0            : MainThread     : DEBUG   : ru_initialize_common (NOOP)
2017-05-31 03:44:32,833: umgr.staging.input.0: umgr.staging.input.0            : MainThread     : DEBUG   : ru_initialize_parent (NOOP)
2017-05-31 03:44:32,833: umgr.staging.input.0: umgr.staging.input.0            : MainThread     : DEBUG   : child thread umgr.staging.input.0.child.watch started
2017-05-31 03:44:32,833: umgr.staging.input.0: umgr.staging.input.0            : MainThread     : INFO    : child (me) is alive
2017-05-31 03:44:32,877: umgr.staging.input.0: MainProcess                     : MainThread     : INFO    : recv message: 
2017-05-31 03:44:32,878: umgr.staging.input.0: MainProcess                     : MainThread     : INFO    : recv message: 
2017-05-31 03:44:32,878: umgr.staging.input.0: MainProcess                     : MainThread     : ERROR   : initialization failed
Traceback (most recent call last):
  File "/home/mingtha/ve/ve.rp_add_res_cfg/local/lib/python2.7/site-packages/radical/utils/process.py", line 438, in start
    timeout))
RuntimeError: unexpected child message () [5.0]
2017-05-31 03:44:32,879: umgr.staging.input.0: MainProcess                     : MainThread     : DEBUG   : stop umgr.staging.input.0 (27015 : 11882 : MainThread) [radical.utils.process.Default.start]
2017-05-31 03:44:32,879: umgr.staging.input.0: MainProcess                     : MainThread     : INFO    : parent stops child
2017-05-31 03:44:32,879: umgr.staging.input.0: MainProcess                     : MainThread     : DEBUG   : ru_finalize_common()
2017-05-31 03:44:32,879: umgr.staging.input.0: MainProcess                     : MainThread     : WARNING : publisher state_pubsub is not registered
2017-05-31 03:44:32,880: umgr.staging.input.0: MainProcess                     : MainThread     : WARNING : publisher control_pubsub is not registered
2017-05-31 03:44:32,880: umgr.staging.input.0: MainProcess                     : MainThread     : DEBUG   : umgr.staging.input.0 close prof
