2017-05-31 02:40:35,811: umgr.staging.input.queue.bridge: MainProcess                     : MainThread     : INFO    : python.interpreter   version: 2.7.12 (default, Nov 19 2016, 06:48:10) [GCC 5.4.0 20160609]
2017-05-31 02:40:35,811: umgr.staging.input.queue.bridge: MainProcess                     : MainThread     : INFO    :                      pid: 27015
2017-05-31 02:40:35,811: umgr.staging.input.queue.bridge: MainProcess                     : MainThread     : INFO    :                      tid: MainThread
2017-05-31 02:40:35,812: umgr.staging.input.queue.bridge: MainProcess                     : MainThread     : INFO    : radical.pilot        version: split-81-gf853cc9b@feature-bridges
2017-05-31 02:40:35,812: umgr.staging.input.queue.bridge: MainProcess                     : MainThread     : INFO    : create umgr_staging_input_queue - bridge - tcp://*:*
2017-05-31 02:40:35,812: umgr.staging.input.queue.bridge: MainProcess                     : MainThread     : DEBUG   : start process
2017-05-31 02:40:35,820: umgr.staging.input.queue.bridge: umgr.staging.input.queue.bridge : MainThread     : INFO    : child (me) initializing
2017-05-31 02:40:35,821: umgr.staging.input.queue.bridge: umgr.staging.input.queue.bridge : MainThread     : DEBUG   : start thread
2017-05-31 02:40:35,821: umgr.staging.input.queue.bridge: umgr.staging.input.queue.bridge : umgr.staging.input.queue.bridge.child.watch: INFO    : child (me) initializing
2017-05-31 02:40:35,822: umgr.staging.input.queue.bridge: umgr.staging.input.queue.bridge : umgr.staging.input.queue.bridge.child.watch: DEBUG   : ru_initialize_common (NOOP)
2017-05-31 02:40:35,822: umgr.staging.input.queue.bridge: umgr.staging.input.queue.bridge : umgr.staging.input.queue.bridge.child.watch: DEBUG   : ru_initialize_child (NOOP)
2017-05-31 02:40:35,822: umgr.staging.input.queue.bridge: umgr.staging.input.queue.bridge : umgr.staging.input.queue.bridge.child.watch: INFO    : send alive
2017-05-31 02:40:35,822: umgr.staging.input.queue.bridge: umgr.staging.input.queue.bridge : umgr.staging.input.queue.bridge.child.watch: INFO    : send message: alive
2017-05-31 02:40:35,823: umgr.staging.input.queue.bridge: umgr.staging.input.queue.bridge : MainThread     : INFO    : recv message: alive
2017-05-31 02:40:35,823: umgr.staging.input.queue.bridge: umgr.staging.input.queue.bridge : MainThread     : DEBUG   : ru_initialize_common (NOOP)
2017-05-31 02:40:35,823: umgr.staging.input.queue.bridge: umgr.staging.input.queue.bridge : MainThread     : DEBUG   : ru_initialize_parent (NOOP)
2017-05-31 02:40:35,823: umgr.staging.input.queue.bridge: umgr.staging.input.queue.bridge : MainThread     : DEBUG   : child thread umgr.staging.input.queue.bridge.child.watch started
2017-05-31 02:40:35,823: umgr.staging.input.queue.bridge: umgr.staging.input.queue.bridge : MainThread     : INFO    : child (me) is alive
2017-05-31 02:40:35,824: umgr.staging.input.queue.bridge: umgr.staging.input.queue.bridge : MainThread     : DEBUG   : ru_initialize_common (NOOP)
2017-05-31 02:40:35,827: umgr.staging.input.queue.bridge: umgr.staging.input.queue.bridge.child: MainThread     : INFO    : send alive
2017-05-31 02:40:35,827: umgr.staging.input.queue.bridge: umgr.staging.input.queue.bridge.child: MainThread     : INFO    : send message: alive
2017-05-31 02:40:35,827: umgr.staging.input.queue.bridge: MainProcess                     : MainThread     : INFO    : recv message: alive
2017-05-31 02:40:35,828: umgr.staging.input.queue.bridge: MainProcess                     : MainThread     : DEBUG   : start thread
2017-05-31 02:40:35,828: umgr.staging.input.queue.bridge: MainProcess                     : umgr.staging.input.queue.bridge.watch: INFO    : child (me) initializing
2017-05-31 02:40:35,828: umgr.staging.input.queue.bridge: MainProcess                     : umgr.staging.input.queue.bridge.watch: DEBUG   : ru_initialize_common (NOOP)
2017-05-31 02:40:35,828: umgr.staging.input.queue.bridge: MainProcess                     : umgr.staging.input.queue.bridge.watch: DEBUG   : ru_initialize_child (NOOP)
2017-05-31 02:40:35,829: umgr.staging.input.queue.bridge: MainProcess                     : umgr.staging.input.queue.bridge.watch: INFO    : send alive
2017-05-31 02:40:35,829: umgr.staging.input.queue.bridge: MainProcess                     : umgr.staging.input.queue.bridge.watch: INFO    : send message: alive
2017-05-31 02:40:35,830: umgr.staging.input.queue.bridge: MainProcess                     : MainThread     : INFO    : recv message: alive
2017-05-31 02:40:35,830: umgr.staging.input.queue.bridge: MainProcess                     : MainThread     : DEBUG   : ru_initialize_common (NOOP)
2017-05-31 02:40:35,830: umgr.staging.input.queue.bridge: MainProcess                     : MainThread     : DEBUG   : ru_initialize_parent (NOOP)
2017-05-31 02:40:35,830: umgr.staging.input.queue.bridge: MainProcess                     : MainThread     : DEBUG   : child thread umgr.staging.input.queue.bridge.watch started
2017-05-31 02:40:35,831: umgr.staging.input.queue.bridge: MainProcess                     : MainThread     : INFO    : child is alive
2017-05-31 02:40:35,831: umgr.staging.input.queue.bridge: MainProcess                     : MainThread     : DEBUG   : ru_initialize_common (NOOP)
2017-05-31 02:40:35,831: umgr.staging.input.queue.bridge: MainProcess                     : MainThread     : DEBUG   : ru_initialize_parent (NOOP)
2017-05-31 02:40:35,831: umgr.staging.input.queue.bridge: MainProcess                     : MainThread     : DEBUG   : child process started
2017-05-31 03:21:03,320: umgr.staging.input.queue.bridge: MainProcess                     : MainThread     : INFO    : parent stops child
2017-05-31 03:21:03,320: umgr.staging.input.queue.bridge: MainProcess                     : MainThread     : DEBUG   : ru_finalize_parent (NOOP)
2017-05-31 03:21:03,321: umgr.staging.input.queue.bridge: MainProcess                     : MainThread     : DEBUG   : ru_finalize_common (NOOP)
2017-05-31 03:21:03,321: umgr.staging.input.queue.bridge: MainProcess                     : MainThread     : INFO    : parent stops child
2017-05-31 03:21:03,321: umgr.staging.input.queue.bridge: MainProcess                     : MainThread     : DEBUG   : ru_finalize_parent (NOOP)
2017-05-31 03:21:03,321: umgr.staging.input.queue.bridge: MainProcess                     : MainThread     : DEBUG   : ru_finalize_common (NOOP)
2017-05-31 03:21:03,396: umgr.staging.input.queue.bridge: MainProcess                     : umgr.staging.input.queue.bridge.watch: INFO    : send message: work finished
2017-05-31 03:21:03,397: umgr.staging.input.queue.bridge: MainProcess                     : umgr.staging.input.queue.bridge.watch: DEBUG   : ru_finalize_child (NOOP)
2017-05-31 03:21:03,397: umgr.staging.input.queue.bridge: MainProcess                     : umgr.staging.input.queue.bridge.watch: DEBUG   : ru_finalize_common (NOOP)
2017-05-31 03:21:03,397: umgr.staging.input.queue.bridge: MainProcess                     : umgr.staging.input.queue.bridge.watch: INFO    : send message: terminating
2017-05-31 03:21:03,536: umgr.staging.input.queue.bridge: MainProcess                     : MainThread     : WARNING : failed to stop child - terminate
2017-05-31 03:21:13,019: umgr.staging.input.queue.bridge: MainProcess                     : MainThread     : INFO    : radical.pilot        version: split-81-gf853cc9b@feature-bridges
2017-05-31 03:21:13,019: umgr.staging.input.queue.bridge: MainProcess                     : MainThread     : INFO    : create umgr_staging_input_queue - bridge - tcp://*:*
2017-05-31 03:21:13,019: umgr.staging.input.queue.bridge: MainProcess                     : MainThread     : DEBUG   : start process
2017-05-31 03:21:13,026: umgr.staging.input.queue.bridge: umgr.staging.input.queue.bridge : MainThread     : INFO    : child (me) initializing
2017-05-31 03:21:13,027: umgr.staging.input.queue.bridge: umgr.staging.input.queue.bridge : MainThread     : DEBUG   : start thread
2017-05-31 03:21:13,027: umgr.staging.input.queue.bridge: umgr.staging.input.queue.bridge : umgr.staging.input.queue.bridge.child.watch: INFO    : child (me) initializing
2017-05-31 03:21:13,027: umgr.staging.input.queue.bridge: umgr.staging.input.queue.bridge : umgr.staging.input.queue.bridge.child.watch: DEBUG   : ru_initialize_common (NOOP)
2017-05-31 03:21:13,028: umgr.staging.input.queue.bridge: umgr.staging.input.queue.bridge : umgr.staging.input.queue.bridge.child.watch: DEBUG   : ru_initialize_child (NOOP)
2017-05-31 03:21:13,028: umgr.staging.input.queue.bridge: umgr.staging.input.queue.bridge : umgr.staging.input.queue.bridge.child.watch: INFO    : send alive
2017-05-31 03:21:13,028: umgr.staging.input.queue.bridge: umgr.staging.input.queue.bridge : umgr.staging.input.queue.bridge.child.watch: INFO    : send message: alive
2017-05-31 03:21:13,029: umgr.staging.input.queue.bridge: umgr.staging.input.queue.bridge : MainThread     : INFO    : recv message: alive
2017-05-31 03:21:13,029: umgr.staging.input.queue.bridge: umgr.staging.input.queue.bridge : MainThread     : DEBUG   : ru_initialize_common (NOOP)
2017-05-31 03:21:13,029: umgr.staging.input.queue.bridge: umgr.staging.input.queue.bridge : MainThread     : DEBUG   : ru_initialize_parent (NOOP)
2017-05-31 03:21:13,029: umgr.staging.input.queue.bridge: umgr.staging.input.queue.bridge : MainThread     : DEBUG   : child thread umgr.staging.input.queue.bridge.child.watch started
2017-05-31 03:21:13,029: umgr.staging.input.queue.bridge: umgr.staging.input.queue.bridge : MainThread     : INFO    : child (me) is alive
2017-05-31 03:21:13,029: umgr.staging.input.queue.bridge: umgr.staging.input.queue.bridge : MainThread     : DEBUG   : ru_initialize_common (NOOP)
2017-05-31 03:21:13,032: umgr.staging.input.queue.bridge: umgr.staging.input.queue.bridge.child: MainThread     : INFO    : send alive
2017-05-31 03:21:13,032: umgr.staging.input.queue.bridge: umgr.staging.input.queue.bridge.child: MainThread     : INFO    : send message: alive
2017-05-31 03:21:13,032: umgr.staging.input.queue.bridge: MainProcess                     : MainThread     : INFO    : recv message: alive
2017-05-31 03:21:13,032: umgr.staging.input.queue.bridge: MainProcess                     : MainThread     : DEBUG   : start thread
2017-05-31 03:21:13,033: umgr.staging.input.queue.bridge: MainProcess                     : umgr.staging.input.queue.bridge.watch: INFO    : child (me) initializing
2017-05-31 03:21:13,033: umgr.staging.input.queue.bridge: MainProcess                     : umgr.staging.input.queue.bridge.watch: DEBUG   : ru_initialize_common (NOOP)
2017-05-31 03:21:13,033: umgr.staging.input.queue.bridge: MainProcess                     : umgr.staging.input.queue.bridge.watch: DEBUG   : ru_initialize_child (NOOP)
2017-05-31 03:21:13,033: umgr.staging.input.queue.bridge: MainProcess                     : umgr.staging.input.queue.bridge.watch: INFO    : send alive
2017-05-31 03:21:13,033: umgr.staging.input.queue.bridge: MainProcess                     : umgr.staging.input.queue.bridge.watch: INFO    : send message: alive
2017-05-31 03:21:13,034: umgr.staging.input.queue.bridge: MainProcess                     : MainThread     : INFO    : recv message: alive
2017-05-31 03:21:13,034: umgr.staging.input.queue.bridge: MainProcess                     : MainThread     : DEBUG   : ru_initialize_common (NOOP)
2017-05-31 03:21:13,034: umgr.staging.input.queue.bridge: MainProcess                     : MainThread     : DEBUG   : ru_initialize_parent (NOOP)
2017-05-31 03:21:13,034: umgr.staging.input.queue.bridge: MainProcess                     : MainThread     : DEBUG   : child thread umgr.staging.input.queue.bridge.watch started
2017-05-31 03:21:13,034: umgr.staging.input.queue.bridge: MainProcess                     : MainThread     : INFO    : child is alive
2017-05-31 03:21:13,034: umgr.staging.input.queue.bridge: MainProcess                     : MainThread     : DEBUG   : ru_initialize_common (NOOP)
2017-05-31 03:21:13,035: umgr.staging.input.queue.bridge: MainProcess                     : MainThread     : DEBUG   : ru_initialize_parent (NOOP)
2017-05-31 03:21:13,035: umgr.staging.input.queue.bridge: MainProcess                     : MainThread     : DEBUG   : child process started
2017-05-31 03:28:38,231: umgr.staging.input.queue.bridge: MainProcess                     : MainThread     : INFO    : parent stops child
2017-05-31 03:28:38,232: umgr.staging.input.queue.bridge: MainProcess                     : MainThread     : DEBUG   : ru_finalize_parent (NOOP)
2017-05-31 03:28:38,232: umgr.staging.input.queue.bridge: MainProcess                     : MainThread     : DEBUG   : ru_finalize_common (NOOP)
2017-05-31 03:28:38,232: umgr.staging.input.queue.bridge: MainProcess                     : MainThread     : INFO    : parent stops child
2017-05-31 03:28:38,232: umgr.staging.input.queue.bridge: MainProcess                     : MainThread     : DEBUG   : ru_finalize_parent (NOOP)
2017-05-31 03:28:38,232: umgr.staging.input.queue.bridge: MainProcess                     : MainThread     : DEBUG   : ru_finalize_common (NOOP)
2017-05-31 03:28:38,259: umgr.staging.input.queue.bridge: MainProcess                     : umgr.staging.input.queue.bridge.watch: INFO    : send message: work finished
2017-05-31 03:28:38,260: umgr.staging.input.queue.bridge: MainProcess                     : umgr.staging.input.queue.bridge.watch: DEBUG   : ru_finalize_child (NOOP)
2017-05-31 03:28:38,260: umgr.staging.input.queue.bridge: MainProcess                     : umgr.staging.input.queue.bridge.watch: DEBUG   : ru_finalize_common (NOOP)
2017-05-31 03:28:38,260: umgr.staging.input.queue.bridge: MainProcess                     : umgr.staging.input.queue.bridge.watch: INFO    : send message: terminating
2017-05-31 03:28:38,365: umgr.staging.input.queue.bridge: MainProcess                     : MainThread     : WARNING : failed to stop child - terminate
2017-05-31 03:28:47,008: umgr.staging.input.queue.bridge: MainProcess                     : MainThread     : INFO    : radical.pilot        version: split-81-gf853cc9b@feature-bridges
2017-05-31 03:28:47,008: umgr.staging.input.queue.bridge: MainProcess                     : MainThread     : INFO    : create umgr_staging_input_queue - bridge - tcp://*:*
2017-05-31 03:28:47,009: umgr.staging.input.queue.bridge: MainProcess                     : MainThread     : DEBUG   : start process
2017-05-31 03:28:47,016: umgr.staging.input.queue.bridge: umgr.staging.input.queue.bridge : MainThread     : INFO    : child (me) initializing
2017-05-31 03:28:47,016: umgr.staging.input.queue.bridge: umgr.staging.input.queue.bridge : MainThread     : DEBUG   : start thread
2017-05-31 03:28:47,017: umgr.staging.input.queue.bridge: umgr.staging.input.queue.bridge : umgr.staging.input.queue.bridge.child.watch: INFO    : child (me) initializing
2017-05-31 03:28:47,017: umgr.staging.input.queue.bridge: umgr.staging.input.queue.bridge : umgr.staging.input.queue.bridge.child.watch: DEBUG   : ru_initialize_common (NOOP)
2017-05-31 03:28:47,017: umgr.staging.input.queue.bridge: umgr.staging.input.queue.bridge : umgr.staging.input.queue.bridge.child.watch: DEBUG   : ru_initialize_child (NOOP)
2017-05-31 03:28:47,017: umgr.staging.input.queue.bridge: umgr.staging.input.queue.bridge : umgr.staging.input.queue.bridge.child.watch: INFO    : send alive
2017-05-31 03:28:47,017: umgr.staging.input.queue.bridge: umgr.staging.input.queue.bridge : umgr.staging.input.queue.bridge.child.watch: INFO    : send message: alive
2017-05-31 03:28:47,018: umgr.staging.input.queue.bridge: umgr.staging.input.queue.bridge : MainThread     : INFO    : recv message: alive
2017-05-31 03:28:47,018: umgr.staging.input.queue.bridge: umgr.staging.input.queue.bridge : MainThread     : DEBUG   : ru_initialize_common (NOOP)
2017-05-31 03:28:47,018: umgr.staging.input.queue.bridge: umgr.staging.input.queue.bridge : MainThread     : DEBUG   : ru_initialize_parent (NOOP)
2017-05-31 03:28:47,018: umgr.staging.input.queue.bridge: umgr.staging.input.queue.bridge : MainThread     : DEBUG   : child thread umgr.staging.input.queue.bridge.child.watch started
2017-05-31 03:28:47,018: umgr.staging.input.queue.bridge: umgr.staging.input.queue.bridge : MainThread     : INFO    : child (me) is alive
2017-05-31 03:28:47,018: umgr.staging.input.queue.bridge: umgr.staging.input.queue.bridge : MainThread     : DEBUG   : ru_initialize_common (NOOP)
2017-05-31 03:28:47,020: umgr.staging.input.queue.bridge: umgr.staging.input.queue.bridge.child: MainThread     : INFO    : send alive
2017-05-31 03:28:47,020: umgr.staging.input.queue.bridge: umgr.staging.input.queue.bridge.child: MainThread     : INFO    : send message: alive
2017-05-31 03:28:47,020: umgr.staging.input.queue.bridge: MainProcess                     : MainThread     : INFO    : recv message: alive
2017-05-31 03:28:47,021: umgr.staging.input.queue.bridge: MainProcess                     : MainThread     : DEBUG   : start thread
2017-05-31 03:28:47,021: umgr.staging.input.queue.bridge: MainProcess                     : umgr.staging.input.queue.bridge.watch: INFO    : child (me) initializing
2017-05-31 03:28:47,021: umgr.staging.input.queue.bridge: MainProcess                     : umgr.staging.input.queue.bridge.watch: DEBUG   : ru_initialize_common (NOOP)
2017-05-31 03:28:47,021: umgr.staging.input.queue.bridge: MainProcess                     : umgr.staging.input.queue.bridge.watch: DEBUG   : ru_initialize_child (NOOP)
2017-05-31 03:28:47,021: umgr.staging.input.queue.bridge: MainProcess                     : umgr.staging.input.queue.bridge.watch: INFO    : send alive
2017-05-31 03:28:47,021: umgr.staging.input.queue.bridge: MainProcess                     : umgr.staging.input.queue.bridge.watch: INFO    : send message: alive
2017-05-31 03:28:47,022: umgr.staging.input.queue.bridge: MainProcess                     : MainThread     : INFO    : recv message: alive
2017-05-31 03:28:47,022: umgr.staging.input.queue.bridge: MainProcess                     : MainThread     : DEBUG   : ru_initialize_common (NOOP)
2017-05-31 03:28:47,022: umgr.staging.input.queue.bridge: MainProcess                     : MainThread     : DEBUG   : ru_initialize_parent (NOOP)
2017-05-31 03:28:47,022: umgr.staging.input.queue.bridge: MainProcess                     : MainThread     : DEBUG   : child thread umgr.staging.input.queue.bridge.watch started
2017-05-31 03:28:47,022: umgr.staging.input.queue.bridge: MainProcess                     : MainThread     : INFO    : child is alive
2017-05-31 03:28:47,022: umgr.staging.input.queue.bridge: MainProcess                     : MainThread     : DEBUG   : ru_initialize_common (NOOP)
2017-05-31 03:28:47,022: umgr.staging.input.queue.bridge: MainProcess                     : MainThread     : DEBUG   : ru_initialize_parent (NOOP)
2017-05-31 03:28:47,023: umgr.staging.input.queue.bridge: MainProcess                     : MainThread     : DEBUG   : child process started
2017-05-31 03:36:39,240: umgr.staging.input.queue.bridge: MainProcess                     : MainThread     : INFO    : parent stops child
2017-05-31 03:36:39,240: umgr.staging.input.queue.bridge: MainProcess                     : MainThread     : DEBUG   : ru_finalize_parent (NOOP)
2017-05-31 03:36:39,241: umgr.staging.input.queue.bridge: MainProcess                     : MainThread     : DEBUG   : ru_finalize_common (NOOP)
2017-05-31 03:36:39,241: umgr.staging.input.queue.bridge: MainProcess                     : MainThread     : INFO    : parent stops child
2017-05-31 03:36:39,241: umgr.staging.input.queue.bridge: MainProcess                     : MainThread     : DEBUG   : ru_finalize_parent (NOOP)
2017-05-31 03:36:39,241: umgr.staging.input.queue.bridge: MainProcess                     : MainThread     : DEBUG   : ru_finalize_common (NOOP)
2017-05-31 03:36:39,292: umgr.staging.input.queue.bridge: MainProcess                     : umgr.staging.input.queue.bridge.watch: INFO    : send message: work finished
2017-05-31 03:36:39,292: umgr.staging.input.queue.bridge: MainProcess                     : umgr.staging.input.queue.bridge.watch: DEBUG   : ru_finalize_child (NOOP)
2017-05-31 03:36:39,292: umgr.staging.input.queue.bridge: MainProcess                     : umgr.staging.input.queue.bridge.watch: DEBUG   : ru_finalize_common (NOOP)
2017-05-31 03:36:39,293: umgr.staging.input.queue.bridge: MainProcess                     : umgr.staging.input.queue.bridge.watch: INFO    : send message: terminating
2017-05-31 03:36:39,406: umgr.staging.input.queue.bridge: MainProcess                     : MainThread     : WARNING : failed to stop child - terminate
2017-05-31 03:36:47,699: umgr.staging.input.queue.bridge: MainProcess                     : MainThread     : INFO    : radical.pilot        version: split-81-gf853cc9b@feature-bridges
2017-05-31 03:36:47,699: umgr.staging.input.queue.bridge: MainProcess                     : MainThread     : INFO    : create umgr_staging_input_queue - bridge - tcp://*:*
2017-05-31 03:36:47,699: umgr.staging.input.queue.bridge: MainProcess                     : MainThread     : DEBUG   : start process
2017-05-31 03:36:47,709: umgr.staging.input.queue.bridge: umgr.staging.input.queue.bridge : MainThread     : INFO    : child (me) initializing
2017-05-31 03:36:47,709: umgr.staging.input.queue.bridge: umgr.staging.input.queue.bridge : MainThread     : DEBUG   : start thread
2017-05-31 03:36:47,710: umgr.staging.input.queue.bridge: umgr.staging.input.queue.bridge : umgr.staging.input.queue.bridge.child.watch: INFO    : child (me) initializing
2017-05-31 03:36:47,710: umgr.staging.input.queue.bridge: umgr.staging.input.queue.bridge : umgr.staging.input.queue.bridge.child.watch: DEBUG   : ru_initialize_common (NOOP)
2017-05-31 03:36:47,710: umgr.staging.input.queue.bridge: umgr.staging.input.queue.bridge : umgr.staging.input.queue.bridge.child.watch: DEBUG   : ru_initialize_child (NOOP)
2017-05-31 03:36:47,710: umgr.staging.input.queue.bridge: umgr.staging.input.queue.bridge : umgr.staging.input.queue.bridge.child.watch: INFO    : send alive
2017-05-31 03:36:47,710: umgr.staging.input.queue.bridge: umgr.staging.input.queue.bridge : umgr.staging.input.queue.bridge.child.watch: INFO    : send message: alive
2017-05-31 03:36:47,711: umgr.staging.input.queue.bridge: umgr.staging.input.queue.bridge : MainThread     : INFO    : recv message: alive
2017-05-31 03:36:47,711: umgr.staging.input.queue.bridge: umgr.staging.input.queue.bridge : MainThread     : DEBUG   : ru_initialize_common (NOOP)
2017-05-31 03:36:47,711: umgr.staging.input.queue.bridge: umgr.staging.input.queue.bridge : MainThread     : DEBUG   : ru_initialize_parent (NOOP)
2017-05-31 03:36:47,711: umgr.staging.input.queue.bridge: umgr.staging.input.queue.bridge : MainThread     : DEBUG   : child thread umgr.staging.input.queue.bridge.child.watch started
2017-05-31 03:36:47,711: umgr.staging.input.queue.bridge: umgr.staging.input.queue.bridge : MainThread     : INFO    : child (me) is alive
2017-05-31 03:36:47,711: umgr.staging.input.queue.bridge: umgr.staging.input.queue.bridge : MainThread     : DEBUG   : ru_initialize_common (NOOP)
2017-05-31 03:36:47,713: umgr.staging.input.queue.bridge: umgr.staging.input.queue.bridge.child: MainThread     : INFO    : send alive
2017-05-31 03:36:47,713: umgr.staging.input.queue.bridge: umgr.staging.input.queue.bridge.child: MainThread     : INFO    : send message: alive
2017-05-31 03:36:47,714: umgr.staging.input.queue.bridge: MainProcess                     : MainThread     : INFO    : recv message: alive
2017-05-31 03:36:47,714: umgr.staging.input.queue.bridge: MainProcess                     : MainThread     : DEBUG   : start thread
2017-05-31 03:36:47,714: umgr.staging.input.queue.bridge: MainProcess                     : umgr.staging.input.queue.bridge.watch: INFO    : child (me) initializing
2017-05-31 03:36:47,714: umgr.staging.input.queue.bridge: MainProcess                     : umgr.staging.input.queue.bridge.watch: DEBUG   : ru_initialize_common (NOOP)
2017-05-31 03:36:47,714: umgr.staging.input.queue.bridge: MainProcess                     : umgr.staging.input.queue.bridge.watch: DEBUG   : ru_initialize_child (NOOP)
2017-05-31 03:36:47,759: umgr.staging.input.queue.bridge: MainProcess                     : umgr.staging.input.queue.bridge.watch: INFO    : send alive
2017-05-31 03:36:47,759: umgr.staging.input.queue.bridge: MainProcess                     : umgr.staging.input.queue.bridge.watch: INFO    : send message: alive
2017-05-31 03:36:47,778: umgr.staging.input.queue.bridge: MainProcess                     : MainThread     : INFO    : recv message: alive
2017-05-31 03:36:47,778: umgr.staging.input.queue.bridge: MainProcess                     : MainThread     : DEBUG   : ru_initialize_common (NOOP)
2017-05-31 03:36:47,779: umgr.staging.input.queue.bridge: MainProcess                     : MainThread     : DEBUG   : ru_initialize_parent (NOOP)
2017-05-31 03:36:47,779: umgr.staging.input.queue.bridge: MainProcess                     : MainThread     : DEBUG   : child thread umgr.staging.input.queue.bridge.watch started
2017-05-31 03:36:47,779: umgr.staging.input.queue.bridge: MainProcess                     : MainThread     : INFO    : child is alive
2017-05-31 03:36:47,779: umgr.staging.input.queue.bridge: MainProcess                     : MainThread     : DEBUG   : ru_initialize_common (NOOP)
2017-05-31 03:36:47,779: umgr.staging.input.queue.bridge: MainProcess                     : MainThread     : DEBUG   : ru_initialize_parent (NOOP)
2017-05-31 03:36:47,779: umgr.staging.input.queue.bridge: MainProcess                     : MainThread     : DEBUG   : child process started
2017-05-31 03:44:24,419: umgr.staging.input.queue.bridge: MainProcess                     : MainThread     : INFO    : parent stops child
2017-05-31 03:44:24,419: umgr.staging.input.queue.bridge: MainProcess                     : MainThread     : DEBUG   : ru_finalize_parent (NOOP)
2017-05-31 03:44:24,420: umgr.staging.input.queue.bridge: MainProcess                     : MainThread     : DEBUG   : ru_finalize_common (NOOP)
2017-05-31 03:44:24,420: umgr.staging.input.queue.bridge: MainProcess                     : MainThread     : INFO    : parent stops child
2017-05-31 03:44:24,420: umgr.staging.input.queue.bridge: MainProcess                     : MainThread     : DEBUG   : ru_finalize_parent (NOOP)
2017-05-31 03:44:24,420: umgr.staging.input.queue.bridge: MainProcess                     : MainThread     : DEBUG   : ru_finalize_common (NOOP)
2017-05-31 03:44:24,462: umgr.staging.input.queue.bridge: MainProcess                     : umgr.staging.input.queue.bridge.watch: INFO    : send message: work finished
2017-05-31 03:44:24,462: umgr.staging.input.queue.bridge: MainProcess                     : umgr.staging.input.queue.bridge.watch: DEBUG   : ru_finalize_child (NOOP)
2017-05-31 03:44:24,462: umgr.staging.input.queue.bridge: MainProcess                     : umgr.staging.input.queue.bridge.watch: DEBUG   : ru_finalize_common (NOOP)
2017-05-31 03:44:24,463: umgr.staging.input.queue.bridge: MainProcess                     : umgr.staging.input.queue.bridge.watch: INFO    : send message: terminating
2017-05-31 03:44:24,585: umgr.staging.input.queue.bridge: MainProcess                     : MainThread     : WARNING : failed to stop child - terminate
2017-05-31 03:44:32,668: umgr.staging.input.queue.bridge: MainProcess                     : MainThread     : INFO    : radical.pilot        version: split-81-gf853cc9b@feature-bridges
2017-05-31 03:44:32,668: umgr.staging.input.queue.bridge: MainProcess                     : MainThread     : INFO    : create umgr_staging_input_queue - bridge - tcp://*:*
2017-05-31 03:44:32,669: umgr.staging.input.queue.bridge: MainProcess                     : MainThread     : DEBUG   : start process
2017-05-31 03:44:32,678: umgr.staging.input.queue.bridge: umgr.staging.input.queue.bridge : MainThread     : INFO    : child (me) initializing
2017-05-31 03:44:32,678: umgr.staging.input.queue.bridge: umgr.staging.input.queue.bridge : MainThread     : DEBUG   : start thread
2017-05-31 03:44:32,679: umgr.staging.input.queue.bridge: umgr.staging.input.queue.bridge : umgr.staging.input.queue.bridge.child.watch: INFO    : child (me) initializing
2017-05-31 03:44:32,679: umgr.staging.input.queue.bridge: umgr.staging.input.queue.bridge : umgr.staging.input.queue.bridge.child.watch: DEBUG   : ru_initialize_common (NOOP)
2017-05-31 03:44:32,679: umgr.staging.input.queue.bridge: umgr.staging.input.queue.bridge : umgr.staging.input.queue.bridge.child.watch: DEBUG   : ru_initialize_child (NOOP)
2017-05-31 03:44:32,679: umgr.staging.input.queue.bridge: umgr.staging.input.queue.bridge : umgr.staging.input.queue.bridge.child.watch: INFO    : send alive
2017-05-31 03:44:32,679: umgr.staging.input.queue.bridge: umgr.staging.input.queue.bridge : umgr.staging.input.queue.bridge.child.watch: INFO    : send message: alive
2017-05-31 03:44:32,680: umgr.staging.input.queue.bridge: umgr.staging.input.queue.bridge : MainThread     : INFO    : recv message: alive
2017-05-31 03:44:32,680: umgr.staging.input.queue.bridge: umgr.staging.input.queue.bridge : MainThread     : DEBUG   : ru_initialize_common (NOOP)
2017-05-31 03:44:32,680: umgr.staging.input.queue.bridge: umgr.staging.input.queue.bridge : MainThread     : DEBUG   : ru_initialize_parent (NOOP)
2017-05-31 03:44:32,680: umgr.staging.input.queue.bridge: umgr.staging.input.queue.bridge : MainThread     : DEBUG   : child thread umgr.staging.input.queue.bridge.child.watch started
2017-05-31 03:44:32,680: umgr.staging.input.queue.bridge: umgr.staging.input.queue.bridge : MainThread     : INFO    : child (me) is alive
2017-05-31 03:44:32,680: umgr.staging.input.queue.bridge: umgr.staging.input.queue.bridge : MainThread     : DEBUG   : ru_initialize_common (NOOP)
2017-05-31 03:44:32,682: umgr.staging.input.queue.bridge: umgr.staging.input.queue.bridge.child: MainThread     : INFO    : send alive
2017-05-31 03:44:32,682: umgr.staging.input.queue.bridge: umgr.staging.input.queue.bridge.child: MainThread     : INFO    : send message: alive
2017-05-31 03:44:32,683: umgr.staging.input.queue.bridge: MainProcess                     : MainThread     : INFO    : recv message: alive
2017-05-31 03:44:32,683: umgr.staging.input.queue.bridge: MainProcess                     : MainThread     : DEBUG   : start thread
2017-05-31 03:44:32,683: umgr.staging.input.queue.bridge: MainProcess                     : umgr.staging.input.queue.bridge.watch: INFO    : child (me) initializing
2017-05-31 03:44:32,683: umgr.staging.input.queue.bridge: MainProcess                     : umgr.staging.input.queue.bridge.watch: DEBUG   : ru_initialize_common (NOOP)
2017-05-31 03:44:32,683: umgr.staging.input.queue.bridge: MainProcess                     : umgr.staging.input.queue.bridge.watch: DEBUG   : ru_initialize_child (NOOP)
2017-05-31 03:44:32,683: umgr.staging.input.queue.bridge: MainProcess                     : umgr.staging.input.queue.bridge.watch: INFO    : send alive
2017-05-31 03:44:32,683: umgr.staging.input.queue.bridge: MainProcess                     : umgr.staging.input.queue.bridge.watch: INFO    : send message: alive
2017-05-31 03:44:32,684: umgr.staging.input.queue.bridge: MainProcess                     : MainThread     : INFO    : recv message: alive
2017-05-31 03:44:32,684: umgr.staging.input.queue.bridge: MainProcess                     : MainThread     : DEBUG   : ru_initialize_common (NOOP)
2017-05-31 03:44:32,685: umgr.staging.input.queue.bridge: MainProcess                     : MainThread     : DEBUG   : ru_initialize_parent (NOOP)
2017-05-31 03:44:32,685: umgr.staging.input.queue.bridge: MainProcess                     : MainThread     : DEBUG   : child thread umgr.staging.input.queue.bridge.watch started
2017-05-31 03:44:32,685: umgr.staging.input.queue.bridge: MainProcess                     : MainThread     : INFO    : child is alive
2017-05-31 03:44:32,685: umgr.staging.input.queue.bridge: MainProcess                     : MainThread     : DEBUG   : ru_initialize_common (NOOP)
2017-05-31 03:44:32,685: umgr.staging.input.queue.bridge: MainProcess                     : MainThread     : DEBUG   : ru_initialize_parent (NOOP)
2017-05-31 03:44:32,685: umgr.staging.input.queue.bridge: MainProcess                     : MainThread     : DEBUG   : child process started
2017-05-31 03:44:33,109: umgr.staging.input.queue.bridge: MainProcess                     : MainThread     : INFO    : parent stops child
2017-05-31 03:44:33,109: umgr.staging.input.queue.bridge: MainProcess                     : MainThread     : DEBUG   : ru_finalize_parent (NOOP)
2017-05-31 03:44:33,110: umgr.staging.input.queue.bridge: MainProcess                     : MainThread     : DEBUG   : ru_finalize_common (NOOP)
2017-05-31 03:44:33,110: umgr.staging.input.queue.bridge: MainProcess                     : MainThread     : INFO    : parent stops child
2017-05-31 03:44:33,110: umgr.staging.input.queue.bridge: MainProcess                     : MainThread     : DEBUG   : ru_finalize_parent (NOOP)
2017-05-31 03:44:33,110: umgr.staging.input.queue.bridge: MainProcess                     : MainThread     : DEBUG   : ru_finalize_common (NOOP)
2017-05-31 03:44:33,186: umgr.staging.input.queue.bridge: MainProcess                     : umgr.staging.input.queue.bridge.watch: INFO    : send message: work finished
2017-05-31 03:44:33,186: umgr.staging.input.queue.bridge: MainProcess                     : umgr.staging.input.queue.bridge.watch: DEBUG   : ru_finalize_child (NOOP)
2017-05-31 03:44:33,186: umgr.staging.input.queue.bridge: MainProcess                     : umgr.staging.input.queue.bridge.watch: DEBUG   : ru_finalize_common (NOOP)
2017-05-31 03:44:33,186: umgr.staging.input.queue.bridge: MainProcess                     : umgr.staging.input.queue.bridge.watch: INFO    : send message: terminating
2017-05-31 03:44:33,325: umgr.staging.input.queue.bridge: MainProcess                     : MainThread     : WARNING : failed to stop child - terminate
