2017-05-31 02:40:35,853: umgr.unschedule.pubsub.bridge: MainProcess                     : MainThread     : INFO    : python.interpreter   version: 2.7.12 (default, Nov 19 2016, 06:48:10) [GCC 5.4.0 20160609]
2017-05-31 02:40:35,853: umgr.unschedule.pubsub.bridge: MainProcess                     : MainThread     : INFO    :                      pid: 27015
2017-05-31 02:40:35,853: umgr.unschedule.pubsub.bridge: MainProcess                     : MainThread     : INFO    :                      tid: MainThread
2017-05-31 02:40:35,853: umgr.unschedule.pubsub.bridge: MainProcess                     : MainThread     : INFO    : radical.pilot        version: split-81-gf853cc9b@feature-bridges
2017-05-31 02:40:35,853: umgr.unschedule.pubsub.bridge: MainProcess                     : MainThread     : INFO    : create umgr_unschedule_pubsub - bridge - tcp://*:*
2017-05-31 02:40:35,854: umgr.unschedule.pubsub.bridge: MainProcess                     : MainThread     : DEBUG   : start process
2017-05-31 02:40:35,862: umgr.unschedule.pubsub.bridge: umgr.unschedule.pubsub.bridge   : MainThread     : INFO    : child (me) initializing
2017-05-31 02:40:35,863: umgr.unschedule.pubsub.bridge: umgr.unschedule.pubsub.bridge   : MainThread     : DEBUG   : start thread
2017-05-31 02:40:35,863: umgr.unschedule.pubsub.bridge: umgr.unschedule.pubsub.bridge   : umgr.unschedule.pubsub.bridge.child.watch: INFO    : child (me) initializing
2017-05-31 02:40:35,864: umgr.unschedule.pubsub.bridge: umgr.unschedule.pubsub.bridge   : umgr.unschedule.pubsub.bridge.child.watch: DEBUG   : ru_initialize_common (NOOP)
2017-05-31 02:40:35,864: umgr.unschedule.pubsub.bridge: umgr.unschedule.pubsub.bridge   : umgr.unschedule.pubsub.bridge.child.watch: DEBUG   : ru_initialize_child (NOOP)
2017-05-31 02:40:35,864: umgr.unschedule.pubsub.bridge: umgr.unschedule.pubsub.bridge   : umgr.unschedule.pubsub.bridge.child.watch: INFO    : send alive
2017-05-31 02:40:35,864: umgr.unschedule.pubsub.bridge: umgr.unschedule.pubsub.bridge   : umgr.unschedule.pubsub.bridge.child.watch: INFO    : send message: alive
2017-05-31 02:40:35,865: umgr.unschedule.pubsub.bridge: umgr.unschedule.pubsub.bridge   : MainThread     : INFO    : recv message: alive
2017-05-31 02:40:35,865: umgr.unschedule.pubsub.bridge: umgr.unschedule.pubsub.bridge   : MainThread     : DEBUG   : ru_initialize_common (NOOP)
2017-05-31 02:40:35,865: umgr.unschedule.pubsub.bridge: umgr.unschedule.pubsub.bridge   : MainThread     : DEBUG   : ru_initialize_parent (NOOP)
2017-05-31 02:40:35,866: umgr.unschedule.pubsub.bridge: umgr.unschedule.pubsub.bridge   : MainThread     : DEBUG   : child thread umgr.unschedule.pubsub.bridge.child.watch started
2017-05-31 02:40:35,866: umgr.unschedule.pubsub.bridge: umgr.unschedule.pubsub.bridge   : MainThread     : INFO    : child (me) is alive
2017-05-31 02:40:35,866: umgr.unschedule.pubsub.bridge: umgr.unschedule.pubsub.bridge   : MainThread     : DEBUG   : ru_initialize_common (NOOP)
2017-05-31 02:40:35,869: umgr.unschedule.pubsub.bridge: umgr.unschedule.pubsub.bridge.child: MainThread     : INFO    : send alive
2017-05-31 02:40:35,869: umgr.unschedule.pubsub.bridge: umgr.unschedule.pubsub.bridge.child: MainThread     : INFO    : send message: alive
2017-05-31 02:40:35,869: umgr.unschedule.pubsub.bridge: MainProcess                     : MainThread     : INFO    : recv message: alive
2017-05-31 02:40:35,870: umgr.unschedule.pubsub.bridge: MainProcess                     : MainThread     : DEBUG   : start thread
2017-05-31 02:40:35,870: umgr.unschedule.pubsub.bridge: MainProcess                     : umgr.unschedule.pubsub.bridge.watch: INFO    : child (me) initializing
2017-05-31 02:40:35,871: umgr.unschedule.pubsub.bridge: MainProcess                     : umgr.unschedule.pubsub.bridge.watch: DEBUG   : ru_initialize_common (NOOP)
2017-05-31 02:40:35,871: umgr.unschedule.pubsub.bridge: MainProcess                     : umgr.unschedule.pubsub.bridge.watch: DEBUG   : ru_initialize_child (NOOP)
2017-05-31 02:40:35,871: umgr.unschedule.pubsub.bridge: MainProcess                     : umgr.unschedule.pubsub.bridge.watch: INFO    : send alive
2017-05-31 02:40:35,871: umgr.unschedule.pubsub.bridge: MainProcess                     : umgr.unschedule.pubsub.bridge.watch: INFO    : send message: alive
2017-05-31 02:40:35,872: umgr.unschedule.pubsub.bridge: MainProcess                     : MainThread     : INFO    : recv message: alive
2017-05-31 02:40:35,872: umgr.unschedule.pubsub.bridge: MainProcess                     : MainThread     : DEBUG   : ru_initialize_common (NOOP)
2017-05-31 02:40:35,872: umgr.unschedule.pubsub.bridge: MainProcess                     : MainThread     : DEBUG   : ru_initialize_parent (NOOP)
2017-05-31 02:40:35,872: umgr.unschedule.pubsub.bridge: MainProcess                     : MainThread     : DEBUG   : child thread umgr.unschedule.pubsub.bridge.watch started
2017-05-31 02:40:35,872: umgr.unschedule.pubsub.bridge: MainProcess                     : MainThread     : INFO    : child is alive
2017-05-31 02:40:35,873: umgr.unschedule.pubsub.bridge: MainProcess                     : MainThread     : DEBUG   : ru_initialize_common (NOOP)
2017-05-31 02:40:35,873: umgr.unschedule.pubsub.bridge: MainProcess                     : MainThread     : DEBUG   : ru_initialize_parent (NOOP)
2017-05-31 02:40:35,873: umgr.unschedule.pubsub.bridge: MainProcess                     : MainThread     : DEBUG   : child process started
2017-05-31 03:21:03,710: umgr.unschedule.pubsub.bridge: MainProcess                     : MainThread     : INFO    : parent stops child
2017-05-31 03:21:03,710: umgr.unschedule.pubsub.bridge: MainProcess                     : MainThread     : DEBUG   : ru_finalize_parent (NOOP)
2017-05-31 03:21:03,710: umgr.unschedule.pubsub.bridge: MainProcess                     : MainThread     : DEBUG   : ru_finalize_common (NOOP)
2017-05-31 03:21:03,711: umgr.unschedule.pubsub.bridge: MainProcess                     : MainThread     : INFO    : parent stops child
2017-05-31 03:21:03,711: umgr.unschedule.pubsub.bridge: MainProcess                     : MainThread     : DEBUG   : ru_finalize_parent (NOOP)
2017-05-31 03:21:03,711: umgr.unschedule.pubsub.bridge: MainProcess                     : MainThread     : DEBUG   : ru_finalize_common (NOOP)
2017-05-31 03:21:03,767: umgr.unschedule.pubsub.bridge: MainProcess                     : umgr.unschedule.pubsub.bridge.watch: INFO    : send message: work finished
2017-05-31 03:21:03,768: umgr.unschedule.pubsub.bridge: MainProcess                     : umgr.unschedule.pubsub.bridge.watch: DEBUG   : ru_finalize_child (NOOP)
2017-05-31 03:21:03,768: umgr.unschedule.pubsub.bridge: MainProcess                     : umgr.unschedule.pubsub.bridge.watch: DEBUG   : ru_finalize_common (NOOP)
2017-05-31 03:21:03,768: umgr.unschedule.pubsub.bridge: MainProcess                     : umgr.unschedule.pubsub.bridge.watch: INFO    : send message: terminating
2017-05-31 03:21:03,875: umgr.unschedule.pubsub.bridge: MainProcess                     : MainThread     : WARNING : failed to stop child - terminate
2017-05-31 03:21:13,053: umgr.unschedule.pubsub.bridge: MainProcess                     : MainThread     : INFO    : radical.pilot        version: split-81-gf853cc9b@feature-bridges
2017-05-31 03:21:13,053: umgr.unschedule.pubsub.bridge: MainProcess                     : MainThread     : INFO    : create umgr_unschedule_pubsub - bridge - tcp://*:*
2017-05-31 03:21:13,053: umgr.unschedule.pubsub.bridge: MainProcess                     : MainThread     : DEBUG   : start process
2017-05-31 03:21:13,062: umgr.unschedule.pubsub.bridge: umgr.unschedule.pubsub.bridge   : MainThread     : INFO    : child (me) initializing
2017-05-31 03:21:13,062: umgr.unschedule.pubsub.bridge: umgr.unschedule.pubsub.bridge   : MainThread     : DEBUG   : start thread
2017-05-31 03:21:13,062: umgr.unschedule.pubsub.bridge: umgr.unschedule.pubsub.bridge   : umgr.unschedule.pubsub.bridge.child.watch: INFO    : child (me) initializing
2017-05-31 03:21:13,063: umgr.unschedule.pubsub.bridge: umgr.unschedule.pubsub.bridge   : umgr.unschedule.pubsub.bridge.child.watch: DEBUG   : ru_initialize_common (NOOP)
2017-05-31 03:21:13,063: umgr.unschedule.pubsub.bridge: umgr.unschedule.pubsub.bridge   : umgr.unschedule.pubsub.bridge.child.watch: DEBUG   : ru_initialize_child (NOOP)
2017-05-31 03:21:13,063: umgr.unschedule.pubsub.bridge: umgr.unschedule.pubsub.bridge   : umgr.unschedule.pubsub.bridge.child.watch: INFO    : send alive
2017-05-31 03:21:13,063: umgr.unschedule.pubsub.bridge: umgr.unschedule.pubsub.bridge   : umgr.unschedule.pubsub.bridge.child.watch: INFO    : send message: alive
2017-05-31 03:21:13,064: umgr.unschedule.pubsub.bridge: umgr.unschedule.pubsub.bridge   : MainThread     : INFO    : recv message: alive
2017-05-31 03:21:13,064: umgr.unschedule.pubsub.bridge: umgr.unschedule.pubsub.bridge   : MainThread     : DEBUG   : ru_initialize_common (NOOP)
2017-05-31 03:21:13,064: umgr.unschedule.pubsub.bridge: umgr.unschedule.pubsub.bridge   : MainThread     : DEBUG   : ru_initialize_parent (NOOP)
2017-05-31 03:21:13,064: umgr.unschedule.pubsub.bridge: umgr.unschedule.pubsub.bridge   : MainThread     : DEBUG   : child thread umgr.unschedule.pubsub.bridge.child.watch started
2017-05-31 03:21:13,064: umgr.unschedule.pubsub.bridge: umgr.unschedule.pubsub.bridge   : MainThread     : INFO    : child (me) is alive
2017-05-31 03:21:13,064: umgr.unschedule.pubsub.bridge: umgr.unschedule.pubsub.bridge   : MainThread     : DEBUG   : ru_initialize_common (NOOP)
2017-05-31 03:21:13,066: umgr.unschedule.pubsub.bridge: umgr.unschedule.pubsub.bridge.child: MainThread     : INFO    : send alive
2017-05-31 03:21:13,066: umgr.unschedule.pubsub.bridge: umgr.unschedule.pubsub.bridge.child: MainThread     : INFO    : send message: alive
2017-05-31 03:21:13,067: umgr.unschedule.pubsub.bridge: MainProcess                     : MainThread     : INFO    : recv message: alive
2017-05-31 03:21:13,067: umgr.unschedule.pubsub.bridge: MainProcess                     : MainThread     : DEBUG   : start thread
2017-05-31 03:21:13,068: umgr.unschedule.pubsub.bridge: MainProcess                     : umgr.unschedule.pubsub.bridge.watch: INFO    : child (me) initializing
2017-05-31 03:21:13,068: umgr.unschedule.pubsub.bridge: MainProcess                     : umgr.unschedule.pubsub.bridge.watch: DEBUG   : ru_initialize_common (NOOP)
2017-05-31 03:21:13,068: umgr.unschedule.pubsub.bridge: MainProcess                     : umgr.unschedule.pubsub.bridge.watch: DEBUG   : ru_initialize_child (NOOP)
2017-05-31 03:21:13,068: umgr.unschedule.pubsub.bridge: MainProcess                     : umgr.unschedule.pubsub.bridge.watch: INFO    : send alive
2017-05-31 03:21:13,068: umgr.unschedule.pubsub.bridge: MainProcess                     : umgr.unschedule.pubsub.bridge.watch: INFO    : send message: alive
2017-05-31 03:21:13,069: umgr.unschedule.pubsub.bridge: MainProcess                     : MainThread     : INFO    : recv message: alive
2017-05-31 03:21:13,069: umgr.unschedule.pubsub.bridge: MainProcess                     : MainThread     : DEBUG   : ru_initialize_common (NOOP)
2017-05-31 03:21:13,069: umgr.unschedule.pubsub.bridge: MainProcess                     : MainThread     : DEBUG   : ru_initialize_parent (NOOP)
2017-05-31 03:21:13,069: umgr.unschedule.pubsub.bridge: MainProcess                     : MainThread     : DEBUG   : child thread umgr.unschedule.pubsub.bridge.watch started
2017-05-31 03:21:13,069: umgr.unschedule.pubsub.bridge: MainProcess                     : MainThread     : INFO    : child is alive
2017-05-31 03:21:13,069: umgr.unschedule.pubsub.bridge: MainProcess                     : MainThread     : DEBUG   : ru_initialize_common (NOOP)
2017-05-31 03:21:13,070: umgr.unschedule.pubsub.bridge: MainProcess                     : MainThread     : DEBUG   : ru_initialize_parent (NOOP)
2017-05-31 03:21:13,070: umgr.unschedule.pubsub.bridge: MainProcess                     : MainThread     : DEBUG   : child process started
2017-05-31 03:28:38,588: umgr.unschedule.pubsub.bridge: MainProcess                     : MainThread     : INFO    : parent stops child
2017-05-31 03:28:38,589: umgr.unschedule.pubsub.bridge: MainProcess                     : MainThread     : DEBUG   : ru_finalize_parent (NOOP)
2017-05-31 03:28:38,589: umgr.unschedule.pubsub.bridge: MainProcess                     : MainThread     : DEBUG   : ru_finalize_common (NOOP)
2017-05-31 03:28:38,589: umgr.unschedule.pubsub.bridge: MainProcess                     : MainThread     : INFO    : parent stops child
2017-05-31 03:28:38,589: umgr.unschedule.pubsub.bridge: MainProcess                     : MainThread     : DEBUG   : ru_finalize_parent (NOOP)
2017-05-31 03:28:38,589: umgr.unschedule.pubsub.bridge: MainProcess                     : MainThread     : DEBUG   : ru_finalize_common (NOOP)
2017-05-31 03:28:38,687: umgr.unschedule.pubsub.bridge: MainProcess                     : umgr.unschedule.pubsub.bridge.watch: INFO    : send message: work finished
2017-05-31 03:28:38,687: umgr.unschedule.pubsub.bridge: MainProcess                     : umgr.unschedule.pubsub.bridge.watch: DEBUG   : ru_finalize_child (NOOP)
2017-05-31 03:28:38,687: umgr.unschedule.pubsub.bridge: MainProcess                     : umgr.unschedule.pubsub.bridge.watch: DEBUG   : ru_finalize_common (NOOP)
2017-05-31 03:28:38,687: umgr.unschedule.pubsub.bridge: MainProcess                     : umgr.unschedule.pubsub.bridge.watch: INFO    : send message: terminating
2017-05-31 03:28:38,804: umgr.unschedule.pubsub.bridge: MainProcess                     : MainThread     : WARNING : failed to stop child - terminate
2017-05-31 03:28:47,040: umgr.unschedule.pubsub.bridge: MainProcess                     : MainThread     : INFO    : radical.pilot        version: split-81-gf853cc9b@feature-bridges
2017-05-31 03:28:47,041: umgr.unschedule.pubsub.bridge: MainProcess                     : MainThread     : INFO    : create umgr_unschedule_pubsub - bridge - tcp://*:*
2017-05-31 03:28:47,041: umgr.unschedule.pubsub.bridge: MainProcess                     : MainThread     : DEBUG   : start process
2017-05-31 03:28:47,050: umgr.unschedule.pubsub.bridge: umgr.unschedule.pubsub.bridge   : MainThread     : INFO    : child (me) initializing
2017-05-31 03:28:47,051: umgr.unschedule.pubsub.bridge: umgr.unschedule.pubsub.bridge   : MainThread     : DEBUG   : start thread
2017-05-31 03:28:47,051: umgr.unschedule.pubsub.bridge: umgr.unschedule.pubsub.bridge   : umgr.unschedule.pubsub.bridge.child.watch: INFO    : child (me) initializing
2017-05-31 03:28:47,051: umgr.unschedule.pubsub.bridge: umgr.unschedule.pubsub.bridge   : umgr.unschedule.pubsub.bridge.child.watch: DEBUG   : ru_initialize_common (NOOP)
2017-05-31 03:28:47,051: umgr.unschedule.pubsub.bridge: umgr.unschedule.pubsub.bridge   : umgr.unschedule.pubsub.bridge.child.watch: DEBUG   : ru_initialize_child (NOOP)
2017-05-31 03:28:47,052: umgr.unschedule.pubsub.bridge: umgr.unschedule.pubsub.bridge   : umgr.unschedule.pubsub.bridge.child.watch: INFO    : send alive
2017-05-31 03:28:47,052: umgr.unschedule.pubsub.bridge: umgr.unschedule.pubsub.bridge   : umgr.unschedule.pubsub.bridge.child.watch: INFO    : send message: alive
2017-05-31 03:28:47,052: umgr.unschedule.pubsub.bridge: umgr.unschedule.pubsub.bridge   : MainThread     : INFO    : recv message: alive
2017-05-31 03:28:47,052: umgr.unschedule.pubsub.bridge: umgr.unschedule.pubsub.bridge   : MainThread     : DEBUG   : ru_initialize_common (NOOP)
2017-05-31 03:28:47,053: umgr.unschedule.pubsub.bridge: umgr.unschedule.pubsub.bridge   : MainThread     : DEBUG   : ru_initialize_parent (NOOP)
2017-05-31 03:28:47,053: umgr.unschedule.pubsub.bridge: umgr.unschedule.pubsub.bridge   : MainThread     : DEBUG   : child thread umgr.unschedule.pubsub.bridge.child.watch started
2017-05-31 03:28:47,053: umgr.unschedule.pubsub.bridge: umgr.unschedule.pubsub.bridge   : MainThread     : INFO    : child (me) is alive
2017-05-31 03:28:47,053: umgr.unschedule.pubsub.bridge: umgr.unschedule.pubsub.bridge   : MainThread     : DEBUG   : ru_initialize_common (NOOP)
2017-05-31 03:28:47,055: umgr.unschedule.pubsub.bridge: umgr.unschedule.pubsub.bridge.child: MainThread     : INFO    : send alive
2017-05-31 03:28:47,055: umgr.unschedule.pubsub.bridge: umgr.unschedule.pubsub.bridge.child: MainThread     : INFO    : send message: alive
2017-05-31 03:28:47,055: umgr.unschedule.pubsub.bridge: MainProcess                     : MainThread     : INFO    : recv message: alive
2017-05-31 03:28:47,056: umgr.unschedule.pubsub.bridge: MainProcess                     : MainThread     : DEBUG   : start thread
2017-05-31 03:28:47,056: umgr.unschedule.pubsub.bridge: MainProcess                     : umgr.unschedule.pubsub.bridge.watch: INFO    : child (me) initializing
2017-05-31 03:28:47,056: umgr.unschedule.pubsub.bridge: MainProcess                     : umgr.unschedule.pubsub.bridge.watch: DEBUG   : ru_initialize_common (NOOP)
2017-05-31 03:28:47,056: umgr.unschedule.pubsub.bridge: MainProcess                     : umgr.unschedule.pubsub.bridge.watch: DEBUG   : ru_initialize_child (NOOP)
2017-05-31 03:28:47,056: umgr.unschedule.pubsub.bridge: MainProcess                     : umgr.unschedule.pubsub.bridge.watch: INFO    : send alive
2017-05-31 03:28:47,056: umgr.unschedule.pubsub.bridge: MainProcess                     : umgr.unschedule.pubsub.bridge.watch: INFO    : send message: alive
2017-05-31 03:28:47,057: umgr.unschedule.pubsub.bridge: MainProcess                     : MainThread     : INFO    : recv message: alive
2017-05-31 03:28:47,057: umgr.unschedule.pubsub.bridge: MainProcess                     : MainThread     : DEBUG   : ru_initialize_common (NOOP)
2017-05-31 03:28:47,057: umgr.unschedule.pubsub.bridge: MainProcess                     : MainThread     : DEBUG   : ru_initialize_parent (NOOP)
2017-05-31 03:28:47,057: umgr.unschedule.pubsub.bridge: MainProcess                     : MainThread     : DEBUG   : child thread umgr.unschedule.pubsub.bridge.watch started
2017-05-31 03:28:47,058: umgr.unschedule.pubsub.bridge: MainProcess                     : MainThread     : INFO    : child is alive
2017-05-31 03:28:47,058: umgr.unschedule.pubsub.bridge: MainProcess                     : MainThread     : DEBUG   : ru_initialize_common (NOOP)
2017-05-31 03:28:47,058: umgr.unschedule.pubsub.bridge: MainProcess                     : MainThread     : DEBUG   : ru_initialize_parent (NOOP)
2017-05-31 03:28:47,058: umgr.unschedule.pubsub.bridge: MainProcess                     : MainThread     : DEBUG   : child process started
2017-05-31 03:36:39,633: umgr.unschedule.pubsub.bridge: MainProcess                     : MainThread     : INFO    : parent stops child
2017-05-31 03:36:39,633: umgr.unschedule.pubsub.bridge: MainProcess                     : MainThread     : DEBUG   : ru_finalize_parent (NOOP)
2017-05-31 03:36:39,634: umgr.unschedule.pubsub.bridge: MainProcess                     : MainThread     : DEBUG   : ru_finalize_common (NOOP)
2017-05-31 03:36:39,634: umgr.unschedule.pubsub.bridge: MainProcess                     : MainThread     : INFO    : parent stops child
2017-05-31 03:36:39,634: umgr.unschedule.pubsub.bridge: MainProcess                     : MainThread     : DEBUG   : ru_finalize_parent (NOOP)
2017-05-31 03:36:39,634: umgr.unschedule.pubsub.bridge: MainProcess                     : MainThread     : DEBUG   : ru_finalize_common (NOOP)
2017-05-31 03:36:39,713: umgr.unschedule.pubsub.bridge: MainProcess                     : umgr.unschedule.pubsub.bridge.watch: INFO    : send message: work finished
2017-05-31 03:36:39,714: umgr.unschedule.pubsub.bridge: MainProcess                     : umgr.unschedule.pubsub.bridge.watch: DEBUG   : ru_finalize_child (NOOP)
2017-05-31 03:36:39,714: umgr.unschedule.pubsub.bridge: MainProcess                     : umgr.unschedule.pubsub.bridge.watch: DEBUG   : ru_finalize_common (NOOP)
2017-05-31 03:36:39,714: umgr.unschedule.pubsub.bridge: MainProcess                     : umgr.unschedule.pubsub.bridge.watch: INFO    : send message: terminating
2017-05-31 03:36:39,849: umgr.unschedule.pubsub.bridge: MainProcess                     : MainThread     : WARNING : failed to stop child - terminate
2017-05-31 03:36:47,819: umgr.unschedule.pubsub.bridge: MainProcess                     : MainThread     : INFO    : radical.pilot        version: split-81-gf853cc9b@feature-bridges
2017-05-31 03:36:47,819: umgr.unschedule.pubsub.bridge: MainProcess                     : MainThread     : INFO    : create umgr_unschedule_pubsub - bridge - tcp://*:*
2017-05-31 03:36:47,820: umgr.unschedule.pubsub.bridge: MainProcess                     : MainThread     : DEBUG   : start process
2017-05-31 03:36:47,842: umgr.unschedule.pubsub.bridge: umgr.unschedule.pubsub.bridge   : MainThread     : INFO    : child (me) initializing
2017-05-31 03:36:47,843: umgr.unschedule.pubsub.bridge: umgr.unschedule.pubsub.bridge   : MainThread     : DEBUG   : start thread
2017-05-31 03:36:47,844: umgr.unschedule.pubsub.bridge: umgr.unschedule.pubsub.bridge   : umgr.unschedule.pubsub.bridge.child.watch: INFO    : child (me) initializing
2017-05-31 03:36:47,844: umgr.unschedule.pubsub.bridge: umgr.unschedule.pubsub.bridge   : umgr.unschedule.pubsub.bridge.child.watch: DEBUG   : ru_initialize_common (NOOP)
2017-05-31 03:36:47,844: umgr.unschedule.pubsub.bridge: umgr.unschedule.pubsub.bridge   : umgr.unschedule.pubsub.bridge.child.watch: DEBUG   : ru_initialize_child (NOOP)
2017-05-31 03:36:47,844: umgr.unschedule.pubsub.bridge: umgr.unschedule.pubsub.bridge   : umgr.unschedule.pubsub.bridge.child.watch: INFO    : send alive
2017-05-31 03:36:47,845: umgr.unschedule.pubsub.bridge: umgr.unschedule.pubsub.bridge   : umgr.unschedule.pubsub.bridge.child.watch: INFO    : send message: alive
2017-05-31 03:36:47,845: umgr.unschedule.pubsub.bridge: umgr.unschedule.pubsub.bridge   : MainThread     : INFO    : recv message: alive
2017-05-31 03:36:47,846: umgr.unschedule.pubsub.bridge: umgr.unschedule.pubsub.bridge   : MainThread     : DEBUG   : ru_initialize_common (NOOP)
2017-05-31 03:36:47,846: umgr.unschedule.pubsub.bridge: umgr.unschedule.pubsub.bridge   : MainThread     : DEBUG   : ru_initialize_parent (NOOP)
2017-05-31 03:36:47,846: umgr.unschedule.pubsub.bridge: umgr.unschedule.pubsub.bridge   : MainThread     : DEBUG   : child thread umgr.unschedule.pubsub.bridge.child.watch started
2017-05-31 03:36:47,846: umgr.unschedule.pubsub.bridge: umgr.unschedule.pubsub.bridge   : MainThread     : INFO    : child (me) is alive
2017-05-31 03:36:47,846: umgr.unschedule.pubsub.bridge: umgr.unschedule.pubsub.bridge   : MainThread     : DEBUG   : ru_initialize_common (NOOP)
2017-05-31 03:36:47,851: umgr.unschedule.pubsub.bridge: umgr.unschedule.pubsub.bridge.child: MainThread     : INFO    : send alive
2017-05-31 03:36:47,851: umgr.unschedule.pubsub.bridge: umgr.unschedule.pubsub.bridge.child: MainThread     : INFO    : send message: alive
2017-05-31 03:36:47,851: umgr.unschedule.pubsub.bridge: MainProcess                     : MainThread     : INFO    : recv message: alive
2017-05-31 03:36:47,853: umgr.unschedule.pubsub.bridge: MainProcess                     : MainThread     : DEBUG   : start thread
2017-05-31 03:36:47,854: umgr.unschedule.pubsub.bridge: MainProcess                     : umgr.unschedule.pubsub.bridge.watch: INFO    : child (me) initializing
2017-05-31 03:36:47,854: umgr.unschedule.pubsub.bridge: MainProcess                     : umgr.unschedule.pubsub.bridge.watch: DEBUG   : ru_initialize_common (NOOP)
2017-05-31 03:36:47,854: umgr.unschedule.pubsub.bridge: MainProcess                     : umgr.unschedule.pubsub.bridge.watch: DEBUG   : ru_initialize_child (NOOP)
2017-05-31 03:36:47,854: umgr.unschedule.pubsub.bridge: MainProcess                     : umgr.unschedule.pubsub.bridge.watch: INFO    : send alive
2017-05-31 03:36:47,854: umgr.unschedule.pubsub.bridge: MainProcess                     : umgr.unschedule.pubsub.bridge.watch: INFO    : send message: alive
2017-05-31 03:36:47,855: umgr.unschedule.pubsub.bridge: MainProcess                     : MainThread     : INFO    : recv message: alive
2017-05-31 03:36:47,856: umgr.unschedule.pubsub.bridge: MainProcess                     : MainThread     : DEBUG   : ru_initialize_common (NOOP)
2017-05-31 03:36:47,856: umgr.unschedule.pubsub.bridge: MainProcess                     : MainThread     : DEBUG   : ru_initialize_parent (NOOP)
2017-05-31 03:36:47,856: umgr.unschedule.pubsub.bridge: MainProcess                     : MainThread     : DEBUG   : child thread umgr.unschedule.pubsub.bridge.watch started
2017-05-31 03:36:47,856: umgr.unschedule.pubsub.bridge: MainProcess                     : MainThread     : INFO    : child is alive
2017-05-31 03:36:47,856: umgr.unschedule.pubsub.bridge: MainProcess                     : MainThread     : DEBUG   : ru_initialize_common (NOOP)
2017-05-31 03:36:47,856: umgr.unschedule.pubsub.bridge: MainProcess                     : MainThread     : DEBUG   : ru_initialize_parent (NOOP)
2017-05-31 03:36:47,857: umgr.unschedule.pubsub.bridge: MainProcess                     : MainThread     : DEBUG   : child process started
2017-05-31 03:44:24,734: umgr.unschedule.pubsub.bridge: MainProcess                     : MainThread     : INFO    : parent stops child
2017-05-31 03:44:24,735: umgr.unschedule.pubsub.bridge: MainProcess                     : MainThread     : DEBUG   : ru_finalize_parent (NOOP)
2017-05-31 03:44:24,735: umgr.unschedule.pubsub.bridge: MainProcess                     : MainThread     : DEBUG   : ru_finalize_common (NOOP)
2017-05-31 03:44:24,735: umgr.unschedule.pubsub.bridge: MainProcess                     : MainThread     : INFO    : parent stops child
2017-05-31 03:44:24,735: umgr.unschedule.pubsub.bridge: MainProcess                     : MainThread     : DEBUG   : ru_finalize_parent (NOOP)
2017-05-31 03:44:24,735: umgr.unschedule.pubsub.bridge: MainProcess                     : MainThread     : DEBUG   : ru_finalize_common (NOOP)
2017-05-31 03:44:24,833: umgr.unschedule.pubsub.bridge: MainProcess                     : umgr.unschedule.pubsub.bridge.watch: INFO    : send message: work finished
2017-05-31 03:44:24,833: umgr.unschedule.pubsub.bridge: MainProcess                     : umgr.unschedule.pubsub.bridge.watch: DEBUG   : ru_finalize_child (NOOP)
2017-05-31 03:44:24,833: umgr.unschedule.pubsub.bridge: MainProcess                     : umgr.unschedule.pubsub.bridge.watch: DEBUG   : ru_finalize_common (NOOP)
2017-05-31 03:44:24,833: umgr.unschedule.pubsub.bridge: MainProcess                     : umgr.unschedule.pubsub.bridge.watch: INFO    : send message: terminating
2017-05-31 03:44:24,950: umgr.unschedule.pubsub.bridge: MainProcess                     : MainThread     : WARNING : failed to stop child - terminate
2017-05-31 03:44:32,702: umgr.unschedule.pubsub.bridge: MainProcess                     : MainThread     : INFO    : radical.pilot        version: split-81-gf853cc9b@feature-bridges
2017-05-31 03:44:32,702: umgr.unschedule.pubsub.bridge: MainProcess                     : MainThread     : INFO    : create umgr_unschedule_pubsub - bridge - tcp://*:*
2017-05-31 03:44:32,703: umgr.unschedule.pubsub.bridge: MainProcess                     : MainThread     : DEBUG   : start process
2017-05-31 03:44:32,713: umgr.unschedule.pubsub.bridge: umgr.unschedule.pubsub.bridge   : MainThread     : INFO    : child (me) initializing
2017-05-31 03:44:32,713: umgr.unschedule.pubsub.bridge: umgr.unschedule.pubsub.bridge   : MainThread     : DEBUG   : start thread
2017-05-31 03:44:32,713: umgr.unschedule.pubsub.bridge: umgr.unschedule.pubsub.bridge   : umgr.unschedule.pubsub.bridge.child.watch: INFO    : child (me) initializing
2017-05-31 03:44:32,713: umgr.unschedule.pubsub.bridge: umgr.unschedule.pubsub.bridge   : umgr.unschedule.pubsub.bridge.child.watch: DEBUG   : ru_initialize_common (NOOP)
2017-05-31 03:44:32,714: umgr.unschedule.pubsub.bridge: umgr.unschedule.pubsub.bridge   : umgr.unschedule.pubsub.bridge.child.watch: DEBUG   : ru_initialize_child (NOOP)
2017-05-31 03:44:32,714: umgr.unschedule.pubsub.bridge: umgr.unschedule.pubsub.bridge   : umgr.unschedule.pubsub.bridge.child.watch: INFO    : send alive
2017-05-31 03:44:32,714: umgr.unschedule.pubsub.bridge: umgr.unschedule.pubsub.bridge   : umgr.unschedule.pubsub.bridge.child.watch: INFO    : send message: alive
2017-05-31 03:44:32,714: umgr.unschedule.pubsub.bridge: umgr.unschedule.pubsub.bridge   : MainThread     : INFO    : recv message: alive
2017-05-31 03:44:32,714: umgr.unschedule.pubsub.bridge: umgr.unschedule.pubsub.bridge   : MainThread     : DEBUG   : ru_initialize_common (NOOP)
2017-05-31 03:44:32,715: umgr.unschedule.pubsub.bridge: umgr.unschedule.pubsub.bridge   : MainThread     : DEBUG   : ru_initialize_parent (NOOP)
2017-05-31 03:44:32,715: umgr.unschedule.pubsub.bridge: umgr.unschedule.pubsub.bridge   : MainThread     : DEBUG   : child thread umgr.unschedule.pubsub.bridge.child.watch started
2017-05-31 03:44:32,715: umgr.unschedule.pubsub.bridge: umgr.unschedule.pubsub.bridge   : MainThread     : INFO    : child (me) is alive
2017-05-31 03:44:32,715: umgr.unschedule.pubsub.bridge: umgr.unschedule.pubsub.bridge   : MainThread     : DEBUG   : ru_initialize_common (NOOP)
2017-05-31 03:44:32,716: umgr.unschedule.pubsub.bridge: umgr.unschedule.pubsub.bridge.child: MainThread     : INFO    : send alive
2017-05-31 03:44:32,716: umgr.unschedule.pubsub.bridge: umgr.unschedule.pubsub.bridge.child: MainThread     : INFO    : send message: alive
2017-05-31 03:44:32,717: umgr.unschedule.pubsub.bridge: MainProcess                     : MainThread     : INFO    : recv message: alive
2017-05-31 03:44:32,717: umgr.unschedule.pubsub.bridge: MainProcess                     : MainThread     : DEBUG   : start thread
2017-05-31 03:44:32,717: umgr.unschedule.pubsub.bridge: MainProcess                     : umgr.unschedule.pubsub.bridge.watch: INFO    : child (me) initializing
2017-05-31 03:44:32,718: umgr.unschedule.pubsub.bridge: MainProcess                     : umgr.unschedule.pubsub.bridge.watch: DEBUG   : ru_initialize_common (NOOP)
2017-05-31 03:44:32,718: umgr.unschedule.pubsub.bridge: MainProcess                     : umgr.unschedule.pubsub.bridge.watch: DEBUG   : ru_initialize_child (NOOP)
2017-05-31 03:44:32,718: umgr.unschedule.pubsub.bridge: MainProcess                     : umgr.unschedule.pubsub.bridge.watch: INFO    : send alive
2017-05-31 03:44:32,718: umgr.unschedule.pubsub.bridge: MainProcess                     : umgr.unschedule.pubsub.bridge.watch: INFO    : send message: alive
2017-05-31 03:44:32,719: umgr.unschedule.pubsub.bridge: MainProcess                     : MainThread     : INFO    : recv message: alive
2017-05-31 03:44:32,719: umgr.unschedule.pubsub.bridge: MainProcess                     : MainThread     : DEBUG   : ru_initialize_common (NOOP)
2017-05-31 03:44:32,762: umgr.unschedule.pubsub.bridge: MainProcess                     : MainThread     : DEBUG   : ru_initialize_parent (NOOP)
2017-05-31 03:44:32,762: umgr.unschedule.pubsub.bridge: MainProcess                     : MainThread     : DEBUG   : child thread umgr.unschedule.pubsub.bridge.watch started
2017-05-31 03:44:32,763: umgr.unschedule.pubsub.bridge: MainProcess                     : MainThread     : INFO    : child is alive
2017-05-31 03:44:32,763: umgr.unschedule.pubsub.bridge: MainProcess                     : MainThread     : DEBUG   : ru_initialize_common (NOOP)
2017-05-31 03:44:32,763: umgr.unschedule.pubsub.bridge: MainProcess                     : MainThread     : DEBUG   : ru_initialize_parent (NOOP)
2017-05-31 03:44:32,763: umgr.unschedule.pubsub.bridge: MainProcess                     : MainThread     : DEBUG   : child process started
2017-05-31 03:44:33,557: umgr.unschedule.pubsub.bridge: MainProcess                     : MainThread     : INFO    : parent stops child
2017-05-31 03:44:33,557: umgr.unschedule.pubsub.bridge: MainProcess                     : MainThread     : DEBUG   : ru_finalize_parent (NOOP)
2017-05-31 03:44:33,557: umgr.unschedule.pubsub.bridge: MainProcess                     : MainThread     : DEBUG   : ru_finalize_common (NOOP)
2017-05-31 03:44:33,557: umgr.unschedule.pubsub.bridge: MainProcess                     : MainThread     : INFO    : parent stops child
2017-05-31 03:44:33,557: umgr.unschedule.pubsub.bridge: MainProcess                     : MainThread     : DEBUG   : ru_finalize_parent (NOOP)
2017-05-31 03:44:33,558: umgr.unschedule.pubsub.bridge: MainProcess                     : MainThread     : DEBUG   : ru_finalize_common (NOOP)
2017-05-31 03:44:33,620: umgr.unschedule.pubsub.bridge: MainProcess                     : umgr.unschedule.pubsub.bridge.watch: INFO    : send message: work finished
2017-05-31 03:44:33,621: umgr.unschedule.pubsub.bridge: MainProcess                     : umgr.unschedule.pubsub.bridge.watch: DEBUG   : ru_finalize_child (NOOP)
2017-05-31 03:44:33,621: umgr.unschedule.pubsub.bridge: MainProcess                     : umgr.unschedule.pubsub.bridge.watch: DEBUG   : ru_finalize_common (NOOP)
2017-05-31 03:44:33,621: umgr.unschedule.pubsub.bridge: MainProcess                     : umgr.unschedule.pubsub.bridge.watch: INFO    : send message: terminating
2017-05-31 03:44:33,722: umgr.unschedule.pubsub.bridge: MainProcess                     : MainThread     : WARNING : failed to stop child - terminate
