2017-05-31 02:40:35,874: umgr.scheduling.queue.bridge: MainProcess                     : MainThread     : INFO    : python.interpreter   version: 2.7.12 (default, Nov 19 2016, 06:48:10) [GCC 5.4.0 20160609]
2017-05-31 02:40:35,874: umgr.scheduling.queue.bridge: MainProcess                     : MainThread     : INFO    :                      pid: 27015
2017-05-31 02:40:35,874: umgr.scheduling.queue.bridge: MainProcess                     : MainThread     : INFO    :                      tid: MainThread
2017-05-31 02:40:35,875: umgr.scheduling.queue.bridge: MainProcess                     : MainThread     : INFO    : radical.pilot        version: split-81-gf853cc9b@feature-bridges
2017-05-31 02:40:35,875: umgr.scheduling.queue.bridge: MainProcess                     : MainThread     : INFO    : create umgr_scheduling_queue - bridge - tcp://*:*
2017-05-31 02:40:35,875: umgr.scheduling.queue.bridge: MainProcess                     : MainThread     : DEBUG   : start process
2017-05-31 02:40:35,884: umgr.scheduling.queue.bridge: umgr.scheduling.queue.bridge    : MainThread     : INFO    : child (me) initializing
2017-05-31 02:40:35,885: umgr.scheduling.queue.bridge: umgr.scheduling.queue.bridge    : MainThread     : DEBUG   : start thread
2017-05-31 02:40:35,885: umgr.scheduling.queue.bridge: umgr.scheduling.queue.bridge    : umgr.scheduling.queue.bridge.child.watch: INFO    : child (me) initializing
2017-05-31 02:40:35,885: umgr.scheduling.queue.bridge: umgr.scheduling.queue.bridge    : umgr.scheduling.queue.bridge.child.watch: DEBUG   : ru_initialize_common (NOOP)
2017-05-31 02:40:35,886: umgr.scheduling.queue.bridge: umgr.scheduling.queue.bridge    : umgr.scheduling.queue.bridge.child.watch: DEBUG   : ru_initialize_child (NOOP)
2017-05-31 02:40:35,886: umgr.scheduling.queue.bridge: umgr.scheduling.queue.bridge    : umgr.scheduling.queue.bridge.child.watch: INFO    : send alive
2017-05-31 02:40:35,886: umgr.scheduling.queue.bridge: umgr.scheduling.queue.bridge    : umgr.scheduling.queue.bridge.child.watch: INFO    : send message: alive
2017-05-31 02:40:35,887: umgr.scheduling.queue.bridge: umgr.scheduling.queue.bridge    : MainThread     : INFO    : recv message: alive
2017-05-31 02:40:35,887: umgr.scheduling.queue.bridge: umgr.scheduling.queue.bridge    : MainThread     : DEBUG   : ru_initialize_common (NOOP)
2017-05-31 02:40:35,887: umgr.scheduling.queue.bridge: umgr.scheduling.queue.bridge    : MainThread     : DEBUG   : ru_initialize_parent (NOOP)
2017-05-31 02:40:35,887: umgr.scheduling.queue.bridge: umgr.scheduling.queue.bridge    : MainThread     : DEBUG   : child thread umgr.scheduling.queue.bridge.child.watch started
2017-05-31 02:40:35,887: umgr.scheduling.queue.bridge: umgr.scheduling.queue.bridge    : MainThread     : INFO    : child (me) is alive
2017-05-31 02:40:35,887: umgr.scheduling.queue.bridge: umgr.scheduling.queue.bridge    : MainThread     : DEBUG   : ru_initialize_common (NOOP)
2017-05-31 02:40:35,890: umgr.scheduling.queue.bridge: umgr.scheduling.queue.bridge.child: MainThread     : INFO    : send alive
2017-05-31 02:40:35,891: umgr.scheduling.queue.bridge: umgr.scheduling.queue.bridge.child: MainThread     : INFO    : send message: alive
2017-05-31 02:40:35,891: umgr.scheduling.queue.bridge: MainProcess                     : MainThread     : INFO    : recv message: alive
2017-05-31 02:40:35,892: umgr.scheduling.queue.bridge: MainProcess                     : MainThread     : DEBUG   : start thread
2017-05-31 02:40:35,892: umgr.scheduling.queue.bridge: MainProcess                     : umgr.scheduling.queue.bridge.watch: INFO    : child (me) initializing
2017-05-31 02:40:35,892: umgr.scheduling.queue.bridge: MainProcess                     : umgr.scheduling.queue.bridge.watch: DEBUG   : ru_initialize_common (NOOP)
2017-05-31 02:40:35,893: umgr.scheduling.queue.bridge: MainProcess                     : umgr.scheduling.queue.bridge.watch: DEBUG   : ru_initialize_child (NOOP)
2017-05-31 02:40:35,893: umgr.scheduling.queue.bridge: MainProcess                     : umgr.scheduling.queue.bridge.watch: INFO    : send alive
2017-05-31 02:40:35,893: umgr.scheduling.queue.bridge: MainProcess                     : umgr.scheduling.queue.bridge.watch: INFO    : send message: alive
2017-05-31 02:40:35,894: umgr.scheduling.queue.bridge: MainProcess                     : MainThread     : INFO    : recv message: alive
2017-05-31 02:40:35,894: umgr.scheduling.queue.bridge: MainProcess                     : MainThread     : DEBUG   : ru_initialize_common (NOOP)
2017-05-31 02:40:35,894: umgr.scheduling.queue.bridge: MainProcess                     : MainThread     : DEBUG   : ru_initialize_parent (NOOP)
2017-05-31 02:40:35,895: umgr.scheduling.queue.bridge: MainProcess                     : MainThread     : DEBUG   : child thread umgr.scheduling.queue.bridge.watch started
2017-05-31 02:40:35,895: umgr.scheduling.queue.bridge: MainProcess                     : MainThread     : INFO    : child is alive
2017-05-31 02:40:35,895: umgr.scheduling.queue.bridge: MainProcess                     : MainThread     : DEBUG   : ru_initialize_common (NOOP)
2017-05-31 02:40:35,895: umgr.scheduling.queue.bridge: MainProcess                     : MainThread     : DEBUG   : ru_initialize_parent (NOOP)
2017-05-31 02:40:35,895: umgr.scheduling.queue.bridge: MainProcess                     : MainThread     : DEBUG   : child process started
2017-05-31 03:21:03,879: umgr.scheduling.queue.bridge: MainProcess                     : MainThread     : INFO    : parent stops child
2017-05-31 03:21:03,879: umgr.scheduling.queue.bridge: MainProcess                     : MainThread     : DEBUG   : ru_finalize_parent (NOOP)
2017-05-31 03:21:03,880: umgr.scheduling.queue.bridge: MainProcess                     : MainThread     : DEBUG   : ru_finalize_common (NOOP)
2017-05-31 03:21:03,880: umgr.scheduling.queue.bridge: MainProcess                     : MainThread     : INFO    : parent stops child
2017-05-31 03:21:03,880: umgr.scheduling.queue.bridge: MainProcess                     : MainThread     : DEBUG   : ru_finalize_parent (NOOP)
2017-05-31 03:21:03,880: umgr.scheduling.queue.bridge: MainProcess                     : MainThread     : DEBUG   : ru_finalize_common (NOOP)
2017-05-31 03:21:03,968: umgr.scheduling.queue.bridge: MainProcess                     : umgr.scheduling.queue.bridge.watch: INFO    : send message: work finished
2017-05-31 03:21:03,968: umgr.scheduling.queue.bridge: MainProcess                     : umgr.scheduling.queue.bridge.watch: DEBUG   : ru_finalize_child (NOOP)
2017-05-31 03:21:03,969: umgr.scheduling.queue.bridge: MainProcess                     : umgr.scheduling.queue.bridge.watch: DEBUG   : ru_finalize_common (NOOP)
2017-05-31 03:21:03,969: umgr.scheduling.queue.bridge: MainProcess                     : umgr.scheduling.queue.bridge.watch: INFO    : send message: terminating
2017-05-31 03:21:03,998: umgr.scheduling.queue.bridge: umgr.scheduling.queue.bridge.child: umgr.scheduling.queue.bridge.child.watch: WARNING : endpoint disappeard
2017-05-31 03:21:03,998: umgr.scheduling.queue.bridge: umgr.scheduling.queue.bridge.child: umgr.scheduling.queue.bridge.child.watch: WARNING : watcher failed
2017-05-31 03:21:03,998: umgr.scheduling.queue.bridge: umgr.scheduling.queue.bridge.child: umgr.scheduling.queue.bridge.child.watch: INFO    : send message: work finished
2017-05-31 03:21:03,999: umgr.scheduling.queue.bridge: umgr.scheduling.queue.bridge.child: umgr.scheduling.queue.bridge.child.watch: DEBUG   : ru_finalize_child (NOOP)
2017-05-31 03:21:03,999: umgr.scheduling.queue.bridge: umgr.scheduling.queue.bridge.child: umgr.scheduling.queue.bridge.child.watch: DEBUG   : ru_finalize_common (NOOP)
2017-05-31 03:21:03,999: umgr.scheduling.queue.bridge: umgr.scheduling.queue.bridge.child: umgr.scheduling.queue.bridge.child.watch: INFO    : send message: terminating
2017-05-31 03:21:04,095: umgr.scheduling.queue.bridge: MainProcess                     : MainThread     : WARNING : failed to stop child - terminate
2017-05-31 03:21:13,070: umgr.scheduling.queue.bridge: MainProcess                     : MainThread     : INFO    : radical.pilot        version: split-81-gf853cc9b@feature-bridges
2017-05-31 03:21:13,070: umgr.scheduling.queue.bridge: MainProcess                     : MainThread     : INFO    : create umgr_scheduling_queue - bridge - tcp://*:*
2017-05-31 03:21:13,071: umgr.scheduling.queue.bridge: MainProcess                     : MainThread     : DEBUG   : start process
2017-05-31 03:21:13,079: umgr.scheduling.queue.bridge: umgr.scheduling.queue.bridge    : MainThread     : INFO    : child (me) initializing
2017-05-31 03:21:13,079: umgr.scheduling.queue.bridge: umgr.scheduling.queue.bridge    : MainThread     : DEBUG   : start thread
2017-05-31 03:21:13,080: umgr.scheduling.queue.bridge: umgr.scheduling.queue.bridge    : umgr.scheduling.queue.bridge.child.watch: INFO    : child (me) initializing
2017-05-31 03:21:13,080: umgr.scheduling.queue.bridge: umgr.scheduling.queue.bridge    : umgr.scheduling.queue.bridge.child.watch: DEBUG   : ru_initialize_common (NOOP)
2017-05-31 03:21:13,080: umgr.scheduling.queue.bridge: umgr.scheduling.queue.bridge    : umgr.scheduling.queue.bridge.child.watch: DEBUG   : ru_initialize_child (NOOP)
2017-05-31 03:21:13,080: umgr.scheduling.queue.bridge: umgr.scheduling.queue.bridge    : umgr.scheduling.queue.bridge.child.watch: INFO    : send alive
2017-05-31 03:21:13,080: umgr.scheduling.queue.bridge: umgr.scheduling.queue.bridge    : umgr.scheduling.queue.bridge.child.watch: INFO    : send message: alive
2017-05-31 03:21:13,081: umgr.scheduling.queue.bridge: umgr.scheduling.queue.bridge    : MainThread     : INFO    : recv message: alive
2017-05-31 03:21:13,081: umgr.scheduling.queue.bridge: umgr.scheduling.queue.bridge    : MainThread     : DEBUG   : ru_initialize_common (NOOP)
2017-05-31 03:21:13,081: umgr.scheduling.queue.bridge: umgr.scheduling.queue.bridge    : MainThread     : DEBUG   : ru_initialize_parent (NOOP)
2017-05-31 03:21:13,081: umgr.scheduling.queue.bridge: umgr.scheduling.queue.bridge    : MainThread     : DEBUG   : child thread umgr.scheduling.queue.bridge.child.watch started
2017-05-31 03:21:13,081: umgr.scheduling.queue.bridge: umgr.scheduling.queue.bridge    : MainThread     : INFO    : child (me) is alive
2017-05-31 03:21:13,081: umgr.scheduling.queue.bridge: umgr.scheduling.queue.bridge    : MainThread     : DEBUG   : ru_initialize_common (NOOP)
2017-05-31 03:21:13,084: umgr.scheduling.queue.bridge: umgr.scheduling.queue.bridge.child: MainThread     : INFO    : send alive
2017-05-31 03:21:13,084: umgr.scheduling.queue.bridge: umgr.scheduling.queue.bridge.child: MainThread     : INFO    : send message: alive
2017-05-31 03:21:13,084: umgr.scheduling.queue.bridge: MainProcess                     : MainThread     : INFO    : recv message: alive
2017-05-31 03:21:13,084: umgr.scheduling.queue.bridge: MainProcess                     : MainThread     : DEBUG   : start thread
2017-05-31 03:21:13,085: umgr.scheduling.queue.bridge: MainProcess                     : umgr.scheduling.queue.bridge.watch: INFO    : child (me) initializing
2017-05-31 03:21:13,085: umgr.scheduling.queue.bridge: MainProcess                     : umgr.scheduling.queue.bridge.watch: DEBUG   : ru_initialize_common (NOOP)
2017-05-31 03:21:13,085: umgr.scheduling.queue.bridge: MainProcess                     : umgr.scheduling.queue.bridge.watch: DEBUG   : ru_initialize_child (NOOP)
2017-05-31 03:21:13,085: umgr.scheduling.queue.bridge: MainProcess                     : umgr.scheduling.queue.bridge.watch: INFO    : send alive
2017-05-31 03:21:13,085: umgr.scheduling.queue.bridge: MainProcess                     : umgr.scheduling.queue.bridge.watch: INFO    : send message: alive
2017-05-31 03:21:13,086: umgr.scheduling.queue.bridge: MainProcess                     : MainThread     : INFO    : recv message: alive
2017-05-31 03:21:13,086: umgr.scheduling.queue.bridge: MainProcess                     : MainThread     : DEBUG   : ru_initialize_common (NOOP)
2017-05-31 03:21:13,086: umgr.scheduling.queue.bridge: MainProcess                     : MainThread     : DEBUG   : ru_initialize_parent (NOOP)
2017-05-31 03:21:13,086: umgr.scheduling.queue.bridge: MainProcess                     : MainThread     : DEBUG   : child thread umgr.scheduling.queue.bridge.watch started
2017-05-31 03:21:13,086: umgr.scheduling.queue.bridge: MainProcess                     : MainThread     : INFO    : child is alive
2017-05-31 03:21:13,086: umgr.scheduling.queue.bridge: MainProcess                     : MainThread     : DEBUG   : ru_initialize_common (NOOP)
2017-05-31 03:21:13,086: umgr.scheduling.queue.bridge: MainProcess                     : MainThread     : DEBUG   : ru_initialize_parent (NOOP)
2017-05-31 03:21:13,086: umgr.scheduling.queue.bridge: MainProcess                     : MainThread     : DEBUG   : child process started
2017-05-31 03:28:38,808: umgr.scheduling.queue.bridge: MainProcess                     : MainThread     : INFO    : parent stops child
2017-05-31 03:28:38,808: umgr.scheduling.queue.bridge: MainProcess                     : MainThread     : DEBUG   : ru_finalize_parent (NOOP)
2017-05-31 03:28:38,808: umgr.scheduling.queue.bridge: MainProcess                     : MainThread     : DEBUG   : ru_finalize_common (NOOP)
2017-05-31 03:28:38,809: umgr.scheduling.queue.bridge: MainProcess                     : MainThread     : INFO    : parent stops child
2017-05-31 03:28:38,809: umgr.scheduling.queue.bridge: MainProcess                     : MainThread     : DEBUG   : ru_finalize_parent (NOOP)
2017-05-31 03:28:38,809: umgr.scheduling.queue.bridge: MainProcess                     : MainThread     : DEBUG   : ru_finalize_common (NOOP)
2017-05-31 03:28:38,903: umgr.scheduling.queue.bridge: MainProcess                     : umgr.scheduling.queue.bridge.watch: INFO    : send message: work finished
2017-05-31 03:28:38,904: umgr.scheduling.queue.bridge: MainProcess                     : umgr.scheduling.queue.bridge.watch: DEBUG   : ru_finalize_child (NOOP)
2017-05-31 03:28:38,904: umgr.scheduling.queue.bridge: MainProcess                     : umgr.scheduling.queue.bridge.watch: DEBUG   : ru_finalize_common (NOOP)
2017-05-31 03:28:38,904: umgr.scheduling.queue.bridge: MainProcess                     : umgr.scheduling.queue.bridge.watch: INFO    : send message: terminating
2017-05-31 03:28:39,024: umgr.scheduling.queue.bridge: MainProcess                     : MainThread     : WARNING : failed to stop child - terminate
2017-05-31 03:28:47,058: umgr.scheduling.queue.bridge: MainProcess                     : MainThread     : INFO    : radical.pilot        version: split-81-gf853cc9b@feature-bridges
2017-05-31 03:28:47,058: umgr.scheduling.queue.bridge: MainProcess                     : MainThread     : INFO    : create umgr_scheduling_queue - bridge - tcp://*:*
2017-05-31 03:28:47,059: umgr.scheduling.queue.bridge: MainProcess                     : MainThread     : DEBUG   : start process
2017-05-31 03:28:47,067: umgr.scheduling.queue.bridge: umgr.scheduling.queue.bridge    : MainThread     : INFO    : child (me) initializing
2017-05-31 03:28:47,068: umgr.scheduling.queue.bridge: umgr.scheduling.queue.bridge    : MainThread     : DEBUG   : start thread
2017-05-31 03:28:47,068: umgr.scheduling.queue.bridge: umgr.scheduling.queue.bridge    : umgr.scheduling.queue.bridge.child.watch: INFO    : child (me) initializing
2017-05-31 03:28:47,068: umgr.scheduling.queue.bridge: umgr.scheduling.queue.bridge    : umgr.scheduling.queue.bridge.child.watch: DEBUG   : ru_initialize_common (NOOP)
2017-05-31 03:28:47,068: umgr.scheduling.queue.bridge: umgr.scheduling.queue.bridge    : umgr.scheduling.queue.bridge.child.watch: DEBUG   : ru_initialize_child (NOOP)
2017-05-31 03:28:47,068: umgr.scheduling.queue.bridge: umgr.scheduling.queue.bridge    : umgr.scheduling.queue.bridge.child.watch: INFO    : send alive
2017-05-31 03:28:47,068: umgr.scheduling.queue.bridge: umgr.scheduling.queue.bridge    : umgr.scheduling.queue.bridge.child.watch: INFO    : send message: alive
2017-05-31 03:28:47,069: umgr.scheduling.queue.bridge: umgr.scheduling.queue.bridge    : MainThread     : INFO    : recv message: alive
2017-05-31 03:28:47,069: umgr.scheduling.queue.bridge: umgr.scheduling.queue.bridge    : MainThread     : DEBUG   : ru_initialize_common (NOOP)
2017-05-31 03:28:47,069: umgr.scheduling.queue.bridge: umgr.scheduling.queue.bridge    : MainThread     : DEBUG   : ru_initialize_parent (NOOP)
2017-05-31 03:28:47,069: umgr.scheduling.queue.bridge: umgr.scheduling.queue.bridge    : MainThread     : DEBUG   : child thread umgr.scheduling.queue.bridge.child.watch started
2017-05-31 03:28:47,069: umgr.scheduling.queue.bridge: umgr.scheduling.queue.bridge    : MainThread     : INFO    : child (me) is alive
2017-05-31 03:28:47,069: umgr.scheduling.queue.bridge: umgr.scheduling.queue.bridge    : MainThread     : DEBUG   : ru_initialize_common (NOOP)
2017-05-31 03:28:47,071: umgr.scheduling.queue.bridge: umgr.scheduling.queue.bridge.child: MainThread     : INFO    : send alive
2017-05-31 03:28:47,071: umgr.scheduling.queue.bridge: umgr.scheduling.queue.bridge.child: MainThread     : INFO    : send message: alive
2017-05-31 03:28:47,071: umgr.scheduling.queue.bridge: MainProcess                     : MainThread     : INFO    : recv message: alive
2017-05-31 03:28:47,071: umgr.scheduling.queue.bridge: MainProcess                     : MainThread     : DEBUG   : start thread
2017-05-31 03:28:47,072: umgr.scheduling.queue.bridge: MainProcess                     : umgr.scheduling.queue.bridge.watch: INFO    : child (me) initializing
2017-05-31 03:28:47,072: umgr.scheduling.queue.bridge: MainProcess                     : umgr.scheduling.queue.bridge.watch: DEBUG   : ru_initialize_common (NOOP)
2017-05-31 03:28:47,072: umgr.scheduling.queue.bridge: MainProcess                     : umgr.scheduling.queue.bridge.watch: DEBUG   : ru_initialize_child (NOOP)
2017-05-31 03:28:47,072: umgr.scheduling.queue.bridge: MainProcess                     : umgr.scheduling.queue.bridge.watch: INFO    : send alive
2017-05-31 03:28:47,072: umgr.scheduling.queue.bridge: MainProcess                     : umgr.scheduling.queue.bridge.watch: INFO    : send message: alive
2017-05-31 03:28:47,073: umgr.scheduling.queue.bridge: MainProcess                     : MainThread     : INFO    : recv message: alive
2017-05-31 03:28:47,073: umgr.scheduling.queue.bridge: MainProcess                     : MainThread     : DEBUG   : ru_initialize_common (NOOP)
2017-05-31 03:28:47,073: umgr.scheduling.queue.bridge: MainProcess                     : MainThread     : DEBUG   : ru_initialize_parent (NOOP)
2017-05-31 03:28:47,073: umgr.scheduling.queue.bridge: MainProcess                     : MainThread     : DEBUG   : child thread umgr.scheduling.queue.bridge.watch started
2017-05-31 03:28:47,073: umgr.scheduling.queue.bridge: MainProcess                     : MainThread     : INFO    : child is alive
2017-05-31 03:28:47,073: umgr.scheduling.queue.bridge: MainProcess                     : MainThread     : DEBUG   : ru_initialize_common (NOOP)
2017-05-31 03:28:47,073: umgr.scheduling.queue.bridge: MainProcess                     : MainThread     : DEBUG   : ru_initialize_parent (NOOP)
2017-05-31 03:28:47,073: umgr.scheduling.queue.bridge: MainProcess                     : MainThread     : DEBUG   : child process started
2017-05-31 03:36:39,857: umgr.scheduling.queue.bridge: MainProcess                     : MainThread     : INFO    : parent stops child
2017-05-31 03:36:39,857: umgr.scheduling.queue.bridge: MainProcess                     : MainThread     : DEBUG   : ru_finalize_parent (NOOP)
2017-05-31 03:36:39,857: umgr.scheduling.queue.bridge: MainProcess                     : MainThread     : DEBUG   : ru_finalize_common (NOOP)
2017-05-31 03:36:39,857: umgr.scheduling.queue.bridge: MainProcess                     : MainThread     : INFO    : parent stops child
2017-05-31 03:36:39,857: umgr.scheduling.queue.bridge: MainProcess                     : MainThread     : DEBUG   : ru_finalize_parent (NOOP)
2017-05-31 03:36:39,858: umgr.scheduling.queue.bridge: MainProcess                     : MainThread     : DEBUG   : ru_finalize_common (NOOP)
2017-05-31 03:36:39,929: umgr.scheduling.queue.bridge: MainProcess                     : umgr.scheduling.queue.bridge.watch: INFO    : send message: work finished
2017-05-31 03:36:39,929: umgr.scheduling.queue.bridge: MainProcess                     : umgr.scheduling.queue.bridge.watch: DEBUG   : ru_finalize_child (NOOP)
2017-05-31 03:36:39,929: umgr.scheduling.queue.bridge: MainProcess                     : umgr.scheduling.queue.bridge.watch: DEBUG   : ru_finalize_common (NOOP)
2017-05-31 03:36:39,930: umgr.scheduling.queue.bridge: MainProcess                     : umgr.scheduling.queue.bridge.watch: INFO    : send message: terminating
2017-05-31 03:36:40,072: umgr.scheduling.queue.bridge: MainProcess                     : MainThread     : WARNING : failed to stop child - terminate
2017-05-31 03:36:47,858: umgr.scheduling.queue.bridge: MainProcess                     : MainThread     : INFO    : radical.pilot        version: split-81-gf853cc9b@feature-bridges
2017-05-31 03:36:47,859: umgr.scheduling.queue.bridge: MainProcess                     : MainThread     : INFO    : create umgr_scheduling_queue - bridge - tcp://*:*
2017-05-31 03:36:47,859: umgr.scheduling.queue.bridge: MainProcess                     : MainThread     : DEBUG   : start process
2017-05-31 03:36:47,881: umgr.scheduling.queue.bridge: umgr.scheduling.queue.bridge    : MainThread     : INFO    : child (me) initializing
2017-05-31 03:36:47,882: umgr.scheduling.queue.bridge: umgr.scheduling.queue.bridge    : MainThread     : DEBUG   : start thread
2017-05-31 03:36:47,883: umgr.scheduling.queue.bridge: umgr.scheduling.queue.bridge    : umgr.scheduling.queue.bridge.child.watch: INFO    : child (me) initializing
2017-05-31 03:36:47,883: umgr.scheduling.queue.bridge: umgr.scheduling.queue.bridge    : umgr.scheduling.queue.bridge.child.watch: DEBUG   : ru_initialize_common (NOOP)
2017-05-31 03:36:47,883: umgr.scheduling.queue.bridge: umgr.scheduling.queue.bridge    : umgr.scheduling.queue.bridge.child.watch: DEBUG   : ru_initialize_child (NOOP)
2017-05-31 03:36:47,883: umgr.scheduling.queue.bridge: umgr.scheduling.queue.bridge    : umgr.scheduling.queue.bridge.child.watch: INFO    : send alive
2017-05-31 03:36:47,883: umgr.scheduling.queue.bridge: umgr.scheduling.queue.bridge    : umgr.scheduling.queue.bridge.child.watch: INFO    : send message: alive
2017-05-31 03:36:47,884: umgr.scheduling.queue.bridge: umgr.scheduling.queue.bridge    : MainThread     : INFO    : recv message: alive
2017-05-31 03:36:47,884: umgr.scheduling.queue.bridge: umgr.scheduling.queue.bridge    : MainThread     : DEBUG   : ru_initialize_common (NOOP)
2017-05-31 03:36:47,884: umgr.scheduling.queue.bridge: umgr.scheduling.queue.bridge    : MainThread     : DEBUG   : ru_initialize_parent (NOOP)
2017-05-31 03:36:47,884: umgr.scheduling.queue.bridge: umgr.scheduling.queue.bridge    : MainThread     : DEBUG   : child thread umgr.scheduling.queue.bridge.child.watch started
2017-05-31 03:36:47,885: umgr.scheduling.queue.bridge: umgr.scheduling.queue.bridge    : MainThread     : INFO    : child (me) is alive
2017-05-31 03:36:47,885: umgr.scheduling.queue.bridge: umgr.scheduling.queue.bridge    : MainThread     : DEBUG   : ru_initialize_common (NOOP)
2017-05-31 03:36:47,889: umgr.scheduling.queue.bridge: umgr.scheduling.queue.bridge.child: MainThread     : INFO    : send alive
2017-05-31 03:36:47,889: umgr.scheduling.queue.bridge: umgr.scheduling.queue.bridge.child: MainThread     : INFO    : send message: alive
2017-05-31 03:36:47,890: umgr.scheduling.queue.bridge: MainProcess                     : MainThread     : INFO    : recv message: alive
2017-05-31 03:36:47,891: umgr.scheduling.queue.bridge: MainProcess                     : MainThread     : DEBUG   : start thread
2017-05-31 03:36:47,891: umgr.scheduling.queue.bridge: MainProcess                     : umgr.scheduling.queue.bridge.watch: INFO    : child (me) initializing
2017-05-31 03:36:47,891: umgr.scheduling.queue.bridge: MainProcess                     : umgr.scheduling.queue.bridge.watch: DEBUG   : ru_initialize_common (NOOP)
2017-05-31 03:36:47,892: umgr.scheduling.queue.bridge: MainProcess                     : umgr.scheduling.queue.bridge.watch: DEBUG   : ru_initialize_child (NOOP)
2017-05-31 03:36:47,892: umgr.scheduling.queue.bridge: MainProcess                     : umgr.scheduling.queue.bridge.watch: INFO    : send alive
2017-05-31 03:36:47,892: umgr.scheduling.queue.bridge: MainProcess                     : umgr.scheduling.queue.bridge.watch: INFO    : send message: alive
2017-05-31 03:36:47,893: umgr.scheduling.queue.bridge: MainProcess                     : MainThread     : INFO    : recv message: alive
2017-05-31 03:36:47,893: umgr.scheduling.queue.bridge: MainProcess                     : MainThread     : DEBUG   : ru_initialize_common (NOOP)
2017-05-31 03:36:47,893: umgr.scheduling.queue.bridge: MainProcess                     : MainThread     : DEBUG   : ru_initialize_parent (NOOP)
2017-05-31 03:36:47,893: umgr.scheduling.queue.bridge: MainProcess                     : MainThread     : DEBUG   : child thread umgr.scheduling.queue.bridge.watch started
2017-05-31 03:36:47,894: umgr.scheduling.queue.bridge: MainProcess                     : MainThread     : INFO    : child is alive
2017-05-31 03:36:47,894: umgr.scheduling.queue.bridge: MainProcess                     : MainThread     : DEBUG   : ru_initialize_common (NOOP)
2017-05-31 03:36:47,894: umgr.scheduling.queue.bridge: MainProcess                     : MainThread     : DEBUG   : ru_initialize_parent (NOOP)
2017-05-31 03:36:47,894: umgr.scheduling.queue.bridge: MainProcess                     : MainThread     : DEBUG   : child process started
2017-05-31 03:44:24,958: umgr.scheduling.queue.bridge: MainProcess                     : MainThread     : INFO    : parent stops child
2017-05-31 03:44:24,958: umgr.scheduling.queue.bridge: MainProcess                     : MainThread     : DEBUG   : ru_finalize_parent (NOOP)
2017-05-31 03:44:24,958: umgr.scheduling.queue.bridge: MainProcess                     : MainThread     : DEBUG   : ru_finalize_common (NOOP)
2017-05-31 03:44:24,959: umgr.scheduling.queue.bridge: MainProcess                     : MainThread     : INFO    : parent stops child
2017-05-31 03:44:24,959: umgr.scheduling.queue.bridge: MainProcess                     : MainThread     : DEBUG   : ru_finalize_parent (NOOP)
2017-05-31 03:44:24,959: umgr.scheduling.queue.bridge: MainProcess                     : MainThread     : DEBUG   : ru_finalize_common (NOOP)
2017-05-31 03:44:25,010: umgr.scheduling.queue.bridge: MainProcess                     : umgr.scheduling.queue.bridge.watch: INFO    : send message: work finished
2017-05-31 03:44:25,011: umgr.scheduling.queue.bridge: MainProcess                     : umgr.scheduling.queue.bridge.watch: DEBUG   : ru_finalize_child (NOOP)
2017-05-31 03:44:25,011: umgr.scheduling.queue.bridge: MainProcess                     : umgr.scheduling.queue.bridge.watch: DEBUG   : ru_finalize_common (NOOP)
2017-05-31 03:44:25,011: umgr.scheduling.queue.bridge: MainProcess                     : umgr.scheduling.queue.bridge.watch: INFO    : send message: terminating
2017-05-31 03:44:25,123: umgr.scheduling.queue.bridge: MainProcess                     : MainThread     : WARNING : failed to stop child - terminate
2017-05-31 03:44:32,764: umgr.scheduling.queue.bridge: MainProcess                     : MainThread     : INFO    : radical.pilot        version: split-81-gf853cc9b@feature-bridges
2017-05-31 03:44:32,765: umgr.scheduling.queue.bridge: MainProcess                     : MainThread     : INFO    : create umgr_scheduling_queue - bridge - tcp://*:*
2017-05-31 03:44:32,765: umgr.scheduling.queue.bridge: MainProcess                     : MainThread     : DEBUG   : start process
2017-05-31 03:44:32,788: umgr.scheduling.queue.bridge: umgr.scheduling.queue.bridge    : MainThread     : INFO    : child (me) initializing
2017-05-31 03:44:32,789: umgr.scheduling.queue.bridge: umgr.scheduling.queue.bridge    : MainThread     : DEBUG   : start thread
2017-05-31 03:44:32,790: umgr.scheduling.queue.bridge: umgr.scheduling.queue.bridge    : umgr.scheduling.queue.bridge.child.watch: INFO    : child (me) initializing
2017-05-31 03:44:32,791: umgr.scheduling.queue.bridge: umgr.scheduling.queue.bridge    : umgr.scheduling.queue.bridge.child.watch: DEBUG   : ru_initialize_common (NOOP)
2017-05-31 03:44:32,791: umgr.scheduling.queue.bridge: umgr.scheduling.queue.bridge    : umgr.scheduling.queue.bridge.child.watch: DEBUG   : ru_initialize_child (NOOP)
2017-05-31 03:44:32,791: umgr.scheduling.queue.bridge: umgr.scheduling.queue.bridge    : umgr.scheduling.queue.bridge.child.watch: INFO    : send alive
2017-05-31 03:44:32,791: umgr.scheduling.queue.bridge: umgr.scheduling.queue.bridge    : umgr.scheduling.queue.bridge.child.watch: INFO    : send message: alive
2017-05-31 03:44:32,792: umgr.scheduling.queue.bridge: umgr.scheduling.queue.bridge    : MainThread     : INFO    : recv message: alive
2017-05-31 03:44:32,792: umgr.scheduling.queue.bridge: umgr.scheduling.queue.bridge    : MainThread     : DEBUG   : ru_initialize_common (NOOP)
2017-05-31 03:44:32,792: umgr.scheduling.queue.bridge: umgr.scheduling.queue.bridge    : MainThread     : DEBUG   : ru_initialize_parent (NOOP)
2017-05-31 03:44:32,792: umgr.scheduling.queue.bridge: umgr.scheduling.queue.bridge    : MainThread     : DEBUG   : child thread umgr.scheduling.queue.bridge.child.watch started
2017-05-31 03:44:32,792: umgr.scheduling.queue.bridge: umgr.scheduling.queue.bridge    : MainThread     : INFO    : child (me) is alive
2017-05-31 03:44:32,792: umgr.scheduling.queue.bridge: umgr.scheduling.queue.bridge    : MainThread     : DEBUG   : ru_initialize_common (NOOP)
2017-05-31 03:44:32,797: umgr.scheduling.queue.bridge: umgr.scheduling.queue.bridge.child: MainThread     : INFO    : send alive
2017-05-31 03:44:32,797: umgr.scheduling.queue.bridge: umgr.scheduling.queue.bridge.child: MainThread     : INFO    : send message: alive
2017-05-31 03:44:32,797: umgr.scheduling.queue.bridge: MainProcess                     : MainThread     : INFO    : recv message: alive
2017-05-31 03:44:32,798: umgr.scheduling.queue.bridge: MainProcess                     : MainThread     : DEBUG   : start thread
2017-05-31 03:44:32,799: umgr.scheduling.queue.bridge: MainProcess                     : umgr.scheduling.queue.bridge.watch: INFO    : child (me) initializing
2017-05-31 03:44:32,799: umgr.scheduling.queue.bridge: MainProcess                     : umgr.scheduling.queue.bridge.watch: DEBUG   : ru_initialize_common (NOOP)
2017-05-31 03:44:32,799: umgr.scheduling.queue.bridge: MainProcess                     : umgr.scheduling.queue.bridge.watch: DEBUG   : ru_initialize_child (NOOP)
2017-05-31 03:44:32,800: umgr.scheduling.queue.bridge: MainProcess                     : umgr.scheduling.queue.bridge.watch: INFO    : send alive
2017-05-31 03:44:32,800: umgr.scheduling.queue.bridge: MainProcess                     : umgr.scheduling.queue.bridge.watch: INFO    : send message: alive
2017-05-31 03:44:32,800: umgr.scheduling.queue.bridge: MainProcess                     : MainThread     : INFO    : recv message: alive
2017-05-31 03:44:32,800: umgr.scheduling.queue.bridge: MainProcess                     : MainThread     : DEBUG   : ru_initialize_common (NOOP)
2017-05-31 03:44:32,801: umgr.scheduling.queue.bridge: MainProcess                     : MainThread     : DEBUG   : ru_initialize_parent (NOOP)
2017-05-31 03:44:32,801: umgr.scheduling.queue.bridge: MainProcess                     : MainThread     : DEBUG   : child thread umgr.scheduling.queue.bridge.watch started
2017-05-31 03:44:32,801: umgr.scheduling.queue.bridge: MainProcess                     : MainThread     : INFO    : child is alive
2017-05-31 03:44:32,801: umgr.scheduling.queue.bridge: MainProcess                     : MainThread     : DEBUG   : ru_initialize_common (NOOP)
2017-05-31 03:44:32,801: umgr.scheduling.queue.bridge: MainProcess                     : MainThread     : DEBUG   : ru_initialize_parent (NOOP)
2017-05-31 03:44:32,802: umgr.scheduling.queue.bridge: MainProcess                     : MainThread     : DEBUG   : child process started
2017-05-31 03:44:33,730: umgr.scheduling.queue.bridge: MainProcess                     : MainThread     : INFO    : parent stops child
2017-05-31 03:44:33,731: umgr.scheduling.queue.bridge: MainProcess                     : MainThread     : DEBUG   : ru_finalize_parent (NOOP)
2017-05-31 03:44:33,731: umgr.scheduling.queue.bridge: MainProcess                     : MainThread     : DEBUG   : ru_finalize_common (NOOP)
2017-05-31 03:44:33,731: umgr.scheduling.queue.bridge: MainProcess                     : MainThread     : INFO    : parent stops child
2017-05-31 03:44:33,731: umgr.scheduling.queue.bridge: MainProcess                     : MainThread     : DEBUG   : ru_finalize_parent (NOOP)
2017-05-31 03:44:33,731: umgr.scheduling.queue.bridge: MainProcess                     : MainThread     : DEBUG   : ru_finalize_common (NOOP)
2017-05-31 03:44:33,802: umgr.scheduling.queue.bridge: MainProcess                     : umgr.scheduling.queue.bridge.watch: INFO    : send message: work finished
2017-05-31 03:44:33,803: umgr.scheduling.queue.bridge: MainProcess                     : umgr.scheduling.queue.bridge.watch: DEBUG   : ru_finalize_child (NOOP)
2017-05-31 03:44:33,803: umgr.scheduling.queue.bridge: MainProcess                     : umgr.scheduling.queue.bridge.watch: DEBUG   : ru_finalize_common (NOOP)
2017-05-31 03:44:33,803: umgr.scheduling.queue.bridge: MainProcess                     : umgr.scheduling.queue.bridge.watch: INFO    : send message: terminating
2017-05-31 03:44:33,946: umgr.scheduling.queue.bridge: MainProcess                     : MainThread     : WARNING : failed to stop child - terminate
