2017-05-31 02:40:35,832: umgr.staging.output.queue.bridge: MainProcess                     : MainThread     : INFO    : python.interpreter   version: 2.7.12 (default, Nov 19 2016, 06:48:10) [GCC 5.4.0 20160609]
2017-05-31 02:40:35,833: umgr.staging.output.queue.bridge: MainProcess                     : MainThread     : INFO    :                      pid: 27015
2017-05-31 02:40:35,833: umgr.staging.output.queue.bridge: MainProcess                     : MainThread     : INFO    :                      tid: MainThread
2017-05-31 02:40:35,833: umgr.staging.output.queue.bridge: MainProcess                     : MainThread     : INFO    : radical.pilot        version: split-81-gf853cc9b@feature-bridges
2017-05-31 02:40:35,833: umgr.staging.output.queue.bridge: MainProcess                     : MainThread     : INFO    : create umgr_staging_output_queue - bridge - tcp://*:*
2017-05-31 02:40:35,834: umgr.staging.output.queue.bridge: MainProcess                     : MainThread     : DEBUG   : start process
2017-05-31 02:40:35,842: umgr.staging.output.queue.bridge: umgr.staging.output.queue.bridge: MainThread     : INFO    : child (me) initializing
2017-05-31 02:40:35,842: umgr.staging.output.queue.bridge: umgr.staging.output.queue.bridge: MainThread     : DEBUG   : start thread
2017-05-31 02:40:35,843: umgr.staging.output.queue.bridge: umgr.staging.output.queue.bridge: umgr.staging.output.queue.bridge.child.watch: INFO    : child (me) initializing
2017-05-31 02:40:35,843: umgr.staging.output.queue.bridge: umgr.staging.output.queue.bridge: umgr.staging.output.queue.bridge.child.watch: DEBUG   : ru_initialize_common (NOOP)
2017-05-31 02:40:35,843: umgr.staging.output.queue.bridge: umgr.staging.output.queue.bridge: umgr.staging.output.queue.bridge.child.watch: DEBUG   : ru_initialize_child (NOOP)
2017-05-31 02:40:35,843: umgr.staging.output.queue.bridge: umgr.staging.output.queue.bridge: umgr.staging.output.queue.bridge.child.watch: INFO    : send alive
2017-05-31 02:40:35,843: umgr.staging.output.queue.bridge: umgr.staging.output.queue.bridge: umgr.staging.output.queue.bridge.child.watch: INFO    : send message: alive
2017-05-31 02:40:35,844: umgr.staging.output.queue.bridge: umgr.staging.output.queue.bridge: MainThread     : INFO    : recv message: alive
2017-05-31 02:40:35,844: umgr.staging.output.queue.bridge: umgr.staging.output.queue.bridge: MainThread     : DEBUG   : ru_initialize_common (NOOP)
2017-05-31 02:40:35,845: umgr.staging.output.queue.bridge: umgr.staging.output.queue.bridge: MainThread     : DEBUG   : ru_initialize_parent (NOOP)
2017-05-31 02:40:35,845: umgr.staging.output.queue.bridge: umgr.staging.output.queue.bridge: MainThread     : DEBUG   : child thread umgr.staging.output.queue.bridge.child.watch started
2017-05-31 02:40:35,845: umgr.staging.output.queue.bridge: umgr.staging.output.queue.bridge: MainThread     : INFO    : child (me) is alive
2017-05-31 02:40:35,845: umgr.staging.output.queue.bridge: umgr.staging.output.queue.bridge: MainThread     : DEBUG   : ru_initialize_common (NOOP)
2017-05-31 02:40:35,848: umgr.staging.output.queue.bridge: umgr.staging.output.queue.bridge.child: MainThread     : INFO    : send alive
2017-05-31 02:40:35,848: umgr.staging.output.queue.bridge: umgr.staging.output.queue.bridge.child: MainThread     : INFO    : send message: alive
2017-05-31 02:40:35,848: umgr.staging.output.queue.bridge: MainProcess                     : MainThread     : INFO    : recv message: alive
2017-05-31 02:40:35,849: umgr.staging.output.queue.bridge: MainProcess                     : MainThread     : DEBUG   : start thread
2017-05-31 02:40:35,849: umgr.staging.output.queue.bridge: MainProcess                     : umgr.staging.output.queue.bridge.watch: INFO    : child (me) initializing
2017-05-31 02:40:35,850: umgr.staging.output.queue.bridge: MainProcess                     : umgr.staging.output.queue.bridge.watch: DEBUG   : ru_initialize_common (NOOP)
2017-05-31 02:40:35,850: umgr.staging.output.queue.bridge: MainProcess                     : umgr.staging.output.queue.bridge.watch: DEBUG   : ru_initialize_child (NOOP)
2017-05-31 02:40:35,850: umgr.staging.output.queue.bridge: MainProcess                     : umgr.staging.output.queue.bridge.watch: INFO    : send alive
2017-05-31 02:40:35,850: umgr.staging.output.queue.bridge: MainProcess                     : umgr.staging.output.queue.bridge.watch: INFO    : send message: alive
2017-05-31 02:40:35,850: umgr.staging.output.queue.bridge: MainProcess                     : MainThread     : INFO    : recv message: alive
2017-05-31 02:40:35,851: umgr.staging.output.queue.bridge: MainProcess                     : MainThread     : DEBUG   : ru_initialize_common (NOOP)
2017-05-31 02:40:35,851: umgr.staging.output.queue.bridge: MainProcess                     : MainThread     : DEBUG   : ru_initialize_parent (NOOP)
2017-05-31 02:40:35,851: umgr.staging.output.queue.bridge: MainProcess                     : MainThread     : DEBUG   : child thread umgr.staging.output.queue.bridge.watch started
2017-05-31 02:40:35,851: umgr.staging.output.queue.bridge: MainProcess                     : MainThread     : INFO    : child is alive
2017-05-31 02:40:35,851: umgr.staging.output.queue.bridge: MainProcess                     : MainThread     : DEBUG   : ru_initialize_common (NOOP)
2017-05-31 02:40:35,851: umgr.staging.output.queue.bridge: MainProcess                     : MainThread     : DEBUG   : ru_initialize_parent (NOOP)
2017-05-31 02:40:35,851: umgr.staging.output.queue.bridge: MainProcess                     : MainThread     : DEBUG   : child process started
2017-05-31 03:21:03,540: umgr.staging.output.queue.bridge: MainProcess                     : MainThread     : INFO    : parent stops child
2017-05-31 03:21:03,540: umgr.staging.output.queue.bridge: MainProcess                     : MainThread     : DEBUG   : ru_finalize_parent (NOOP)
2017-05-31 03:21:03,541: umgr.staging.output.queue.bridge: MainProcess                     : MainThread     : DEBUG   : ru_finalize_common (NOOP)
2017-05-31 03:21:03,541: umgr.staging.output.queue.bridge: MainProcess                     : MainThread     : INFO    : parent stops child
2017-05-31 03:21:03,541: umgr.staging.output.queue.bridge: MainProcess                     : MainThread     : DEBUG   : ru_finalize_parent (NOOP)
2017-05-31 03:21:03,541: umgr.staging.output.queue.bridge: MainProcess                     : MainThread     : DEBUG   : ru_finalize_common (NOOP)
2017-05-31 03:21:03,597: umgr.staging.output.queue.bridge: MainProcess                     : umgr.staging.output.queue.bridge.watch: INFO    : send message: work finished
2017-05-31 03:21:03,598: umgr.staging.output.queue.bridge: MainProcess                     : umgr.staging.output.queue.bridge.watch: DEBUG   : ru_finalize_child (NOOP)
2017-05-31 03:21:03,598: umgr.staging.output.queue.bridge: MainProcess                     : umgr.staging.output.queue.bridge.watch: DEBUG   : ru_finalize_common (NOOP)
2017-05-31 03:21:03,599: umgr.staging.output.queue.bridge: MainProcess                     : umgr.staging.output.queue.bridge.watch: INFO    : send message: terminating
2017-05-31 03:21:03,706: umgr.staging.output.queue.bridge: MainProcess                     : MainThread     : WARNING : failed to stop child - terminate
2017-05-31 03:21:13,035: umgr.staging.output.queue.bridge: MainProcess                     : MainThread     : INFO    : radical.pilot        version: split-81-gf853cc9b@feature-bridges
2017-05-31 03:21:13,035: umgr.staging.output.queue.bridge: MainProcess                     : MainThread     : INFO    : create umgr_staging_output_queue - bridge - tcp://*:*
2017-05-31 03:21:13,036: umgr.staging.output.queue.bridge: MainProcess                     : MainThread     : DEBUG   : start process
2017-05-31 03:21:13,044: umgr.staging.output.queue.bridge: umgr.staging.output.queue.bridge: MainThread     : INFO    : child (me) initializing
2017-05-31 03:21:13,045: umgr.staging.output.queue.bridge: umgr.staging.output.queue.bridge: MainThread     : DEBUG   : start thread
2017-05-31 03:21:13,045: umgr.staging.output.queue.bridge: umgr.staging.output.queue.bridge: umgr.staging.output.queue.bridge.child.watch: INFO    : child (me) initializing
2017-05-31 03:21:13,045: umgr.staging.output.queue.bridge: umgr.staging.output.queue.bridge: umgr.staging.output.queue.bridge.child.watch: DEBUG   : ru_initialize_common (NOOP)
2017-05-31 03:21:13,045: umgr.staging.output.queue.bridge: umgr.staging.output.queue.bridge: umgr.staging.output.queue.bridge.child.watch: DEBUG   : ru_initialize_child (NOOP)
2017-05-31 03:21:13,046: umgr.staging.output.queue.bridge: umgr.staging.output.queue.bridge: umgr.staging.output.queue.bridge.child.watch: INFO    : send alive
2017-05-31 03:21:13,046: umgr.staging.output.queue.bridge: umgr.staging.output.queue.bridge: umgr.staging.output.queue.bridge.child.watch: INFO    : send message: alive
2017-05-31 03:21:13,046: umgr.staging.output.queue.bridge: umgr.staging.output.queue.bridge: MainThread     : INFO    : recv message: alive
2017-05-31 03:21:13,047: umgr.staging.output.queue.bridge: umgr.staging.output.queue.bridge: MainThread     : DEBUG   : ru_initialize_common (NOOP)
2017-05-31 03:21:13,047: umgr.staging.output.queue.bridge: umgr.staging.output.queue.bridge: MainThread     : DEBUG   : ru_initialize_parent (NOOP)
2017-05-31 03:21:13,047: umgr.staging.output.queue.bridge: umgr.staging.output.queue.bridge: MainThread     : DEBUG   : child thread umgr.staging.output.queue.bridge.child.watch started
2017-05-31 03:21:13,047: umgr.staging.output.queue.bridge: umgr.staging.output.queue.bridge: MainThread     : INFO    : child (me) is alive
2017-05-31 03:21:13,047: umgr.staging.output.queue.bridge: umgr.staging.output.queue.bridge: MainThread     : DEBUG   : ru_initialize_common (NOOP)
2017-05-31 03:21:13,049: umgr.staging.output.queue.bridge: umgr.staging.output.queue.bridge.child: MainThread     : INFO    : send alive
2017-05-31 03:21:13,049: umgr.staging.output.queue.bridge: umgr.staging.output.queue.bridge.child: MainThread     : INFO    : send message: alive
2017-05-31 03:21:13,049: umgr.staging.output.queue.bridge: MainProcess                     : MainThread     : INFO    : recv message: alive
2017-05-31 03:21:13,050: umgr.staging.output.queue.bridge: MainProcess                     : MainThread     : DEBUG   : start thread
2017-05-31 03:21:13,050: umgr.staging.output.queue.bridge: MainProcess                     : umgr.staging.output.queue.bridge.watch: INFO    : child (me) initializing
2017-05-31 03:21:13,050: umgr.staging.output.queue.bridge: MainProcess                     : umgr.staging.output.queue.bridge.watch: DEBUG   : ru_initialize_common (NOOP)
2017-05-31 03:21:13,050: umgr.staging.output.queue.bridge: MainProcess                     : umgr.staging.output.queue.bridge.watch: DEBUG   : ru_initialize_child (NOOP)
2017-05-31 03:21:13,050: umgr.staging.output.queue.bridge: MainProcess                     : umgr.staging.output.queue.bridge.watch: INFO    : send alive
2017-05-31 03:21:13,050: umgr.staging.output.queue.bridge: MainProcess                     : umgr.staging.output.queue.bridge.watch: INFO    : send message: alive
2017-05-31 03:21:13,051: umgr.staging.output.queue.bridge: MainProcess                     : MainThread     : INFO    : recv message: alive
2017-05-31 03:21:13,051: umgr.staging.output.queue.bridge: MainProcess                     : MainThread     : DEBUG   : ru_initialize_common (NOOP)
2017-05-31 03:21:13,052: umgr.staging.output.queue.bridge: MainProcess                     : MainThread     : DEBUG   : ru_initialize_parent (NOOP)
2017-05-31 03:21:13,052: umgr.staging.output.queue.bridge: MainProcess                     : MainThread     : DEBUG   : child thread umgr.staging.output.queue.bridge.watch started
2017-05-31 03:21:13,052: umgr.staging.output.queue.bridge: MainProcess                     : MainThread     : INFO    : child is alive
2017-05-31 03:21:13,052: umgr.staging.output.queue.bridge: MainProcess                     : MainThread     : DEBUG   : ru_initialize_common (NOOP)
2017-05-31 03:21:13,052: umgr.staging.output.queue.bridge: MainProcess                     : MainThread     : DEBUG   : ru_initialize_parent (NOOP)
2017-05-31 03:21:13,052: umgr.staging.output.queue.bridge: MainProcess                     : MainThread     : DEBUG   : child process started
2017-05-31 03:28:38,369: umgr.staging.output.queue.bridge: MainProcess                     : MainThread     : INFO    : parent stops child
2017-05-31 03:28:38,369: umgr.staging.output.queue.bridge: MainProcess                     : MainThread     : DEBUG   : ru_finalize_parent (NOOP)
2017-05-31 03:28:38,369: umgr.staging.output.queue.bridge: MainProcess                     : MainThread     : DEBUG   : ru_finalize_common (NOOP)
2017-05-31 03:28:38,369: umgr.staging.output.queue.bridge: MainProcess                     : MainThread     : INFO    : parent stops child
2017-05-31 03:28:38,369: umgr.staging.output.queue.bridge: MainProcess                     : MainThread     : DEBUG   : ru_finalize_parent (NOOP)
2017-05-31 03:28:38,370: umgr.staging.output.queue.bridge: MainProcess                     : MainThread     : DEBUG   : ru_finalize_common (NOOP)
2017-05-31 03:28:38,459: umgr.staging.output.queue.bridge: MainProcess                     : umgr.staging.output.queue.bridge.watch: INFO    : send message: work finished
2017-05-31 03:28:38,460: umgr.staging.output.queue.bridge: MainProcess                     : umgr.staging.output.queue.bridge.watch: DEBUG   : ru_finalize_child (NOOP)
2017-05-31 03:28:38,460: umgr.staging.output.queue.bridge: MainProcess                     : umgr.staging.output.queue.bridge.watch: DEBUG   : ru_finalize_common (NOOP)
2017-05-31 03:28:38,460: umgr.staging.output.queue.bridge: MainProcess                     : umgr.staging.output.queue.bridge.watch: INFO    : send message: terminating
2017-05-31 03:28:38,585: umgr.staging.output.queue.bridge: MainProcess                     : MainThread     : WARNING : failed to stop child - terminate
2017-05-31 03:28:47,023: umgr.staging.output.queue.bridge: MainProcess                     : MainThread     : INFO    : radical.pilot        version: split-81-gf853cc9b@feature-bridges
2017-05-31 03:28:47,023: umgr.staging.output.queue.bridge: MainProcess                     : MainThread     : INFO    : create umgr_staging_output_queue - bridge - tcp://*:*
2017-05-31 03:28:47,024: umgr.staging.output.queue.bridge: MainProcess                     : MainThread     : DEBUG   : start process
2017-05-31 03:28:47,033: umgr.staging.output.queue.bridge: umgr.staging.output.queue.bridge: MainThread     : INFO    : child (me) initializing
2017-05-31 03:28:47,033: umgr.staging.output.queue.bridge: umgr.staging.output.queue.bridge: MainThread     : DEBUG   : start thread
2017-05-31 03:28:47,034: umgr.staging.output.queue.bridge: umgr.staging.output.queue.bridge: umgr.staging.output.queue.bridge.child.watch: INFO    : child (me) initializing
2017-05-31 03:28:47,034: umgr.staging.output.queue.bridge: umgr.staging.output.queue.bridge: umgr.staging.output.queue.bridge.child.watch: DEBUG   : ru_initialize_common (NOOP)
2017-05-31 03:28:47,034: umgr.staging.output.queue.bridge: umgr.staging.output.queue.bridge: umgr.staging.output.queue.bridge.child.watch: DEBUG   : ru_initialize_child (NOOP)
2017-05-31 03:28:47,034: umgr.staging.output.queue.bridge: umgr.staging.output.queue.bridge: umgr.staging.output.queue.bridge.child.watch: INFO    : send alive
2017-05-31 03:28:47,034: umgr.staging.output.queue.bridge: umgr.staging.output.queue.bridge: umgr.staging.output.queue.bridge.child.watch: INFO    : send message: alive
2017-05-31 03:28:47,035: umgr.staging.output.queue.bridge: umgr.staging.output.queue.bridge: MainThread     : INFO    : recv message: alive
2017-05-31 03:28:47,035: umgr.staging.output.queue.bridge: umgr.staging.output.queue.bridge: MainThread     : DEBUG   : ru_initialize_common (NOOP)
2017-05-31 03:28:47,035: umgr.staging.output.queue.bridge: umgr.staging.output.queue.bridge: MainThread     : DEBUG   : ru_initialize_parent (NOOP)
2017-05-31 03:28:47,035: umgr.staging.output.queue.bridge: umgr.staging.output.queue.bridge: MainThread     : DEBUG   : child thread umgr.staging.output.queue.bridge.child.watch started
2017-05-31 03:28:47,035: umgr.staging.output.queue.bridge: umgr.staging.output.queue.bridge: MainThread     : INFO    : child (me) is alive
2017-05-31 03:28:47,035: umgr.staging.output.queue.bridge: umgr.staging.output.queue.bridge: MainThread     : DEBUG   : ru_initialize_common (NOOP)
2017-05-31 03:28:47,037: umgr.staging.output.queue.bridge: umgr.staging.output.queue.bridge.child: MainThread     : INFO    : send alive
2017-05-31 03:28:47,037: umgr.staging.output.queue.bridge: umgr.staging.output.queue.bridge.child: MainThread     : INFO    : send message: alive
2017-05-31 03:28:47,038: umgr.staging.output.queue.bridge: MainProcess                     : MainThread     : INFO    : recv message: alive
2017-05-31 03:28:47,038: umgr.staging.output.queue.bridge: MainProcess                     : MainThread     : DEBUG   : start thread
2017-05-31 03:28:47,038: umgr.staging.output.queue.bridge: MainProcess                     : umgr.staging.output.queue.bridge.watch: INFO    : child (me) initializing
2017-05-31 03:28:47,038: umgr.staging.output.queue.bridge: MainProcess                     : umgr.staging.output.queue.bridge.watch: DEBUG   : ru_initialize_common (NOOP)
2017-05-31 03:28:47,038: umgr.staging.output.queue.bridge: MainProcess                     : umgr.staging.output.queue.bridge.watch: DEBUG   : ru_initialize_child (NOOP)
2017-05-31 03:28:47,039: umgr.staging.output.queue.bridge: MainProcess                     : umgr.staging.output.queue.bridge.watch: INFO    : send alive
2017-05-31 03:28:47,039: umgr.staging.output.queue.bridge: MainProcess                     : umgr.staging.output.queue.bridge.watch: INFO    : send message: alive
2017-05-31 03:28:47,039: umgr.staging.output.queue.bridge: MainProcess                     : MainThread     : INFO    : recv message: alive
2017-05-31 03:28:47,040: umgr.staging.output.queue.bridge: MainProcess                     : MainThread     : DEBUG   : ru_initialize_common (NOOP)
2017-05-31 03:28:47,040: umgr.staging.output.queue.bridge: MainProcess                     : MainThread     : DEBUG   : ru_initialize_parent (NOOP)
2017-05-31 03:28:47,040: umgr.staging.output.queue.bridge: MainProcess                     : MainThread     : DEBUG   : child thread umgr.staging.output.queue.bridge.watch started
2017-05-31 03:28:47,040: umgr.staging.output.queue.bridge: MainProcess                     : MainThread     : INFO    : child is alive
2017-05-31 03:28:47,040: umgr.staging.output.queue.bridge: MainProcess                     : MainThread     : DEBUG   : ru_initialize_common (NOOP)
2017-05-31 03:28:47,040: umgr.staging.output.queue.bridge: MainProcess                     : MainThread     : DEBUG   : ru_initialize_parent (NOOP)
2017-05-31 03:28:47,040: umgr.staging.output.queue.bridge: MainProcess                     : MainThread     : DEBUG   : child process started
2017-05-31 03:36:39,410: umgr.staging.output.queue.bridge: MainProcess                     : MainThread     : INFO    : parent stops child
2017-05-31 03:36:39,410: umgr.staging.output.queue.bridge: MainProcess                     : MainThread     : DEBUG   : ru_finalize_parent (NOOP)
2017-05-31 03:36:39,410: umgr.staging.output.queue.bridge: MainProcess                     : MainThread     : DEBUG   : ru_finalize_common (NOOP)
2017-05-31 03:36:39,410: umgr.staging.output.queue.bridge: MainProcess                     : MainThread     : INFO    : parent stops child
2017-05-31 03:36:39,410: umgr.staging.output.queue.bridge: MainProcess                     : MainThread     : DEBUG   : ru_finalize_parent (NOOP)
2017-05-31 03:36:39,411: umgr.staging.output.queue.bridge: MainProcess                     : MainThread     : DEBUG   : ru_finalize_common (NOOP)
2017-05-31 03:36:39,492: umgr.staging.output.queue.bridge: MainProcess                     : umgr.staging.output.queue.bridge.watch: INFO    : send message: work finished
2017-05-31 03:36:39,493: umgr.staging.output.queue.bridge: MainProcess                     : umgr.staging.output.queue.bridge.watch: DEBUG   : ru_finalize_child (NOOP)
2017-05-31 03:36:39,493: umgr.staging.output.queue.bridge: MainProcess                     : umgr.staging.output.queue.bridge.watch: DEBUG   : ru_finalize_common (NOOP)
2017-05-31 03:36:39,493: umgr.staging.output.queue.bridge: MainProcess                     : umgr.staging.output.queue.bridge.watch: INFO    : send message: terminating
2017-05-31 03:36:39,625: umgr.staging.output.queue.bridge: MainProcess                     : MainThread     : WARNING : failed to stop child - terminate
2017-05-31 03:36:47,781: umgr.staging.output.queue.bridge: MainProcess                     : MainThread     : INFO    : radical.pilot        version: split-81-gf853cc9b@feature-bridges
2017-05-31 03:36:47,781: umgr.staging.output.queue.bridge: MainProcess                     : MainThread     : INFO    : create umgr_staging_output_queue - bridge - tcp://*:*
2017-05-31 03:36:47,782: umgr.staging.output.queue.bridge: MainProcess                     : MainThread     : DEBUG   : start process
2017-05-31 03:36:47,804: umgr.staging.output.queue.bridge: umgr.staging.output.queue.bridge: MainThread     : INFO    : child (me) initializing
2017-05-31 03:36:47,805: umgr.staging.output.queue.bridge: umgr.staging.output.queue.bridge: MainThread     : DEBUG   : start thread
2017-05-31 03:36:47,806: umgr.staging.output.queue.bridge: umgr.staging.output.queue.bridge: umgr.staging.output.queue.bridge.child.watch: INFO    : child (me) initializing
2017-05-31 03:36:47,806: umgr.staging.output.queue.bridge: umgr.staging.output.queue.bridge: umgr.staging.output.queue.bridge.child.watch: DEBUG   : ru_initialize_common (NOOP)
2017-05-31 03:36:47,806: umgr.staging.output.queue.bridge: umgr.staging.output.queue.bridge: umgr.staging.output.queue.bridge.child.watch: DEBUG   : ru_initialize_child (NOOP)
2017-05-31 03:36:47,806: umgr.staging.output.queue.bridge: umgr.staging.output.queue.bridge: umgr.staging.output.queue.bridge.child.watch: INFO    : send alive
2017-05-31 03:36:47,807: umgr.staging.output.queue.bridge: umgr.staging.output.queue.bridge: umgr.staging.output.queue.bridge.child.watch: INFO    : send message: alive
2017-05-31 03:36:47,807: umgr.staging.output.queue.bridge: umgr.staging.output.queue.bridge: MainThread     : INFO    : recv message: alive
2017-05-31 03:36:47,808: umgr.staging.output.queue.bridge: umgr.staging.output.queue.bridge: MainThread     : DEBUG   : ru_initialize_common (NOOP)
2017-05-31 03:36:47,808: umgr.staging.output.queue.bridge: umgr.staging.output.queue.bridge: MainThread     : DEBUG   : ru_initialize_parent (NOOP)
2017-05-31 03:36:47,808: umgr.staging.output.queue.bridge: umgr.staging.output.queue.bridge: MainThread     : DEBUG   : child thread umgr.staging.output.queue.bridge.child.watch started
2017-05-31 03:36:47,808: umgr.staging.output.queue.bridge: umgr.staging.output.queue.bridge: MainThread     : INFO    : child (me) is alive
2017-05-31 03:36:47,808: umgr.staging.output.queue.bridge: umgr.staging.output.queue.bridge: MainThread     : DEBUG   : ru_initialize_common (NOOP)
2017-05-31 03:36:47,813: umgr.staging.output.queue.bridge: umgr.staging.output.queue.bridge.child: MainThread     : INFO    : send alive
2017-05-31 03:36:47,813: umgr.staging.output.queue.bridge: umgr.staging.output.queue.bridge.child: MainThread     : INFO    : send message: alive
2017-05-31 03:36:47,813: umgr.staging.output.queue.bridge: MainProcess                     : MainThread     : INFO    : recv message: alive
2017-05-31 03:36:47,814: umgr.staging.output.queue.bridge: MainProcess                     : MainThread     : DEBUG   : start thread
2017-05-31 03:36:47,815: umgr.staging.output.queue.bridge: MainProcess                     : umgr.staging.output.queue.bridge.watch: INFO    : child (me) initializing
2017-05-31 03:36:47,815: umgr.staging.output.queue.bridge: MainProcess                     : umgr.staging.output.queue.bridge.watch: DEBUG   : ru_initialize_common (NOOP)
2017-05-31 03:36:47,815: umgr.staging.output.queue.bridge: MainProcess                     : umgr.staging.output.queue.bridge.watch: DEBUG   : ru_initialize_child (NOOP)
2017-05-31 03:36:47,815: umgr.staging.output.queue.bridge: MainProcess                     : umgr.staging.output.queue.bridge.watch: INFO    : send alive
2017-05-31 03:36:47,815: umgr.staging.output.queue.bridge: MainProcess                     : umgr.staging.output.queue.bridge.watch: INFO    : send message: alive
2017-05-31 03:36:47,816: umgr.staging.output.queue.bridge: MainProcess                     : MainThread     : INFO    : recv message: alive
2017-05-31 03:36:47,816: umgr.staging.output.queue.bridge: MainProcess                     : MainThread     : DEBUG   : ru_initialize_common (NOOP)
2017-05-31 03:36:47,817: umgr.staging.output.queue.bridge: MainProcess                     : MainThread     : DEBUG   : ru_initialize_parent (NOOP)
2017-05-31 03:36:47,817: umgr.staging.output.queue.bridge: MainProcess                     : MainThread     : DEBUG   : child thread umgr.staging.output.queue.bridge.watch started
2017-05-31 03:36:47,817: umgr.staging.output.queue.bridge: MainProcess                     : MainThread     : INFO    : child is alive
2017-05-31 03:36:47,817: umgr.staging.output.queue.bridge: MainProcess                     : MainThread     : DEBUG   : ru_initialize_common (NOOP)
2017-05-31 03:36:47,817: umgr.staging.output.queue.bridge: MainProcess                     : MainThread     : DEBUG   : ru_initialize_parent (NOOP)
2017-05-31 03:36:47,817: umgr.staging.output.queue.bridge: MainProcess                     : MainThread     : DEBUG   : child process started
2017-05-31 03:44:24,593: umgr.staging.output.queue.bridge: MainProcess                     : MainThread     : INFO    : parent stops child
2017-05-31 03:44:24,593: umgr.staging.output.queue.bridge: MainProcess                     : MainThread     : DEBUG   : ru_finalize_parent (NOOP)
2017-05-31 03:44:24,593: umgr.staging.output.queue.bridge: MainProcess                     : MainThread     : DEBUG   : ru_finalize_common (NOOP)
2017-05-31 03:44:24,593: umgr.staging.output.queue.bridge: MainProcess                     : MainThread     : INFO    : parent stops child
2017-05-31 03:44:24,594: umgr.staging.output.queue.bridge: MainProcess                     : MainThread     : DEBUG   : ru_finalize_parent (NOOP)
2017-05-31 03:44:24,594: umgr.staging.output.queue.bridge: MainProcess                     : MainThread     : DEBUG   : ru_finalize_common (NOOP)
2017-05-31 03:44:24,609: umgr.staging.output.queue.bridge: MainProcess                     : umgr.staging.output.queue.bridge.watch: INFO    : send message: work finished
2017-05-31 03:44:24,609: umgr.staging.output.queue.bridge: MainProcess                     : umgr.staging.output.queue.bridge.watch: DEBUG   : ru_finalize_child (NOOP)
2017-05-31 03:44:24,610: umgr.staging.output.queue.bridge: MainProcess                     : umgr.staging.output.queue.bridge.watch: DEBUG   : ru_finalize_common (NOOP)
2017-05-31 03:44:24,610: umgr.staging.output.queue.bridge: MainProcess                     : umgr.staging.output.queue.bridge.watch: INFO    : send message: terminating
2017-05-31 03:44:24,726: umgr.staging.output.queue.bridge: MainProcess                     : MainThread     : WARNING : failed to stop child - terminate
2017-05-31 03:44:32,685: umgr.staging.output.queue.bridge: MainProcess                     : MainThread     : INFO    : radical.pilot        version: split-81-gf853cc9b@feature-bridges
2017-05-31 03:44:32,685: umgr.staging.output.queue.bridge: MainProcess                     : MainThread     : INFO    : create umgr_staging_output_queue - bridge - tcp://*:*
2017-05-31 03:44:32,686: umgr.staging.output.queue.bridge: MainProcess                     : MainThread     : DEBUG   : start process
2017-05-31 03:44:32,696: umgr.staging.output.queue.bridge: umgr.staging.output.queue.bridge: MainThread     : INFO    : child (me) initializing
2017-05-31 03:44:32,696: umgr.staging.output.queue.bridge: umgr.staging.output.queue.bridge: MainThread     : DEBUG   : start thread
2017-05-31 03:44:32,696: umgr.staging.output.queue.bridge: umgr.staging.output.queue.bridge: umgr.staging.output.queue.bridge.child.watch: INFO    : child (me) initializing
2017-05-31 03:44:32,696: umgr.staging.output.queue.bridge: umgr.staging.output.queue.bridge: umgr.staging.output.queue.bridge.child.watch: DEBUG   : ru_initialize_common (NOOP)
2017-05-31 03:44:32,696: umgr.staging.output.queue.bridge: umgr.staging.output.queue.bridge: umgr.staging.output.queue.bridge.child.watch: DEBUG   : ru_initialize_child (NOOP)
2017-05-31 03:44:32,696: umgr.staging.output.queue.bridge: umgr.staging.output.queue.bridge: umgr.staging.output.queue.bridge.child.watch: INFO    : send alive
2017-05-31 03:44:32,697: umgr.staging.output.queue.bridge: umgr.staging.output.queue.bridge: umgr.staging.output.queue.bridge.child.watch: INFO    : send message: alive
2017-05-31 03:44:32,698: umgr.staging.output.queue.bridge: umgr.staging.output.queue.bridge: MainThread     : INFO    : recv message: alive
2017-05-31 03:44:32,698: umgr.staging.output.queue.bridge: umgr.staging.output.queue.bridge: MainThread     : DEBUG   : ru_initialize_common (NOOP)
2017-05-31 03:44:32,698: umgr.staging.output.queue.bridge: umgr.staging.output.queue.bridge: MainThread     : DEBUG   : ru_initialize_parent (NOOP)
2017-05-31 03:44:32,698: umgr.staging.output.queue.bridge: umgr.staging.output.queue.bridge: MainThread     : DEBUG   : child thread umgr.staging.output.queue.bridge.child.watch started
2017-05-31 03:44:32,698: umgr.staging.output.queue.bridge: umgr.staging.output.queue.bridge: MainThread     : INFO    : child (me) is alive
2017-05-31 03:44:32,698: umgr.staging.output.queue.bridge: umgr.staging.output.queue.bridge: MainThread     : DEBUG   : ru_initialize_common (NOOP)
2017-05-31 03:44:32,699: umgr.staging.output.queue.bridge: umgr.staging.output.queue.bridge.child: MainThread     : INFO    : send alive
2017-05-31 03:44:32,699: umgr.staging.output.queue.bridge: umgr.staging.output.queue.bridge.child: MainThread     : INFO    : send message: alive
2017-05-31 03:44:32,700: umgr.staging.output.queue.bridge: MainProcess                     : MainThread     : INFO    : recv message: alive
2017-05-31 03:44:32,700: umgr.staging.output.queue.bridge: MainProcess                     : MainThread     : DEBUG   : start thread
2017-05-31 03:44:32,700: umgr.staging.output.queue.bridge: MainProcess                     : umgr.staging.output.queue.bridge.watch: INFO    : child (me) initializing
2017-05-31 03:44:32,700: umgr.staging.output.queue.bridge: MainProcess                     : umgr.staging.output.queue.bridge.watch: DEBUG   : ru_initialize_common (NOOP)
2017-05-31 03:44:32,700: umgr.staging.output.queue.bridge: MainProcess                     : umgr.staging.output.queue.bridge.watch: DEBUG   : ru_initialize_child (NOOP)
2017-05-31 03:44:32,700: umgr.staging.output.queue.bridge: MainProcess                     : umgr.staging.output.queue.bridge.watch: INFO    : send alive
2017-05-31 03:44:32,700: umgr.staging.output.queue.bridge: MainProcess                     : umgr.staging.output.queue.bridge.watch: INFO    : send message: alive
2017-05-31 03:44:32,701: umgr.staging.output.queue.bridge: MainProcess                     : MainThread     : INFO    : recv message: alive
2017-05-31 03:44:32,701: umgr.staging.output.queue.bridge: MainProcess                     : MainThread     : DEBUG   : ru_initialize_common (NOOP)
2017-05-31 03:44:32,702: umgr.staging.output.queue.bridge: MainProcess                     : MainThread     : DEBUG   : ru_initialize_parent (NOOP)
2017-05-31 03:44:32,702: umgr.staging.output.queue.bridge: MainProcess                     : MainThread     : DEBUG   : child thread umgr.staging.output.queue.bridge.watch started
2017-05-31 03:44:32,702: umgr.staging.output.queue.bridge: MainProcess                     : MainThread     : INFO    : child is alive
2017-05-31 03:44:32,702: umgr.staging.output.queue.bridge: MainProcess                     : MainThread     : DEBUG   : ru_initialize_common (NOOP)
2017-05-31 03:44:32,702: umgr.staging.output.queue.bridge: MainProcess                     : MainThread     : DEBUG   : ru_initialize_parent (NOOP)
2017-05-31 03:44:32,702: umgr.staging.output.queue.bridge: MainProcess                     : MainThread     : DEBUG   : child process started
2017-05-31 03:44:33,333: umgr.staging.output.queue.bridge: MainProcess                     : MainThread     : INFO    : parent stops child
2017-05-31 03:44:33,333: umgr.staging.output.queue.bridge: MainProcess                     : MainThread     : DEBUG   : ru_finalize_parent (NOOP)
2017-05-31 03:44:33,333: umgr.staging.output.queue.bridge: MainProcess                     : MainThread     : DEBUG   : ru_finalize_common (NOOP)
2017-05-31 03:44:33,333: umgr.staging.output.queue.bridge: MainProcess                     : MainThread     : INFO    : parent stops child
2017-05-31 03:44:33,333: umgr.staging.output.queue.bridge: MainProcess                     : MainThread     : DEBUG   : ru_finalize_parent (NOOP)
2017-05-31 03:44:33,334: umgr.staging.output.queue.bridge: MainProcess                     : MainThread     : DEBUG   : ru_finalize_common (NOOP)
2017-05-31 03:44:33,402: umgr.staging.output.queue.bridge: MainProcess                     : umgr.staging.output.queue.bridge.watch: INFO    : send message: work finished
2017-05-31 03:44:33,403: umgr.staging.output.queue.bridge: MainProcess                     : umgr.staging.output.queue.bridge.watch: DEBUG   : ru_finalize_child (NOOP)
2017-05-31 03:44:33,403: umgr.staging.output.queue.bridge: MainProcess                     : umgr.staging.output.queue.bridge.watch: DEBUG   : ru_finalize_common (NOOP)
2017-05-31 03:44:33,403: umgr.staging.output.queue.bridge: MainProcess                     : umgr.staging.output.queue.bridge.watch: INFO    : send message: terminating
2017-05-31 03:44:33,549: umgr.staging.output.queue.bridge: MainProcess                     : MainThread     : WARNING : failed to stop child - terminate
