2017-05-31 02:40:36,022: umgr.staging.output.0.child: umgr.staging.output.0           : MainThread     : INFO    : python.interpreter   version: 2.7.12 (default, Nov 19 2016, 06:48:10) [GCC 5.4.0 20160609]
2017-05-31 02:40:36,023: umgr.staging.output.0.child: umgr.staging.output.0           : MainThread     : INFO    :                      pid: 27196
2017-05-31 02:40:36,023: umgr.staging.output.0.child: umgr.staging.output.0           : MainThread     : INFO    :                      tid: MainThread
2017-05-31 02:40:36,023: umgr.staging.output.0.child: umgr.staging.output.0           : MainThread     : INFO    : radical.pilot        version: split-81-gf853cc9b@feature-bridges
2017-05-31 02:40:36,041: umgr.staging.output.0.child: umgr.staging.output.0           : MainThread     : INFO    : initialize umgr.staging.output.0.child
2017-05-31 02:40:36,047: umgr.staging.output.0.child: umgr.staging.output.0           : MainThread     : INFO    : cfg: {'agents': {},
 u'bridges': {u'control_pubsub': {'addr_in': 'tcp://138.201.86.166:43217',
                                  'addr_out': 'tcp://138.201.86.166:35116',
                                  u'bulk_size': 0,
                                  u'log_level': u'debug',
                                  u'stall_hwm': 1},
              u'log_pubsub': {'addr_in': 'tcp://138.201.86.166:44135',
                              'addr_out': 'tcp://138.201.86.166:43243',
                              u'bulk_size': 0,
                              u'log_level': u'debug',
                              u'stall_hwm': 1},
              u'state_pubsub': {'addr_in': 'tcp://138.201.86.166:32771',
                                'addr_out': 'tcp://138.201.86.166:42499',
                                u'bulk_size': 0,
                                u'log_level': u'debug',
                                u'stall_hwm': 1},
              u'umgr_reschedule_pubsub': {'addr_in': 'tcp://138.201.86.166:33093',
                                          'addr_out': 'tcp://138.201.86.166:35698',
                                          u'bulk_size': 0,
                                          u'log_level': u'debug',
                                          u'stall_hwm': 1},
              u'umgr_scheduling_queue': {'addr_in': 'tcp://138.201.86.166:38363',
                                         'addr_out': 'tcp://138.201.86.166:38131',
                                         u'bulk_size': 0,
                                         u'log_level': u'debug',
                                         u'stall_hwm': 1},
              u'umgr_staging_input_queue': {'addr_in': 'tcp://138.201.86.166:44927',
                                            'addr_out': 'tcp://138.201.86.166:34457',
                                            u'bulk_size': 0,
                                            u'log_level': u'debug',
                                            u'stall_hwm': 1},
              u'umgr_staging_output_queue': {'addr_in': 'tcp://138.201.86.166:42436',
                                             'addr_out': 'tcp://138.201.86.166:44133',
                                             u'bulk_size': 0,
                                             u'log_level': u'debug',
                                             u'stall_hwm': 1},
              u'umgr_unschedule_pubsub': {'addr_in': 'tcp://138.201.86.166:34553',
                                          'addr_out': 'tcp://138.201.86.166:34412',
                                          u'bulk_size': 0,
                                          u'log_level': u'debug',
                                          u'stall_hwm': 1}},
 u'bulk_collection_size': 100,
 u'bulk_collection_time': 1.0,
 'cname': u'UMGRStagingOutputComponent',
 u'components': {},
 u'count': 1,
 u'db_poll_sleeptime': 1.0,
 'number': 0,
 'owner': 'umgr.0000',
 u'scheduler': u'round_robin',
 'uid': 'umgr.0000'}
2017-05-31 02:40:36,047: umgr.staging.output.0.child: umgr.staging.output.0           : MainThread     : DEBUG   : start components: {}
2017-05-31 02:40:36,047: umgr.staging.output.0.child: umgr.staging.output.0           : MainThread     : DEBUG   : START: umgr.staging.output.0.child register publisher log_pubsub
2017-05-31 02:40:36,048: umgr.staging.output.0.child: umgr.staging.output.0           : MainThread     : DEBUG   : using addr tcp://138.201.86.166:44135 for pubsub log_pubsub
2017-05-31 02:40:36,071: umgr.staging.output.0.child: umgr.staging.output.0           : MainThread     : DEBUG   : registered publisher : log_pubsub : log.pubsub.pub
2017-05-31 02:40:36,071: umgr.staging.output.0.child: umgr.staging.output.0           : MainThread     : DEBUG   : START: umgr.staging.output.0.child register publisher state_pubsub
2017-05-31 02:40:36,072: umgr.staging.output.0.child: umgr.staging.output.0           : MainThread     : DEBUG   : using addr tcp://138.201.86.166:32771 for pubsub state_pubsub
2017-05-31 02:40:36,073: umgr.staging.output.0.child: umgr.staging.output.0           : MainThread     : DEBUG   : registered publisher : state_pubsub : state.pubsub.pub
2017-05-31 02:40:36,073: umgr.staging.output.0.child: umgr.staging.output.0           : MainThread     : DEBUG   : START: umgr.staging.output.0.child register publisher control_pubsub
2017-05-31 02:40:36,073: umgr.staging.output.0.child: umgr.staging.output.0           : MainThread     : DEBUG   : using addr tcp://138.201.86.166:43217 for pubsub control_pubsub
2017-05-31 02:40:36,074: umgr.staging.output.0.child: umgr.staging.output.0           : MainThread     : DEBUG   : registered publisher : control_pubsub : control.pubsub.pub
2017-05-31 02:40:36,075: umgr.staging.output.0.child: umgr.staging.output.0           : MainThread     : DEBUG   : START: umgr.staging.output.0.child register subscriber umgr.staging.output.0.child.subscriber._cancel_monitor_cb
2017-05-31 02:40:36,075: umgr.staging.output.0.child: umgr.staging.output.0           : MainThread     : DEBUG   : using addr tcp://138.201.86.166:35116 for pubsub control_pubsub
2017-05-31 02:40:36,078: umgr.staging.output.0.child: umgr.staging.output.0           : MainThread     : DEBUG   : start thread
2017-05-31 02:40:36,078: umgr.staging.output.0.child: umgr.staging.output.0           : umgr.staging.output.0.child.subscriber._cancel_monitor_cb: INFO    : child (me) initializing
2017-05-31 02:40:36,078: umgr.staging.output.0.child: umgr.staging.output.0           : umgr.staging.output.0.child.subscriber._cancel_monitor_cb: DEBUG   : ru_initialize_common (NOOP)
2017-05-31 02:40:36,079: umgr.staging.output.0.child: umgr.staging.output.0           : umgr.staging.output.0.child.subscriber._cancel_monitor_cb: DEBUG   : ru_initialize_child (NOOP)
2017-05-31 02:40:36,079: umgr.staging.output.0.child: umgr.staging.output.0           : umgr.staging.output.0.child.subscriber._cancel_monitor_cb: INFO    : send alive
2017-05-31 02:40:36,079: umgr.staging.output.0.child: umgr.staging.output.0           : umgr.staging.output.0.child.subscriber._cancel_monitor_cb: INFO    : send message: alive
2017-05-31 02:40:36,080: umgr.staging.output.0.child: umgr.staging.output.0           : MainThread     : INFO    : recv message: alive
2017-05-31 02:40:36,080: umgr.staging.output.0.child: umgr.staging.output.0           : MainThread     : DEBUG   : ru_initialize_common (NOOP)
2017-05-31 02:40:36,080: umgr.staging.output.0.child: umgr.staging.output.0           : MainThread     : DEBUG   : ru_initialize_parent (NOOP)
2017-05-31 02:40:36,080: umgr.staging.output.0.child: umgr.staging.output.0           : MainThread     : DEBUG   : child thread umgr.staging.output.0.child.subscriber._cancel_monitor_cb started
2017-05-31 02:40:36,080: umgr.staging.output.0.child: umgr.staging.output.0           : MainThread     : DEBUG   : umgr.staging.output.0.child registered control_pubsub subscriber umgr.staging.output.0.child.subscriber._cancel_monitor_cb
2017-05-31 02:40:36,081: umgr.staging.output.0.child: umgr.staging.output.0           : MainThread     : DEBUG   : using addr tcp://138.201.86.166:44133 for input umgr_staging_output_queue
2017-05-31 02:40:36,083: umgr.staging.output.0.child: umgr.staging.output.0           : MainThread     : DEBUG   : registered input umgr.staging.output.0.child.work.UMGR_STAGING_OUTPUT_PENDING
2017-05-31 02:40:36,083: umgr.staging.output.0.child: umgr.staging.output.0           : MainThread     : DEBUG   : START: umgr.staging.output.0.child register input UMGR_STAGING_OUTPUT_PENDING: umgr.staging.output.0.child.work.UMGR_STAGING_OUTPUT_PENDING
2017-05-31 02:40:36,083: umgr.staging.output.0.child: umgr.staging.output.0           : MainThread     : DEBUG   : registered worker work [UMGR_STAGING_OUTPUT_PENDING]
2017-05-31 03:20:21,113: umgr.staging.output.0.child: umgr.staging.output.0           : MainThread     : DEBUG   : got unit (unit.000007)
2017-05-31 03:20:21,113: umgr.staging.output.0.child: umgr.staging.output.0           : MainThread     : DEBUG   :  === work on unit.000007 in UMGR_STAGING_OUTPUT_PENDING @ umgr
2017-05-31 03:20:21,113: umgr.staging.output.0.child: umgr.staging.output.0           : MainThread     : DEBUG   : advance bulk size: 1 [False, True]
2017-05-31 03:20:21,113: umgr.staging.output.0.child: umgr.staging.output.0           : MainThread     : DEBUG   : advance bulk: unit.000007 [1]
2017-05-31 03:20:21,114: umgr.staging.output.0.child: umgr.staging.output.0           : MainThread     : DEBUG   : advance bulk size: 1 [True, True]
2017-05-31 03:20:21,114: umgr.staging.output.0.child: umgr.staging.output.0           : MainThread     : DEBUG   : advance bulk: unit.000007 [1]
2017-05-31 03:20:21,114: umgr.staging.output.0.child: umgr.staging.output.0           : MainThread     : DEBUG   : bucket: DONE : ['unit.000007']
2017-05-31 03:20:21,115: umgr.staging.output.0.child: umgr.staging.output.0           : MainThread     : DEBUG   : push unit.000007 ===| DONE
2017-05-31 03:20:34,442: umgr.staging.output.0.child: umgr.staging.output.0           : MainThread     : DEBUG   : got unit (unit.000013)
2017-05-31 03:20:34,442: umgr.staging.output.0.child: umgr.staging.output.0           : MainThread     : DEBUG   :  === work on unit.000013 in UMGR_STAGING_OUTPUT_PENDING @ umgr
2017-05-31 03:20:34,443: umgr.staging.output.0.child: umgr.staging.output.0           : MainThread     : DEBUG   : advance bulk size: 1 [False, True]
2017-05-31 03:20:34,443: umgr.staging.output.0.child: umgr.staging.output.0           : MainThread     : DEBUG   : advance bulk: unit.000013 [1]
2017-05-31 03:20:34,443: umgr.staging.output.0.child: umgr.staging.output.0           : MainThread     : DEBUG   : advance bulk size: 1 [True, True]
2017-05-31 03:20:34,443: umgr.staging.output.0.child: umgr.staging.output.0           : MainThread     : DEBUG   : advance bulk: unit.000013 [1]
2017-05-31 03:20:34,444: umgr.staging.output.0.child: umgr.staging.output.0           : MainThread     : DEBUG   : bucket: DONE : ['unit.000013']
2017-05-31 03:20:34,444: umgr.staging.output.0.child: umgr.staging.output.0           : MainThread     : DEBUG   : push unit.000013 ===| DONE
2017-05-31 03:20:38,122: umgr.staging.output.0.child: umgr.staging.output.0           : MainThread     : DEBUG   : got unit (unit.000000)
2017-05-31 03:20:38,122: umgr.staging.output.0.child: umgr.staging.output.0           : MainThread     : DEBUG   :  === work on unit.000000 in UMGR_STAGING_OUTPUT_PENDING @ umgr
2017-05-31 03:20:38,122: umgr.staging.output.0.child: umgr.staging.output.0           : MainThread     : DEBUG   : advance bulk size: 1 [False, True]
2017-05-31 03:20:38,123: umgr.staging.output.0.child: umgr.staging.output.0           : MainThread     : DEBUG   : advance bulk: unit.000000 [1]
2017-05-31 03:20:38,123: umgr.staging.output.0.child: umgr.staging.output.0           : MainThread     : DEBUG   : advance bulk size: 1 [True, True]
2017-05-31 03:20:38,123: umgr.staging.output.0.child: umgr.staging.output.0           : MainThread     : DEBUG   : advance bulk: unit.000000 [1]
2017-05-31 03:20:38,123: umgr.staging.output.0.child: umgr.staging.output.0           : MainThread     : DEBUG   : bucket: DONE : ['unit.000000']
2017-05-31 03:20:38,124: umgr.staging.output.0.child: umgr.staging.output.0           : MainThread     : DEBUG   : push unit.000000 ===| DONE
2017-05-31 03:20:39,433: umgr.staging.output.0.child: umgr.staging.output.0           : MainThread     : DEBUG   : got unit (unit.000015)
2017-05-31 03:20:39,433: umgr.staging.output.0.child: umgr.staging.output.0           : MainThread     : DEBUG   :  === work on unit.000015 in UMGR_STAGING_OUTPUT_PENDING @ umgr
2017-05-31 03:20:39,434: umgr.staging.output.0.child: umgr.staging.output.0           : MainThread     : DEBUG   : advance bulk size: 1 [False, True]
2017-05-31 03:20:39,434: umgr.staging.output.0.child: umgr.staging.output.0           : MainThread     : DEBUG   : advance bulk: unit.000015 [1]
2017-05-31 03:20:39,434: umgr.staging.output.0.child: umgr.staging.output.0           : MainThread     : DEBUG   : advance bulk size: 1 [True, True]
2017-05-31 03:20:39,434: umgr.staging.output.0.child: umgr.staging.output.0           : MainThread     : DEBUG   : advance bulk: unit.000015 [1]
2017-05-31 03:20:39,435: umgr.staging.output.0.child: umgr.staging.output.0           : MainThread     : DEBUG   : bucket: DONE : ['unit.000015']
2017-05-31 03:20:39,435: umgr.staging.output.0.child: umgr.staging.output.0           : MainThread     : DEBUG   : push unit.000015 ===| DONE
2017-05-31 03:20:41,854: umgr.staging.output.0.child: umgr.staging.output.0           : MainThread     : DEBUG   : got unit (unit.000002)
2017-05-31 03:20:41,854: umgr.staging.output.0.child: umgr.staging.output.0           : MainThread     : DEBUG   :  === work on unit.000002 in UMGR_STAGING_OUTPUT_PENDING @ umgr
2017-05-31 03:20:41,854: umgr.staging.output.0.child: umgr.staging.output.0           : MainThread     : DEBUG   : advance bulk size: 1 [False, True]
2017-05-31 03:20:41,855: umgr.staging.output.0.child: umgr.staging.output.0           : MainThread     : DEBUG   : advance bulk: unit.000002 [1]
2017-05-31 03:20:41,855: umgr.staging.output.0.child: umgr.staging.output.0           : MainThread     : DEBUG   : advance bulk size: 1 [True, True]
2017-05-31 03:20:41,855: umgr.staging.output.0.child: umgr.staging.output.0           : MainThread     : DEBUG   : advance bulk: unit.000002 [1]
2017-05-31 03:20:41,855: umgr.staging.output.0.child: umgr.staging.output.0           : MainThread     : DEBUG   : bucket: DONE : ['unit.000002']
2017-05-31 03:20:41,856: umgr.staging.output.0.child: umgr.staging.output.0           : MainThread     : DEBUG   : push unit.000002 ===| DONE
2017-05-31 03:20:43,217: umgr.staging.output.0.child: umgr.staging.output.0           : MainThread     : DEBUG   : got unit (unit.000003)
2017-05-31 03:20:43,217: umgr.staging.output.0.child: umgr.staging.output.0           : MainThread     : DEBUG   : got unit (unit.000008)
2017-05-31 03:20:43,218: umgr.staging.output.0.child: umgr.staging.output.0           : MainThread     : DEBUG   : got unit (unit.000011)
2017-05-31 03:20:43,218: umgr.staging.output.0.child: umgr.staging.output.0           : MainThread     : DEBUG   : got unit (unit.000014)
2017-05-31 03:20:43,218: umgr.staging.output.0.child: umgr.staging.output.0           : MainThread     : DEBUG   : got unit (unit.000009)
2017-05-31 03:20:43,218: umgr.staging.output.0.child: umgr.staging.output.0           : MainThread     : DEBUG   : got unit (unit.000010)
2017-05-31 03:20:43,218: umgr.staging.output.0.child: umgr.staging.output.0           : MainThread     : DEBUG   :  === work on unit.000003 in UMGR_STAGING_OUTPUT_PENDING @ umgr
2017-05-31 03:20:43,218: umgr.staging.output.0.child: umgr.staging.output.0           : MainThread     : DEBUG   :  === work on unit.000008 in UMGR_STAGING_OUTPUT_PENDING @ umgr
2017-05-31 03:20:43,219: umgr.staging.output.0.child: umgr.staging.output.0           : MainThread     : DEBUG   :  === work on unit.000011 in UMGR_STAGING_OUTPUT_PENDING @ umgr
2017-05-31 03:20:43,219: umgr.staging.output.0.child: umgr.staging.output.0           : MainThread     : DEBUG   :  === work on unit.000014 in UMGR_STAGING_OUTPUT_PENDING @ umgr
2017-05-31 03:20:43,219: umgr.staging.output.0.child: umgr.staging.output.0           : MainThread     : DEBUG   :  === work on unit.000009 in UMGR_STAGING_OUTPUT_PENDING @ umgr
2017-05-31 03:20:43,219: umgr.staging.output.0.child: umgr.staging.output.0           : MainThread     : DEBUG   :  === work on unit.000010 in UMGR_STAGING_OUTPUT_PENDING @ umgr
2017-05-31 03:20:43,219: umgr.staging.output.0.child: umgr.staging.output.0           : MainThread     : DEBUG   : advance bulk size: 6 [False, True]
2017-05-31 03:20:43,219: umgr.staging.output.0.child: umgr.staging.output.0           : MainThread     : DEBUG   : advance bulk: unit.000003 [6]
2017-05-31 03:20:43,219: umgr.staging.output.0.child: umgr.staging.output.0           : MainThread     : DEBUG   : advance bulk: unit.000008 [6]
2017-05-31 03:20:43,219: umgr.staging.output.0.child: umgr.staging.output.0           : MainThread     : DEBUG   : advance bulk: unit.000011 [6]
2017-05-31 03:20:43,219: umgr.staging.output.0.child: umgr.staging.output.0           : MainThread     : DEBUG   : advance bulk: unit.000014 [6]
2017-05-31 03:20:43,220: umgr.staging.output.0.child: umgr.staging.output.0           : MainThread     : DEBUG   : advance bulk: unit.000009 [6]
2017-05-31 03:20:43,220: umgr.staging.output.0.child: umgr.staging.output.0           : MainThread     : DEBUG   : advance bulk: unit.000010 [6]
2017-05-31 03:20:43,220: umgr.staging.output.0.child: umgr.staging.output.0           : MainThread     : DEBUG   : advance bulk size: 6 [True, True]
2017-05-31 03:20:43,220: umgr.staging.output.0.child: umgr.staging.output.0           : MainThread     : DEBUG   : advance bulk: unit.000003 [6]
2017-05-31 03:20:43,220: umgr.staging.output.0.child: umgr.staging.output.0           : MainThread     : DEBUG   : advance bulk: unit.000008 [6]
2017-05-31 03:20:43,221: umgr.staging.output.0.child: umgr.staging.output.0           : MainThread     : DEBUG   : advance bulk: unit.000011 [6]
2017-05-31 03:20:43,221: umgr.staging.output.0.child: umgr.staging.output.0           : MainThread     : DEBUG   : advance bulk: unit.000014 [6]
2017-05-31 03:20:43,221: umgr.staging.output.0.child: umgr.staging.output.0           : MainThread     : DEBUG   : advance bulk: unit.000009 [6]
2017-05-31 03:20:43,221: umgr.staging.output.0.child: umgr.staging.output.0           : MainThread     : DEBUG   : advance bulk: unit.000010 [6]
2017-05-31 03:20:43,221: umgr.staging.output.0.child: umgr.staging.output.0           : MainThread     : DEBUG   : bucket: DONE : ['unit.000003', 'unit.000008', 'unit.000011', 'unit.000014', 'unit.000009', 'unit.000010']
2017-05-31 03:20:43,221: umgr.staging.output.0.child: umgr.staging.output.0           : MainThread     : DEBUG   : push unit.000003 ===| DONE
2017-05-31 03:20:43,222: umgr.staging.output.0.child: umgr.staging.output.0           : MainThread     : DEBUG   : push unit.000008 ===| DONE
2017-05-31 03:20:43,222: umgr.staging.output.0.child: umgr.staging.output.0           : MainThread     : DEBUG   : push unit.000011 ===| DONE
2017-05-31 03:20:43,222: umgr.staging.output.0.child: umgr.staging.output.0           : MainThread     : DEBUG   : push unit.000014 ===| DONE
2017-05-31 03:20:43,222: umgr.staging.output.0.child: umgr.staging.output.0           : MainThread     : DEBUG   : push unit.000009 ===| DONE
2017-05-31 03:20:43,222: umgr.staging.output.0.child: umgr.staging.output.0           : MainThread     : DEBUG   : push unit.000010 ===| DONE
2017-05-31 03:20:44,536: umgr.staging.output.0.child: umgr.staging.output.0           : MainThread     : DEBUG   : got unit (unit.000001)
2017-05-31 03:20:44,536: umgr.staging.output.0.child: umgr.staging.output.0           : MainThread     : DEBUG   : got unit (unit.000004)
2017-05-31 03:20:44,537: umgr.staging.output.0.child: umgr.staging.output.0           : MainThread     : DEBUG   :  === work on unit.000001 in UMGR_STAGING_OUTPUT_PENDING @ umgr
2017-05-31 03:20:44,537: umgr.staging.output.0.child: umgr.staging.output.0           : MainThread     : DEBUG   :  === work on unit.000004 in UMGR_STAGING_OUTPUT_PENDING @ umgr
2017-05-31 03:20:44,537: umgr.staging.output.0.child: umgr.staging.output.0           : MainThread     : DEBUG   : advance bulk size: 2 [False, True]
2017-05-31 03:20:44,537: umgr.staging.output.0.child: umgr.staging.output.0           : MainThread     : DEBUG   : advance bulk: unit.000001 [2]
2017-05-31 03:20:44,537: umgr.staging.output.0.child: umgr.staging.output.0           : MainThread     : DEBUG   : advance bulk: unit.000004 [2]
2017-05-31 03:20:44,538: umgr.staging.output.0.child: umgr.staging.output.0           : MainThread     : DEBUG   : advance bulk size: 2 [True, True]
2017-05-31 03:20:44,538: umgr.staging.output.0.child: umgr.staging.output.0           : MainThread     : DEBUG   : advance bulk: unit.000001 [2]
2017-05-31 03:20:44,538: umgr.staging.output.0.child: umgr.staging.output.0           : MainThread     : DEBUG   : advance bulk: unit.000004 [2]
2017-05-31 03:20:44,538: umgr.staging.output.0.child: umgr.staging.output.0           : MainThread     : DEBUG   : bucket: DONE : ['unit.000001', 'unit.000004']
2017-05-31 03:20:44,538: umgr.staging.output.0.child: umgr.staging.output.0           : MainThread     : DEBUG   : push unit.000001 ===| DONE
2017-05-31 03:20:44,539: umgr.staging.output.0.child: umgr.staging.output.0           : MainThread     : DEBUG   : push unit.000004 ===| DONE
2017-05-31 03:20:45,848: umgr.staging.output.0.child: umgr.staging.output.0           : MainThread     : DEBUG   : got unit (unit.000005)
2017-05-31 03:20:45,849: umgr.staging.output.0.child: umgr.staging.output.0           : MainThread     : DEBUG   :  === work on unit.000005 in UMGR_STAGING_OUTPUT_PENDING @ umgr
2017-05-31 03:20:45,849: umgr.staging.output.0.child: umgr.staging.output.0           : MainThread     : DEBUG   : advance bulk size: 1 [False, True]
2017-05-31 03:20:45,849: umgr.staging.output.0.child: umgr.staging.output.0           : MainThread     : DEBUG   : advance bulk: unit.000005 [1]
2017-05-31 03:20:45,849: umgr.staging.output.0.child: umgr.staging.output.0           : MainThread     : DEBUG   : advance bulk size: 1 [True, True]
2017-05-31 03:20:45,849: umgr.staging.output.0.child: umgr.staging.output.0           : MainThread     : DEBUG   : advance bulk: unit.000005 [1]
2017-05-31 03:20:45,849: umgr.staging.output.0.child: umgr.staging.output.0           : MainThread     : DEBUG   : bucket: DONE : ['unit.000005']
2017-05-31 03:20:45,849: umgr.staging.output.0.child: umgr.staging.output.0           : MainThread     : DEBUG   : push unit.000005 ===| DONE
2017-05-31 03:20:50,481: umgr.staging.output.0.child: umgr.staging.output.0           : MainThread     : DEBUG   : got unit (unit.000012)
2017-05-31 03:20:50,481: umgr.staging.output.0.child: umgr.staging.output.0           : MainThread     : DEBUG   :  === work on unit.000012 in UMGR_STAGING_OUTPUT_PENDING @ umgr
2017-05-31 03:20:50,482: umgr.staging.output.0.child: umgr.staging.output.0           : MainThread     : DEBUG   : advance bulk size: 1 [False, True]
2017-05-31 03:20:50,482: umgr.staging.output.0.child: umgr.staging.output.0           : MainThread     : DEBUG   : advance bulk: unit.000012 [1]
2017-05-31 03:20:50,482: umgr.staging.output.0.child: umgr.staging.output.0           : MainThread     : DEBUG   : advance bulk size: 1 [True, True]
2017-05-31 03:20:50,482: umgr.staging.output.0.child: umgr.staging.output.0           : MainThread     : DEBUG   : advance bulk: unit.000012 [1]
2017-05-31 03:20:50,483: umgr.staging.output.0.child: umgr.staging.output.0           : MainThread     : DEBUG   : bucket: DONE : ['unit.000012']
2017-05-31 03:20:50,483: umgr.staging.output.0.child: umgr.staging.output.0           : MainThread     : DEBUG   : push unit.000012 ===| DONE
2017-05-31 03:21:01,151: umgr.staging.output.0.child: umgr.staging.output.0           : MainThread     : DEBUG   : got unit (unit.000006)
2017-05-31 03:21:01,151: umgr.staging.output.0.child: umgr.staging.output.0           : MainThread     : DEBUG   :  === work on unit.000006 in UMGR_STAGING_OUTPUT_PENDING @ umgr
2017-05-31 03:21:01,151: umgr.staging.output.0.child: umgr.staging.output.0           : MainThread     : DEBUG   : advance bulk size: 1 [False, True]
2017-05-31 03:21:01,151: umgr.staging.output.0.child: umgr.staging.output.0           : MainThread     : DEBUG   : advance bulk: unit.000006 [1]
2017-05-31 03:21:01,152: umgr.staging.output.0.child: umgr.staging.output.0           : MainThread     : DEBUG   : advance bulk size: 1 [True, True]
2017-05-31 03:21:01,152: umgr.staging.output.0.child: umgr.staging.output.0           : MainThread     : DEBUG   : advance bulk: unit.000006 [1]
2017-05-31 03:21:01,152: umgr.staging.output.0.child: umgr.staging.output.0           : MainThread     : DEBUG   : bucket: DONE : ['unit.000006']
2017-05-31 03:21:01,152: umgr.staging.output.0.child: umgr.staging.output.0           : MainThread     : DEBUG   : push unit.000006 ===| DONE
