2017-05-31 02:40:29,115: update.0            : MainProcess                     : MainThread     : INFO    : python.interpreter   version: 2.7.12 (default, Nov 19 2016, 06:48:10) [GCC 5.4.0 20160609]
2017-05-31 02:40:29,115: update.0            : MainProcess                     : MainThread     : INFO    :                      pid: 27015
2017-05-31 02:40:29,115: update.0            : MainProcess                     : MainThread     : INFO    :                      tid: MainThread
2017-05-31 02:40:29,115: update.0            : MainProcess                     : MainThread     : INFO    : radical.pilot        version: split-81-gf853cc9b@feature-bridges
2017-05-31 02:40:29,115: update.0            : MainProcess                     : MainThread     : DEBUG   : start process
2017-05-31 02:40:29,119: update.0            : update.0                        : MainThread     : INFO    : child (me) initializing
2017-05-31 02:40:29,120: update.0            : update.0                        : MainThread     : DEBUG   : start thread
2017-05-31 02:40:29,120: update.0            : update.0                        : update.0.child.watch: INFO    : child (me) initializing
2017-05-31 02:40:29,120: update.0            : update.0                        : update.0.child.watch: DEBUG   : ru_initialize_common (NOOP)
2017-05-31 02:40:29,120: update.0            : update.0                        : update.0.child.watch: DEBUG   : ru_initialize_child (NOOP)
2017-05-31 02:40:29,120: update.0            : update.0                        : update.0.child.watch: INFO    : send alive
2017-05-31 02:40:29,120: update.0            : update.0                        : update.0.child.watch: INFO    : send message: alive
2017-05-31 02:40:29,121: update.0            : update.0                        : MainThread     : INFO    : recv message: alive
2017-05-31 02:40:29,121: update.0            : update.0                        : MainThread     : DEBUG   : ru_initialize_common (NOOP)
2017-05-31 02:40:29,121: update.0            : update.0                        : MainThread     : DEBUG   : ru_initialize_parent (NOOP)
2017-05-31 02:40:29,122: update.0            : update.0                        : MainThread     : DEBUG   : child thread update.0.child.watch started
2017-05-31 02:40:29,122: update.0            : update.0                        : MainThread     : INFO    : child (me) is alive
2017-05-31 02:40:29,745: update.0            : update.0                        : MainThread     : INFO    : send alive
2017-05-31 02:40:29,746: update.0            : update.0                        : MainThread     : INFO    : send message: alive
2017-05-31 02:40:29,746: update.0            : MainProcess                     : MainThread     : INFO    : recv message: alive
2017-05-31 02:40:29,747: update.0            : MainProcess                     : MainThread     : DEBUG   : start thread
2017-05-31 02:40:29,747: update.0            : MainProcess                     : update.0.watch : INFO    : child (me) initializing
2017-05-31 02:40:29,747: update.0            : MainProcess                     : update.0.watch : DEBUG   : ru_initialize_common (NOOP)
2017-05-31 02:40:29,748: update.0            : MainProcess                     : update.0.watch : DEBUG   : ru_initialize_child (NOOP)
2017-05-31 02:40:29,748: update.0            : MainProcess                     : update.0.watch : INFO    : send alive
2017-05-31 02:40:29,748: update.0            : MainProcess                     : update.0.watch : INFO    : send message: alive
2017-05-31 02:40:29,749: update.0            : MainProcess                     : MainThread     : INFO    : recv message: alive
2017-05-31 02:40:29,749: update.0            : MainProcess                     : MainThread     : DEBUG   : ru_initialize_common (NOOP)
2017-05-31 02:40:29,749: update.0            : MainProcess                     : MainThread     : DEBUG   : ru_initialize_parent (NOOP)
2017-05-31 02:40:29,749: update.0            : MainProcess                     : MainThread     : DEBUG   : child thread update.0.watch started
2017-05-31 02:40:29,749: update.0            : MainProcess                     : MainThread     : INFO    : child is alive
2017-05-31 02:40:29,749: update.0            : MainProcess                     : MainThread     : INFO    : radical.pilot        version: split-81-gf853cc9b@feature-bridges
2017-05-31 02:40:29,798: update.0            : MainProcess                     : MainThread     : INFO    : initialize update.0
2017-05-31 02:40:29,802: update.0            : MainProcess                     : MainThread     : INFO    : cfg: {'agents': {},
 u'bridges': {u'control_pubsub': {'addr_in': 'tcp://138.201.86.166:43217',
                                  'addr_out': 'tcp://138.201.86.166:35116',
                                  u'bulk_size': 0,
                                  u'log_level': u'debug',
                                  u'stall_hwm': 1},
              u'log_pubsub': {'addr_in': 'tcp://138.201.86.166:44135',
                              'addr_out': 'tcp://138.201.86.166:43243',
                              u'bulk_size': 0,
                              u'log_level': u'debug',
                              u'stall_hwm': 1},
              u'state_pubsub': {'addr_in': 'tcp://138.201.86.166:32771',
                                'addr_out': 'tcp://138.201.86.166:42499',
                                u'bulk_size': 0,
                                u'log_level': u'debug',
                                u'stall_hwm': 1}},
 'cname': u'UpdateWorker',
 u'components': {},
 u'count': 1,
 'dburl': 'mongodb://mingtaiha:mingtaiha@ds053838.mlab.com:53838/hicomb',
 'debug': 'DEBUG',
 u'default_dburl': u'mongodb://rp:rp@ds015335.mlab.com:15335/rp',
 'logdir': '/home/mingtha/repos/affinity_model/exp/model_confirm/rp.session.Ubuntu-1604-xenial-64-minimal.mingtha.017317.0000',
 'number': 0,
 'owner': 'rp.session.Ubuntu-1604-xenial-64-minimal.mingtha.017317.0000',
 'session_id': 'rp.session.Ubuntu-1604-xenial-64-minimal.mingtha.017317.0000'}
2017-05-31 02:40:29,802: update.0            : MainProcess                     : MainThread     : DEBUG   : START: update.0 register publisher log_pubsub
2017-05-31 02:40:29,802: update.0            : MainProcess                     : MainThread     : DEBUG   : using addr tcp://138.201.86.166:44135 for pubsub log_pubsub
2017-05-31 02:40:29,805: update.0            : MainProcess                     : MainThread     : DEBUG   : registered publisher : log_pubsub : log.pubsub.pub
2017-05-31 02:40:29,806: update.0            : MainProcess                     : MainThread     : DEBUG   : START: update.0 register publisher state_pubsub
2017-05-31 02:40:29,806: update.0            : MainProcess                     : MainThread     : DEBUG   : using addr tcp://138.201.86.166:32771 for pubsub state_pubsub
2017-05-31 02:40:29,808: update.0            : MainProcess                     : MainThread     : DEBUG   : registered publisher : state_pubsub : state.pubsub.pub
2017-05-31 02:40:29,808: update.0            : MainProcess                     : MainThread     : DEBUG   : START: update.0 register publisher control_pubsub
2017-05-31 02:40:29,808: update.0            : MainProcess                     : MainThread     : DEBUG   : using addr tcp://138.201.86.166:43217 for pubsub control_pubsub
2017-05-31 02:40:29,811: update.0            : MainProcess                     : MainThread     : DEBUG   : registered publisher : control_pubsub : control.pubsub.pub
2017-05-31 02:40:29,811: update.0            : MainProcess                     : MainThread     : DEBUG   : child process started
2017-05-31 03:21:10,270: update.0            : MainProcess                     : MainThread     : INFO    : radical.pilot        version: split-81-gf853cc9b@feature-bridges
2017-05-31 03:21:10,270: update.0            : MainProcess                     : MainThread     : DEBUG   : start process
2017-05-31 03:21:10,278: update.0            : update.0                        : MainThread     : INFO    : child (me) initializing
2017-05-31 03:21:10,279: update.0            : update.0                        : MainThread     : DEBUG   : start thread
2017-05-31 03:21:10,279: update.0            : update.0                        : update.0.child.watch: INFO    : child (me) initializing
2017-05-31 03:21:10,279: update.0            : update.0                        : update.0.child.watch: DEBUG   : ru_initialize_common (NOOP)
2017-05-31 03:21:10,279: update.0            : update.0                        : update.0.child.watch: DEBUG   : ru_initialize_child (NOOP)
2017-05-31 03:21:10,279: update.0            : update.0                        : update.0.child.watch: INFO    : send alive
2017-05-31 03:21:10,280: update.0            : update.0                        : update.0.child.watch: INFO    : send message: alive
2017-05-31 03:21:10,281: update.0            : update.0                        : MainThread     : INFO    : recv message: alive
2017-05-31 03:21:10,281: update.0            : update.0                        : MainThread     : DEBUG   : ru_initialize_common (NOOP)
2017-05-31 03:21:10,281: update.0            : update.0                        : MainThread     : DEBUG   : ru_initialize_parent (NOOP)
2017-05-31 03:21:10,281: update.0            : update.0                        : MainThread     : DEBUG   : child thread update.0.child.watch started
2017-05-31 03:21:10,281: update.0            : update.0                        : MainThread     : INFO    : child (me) is alive
2017-05-31 03:21:10,984: update.0            : update.0                        : MainThread     : INFO    : send alive
2017-05-31 03:21:10,984: update.0            : update.0                        : MainThread     : INFO    : send message: alive
2017-05-31 03:21:10,984: update.0            : MainProcess                     : MainThread     : INFO    : recv message: alive
2017-05-31 03:21:10,985: update.0            : MainProcess                     : MainThread     : DEBUG   : start thread
2017-05-31 03:21:10,986: update.0            : MainProcess                     : update.0.watch : INFO    : child (me) initializing
2017-05-31 03:21:10,986: update.0            : MainProcess                     : update.0.watch : DEBUG   : ru_initialize_common (NOOP)
2017-05-31 03:21:10,986: update.0            : MainProcess                     : update.0.watch : DEBUG   : ru_initialize_child (NOOP)
2017-05-31 03:21:10,986: update.0            : MainProcess                     : update.0.watch : INFO    : send alive
2017-05-31 03:21:10,986: update.0            : MainProcess                     : update.0.watch : INFO    : send message: alive
2017-05-31 03:21:10,987: update.0            : MainProcess                     : MainThread     : INFO    : recv message: alive
2017-05-31 03:21:10,987: update.0            : MainProcess                     : MainThread     : DEBUG   : ru_initialize_common (NOOP)
2017-05-31 03:21:10,987: update.0            : MainProcess                     : MainThread     : DEBUG   : ru_initialize_parent (NOOP)
2017-05-31 03:21:10,988: update.0            : MainProcess                     : MainThread     : DEBUG   : child thread update.0.watch started
2017-05-31 03:21:10,988: update.0            : MainProcess                     : MainThread     : INFO    : child is alive
2017-05-31 03:21:10,988: update.0            : MainProcess                     : MainThread     : INFO    : radical.pilot        version: split-81-gf853cc9b@feature-bridges
2017-05-31 03:21:11,005: update.0            : MainProcess                     : MainThread     : INFO    : initialize update.0
2017-05-31 03:21:11,009: update.0            : MainProcess                     : MainThread     : INFO    : cfg: {'agents': {},
 u'bridges': {u'control_pubsub': {'addr_in': 'tcp://138.201.86.166:40878',
                                  'addr_out': 'tcp://138.201.86.166:36022',
                                  u'bulk_size': 0,
                                  u'log_level': u'debug',
                                  u'stall_hwm': 1},
              u'log_pubsub': {'addr_in': 'tcp://138.201.86.166:37208',
                              'addr_out': 'tcp://138.201.86.166:42897',
                              u'bulk_size': 0,
                              u'log_level': u'debug',
                              u'stall_hwm': 1},
              u'state_pubsub': {'addr_in': 'tcp://138.201.86.166:38275',
                                'addr_out': 'tcp://138.201.86.166:39820',
                                u'bulk_size': 0,
                                u'log_level': u'debug',
                                u'stall_hwm': 1}},
 'cname': u'UpdateWorker',
 u'components': {},
 u'count': 1,
 'dburl': 'mongodb://mingtaiha:mingtaiha@ds053838.mlab.com:53838/hicomb',
 'debug': 'DEBUG',
 u'default_dburl': u'mongodb://rp:rp@ds015335.mlab.com:15335/rp',
 'logdir': '/home/mingtha/repos/affinity_model/exp/model_confirm/rp.session.Ubuntu-1604-xenial-64-minimal.mingtha.017317.0001',
 'number': 0,
 'owner': 'rp.session.Ubuntu-1604-xenial-64-minimal.mingtha.017317.0001',
 'session_id': 'rp.session.Ubuntu-1604-xenial-64-minimal.mingtha.017317.0001'}
2017-05-31 03:21:11,009: update.0            : MainProcess                     : MainThread     : DEBUG   : START: update.0 register publisher log_pubsub
2017-05-31 03:21:11,009: update.0            : MainProcess                     : MainThread     : DEBUG   : using addr tcp://138.201.86.166:37208 for pubsub log_pubsub
2017-05-31 03:21:11,011: update.0            : MainProcess                     : MainThread     : DEBUG   : registered publisher : log_pubsub : log.pubsub.pub
2017-05-31 03:21:11,011: update.0            : MainProcess                     : MainThread     : DEBUG   : START: update.0 register publisher state_pubsub
2017-05-31 03:21:11,011: update.0            : MainProcess                     : MainThread     : DEBUG   : using addr tcp://138.201.86.166:38275 for pubsub state_pubsub
2017-05-31 03:21:11,013: update.0            : MainProcess                     : MainThread     : DEBUG   : registered publisher : state_pubsub : state.pubsub.pub
2017-05-31 03:21:11,013: update.0            : MainProcess                     : MainThread     : DEBUG   : START: update.0 register publisher control_pubsub
2017-05-31 03:21:11,013: update.0            : MainProcess                     : MainThread     : DEBUG   : using addr tcp://138.201.86.166:40878 for pubsub control_pubsub
2017-05-31 03:21:11,014: update.0            : MainProcess                     : MainThread     : DEBUG   : registered publisher : control_pubsub : control.pubsub.pub
2017-05-31 03:21:11,015: update.0            : MainProcess                     : MainThread     : DEBUG   : child process started
2017-05-31 03:28:43,501: update.0            : MainProcess                     : MainThread     : INFO    : radical.pilot        version: split-81-gf853cc9b@feature-bridges
2017-05-31 03:28:43,501: update.0            : MainProcess                     : MainThread     : DEBUG   : start process
2017-05-31 03:28:43,508: update.0            : update.0                        : MainThread     : INFO    : child (me) initializing
2017-05-31 03:28:43,509: update.0            : update.0                        : MainThread     : DEBUG   : start thread
2017-05-31 03:28:43,509: update.0            : update.0                        : update.0.child.watch: INFO    : child (me) initializing
2017-05-31 03:28:43,509: update.0            : update.0                        : update.0.child.watch: DEBUG   : ru_initialize_common (NOOP)
2017-05-31 03:28:43,509: update.0            : update.0                        : update.0.child.watch: DEBUG   : ru_initialize_child (NOOP)
2017-05-31 03:28:43,509: update.0            : update.0                        : update.0.child.watch: INFO    : send alive
2017-05-31 03:28:43,509: update.0            : update.0                        : update.0.child.watch: INFO    : send message: alive
2017-05-31 03:28:43,510: update.0            : update.0                        : MainThread     : INFO    : recv message: alive
2017-05-31 03:28:43,510: update.0            : update.0                        : MainThread     : DEBUG   : ru_initialize_common (NOOP)
2017-05-31 03:28:43,510: update.0            : update.0                        : MainThread     : DEBUG   : ru_initialize_parent (NOOP)
2017-05-31 03:28:43,511: update.0            : update.0                        : MainThread     : DEBUG   : child thread update.0.child.watch started
2017-05-31 03:28:43,511: update.0            : update.0                        : MainThread     : INFO    : child (me) is alive
2017-05-31 03:28:44,049: update.0            : update.0                        : MainThread     : INFO    : send alive
2017-05-31 03:28:44,050: update.0            : update.0                        : MainThread     : INFO    : send message: alive
2017-05-31 03:28:44,050: update.0            : MainProcess                     : MainThread     : INFO    : recv message: alive
2017-05-31 03:28:44,051: update.0            : MainProcess                     : MainThread     : DEBUG   : start thread
2017-05-31 03:28:44,051: update.0            : MainProcess                     : update.0.watch : INFO    : child (me) initializing
2017-05-31 03:28:44,052: update.0            : MainProcess                     : update.0.watch : DEBUG   : ru_initialize_common (NOOP)
2017-05-31 03:28:44,052: update.0            : MainProcess                     : update.0.watch : DEBUG   : ru_initialize_child (NOOP)
2017-05-31 03:28:44,052: update.0            : MainProcess                     : update.0.watch : INFO    : send alive
2017-05-31 03:28:44,052: update.0            : MainProcess                     : update.0.watch : INFO    : send message: alive
2017-05-31 03:28:44,053: update.0            : MainProcess                     : MainThread     : INFO    : recv message: alive
2017-05-31 03:28:44,053: update.0            : MainProcess                     : MainThread     : DEBUG   : ru_initialize_common (NOOP)
2017-05-31 03:28:44,054: update.0            : MainProcess                     : MainThread     : DEBUG   : ru_initialize_parent (NOOP)
2017-05-31 03:28:44,054: update.0            : MainProcess                     : MainThread     : DEBUG   : child thread update.0.watch started
2017-05-31 03:28:44,054: update.0            : MainProcess                     : MainThread     : INFO    : child is alive
2017-05-31 03:28:44,054: update.0            : MainProcess                     : MainThread     : INFO    : radical.pilot        version: split-81-gf853cc9b@feature-bridges
2017-05-31 03:28:44,058: update.0            : MainProcess                     : MainThread     : INFO    : initialize update.0
2017-05-31 03:28:44,061: update.0            : MainProcess                     : MainThread     : INFO    : cfg: {'agents': {},
 u'bridges': {u'control_pubsub': {'addr_in': 'tcp://138.201.86.166:33905',
                                  'addr_out': 'tcp://138.201.86.166:37241',
                                  u'bulk_size': 0,
                                  u'log_level': u'debug',
                                  u'stall_hwm': 1},
              u'log_pubsub': {'addr_in': 'tcp://138.201.86.166:33991',
                              'addr_out': 'tcp://138.201.86.166:34611',
                              u'bulk_size': 0,
                              u'log_level': u'debug',
                              u'stall_hwm': 1},
              u'state_pubsub': {'addr_in': 'tcp://138.201.86.166:34835',
                                'addr_out': 'tcp://138.201.86.166:45253',
                                u'bulk_size': 0,
                                u'log_level': u'debug',
                                u'stall_hwm': 1}},
 'cname': u'UpdateWorker',
 u'components': {},
 u'count': 1,
 'dburl': 'mongodb://mingtaiha:mingtaiha@ds053838.mlab.com:53838/hicomb',
 'debug': 'DEBUG',
 u'default_dburl': u'mongodb://rp:rp@ds015335.mlab.com:15335/rp',
 'logdir': '/home/mingtha/repos/affinity_model/exp/model_confirm/rp.session.Ubuntu-1604-xenial-64-minimal.mingtha.017317.0002',
 'number': 0,
 'owner': 'rp.session.Ubuntu-1604-xenial-64-minimal.mingtha.017317.0002',
 'session_id': 'rp.session.Ubuntu-1604-xenial-64-minimal.mingtha.017317.0002'}
2017-05-31 03:28:44,062: update.0            : MainProcess                     : MainThread     : DEBUG   : START: update.0 register publisher log_pubsub
2017-05-31 03:28:44,062: update.0            : MainProcess                     : MainThread     : DEBUG   : using addr tcp://138.201.86.166:33991 for pubsub log_pubsub
2017-05-31 03:28:44,063: update.0            : MainProcess                     : MainThread     : DEBUG   : registered publisher : log_pubsub : log.pubsub.pub
2017-05-31 03:28:44,063: update.0            : MainProcess                     : MainThread     : DEBUG   : START: update.0 register publisher state_pubsub
2017-05-31 03:28:44,064: update.0            : MainProcess                     : MainThread     : DEBUG   : using addr tcp://138.201.86.166:34835 for pubsub state_pubsub
2017-05-31 03:28:44,065: update.0            : MainProcess                     : MainThread     : DEBUG   : registered publisher : state_pubsub : state.pubsub.pub
2017-05-31 03:28:44,065: update.0            : MainProcess                     : MainThread     : DEBUG   : START: update.0 register publisher control_pubsub
2017-05-31 03:28:44,065: update.0            : MainProcess                     : MainThread     : DEBUG   : using addr tcp://138.201.86.166:33905 for pubsub control_pubsub
2017-05-31 03:28:44,066: update.0            : MainProcess                     : MainThread     : DEBUG   : registered publisher : control_pubsub : control.pubsub.pub
2017-05-31 03:28:44,067: update.0            : MainProcess                     : MainThread     : DEBUG   : child process started
2017-05-31 03:36:45,133: update.0            : MainProcess                     : MainThread     : INFO    : radical.pilot        version: split-81-gf853cc9b@feature-bridges
2017-05-31 03:36:45,134: update.0            : MainProcess                     : MainThread     : DEBUG   : start process
2017-05-31 03:36:45,141: update.0            : update.0                        : MainThread     : INFO    : child (me) initializing
2017-05-31 03:36:45,142: update.0            : update.0                        : MainThread     : DEBUG   : start thread
2017-05-31 03:36:45,142: update.0            : update.0                        : update.0.child.watch: INFO    : child (me) initializing
2017-05-31 03:36:45,142: update.0            : update.0                        : update.0.child.watch: DEBUG   : ru_initialize_common (NOOP)
2017-05-31 03:36:45,142: update.0            : update.0                        : update.0.child.watch: DEBUG   : ru_initialize_child (NOOP)
2017-05-31 03:36:45,142: update.0            : update.0                        : update.0.child.watch: INFO    : send alive
2017-05-31 03:36:45,142: update.0            : update.0                        : update.0.child.watch: INFO    : send message: alive
2017-05-31 03:36:45,143: update.0            : update.0                        : MainThread     : INFO    : recv message: alive
2017-05-31 03:36:45,143: update.0            : update.0                        : MainThread     : DEBUG   : ru_initialize_common (NOOP)
2017-05-31 03:36:45,143: update.0            : update.0                        : MainThread     : DEBUG   : ru_initialize_parent (NOOP)
2017-05-31 03:36:45,143: update.0            : update.0                        : MainThread     : DEBUG   : child thread update.0.child.watch started
2017-05-31 03:36:45,143: update.0            : update.0                        : MainThread     : INFO    : child (me) is alive
2017-05-31 03:36:45,690: update.0            : update.0                        : MainThread     : INFO    : send alive
2017-05-31 03:36:45,690: update.0            : update.0                        : MainThread     : INFO    : send message: alive
2017-05-31 03:36:45,691: update.0            : MainProcess                     : MainThread     : INFO    : recv message: alive
2017-05-31 03:36:45,692: update.0            : MainProcess                     : MainThread     : DEBUG   : start thread
2017-05-31 03:36:45,692: update.0            : MainProcess                     : update.0.watch : INFO    : child (me) initializing
2017-05-31 03:36:45,692: update.0            : MainProcess                     : update.0.watch : DEBUG   : ru_initialize_common (NOOP)
2017-05-31 03:36:45,693: update.0            : MainProcess                     : update.0.watch : DEBUG   : ru_initialize_child (NOOP)
2017-05-31 03:36:45,693: update.0            : MainProcess                     : update.0.watch : INFO    : send alive
2017-05-31 03:36:45,693: update.0            : MainProcess                     : update.0.watch : INFO    : send message: alive
2017-05-31 03:36:45,694: update.0            : MainProcess                     : MainThread     : INFO    : recv message: alive
2017-05-31 03:36:45,694: update.0            : MainProcess                     : MainThread     : DEBUG   : ru_initialize_common (NOOP)
2017-05-31 03:36:45,694: update.0            : MainProcess                     : MainThread     : DEBUG   : ru_initialize_parent (NOOP)
2017-05-31 03:36:45,694: update.0            : MainProcess                     : MainThread     : DEBUG   : child thread update.0.watch started
2017-05-31 03:36:45,694: update.0            : MainProcess                     : MainThread     : INFO    : child is alive
2017-05-31 03:36:45,695: update.0            : MainProcess                     : MainThread     : INFO    : radical.pilot        version: split-81-gf853cc9b@feature-bridges
2017-05-31 03:36:45,707: update.0            : MainProcess                     : MainThread     : INFO    : initialize update.0
2017-05-31 03:36:45,711: update.0            : MainProcess                     : MainThread     : INFO    : cfg: {'agents': {},
 u'bridges': {u'control_pubsub': {'addr_in': 'tcp://138.201.86.166:33790',
                                  'addr_out': 'tcp://138.201.86.166:34962',
                                  u'bulk_size': 0,
                                  u'log_level': u'debug',
                                  u'stall_hwm': 1},
              u'log_pubsub': {'addr_in': 'tcp://138.201.86.166:43753',
                              'addr_out': 'tcp://138.201.86.166:46493',
                              u'bulk_size': 0,
                              u'log_level': u'debug',
                              u'stall_hwm': 1},
              u'state_pubsub': {'addr_in': 'tcp://138.201.86.166:39607',
                                'addr_out': 'tcp://138.201.86.166:45158',
                                u'bulk_size': 0,
                                u'log_level': u'debug',
                                u'stall_hwm': 1}},
 'cname': u'UpdateWorker',
 u'components': {},
 u'count': 1,
 'dburl': 'mongodb://mingtaiha:mingtaiha@ds053838.mlab.com:53838/hicomb',
 'debug': 'DEBUG',
 u'default_dburl': u'mongodb://rp:rp@ds015335.mlab.com:15335/rp',
 'logdir': '/home/mingtha/repos/affinity_model/exp/model_confirm/rp.session.Ubuntu-1604-xenial-64-minimal.mingtha.017317.0003',
 'number': 0,
 'owner': 'rp.session.Ubuntu-1604-xenial-64-minimal.mingtha.017317.0003',
 'session_id': 'rp.session.Ubuntu-1604-xenial-64-minimal.mingtha.017317.0003'}
2017-05-31 03:36:45,711: update.0            : MainProcess                     : MainThread     : DEBUG   : START: update.0 register publisher log_pubsub
2017-05-31 03:36:45,711: update.0            : MainProcess                     : MainThread     : DEBUG   : using addr tcp://138.201.86.166:43753 for pubsub log_pubsub
2017-05-31 03:36:45,713: update.0            : MainProcess                     : MainThread     : DEBUG   : registered publisher : log_pubsub : log.pubsub.pub
2017-05-31 03:36:45,713: update.0            : MainProcess                     : MainThread     : DEBUG   : START: update.0 register publisher state_pubsub
2017-05-31 03:36:45,713: update.0            : MainProcess                     : MainThread     : DEBUG   : using addr tcp://138.201.86.166:39607 for pubsub state_pubsub
2017-05-31 03:36:45,714: update.0            : MainProcess                     : MainThread     : DEBUG   : registered publisher : state_pubsub : state.pubsub.pub
2017-05-31 03:36:45,715: update.0            : MainProcess                     : MainThread     : DEBUG   : START: update.0 register publisher control_pubsub
2017-05-31 03:36:45,715: update.0            : MainProcess                     : MainThread     : DEBUG   : using addr tcp://138.201.86.166:33790 for pubsub control_pubsub
2017-05-31 03:36:45,716: update.0            : MainProcess                     : MainThread     : DEBUG   : registered publisher : control_pubsub : control.pubsub.pub
2017-05-31 03:36:45,716: update.0            : MainProcess                     : MainThread     : DEBUG   : child process started
2017-05-31 03:44:30,039: update.0            : MainProcess                     : MainThread     : INFO    : radical.pilot        version: split-81-gf853cc9b@feature-bridges
2017-05-31 03:44:30,039: update.0            : MainProcess                     : MainThread     : DEBUG   : start process
2017-05-31 03:44:30,048: update.0            : update.0                        : MainThread     : INFO    : child (me) initializing
2017-05-31 03:44:30,048: update.0            : update.0                        : MainThread     : DEBUG   : start thread
2017-05-31 03:44:30,048: update.0            : update.0                        : update.0.child.watch: INFO    : child (me) initializing
2017-05-31 03:44:30,049: update.0            : update.0                        : update.0.child.watch: DEBUG   : ru_initialize_common (NOOP)
2017-05-31 03:44:30,049: update.0            : update.0                        : update.0.child.watch: DEBUG   : ru_initialize_child (NOOP)
2017-05-31 03:44:30,049: update.0            : update.0                        : update.0.child.watch: INFO    : send alive
2017-05-31 03:44:30,049: update.0            : update.0                        : update.0.child.watch: INFO    : send message: alive
2017-05-31 03:44:30,050: update.0            : update.0                        : MainThread     : INFO    : recv message: alive
2017-05-31 03:44:30,050: update.0            : update.0                        : MainThread     : DEBUG   : ru_initialize_common (NOOP)
2017-05-31 03:44:30,050: update.0            : update.0                        : MainThread     : DEBUG   : ru_initialize_parent (NOOP)
2017-05-31 03:44:30,050: update.0            : update.0                        : MainThread     : DEBUG   : child thread update.0.child.watch started
2017-05-31 03:44:30,050: update.0            : update.0                        : MainThread     : INFO    : child (me) is alive
2017-05-31 03:44:30,614: update.0            : update.0                        : MainThread     : INFO    : send alive
2017-05-31 03:44:30,614: update.0            : update.0                        : MainThread     : INFO    : send message: alive
2017-05-31 03:44:30,615: update.0            : MainProcess                     : MainThread     : INFO    : recv message: alive
2017-05-31 03:44:30,616: update.0            : MainProcess                     : MainThread     : DEBUG   : start thread
2017-05-31 03:44:30,616: update.0            : MainProcess                     : update.0.watch : INFO    : child (me) initializing
2017-05-31 03:44:30,616: update.0            : MainProcess                     : update.0.watch : DEBUG   : ru_initialize_common (NOOP)
2017-05-31 03:44:30,616: update.0            : MainProcess                     : update.0.watch : DEBUG   : ru_initialize_child (NOOP)
2017-05-31 03:44:30,617: update.0            : MainProcess                     : update.0.watch : INFO    : send alive
2017-05-31 03:44:30,617: update.0            : MainProcess                     : update.0.watch : INFO    : send message: alive
2017-05-31 03:44:30,618: update.0            : MainProcess                     : MainThread     : INFO    : recv message: alive
2017-05-31 03:44:30,618: update.0            : MainProcess                     : MainThread     : DEBUG   : ru_initialize_common (NOOP)
2017-05-31 03:44:30,618: update.0            : MainProcess                     : MainThread     : DEBUG   : ru_initialize_parent (NOOP)
2017-05-31 03:44:30,619: update.0            : MainProcess                     : MainThread     : DEBUG   : child thread update.0.watch started
2017-05-31 03:44:30,619: update.0            : MainProcess                     : MainThread     : INFO    : child is alive
2017-05-31 03:44:30,619: update.0            : MainProcess                     : MainThread     : INFO    : radical.pilot        version: split-81-gf853cc9b@feature-bridges
2017-05-31 03:44:30,642: update.0            : MainProcess                     : MainThread     : INFO    : initialize update.0
2017-05-31 03:44:30,646: update.0            : MainProcess                     : MainThread     : INFO    : cfg: {'agents': {},
 u'bridges': {u'control_pubsub': {'addr_in': 'tcp://138.201.86.166:41596',
                                  'addr_out': 'tcp://138.201.86.166:36393',
                                  u'bulk_size': 0,
                                  u'log_level': u'debug',
                                  u'stall_hwm': 1},
              u'log_pubsub': {'addr_in': 'tcp://138.201.86.166:45550',
                              'addr_out': 'tcp://138.201.86.166:46436',
                              u'bulk_size': 0,
                              u'log_level': u'debug',
                              u'stall_hwm': 1},
              u'state_pubsub': {'addr_in': 'tcp://138.201.86.166:37202',
                                'addr_out': 'tcp://138.201.86.166:42202',
                                u'bulk_size': 0,
                                u'log_level': u'debug',
                                u'stall_hwm': 1}},
 'cname': u'UpdateWorker',
 u'components': {},
 u'count': 1,
 'dburl': 'mongodb://mingtaiha:mingtaiha@ds053838.mlab.com:53838/hicomb',
 'debug': 'DEBUG',
 u'default_dburl': u'mongodb://rp:rp@ds015335.mlab.com:15335/rp',
 'logdir': '/home/mingtha/repos/affinity_model/exp/model_confirm/rp.session.Ubuntu-1604-xenial-64-minimal.mingtha.017317.0004',
 'number': 0,
 'owner': 'rp.session.Ubuntu-1604-xenial-64-minimal.mingtha.017317.0004',
 'session_id': 'rp.session.Ubuntu-1604-xenial-64-minimal.mingtha.017317.0004'}
2017-05-31 03:44:30,646: update.0            : MainProcess                     : MainThread     : DEBUG   : START: update.0 register publisher log_pubsub
2017-05-31 03:44:30,646: update.0            : MainProcess                     : MainThread     : DEBUG   : using addr tcp://138.201.86.166:45550 for pubsub log_pubsub
2017-05-31 03:44:30,648: update.0            : MainProcess                     : MainThread     : DEBUG   : registered publisher : log_pubsub : log.pubsub.pub
2017-05-31 03:44:30,648: update.0            : MainProcess                     : MainThread     : DEBUG   : START: update.0 register publisher state_pubsub
2017-05-31 03:44:30,648: update.0            : MainProcess                     : MainThread     : DEBUG   : using addr tcp://138.201.86.166:37202 for pubsub state_pubsub
2017-05-31 03:44:30,649: update.0            : MainProcess                     : MainThread     : DEBUG   : registered publisher : state_pubsub : state.pubsub.pub
2017-05-31 03:44:30,650: update.0            : MainProcess                     : MainThread     : DEBUG   : START: update.0 register publisher control_pubsub
2017-05-31 03:44:30,650: update.0            : MainProcess                     : MainThread     : DEBUG   : using addr tcp://138.201.86.166:41596 for pubsub control_pubsub
2017-05-31 03:44:30,651: update.0            : MainProcess                     : MainThread     : DEBUG   : registered publisher : control_pubsub : control.pubsub.pub
2017-05-31 03:44:30,651: update.0            : MainProcess                     : MainThread     : DEBUG   : child process started
2017-05-31 03:44:47,499: update.0            : MainProcess                     : MainThread     : INFO    : radical.pilot        version: split-81-gf853cc9b@feature-bridges
2017-05-31 03:44:47,499: update.0            : MainProcess                     : MainThread     : DEBUG   : start process
2017-05-31 03:44:47,509: update.0            : update.0                        : MainThread     : INFO    : child (me) initializing
2017-05-31 03:44:47,510: update.0            : update.0                        : MainThread     : DEBUG   : start thread
2017-05-31 03:44:47,510: update.0            : update.0                        : update.0.child.watch: INFO    : child (me) initializing
2017-05-31 03:44:47,510: update.0            : update.0                        : update.0.child.watch: DEBUG   : ru_initialize_common (NOOP)
2017-05-31 03:44:47,510: update.0            : update.0                        : update.0.child.watch: DEBUG   : ru_initialize_child (NOOP)
2017-05-31 03:44:47,510: update.0            : update.0                        : update.0.child.watch: INFO    : send alive
2017-05-31 03:44:47,510: update.0            : update.0                        : update.0.child.watch: INFO    : send message: alive
2017-05-31 03:44:47,511: update.0            : update.0                        : MainThread     : INFO    : recv message: alive
2017-05-31 03:44:47,511: update.0            : update.0                        : MainThread     : DEBUG   : ru_initialize_common (NOOP)
2017-05-31 03:44:47,511: update.0            : update.0                        : MainThread     : DEBUG   : ru_initialize_parent (NOOP)
2017-05-31 03:44:47,511: update.0            : update.0                        : MainThread     : DEBUG   : child thread update.0.child.watch started
2017-05-31 03:44:47,511: update.0            : update.0                        : MainThread     : INFO    : child (me) is alive
2017-05-31 03:44:48,062: update.0            : update.0                        : MainThread     : INFO    : send alive
2017-05-31 03:44:48,062: update.0            : update.0                        : MainThread     : INFO    : send message: alive
2017-05-31 03:44:48,063: update.0            : MainProcess                     : MainThread     : INFO    : recv message: alive
2017-05-31 03:44:48,064: update.0            : MainProcess                     : MainThread     : DEBUG   : start thread
2017-05-31 03:44:48,064: update.0            : MainProcess                     : update.0.watch : INFO    : child (me) initializing
2017-05-31 03:44:48,064: update.0            : MainProcess                     : update.0.watch : DEBUG   : ru_initialize_common (NOOP)
2017-05-31 03:44:48,064: update.0            : MainProcess                     : update.0.watch : DEBUG   : ru_initialize_child (NOOP)
2017-05-31 03:44:48,065: update.0            : MainProcess                     : update.0.watch : INFO    : send alive
2017-05-31 03:44:48,065: update.0            : MainProcess                     : update.0.watch : INFO    : send message: alive
2017-05-31 03:44:48,066: update.0            : MainProcess                     : MainThread     : INFO    : recv message: alive
2017-05-31 03:44:48,066: update.0            : MainProcess                     : MainThread     : DEBUG   : ru_initialize_common (NOOP)
2017-05-31 03:44:48,066: update.0            : MainProcess                     : MainThread     : DEBUG   : ru_initialize_parent (NOOP)
2017-05-31 03:44:48,067: update.0            : MainProcess                     : MainThread     : DEBUG   : child thread update.0.watch started
2017-05-31 03:44:48,067: update.0            : MainProcess                     : MainThread     : INFO    : child is alive
2017-05-31 03:44:48,067: update.0            : MainProcess                     : MainThread     : INFO    : radical.pilot        version: split-81-gf853cc9b@feature-bridges
2017-05-31 03:44:48,079: update.0            : MainProcess                     : MainThread     : INFO    : initialize update.0
2017-05-31 03:44:48,083: update.0            : MainProcess                     : MainThread     : INFO    : cfg: {'agents': {},
 u'bridges': {u'control_pubsub': {'addr_in': 'tcp://138.201.86.166:45705',
                                  'addr_out': 'tcp://138.201.86.166:45564',
                                  u'bulk_size': 0,
                                  u'log_level': u'debug',
                                  u'stall_hwm': 1},
              u'log_pubsub': {'addr_in': 'tcp://138.201.86.166:46310',
                              'addr_out': 'tcp://138.201.86.166:42111',
                              u'bulk_size': 0,
                              u'log_level': u'debug',
                              u'stall_hwm': 1},
              u'state_pubsub': {'addr_in': 'tcp://138.201.86.166:43434',
                                'addr_out': 'tcp://138.201.86.166:34633',
                                u'bulk_size': 0,
                                u'log_level': u'debug',
                                u'stall_hwm': 1}},
 'cname': u'UpdateWorker',
 u'components': {},
 u'count': 1,
 'dburl': 'mongodb://mingtaiha:mingtaiha@ds053838.mlab.com:53838/hicomb',
 'debug': 'DEBUG',
 u'default_dburl': u'mongodb://rp:rp@ds015335.mlab.com:15335/rp',
 'logdir': '/home/mingtha/repos/affinity_model/exp/model_confirm/rp.session.Ubuntu-1604-xenial-64-minimal.mingtha.017317.0005',
 'number': 0,
 'owner': 'rp.session.Ubuntu-1604-xenial-64-minimal.mingtha.017317.0005',
 'session_id': 'rp.session.Ubuntu-1604-xenial-64-minimal.mingtha.017317.0005'}
2017-05-31 03:44:48,084: update.0            : MainProcess                     : MainThread     : DEBUG   : START: update.0 register publisher log_pubsub
2017-05-31 03:44:48,084: update.0            : MainProcess                     : MainThread     : DEBUG   : using addr tcp://138.201.86.166:46310 for pubsub log_pubsub
2017-05-31 03:44:48,085: update.0            : MainProcess                     : MainThread     : DEBUG   : registered publisher : log_pubsub : log.pubsub.pub
2017-05-31 03:44:48,085: update.0            : MainProcess                     : MainThread     : DEBUG   : START: update.0 register publisher state_pubsub
2017-05-31 03:44:48,085: update.0            : MainProcess                     : MainThread     : DEBUG   : using addr tcp://138.201.86.166:43434 for pubsub state_pubsub
2017-05-31 03:44:48,087: update.0            : MainProcess                     : MainThread     : DEBUG   : registered publisher : state_pubsub : state.pubsub.pub
2017-05-31 03:44:48,087: update.0            : MainProcess                     : MainThread     : DEBUG   : START: update.0 register publisher control_pubsub
2017-05-31 03:44:48,087: update.0            : MainProcess                     : MainThread     : DEBUG   : using addr tcp://138.201.86.166:45705 for pubsub control_pubsub
2017-05-31 03:44:48,088: update.0            : MainProcess                     : MainThread     : DEBUG   : registered publisher : control_pubsub : control.pubsub.pub
2017-05-31 03:44:48,089: update.0            : MainProcess                     : MainThread     : DEBUG   : child process started
2017-05-31 03:44:50,564: update.0            : update.0                        : MainThread     : INFO    : send message: terminating
2017-05-31 03:44:50,564: update.0            : update.0                        : MainThread     : INFO    : send message: terminating
2017-05-31 03:44:50,564: update.0            : update.0                        : MainThread     : INFO    : send message: terminating
2017-05-31 03:44:50,564: update.0            : update.0                        : MainThread     : INFO    : send message: terminating
2017-05-31 03:44:50,570: update.0            : update.0                        : MainThread     : INFO    : send message: terminating
2017-05-31 03:44:50,570: update.0            : update.0                        : MainThread     : ERROR   : term msg error not sent: error(32, 'Broken pipe')
Traceback (most recent call last):
  File "/home/mingtha/ve/ve.rp_add_res_cfg/local/lib/python2.7/site-packages/radical/utils/process.py", line 578, in _run
    self._ru_msg_send('terminating')
  File "/home/mingtha/ve/ve.rp_add_res_cfg/local/lib/python2.7/site-packages/radical/utils/process.py", line 163, in _ru_msg_send
    self._ru_endpoint.send(msg)
error: [Errno 32] Broken pipe
2017-05-31 03:44:50,589: update.0            : update.0                        : update.0.child.watch: INFO    : send message: work finished
2017-05-31 03:44:50,589: update.0            : update.0                        : update.0.child.watch: DEBUG   : ru_finalize_child (NOOP)
2017-05-31 03:44:50,589: update.0            : update.0                        : update.0.child.watch: DEBUG   : ru_finalize_common (NOOP)
2017-05-31 03:44:50,589: update.0            : update.0                        : update.0.child.watch: INFO    : send message: terminating
2017-05-31 03:44:50,594: update.0            : update.0                        : update.0.child.watch: INFO    : send message: work finished
2017-05-31 03:44:50,595: update.0            : update.0                        : update.0.child.watch: DEBUG   : ru_finalize_child (NOOP)
2017-05-31 03:44:50,595: update.0            : update.0                        : update.0.child.watch: DEBUG   : ru_finalize_common (NOOP)
2017-05-31 03:44:50,595: update.0            : update.0                        : update.0.child.watch: INFO    : send message: terminating
2017-05-31 03:44:50,617: update.0            : update.0                        : update.0.child.watch: INFO    : send message: work finished
2017-05-31 03:44:50,618: update.0            : update.0                        : update.0.child.watch: DEBUG   : ru_finalize_child (NOOP)
2017-05-31 03:44:50,618: update.0            : update.0                        : update.0.child.watch: DEBUG   : ru_finalize_common (NOOP)
2017-05-31 03:44:50,618: update.0            : update.0                        : update.0.child.watch: INFO    : send message: terminating
2017-05-31 03:44:50,618: update.0            : update.0                        : update.0.child.watch: INFO    : send message: work finished
2017-05-31 03:44:50,619: update.0            : update.0                        : update.0.child.watch: DEBUG   : ru_finalize_child (NOOP)
2017-05-31 03:44:50,619: update.0            : update.0                        : update.0.child.watch: DEBUG   : ru_finalize_common (NOOP)
2017-05-31 03:44:50,619: update.0            : update.0                        : update.0.child.watch: INFO    : send message: terminating
2017-05-31 03:44:50,627: update.0            : update.0                        : MainThread     : INFO    : send message: terminating
2017-05-31 03:44:50,663: update.0            : update.0                        : update.0.child.watch: INFO    : send message: work finished
2017-05-31 03:44:50,663: update.0            : update.0                        : update.0.child.watch: INFO    : send message: work finished
2017-05-31 03:44:50,663: update.0            : update.0                        : update.0.child.watch: DEBUG   : ru_finalize_child (NOOP)
2017-05-31 03:44:50,663: update.0            : update.0                        : update.0.child.watch: DEBUG   : ru_finalize_common (NOOP)
2017-05-31 03:44:50,663: update.0            : update.0                        : update.0.child.watch: DEBUG   : ru_finalize_child (NOOP)
2017-05-31 03:44:50,664: update.0            : update.0                        : update.0.child.watch: DEBUG   : ru_finalize_common (NOOP)
2017-05-31 03:44:50,664: update.0            : update.0                        : update.0.child.watch: INFO    : send message: terminating
2017-05-31 03:44:50,664: update.0            : update.0                        : update.0.child.watch: INFO    : send message: terminating
