2017-10-13 10:59:48,130: log.pubsub.pub.0001 : agent.scheduling.0              : MainThread     : INFO    : python.interpreter   version: 2.7.10 (default, Feb 1 2016, 14:30:50) [GCC 4.9.2]
2017-10-13 10:59:48,130: log.pubsub.pub.0001 : agent.scheduling.0              : MainThread     : INFO    :                      pid: 5880
2017-10-13 10:59:48,131: log.pubsub.pub.0001 : agent.scheduling.0              : MainThread     : INFO    :                      tid: MainThread
2017-10-13 10:59:48,131: log.pubsub.pub.0001 : agent.scheduling.0              : MainThread     : INFO    : radical.pilot        version: 0.47-v0.46.2-133-g78e0b005@rc-v0.46.3
2017-10-13 10:59:48,131: log.pubsub.pub.0001 : agent.scheduling.0              : MainThread     : INFO    : create log_pubsub - pub - tcp://198.202.114.249:44417
2017-10-13 10:59:48,131: log.pubsub.pub.0001 : agent.scheduling.0              : MainThread     : DEBUG   : start process
2017-10-13 10:59:48,131: log.pubsub.pub.0001 : agent.scheduling.0              : MainThread     : DEBUG   : ru_initialize_common (NOOP)
2017-10-13 10:59:48,131: log.pubsub.pub.0001 : agent.scheduling.0              : MainThread     : DEBUG   : ru_initialize_parent (NOOP)
2017-10-13 10:59:48,131: log.pubsub.pub.0001 : agent.scheduling.0              : MainThread     : DEBUG   : process class started (no child)
2017-10-13 10:59:48,175: log.pubsub.pub.0001 : MainProcess                     : MainThread     : INFO    : python.interpreter   version: 2.7.10 (default, Feb 1 2016, 14:30:50) [GCC 4.9.2]
2017-10-13 10:59:48,175: log.pubsub.pub.0001 : MainProcess                     : MainThread     : INFO    :                      pid: 5669
2017-10-13 10:59:48,175: log.pubsub.pub.0001 : MainProcess                     : MainThread     : INFO    :                      tid: MainThread
2017-10-13 10:59:48,175: log.pubsub.pub.0001 : MainProcess                     : MainThread     : INFO    : radical.pilot        version: 0.47-v0.46.2-133-g78e0b005@rc-v0.46.3
2017-10-13 10:59:48,176: log.pubsub.pub.0001 : MainProcess                     : MainThread     : INFO    : create log_pubsub - pub - tcp://198.202.114.249:44417
2017-10-13 10:59:48,176: log.pubsub.pub.0001 : MainProcess                     : MainThread     : DEBUG   : start process
2017-10-13 10:59:48,176: log.pubsub.pub.0001 : MainProcess                     : MainThread     : DEBUG   : ru_initialize_common (NOOP)
2017-10-13 10:59:48,176: log.pubsub.pub.0001 : MainProcess                     : MainThread     : DEBUG   : ru_initialize_parent (NOOP)
2017-10-13 10:59:48,176: log.pubsub.pub.0001 : MainProcess                     : MainThread     : DEBUG   : process class started (no child)
2017-10-13 12:59:47,484: log.pubsub.pub.0001 : MainProcess                     : agent_0.idler._agent_command_cb: INFO    : parent stops child  5669 -> None [log.pubsub.pub.0001]
2017-10-13 12:59:47,484: log.pubsub.pub.0001 : MainProcess                     : agent_0.idler._agent_command_cb: DEBUG   : ru_finalize_parent (NOOP)
2017-10-13 12:59:48,520: log.pubsub.pub.0001 : agent.scheduling.0              : MainThread     : INFO    : parent stops child  5880 -> None [log.pubsub.pub.0001]
2017-10-13 12:59:48,528: log.pubsub.pub.0001 : agent.scheduling.0              : MainThread     : DEBUG   : ru_finalize_parent (NOOP)
