000 (9904985.000.000) 10/27 13:38:40 Job submitted from host: <129.79.53.198:9615?addrs=129.79.53.198-9615+[fd2f-6feb-37--1f]-9615&noUDP&sock=930205_24f3_5>
...
001 (9904985.000.000) 10/27 15:09:35 Job executing on host: <10.1.255.251:60930?CCBID=129.79.53.179:9864%3faddrs%3d129.79.53.179-9864+[fd2f-6feb-37--1d]-9864#2229650&addrs=10.1.255.251-60930+[--1]-60930&noUDP>
...
006 (9904985.000.000) 10/27 15:09:44 Image size of job updated: 1
	3  -  MemoryUsage of job (MB)
	2508  -  ResidentSetSize of job (KB)
...
006 (9904985.000.000) 10/27 15:14:45 Image size of job updated: 86720
	23  -  MemoryUsage of job (MB)
	23228  -  ResidentSetSize of job (KB)
...
006 (9904985.000.000) 10/27 15:29:46 Image size of job updated: 88048
	23  -  MemoryUsage of job (MB)
	23228  -  ResidentSetSize of job (KB)
...
005 (9904985.000.000) 10/27 15:55:15 Job terminated.
	(1) Normal termination (return value 0)
		Usr 0 00:45:29, Sys 0 00:00:00  -  Run Remote Usage
		Usr 0 00:00:00, Sys 0 00:00:00  -  Run Local Usage
		Usr 0 00:45:29, Sys 0 00:00:00  -  Total Remote Usage
		Usr 0 00:00:00, Sys 0 00:00:00  -  Total Local Usage
	28461  -  Run Bytes Sent By Job
	816753  -  Run Bytes Received By Job
	28461  -  Total Bytes Sent By Job
	816753  -  Total Bytes Received By Job
	Partitionable Resources :    Usage  Request Allocated
	   Cpus                 :                 1         1
	   Disk (KB)            :     3015     1000  71188460
	   Memory (MB)          :       23     1800      2048
...
