2017-04-09 02:10:08,512: update.0.child      : update.0                        : update.0.child.subscriber: ERROR   : bulk exec error: {'nModified': 0, 'nUpserted': 0, 'nMatched': 0, 'writeErrors': [{u'index': 0, u'code': 12501, u'errmsg': u'quota exceeded', u'op': SON([('q', {'type': 'pilot', 'uid': 'pilot.0000'}), ('u', {'$set': {'control': 'pmgr', 'resource_details': None, 'resource': 'xsede.supermic', 'uid': 'pilot.0000', 'pmgr': 'pmgr.0000', 'stdout': None, 'cfg': {'agent_layout': {'agent_1': {'target': 'local', 'components': {'AgentExecutingComponent': 1, 'AgentSchedulingComponent': 1, 'AgentStagingInputComponent': 1, 'AgentStagingOutputComponent': 1}}}, 'export_to_cu': None, 'spawner': 'POPEN', 'cu_pre_exec': None, 'owner': 'agent_0', 'bridges': {'state_pubsub': {'bulk_size': 0, 'stall_hwm': 1, 'log_level': 'debug'}, 'agent_unschedule_pubsub': {'bulk_size': 0, 'stall_hwm': 1, 'log_level': 'debug'}, 'log_pubsub': {'bulk_size': 0, 'stall_hwm': 1, 'log_level': 'debug'}, 'agent_staging_output_queue': {'bulk_size': 0, 'stall_hwm': 1, 'log_level': 'debug'}, 'agent_scheduling_queue': {'bulk_size': 0, 'stall_hwm': 1, 'log_level': 'debug'}, 'control_pubsub': {'bulk_size': 0, 'stall_hwm': 1, 'log_level': 'debug'}, 'agent_executing_queue': {'bulk_size': 0, 'stall_hwm': 1, 'log_level': 'debug'}, 'agent_reschedule_pubsub': {'bulk_size': 0, 'stall_hwm': 1, 'log_level': 'debug'}, 'agent_staging_input_queue': {'bulk_size': 0, 'stall_hwm': 1, 'log_level': 'debug'}}, 'logdir': '.', 'task_launch_method': 'SSH', 'pilot_sandbox': '/work/mha/radical.pilot.sandbox/rp.session.Ubuntu-1604-xenial-64-minimal.mingtha.017265.0000/pilot.0000/', 'cu_post_exec': None, 'components': {'UpdateWorker': 1}, 'cores_per_node': 20, 'agent_launch_method': 'SSH', 'bulk_collection_time': 5.0, 'heartbeat_interval': 100, 'mpi_launch_method': 'MPIEXEC', 'scheduler': 'CONTINUOUS', 'session_sandbox': '/work/mha/radical.pilot.sandbox/rp.session.Ubuntu-1604-xenial-64-minimal.mingtha.017265.0000', 'lrms': 'TORQUE', 'pilot_id': 'pilot.0000', 'global_sandbox': '/work/mha/radical.pilot.sandbox', 'dburl': 'mongodb://mingtaiha:mingtaiha@ds053838.mlab.com:53838/hicomb', 'staging_area': 'staging_area', 'bulk_collection_size': 100, 'staging_schema': 'staging', 'session_id': 'rp.session.Ubuntu-1604-xenial-64-minimal.mingtha.017265.0000', 'heartbeat_timeout': 3000, 'cname': 'PMGRLaunchingComponent', 'max_io_loglength': 1024, 'debug': 35, 'cores': 1040, 'runtime': 60, 'db_poll_sleeptime': 1.0, 'resource_cfg': {'agent_scheduler': 'CONTINUOUS', 'default_remote_workdir': '/work/$USER', 'rp_version': 'local', 'pre_bootstrap_1': ['module load python'], 'python_dist': 'default', 'cores_per_node': '20', 'agent_spawner': 'POPEN', 'job_manager_endpoint': 'torque+gsissh://supermic.cct-lsu.xsede.org:2222/', 'schemas': ['gsissh', 'ssh'], 'filesystem_endpoint': 'gsisftp://supermic.cct-lsu.xsede.org:2222/', 'label': 'xsede.supermic', 'gsissh': {'filesystem_endpoint': 'gsisftp://supermic.cct-lsu.xsede.org:2222/', 'job_manager_endpoint': 'torque+gsissh://supermic.cct-lsu.xsede.org:2222/'}, 'valid_roots': ['/work'], 'task_launch_method': 'SSH', 'virtenv_mode': 'create', 'description': "SuperMIC (pronounced 'Super Mick') is Louisiana State University's (LSU) newest supercomputer funded by the National Science Foundation's (NSF) Major Research Instrumentation (MRI) award to the Center for Computation & Technology. (https://portal.xsede.org/lsu-supermic)", 'default_queue': 'workq', 'virtenv': '%(global_sandbox)s/ve_supermic', 'agent_launch_method': 'SSH', 'mpi_launch_method': 'MPIEXEC', 'ssh': {'filesystem_endpoint': 'sftp://supermic.cct-lsu.xsede.org/', 'job_manager_endpoint': 'torque+ssh://supermic.cct-lsu.xsede.org/'}, 'lrms': 'TORQUE', 'notes': 'Partially allocated through XSEDE. Primary access through GSISSH. Allows SSH key authentication too.'}}, 'description': {'queue': 'workq', 'resource': 'xsede.supermic', 'exit_on_error': False, 'candidate_hosts': None, 'project': 'TG-MCB090174', 'sandbox': None, 'cleanup': None, 'access_schema': 'gsissh', 'memory': None, 'cores': 1024, 'runtime': 60}, 'cmd': [], 'state': 'FAILED', 'sandbox': 'gsisftp://supermic.cct-lsu.xsede.org:2222/work/mha/radical.pilot.sandbox/rp.session.Ubuntu-1604-xenial-64-minimal.mingtha.017265.0000/pilot.0000/', 'session': 'rp.session.Ubuntu-1604-xenial-64-minimal.mingtha.017265.0000', 'stderr': None, 'type': 'pilot', 'log': None}, '$push': {'states': 'FAILED'}}), ('multi', True), ('upsert', False)])}], 'upserted': [], 'writeConcernErrors': [], 'nRemoved': 0, 'nInserted': 0}
Traceback (most recent call last):
  File "/home/mingtha/ve/ve.exec_model_exp/local/lib/python2.7/site-packages/radical/pilot/worker/update.py", line 97, in _timed_bulk_execute
    res = self._bulk.execute()
  File "/home/mingtha/ve/ve.exec_model_exp/local/lib/python2.7/site-packages/pymongo/bulk.py", line 587, in execute
    return self.__bulk.execute(write_concern)
  File "/home/mingtha/ve/ve.exec_model_exp/local/lib/python2.7/site-packages/pymongo/bulk.py", line 433, in execute
    return self.execute_command(generator, write_concern)
  File "/home/mingtha/ve/ve.exec_model_exp/local/lib/python2.7/site-packages/pymongo/bulk.py", line 300, in execute_command
    raise BulkWriteError(full_result)
BulkWriteError: batch op errors occurred
2017-04-09 02:10:08,512: update.0.child      : update.0                        : update.0.child.subscriber: ERROR   : subscriber failed update.0.child.subscriber
Traceback (most recent call last):
  File "/home/mingtha/ve/ve.exec_model_exp/local/lib/python2.7/site-packages/radical/pilot/utils/component.py", line 1199, in _subscriber
    callback(topic=topic, msg=m)
  File "/home/mingtha/ve/ve.exec_model_exp/local/lib/python2.7/site-packages/radical/pilot/worker/update.py", line 250, in _state_cb
    self._timed_bulk_execute()
  File "/home/mingtha/ve/ve.exec_model_exp/local/lib/python2.7/site-packages/radical/pilot/worker/update.py", line 97, in _timed_bulk_execute
    res = self._bulk.execute()
  File "/home/mingtha/ve/ve.exec_model_exp/local/lib/python2.7/site-packages/pymongo/bulk.py", line 587, in execute
    return self.__bulk.execute(write_concern)
  File "/home/mingtha/ve/ve.exec_model_exp/local/lib/python2.7/site-packages/pymongo/bulk.py", line 433, in execute
    return self.execute_command(generator, write_concern)
  File "/home/mingtha/ve/ve.exec_model_exp/local/lib/python2.7/site-packages/pymongo/bulk.py", line 300, in execute_command
    raise BulkWriteError(full_result)
BulkWriteError: batch op errors occurred
2017-04-09 02:10:09,547: update.0.child      : update.0                        : MainThread     : ERROR   : TERM : update.0.child run exit
2017-04-09 02:10:09,547: update.0.child      : update.0                        : MainThread     : ERROR   : TERM : update.0.child run final
