000 (9589459.000.000) 09/18 00:03:54 Job submitted from host: <129.79.53.198:9615?addrs=129.79.53.198-9615&noUDP&sock=93448_51d1>
...
001 (9589459.000.000) 09/18 00:09:15 Job executing on host: <130.199.152.151:52681?CCBID=129.79.53.179:9615%3faddrs%3d129.79.53.179-9615+[fd2f-6feb-37--1d]-9615%26noUDP%26sock%3d7668_7f37#184875&addrs=130.199.152.151-52681&noUDP>
...
006 (9589459.000.000) 09/18 00:09:24 Image size of job updated: 1
	3  -  MemoryUsage of job (MB)
	2488  -  ResidentSetSize of job (KB)
...
006 (9589459.000.000) 09/18 00:14:24 Image size of job updated: 86624
	23  -  MemoryUsage of job (MB)
	23356  -  ResidentSetSize of job (KB)
...
006 (9589459.000.000) 09/18 00:24:25 Image size of job updated: 86624
	23  -  MemoryUsage of job (MB)
	23360  -  ResidentSetSize of job (KB)
...
006 (9589459.000.000) 09/18 00:29:25 Image size of job updated: 87956
	24  -  MemoryUsage of job (MB)
	24572  -  ResidentSetSize of job (KB)
...
006 (9589459.000.000) 09/18 00:44:27 Image size of job updated: 87956
	25  -  MemoryUsage of job (MB)
	24776  -  ResidentSetSize of job (KB)
...
005 (9589459.000.000) 09/18 03:17:51 Job terminated.
	(1) Normal termination (return value 0)
		Usr 0 03:07:26, Sys 0 00:00:04  -  Run Remote Usage
		Usr 0 00:00:00, Sys 0 00:00:00  -  Run Local Usage
		Usr 0 03:07:26, Sys 0 00:00:04  -  Total Remote Usage
		Usr 0 00:00:00, Sys 0 00:00:00  -  Total Local Usage
	38225  -  Run Bytes Sent By Job
	816757  -  Run Bytes Received By Job
	38225  -  Total Bytes Sent By Job
	816757  -  Total Bytes Received By Job
	Partitionable Resources :    Usage  Request  Allocated
	   Cpus                 :                 1          1
	   Disk (KB)            :     3024     1000 3577702632
	   Memory (MB)          :       25     1800       3000
...
