000 (9894881.000.000) 10/26 23:42:28 Job submitted from host: <129.79.53.198:9615?addrs=129.79.53.198-9615+[fd2f-6feb-37--1f]-9615&noUDP&sock=930205_24f3_5>
...
001 (9894881.000.000) 10/27 02:39:44 Job executing on host: <72.36.96.209:4241?CCBID=129.79.53.179:9755%3faddrs%3d129.79.53.179-9755+[fd2f-6feb-37--1d]-9755#1703793&addrs=72.36.96.209-4241+[--1]-4241&noUDP>
...
006 (9894881.000.000) 10/27 02:39:52 Image size of job updated: 1
	3  -  MemoryUsage of job (MB)
	2524  -  ResidentSetSize of job (KB)
...
006 (9894881.000.000) 10/27 02:44:53 Image size of job updated: 101224
	22  -  MemoryUsage of job (MB)
	22120  -  ResidentSetSize of job (KB)
...
006 (9894881.000.000) 10/27 02:49:53 Image size of job updated: 101224
	22  -  MemoryUsage of job (MB)
	22128  -  ResidentSetSize of job (KB)
...
006 (9894881.000.000) 10/27 02:54:54 Image size of job updated: 101224
	22  -  MemoryUsage of job (MB)
	22272  -  ResidentSetSize of job (KB)
...
006 (9894881.000.000) 10/27 02:59:55 Image size of job updated: 102552
	23  -  MemoryUsage of job (MB)
	23332  -  ResidentSetSize of job (KB)
...
006 (9894881.000.000) 10/27 03:04:55 Image size of job updated: 102552
	23  -  MemoryUsage of job (MB)
	23336  -  ResidentSetSize of job (KB)
...
006 (9894881.000.000) 10/27 03:09:55 Image size of job updated: 102552
	23  -  MemoryUsage of job (MB)
	23340  -  ResidentSetSize of job (KB)
...
006 (9894881.000.000) 10/27 03:14:56 Image size of job updated: 102552
	24  -  MemoryUsage of job (MB)
	23652  -  ResidentSetSize of job (KB)
...
006 (9894881.000.000) 10/27 03:24:56 Image size of job updated: 102552
	24  -  MemoryUsage of job (MB)
	23792  -  ResidentSetSize of job (KB)
...
005 (9894881.000.000) 10/27 04:15:05 Job terminated.
	(1) Normal termination (return value 0)
		Usr 0 01:35:11, Sys 0 00:00:01  -  Run Remote Usage
		Usr 0 00:00:00, Sys 0 00:00:00  -  Run Local Usage
		Usr 0 01:35:11, Sys 0 00:00:01  -  Total Remote Usage
		Usr 0 00:00:00, Sys 0 00:00:00  -  Total Local Usage
	34972  -  Run Bytes Sent By Job
	816753  -  Run Bytes Received By Job
	34972  -  Total Bytes Sent By Job
	816753  -  Total Bytes Received By Job
	Partitionable Resources :    Usage  Request Allocated
	   Cpus                 :                 1         1
	   Disk (KB)            :     3022     1000 641270244
	   Memory (MB)          :       24     1800      1920
...
