000 (9900218.000.000) 10/27 07:14:31 Job submitted from host: <129.79.53.198:9615?addrs=129.79.53.198-9615+[fd2f-6feb-37--1f]-9615&noUDP&sock=930205_24f3_5>
...
001 (9900218.000.000) 10/27 08:36:13 Job executing on host: <10.32.86.93:54208?CCBID=129.79.53.179:9714%3faddrs%3d129.79.53.179-9714+[fd2f-6feb-37--1d]-9714#1919292&addrs=10.32.86.93-54208&noUDP>
...
006 (9900218.000.000) 10/27 08:36:21 Image size of job updated: 101148
	21  -  MemoryUsage of job (MB)
	20808  -  ResidentSetSize of job (KB)
...
006 (9900218.000.000) 10/27 08:41:21 Image size of job updated: 101148
	21  -  MemoryUsage of job (MB)
	20864  -  ResidentSetSize of job (KB)
...
006 (9900218.000.000) 10/27 08:51:23 Image size of job updated: 101148
	21  -  MemoryUsage of job (MB)
	20884  -  ResidentSetSize of job (KB)
...
006 (9900218.000.000) 10/27 08:56:23 Image size of job updated: 102576
	22  -  MemoryUsage of job (MB)
	22044  -  ResidentSetSize of job (KB)
...
006 (9900218.000.000) 10/27 09:01:25 Image size of job updated: 102576
	22  -  MemoryUsage of job (MB)
	22048  -  ResidentSetSize of job (KB)
...
005 (9900218.000.000) 10/27 09:56:44 Job terminated.
	(1) Normal termination (return value 0)
		Usr 0 01:19:52, Sys 0 00:00:02  -  Run Remote Usage
		Usr 0 00:00:00, Sys 0 00:00:00  -  Run Local Usage
		Usr 0 01:19:52, Sys 0 00:00:02  -  Total Remote Usage
		Usr 0 00:00:00, Sys 0 00:00:00  -  Total Local Usage
	31850  -  Run Bytes Sent By Job
	816753  -  Run Bytes Received By Job
	31850  -  Total Bytes Sent By Job
	816753  -  Total Bytes Received By Job
	Partitionable Resources :    Usage  Request Allocated
	   Cpus                 :                 1         1
	   Disk (KB)            :     3020     1000   3370071
	   Memory (MB)          :       22     1800      1800
...
