2017-10-25 21:49:27,566: umgr.staging.output.0.child: umgr.staging.output.0           : MainThread     : INFO    : python.interpreter   version: 2.7.12 (default, Nov 19 2016, 06:48:10) [GCC 5.4.0 20160609]
2017-10-25 21:49:27,566: umgr.staging.output.0.child: umgr.staging.output.0           : MainThread     : INFO    :                      pid: 19159
2017-10-25 21:49:27,566: umgr.staging.output.0.child: umgr.staging.output.0           : MainThread     : INFO    :                      tid: MainThread
2017-10-25 21:49:27,566: umgr.staging.output.0.child: umgr.staging.output.0           : MainThread     : INFO    : radical.pilot        version: 0.47-v0.46.2-133-g78e0b005@rc-v0.46.3
2017-10-25 21:49:27,624: umgr.staging.output.0.child: umgr.staging.output.0           : MainThread     : INFO    : initialize umgr.staging.output.0.child
2017-10-25 21:49:27,626: umgr.staging.output.0.child: umgr.staging.output.0           : MainThread     : INFO    : cfg: {'agents': {},
 u'bridges': {u'control_pubsub': {'addr_in': 'tcp://138.201.86.166:35096',
                                  'addr_out': 'tcp://138.201.86.166:41648',
                                  u'bulk_size': 0,
                                  u'log_level': u'debug',
                                  u'stall_hwm': 1},
              u'log_pubsub': {'addr_in': 'tcp://138.201.86.166:35701',
                              'addr_out': 'tcp://138.201.86.166:43798',
                              u'bulk_size': 0,
                              u'log_level': u'debug',
                              u'stall_hwm': 1},
              u'state_pubsub': {'addr_in': 'tcp://138.201.86.166:41971',
                                'addr_out': 'tcp://138.201.86.166:41993',
                                u'bulk_size': 0,
                                u'log_level': u'debug',
                                u'stall_hwm': 1},
              u'umgr_reschedule_pubsub': {'addr_in': 'tcp://138.201.86.166:43733',
                                          'addr_out': 'tcp://138.201.86.166:37851',
                                          u'bulk_size': 0,
                                          u'log_level': u'debug',
                                          u'stall_hwm': 1},
              u'umgr_scheduling_queue': {'addr_in': 'tcp://138.201.86.166:34153',
                                         'addr_out': 'tcp://138.201.86.166:44104',
                                         u'bulk_size': 0,
                                         u'log_level': u'debug',
                                         u'stall_hwm': 1},
              u'umgr_staging_input_queue': {'addr_in': 'tcp://138.201.86.166:39879',
                                            'addr_out': 'tcp://138.201.86.166:37515',
                                            u'bulk_size': 0,
                                            u'log_level': u'debug',
                                            u'stall_hwm': 1},
              u'umgr_staging_output_queue': {'addr_in': 'tcp://138.201.86.166:39978',
                                             'addr_out': 'tcp://138.201.86.166:46106',
                                             u'bulk_size': 0,
                                             u'log_level': u'debug',
                                             u'stall_hwm': 1},
              u'umgr_unschedule_pubsub': {'addr_in': 'tcp://138.201.86.166:44763',
                                          'addr_out': 'tcp://138.201.86.166:43606',
                                          u'bulk_size': 0,
                                          u'log_level': u'debug',
                                          u'stall_hwm': 1}},
 u'bulk_collection_size': 100,
 u'bulk_collection_time': 1.0,
 'cname': u'UMGRStagingOutputComponent',
 u'components': {},
 u'count': 1,
 u'db_poll_sleeptime': 1.0,
 'number': 0,
 'owner': 'umgr.0000',
 u'scheduler': u'round_robin',
 'uid': 'umgr.0000'}
2017-10-25 21:49:27,626: umgr.staging.output.0.child: umgr.staging.output.0           : MainThread     : DEBUG   : start components: {}
2017-10-25 21:49:27,626: umgr.staging.output.0.child: umgr.staging.output.0           : MainThread     : DEBUG   : alive check in term
2017-10-25 21:49:27,626: umgr.staging.output.0.child: umgr.staging.output.0           : MainThread     : DEBUG   : START: umgr.staging.output.0.child register publisher log_pubsub
2017-10-25 21:49:27,627: umgr.staging.output.0.child: umgr.staging.output.0           : MainThread     : DEBUG   : using addr tcp://138.201.86.166:35701 for pubsub log_pubsub
2017-10-25 21:49:27,663: umgr.staging.output.0.child: umgr.staging.output.0           : MainThread     : DEBUG   : registered publisher : log_pubsub : log.pubsub.pub.0004
2017-10-25 21:49:27,663: umgr.staging.output.0.child: umgr.staging.output.0           : MainThread     : DEBUG   : alive check in term
2017-10-25 21:49:27,663: umgr.staging.output.0.child: umgr.staging.output.0           : MainThread     : DEBUG   : START: umgr.staging.output.0.child register publisher state_pubsub
2017-10-25 21:49:27,663: umgr.staging.output.0.child: umgr.staging.output.0           : MainThread     : DEBUG   : using addr tcp://138.201.86.166:41971 for pubsub state_pubsub
2017-10-25 21:49:27,664: umgr.staging.output.0.child: umgr.staging.output.0           : MainThread     : DEBUG   : registered publisher : state_pubsub : state.pubsub.pub.0004
2017-10-25 21:49:27,664: umgr.staging.output.0.child: umgr.staging.output.0           : MainThread     : DEBUG   : alive check in term
2017-10-25 21:49:27,664: umgr.staging.output.0.child: umgr.staging.output.0           : MainThread     : DEBUG   : START: umgr.staging.output.0.child register publisher control_pubsub
2017-10-25 21:49:27,664: umgr.staging.output.0.child: umgr.staging.output.0           : MainThread     : DEBUG   : using addr tcp://138.201.86.166:35096 for pubsub control_pubsub
2017-10-25 21:49:27,665: umgr.staging.output.0.child: umgr.staging.output.0           : MainThread     : DEBUG   : registered publisher : control_pubsub : control.pubsub.pub.0004
2017-10-25 21:49:27,665: umgr.staging.output.0.child: umgr.staging.output.0           : MainThread     : DEBUG   : alive check in term
2017-10-25 21:49:27,665: umgr.staging.output.0.child: umgr.staging.output.0           : MainThread     : DEBUG   : START: umgr.staging.output.0.child register subscriber umgr.staging.output.0.child.subscriber._cancel_monitor_cb
2017-10-25 21:49:27,665: umgr.staging.output.0.child: umgr.staging.output.0           : MainThread     : DEBUG   : using addr tcp://138.201.86.166:41648 for pubsub control_pubsub
2017-10-25 21:49:27,666: umgr.staging.output.0.child: umgr.staging.output.0           : MainThread     : DEBUG   : parent name: umgr.staging.output.0.child.subscriber._cancel_monitor_cb
2017-10-25 21:49:27,666: umgr.staging.output.0.child: umgr.staging.output.0           : MainThread     : DEBUG   : start thread
2017-10-25 21:49:27,666: umgr.staging.output.0.child: umgr.staging.output.0           : umgr.staging.output.0.child.subscriber._cancel_monitor_cb: DEBUG   : child name: umgr.staging.output.0.child.subscriber._cancel_monitor_cb.thread
2017-10-25 21:49:27,666: umgr.staging.output.0.child: umgr.staging.output.0           : umgr.staging.output.0.child.subscriber._cancel_monitor_cb: INFO    : child (me) initializing
2017-10-25 21:49:27,666: umgr.staging.output.0.child: umgr.staging.output.0           : umgr.staging.output.0.child.subscriber._cancel_monitor_cb: DEBUG   : ru_initialize_common (NOOP)
2017-10-25 21:49:27,666: umgr.staging.output.0.child: umgr.staging.output.0           : umgr.staging.output.0.child.subscriber._cancel_monitor_cb: DEBUG   : ru_initialize_child (NOOP)
2017-10-25 21:49:27,666: umgr.staging.output.0.child: umgr.staging.output.0           : umgr.staging.output.0.child.subscriber._cancel_monitor_cb: INFO    : send alive
2017-10-25 21:49:27,666: umgr.staging.output.0.child: umgr.staging.output.0           : umgr.staging.output.0.child.subscriber._cancel_monitor_cb: INFO    : put message: [umgr.staging.output.0.child.subscriber._cancel_monitor_cb.thread] alive
2017-10-25 21:49:27,667: umgr.staging.output.0.child: umgr.staging.output.0           : MainThread     : INFO    : get msg: alive
2017-10-25 21:49:27,667: umgr.staging.output.0.child: umgr.staging.output.0           : MainThread     : DEBUG   : ru_initialize_common (NOOP)
2017-10-25 21:49:27,667: umgr.staging.output.0.child: umgr.staging.output.0           : MainThread     : DEBUG   : ru_initialize_parent (NOOP)
2017-10-25 21:49:27,667: umgr.staging.output.0.child: umgr.staging.output.0           : MainThread     : DEBUG   : child thread umgr.staging.output.0.child.subscriber._cancel_monitor_cb started
2017-10-25 21:49:27,667: umgr.staging.output.0.child: umgr.staging.output.0           : MainThread     : DEBUG   : umgr.staging.output.0.child registered control_pubsub subscriber umgr.staging.output.0.child.subscriber._cancel_monitor_cb
2017-10-25 21:49:27,667: umgr.staging.output.0.child: umgr.staging.output.0           : MainThread     : DEBUG   : alive check in term
2017-10-25 21:49:27,667: umgr.staging.output.0.child: umgr.staging.output.0           : MainThread     : DEBUG   : using addr tcp://138.201.86.166:46106 for input umgr_staging_output_queue
2017-10-25 21:49:27,669: umgr.staging.output.0.child: umgr.staging.output.0           : MainThread     : DEBUG   : registered input umgr.staging.output.0.child.work.UMGR_STAGING_OUTPUT_PENDING
2017-10-25 21:49:27,669: umgr.staging.output.0.child: umgr.staging.output.0           : MainThread     : DEBUG   : START: umgr.staging.output.0.child register input UMGR_STAGING_OUTPUT_PENDING: umgr.staging.output.0.child.work.UMGR_STAGING_OUTPUT_PENDING
2017-10-25 21:49:27,669: umgr.staging.output.0.child: umgr.staging.output.0           : MainThread     : DEBUG   : registered worker work [UMGR_STAGING_OUTPUT_PENDING]
2017-10-25 21:49:27,669: umgr.staging.output.0.child: umgr.staging.output.0           : MainThread     : INFO    : child (me) initializing
2017-10-25 21:49:27,669: umgr.staging.output.0.child: umgr.staging.output.0           : MainThread     : DEBUG   : parent name: umgr.staging.output.0.child.watch
2017-10-25 21:49:27,669: umgr.staging.output.0.child: umgr.staging.output.0           : MainThread     : DEBUG   : start thread
2017-10-25 21:49:27,669: umgr.staging.output.0.child: umgr.staging.output.0           : umgr.staging.output.0.child.watch: DEBUG   : child name: umgr.staging.output.0.child.watch.thread
2017-10-25 21:49:27,669: umgr.staging.output.0.child: umgr.staging.output.0           : umgr.staging.output.0.child.watch: INFO    : child (me) initializing
2017-10-25 21:49:27,669: umgr.staging.output.0.child: umgr.staging.output.0           : umgr.staging.output.0.child.watch: DEBUG   : ru_initialize_common (NOOP)
2017-10-25 21:49:27,669: umgr.staging.output.0.child: umgr.staging.output.0           : umgr.staging.output.0.child.watch: DEBUG   : ru_initialize_child (NOOP)
2017-10-25 21:49:27,669: umgr.staging.output.0.child: umgr.staging.output.0           : umgr.staging.output.0.child.watch: INFO    : send alive
2017-10-25 21:49:27,669: umgr.staging.output.0.child: umgr.staging.output.0           : umgr.staging.output.0.child.watch: INFO    : put message: [umgr.staging.output.0.child.watch.thread] alive
2017-10-25 21:49:27,670: umgr.staging.output.0.child: umgr.staging.output.0           : MainThread     : INFO    : get msg: alive
2017-10-25 21:49:27,670: umgr.staging.output.0.child: umgr.staging.output.0           : MainThread     : DEBUG   : ru_initialize_common (NOOP)
2017-10-25 21:49:27,670: umgr.staging.output.0.child: umgr.staging.output.0           : MainThread     : DEBUG   : ru_initialize_parent (NOOP)
2017-10-25 21:49:27,670: umgr.staging.output.0.child: umgr.staging.output.0           : MainThread     : DEBUG   : child thread umgr.staging.output.0.child.watch started
2017-10-25 21:49:27,670: umgr.staging.output.0.child: umgr.staging.output.0           : MainThread     : INFO    : child (me) is alive
2017-10-25 21:49:27,670: umgr.staging.output.0.child: umgr.staging.output.0           : MainThread     : INFO    : send alive
2017-10-25 21:49:27,670: umgr.staging.output.0.child: umgr.staging.output.0           : MainThread     : INFO    : send message: [umgr.staging.output.0.child] alive
2017-10-25 23:35:01,464: umgr.staging.output.0.child: umgr.staging.output.0           : MainThread     : DEBUG   : got unit (unit.000004)
2017-10-25 23:35:01,464: umgr.staging.output.0.child: umgr.staging.output.0           : MainThread     : DEBUG   : got unit (unit.000023)
2017-10-25 23:35:01,464: umgr.staging.output.0.child: umgr.staging.output.0           : MainThread     : DEBUG   : advance bulk size: 2 [False, True]
2017-10-25 23:35:01,464: umgr.staging.output.0.child: umgr.staging.output.0           : MainThread     : DEBUG   : advance bulk size: 2 [True, True]
2017-10-25 23:35:01,464: umgr.staging.output.0.child: umgr.staging.output.0           : MainThread     : DEBUG   : final unit.000004 [DONE]
2017-10-25 23:35:01,464: umgr.staging.output.0.child: umgr.staging.output.0           : MainThread     : DEBUG   : final unit.000023 [DONE]
2017-10-25 23:35:02,763: umgr.staging.output.0.child: umgr.staging.output.0           : MainThread     : DEBUG   : got unit (unit.000003)
2017-10-25 23:35:02,763: umgr.staging.output.0.child: umgr.staging.output.0           : MainThread     : DEBUG   : got unit (unit.000009)
2017-10-25 23:35:02,763: umgr.staging.output.0.child: umgr.staging.output.0           : MainThread     : DEBUG   : advance bulk size: 2 [False, True]
2017-10-25 23:35:02,763: umgr.staging.output.0.child: umgr.staging.output.0           : MainThread     : DEBUG   : advance bulk size: 2 [True, True]
2017-10-25 23:35:02,763: umgr.staging.output.0.child: umgr.staging.output.0           : MainThread     : DEBUG   : final unit.000003 [DONE]
2017-10-25 23:35:02,764: umgr.staging.output.0.child: umgr.staging.output.0           : MainThread     : DEBUG   : final unit.000009 [DONE]
2017-10-25 23:35:05,360: umgr.staging.output.0.child: umgr.staging.output.0           : MainThread     : DEBUG   : got unit (unit.000011)
2017-10-25 23:35:05,360: umgr.staging.output.0.child: umgr.staging.output.0           : MainThread     : DEBUG   : advance bulk size: 1 [False, True]
2017-10-25 23:35:05,360: umgr.staging.output.0.child: umgr.staging.output.0           : MainThread     : DEBUG   : advance bulk size: 1 [True, True]
2017-10-25 23:35:05,360: umgr.staging.output.0.child: umgr.staging.output.0           : MainThread     : DEBUG   : final unit.000011 [DONE]
2017-10-25 23:35:07,961: umgr.staging.output.0.child: umgr.staging.output.0           : MainThread     : DEBUG   : got unit (unit.000021)
2017-10-25 23:35:07,961: umgr.staging.output.0.child: umgr.staging.output.0           : MainThread     : DEBUG   : advance bulk size: 1 [False, True]
2017-10-25 23:35:07,961: umgr.staging.output.0.child: umgr.staging.output.0           : MainThread     : DEBUG   : advance bulk size: 1 [True, True]
2017-10-25 23:35:07,961: umgr.staging.output.0.child: umgr.staging.output.0           : MainThread     : DEBUG   : final unit.000021 [DONE]
2017-10-25 23:35:10,561: umgr.staging.output.0.child: umgr.staging.output.0           : MainThread     : DEBUG   : got unit (unit.000010)
2017-10-25 23:35:10,561: umgr.staging.output.0.child: umgr.staging.output.0           : MainThread     : DEBUG   : got unit (unit.000002)
2017-10-25 23:35:10,561: umgr.staging.output.0.child: umgr.staging.output.0           : MainThread     : DEBUG   : advance bulk size: 2 [False, True]
2017-10-25 23:35:10,561: umgr.staging.output.0.child: umgr.staging.output.0           : MainThread     : DEBUG   : advance bulk size: 2 [True, True]
2017-10-25 23:35:10,561: umgr.staging.output.0.child: umgr.staging.output.0           : MainThread     : DEBUG   : final unit.000010 [DONE]
2017-10-25 23:35:10,561: umgr.staging.output.0.child: umgr.staging.output.0           : MainThread     : DEBUG   : final unit.000002 [DONE]
2017-10-25 23:35:13,162: umgr.staging.output.0.child: umgr.staging.output.0           : MainThread     : DEBUG   : got unit (unit.000006)
2017-10-25 23:35:13,163: umgr.staging.output.0.child: umgr.staging.output.0           : MainThread     : DEBUG   : advance bulk size: 1 [False, True]
2017-10-25 23:35:13,163: umgr.staging.output.0.child: umgr.staging.output.0           : MainThread     : DEBUG   : advance bulk size: 1 [True, True]
2017-10-25 23:35:13,163: umgr.staging.output.0.child: umgr.staging.output.0           : MainThread     : DEBUG   : final unit.000006 [DONE]
2017-10-25 23:35:14,757: umgr.staging.output.0.child: umgr.staging.output.0           : MainThread     : DEBUG   : got unit (unit.000013)
2017-10-25 23:35:14,757: umgr.staging.output.0.child: umgr.staging.output.0           : MainThread     : DEBUG   : advance bulk size: 1 [False, True]
2017-10-25 23:35:14,757: umgr.staging.output.0.child: umgr.staging.output.0           : MainThread     : DEBUG   : advance bulk size: 1 [True, True]
2017-10-25 23:35:14,757: umgr.staging.output.0.child: umgr.staging.output.0           : MainThread     : DEBUG   : final unit.000013 [DONE]
2017-10-25 23:35:16,061: umgr.staging.output.0.child: umgr.staging.output.0           : MainThread     : DEBUG   : got unit (unit.000022)
2017-10-25 23:35:16,061: umgr.staging.output.0.child: umgr.staging.output.0           : MainThread     : DEBUG   : advance bulk size: 1 [False, True]
2017-10-25 23:35:16,061: umgr.staging.output.0.child: umgr.staging.output.0           : MainThread     : DEBUG   : advance bulk size: 1 [True, True]
2017-10-25 23:35:16,061: umgr.staging.output.0.child: umgr.staging.output.0           : MainThread     : DEBUG   : final unit.000022 [DONE]
2017-10-25 23:35:19,650: umgr.staging.output.0.child: umgr.staging.output.0           : MainThread     : DEBUG   : got unit (unit.000016)
2017-10-25 23:35:19,650: umgr.staging.output.0.child: umgr.staging.output.0           : MainThread     : DEBUG   : got unit (unit.000020)
2017-10-25 23:35:19,650: umgr.staging.output.0.child: umgr.staging.output.0           : MainThread     : DEBUG   : advance bulk size: 2 [False, True]
2017-10-25 23:35:19,651: umgr.staging.output.0.child: umgr.staging.output.0           : MainThread     : DEBUG   : advance bulk size: 2 [True, True]
2017-10-25 23:35:19,651: umgr.staging.output.0.child: umgr.staging.output.0           : MainThread     : DEBUG   : final unit.000016 [DONE]
2017-10-25 23:35:19,651: umgr.staging.output.0.child: umgr.staging.output.0           : MainThread     : DEBUG   : final unit.000020 [DONE]
2017-10-25 23:35:20,948: umgr.staging.output.0.child: umgr.staging.output.0           : MainThread     : DEBUG   : got unit (unit.000019)
2017-10-25 23:35:20,948: umgr.staging.output.0.child: umgr.staging.output.0           : MainThread     : DEBUG   : advance bulk size: 1 [False, True]
2017-10-25 23:35:20,948: umgr.staging.output.0.child: umgr.staging.output.0           : MainThread     : DEBUG   : advance bulk size: 1 [True, True]
2017-10-25 23:35:20,948: umgr.staging.output.0.child: umgr.staging.output.0           : MainThread     : DEBUG   : final unit.000019 [DONE]
2017-10-25 23:35:22,272: umgr.staging.output.0.child: umgr.staging.output.0           : MainThread     : DEBUG   : got unit (unit.000014)
2017-10-25 23:35:22,272: umgr.staging.output.0.child: umgr.staging.output.0           : MainThread     : DEBUG   : advance bulk size: 1 [False, True]
2017-10-25 23:35:22,272: umgr.staging.output.0.child: umgr.staging.output.0           : MainThread     : DEBUG   : advance bulk size: 1 [True, True]
2017-10-25 23:35:22,273: umgr.staging.output.0.child: umgr.staging.output.0           : MainThread     : DEBUG   : final unit.000014 [DONE]
2017-10-25 23:35:23,572: umgr.staging.output.0.child: umgr.staging.output.0           : MainThread     : DEBUG   : got unit (unit.000024)
2017-10-25 23:35:23,572: umgr.staging.output.0.child: umgr.staging.output.0           : MainThread     : DEBUG   : got unit (unit.000012)
2017-10-25 23:35:23,572: umgr.staging.output.0.child: umgr.staging.output.0           : MainThread     : DEBUG   : got unit (unit.000025)
2017-10-25 23:35:23,572: umgr.staging.output.0.child: umgr.staging.output.0           : MainThread     : DEBUG   : advance bulk size: 3 [False, True]
2017-10-25 23:35:23,572: umgr.staging.output.0.child: umgr.staging.output.0           : MainThread     : DEBUG   : advance bulk size: 3 [True, True]
2017-10-25 23:35:23,572: umgr.staging.output.0.child: umgr.staging.output.0           : MainThread     : DEBUG   : final unit.000024 [DONE]
2017-10-25 23:35:23,572: umgr.staging.output.0.child: umgr.staging.output.0           : MainThread     : DEBUG   : final unit.000012 [DONE]
2017-10-25 23:35:23,572: umgr.staging.output.0.child: umgr.staging.output.0           : MainThread     : DEBUG   : final unit.000025 [DONE]
2017-10-25 23:35:26,168: umgr.staging.output.0.child: umgr.staging.output.0           : MainThread     : DEBUG   : got unit (unit.000018)
2017-10-25 23:35:26,168: umgr.staging.output.0.child: umgr.staging.output.0           : MainThread     : DEBUG   : advance bulk size: 1 [False, True]
2017-10-25 23:35:26,168: umgr.staging.output.0.child: umgr.staging.output.0           : MainThread     : DEBUG   : advance bulk size: 1 [True, True]
2017-10-25 23:35:26,169: umgr.staging.output.0.child: umgr.staging.output.0           : MainThread     : DEBUG   : final unit.000018 [DONE]
2017-10-25 23:35:28,766: umgr.staging.output.0.child: umgr.staging.output.0           : MainThread     : DEBUG   : got unit (unit.000005)
2017-10-25 23:35:28,766: umgr.staging.output.0.child: umgr.staging.output.0           : MainThread     : DEBUG   : got unit (unit.000001)
2017-10-25 23:35:28,766: umgr.staging.output.0.child: umgr.staging.output.0           : MainThread     : DEBUG   : advance bulk size: 2 [False, True]
2017-10-25 23:35:28,766: umgr.staging.output.0.child: umgr.staging.output.0           : MainThread     : DEBUG   : advance bulk size: 2 [True, True]
2017-10-25 23:35:28,766: umgr.staging.output.0.child: umgr.staging.output.0           : MainThread     : DEBUG   : final unit.000005 [DONE]
2017-10-25 23:35:28,766: umgr.staging.output.0.child: umgr.staging.output.0           : MainThread     : DEBUG   : final unit.000001 [DONE]
2017-10-25 23:35:30,065: umgr.staging.output.0.child: umgr.staging.output.0           : MainThread     : DEBUG   : got unit (unit.000008)
2017-10-25 23:35:30,065: umgr.staging.output.0.child: umgr.staging.output.0           : MainThread     : DEBUG   : advance bulk size: 1 [False, True]
2017-10-25 23:35:30,065: umgr.staging.output.0.child: umgr.staging.output.0           : MainThread     : DEBUG   : advance bulk size: 1 [True, True]
2017-10-25 23:35:30,065: umgr.staging.output.0.child: umgr.staging.output.0           : MainThread     : DEBUG   : final unit.000008 [DONE]
2017-10-25 23:35:46,941: umgr.staging.output.0.child: umgr.staging.output.0           : MainThread     : DEBUG   : got unit (unit.000007)
2017-10-25 23:35:46,941: umgr.staging.output.0.child: umgr.staging.output.0           : MainThread     : DEBUG   : advance bulk size: 1 [False, True]
2017-10-25 23:35:46,941: umgr.staging.output.0.child: umgr.staging.output.0           : MainThread     : DEBUG   : advance bulk size: 1 [True, True]
2017-10-25 23:35:46,941: umgr.staging.output.0.child: umgr.staging.output.0           : MainThread     : DEBUG   : final unit.000007 [DONE]
2017-10-25 23:35:53,434: umgr.staging.output.0.child: umgr.staging.output.0           : MainThread     : DEBUG   : got unit (unit.000017)
2017-10-25 23:35:53,434: umgr.staging.output.0.child: umgr.staging.output.0           : MainThread     : DEBUG   : advance bulk size: 1 [False, True]
2017-10-25 23:35:53,434: umgr.staging.output.0.child: umgr.staging.output.0           : MainThread     : DEBUG   : advance bulk size: 1 [True, True]
2017-10-25 23:35:53,435: umgr.staging.output.0.child: umgr.staging.output.0           : MainThread     : DEBUG   : final unit.000017 [DONE]
2017-10-25 23:35:54,735: umgr.staging.output.0.child: umgr.staging.output.0           : MainThread     : DEBUG   : got unit (unit.000000)
2017-10-25 23:35:54,735: umgr.staging.output.0.child: umgr.staging.output.0           : MainThread     : DEBUG   : advance bulk size: 1 [False, True]
2017-10-25 23:35:54,735: umgr.staging.output.0.child: umgr.staging.output.0           : MainThread     : DEBUG   : advance bulk size: 1 [True, True]
2017-10-25 23:35:54,735: umgr.staging.output.0.child: umgr.staging.output.0           : MainThread     : DEBUG   : final unit.000000 [DONE]
2017-10-25 23:36:15,595: umgr.staging.output.0.child: umgr.staging.output.0           : MainThread     : DEBUG   : got unit (unit.000015)
2017-10-25 23:36:15,595: umgr.staging.output.0.child: umgr.staging.output.0           : MainThread     : DEBUG   : advance bulk size: 1 [False, True]
2017-10-25 23:36:15,595: umgr.staging.output.0.child: umgr.staging.output.0           : MainThread     : DEBUG   : advance bulk size: 1 [True, True]
2017-10-25 23:36:15,595: umgr.staging.output.0.child: umgr.staging.output.0           : MainThread     : DEBUG   : final unit.000015 [DONE]
2017-10-25 23:36:45,393: umgr.staging.output.0.child: umgr.staging.output.0           : umgr.staging.output.0.child.watch: INFO    : recv message: 
2017-10-25 23:36:45,393: umgr.staging.output.0.child: umgr.staging.output.0           : umgr.staging.output.0.child.watch: INFO    : message received: 
2017-10-25 23:36:45,393: umgr.staging.output.0.child: umgr.staging.output.0           : umgr.staging.output.0.child.watch: WARNING : message received is an empty string, assuming parent closed endpoint
2017-10-25 23:36:45,393: umgr.staging.output.0.child: umgr.staging.output.0           : umgr.staging.output.0.child.watch: INFO    : watcher closes
2017-10-25 23:36:45,393: umgr.staging.output.0.child: umgr.staging.output.0           : umgr.staging.output.0.child.watch: INFO    : put message: [umgr.staging.output.0.child.watch.thread] work finished
2017-10-25 23:36:45,393: umgr.staging.output.0.child: umgr.staging.output.0           : umgr.staging.output.0.child.watch: DEBUG   : ru_finalize_child (NOOP)
2017-10-25 23:36:45,393: umgr.staging.output.0.child: umgr.staging.output.0           : umgr.staging.output.0.child.watch: DEBUG   : ru_finalize_common (NOOP)
2017-10-25 23:36:45,393: umgr.staging.output.0.child: umgr.staging.output.0           : umgr.staging.output.0.child.watch: INFO    : put message: [umgr.staging.output.0.child.watch.thread] terminating
2017-10-25 23:36:45,616: umgr.staging.output.0.child: umgr.staging.output.0           : MainThread     : DEBUG   : ru_finalize_common()
2017-10-25 23:36:45,616: umgr.staging.output.0.child: umgr.staging.output.0           : MainThread     : WARNING : alive check: proc invalid - stop [False - True]
2017-10-25 23:36:45,641: umgr.staging.output.0.child: umgr.staging.output.0           : MainThread     : INFO    : stop umgr.staging.output.0.child (19159 : 19159 : MainThread) [radical.utils.process.Default.is_valid]
2017-10-25 23:36:45,641: umgr.staging.output.0.child: umgr.staging.output.0           : MainThread     : INFO    : parent stops child  19159 -> 19159 [umgr.staging.output.0.child]
2017-10-25 23:36:45,641: umgr.staging.output.0.child: umgr.staging.output.0           : MainThread     : INFO    : send message: [umgr.staging.output.0.child] STOP
2017-10-25 23:36:45,641: umgr.staging.output.0.child: umgr.staging.output.0           : MainThread     : WARNING : send failed ([Errno 9] Bad file descriptor) - terminate
2017-10-25 23:36:45,641: umgr.staging.output.0.child: umgr.staging.output.0           : MainThread     : DEBUG   : ru_finalize_common()
2017-10-25 23:36:45,641: umgr.staging.output.0.child: umgr.staging.output.0           : MainThread     : DEBUG   : TERM : umgr.staging.output.0.child unregister publisher log_pubsub
2017-10-25 23:36:45,641: umgr.staging.output.0.child: umgr.staging.output.0           : MainThread     : DEBUG   : unregistered publisher log_pubsub
2017-10-25 23:36:45,641: umgr.staging.output.0.child: umgr.staging.output.0           : MainThread     : DEBUG   : TERM : umgr.staging.output.0.child unregister publisher state_pubsub
2017-10-25 23:36:45,641: umgr.staging.output.0.child: umgr.staging.output.0           : MainThread     : DEBUG   : unregistered publisher state_pubsub
2017-10-25 23:36:45,642: umgr.staging.output.0.child: umgr.staging.output.0           : MainThread     : DEBUG   : TERM : umgr.staging.output.0.child unregister publisher control_pubsub
2017-10-25 23:36:45,642: umgr.staging.output.0.child: umgr.staging.output.0           : MainThread     : DEBUG   : unregistered publisher control_pubsub
2017-10-25 23:36:45,642: umgr.staging.output.0.child: umgr.staging.output.0           : MainThread     : DEBUG   : umgr.staging.output.0.child close prof
2017-10-25 23:36:45,670: umgr.staging.output.0.child: umgr.staging.output.0           : MainThread     : INFO    : parent stops child
2017-10-25 23:36:45,670: umgr.staging.output.0.child: umgr.staging.output.0           : MainThread     : DEBUG   : ru_finalize_parent (NOOP)
2017-10-25 23:36:45,670: umgr.staging.output.0.child: umgr.staging.output.0           : MainThread     : DEBUG   : ru_finalize_common (NOOP)
2017-10-25 23:36:45,671: umgr.staging.output.0.child: umgr.staging.output.0           : MainThread     : INFO    : parent stops child
2017-10-25 23:36:45,671: umgr.staging.output.0.child: umgr.staging.output.0           : MainThread     : DEBUG   : ru_finalize_parent (NOOP)
2017-10-25 23:36:45,671: umgr.staging.output.0.child: umgr.staging.output.0           : umgr.staging.output.0.child.subscriber._cancel_monitor_cb: DEBUG   : ru_finalize_child (NOOP)
2017-10-25 23:36:45,671: umgr.staging.output.0.child: umgr.staging.output.0           : umgr.staging.output.0.child.subscriber._cancel_monitor_cb: INFO    : put message: [umgr.staging.output.0.child.subscriber._cancel_monitor_cb.thread] terminating
2017-10-25 23:36:45,672: umgr.staging.output.0.child: umgr.staging.output.0           : MainThread     : WARNING : super umgr.staging.output.0.child is invalid
2017-10-25 23:36:45,672: umgr.staging.output.0.child: umgr.staging.output.0           : MainThread     : WARNING : component umgr.staging.output.0.child is invalid
2017-10-25 23:36:45,673: umgr.staging.output.0.child: umgr.staging.output.0           : MainThread     : INFO    : stop umgr.staging.output.0.child (19159 : 19159 : MainThread) [radical.pilot.utils.component.Default.is_valid]
2017-10-25 23:36:45,673: umgr.staging.output.0.child: umgr.staging.output.0           : MainThread     : WARNING : publisher log_pubsub is not registered
2017-10-25 23:36:45,673: umgr.staging.output.0.child: umgr.staging.output.0           : MainThread     : WARNING : publisher state_pubsub is not registered
2017-10-25 23:36:45,673: umgr.staging.output.0.child: umgr.staging.output.0           : MainThread     : WARNING : publisher control_pubsub is not registered
2017-10-25 23:36:45,673: umgr.staging.output.0.child: umgr.staging.output.0           : MainThread     : DEBUG   : umgr.staging.output.0.child close prof
2017-10-25 23:36:45,673: umgr.staging.output.0.child: umgr.staging.output.0           : MainThread     : INFO    : send message: [umgr.staging.output.0.child] terminating
2017-10-25 23:36:45,673: umgr.staging.output.0.child: umgr.staging.output.0           : MainThread     : WARNING : send failed ([Errno 9] Bad file descriptor) - terminate
2017-10-25 23:36:45,673: umgr.staging.output.0.child: umgr.staging.output.0           : MainThread     : INFO    : parent stops child
