2017-04-10 23:38:57,431: umgr.staging.output.queue.bridge: MainProcess                     : MainThread     : INFO    : python.interpreter   version: 2.7.12 (default, Nov 19 2016, 06:48:10) [GCC 5.4.0 20160609]
2017-04-10 23:38:57,432: umgr.staging.output.queue.bridge: MainProcess                     : MainThread     : INFO    :                      pid: 21060
2017-04-10 23:38:57,432: umgr.staging.output.queue.bridge: MainProcess                     : MainThread     : INFO    :                      tid: MainThread
2017-04-10 23:38:57,432: umgr.staging.output.queue.bridge: MainProcess                     : MainThread     : INFO    : radical.pilot        version: split-36-g9e2f445f@devel
2017-04-10 23:38:57,432: umgr.staging.output.queue.bridge: MainProcess                     : MainThread     : INFO    : create umgr_staging_output_queue - bridge - tcp://*:*
2017-04-10 23:38:57,438: umgr.staging.output.queue.bridge: umgr.staging.output.queue.bridge: MainThread     : INFO    : start bridge umgr.staging.output.queue.bridge on tcp://*:*
2017-04-10 23:38:57,439: umgr.staging.output.queue.bridge: umgr.staging.output.queue.bridge: MainThread     : INFO    : bound bridge umgr.staging.output.queue.bridge to tcp://0.0.0.0:36832 : tcp://0.0.0.0:42612
2017-04-11 07:19:39,310: umgr.staging.output.queue.bridge: umgr.staging.output.queue.bridge: MainThread     : DEBUG   : sent  1 [hwm: 1]
2017-04-11 07:24:50,113: umgr.staging.output.queue.bridge: umgr.staging.output.queue.bridge: MainThread     : DEBUG   : sent  1 [hwm: 1]
2017-04-11 07:24:54,618: umgr.staging.output.queue.bridge: umgr.staging.output.queue.bridge: MainThread     : DEBUG   : sent  1 [hwm: 1]
2017-04-11 07:25:00,374: umgr.staging.output.queue.bridge: umgr.staging.output.queue.bridge: MainThread     : DEBUG   : sent  1 [hwm: 1]
2017-04-11 07:25:05,172: umgr.staging.output.queue.bridge: umgr.staging.output.queue.bridge: MainThread     : DEBUG   : sent  1 [hwm: 1]
2017-04-11 07:25:20,427: umgr.staging.output.queue.bridge: umgr.staging.output.queue.bridge: MainThread     : DEBUG   : sent  1 [hwm: 1]
2017-04-11 07:25:25,450: umgr.staging.output.queue.bridge: umgr.staging.output.queue.bridge: MainThread     : DEBUG   : sent  1 [hwm: 1]
2017-04-11 07:25:30,360: umgr.staging.output.queue.bridge: umgr.staging.output.queue.bridge: MainThread     : DEBUG   : sent  1 [hwm: 1]
2017-04-11 07:25:34,884: umgr.staging.output.queue.bridge: umgr.staging.output.queue.bridge: MainThread     : DEBUG   : sent  1 [hwm: 1]
2017-04-11 07:25:40,362: umgr.staging.output.queue.bridge: umgr.staging.output.queue.bridge: MainThread     : DEBUG   : sent  1 [hwm: 1]
2017-04-11 07:25:45,936: umgr.staging.output.queue.bridge: umgr.staging.output.queue.bridge: MainThread     : DEBUG   : sent  1 [hwm: 1]
2017-04-11 07:25:50,630: umgr.staging.output.queue.bridge: umgr.staging.output.queue.bridge: MainThread     : DEBUG   : sent  1 [hwm: 1]
2017-04-11 07:25:55,392: umgr.staging.output.queue.bridge: umgr.staging.output.queue.bridge: MainThread     : DEBUG   : sent  1 [hwm: 1]
2017-04-11 07:26:00,907: umgr.staging.output.queue.bridge: umgr.staging.output.queue.bridge: MainThread     : DEBUG   : sent  1 [hwm: 1]
2017-04-11 07:26:05,667: umgr.staging.output.queue.bridge: umgr.staging.output.queue.bridge: MainThread     : DEBUG   : sent  1 [hwm: 1]
2017-04-11 07:26:11,294: umgr.staging.output.queue.bridge: umgr.staging.output.queue.bridge: MainThread     : DEBUG   : sent  1 [hwm: 1]
2017-04-11 07:26:16,087: umgr.staging.output.queue.bridge: umgr.staging.output.queue.bridge: MainThread     : DEBUG   : sent  1 [hwm: 1]
2017-04-11 07:26:21,931: umgr.staging.output.queue.bridge: umgr.staging.output.queue.bridge: MainThread     : DEBUG   : sent  1 [hwm: 1]
2017-04-11 07:26:26,442: umgr.staging.output.queue.bridge: umgr.staging.output.queue.bridge: MainThread     : DEBUG   : sent  1 [hwm: 1]
2017-04-11 07:26:31,142: umgr.staging.output.queue.bridge: umgr.staging.output.queue.bridge: MainThread     : DEBUG   : sent  1 [hwm: 1]
2017-04-11 07:26:33,948: umgr.staging.output.queue.bridge: umgr.staging.output.queue.bridge: MainThread     : DEBUG   : sent  1 [hwm: 1]
2017-04-11 07:26:37,967: umgr.staging.output.queue.bridge: umgr.staging.output.queue.bridge: MainThread     : DEBUG   : sent  1 [hwm: 1]
2017-04-11 07:26:40,870: umgr.staging.output.queue.bridge: umgr.staging.output.queue.bridge: MainThread     : DEBUG   : sent  1 [hwm: 1]
2017-04-11 07:26:42,299: umgr.staging.output.queue.bridge: umgr.staging.output.queue.bridge: MainThread     : DEBUG   : sent  1 [hwm: 1]
2017-04-11 07:26:44,384: umgr.staging.output.queue.bridge: umgr.staging.output.queue.bridge: MainThread     : DEBUG   : sent  1 [hwm: 1]
2017-04-11 07:26:46,103: umgr.staging.output.queue.bridge: umgr.staging.output.queue.bridge: MainThread     : DEBUG   : sent  1 [hwm: 1]
2017-04-11 07:26:48,093: umgr.staging.output.queue.bridge: umgr.staging.output.queue.bridge: MainThread     : DEBUG   : sent  1 [hwm: 1]
2017-04-11 07:26:50,522: umgr.staging.output.queue.bridge: umgr.staging.output.queue.bridge: MainThread     : DEBUG   : sent  1 [hwm: 1]
2017-04-11 07:26:51,950: umgr.staging.output.queue.bridge: umgr.staging.output.queue.bridge: MainThread     : DEBUG   : sent  1 [hwm: 1]
2017-04-11 07:26:53,996: umgr.staging.output.queue.bridge: umgr.staging.output.queue.bridge: MainThread     : DEBUG   : sent  1 [hwm: 1]
2017-04-11 07:26:55,643: umgr.staging.output.queue.bridge: umgr.staging.output.queue.bridge: MainThread     : DEBUG   : sent  1 [hwm: 1]
2017-04-11 07:26:57,791: umgr.staging.output.queue.bridge: umgr.staging.output.queue.bridge: MainThread     : DEBUG   : sent  1 [hwm: 1]
2017-04-11 07:26:59,618: umgr.staging.output.queue.bridge: umgr.staging.output.queue.bridge: MainThread     : DEBUG   : sent  1 [hwm: 1]
2017-04-11 07:27:01,699: umgr.staging.output.queue.bridge: umgr.staging.output.queue.bridge: MainThread     : DEBUG   : sent  1 [hwm: 1]
2017-04-11 07:27:03,445: umgr.staging.output.queue.bridge: umgr.staging.output.queue.bridge: MainThread     : DEBUG   : sent  1 [hwm: 1]
2017-04-11 07:27:05,928: umgr.staging.output.queue.bridge: umgr.staging.output.queue.bridge: MainThread     : DEBUG   : sent  1 [hwm: 1]
2017-04-11 07:27:09,632: umgr.staging.output.queue.bridge: umgr.staging.output.queue.bridge: MainThread     : DEBUG   : sent  1 [hwm: 1]
2017-04-11 07:27:11,343: umgr.staging.output.queue.bridge: umgr.staging.output.queue.bridge: MainThread     : DEBUG   : sent  1 [hwm: 1]
2017-04-11 07:27:13,784: umgr.staging.output.queue.bridge: umgr.staging.output.queue.bridge: MainThread     : DEBUG   : sent  1 [hwm: 1]
2017-04-11 07:27:20,086: umgr.staging.output.queue.bridge: umgr.staging.output.queue.bridge: MainThread     : DEBUG   : sent  1 [hwm: 1]
2017-04-11 07:27:26,716: umgr.staging.output.queue.bridge: umgr.staging.output.queue.bridge: MainThread     : DEBUG   : sent  1 [hwm: 1]
2017-04-11 07:27:31,314: umgr.staging.output.queue.bridge: umgr.staging.output.queue.bridge: MainThread     : DEBUG   : sent  1 [hwm: 1]
2017-04-11 07:27:45,799: umgr.staging.output.queue.bridge: umgr.staging.output.queue.bridge: MainThread     : DEBUG   : sent  1 [hwm: 1]
2017-04-11 07:27:52,173: umgr.staging.output.queue.bridge: umgr.staging.output.queue.bridge: MainThread     : DEBUG   : sent  1 [hwm: 1]
2017-04-11 07:27:56,778: umgr.staging.output.queue.bridge: umgr.staging.output.queue.bridge: MainThread     : DEBUG   : sent  1 [hwm: 1]
2017-04-11 07:28:17,454: umgr.staging.output.queue.bridge: umgr.staging.output.queue.bridge: MainThread     : DEBUG   : sent  1 [hwm: 1]
2017-04-11 07:28:31,246: umgr.staging.output.queue.bridge: umgr.staging.output.queue.bridge: MainThread     : DEBUG   : sent  1 [hwm: 1]
2017-04-11 07:28:37,203: umgr.staging.output.queue.bridge: umgr.staging.output.queue.bridge: MainThread     : DEBUG   : sent  1 [hwm: 1]
2017-04-11 07:28:41,771: umgr.staging.output.queue.bridge: umgr.staging.output.queue.bridge: MainThread     : DEBUG   : sent  1 [hwm: 1]
2017-04-11 07:28:47,448: umgr.staging.output.queue.bridge: umgr.staging.output.queue.bridge: MainThread     : DEBUG   : sent  1 [hwm: 1]
2017-04-11 07:28:51,781: umgr.staging.output.queue.bridge: umgr.staging.output.queue.bridge: MainThread     : DEBUG   : sent  1 [hwm: 1]
2017-04-11 07:28:57,027: umgr.staging.output.queue.bridge: umgr.staging.output.queue.bridge: MainThread     : DEBUG   : sent  1 [hwm: 1]
2017-04-11 07:29:17,655: umgr.staging.output.queue.bridge: umgr.staging.output.queue.bridge: MainThread     : DEBUG   : sent  1 [hwm: 1]
2017-04-11 07:29:33,705: umgr.staging.output.queue.bridge: umgr.staging.output.queue.bridge: MainThread     : WARNING : bridge intr
2017-04-11 07:29:33,705: umgr.staging.output.queue.bridge: umgr.staging.output.queue.bridge: MainThread     : DEBUG   : bridge final
2017-04-11 07:30:43,535: umgr.staging.output.queue.bridge: MainProcess                     : MainThread     : INFO    : radical.pilot        version: split-36-g9e2f445f@devel
2017-04-11 07:30:43,535: umgr.staging.output.queue.bridge: MainProcess                     : MainThread     : INFO    : create umgr_staging_output_queue - bridge - tcp://*:*
2017-04-11 07:30:43,574: umgr.staging.output.queue.bridge: umgr.staging.output.queue.bridge: MainThread     : INFO    : start bridge umgr.staging.output.queue.bridge on tcp://*:*
2017-04-11 07:30:43,575: umgr.staging.output.queue.bridge: umgr.staging.output.queue.bridge: MainThread     : INFO    : bound bridge umgr.staging.output.queue.bridge to tcp://0.0.0.0:34990 : tcp://0.0.0.0:43195
2017-04-11 16:45:14,560: umgr.staging.output.queue.bridge: umgr.staging.output.queue.bridge: MainThread     : DEBUG   : sent  1 [hwm: 1]
2017-04-11 16:50:09,228: umgr.staging.output.queue.bridge: umgr.staging.output.queue.bridge: MainThread     : DEBUG   : sent  1 [hwm: 1]
2017-04-11 16:50:23,925: umgr.staging.output.queue.bridge: umgr.staging.output.queue.bridge: MainThread     : DEBUG   : sent  1 [hwm: 1]
2017-04-11 16:50:29,416: umgr.staging.output.queue.bridge: umgr.staging.output.queue.bridge: MainThread     : DEBUG   : sent  1 [hwm: 1]
2017-04-11 16:50:34,892: umgr.staging.output.queue.bridge: umgr.staging.output.queue.bridge: MainThread     : DEBUG   : sent  1 [hwm: 1]
2017-04-11 16:50:40,585: umgr.staging.output.queue.bridge: umgr.staging.output.queue.bridge: MainThread     : DEBUG   : sent  1 [hwm: 1]
2017-04-11 16:50:44,980: umgr.staging.output.queue.bridge: umgr.staging.output.queue.bridge: MainThread     : DEBUG   : sent  1 [hwm: 1]
2017-04-11 16:50:50,092: umgr.staging.output.queue.bridge: umgr.staging.output.queue.bridge: MainThread     : DEBUG   : sent  1 [hwm: 1]
2017-04-11 16:51:11,297: umgr.staging.output.queue.bridge: umgr.staging.output.queue.bridge: MainThread     : DEBUG   : sent  1 [hwm: 1]
2017-04-11 16:51:23,013: umgr.staging.output.queue.bridge: umgr.staging.output.queue.bridge: MainThread     : DEBUG   : sent  1 [hwm: 1]
2017-04-11 16:51:27,423: umgr.staging.output.queue.bridge: umgr.staging.output.queue.bridge: MainThread     : DEBUG   : sent  1 [hwm: 1]
2017-04-11 16:51:32,574: umgr.staging.output.queue.bridge: umgr.staging.output.queue.bridge: MainThread     : DEBUG   : sent  1 [hwm: 1]
2017-04-11 16:51:37,855: umgr.staging.output.queue.bridge: umgr.staging.output.queue.bridge: MainThread     : DEBUG   : sent  1 [hwm: 1]
2017-04-11 16:51:43,697: umgr.staging.output.queue.bridge: umgr.staging.output.queue.bridge: MainThread     : DEBUG   : sent  1 [hwm: 1]
2017-04-11 16:51:49,730: umgr.staging.output.queue.bridge: umgr.staging.output.queue.bridge: MainThread     : DEBUG   : sent  1 [hwm: 1]
2017-04-11 16:51:53,535: umgr.staging.output.queue.bridge: umgr.staging.output.queue.bridge: MainThread     : DEBUG   : sent  1 [hwm: 1]
2017-04-11 16:51:59,087: umgr.staging.output.queue.bridge: umgr.staging.output.queue.bridge: MainThread     : DEBUG   : sent  1 [hwm: 1]
2017-04-11 16:52:04,432: umgr.staging.output.queue.bridge: umgr.staging.output.queue.bridge: MainThread     : DEBUG   : sent  1 [hwm: 1]
2017-04-11 16:52:08,506: umgr.staging.output.queue.bridge: umgr.staging.output.queue.bridge: MainThread     : DEBUG   : sent  1 [hwm: 1]
2017-04-11 16:52:12,543: umgr.staging.output.queue.bridge: umgr.staging.output.queue.bridge: MainThread     : DEBUG   : sent  1 [hwm: 1]
2017-04-11 16:52:16,721: umgr.staging.output.queue.bridge: umgr.staging.output.queue.bridge: MainThread     : DEBUG   : sent  1 [hwm: 1]
2017-04-11 16:52:19,411: umgr.staging.output.queue.bridge: umgr.staging.output.queue.bridge: MainThread     : DEBUG   : sent  1 [hwm: 1]
2017-04-11 16:52:21,827: umgr.staging.output.queue.bridge: umgr.staging.output.queue.bridge: MainThread     : DEBUG   : sent  1 [hwm: 1]
2017-04-11 16:52:26,532: umgr.staging.output.queue.bridge: umgr.staging.output.queue.bridge: MainThread     : DEBUG   : sent  1 [hwm: 1]
2017-04-11 16:52:28,772: umgr.staging.output.queue.bridge: umgr.staging.output.queue.bridge: MainThread     : DEBUG   : sent  1 [hwm: 1]
2017-04-11 16:52:34,384: umgr.staging.output.queue.bridge: umgr.staging.output.queue.bridge: MainThread     : DEBUG   : sent  1 [hwm: 1]
2017-04-11 16:52:38,668: umgr.staging.output.queue.bridge: umgr.staging.output.queue.bridge: MainThread     : DEBUG   : sent  1 [hwm: 1]
2017-04-11 16:52:41,009: umgr.staging.output.queue.bridge: umgr.staging.output.queue.bridge: MainThread     : DEBUG   : sent  1 [hwm: 1]
2017-04-11 16:52:43,017: umgr.staging.output.queue.bridge: umgr.staging.output.queue.bridge: MainThread     : DEBUG   : sent  1 [hwm: 1]
2017-04-11 16:52:44,836: umgr.staging.output.queue.bridge: umgr.staging.output.queue.bridge: MainThread     : DEBUG   : sent  1 [hwm: 1]
2017-04-11 16:52:47,598: umgr.staging.output.queue.bridge: umgr.staging.output.queue.bridge: MainThread     : DEBUG   : sent  1 [hwm: 1]
2017-04-11 16:52:49,487: umgr.staging.output.queue.bridge: umgr.staging.output.queue.bridge: MainThread     : DEBUG   : sent  1 [hwm: 1]
2017-04-11 16:52:52,222: umgr.staging.output.queue.bridge: umgr.staging.output.queue.bridge: MainThread     : DEBUG   : sent  1 [hwm: 1]
2017-04-11 16:52:54,220: umgr.staging.output.queue.bridge: umgr.staging.output.queue.bridge: MainThread     : DEBUG   : sent  1 [hwm: 1]
2017-04-11 16:53:02,009: umgr.staging.output.queue.bridge: umgr.staging.output.queue.bridge: MainThread     : DEBUG   : sent  1 [hwm: 1]
2017-04-11 16:53:20,416: umgr.staging.output.queue.bridge: umgr.staging.output.queue.bridge: MainThread     : WARNING : bridge intr
2017-04-11 16:53:20,416: umgr.staging.output.queue.bridge: umgr.staging.output.queue.bridge: MainThread     : DEBUG   : bridge final
2017-04-11 16:54:43,358: umgr.staging.output.queue.bridge: MainProcess                     : MainThread     : INFO    : radical.pilot        version: split-36-g9e2f445f@devel
2017-04-11 16:54:43,358: umgr.staging.output.queue.bridge: MainProcess                     : MainThread     : INFO    : create umgr_staging_output_queue - bridge - tcp://*:*
2017-04-11 16:54:43,367: umgr.staging.output.queue.bridge: umgr.staging.output.queue.bridge: MainThread     : INFO    : start bridge umgr.staging.output.queue.bridge on tcp://*:*
2017-04-11 16:54:43,368: umgr.staging.output.queue.bridge: umgr.staging.output.queue.bridge: MainThread     : INFO    : bound bridge umgr.staging.output.queue.bridge to tcp://0.0.0.0:37567 : tcp://0.0.0.0:44652
2017-04-12 09:22:09,311: umgr.staging.output.queue.bridge: umgr.staging.output.queue.bridge: MainThread     : WARNING : bridge intr
2017-04-12 09:22:09,311: umgr.staging.output.queue.bridge: umgr.staging.output.queue.bridge: MainThread     : DEBUG   : bridge final
