2017-04-06 17:16:45,231: umgr.staging.output.queue.bridge: MainProcess                     : MainThread     : INFO    : python.interpreter   version: 2.7.12 (default, Nov 19 2016, 06:48:10) [GCC 5.4.0 20160609]
2017-04-06 17:16:45,231: umgr.staging.output.queue.bridge: MainProcess                     : MainThread     : INFO    :                      pid: 20671
2017-04-06 17:16:45,231: umgr.staging.output.queue.bridge: MainProcess                     : MainThread     : INFO    :                      tid: MainThread
2017-04-06 17:16:45,231: umgr.staging.output.queue.bridge: MainProcess                     : MainThread     : INFO    : radical.pilot        version: split-36-g9e2f445f@devel
2017-04-06 17:16:45,231: umgr.staging.output.queue.bridge: MainProcess                     : MainThread     : INFO    : create umgr_staging_output_queue - bridge - tcp://*:*
2017-04-06 17:16:45,236: umgr.staging.output.queue.bridge: umgr.staging.output.queue.bridge: MainThread     : INFO    : start bridge umgr.staging.output.queue.bridge on tcp://*:*
2017-04-06 17:16:45,237: umgr.staging.output.queue.bridge: umgr.staging.output.queue.bridge: MainThread     : INFO    : bound bridge umgr.staging.output.queue.bridge to tcp://0.0.0.0:40214 : tcp://0.0.0.0:45975
2017-04-06 17:24:22,977: umgr.staging.output.queue.bridge: umgr.staging.output.queue.bridge: MainThread     : DEBUG   : sent  1 [hwm: 1]
2017-04-06 17:25:28,076: umgr.staging.output.queue.bridge: umgr.staging.output.queue.bridge: MainThread     : DEBUG   : sent  1 [hwm: 1]
2017-04-06 17:25:33,313: umgr.staging.output.queue.bridge: umgr.staging.output.queue.bridge: MainThread     : DEBUG   : sent  1 [hwm: 1]
2017-04-06 17:25:38,632: umgr.staging.output.queue.bridge: umgr.staging.output.queue.bridge: MainThread     : DEBUG   : sent  1 [hwm: 1]
2017-04-06 17:25:57,778: umgr.staging.output.queue.bridge: umgr.staging.output.queue.bridge: MainThread     : DEBUG   : sent  1 [hwm: 1]
2017-04-06 17:26:02,757: umgr.staging.output.queue.bridge: umgr.staging.output.queue.bridge: MainThread     : DEBUG   : sent  1 [hwm: 1]
2017-04-06 17:26:43,402: umgr.staging.output.queue.bridge: umgr.staging.output.queue.bridge: MainThread     : DEBUG   : sent  1 [hwm: 1]
2017-04-06 17:26:48,463: umgr.staging.output.queue.bridge: umgr.staging.output.queue.bridge: MainThread     : DEBUG   : sent  1 [hwm: 1]
2017-04-06 17:26:53,482: umgr.staging.output.queue.bridge: umgr.staging.output.queue.bridge: MainThread     : DEBUG   : sent  1 [hwm: 1]
2017-04-06 17:26:58,298: umgr.staging.output.queue.bridge: umgr.staging.output.queue.bridge: MainThread     : DEBUG   : sent  1 [hwm: 1]
2017-04-06 17:27:03,714: umgr.staging.output.queue.bridge: umgr.staging.output.queue.bridge: MainThread     : DEBUG   : sent  1 [hwm: 1]
2017-04-06 17:27:08,733: umgr.staging.output.queue.bridge: umgr.staging.output.queue.bridge: MainThread     : DEBUG   : sent  1 [hwm: 1]
2017-04-06 17:27:13,492: umgr.staging.output.queue.bridge: umgr.staging.output.queue.bridge: MainThread     : DEBUG   : sent  1 [hwm: 1]
2017-04-06 17:27:24,674: umgr.staging.output.queue.bridge: umgr.staging.output.queue.bridge: MainThread     : DEBUG   : sent  1 [hwm: 1]
2017-04-06 17:27:29,873: umgr.staging.output.queue.bridge: umgr.staging.output.queue.bridge: MainThread     : DEBUG   : sent  1 [hwm: 1]
2017-04-06 17:27:35,203: umgr.staging.output.queue.bridge: umgr.staging.output.queue.bridge: MainThread     : DEBUG   : sent  1 [hwm: 1]
2017-04-06 17:27:43,683: umgr.staging.output.queue.bridge: umgr.staging.output.queue.bridge: MainThread     : DEBUG   : sent  1 [hwm: 1]
2017-04-06 17:28:08,682: umgr.staging.output.queue.bridge: umgr.staging.output.queue.bridge: MainThread     : DEBUG   : sent  1 [hwm: 1]
2017-04-06 17:28:22,102: umgr.staging.output.queue.bridge: umgr.staging.output.queue.bridge: MainThread     : DEBUG   : sent  1 [hwm: 1]
2017-04-06 17:28:28,376: umgr.staging.output.queue.bridge: umgr.staging.output.queue.bridge: MainThread     : DEBUG   : sent  1 [hwm: 1]
2017-04-06 17:28:36,665: umgr.staging.output.queue.bridge: umgr.staging.output.queue.bridge: MainThread     : DEBUG   : sent  1 [hwm: 1]
2017-04-06 17:28:39,515: umgr.staging.output.queue.bridge: umgr.staging.output.queue.bridge: MainThread     : DEBUG   : sent  1 [hwm: 1]
2017-04-06 17:28:44,782: umgr.staging.output.queue.bridge: umgr.staging.output.queue.bridge: MainThread     : DEBUG   : sent  1 [hwm: 1]
2017-04-06 17:28:49,628: umgr.staging.output.queue.bridge: umgr.staging.output.queue.bridge: MainThread     : DEBUG   : sent  1 [hwm: 1]
2017-04-06 17:28:55,018: umgr.staging.output.queue.bridge: umgr.staging.output.queue.bridge: MainThread     : DEBUG   : sent  1 [hwm: 1]
2017-04-06 17:28:59,345: umgr.staging.output.queue.bridge: umgr.staging.output.queue.bridge: MainThread     : DEBUG   : sent  1 [hwm: 1]
2017-04-06 17:29:04,865: umgr.staging.output.queue.bridge: umgr.staging.output.queue.bridge: MainThread     : DEBUG   : sent  1 [hwm: 1]
2017-04-06 17:29:10,468: umgr.staging.output.queue.bridge: umgr.staging.output.queue.bridge: MainThread     : DEBUG   : sent  1 [hwm: 1]
2017-04-06 17:29:15,332: umgr.staging.output.queue.bridge: umgr.staging.output.queue.bridge: MainThread     : DEBUG   : sent  1 [hwm: 1]
2017-04-06 17:29:19,133: umgr.staging.output.queue.bridge: umgr.staging.output.queue.bridge: MainThread     : DEBUG   : sent  1 [hwm: 1]
2017-04-06 17:29:24,135: umgr.staging.output.queue.bridge: umgr.staging.output.queue.bridge: MainThread     : DEBUG   : sent  1 [hwm: 1]
2017-04-06 17:29:29,435: umgr.staging.output.queue.bridge: umgr.staging.output.queue.bridge: MainThread     : DEBUG   : sent  1 [hwm: 1]
2017-04-06 17:29:34,577: umgr.staging.output.queue.bridge: umgr.staging.output.queue.bridge: MainThread     : DEBUG   : sent  1 [hwm: 1]
2017-04-06 17:29:39,915: umgr.staging.output.queue.bridge: umgr.staging.output.queue.bridge: MainThread     : DEBUG   : sent  1 [hwm: 1]
2017-04-06 17:29:44,873: umgr.staging.output.queue.bridge: umgr.staging.output.queue.bridge: MainThread     : DEBUG   : sent  1 [hwm: 1]
2017-04-06 17:29:50,326: umgr.staging.output.queue.bridge: umgr.staging.output.queue.bridge: MainThread     : DEBUG   : sent  1 [hwm: 1]
2017-04-06 17:29:55,532: umgr.staging.output.queue.bridge: umgr.staging.output.queue.bridge: MainThread     : DEBUG   : sent  1 [hwm: 1]
2017-04-06 17:30:00,221: umgr.staging.output.queue.bridge: umgr.staging.output.queue.bridge: MainThread     : DEBUG   : sent  1 [hwm: 1]
2017-04-06 17:30:05,310: umgr.staging.output.queue.bridge: umgr.staging.output.queue.bridge: MainThread     : DEBUG   : sent  1 [hwm: 1]
2017-04-06 17:30:10,840: umgr.staging.output.queue.bridge: umgr.staging.output.queue.bridge: MainThread     : DEBUG   : sent  1 [hwm: 1]
2017-04-06 17:30:15,696: umgr.staging.output.queue.bridge: umgr.staging.output.queue.bridge: MainThread     : DEBUG   : sent  1 [hwm: 1]
2017-04-06 17:30:20,440: umgr.staging.output.queue.bridge: umgr.staging.output.queue.bridge: MainThread     : DEBUG   : sent  1 [hwm: 1]
2017-04-06 17:30:24,660: umgr.staging.output.queue.bridge: umgr.staging.output.queue.bridge: MainThread     : DEBUG   : sent  1 [hwm: 1]
2017-04-06 17:30:33,825: umgr.staging.output.queue.bridge: umgr.staging.output.queue.bridge: MainThread     : DEBUG   : sent  1 [hwm: 1]
2017-04-06 17:30:35,198: umgr.staging.output.queue.bridge: umgr.staging.output.queue.bridge: MainThread     : DEBUG   : sent  1 [hwm: 1]
2017-04-06 17:30:40,528: umgr.staging.output.queue.bridge: umgr.staging.output.queue.bridge: MainThread     : DEBUG   : sent  1 [hwm: 1]
2017-04-06 17:30:45,615: umgr.staging.output.queue.bridge: umgr.staging.output.queue.bridge: MainThread     : DEBUG   : sent  1 [hwm: 1]
2017-04-06 17:30:50,839: umgr.staging.output.queue.bridge: umgr.staging.output.queue.bridge: MainThread     : DEBUG   : sent  1 [hwm: 1]
2017-04-06 17:30:53,838: umgr.staging.output.queue.bridge: umgr.staging.output.queue.bridge: MainThread     : DEBUG   : sent  1 [hwm: 1]
2017-04-06 17:30:59,380: umgr.staging.output.queue.bridge: umgr.staging.output.queue.bridge: MainThread     : DEBUG   : sent  1 [hwm: 1]
2017-04-06 17:31:04,634: umgr.staging.output.queue.bridge: umgr.staging.output.queue.bridge: MainThread     : DEBUG   : sent  1 [hwm: 1]
2017-04-06 17:31:09,259: umgr.staging.output.queue.bridge: umgr.staging.output.queue.bridge: MainThread     : DEBUG   : sent  1 [hwm: 1]
2017-04-06 17:31:10,933: umgr.staging.output.queue.bridge: umgr.staging.output.queue.bridge: MainThread     : DEBUG   : sent  1 [hwm: 1]
2017-04-06 17:31:12,681: umgr.staging.output.queue.bridge: umgr.staging.output.queue.bridge: MainThread     : DEBUG   : sent  1 [hwm: 1]
2017-04-06 17:31:14,692: umgr.staging.output.queue.bridge: umgr.staging.output.queue.bridge: MainThread     : DEBUG   : sent  1 [hwm: 1]
2017-04-06 17:31:19,808: umgr.staging.output.queue.bridge: umgr.staging.output.queue.bridge: MainThread     : DEBUG   : sent  1 [hwm: 1]
2017-04-06 17:31:25,790: umgr.staging.output.queue.bridge: umgr.staging.output.queue.bridge: MainThread     : DEBUG   : sent  1 [hwm: 1]
2017-04-06 17:31:29,777: umgr.staging.output.queue.bridge: umgr.staging.output.queue.bridge: MainThread     : DEBUG   : sent  1 [hwm: 1]
2017-04-06 17:31:33,632: umgr.staging.output.queue.bridge: umgr.staging.output.queue.bridge: MainThread     : DEBUG   : sent  1 [hwm: 1]
2017-04-06 17:31:39,701: umgr.staging.output.queue.bridge: umgr.staging.output.queue.bridge: MainThread     : DEBUG   : sent  1 [hwm: 1]
2017-04-06 17:31:45,090: umgr.staging.output.queue.bridge: umgr.staging.output.queue.bridge: MainThread     : DEBUG   : sent  1 [hwm: 1]
2017-04-06 17:31:48,388: umgr.staging.output.queue.bridge: umgr.staging.output.queue.bridge: MainThread     : DEBUG   : sent  1 [hwm: 1]
2017-04-06 17:31:54,690: umgr.staging.output.queue.bridge: umgr.staging.output.queue.bridge: MainThread     : DEBUG   : sent  1 [hwm: 1]
2017-04-06 17:31:56,230: umgr.staging.output.queue.bridge: umgr.staging.output.queue.bridge: MainThread     : DEBUG   : sent  1 [hwm: 1]
2017-04-06 17:31:57,695: umgr.staging.output.queue.bridge: umgr.staging.output.queue.bridge: MainThread     : DEBUG   : sent  1 [hwm: 1]
2017-04-06 17:32:02,479: umgr.staging.output.queue.bridge: umgr.staging.output.queue.bridge: MainThread     : DEBUG   : sent  1 [hwm: 1]
2017-04-06 17:32:04,215: umgr.staging.output.queue.bridge: umgr.staging.output.queue.bridge: MainThread     : DEBUG   : sent  1 [hwm: 1]
2017-04-06 17:32:05,650: umgr.staging.output.queue.bridge: umgr.staging.output.queue.bridge: MainThread     : DEBUG   : sent  1 [hwm: 1]
2017-04-06 17:32:09,123: umgr.staging.output.queue.bridge: umgr.staging.output.queue.bridge: MainThread     : DEBUG   : sent  1 [hwm: 1]
2017-04-06 17:32:12,969: umgr.staging.output.queue.bridge: umgr.staging.output.queue.bridge: MainThread     : DEBUG   : sent  1 [hwm: 1]
2017-04-06 17:32:17,900: umgr.staging.output.queue.bridge: umgr.staging.output.queue.bridge: MainThread     : DEBUG   : sent  1 [hwm: 1]
2017-04-06 17:32:26,317: umgr.staging.output.queue.bridge: umgr.staging.output.queue.bridge: MainThread     : DEBUG   : sent  1 [hwm: 1]
2017-04-06 17:32:35,432: umgr.staging.output.queue.bridge: umgr.staging.output.queue.bridge: MainThread     : WARNING : bridge intr
2017-04-06 17:32:35,432: umgr.staging.output.queue.bridge: umgr.staging.output.queue.bridge: MainThread     : DEBUG   : bridge final
