2017-05-31 03:36:43,942: rp.session.Ubuntu-1604-xenial-64-minimal.mingtha.017317.0003: MainProcess                     : MainThread     : INFO    : python.interpreter   version: 2.7.12 (default, Nov 19 2016, 06:48:10) [GCC 5.4.0 20160609]
2017-05-31 03:36:43,942: rp.session.Ubuntu-1604-xenial-64-minimal.mingtha.017317.0003: MainProcess                     : MainThread     : INFO    :                      pid: 27015
2017-05-31 03:36:43,942: rp.session.Ubuntu-1604-xenial-64-minimal.mingtha.017317.0003: MainProcess                     : MainThread     : INFO    :                      tid: MainThread
2017-05-31 03:36:43,943: rp.session.Ubuntu-1604-xenial-64-minimal.mingtha.017317.0003: MainProcess                     : MainThread     : INFO    : radical.pilot        version: split-81-gf853cc9b@feature-bridges
2017-05-31 03:36:43,943: rp.session.Ubuntu-1604-xenial-64-minimal.mingtha.017317.0003: MainProcess                     : MainThread     : INFO    : using database mongodb://mingtaiha:mingtaiha@ds053838.mlab.com:53838/hicomb
2017-05-31 03:36:43,952: rp.session.Ubuntu-1604-xenial-64-minimal.mingtha.017317.0003: MainProcess                     : MainThread     : INFO    : Load resource configurations from /home/mingtha/ve/ve.rp_add_res_cfg/local/lib/python2.7/site-packages/radical/pilot/configs/resource_fub.json
2017-05-31 03:36:43,956: rp.session.Ubuntu-1604-xenial-64-minimal.mingtha.017317.0003: MainProcess                     : MainThread     : INFO    : Load resource configurations for fub.allegro_rsh
2017-05-31 03:36:43,957: rp.session.Ubuntu-1604-xenial-64-minimal.mingtha.017317.0003: MainProcess                     : MainThread     : INFO    : Load resource configurations from /home/mingtha/ve/ve.rp_add_res_cfg/local/lib/python2.7/site-packages/radical/pilot/configs/resource_yale.json
2017-05-31 03:36:43,960: rp.session.Ubuntu-1604-xenial-64-minimal.mingtha.017317.0003: MainProcess                     : MainThread     : INFO    : Load resource configurations for yale.grace_ssh
2017-05-31 03:36:43,961: rp.session.Ubuntu-1604-xenial-64-minimal.mingtha.017317.0003: MainProcess                     : MainThread     : INFO    : Load resource configurations from /home/mingtha/ve/ve.rp_add_res_cfg/local/lib/python2.7/site-packages/radical/pilot/configs/resource_stfc.json
2017-05-31 03:36:43,965: rp.session.Ubuntu-1604-xenial-64-minimal.mingtha.017317.0003: MainProcess                     : MainThread     : INFO    : Load resource configurations for stfc.joule_runjob
2017-05-31 03:36:43,965: rp.session.Ubuntu-1604-xenial-64-minimal.mingtha.017317.0003: MainProcess                     : MainThread     : INFO    : Load resource configurations from /home/mingtha/ve/ve.rp_add_res_cfg/local/lib/python2.7/site-packages/radical/pilot/configs/resource_osg.json
2017-05-31 03:36:43,975: rp.session.Ubuntu-1604-xenial-64-minimal.mingtha.017317.0003: MainProcess                     : MainThread     : INFO    : Load resource configurations for osg.xsede-virt-clust
2017-05-31 03:36:43,976: rp.session.Ubuntu-1604-xenial-64-minimal.mingtha.017317.0003: MainProcess                     : MainThread     : INFO    : Load resource configurations for osg.connect
2017-05-31 03:36:43,977: rp.session.Ubuntu-1604-xenial-64-minimal.mingtha.017317.0003: MainProcess                     : MainThread     : INFO    : Load resource configurations from /home/mingtha/ve/ve.rp_add_res_cfg/local/lib/python2.7/site-packages/radical/pilot/configs/resource_xsede.json
2017-05-31 03:36:44,009: rp.session.Ubuntu-1604-xenial-64-minimal.mingtha.017317.0003: MainProcess                     : MainThread     : INFO    : Load resource configurations for xsede.wrangler_spark
2017-05-31 03:36:44,010: rp.session.Ubuntu-1604-xenial-64-minimal.mingtha.017317.0003: MainProcess                     : MainThread     : INFO    : Load resource configurations for xsede.stampede_yarn
2017-05-31 03:36:44,010: rp.session.Ubuntu-1604-xenial-64-minimal.mingtha.017317.0003: MainProcess                     : MainThread     : INFO    : Load resource configurations for xsede.gordon_ssh
2017-05-31 03:36:44,010: rp.session.Ubuntu-1604-xenial-64-minimal.mingtha.017317.0003: MainProcess                     : MainThread     : INFO    : Load resource configurations for xsede.stampede_ssh
2017-05-31 03:36:44,010: rp.session.Ubuntu-1604-xenial-64-minimal.mingtha.017317.0003: MainProcess                     : MainThread     : INFO    : Load resource configurations for xsede.lonestar_ssh
2017-05-31 03:36:44,011: rp.session.Ubuntu-1604-xenial-64-minimal.mingtha.017317.0003: MainProcess                     : MainThread     : INFO    : Load resource configurations for xsede.supermic_spark
2017-05-31 03:36:44,011: rp.session.Ubuntu-1604-xenial-64-minimal.mingtha.017317.0003: MainProcess                     : MainThread     : INFO    : Load resource configurations for xsede.wrangler_ssh
2017-05-31 03:36:44,011: rp.session.Ubuntu-1604-xenial-64-minimal.mingtha.017317.0003: MainProcess                     : MainThread     : INFO    : Load resource configurations for xsede.wrangler_yarn
2017-05-31 03:36:44,011: rp.session.Ubuntu-1604-xenial-64-minimal.mingtha.017317.0003: MainProcess                     : MainThread     : INFO    : Load resource configurations for xsede.bridges
2017-05-31 03:36:44,012: rp.session.Ubuntu-1604-xenial-64-minimal.mingtha.017317.0003: MainProcess                     : MainThread     : INFO    : Load resource configurations for xsede.supermic_ssh
2017-05-31 03:36:44,012: rp.session.Ubuntu-1604-xenial-64-minimal.mingtha.017317.0003: MainProcess                     : MainThread     : INFO    : Load resource configurations for xsede.stampede_orte
2017-05-31 03:36:44,012: rp.session.Ubuntu-1604-xenial-64-minimal.mingtha.017317.0003: MainProcess                     : MainThread     : INFO    : Load resource configurations for xsede.greenfield
2017-05-31 03:36:44,012: rp.session.Ubuntu-1604-xenial-64-minimal.mingtha.017317.0003: MainProcess                     : MainThread     : INFO    : Load resource configurations for xsede.comet_spark
2017-05-31 03:36:44,012: rp.session.Ubuntu-1604-xenial-64-minimal.mingtha.017317.0003: MainProcess                     : MainThread     : INFO    : Load resource configurations for xsede.trestles_ssh
2017-05-31 03:36:44,013: rp.session.Ubuntu-1604-xenial-64-minimal.mingtha.017317.0003: MainProcess                     : MainThread     : INFO    : Load resource configurations for xsede.comet_ssh
2017-05-31 03:36:44,013: rp.session.Ubuntu-1604-xenial-64-minimal.mingtha.017317.0003: MainProcess                     : MainThread     : INFO    : Load resource configurations for xsede.stampede_spark
2017-05-31 03:36:44,013: rp.session.Ubuntu-1604-xenial-64-minimal.mingtha.017317.0003: MainProcess                     : MainThread     : INFO    : Load resource configurations for xsede.comet_orte
2017-05-31 03:36:44,013: rp.session.Ubuntu-1604-xenial-64-minimal.mingtha.017317.0003: MainProcess                     : MainThread     : INFO    : Load resource configurations for xsede.comet_ortelib
2017-05-31 03:36:44,014: rp.session.Ubuntu-1604-xenial-64-minimal.mingtha.017317.0003: MainProcess                     : MainThread     : INFO    : Load resource configurations for xsede.blacklight_ssh
2017-05-31 03:36:44,014: rp.session.Ubuntu-1604-xenial-64-minimal.mingtha.017317.0003: MainProcess                     : MainThread     : INFO    : Load resource configurations for xsede.stampede_ortelib
2017-05-31 03:36:44,014: rp.session.Ubuntu-1604-xenial-64-minimal.mingtha.017317.0003: MainProcess                     : MainThread     : INFO    : Load resource configurations from /home/mingtha/ve/ve.rp_add_res_cfg/local/lib/python2.7/site-packages/radical/pilot/configs/resource_nersc.json
2017-05-31 03:36:44,019: rp.session.Ubuntu-1604-xenial-64-minimal.mingtha.017317.0003: MainProcess                     : MainThread     : INFO    : Load resource configurations for nersc.edison_ccm_ssh
2017-05-31 03:36:44,019: rp.session.Ubuntu-1604-xenial-64-minimal.mingtha.017317.0003: MainProcess                     : MainThread     : INFO    : Load resource configurations for nersc.hopper_orte
2017-05-31 03:36:44,019: rp.session.Ubuntu-1604-xenial-64-minimal.mingtha.017317.0003: MainProcess                     : MainThread     : INFO    : Load resource configurations for nersc.hopper_ccm_ssh
2017-05-31 03:36:44,020: rp.session.Ubuntu-1604-xenial-64-minimal.mingtha.017317.0003: MainProcess                     : MainThread     : INFO    : Load resource configurations for nersc.edison_aprun
2017-05-31 03:36:44,020: rp.session.Ubuntu-1604-xenial-64-minimal.mingtha.017317.0003: MainProcess                     : MainThread     : INFO    : Load resource configurations for nersc.hopper_aprun
2017-05-31 03:36:44,020: rp.session.Ubuntu-1604-xenial-64-minimal.mingtha.017317.0003: MainProcess                     : MainThread     : INFO    : Load resource configurations for nersc.edison_orte
2017-05-31 03:36:44,020: rp.session.Ubuntu-1604-xenial-64-minimal.mingtha.017317.0003: MainProcess                     : MainThread     : INFO    : Load resource configurations from /home/mingtha/ve/ve.rp_add_res_cfg/local/lib/python2.7/site-packages/radical/pilot/configs/resource_lrz.json
2017-05-31 03:36:44,021: rp.session.Ubuntu-1604-xenial-64-minimal.mingtha.017317.0003: MainProcess                     : MainThread     : INFO    : Load resource configurations for lrz.supermuc_ssh
2017-05-31 03:36:44,021: rp.session.Ubuntu-1604-xenial-64-minimal.mingtha.017317.0003: MainProcess                     : MainThread     : INFO    : Load resource configurations from /home/mingtha/ve/ve.rp_add_res_cfg/local/lib/python2.7/site-packages/radical/pilot/configs/resource_epsrc.json
2017-05-31 03:36:44,023: rp.session.Ubuntu-1604-xenial-64-minimal.mingtha.017317.0003: MainProcess                     : MainThread     : INFO    : Load resource configurations for epsrc.archer_orte
2017-05-31 03:36:44,023: rp.session.Ubuntu-1604-xenial-64-minimal.mingtha.017317.0003: MainProcess                     : MainThread     : INFO    : Load resource configurations for epsrc.archer_aprun
2017-05-31 03:36:44,023: rp.session.Ubuntu-1604-xenial-64-minimal.mingtha.017317.0003: MainProcess                     : MainThread     : INFO    : Load resource configurations from /home/mingtha/ve/ve.rp_add_res_cfg/local/lib/python2.7/site-packages/radical/pilot/configs/resource_ncsa.json
2017-05-31 03:36:44,027: rp.session.Ubuntu-1604-xenial-64-minimal.mingtha.017317.0003: MainProcess                     : MainThread     : INFO    : Load resource configurations for ncsa.bw_orte
2017-05-31 03:36:44,028: rp.session.Ubuntu-1604-xenial-64-minimal.mingtha.017317.0003: MainProcess                     : MainThread     : INFO    : Load resource configurations for ncsa.bw_ccm_ssh
2017-05-31 03:36:44,028: rp.session.Ubuntu-1604-xenial-64-minimal.mingtha.017317.0003: MainProcess                     : MainThread     : INFO    : Load resource configurations for ncsa.bw_ortelib
2017-05-31 03:36:44,028: rp.session.Ubuntu-1604-xenial-64-minimal.mingtha.017317.0003: MainProcess                     : MainThread     : INFO    : Load resource configurations for ncsa.bw_aprun
2017-05-31 03:36:44,028: rp.session.Ubuntu-1604-xenial-64-minimal.mingtha.017317.0003: MainProcess                     : MainThread     : INFO    : Load resource configurations for ncsa.bw_local_orte
2017-05-31 03:36:44,029: rp.session.Ubuntu-1604-xenial-64-minimal.mingtha.017317.0003: MainProcess                     : MainThread     : INFO    : Load resource configurations from /home/mingtha/ve/ve.rp_add_res_cfg/local/lib/python2.7/site-packages/radical/pilot/configs/resource_lumc.json
2017-05-31 03:36:44,030: rp.session.Ubuntu-1604-xenial-64-minimal.mingtha.017317.0003: MainProcess                     : MainThread     : INFO    : Load resource configurations for lumc.gb-ui_ssh
2017-05-31 03:36:44,030: rp.session.Ubuntu-1604-xenial-64-minimal.mingtha.017317.0003: MainProcess                     : MainThread     : INFO    : Load resource configurations for lumc.shark_ssh
2017-05-31 03:36:44,031: rp.session.Ubuntu-1604-xenial-64-minimal.mingtha.017317.0003: MainProcess                     : MainThread     : INFO    : Load resource configurations from /home/mingtha/ve/ve.rp_add_res_cfg/local/lib/python2.7/site-packages/radical/pilot/configs/resource_das4.json
2017-05-31 03:36:44,031: rp.session.Ubuntu-1604-xenial-64-minimal.mingtha.017317.0003: MainProcess                     : MainThread     : INFO    : Load resource configurations for das4.fs2_ssh
2017-05-31 03:36:44,032: rp.session.Ubuntu-1604-xenial-64-minimal.mingtha.017317.0003: MainProcess                     : MainThread     : INFO    : Load resource configurations from /home/mingtha/ve/ve.rp_add_res_cfg/local/lib/python2.7/site-packages/radical/pilot/configs/resource_aliases.json
2017-05-31 03:36:44,032: rp.session.Ubuntu-1604-xenial-64-minimal.mingtha.017317.0003: MainProcess                     : MainThread     : INFO    : Load resource configurations from /home/mingtha/ve/ve.rp_add_res_cfg/local/lib/python2.7/site-packages/radical/pilot/configs/resource_futuregrid.json
2017-05-31 03:36:44,036: rp.session.Ubuntu-1604-xenial-64-minimal.mingtha.017317.0003: MainProcess                     : MainThread     : INFO    : Load resource configurations for futuregrid.delta_ssh
2017-05-31 03:36:44,036: rp.session.Ubuntu-1604-xenial-64-minimal.mingtha.017317.0003: MainProcess                     : MainThread     : INFO    : Load resource configurations for futuregrid.india_ssh
2017-05-31 03:36:44,036: rp.session.Ubuntu-1604-xenial-64-minimal.mingtha.017317.0003: MainProcess                     : MainThread     : INFO    : Load resource configurations for futuregrid.echo_ssh
2017-05-31 03:36:44,036: rp.session.Ubuntu-1604-xenial-64-minimal.mingtha.017317.0003: MainProcess                     : MainThread     : INFO    : Load resource configurations for futuregrid.xray_ccm
2017-05-31 03:36:44,037: rp.session.Ubuntu-1604-xenial-64-minimal.mingtha.017317.0003: MainProcess                     : MainThread     : INFO    : Load resource configurations for futuregrid.bravo_ssh
2017-05-31 03:36:44,037: rp.session.Ubuntu-1604-xenial-64-minimal.mingtha.017317.0003: MainProcess                     : MainThread     : INFO    : Load resource configurations for futuregrid.xray_aprun
2017-05-31 03:36:44,037: rp.session.Ubuntu-1604-xenial-64-minimal.mingtha.017317.0003: MainProcess                     : MainThread     : INFO    : Load resource configurations from /home/mingtha/ve/ve.rp_add_res_cfg/local/lib/python2.7/site-packages/radical/pilot/configs/resource_ornl.json
2017-05-31 03:36:44,039: rp.session.Ubuntu-1604-xenial-64-minimal.mingtha.017317.0003: MainProcess                     : MainThread     : INFO    : Load resource configurations for ornl.titan_orte
2017-05-31 03:36:44,040: rp.session.Ubuntu-1604-xenial-64-minimal.mingtha.017317.0003: MainProcess                     : MainThread     : INFO    : Load resource configurations for ornl.titan_aprun
2017-05-31 03:36:44,040: rp.session.Ubuntu-1604-xenial-64-minimal.mingtha.017317.0003: MainProcess                     : MainThread     : INFO    : Load resource configurations for ornl.titan_ortelib
2017-05-31 03:36:44,040: rp.session.Ubuntu-1604-xenial-64-minimal.mingtha.017317.0003: MainProcess                     : MainThread     : INFO    : Load resource configurations from /home/mingtha/ve/ve.rp_add_res_cfg/local/lib/python2.7/site-packages/radical/pilot/configs/resource_chameleon.json
2017-05-31 03:36:44,041: rp.session.Ubuntu-1604-xenial-64-minimal.mingtha.017317.0003: MainProcess                     : MainThread     : INFO    : Load resource configurations for chameleon.cloud_vm_yarn
2017-05-31 03:36:44,041: rp.session.Ubuntu-1604-xenial-64-minimal.mingtha.017317.0003: MainProcess                     : MainThread     : INFO    : Load resource configurations from /home/mingtha/ve/ve.rp_add_res_cfg/local/lib/python2.7/site-packages/radical/pilot/configs/resource_iu.json
2017-05-31 03:36:44,043: rp.session.Ubuntu-1604-xenial-64-minimal.mingtha.017317.0003: MainProcess                     : MainThread     : INFO    : Load resource configurations for iu.bigred2_ccm_ssh
2017-05-31 03:36:44,043: rp.session.Ubuntu-1604-xenial-64-minimal.mingtha.017317.0003: MainProcess                     : MainThread     : INFO    : Load resource configurations for iu.bigred2_aprun
2017-05-31 03:36:44,043: rp.session.Ubuntu-1604-xenial-64-minimal.mingtha.017317.0003: MainProcess                     : MainThread     : INFO    : Load resource configurations from /home/mingtha/ve/ve.rp_add_res_cfg/local/lib/python2.7/site-packages/radical/pilot/configs/resource_local.json
2017-05-31 03:36:44,048: rp.session.Ubuntu-1604-xenial-64-minimal.mingtha.017317.0003: MainProcess                     : MainThread     : INFO    : Load resource configurations for local.localhost_orte
2017-05-31 03:36:44,048: rp.session.Ubuntu-1604-xenial-64-minimal.mingtha.017317.0003: MainProcess                     : MainThread     : INFO    : Load resource configurations for local.localhost_anaconda
2017-05-31 03:36:44,048: rp.session.Ubuntu-1604-xenial-64-minimal.mingtha.017317.0003: MainProcess                     : MainThread     : INFO    : Load resource configurations for local.localhost_ortelib
2017-05-31 03:36:44,048: rp.session.Ubuntu-1604-xenial-64-minimal.mingtha.017317.0003: MainProcess                     : MainThread     : INFO    : Load resource configurations for local.localhost
2017-05-31 03:36:44,048: rp.session.Ubuntu-1604-xenial-64-minimal.mingtha.017317.0003: MainProcess                     : MainThread     : INFO    : Load resource configurations for local.localhost_spark
2017-05-31 03:36:44,048: rp.session.Ubuntu-1604-xenial-64-minimal.mingtha.017317.0003: MainProcess                     : MainThread     : INFO    : Load resource configurations for local.localhost_spark_anaconda
2017-05-31 03:36:44,049: rp.session.Ubuntu-1604-xenial-64-minimal.mingtha.017317.0003: MainProcess                     : MainThread     : INFO    : Load resource configurations for local.localhost_yarn
2017-05-31 03:36:44,049: rp.session.Ubuntu-1604-xenial-64-minimal.mingtha.017317.0003: MainProcess                     : MainThread     : INFO    : Load resource configurations from /home/mingtha/ve/ve.rp_add_res_cfg/local/lib/python2.7/site-packages/radical/pilot/configs/resource_radical.json
2017-05-31 03:36:44,050: rp.session.Ubuntu-1604-xenial-64-minimal.mingtha.017317.0003: MainProcess                     : MainThread     : INFO    : Load resource configurations for radical.tutorial
2017-05-31 03:36:44,050: rp.session.Ubuntu-1604-xenial-64-minimal.mingtha.017317.0003: MainProcess                     : MainThread     : INFO    : Load resource configurations from /home/mingtha/ve/ve.rp_add_res_cfg/local/lib/python2.7/site-packages/radical/pilot/configs/resource_ncar.json
2017-05-31 03:36:44,051: rp.session.Ubuntu-1604-xenial-64-minimal.mingtha.017317.0003: MainProcess                     : MainThread     : INFO    : Load resource configurations for ncar.yellowstone_ssh
2017-05-31 03:36:44,051: rp.session.Ubuntu-1604-xenial-64-minimal.mingtha.017317.0003: MainProcess                     : MainThread     : INFO    : Load resource configurations from /home/mingtha/ve/ve.rp_add_res_cfg/local/lib/python2.7/site-packages/radical/pilot/configs/resource_rice.json
2017-05-31 03:36:44,052: rp.session.Ubuntu-1604-xenial-64-minimal.mingtha.017317.0003: MainProcess                     : MainThread     : INFO    : Load resource configurations for rice.davinci_ssh
2017-05-31 03:36:44,052: rp.session.Ubuntu-1604-xenial-64-minimal.mingtha.017317.0003: MainProcess                     : MainThread     : INFO    : Load resource configurations for rice.biou_ssh
2017-05-31 03:36:44,053: rp.session.Ubuntu-1604-xenial-64-minimal.mingtha.017317.0003: MainProcess                     : MainThread     : INFO    : Load resource configurations from /home/mingtha/ve/ve.rp_add_res_cfg/local/lib/python2.7/site-packages/radical/pilot/configs/resource_das5.json
2017-05-31 03:36:44,053: rp.session.Ubuntu-1604-xenial-64-minimal.mingtha.017317.0003: MainProcess                     : MainThread     : INFO    : Load resource configurations for das5.fs1_ssh
2017-05-31 03:36:45,081: rp.session.Ubuntu-1604-xenial-64-minimal.mingtha.017317.0003: MainProcess                     : MainThread     : INFO    : New Session created: rp.session.Ubuntu-1604-xenial-64-minimal.mingtha.017317.0003.
2017-05-31 03:36:45,082: rp.session.Ubuntu-1604-xenial-64-minimal.mingtha.017317.0003: MainProcess                     : MainThread     : DEBUG   : start bridges   : {u'control_pubsub': {u'bulk_size': 0, u'log_level': u'debug', u'stall_hwm': 1},
 u'log_pubsub': {u'bulk_size': 0, u'log_level': u'debug', u'stall_hwm': 1},
 u'state_pubsub': {u'bulk_size': 0, u'log_level': u'debug', u'stall_hwm': 1}}
2017-05-31 03:36:45,083: rp.session.Ubuntu-1604-xenial-64-minimal.mingtha.017317.0003: MainProcess                     : MainThread     : INFO    : create bridge control_pubsub
2017-05-31 03:36:45,103: rp.session.Ubuntu-1604-xenial-64-minimal.mingtha.017317.0003: MainProcess                     : MainThread     : INFO    : created bridge control_pubsub (control.pubsub.bridge)
2017-05-31 03:36:45,103: rp.session.Ubuntu-1604-xenial-64-minimal.mingtha.017317.0003: MainProcess                     : MainThread     : INFO    : create bridge state_pubsub
2017-05-31 03:36:45,118: rp.session.Ubuntu-1604-xenial-64-minimal.mingtha.017317.0003: MainProcess                     : MainThread     : INFO    : created bridge state_pubsub (state.pubsub.bridge)
2017-05-31 03:36:45,118: rp.session.Ubuntu-1604-xenial-64-minimal.mingtha.017317.0003: MainProcess                     : MainThread     : INFO    : create bridge log_pubsub
2017-05-31 03:36:45,133: rp.session.Ubuntu-1604-xenial-64-minimal.mingtha.017317.0003: MainProcess                     : MainThread     : INFO    : created bridge log_pubsub (log.pubsub.bridge)
2017-05-31 03:36:45,133: rp.session.Ubuntu-1604-xenial-64-minimal.mingtha.017317.0003: MainProcess                     : MainThread     : DEBUG   : start components: {u'UpdateWorker': {u'count': 1}}
2017-05-31 03:36:45,133: rp.session.Ubuntu-1604-xenial-64-minimal.mingtha.017317.0003: MainProcess                     : MainThread     : DEBUG   : start 1 component(s) UpdateWorker
2017-05-31 03:36:45,716: rp.session.Ubuntu-1604-xenial-64-minimal.mingtha.017317.0003: MainProcess                     : MainThread     : INFO    : rp.session.Ubuntu-1604-xenial-64-minimal.mingtha.017317.0003 starts update.0
2017-05-31 03:36:46,382: rp.session.Ubuntu-1604-xenial-64-minimal.mingtha.017317.0003: MainProcess                     : MainThread     : DEBUG   : rsup.PTYShell('gsissh://bridges.psc.xsede.org:2222/')
2017-05-31 03:36:47,458: rp.session.Ubuntu-1604-xenial-64-minimal.mingtha.017317.0003: MainProcess                     : MainThread     : DEBUG   : sandbox base gsissh://bridges.psc.xsede.org:2222/: '/home/mha'
2017-05-31 03:36:47,663: rp.session.Ubuntu-1604-xenial-64-minimal.mingtha.017317.0003: MainProcess                     : MainThread     : DEBUG   : bulk pilot insert result: {'nModified': 0, 'nUpserted': 0, 'nMatched': 0, 'writeErrors': [], 'upserted': [], 'writeConcernErrors': [], 'nRemoved': 0, 'nInserted': 1}
2017-05-31 03:36:47,670: rp.session.Ubuntu-1604-xenial-64-minimal.mingtha.017317.0003: pmgr.launching.0                : MainThread     : DEBUG   : rsup.PTYShell('gsissh://bridges.psc.xsede.org:2222/')
2017-05-31 03:36:48,447: rp.session.Ubuntu-1604-xenial-64-minimal.mingtha.017317.0003: MainProcess                     : MainThread     : DEBUG   : bulk unit insert result: {'nModified': 0, 'nUpserted': 0, 'nMatched': 0, 'writeErrors': [], 'upserted': [], 'writeConcernErrors': [], 'nRemoved': 0, 'nInserted': 16}
2017-05-31 03:36:48,741: rp.session.Ubuntu-1604-xenial-64-minimal.mingtha.017317.0003: pmgr.launching.0                : MainThread     : DEBUG   : sandbox base gsissh://bridges.psc.xsede.org:2222/: '/home/mha'
2017-05-31 03:44:23,749: rp.session.Ubuntu-1604-xenial-64-minimal.mingtha.017317.0003: MainProcess                     : MainThread     : DEBUG   : session rp.session.Ubuntu-1604-xenial-64-minimal.mingtha.017317.0003 closing
2017-05-31 03:44:23,749: rp.session.Ubuntu-1604-xenial-64-minimal.mingtha.017317.0003: MainProcess                     : MainThread     : DEBUG   : session rp.session.Ubuntu-1604-xenial-64-minimal.mingtha.017317.0003 closes umgr   umgr.0000
2017-05-31 03:44:25,347: rp.session.Ubuntu-1604-xenial-64-minimal.mingtha.017317.0003: MainProcess                     : MainThread     : DEBUG   : session rp.session.Ubuntu-1604-xenial-64-minimal.mingtha.017317.0003 closed umgr   umgr.0000
2017-05-31 03:44:25,347: rp.session.Ubuntu-1604-xenial-64-minimal.mingtha.017317.0003: MainProcess                     : MainThread     : DEBUG   : session rp.session.Ubuntu-1604-xenial-64-minimal.mingtha.017317.0003 closes pmgr   pmgr.0000
2017-05-31 03:44:28,341: rp.session.Ubuntu-1604-xenial-64-minimal.mingtha.017317.0003: MainProcess                     : MainThread     : DEBUG   : session rp.session.Ubuntu-1604-xenial-64-minimal.mingtha.017317.0003 closed pmgr   pmgr.0000
2017-05-31 03:44:28,341: rp.session.Ubuntu-1604-xenial-64-minimal.mingtha.017317.0003: MainProcess                     : MainThread     : DEBUG   : session rp.session.Ubuntu-1604-xenial-64-minimal.mingtha.017317.0003 closes bridge control.pubsub.bridge
2017-05-31 03:44:28,565: rp.session.Ubuntu-1604-xenial-64-minimal.mingtha.017317.0003: MainProcess                     : MainThread     : DEBUG   : session rp.session.Ubuntu-1604-xenial-64-minimal.mingtha.017317.0003 closed bridge control.pubsub.bridge
2017-05-31 03:44:28,566: rp.session.Ubuntu-1604-xenial-64-minimal.mingtha.017317.0003: MainProcess                     : MainThread     : DEBUG   : session rp.session.Ubuntu-1604-xenial-64-minimal.mingtha.017317.0003 closes bridge state.pubsub.bridge
2017-05-31 03:44:28,739: rp.session.Ubuntu-1604-xenial-64-minimal.mingtha.017317.0003: MainProcess                     : MainThread     : DEBUG   : session rp.session.Ubuntu-1604-xenial-64-minimal.mingtha.017317.0003 closed bridge state.pubsub.bridge
2017-05-31 03:44:28,739: rp.session.Ubuntu-1604-xenial-64-minimal.mingtha.017317.0003: MainProcess                     : MainThread     : DEBUG   : session rp.session.Ubuntu-1604-xenial-64-minimal.mingtha.017317.0003 closes bridge log.pubsub.bridge
2017-05-31 03:44:28,856: rp.session.Ubuntu-1604-xenial-64-minimal.mingtha.017317.0003: MainProcess                     : MainThread     : DEBUG   : session rp.session.Ubuntu-1604-xenial-64-minimal.mingtha.017317.0003 closed bridge log.pubsub.bridge
2017-05-31 03:44:28,857: rp.session.Ubuntu-1604-xenial-64-minimal.mingtha.017317.0003: MainProcess                     : MainThread     : DEBUG   : session rp.session.Ubuntu-1604-xenial-64-minimal.mingtha.017317.0003 closes db (False)
2017-05-31 03:44:28,857: rp.session.Ubuntu-1604-xenial-64-minimal.mingtha.017317.0003: MainProcess                     : MainThread     : DEBUG   : session rp.session.Ubuntu-1604-xenial-64-minimal.mingtha.017317.0003 closed (delete=False)
