2017-05-31 03:36:47,809: umgr.staging.output.queue.bridge.child: umgr.staging.output.queue.bridge.child: MainThread     : INFO    : python.interpreter   version: 2.7.12 (default, Nov 19 2016, 06:48:10) [GCC 5.4.0 20160609]
2017-05-31 03:36:47,810: umgr.staging.output.queue.bridge.child: umgr.staging.output.queue.bridge.child: MainThread     : INFO    :                      pid: 9697
2017-05-31 03:36:47,810: umgr.staging.output.queue.bridge.child: umgr.staging.output.queue.bridge.child: MainThread     : INFO    :                      tid: MainThread
2017-05-31 03:36:47,811: umgr.staging.output.queue.bridge.child: umgr.staging.output.queue.bridge.child: MainThread     : INFO    : radical.pilot        version: split-81-gf853cc9b@feature-bridges
2017-05-31 03:36:47,811: umgr.staging.output.queue.bridge.child: umgr.staging.output.queue.bridge.child: MainThread     : INFO    : start bridge umgr.staging.output.queue.bridge.child on tcp://*:*
2017-05-31 03:36:47,812: umgr.staging.output.queue.bridge.child: umgr.staging.output.queue.bridge.child: MainThread     : INFO    : bound bridge umgr.staging.output.queue.bridge.child to tcp://0.0.0.0:45370 : tcp://0.0.0.0:43357
2017-05-31 03:43:55,990: umgr.staging.output.queue.bridge.child: umgr.staging.output.queue.bridge.child: MainThread     : DEBUG   : sent  1 [hwm: 1]
2017-05-31 03:43:57,301: umgr.staging.output.queue.bridge.child: umgr.staging.output.queue.bridge.child: MainThread     : DEBUG   : sent  1 [hwm: 1]
2017-05-31 03:44:04,452: umgr.staging.output.queue.bridge.child: umgr.staging.output.queue.bridge.child: MainThread     : DEBUG   : sent  1 [hwm: 1]
2017-05-31 03:44:06,872: umgr.staging.output.queue.bridge.child: umgr.staging.output.queue.bridge.child: MainThread     : DEBUG   : sent  1 [hwm: 1]
2017-05-31 03:44:08,182: umgr.staging.output.queue.bridge.child: umgr.staging.output.queue.bridge.child: MainThread     : DEBUG   : sent  1 [hwm: 1]
2017-05-31 03:44:09,492: umgr.staging.output.queue.bridge.child: umgr.staging.output.queue.bridge.child: MainThread     : DEBUG   : sent  1 [hwm: 1]
2017-05-31 03:44:10,802: umgr.staging.output.queue.bridge.child: umgr.staging.output.queue.bridge.child: MainThread     : DEBUG   : sent  1 [hwm: 1]
2017-05-31 03:44:12,110: umgr.staging.output.queue.bridge.child: umgr.staging.output.queue.bridge.child: MainThread     : DEBUG   : sent  1 [hwm: 1]
2017-05-31 03:44:14,525: umgr.staging.output.queue.bridge.child: umgr.staging.output.queue.bridge.child: MainThread     : DEBUG   : sent  1 [hwm: 1]
2017-05-31 03:44:15,834: umgr.staging.output.queue.bridge.child: umgr.staging.output.queue.bridge.child: MainThread     : DEBUG   : sent  1 [hwm: 1]
2017-05-31 03:44:18,247: umgr.staging.output.queue.bridge.child: umgr.staging.output.queue.bridge.child: MainThread     : DEBUG   : sent  1 [hwm: 1]
2017-05-31 03:44:19,558: umgr.staging.output.queue.bridge.child: umgr.staging.output.queue.bridge.child: MainThread     : DEBUG   : sent  1 [hwm: 1]
2017-05-31 03:44:20,866: umgr.staging.output.queue.bridge.child: umgr.staging.output.queue.bridge.child: MainThread     : DEBUG   : sent  1 [hwm: 1]
2017-05-31 03:44:22,207: umgr.staging.output.queue.bridge.child: umgr.staging.output.queue.bridge.child: MainThread     : DEBUG   : sent  1 [hwm: 1]
