000 (9907230.000.000) 10/27 14:51:12 Job submitted from host: <129.79.53.198:9615?addrs=129.79.53.198-9615+[fd2f-6feb-37--1f]-9615&noUDP&sock=930205_24f3_5>
...
001 (9907230.000.000) 10/27 16:13:35 Job executing on host: <10.0.255.218:39547?CCBID=129.79.53.179:9858%3faddrs%3d129.79.53.179-9858+[fd2f-6feb-37--1d]-9858#1878574&addrs=10.0.255.218-39547+[--1]-39547&noUDP>
...
006 (9907230.000.000) 10/27 16:13:43 Image size of job updated: 1
	3  -  MemoryUsage of job (MB)
	2504  -  ResidentSetSize of job (KB)
...
006 (9907230.000.000) 10/27 16:18:45 Image size of job updated: 86712
	20  -  MemoryUsage of job (MB)
	20260  -  ResidentSetSize of job (KB)
...
006 (9907230.000.000) 10/27 16:31:44 Image size of job updated: 88040
	20  -  MemoryUsage of job (MB)
	20260  -  ResidentSetSize of job (KB)
...
005 (9907230.000.000) 10/27 16:31:44 Job terminated.
	(1) Normal termination (return value 0)
		Usr 0 00:18:00, Sys 0 00:00:00  -  Run Remote Usage
		Usr 0 00:00:00, Sys 0 00:00:00  -  Run Local Usage
		Usr 0 00:18:00, Sys 0 00:00:00  -  Total Remote Usage
		Usr 0 00:00:00, Sys 0 00:00:00  -  Total Local Usage
	26016  -  Run Bytes Sent By Job
	816753  -  Run Bytes Received By Job
	26016  -  Total Bytes Sent By Job
	816753  -  Total Bytes Received By Job
	Partitionable Resources :    Usage  Request Allocated
	   Cpus                 :                 1         1
	   Disk (KB)            :     3012     1000  41510260
	   Memory (MB)          :       20     1800      2048
...
