2017-10-15 19:58:11,361: umgr.staging.input.0: MainProcess                     : MainThread     : INFO    : python.interpreter   version: 2.7.12 (default, Nov 19 2016, 06:48:10) [GCC 5.4.0 20160609]
2017-10-15 19:58:11,361: umgr.staging.input.0: MainProcess                     : MainThread     : INFO    :                      pid: 31051
2017-10-15 19:58:11,361: umgr.staging.input.0: MainProcess                     : MainThread     : INFO    :                      tid: MainThread
2017-10-15 19:58:11,362: umgr.staging.input.0: MainProcess                     : MainThread     : INFO    : radical.pilot        version: 0.47-v0.46.2-133-g78e0b005@rc-v0.46.3
2017-10-15 19:58:11,420: umgr.staging.input.0: MainProcess                     : MainThread     : DEBUG   : alive check in term
2017-10-15 19:58:11,421: umgr.staging.input.0: MainProcess                     : MainThread     : DEBUG   : start process
2017-10-15 19:58:11,578: umgr.staging.input.0: MainProcess                     : MainThread     : INFO    : recv message: alive
2017-10-15 19:58:11,580: umgr.staging.input.0: MainProcess                     : MainThread     : INFO    : initialize umgr.staging.input.0
2017-10-15 19:58:11,589: umgr.staging.input.0: MainProcess                     : MainThread     : INFO    : cfg: {'agents': {},
 u'bridges': {u'control_pubsub': {'addr_in': 'tcp://138.201.86.166:45510',
                                  'addr_out': 'tcp://138.201.86.166:35881',
                                  u'bulk_size': 0,
                                  u'log_level': u'debug',
                                  u'stall_hwm': 1},
              u'log_pubsub': {'addr_in': 'tcp://138.201.86.166:32958',
                              'addr_out': 'tcp://138.201.86.166:41801',
                              u'bulk_size': 0,
                              u'log_level': u'debug',
                              u'stall_hwm': 1},
              u'state_pubsub': {'addr_in': 'tcp://138.201.86.166:44409',
                                'addr_out': 'tcp://138.201.86.166:35783',
                                u'bulk_size': 0,
                                u'log_level': u'debug',
                                u'stall_hwm': 1},
              u'umgr_reschedule_pubsub': {'addr_in': 'tcp://138.201.86.166:43452',
                                          'addr_out': 'tcp://138.201.86.166:38797',
                                          u'bulk_size': 0,
                                          u'log_level': u'debug',
                                          u'stall_hwm': 1},
              u'umgr_scheduling_queue': {'addr_in': 'tcp://138.201.86.166:35717',
                                         'addr_out': 'tcp://138.201.86.166:36388',
                                         u'bulk_size': 0,
                                         u'log_level': u'debug',
                                         u'stall_hwm': 1},
              u'umgr_staging_input_queue': {'addr_in': 'tcp://138.201.86.166:42153',
                                            'addr_out': 'tcp://138.201.86.166:35862',
                                            u'bulk_size': 0,
                                            u'log_level': u'debug',
                                            u'stall_hwm': 1},
              u'umgr_staging_output_queue': {'addr_in': 'tcp://138.201.86.166:40379',
                                             'addr_out': 'tcp://138.201.86.166:39117',
                                             u'bulk_size': 0,
                                             u'log_level': u'debug',
                                             u'stall_hwm': 1},
              u'umgr_unschedule_pubsub': {'addr_in': 'tcp://138.201.86.166:45067',
                                          'addr_out': 'tcp://138.201.86.166:36533',
                                          u'bulk_size': 0,
                                          u'log_level': u'debug',
                                          u'stall_hwm': 1}},
 u'bulk_collection_size': 100,
 u'bulk_collection_time': 1.0,
 'cname': u'UMGRStagingInputComponent',
 u'components': {},
 u'count': 1,
 u'db_poll_sleeptime': 1.0,
 'number': 0,
 'owner': 'umgr.0000',
 u'scheduler': u'round_robin',
 'uid': 'umgr.0000'}
2017-10-15 19:58:11,589: umgr.staging.input.0: MainProcess                     : MainThread     : DEBUG   : alive check in term
2017-10-15 19:58:11,590: umgr.staging.input.0: MainProcess                     : MainThread     : DEBUG   : START: umgr.staging.input.0 register publisher log_pubsub
2017-10-15 19:58:11,590: umgr.staging.input.0: MainProcess                     : MainThread     : DEBUG   : using addr tcp://138.201.86.166:32958 for pubsub log_pubsub
2017-10-15 19:58:11,595: umgr.staging.input.0: MainProcess                     : MainThread     : DEBUG   : registered publisher : log_pubsub : log.pubsub.pub.0003
2017-10-15 19:58:11,595: umgr.staging.input.0: MainProcess                     : MainThread     : DEBUG   : alive check in term
2017-10-15 19:58:11,595: umgr.staging.input.0: MainProcess                     : MainThread     : DEBUG   : START: umgr.staging.input.0 register publisher state_pubsub
2017-10-15 19:58:11,595: umgr.staging.input.0: MainProcess                     : MainThread     : DEBUG   : using addr tcp://138.201.86.166:44409 for pubsub state_pubsub
2017-10-15 19:58:11,599: umgr.staging.input.0: MainProcess                     : MainThread     : DEBUG   : registered publisher : state_pubsub : state.pubsub.pub.0003
2017-10-15 19:58:11,599: umgr.staging.input.0: MainProcess                     : MainThread     : DEBUG   : alive check in term
2017-10-15 19:58:11,599: umgr.staging.input.0: MainProcess                     : MainThread     : DEBUG   : START: umgr.staging.input.0 register publisher control_pubsub
2017-10-15 19:58:11,599: umgr.staging.input.0: MainProcess                     : MainThread     : DEBUG   : using addr tcp://138.201.86.166:45510 for pubsub control_pubsub
2017-10-15 19:58:11,602: umgr.staging.input.0: MainProcess                     : MainThread     : DEBUG   : registered publisher : control_pubsub : control.pubsub.pub.0003
2017-10-15 19:58:11,602: umgr.staging.input.0: MainProcess                     : MainThread     : DEBUG   : parent name: umgr.staging.input.0.watch
2017-10-15 19:58:11,602: umgr.staging.input.0: MainProcess                     : MainThread     : DEBUG   : start thread
2017-10-15 19:58:11,603: umgr.staging.input.0: MainProcess                     : umgr.staging.input.0.watch: DEBUG   : child name: umgr.staging.input.0.watch.thread
2017-10-15 19:58:11,603: umgr.staging.input.0: MainProcess                     : umgr.staging.input.0.watch: INFO    : child (me) initializing
2017-10-15 19:58:11,603: umgr.staging.input.0: MainProcess                     : umgr.staging.input.0.watch: DEBUG   : ru_initialize_common (NOOP)
2017-10-15 19:58:11,603: umgr.staging.input.0: MainProcess                     : umgr.staging.input.0.watch: DEBUG   : ru_initialize_child (NOOP)
2017-10-15 19:58:11,603: umgr.staging.input.0: MainProcess                     : umgr.staging.input.0.watch: INFO    : send alive
2017-10-15 19:58:11,603: umgr.staging.input.0: MainProcess                     : umgr.staging.input.0.watch: INFO    : put message: [umgr.staging.input.0.watch.thread] alive
2017-10-15 19:58:11,604: umgr.staging.input.0: MainProcess                     : MainThread     : INFO    : get msg: alive
2017-10-15 19:58:11,604: umgr.staging.input.0: MainProcess                     : MainThread     : DEBUG   : ru_initialize_common (NOOP)
2017-10-15 19:58:11,604: umgr.staging.input.0: MainProcess                     : MainThread     : DEBUG   : ru_initialize_parent (NOOP)
2017-10-15 19:58:11,604: umgr.staging.input.0: MainProcess                     : MainThread     : DEBUG   : child thread umgr.staging.input.0.watch started
2017-10-15 19:58:11,605: umgr.staging.input.0: MainProcess                     : MainThread     : INFO    : child is alive
2017-10-15 19:58:11,605: umgr.staging.input.0: MainProcess                     : MainThread     : DEBUG   : process class started child
2017-10-15 20:02:26,207: umgr.staging.input.0: MainProcess                     : umgr.0000.idler._unit_pull_cb: INFO    : stop umgr.staging.input.0 (31051 : 31764 : umgr.0000.idler._unit_pull_cb) [radical.pilot.unit_manager.UnitManager.finalize_parent]
2017-10-15 20:02:26,207: umgr.staging.input.0: MainProcess                     : umgr.0000.idler._unit_pull_cb: INFO    : parent stops child  31051 -> 31764 [umgr.staging.input.0]
2017-10-15 20:02:26,207: umgr.staging.input.0: MainProcess                     : umgr.0000.idler._unit_pull_cb: INFO    : send message: [umgr.staging.input.0] STOP
2017-10-15 20:02:26,207: umgr.staging.input.0: MainProcess                     : umgr.0000.idler._unit_pull_cb: DEBUG   : ru_finalize_common()
2017-10-15 20:02:26,207: umgr.staging.input.0: MainProcess                     : umgr.0000.idler._unit_pull_cb: DEBUG   : TERM : umgr.staging.input.0 unregister publisher log_pubsub
2017-10-15 20:02:26,208: umgr.staging.input.0: MainProcess                     : umgr.0000.idler._unit_pull_cb: DEBUG   : unregistered publisher log_pubsub
2017-10-15 20:02:26,208: umgr.staging.input.0: MainProcess                     : umgr.0000.idler._unit_pull_cb: DEBUG   : TERM : umgr.staging.input.0 unregister publisher state_pubsub
2017-10-15 20:02:26,208: umgr.staging.input.0: MainProcess                     : umgr.0000.idler._unit_pull_cb: DEBUG   : unregistered publisher state_pubsub
2017-10-15 20:02:26,208: umgr.staging.input.0: MainProcess                     : umgr.0000.idler._unit_pull_cb: DEBUG   : TERM : umgr.staging.input.0 unregister publisher control_pubsub
2017-10-15 20:02:26,209: umgr.staging.input.0: MainProcess                     : umgr.0000.idler._unit_pull_cb: DEBUG   : unregistered publisher control_pubsub
2017-10-15 20:02:26,209: umgr.staging.input.0: MainProcess                     : umgr.0000.idler._unit_pull_cb: DEBUG   : umgr.staging.input.0 close prof
2017-10-15 20:02:26,232: umgr.staging.input.0: MainProcess                     : umgr.staging.input.0.watch: INFO    : recv message: 
2017-10-15 20:02:26,232: umgr.staging.input.0: MainProcess                     : umgr.staging.input.0.watch: INFO    : message received: 
2017-10-15 20:02:26,232: umgr.staging.input.0: MainProcess                     : umgr.staging.input.0.watch: WARNING : message received is an empty string, assuming parent closed endpoint
2017-10-15 20:02:26,232: umgr.staging.input.0: MainProcess                     : umgr.staging.input.0.watch: INFO    : watcher closes
2017-10-15 20:02:26,232: umgr.staging.input.0: MainProcess                     : umgr.staging.input.0.watch: INFO    : put message: [umgr.staging.input.0.watch.thread] work finished
2017-10-15 20:02:26,232: umgr.staging.input.0: MainProcess                     : umgr.staging.input.0.watch: DEBUG   : ru_finalize_child (NOOP)
2017-10-15 20:02:26,232: umgr.staging.input.0: MainProcess                     : umgr.staging.input.0.watch: DEBUG   : ru_finalize_common (NOOP)
2017-10-15 20:02:26,232: umgr.staging.input.0: MainProcess                     : umgr.staging.input.0.watch: INFO    : put message: [umgr.staging.input.0.watch.thread] terminating
2017-10-15 20:02:26,283: umgr.staging.input.0: MainProcess                     : umgr.0000.idler._unit_pull_cb: INFO    : signal stop for umgr.0000.idler._unit_pull_cb - do not join
2017-10-15 20:02:31,213: umgr.staging.input.0: MainProcess                     : umgr.0000.idler._unit_pull_cb: INFO    : stop umgr.staging.input.0 (31051 : 31764 : umgr.0000.idler._unit_pull_cb) [radical.pilot.utils.component.UnitManager.ru_finalize_common]
