000 (9894415.000.000) 10/26 23:42:09 Job submitted from host: <129.79.53.198:9615?addrs=129.79.53.198-9615+[fd2f-6feb-37--1f]-9615&noUDP&sock=930205_24f3_5>
...
001 (9894415.000.000) 10/27 01:47:49 Job executing on host: <149.165.225.184:35167?CCBID=129.79.53.179:9731%3faddrs%3d129.79.53.179-9731+[fd2f-6feb-37--1d]-9731#1925781&addrs=149.165.225.184-35167+[--1]-35167&noUDP>
...
006 (9894415.000.000) 10/27 01:47:58 Image size of job updated: 1
	4  -  MemoryUsage of job (MB)
	3796  -  ResidentSetSize of job (KB)
...
006 (9894415.000.000) 10/27 01:52:59 Image size of job updated: 101372
	26  -  MemoryUsage of job (MB)
	26148  -  ResidentSetSize of job (KB)
...
006 (9894415.000.000) 10/27 02:08:00 Image size of job updated: 102800
	26  -  MemoryUsage of job (MB)
	26148  -  ResidentSetSize of job (KB)
...
006 (9894415.000.000) 10/27 02:18:01 Image size of job updated: 102800
	27  -  MemoryUsage of job (MB)
	27348  -  ResidentSetSize of job (KB)
...
006 (9894415.000.000) 10/27 02:48:05 Image size of job updated: 102800
	29  -  MemoryUsage of job (MB)
	29184  -  ResidentSetSize of job (KB)
...
005 (9894415.000.000) 10/27 04:33:38 Job terminated.
	(1) Normal termination (return value 0)
		Usr 0 02:43:39, Sys 0 00:01:16  -  Run Remote Usage
		Usr 0 00:00:00, Sys 0 00:00:00  -  Run Local Usage
		Usr 0 02:43:39, Sys 0 00:01:16  -  Total Remote Usage
		Usr 0 00:00:00, Sys 0 00:00:00  -  Total Local Usage
	34993  -  Run Bytes Sent By Job
	816753  -  Run Bytes Received By Job
	34993  -  Total Bytes Sent By Job
	816753  -  Total Bytes Received By Job
	Partitionable Resources :    Usage  Request Allocated
	   Cpus                 :                 1         1
	   Disk (KB)            :     3021     1000 756513048
	   Memory (MB)          :       29     1800      1920
...
