2017-04-16 19:04:48,515: radical.saga.pty    : umgr.scheduling.2               : MainThread     : ERROR   : read from process failed '[Errno 5] Input/output error' : (the password prompt
2) At the TACC Token prompt, enter your 6-digit code followed by <return>.  

Authenticated with partial success.
TACC Token Code:
TACC Token Code:
TACC Token Code:
Permission denied (gssapi-keyex,gssapi-with-mic,keyboard-interactive).
) ((To access the system:

1) If not using ssh-keys, please enter your TACC password at the password prompt
2) At the TACC Token prompt, enter your 6-digit code followed by <return>.  

Authenticated with partial success.
TACC Token Code:
TACC Token Code:
TACC Token Code:
Permission denied (gssapi-keyex,gssapi-with-mic,keyboard-interactive).
)) (/home/mingtha/ve/ve.exec_model_exp/local/lib/python2.7/site-packages/saga/utils/pty_exceptions.py +49 (translate_exception)  :  e = se.AuthorizationFailed (cmsg))
Traceback (most recent call last):
  File "/home/mingtha/ve/ve.exec_model_exp/local/lib/python2.7/site-packages/saga/utils/pty_shell_factory.py", line 307, in _initialize_pty
    n, match = pty_shell.find (prompt_patterns, delay)
  File "/home/mingtha/ve/ve.exec_model_exp/local/lib/python2.7/site-packages/saga/utils/pty_process.py", line 790, in find
    raise ptye.translate_exception (e, "(%s)" % data)
AuthorizationFailed: read from process failed '[Errno 5] Input/output error' : (the password prompt
2) At the TACC Token prompt, enter your 6-digit code followed by <return>.  

Authenticated with partial success.
TACC Token Code:
TACC Token Code:
TACC Token Code:
Permission denied (gssapi-keyex,gssapi-with-mic,keyboard-interactive).
) ((To access the system:

1) If not using ssh-keys, please enter your TACC password at the password prompt
2) At the TACC Token prompt, enter your 6-digit code followed by <return>.  

Authenticated with partial success.
TACC Token Code:
TACC Token Code:
TACC Token Code:
Permission denied (gssapi-keyex,gssapi-with-mic,keyboard-interactive).
)) (/home/mingtha/ve/ve.exec_model_exp/local/lib/python2.7/site-packages/saga/utils/pty_exceptions.py +49 (translate_exception)  :  e = se.AuthorizationFailed (cmsg))
2017-04-16 19:04:59,728: radical.saga.pty    : umgr.scheduling.2               : MainThread     : ERROR   : read from process failed '[Errno 5] Input/output error' : (the password prompt
2) At the TACC Token prompt, enter your 6-digit code followed by <return>.  

Authenticated with partial success.
TACC Token Code:
TACC Token Code:
TACC Token Code:
Permission denied (gssapi-keyex,gssapi-with-mic,keyboard-interactive).
) ((To access the system:

1) If not using ssh-keys, please enter your TACC password at the password prompt
2) At the TACC Token prompt, enter your 6-digit code followed by <return>.  

Authenticated with partial success.
TACC Token Code:
TACC Token Code:
TACC Token Code:
Permission denied (gssapi-keyex,gssapi-with-mic,keyboard-interactive).
)) (/home/mingtha/ve/ve.exec_model_exp/local/lib/python2.7/site-packages/saga/utils/pty_exceptions.py +49 (translate_exception)  :  e = se.AuthorizationFailed (cmsg))
Traceback (most recent call last):
  File "/home/mingtha/ve/ve.exec_model_exp/local/lib/python2.7/site-packages/saga/utils/pty_shell_factory.py", line 307, in _initialize_pty
    n, match = pty_shell.find (prompt_patterns, delay)
  File "/home/mingtha/ve/ve.exec_model_exp/local/lib/python2.7/site-packages/saga/utils/pty_process.py", line 790, in find
    raise ptye.translate_exception (e, "(%s)" % data)
AuthorizationFailed: read from process failed '[Errno 5] Input/output error' : (the password prompt
2) At the TACC Token prompt, enter your 6-digit code followed by <return>.  

Authenticated with partial success.
TACC Token Code:
TACC Token Code:
TACC Token Code:
Permission denied (gssapi-keyex,gssapi-with-mic,keyboard-interactive).
) ((To access the system:

1) If not using ssh-keys, please enter your TACC password at the password prompt
2) At the TACC Token prompt, enter your 6-digit code followed by <return>.  

Authenticated with partial success.
TACC Token Code:
TACC Token Code:
TACC Token Code:
Permission denied (gssapi-keyex,gssapi-with-mic,keyboard-interactive).
)) (/home/mingtha/ve/ve.exec_model_exp/local/lib/python2.7/site-packages/saga/utils/pty_exceptions.py +49 (translate_exception)  :  e = se.AuthorizationFailed (cmsg))
2017-04-16 19:05:09,950: radical.saga.pty    : umgr.scheduling.2               : MainThread     : ERROR   : read from process failed '[Errno 5] Input/output error' : (the password prompt
2) At the TACC Token prompt, enter your 6-digit code followed by <return>.  

Authenticated with partial success.
TACC Token Code:
TACC Token Code:
TACC Token Code:
Permission denied (gssapi-keyex,gssapi-with-mic,keyboard-interactive).
) ((To access the system:

1) If not using ssh-keys, please enter your TACC password at the password prompt
2) At the TACC Token prompt, enter your 6-digit code followed by <return>.  

Authenticated with partial success.
TACC Token Code:
TACC Token Code:
TACC Token Code:
Permission denied (gssapi-keyex,gssapi-with-mic,keyboard-interactive).
)) (/home/mingtha/ve/ve.exec_model_exp/local/lib/python2.7/site-packages/saga/utils/pty_exceptions.py +49 (translate_exception)  :  e = se.AuthorizationFailed (cmsg))
Traceback (most recent call last):
  File "/home/mingtha/ve/ve.exec_model_exp/local/lib/python2.7/site-packages/saga/utils/pty_shell_factory.py", line 307, in _initialize_pty
    n, match = pty_shell.find (prompt_patterns, delay)
  File "/home/mingtha/ve/ve.exec_model_exp/local/lib/python2.7/site-packages/saga/utils/pty_process.py", line 790, in find
    raise ptye.translate_exception (e, "(%s)" % data)
AuthorizationFailed: read from process failed '[Errno 5] Input/output error' : (the password prompt
2) At the TACC Token prompt, enter your 6-digit code followed by <return>.  

Authenticated with partial success.
TACC Token Code:
TACC Token Code:
TACC Token Code:
Permission denied (gssapi-keyex,gssapi-with-mic,keyboard-interactive).
) ((To access the system:

1) If not using ssh-keys, please enter your TACC password at the password prompt
2) At the TACC Token prompt, enter your 6-digit code followed by <return>.  

Authenticated with partial success.
TACC Token Code:
TACC Token Code:
TACC Token Code:
Permission denied (gssapi-keyex,gssapi-with-mic,keyboard-interactive).
)) (/home/mingtha/ve/ve.exec_model_exp/local/lib/python2.7/site-packages/saga/utils/pty_exceptions.py +49 (translate_exception)  :  e = se.AuthorizationFailed (cmsg))
2017-04-16 19:05:20,159: radical.saga.pty    : umgr.scheduling.2               : MainThread     : ERROR   : read from process failed '[Errno 5] Input/output error' : (the password prompt
2) At the TACC Token prompt, enter your 6-digit code followed by <return>.  

Authenticated with partial success.
TACC Token Code:
TACC Token Code:
TACC Token Code:
Permission denied (gssapi-keyex,gssapi-with-mic,keyboard-interactive).
) ((To access the system:

1) If not using ssh-keys, please enter your TACC password at the password prompt
2) At the TACC Token prompt, enter your 6-digit code followed by <return>.  

Authenticated with partial success.
TACC Token Code:
TACC Token Code:
TACC Token Code:
Permission denied (gssapi-keyex,gssapi-with-mic,keyboard-interactive).
)) (/home/mingtha/ve/ve.exec_model_exp/local/lib/python2.7/site-packages/saga/utils/pty_exceptions.py +49 (translate_exception)  :  e = se.AuthorizationFailed (cmsg))
Traceback (most recent call last):
  File "/home/mingtha/ve/ve.exec_model_exp/local/lib/python2.7/site-packages/saga/utils/pty_shell_factory.py", line 307, in _initialize_pty
    n, match = pty_shell.find (prompt_patterns, delay)
  File "/home/mingtha/ve/ve.exec_model_exp/local/lib/python2.7/site-packages/saga/utils/pty_process.py", line 790, in find
    raise ptye.translate_exception (e, "(%s)" % data)
AuthorizationFailed: read from process failed '[Errno 5] Input/output error' : (the password prompt
2) At the TACC Token prompt, enter your 6-digit code followed by <return>.  

Authenticated with partial success.
TACC Token Code:
TACC Token Code:
TACC Token Code:
Permission denied (gssapi-keyex,gssapi-with-mic,keyboard-interactive).
) ((To access the system:

1) If not using ssh-keys, please enter your TACC password at the password prompt
2) At the TACC Token prompt, enter your 6-digit code followed by <return>.  

Authenticated with partial success.
TACC Token Code:
TACC Token Code:
TACC Token Code:
Permission denied (gssapi-keyex,gssapi-with-mic,keyboard-interactive).
)) (/home/mingtha/ve/ve.exec_model_exp/local/lib/python2.7/site-packages/saga/utils/pty_exceptions.py +49 (translate_exception)  :  e = se.AuthorizationFailed (cmsg))
2017-04-16 19:05:30,368: radical.saga.pty    : umgr.scheduling.2               : MainThread     : ERROR   : read from process failed '[Errno 5] Input/output error' : (the password prompt
2) At the TACC Token prompt, enter your 6-digit code followed by <return>.  

Authenticated with partial success.
TACC Token Code:
TACC Token Code:
TACC Token Code:
Permission denied (gssapi-keyex,gssapi-with-mic,keyboard-interactive).
) ((To access the system:

1) If not using ssh-keys, please enter your TACC password at the password prompt
2) At the TACC Token prompt, enter your 6-digit code followed by <return>.  

Authenticated with partial success.
TACC Token Code:
TACC Token Code:
TACC Token Code:
Permission denied (gssapi-keyex,gssapi-with-mic,keyboard-interactive).
)) (/home/mingtha/ve/ve.exec_model_exp/local/lib/python2.7/site-packages/saga/utils/pty_exceptions.py +49 (translate_exception)  :  e = se.AuthorizationFailed (cmsg))
Traceback (most recent call last):
  File "/home/mingtha/ve/ve.exec_model_exp/local/lib/python2.7/site-packages/saga/utils/pty_shell_factory.py", line 307, in _initialize_pty
    n, match = pty_shell.find (prompt_patterns, delay)
  File "/home/mingtha/ve/ve.exec_model_exp/local/lib/python2.7/site-packages/saga/utils/pty_process.py", line 790, in find
    raise ptye.translate_exception (e, "(%s)" % data)
AuthorizationFailed: read from process failed '[Errno 5] Input/output error' : (the password prompt
2) At the TACC Token prompt, enter your 6-digit code followed by <return>.  

Authenticated with partial success.
TACC Token Code:
TACC Token Code:
TACC Token Code:
Permission denied (gssapi-keyex,gssapi-with-mic,keyboard-interactive).
) ((To access the system:

1) If not using ssh-keys, please enter your TACC password at the password prompt
2) At the TACC Token prompt, enter your 6-digit code followed by <return>.  

Authenticated with partial success.
TACC Token Code:
TACC Token Code:
TACC Token Code:
Permission denied (gssapi-keyex,gssapi-with-mic,keyboard-interactive).
)) (/home/mingtha/ve/ve.exec_model_exp/local/lib/python2.7/site-packages/saga/utils/pty_exceptions.py +49 (translate_exception)  :  e = se.AuthorizationFailed (cmsg))
