Log file opened on Fri Oct 27 14:25:13 2017
Host: iut2-c158.iu.edu  pid: 60  rank ID: 0  number of ranks:  1
GROMACS:    gmx mdrun, VERSION 5.0

GROMACS is written by:
Emile Apol         Rossen Apostolov   Herman J.C. Berendsen Par Bjelkmar       
Aldert van Buuren  Rudi van Drunen    Anton Feenstra     Sebastian Fritsch  
Gerrit Groenhof    Christoph Junghans Peter Kasson       Carsten Kutzner    
Per Larsson        Justin A. Lemkul   Magnus Lundborg    Pieter Meulenhoff  
Erik Marklund      Teemu Murtola      Szilard Pall       Sander Pronk       
Roland Schulz      Alexey Shvetsov    Michael Shirts     Alfons Sijbers     
Peter Tieleman     Christian Wennberg Maarten Wolf       
and the project leaders:
Mark Abraham, Berk Hess, Erik Lindahl, and David van der Spoel

Copyright (c) 1991-2000, University of Groningen, The Netherlands.
Copyright (c) 2001-2014, The GROMACS development team at
Uppsala University, Stockholm University and
the Royal Institute of Technology, Sweden.
check out http://www.gromacs.org for more information.

GROMACS is free software; you can redistribute it and/or modify it
under the terms of the GNU Lesser General Public License
as published by the Free Software Foundation; either version 2.1
of the License, or (at your option) any later version.

GROMACS:      gmx mdrun, VERSION 5.0
Executable:   /cvmfs/oasis.opensciencegrid.org/osg/modules/gromacs/5.0.0/bin/gmx
Library dir:  /cvmfs/oasis.opensciencegrid.org/osg/modules/gromacs/5.0.0/share/gromacs/top
Command line:
  gmx mdrun -ntomp 1 -nt 1 -s out.tpr -c out.gro

Gromacs version:    VERSION 5.0
Precision:          single
Memory model:       64 bit
MPI library:        thread_mpi
OpenMP support:     enabled
GPU support:        disabled
invsqrt routine:    gmx_software_invsqrt(x)
SIMD instructions:  SSE4.1
FFT library:        fftw-3.3.4-sse2
RDTSCP usage:       disabled
C++11 compilation:  disabled
TNG support:        enabled
Tracing support:    disabled
Built on:           Mon Aug 25 12:33:03 CDT 2014
Built by:           sthapa@itb2.uchicago.edu [CMAKE]
Build OS/arch:      Linux 2.6.32-431.1.2.el6.x86_64 x86_64
Build CPU vendor:   GenuineIntel
Build CPU brand:    Intel(R) Xeon(R) CPU           E5440  @ 2.83GHz
Build CPU family:   6   Model: 23   Stepping: 6
Build CPU features: apic clfsh cmov cx8 cx16 lahf_lm mmx msr pdcm pse sse2 sse3 sse4.1 ssse3
C compiler:         /usr/bin/gcc GNU 4.4.7
C compiler flags:    -msse4.1   -Wno-maybe-uninitialized -Wextra -Wno-missing-field-initializers -Wno-sign-compare -Wpointer-arith -Wall -Wno-unused -Wunused-value -Wunused-parameter   -fomit-frame-pointer -funroll-all-loops  -Wno-array-bounds  -O3 -DNDEBUG
C++ compiler:       /usr/bin/c++ GNU 4.4.7
C++ compiler flags:  -msse4.1   -Wextra -Wno-missing-field-initializers -Wpointer-arith -Wall -Wno-unused-function   -fomit-frame-pointer -funroll-all-loops  -Wno-array-bounds  -O3 -DNDEBUG
Boost version:      1.55.0 (internal)



++++ PLEASE READ AND CITE THE FOLLOWING REFERENCE ++++
B. Hess and C. Kutzner and D. van der Spoel and E. Lindahl
GROMACS 4: Algorithms for highly efficient, load-balanced, and scalable
molecular simulation
J. Chem. Theory Comput. 4 (2008) pp. 435-447
-------- -------- --- Thank You --- -------- --------


++++ PLEASE READ AND CITE THE FOLLOWING REFERENCE ++++
D. van der Spoel, E. Lindahl, B. Hess, G. Groenhof, A. E. Mark and H. J. C.
Berendsen
GROMACS: Fast, Flexible and Free
J. Comp. Chem. 26 (2005) pp. 1701-1719
-------- -------- --- Thank You --- -------- --------


++++ PLEASE READ AND CITE THE FOLLOWING REFERENCE ++++
E. Lindahl and B. Hess and D. van der Spoel
GROMACS 3.0: A package for molecular simulation and trajectory analysis
J. Mol. Mod. 7 (2001) pp. 306-317
-------- -------- --- Thank You --- -------- --------


++++ PLEASE READ AND CITE THE FOLLOWING REFERENCE ++++
H. J. C. Berendsen, D. van der Spoel and R. van Drunen
GROMACS: A message-passing parallel molecular dynamics implementation
Comp. Phys. Comm. 91 (1995) pp. 43-56
-------- -------- --- Thank You --- -------- --------

Input Parameters:
   integrator                     = md
   tinit                          = 0
   dt                             = 0.002
   nsteps                         = 25000
   init-step                      = 0
   simulation-part                = 1
   comm-mode                      = Linear
   nstcomm                        = 100
   bd-fric                        = 0
   ld-seed                        = 1898883834
   emtol                          = 10
   emstep                         = 0.01
   niter                          = 20
   fcstep                         = 0
   nstcgsteep                     = 1000
   nbfgscorr                      = 10
   rtpi                           = 0.05
   nstxout                        = 0
   nstvout                        = 0
   nstfout                        = 0
   nstlog                         = 5000
   nstcalcenergy                  = 100
   nstenergy                      = 0
   nstxout-compressed             = 0
   compressed-x-precision         = 1000
   cutoff-scheme                  = Verlet
   nstlist                        = 20
   ns-type                        = Grid
   pbc                            = xyz
   periodic-molecules             = FALSE
   verlet-buffer-tolerance        = 0.005
   rlist                          = 1.041
   rlistlong                      = 1.041
   nstcalclr                      = 20
   coulombtype                    = PME
   coulomb-modifier               = Potential-shift
   rcoulomb-switch                = 0
   rcoulomb                       = 1
   epsilon-r                      = 1
   epsilon-rf                     = inf
   vdw-type                       = PME
   vdw-modifier                   = Potential-shift
   rvdw-switch                    = 0
   rvdw                           = 1
   DispCorr                       = No
   table-extension                = 1
   fourierspacing                 = 0.1
   fourier-nx                     = 52
   fourier-ny                     = 52
   fourier-nz                     = 52
   pme-order                      = 4
   ewald-rtol                     = 1e-05
   ewald-rtol-lj                  = 0.001
   lj-pme-comb-rule               = Geometric
   ewald-geometry                 = 0
   epsilon-surface                = 0
   implicit-solvent               = No
   gb-algorithm                   = Still
   nstgbradii                     = 1
   rgbradii                       = 1
   gb-epsilon-solvent             = 80
   gb-saltconc                    = 0
   gb-obc-alpha                   = 1
   gb-obc-beta                    = 0.8
   gb-obc-gamma                   = 4.85
   gb-dielectric-offset           = 0.009
   sa-algorithm                   = Ace-approximation
   sa-surface-tension             = 2.05016
   tcoupl                         = V-rescale
   nsttcouple                     = 20
   nh-chain-length                = 0
   print-nose-hoover-chain-variables = FALSE
   pcoupl                         = No
   pcoupltype                     = Isotropic
   nstpcouple                     = -1
   tau-p                          = 1
   compressibility (3x3):
      compressibility[    0]={ 0.00000e+00,  0.00000e+00,  0.00000e+00}
      compressibility[    1]={ 0.00000e+00,  0.00000e+00,  0.00000e+00}
      compressibility[    2]={ 0.00000e+00,  0.00000e+00,  0.00000e+00}
   ref-p (3x3):
      ref-p[    0]={ 0.00000e+00,  0.00000e+00,  0.00000e+00}
      ref-p[    1]={ 0.00000e+00,  0.00000e+00,  0.00000e+00}
      ref-p[    2]={ 0.00000e+00,  0.00000e+00,  0.00000e+00}
   refcoord-scaling               = No
   posres-com (3):
      posres-com[0]= 0.00000e+00
      posres-com[1]= 0.00000e+00
      posres-com[2]= 0.00000e+00
   posres-comB (3):
      posres-comB[0]= 0.00000e+00
      posres-comB[1]= 0.00000e+00
      posres-comB[2]= 0.00000e+00
   QMMM                           = FALSE
   QMconstraints                  = 0
   QMMMscheme                     = 0
   MMChargeScaleFactor            = 1
qm-opts:
   ngQM                           = 0
   constraint-algorithm           = Lincs
   continuation                   = FALSE
   Shake-SOR                      = FALSE
   shake-tol                      = 0.0001
   lincs-order                    = 4
   lincs-iter                     = 1
   lincs-warnangle                = 30
   nwall                          = 0
   wall-type                      = 9-3
   wall-r-linpot                  = -1
   wall-atomtype[0]               = -1
   wall-atomtype[1]               = -1
   wall-density[0]                = 0
   wall-density[1]                = 0
   wall-ewald-zfac                = 3
   pull                           = no
   rotation                       = FALSE
   interactiveMD                  = FALSE
   disre                          = No
   disre-weighting                = Conservative
   disre-mixed                    = FALSE
   dr-fc                          = 1000
   dr-tau                         = 0
   nstdisreout                    = 100
   orire-fc                       = 0
   orire-tau                      = 0
   nstorireout                    = 100
   free-energy                    = no
   cos-acceleration               = 0
   deform (3x3):
      deform[    0]={ 0.00000e+00,  0.00000e+00,  0.00000e+00}
      deform[    1]={ 0.00000e+00,  0.00000e+00,  0.00000e+00}
      deform[    2]={ 0.00000e+00,  0.00000e+00,  0.00000e+00}
   simulated-tempering            = FALSE
   E-x:
      n = 0
   E-xt:
      n = 0
   E-y:
      n = 0
   E-yt:
      n = 0
   E-z:
      n = 0
   E-zt:
      n = 0
   swapcoords                     = no
   adress                         = FALSE
   userint1                       = 0
   userint2                       = 0
   userint3                       = 0
   userint4                       = 0
   userreal1                      = 0
   userreal2                      = 0
   userreal3                      = 0
   userreal4                      = 0
grpopts:
   nrdf:       28510
   ref-t:         355
   tau-t:           2
annealing:          No
annealing-npoints:           0
   acc:	           0           0           0
   nfreeze:           N           N           N
   energygrp-flags[  0]: 0
Using 1 MPI thread
Using 1 OpenMP thread 

Detecting CPU SIMD instructions.
Present hardware specification:
Vendor: GenuineIntel
Brand:  Intel(R) Xeon(R) CPU           X5660  @ 2.80GHz
Family:  6  Model: 44  Stepping:  2
Features: aes apic clfsh cmov cx8 cx16 htt lahf_lm mmx msr nonstop_tsc pcid pclmuldq pdcm pdpe1gb popcnt pse rdtscp sse2 sse3 sse4.1 sse4.2 ssse3
SIMD instructions most likely to fit this hardware: SSE4.1
SIMD instructions selected at GROMACS compile time: SSE4.1


The current CPU can measure timings more accurately than the code in
gmx was configured to use. This might affect your simulation
speed as accurate timings are needed for load-balancing.
Please consider rebuilding gmx with the GMX_USE_RDTSCP=OFF CMake option.

Will do PME sum in reciprocal space for electrostatic interactions.

++++ PLEASE READ AND CITE THE FOLLOWING REFERENCE ++++
U. Essmann, L. Perera, M. L. Berkowitz, T. Darden, H. Lee and L. G. Pedersen 
A smooth particle mesh Ewald method
J. Chem. Phys. 103 (1995) pp. 8577-8592
-------- -------- --- Thank You --- -------- --------

Will do ordinary reciprocal space Ewald sum.
Using a Gaussian width (1/beta) of 0.320163 nm for Ewald
Will do PME sum in reciprocal space for LJ dispersion interactions.

++++ PLEASE READ AND CITE THE FOLLOWING REFERENCE ++++
U. Essmann, L. Perera, M. L. Berkowitz, T. Darden, H. Lee and L. G. Pedersen 
A smooth particle mesh Ewald method
J. Chem. Phys. 103 (1995) pp. 8577-8592
-------- -------- --- Thank You --- -------- --------

Using a Gaussian width (1/beta) of 0.298423 nm for LJ Ewald
Using shifted Lennard-Jones, switch between 0 and 1 nm
Cut-off's:   NS: 1.041   Coulomb: 1   LJ: 1
System total charge: -0.000
Generated table with 1020 data points for Ewald.
Tabscale = 500 points/nm
Generated table with 1020 data points for LJ6Ewald.
Tabscale = 500 points/nm
Generated table with 1020 data points for LJ12.
Tabscale = 500 points/nm
Generated table with 1020 data points for 1-4 COUL.
Tabscale = 500 points/nm
Generated table with 1020 data points for 1-4 LJ6.
Tabscale = 500 points/nm
Generated table with 1020 data points for 1-4 LJ12.
Tabscale = 500 points/nm

Using SSE4.1 4x4 non-bonded kernels

Potential shift: LJ r^-12: -1.000e+00 r^-6: -1.000e-03, Ewald -1.000e-05
Initialized non-bonded Ewald correction tables, spacing: 9.33e-04 size: 2189

Removing pbc first time

Initializing LINear Constraint Solver

++++ PLEASE READ AND CITE THE FOLLOWING REFERENCE ++++
B. Hess and H. Bekker and H. J. C. Berendsen and J. G. E. M. Fraaije
LINCS: A Linear Constraint Solver for molecular simulations
J. Comp. Chem. 18 (1997) pp. 1463-1472
-------- -------- --- Thank You --- -------- --------

The number of constraints is 323

++++ PLEASE READ AND CITE THE FOLLOWING REFERENCE ++++
S. Miyamoto and P. A. Kollman
SETTLE: An Analytical Version of the SHAKE and RATTLE Algorithms for Rigid
Water Models
J. Comp. Chem. 13 (1992) pp. 952-962
-------- -------- --- Thank You --- -------- --------

Center of mass motion removal mode is Linear
We have the following groups for center of mass motion removal:
  0:  rest

++++ PLEASE READ AND CITE THE FOLLOWING REFERENCE ++++
G. Bussi, D. Donadio and M. Parrinello
Canonical sampling through velocity rescaling
J. Chem. Phys. 126 (2007) pp. 014101
-------- -------- --- Thank You --- -------- --------

There are: 14100 Atoms

Constraining the starting coordinates (step 0)

Constraining the coordinates at t0-dt (step 0)
RMS relative constraint deviation after constraining: 2.75e-06
Initial temperature: 355.474 K

Started mdrun on rank 0 Fri Oct 27 14:25:14 2017
           Step           Time         Lambda
              0        0.00000        0.00000

   Energies (kJ/mol)
           Bond          Angle    Proper Dih.  Improper Dih.          LJ-14
    1.08865e+02    5.53911e+02    1.66193e+03    3.03505e+01    5.63376e+02
     Coulomb-14        LJ (SR)   Coulomb (SR)   Coul. recip.      LJ recip.
    1.06706e+04    5.77624e+04   -2.68776e+05    1.26157e+03   -1.69687e+04
      Potential    Kinetic En.   Total Energy  Conserved En.    Temperature
   -2.13132e+05    4.21526e+04   -1.70979e+05   -1.70979e+05    3.55648e+02
 Pressure (bar)   Constr. rmsd
    5.23160e+03    2.85631e-06

           Step           Time         Lambda
           5000       10.00000        0.00000

   Energies (kJ/mol)
           Bond          Angle    Proper Dih.  Improper Dih.          LJ-14
    4.33330e+02    1.44526e+03    1.74643e+03    7.16489e+01    5.98373e+02
     Coulomb-14        LJ (SR)   Coulomb (SR)   Coul. recip.      LJ recip.
    1.08069e+04    4.48212e+04   -2.27156e+05    1.26473e+03   -1.68310e+04
      Potential    Kinetic En.   Total Energy  Conserved En.    Temperature
   -1.82799e+05    4.00937e+04   -1.42705e+05   -1.70588e+05    3.38277e+02
 Pressure (bar)   Constr. rmsd
    4.83821e+03    3.33124e-06

Writing checkpoint, step 6140 at Fri Oct 27 14:40:20 2017


           Step           Time         Lambda
          10000       20.00000        0.00000

   Energies (kJ/mol)
           Bond          Angle    Proper Dih.  Improper Dih.          LJ-14
    5.28754e+02    1.35857e+03    1.65382e+03    8.82947e+01    5.83895e+02
     Coulomb-14        LJ (SR)   Coulomb (SR)   Coul. recip.      LJ recip.
    1.07238e+04    4.50893e+04   -2.25953e+05    1.33406e+03   -1.68303e+04
      Potential    Kinetic En.   Total Energy  Conserved En.    Temperature
   -1.81423e+05    4.22305e+04   -1.39192e+05   -1.70565e+05    3.56305e+02
 Pressure (bar)   Constr. rmsd
    5.13726e+03    3.71326e-06

Writing checkpoint, step 12160 at Fri Oct 27 14:55:17 2017


           Step           Time         Lambda
          15000       30.00000        0.00000

   Energies (kJ/mol)
           Bond          Angle    Proper Dih.  Improper Dih.          LJ-14
    4.64715e+02    1.49431e+03    1.72549e+03    6.33789e+01    6.06448e+02
     Coulomb-14        LJ (SR)   Coulomb (SR)   Coul. recip.      LJ recip.
    1.07047e+04    4.38489e+04   -2.23847e+05    1.36587e+03   -1.68201e+04
      Potential    Kinetic En.   Total Energy  Conserved En.    Temperature
   -1.80393e+05    4.16193e+04   -1.38774e+05   -1.70562e+05    3.51149e+02
 Pressure (bar)   Constr. rmsd
    4.71713e+03    3.89140e-06

Writing checkpoint, step 18340 at Fri Oct 27 15:10:19 2017


           Step           Time         Lambda
          20000       40.00000        0.00000

   Energies (kJ/mol)
           Bond          Angle    Proper Dih.  Improper Dih.          LJ-14
    5.46750e+02    1.51577e+03    1.70734e+03    6.60006e+01    6.26215e+02
     Coulomb-14        LJ (SR)   Coulomb (SR)   Coul. recip.      LJ recip.
    1.08704e+04    4.46985e+04   -2.25679e+05    1.33718e+03   -1.68251e+04
      Potential    Kinetic En.   Total Energy  Conserved En.    Temperature
   -1.81136e+05    4.22120e+04   -1.38924e+05   -1.70517e+05    3.56149e+02
 Pressure (bar)   Constr. rmsd
    4.94059e+03    3.76754e-06

Writing checkpoint, step 24500 at Fri Oct 27 15:25:19 2017


           Step           Time         Lambda
          25000       50.00000        0.00000

Writing checkpoint, step 25000 at Fri Oct 27 15:26:28 2017


   Energies (kJ/mol)
           Bond          Angle    Proper Dih.  Improper Dih.          LJ-14
    5.27183e+02    1.42643e+03    1.65436e+03    6.72550e+01    6.38122e+02
     Coulomb-14        LJ (SR)   Coulomb (SR)   Coul. recip.      LJ recip.
    1.08506e+04    4.49941e+04   -2.24980e+05    1.35737e+03   -1.68196e+04
      Potential    Kinetic En.   Total Energy  Conserved En.    Temperature
   -1.80285e+05    4.25100e+04   -1.37775e+05   -1.70495e+05    3.58664e+02
 Pressure (bar)   Constr. rmsd
    5.22329e+03    3.96302e-06

	<======  ###############  ==>
	<====  A V E R A G E S  ====>
	<==  ###############  ======>

	Statistics over 25001 steps using 251 frames

   Energies (kJ/mol)
           Bond          Angle    Proper Dih.  Improper Dih.          LJ-14
    5.10405e+02    1.40496e+03    1.69815e+03    8.07865e+01    5.90138e+02
     Coulomb-14        LJ (SR)   Coulomb (SR)   Coul. recip.      LJ recip.
    1.07751e+04    4.52443e+04   -2.27426e+05    1.30073e+03   -1.68191e+04
      Potential    Kinetic En.   Total Energy  Conserved En.    Temperature
   -1.82640e+05    4.09192e+04   -1.41721e+05   -1.70554e+05    3.45242e+02
 Pressure (bar)   Constr. rmsd
    4.86229e+03    0.00000e+00

   Total Virial (kJ/mol)
   -4.66307e+03   -5.79004e+01    1.40720e+01
   -5.75509e+01   -4.61834e+03    3.82936e+01
    1.38496e+01    3.77757e+01   -4.70202e+03

   Pressure (bar)
    4.86606e+03    1.47865e+01    9.55454e-01
    1.46936e+01    4.84586e+03   -6.02838e+00
    1.01455e+00   -5.89079e+00    4.87497e+03


	M E G A - F L O P S   A C C O U N T I N G

 NB=Group-cutoff nonbonded kernels    NxN=N-by-N cluster Verlet kernels
 RF=Reaction-Field  VdW=Van der Waals  QSTab=quadratic-spline table
 W3=SPC/TIP3p  W4=TIP4p (single or pairs)
 V&F=Potential and force  V=Potential only  F=Force only

 Computing:                               M-Number         M-Flops  % Flops
-----------------------------------------------------------------------------
 Pair Search distance check            5954.057792       53586.520     0.4
 NxN QSTab Elec. + LJ [F]             87766.820752     6758045.198    56.4
 NxN QSTab Elec. + LJ [V&F]             889.892904       81870.147     0.7
 NxN QSTab Elec. [F]                  78398.771968     2665558.247    22.2
 NxN QSTab Elec. [V&F]                  794.933288       32592.265     0.3
 1,4 nonbonded interactions              40.801632        3672.147     0.0
 Calc Weights                          1057.542300       38071.523     0.3
 Spread Q Bspline                     45121.804800       90243.610     0.8
 Gather F Bspline                     45121.804800      270730.829     2.3
 3D-FFT                              240467.818328     1923742.547    16.1
 Solve PME                              135.205408        8653.146     0.1
 Shift-X                                 17.639100         105.835     0.0
 Bonds                                    7.600304         448.418     0.0
 Angles                                  28.576143        4800.792     0.0
 Propers                                 44.326773       10150.831     0.1
 Impropers                                2.850114         592.824     0.0
 Virial                                   3.550395          63.907     0.0
 Stop-CM                                  3.553200          35.532     0.0
 Calc-Ekin                               35.278200         952.511     0.0
 Lincs                                    8.075969         484.558     0.0
 Lincs-Mat                               47.705724         190.823     0.0
 Constraint-V                           352.778220        2822.226     0.0
 Constraint-Vir                           3.460537          83.053     0.0
 Settle                                 112.213464       36244.949     0.3
-----------------------------------------------------------------------------
 Total                                                11983742.436   100.0
-----------------------------------------------------------------------------


     R E A L   C Y C L E   A N D   T I M E   A C C O U N T I N G

On 1 MPI rank

 Computing:          Num   Num      Call    Wall time         Giga-Cycles
                     Ranks Threads  Count      (s)         total sum    %
-----------------------------------------------------------------------------
 Neighbor search        1    1       1251      52.025        145.303   1.4
 Force                  1    1      25001    1825.837       5099.489  49.7
 PME mesh               1    1      25001    1729.486       4830.384  47.1
 NB X/F buffer ops.     1    1      48751      11.849         33.094   0.3
 Write traj.            1    1          5       0.658          1.837   0.0
 Update                 1    1      25001      10.377         28.983   0.3
 Constraints            1    1      25001      38.695        108.074   1.1
 Rest                                           4.835         13.505   0.1
-----------------------------------------------------------------------------
 Total                                       3673.761      10260.669 100.0
-----------------------------------------------------------------------------
 Breakdown of PME mesh computation
-----------------------------------------------------------------------------
 PME spread/gather      1    1     100004     335.754        937.747   9.1
 PME 3D-FFT             1    1     100004    1304.786       3644.215  35.5
 PME solve LJ           1    1      25001      65.919        184.110   1.8
 PME solve Elec         1    1      25001      21.946         61.295   0.6
-----------------------------------------------------------------------------

               Core t (s)   Wall t (s)        (%)
       Time:     3635.106     3673.761       98.9
                         1h01:13
                 (ns/day)    (hour/ns)
Performance:        1.176       20.409
Finished mdrun on rank 0 Fri Oct 27 15:26:28 2017
