Log file opened on Sun Sep 17 20:10:35 2017
Host: acas1530.usatlas.bnl.gov  pid: 9251  rank ID: 0  number of ranks:  1
GROMACS:    gmx mdrun, VERSION 5.0

GROMACS is written by:
Emile Apol         Rossen Apostolov   Herman J.C. Berendsen Par Bjelkmar       
Aldert van Buuren  Rudi van Drunen    Anton Feenstra     Sebastian Fritsch  
Gerrit Groenhof    Christoph Junghans Peter Kasson       Carsten Kutzner    
Per Larsson        Justin A. Lemkul   Magnus Lundborg    Pieter Meulenhoff  
Erik Marklund      Teemu Murtola      Szilard Pall       Sander Pronk       
Roland Schulz      Alexey Shvetsov    Michael Shirts     Alfons Sijbers     
Peter Tieleman     Christian Wennberg Maarten Wolf       
and the project leaders:
Mark Abraham, Berk Hess, Erik Lindahl, and David van der Spoel

Copyright (c) 1991-2000, University of Groningen, The Netherlands.
Copyright (c) 2001-2014, The GROMACS development team at
Uppsala University, Stockholm University and
the Royal Institute of Technology, Sweden.
check out http://www.gromacs.org for more information.

GROMACS is free software; you can redistribute it and/or modify it
under the terms of the GNU Lesser General Public License
as published by the Free Software Foundation; either version 2.1
of the License, or (at your option) any later version.

GROMACS:      gmx mdrun, VERSION 5.0
Executable:   /cvmfs/oasis.opensciencegrid.org/osg/modules/gromacs/5.0.0/bin/gmx
Library dir:  /cvmfs/oasis.opensciencegrid.org/osg/modules/gromacs/5.0.0/share/gromacs/top
Command line:
  gmx mdrun -ntomp 1 -nt 1 -s out.tpr -c out.gro

Gromacs version:    VERSION 5.0
Precision:          single
Memory model:       64 bit
MPI library:        thread_mpi
OpenMP support:     enabled
GPU support:        disabled
invsqrt routine:    gmx_software_invsqrt(x)
SIMD instructions:  SSE4.1
FFT library:        fftw-3.3.4-sse2
RDTSCP usage:       disabled
C++11 compilation:  disabled
TNG support:        enabled
Tracing support:    disabled
Built on:           Mon Aug 25 12:33:03 CDT 2014
Built by:           sthapa@itb2.uchicago.edu [CMAKE]
Build OS/arch:      Linux 2.6.32-431.1.2.el6.x86_64 x86_64
Build CPU vendor:   GenuineIntel
Build CPU brand:    Intel(R) Xeon(R) CPU           E5440  @ 2.83GHz
Build CPU family:   6   Model: 23   Stepping: 6
Build CPU features: apic clfsh cmov cx8 cx16 lahf_lm mmx msr pdcm pse sse2 sse3 sse4.1 ssse3
C compiler:         /usr/bin/gcc GNU 4.4.7
C compiler flags:    -msse4.1   -Wno-maybe-uninitialized -Wextra -Wno-missing-field-initializers -Wno-sign-compare -Wpointer-arith -Wall -Wno-unused -Wunused-value -Wunused-parameter   -fomit-frame-pointer -funroll-all-loops  -Wno-array-bounds  -O3 -DNDEBUG
C++ compiler:       /usr/bin/c++ GNU 4.4.7
C++ compiler flags:  -msse4.1   -Wextra -Wno-missing-field-initializers -Wpointer-arith -Wall -Wno-unused-function   -fomit-frame-pointer -funroll-all-loops  -Wno-array-bounds  -O3 -DNDEBUG
Boost version:      1.55.0 (internal)



++++ PLEASE READ AND CITE THE FOLLOWING REFERENCE ++++
B. Hess and C. Kutzner and D. van der Spoel and E. Lindahl
GROMACS 4: Algorithms for highly efficient, load-balanced, and scalable
molecular simulation
J. Chem. Theory Comput. 4 (2008) pp. 435-447
-------- -------- --- Thank You --- -------- --------


++++ PLEASE READ AND CITE THE FOLLOWING REFERENCE ++++
D. van der Spoel, E. Lindahl, B. Hess, G. Groenhof, A. E. Mark and H. J. C.
Berendsen
GROMACS: Fast, Flexible and Free
J. Comp. Chem. 26 (2005) pp. 1701-1719
-------- -------- --- Thank You --- -------- --------


++++ PLEASE READ AND CITE THE FOLLOWING REFERENCE ++++
E. Lindahl and B. Hess and D. van der Spoel
GROMACS 3.0: A package for molecular simulation and trajectory analysis
J. Mol. Mod. 7 (2001) pp. 306-317
-------- -------- --- Thank You --- -------- --------


++++ PLEASE READ AND CITE THE FOLLOWING REFERENCE ++++
H. J. C. Berendsen, D. van der Spoel and R. van Drunen
GROMACS: A message-passing parallel molecular dynamics implementation
Comp. Phys. Comm. 91 (1995) pp. 43-56
-------- -------- --- Thank You --- -------- --------

Input Parameters:
   integrator                     = md
   tinit                          = 0
   dt                             = 0.002
   nsteps                         = 100000
   init-step                      = 0
   simulation-part                = 1
   comm-mode                      = Linear
   nstcomm                        = 100
   bd-fric                        = 0
   ld-seed                        = 2566899721
   emtol                          = 10
   emstep                         = 0.01
   niter                          = 20
   fcstep                         = 0
   nstcgsteep                     = 1000
   nbfgscorr                      = 10
   rtpi                           = 0.05
   nstxout                        = 0
   nstvout                        = 0
   nstfout                        = 0
   nstlog                         = 5000
   nstcalcenergy                  = 100
   nstenergy                      = 0
   nstxout-compressed             = 0
   compressed-x-precision         = 1000
   cutoff-scheme                  = Verlet
   nstlist                        = 20
   ns-type                        = Grid
   pbc                            = xyz
   periodic-molecules             = FALSE
   verlet-buffer-tolerance        = 0.005
   rlist                          = 1.041
   rlistlong                      = 1.041
   nstcalclr                      = 20
   coulombtype                    = PME
   coulomb-modifier               = Potential-shift
   rcoulomb-switch                = 0
   rcoulomb                       = 1
   epsilon-r                      = 1
   epsilon-rf                     = inf
   vdw-type                       = PME
   vdw-modifier                   = Potential-shift
   rvdw-switch                    = 0
   rvdw                           = 1
   DispCorr                       = No
   table-extension                = 1
   fourierspacing                 = 0.1
   fourier-nx                     = 52
   fourier-ny                     = 52
   fourier-nz                     = 52
   pme-order                      = 4
   ewald-rtol                     = 1e-05
   ewald-rtol-lj                  = 0.001
   lj-pme-comb-rule               = Geometric
   ewald-geometry                 = 0
   epsilon-surface                = 0
   implicit-solvent               = No
   gb-algorithm                   = Still
   nstgbradii                     = 1
   rgbradii                       = 1
   gb-epsilon-solvent             = 80
   gb-saltconc                    = 0
   gb-obc-alpha                   = 1
   gb-obc-beta                    = 0.8
   gb-obc-gamma                   = 4.85
   gb-dielectric-offset           = 0.009
   sa-algorithm                   = Ace-approximation
   sa-surface-tension             = 2.05016
   tcoupl                         = V-rescale
   nsttcouple                     = 20
   nh-chain-length                = 0
   print-nose-hoover-chain-variables = FALSE
   pcoupl                         = No
   pcoupltype                     = Isotropic
   nstpcouple                     = -1
   tau-p                          = 1
   compressibility (3x3):
      compressibility[    0]={ 0.00000e+00,  0.00000e+00,  0.00000e+00}
      compressibility[    1]={ 0.00000e+00,  0.00000e+00,  0.00000e+00}
      compressibility[    2]={ 0.00000e+00,  0.00000e+00,  0.00000e+00}
   ref-p (3x3):
      ref-p[    0]={ 0.00000e+00,  0.00000e+00,  0.00000e+00}
      ref-p[    1]={ 0.00000e+00,  0.00000e+00,  0.00000e+00}
      ref-p[    2]={ 0.00000e+00,  0.00000e+00,  0.00000e+00}
   refcoord-scaling               = No
   posres-com (3):
      posres-com[0]= 0.00000e+00
      posres-com[1]= 0.00000e+00
      posres-com[2]= 0.00000e+00
   posres-comB (3):
      posres-comB[0]= 0.00000e+00
      posres-comB[1]= 0.00000e+00
      posres-comB[2]= 0.00000e+00
   QMMM                           = FALSE
   QMconstraints                  = 0
   QMMMscheme                     = 0
   MMChargeScaleFactor            = 1
qm-opts:
   ngQM                           = 0
   constraint-algorithm           = Lincs
   continuation                   = FALSE
   Shake-SOR                      = FALSE
   shake-tol                      = 0.0001
   lincs-order                    = 4
   lincs-iter                     = 1
   lincs-warnangle                = 30
   nwall                          = 0
   wall-type                      = 9-3
   wall-r-linpot                  = -1
   wall-atomtype[0]               = -1
   wall-atomtype[1]               = -1
   wall-density[0]                = 0
   wall-density[1]                = 0
   wall-ewald-zfac                = 3
   pull                           = no
   rotation                       = FALSE
   interactiveMD                  = FALSE
   disre                          = No
   disre-weighting                = Conservative
   disre-mixed                    = FALSE
   dr-fc                          = 1000
   dr-tau                         = 0
   nstdisreout                    = 100
   orire-fc                       = 0
   orire-tau                      = 0
   nstorireout                    = 100
   free-energy                    = no
   cos-acceleration               = 0
   deform (3x3):
      deform[    0]={ 0.00000e+00,  0.00000e+00,  0.00000e+00}
      deform[    1]={ 0.00000e+00,  0.00000e+00,  0.00000e+00}
      deform[    2]={ 0.00000e+00,  0.00000e+00,  0.00000e+00}
   simulated-tempering            = FALSE
   E-x:
      n = 0
   E-xt:
      n = 0
   E-y:
      n = 0
   E-yt:
      n = 0
   E-z:
      n = 0
   E-zt:
      n = 0
   swapcoords                     = no
   adress                         = FALSE
   userint1                       = 0
   userint2                       = 0
   userint3                       = 0
   userint4                       = 0
   userreal1                      = 0
   userreal2                      = 0
   userreal3                      = 0
   userreal4                      = 0
grpopts:
   nrdf:       28510
   ref-t:         355
   tau-t:           2
annealing:          No
annealing-npoints:           0
   acc:	           0           0           0
   nfreeze:           N           N           N
   energygrp-flags[  0]: 0
Using 1 MPI thread
Using 1 OpenMP thread 

Detecting CPU SIMD instructions.
Present hardware specification:
Vendor: GenuineIntel
Brand:  Intel(R) Xeon(R) CPU           X5660  @ 2.80GHz
Family:  6  Model: 44  Stepping:  2
Features: aes apic clfsh cmov cx8 cx16 htt lahf_lm mmx msr nonstop_tsc pcid pclmuldq pdcm pdpe1gb popcnt pse rdtscp sse2 sse3 sse4.1 sse4.2 ssse3
SIMD instructions most likely to fit this hardware: SSE4.1
SIMD instructions selected at GROMACS compile time: SSE4.1


The current CPU can measure timings more accurately than the code in
gmx was configured to use. This might affect your simulation
speed as accurate timings are needed for load-balancing.
Please consider rebuilding gmx with the GMX_USE_RDTSCP=OFF CMake option.

Will do PME sum in reciprocal space for electrostatic interactions.

++++ PLEASE READ AND CITE THE FOLLOWING REFERENCE ++++
U. Essmann, L. Perera, M. L. Berkowitz, T. Darden, H. Lee and L. G. Pedersen 
A smooth particle mesh Ewald method
J. Chem. Phys. 103 (1995) pp. 8577-8592
-------- -------- --- Thank You --- -------- --------

Will do ordinary reciprocal space Ewald sum.
Using a Gaussian width (1/beta) of 0.320163 nm for Ewald
Will do PME sum in reciprocal space for LJ dispersion interactions.

++++ PLEASE READ AND CITE THE FOLLOWING REFERENCE ++++
U. Essmann, L. Perera, M. L. Berkowitz, T. Darden, H. Lee and L. G. Pedersen 
A smooth particle mesh Ewald method
J. Chem. Phys. 103 (1995) pp. 8577-8592
-------- -------- --- Thank You --- -------- --------

Using a Gaussian width (1/beta) of 0.298423 nm for LJ Ewald
Using shifted Lennard-Jones, switch between 0 and 1 nm
Cut-off's:   NS: 1.041   Coulomb: 1   LJ: 1
System total charge: -0.000
Generated table with 1020 data points for Ewald.
Tabscale = 500 points/nm
Generated table with 1020 data points for LJ6Ewald.
Tabscale = 500 points/nm
Generated table with 1020 data points for LJ12.
Tabscale = 500 points/nm
Generated table with 1020 data points for 1-4 COUL.
Tabscale = 500 points/nm
Generated table with 1020 data points for 1-4 LJ6.
Tabscale = 500 points/nm
Generated table with 1020 data points for 1-4 LJ12.
Tabscale = 500 points/nm

Using SSE4.1 4x4 non-bonded kernels

Potential shift: LJ r^-12: -1.000e+00 r^-6: -1.000e-03, Ewald -1.000e-05
Initialized non-bonded Ewald correction tables, spacing: 9.33e-04 size: 2189

Removing pbc first time

Initializing LINear Constraint Solver

++++ PLEASE READ AND CITE THE FOLLOWING REFERENCE ++++
B. Hess and H. Bekker and H. J. C. Berendsen and J. G. E. M. Fraaije
LINCS: A Linear Constraint Solver for molecular simulations
J. Comp. Chem. 18 (1997) pp. 1463-1472
-------- -------- --- Thank You --- -------- --------

The number of constraints is 323

++++ PLEASE READ AND CITE THE FOLLOWING REFERENCE ++++
S. Miyamoto and P. A. Kollman
SETTLE: An Analytical Version of the SHAKE and RATTLE Algorithms for Rigid
Water Models
J. Comp. Chem. 13 (1992) pp. 952-962
-------- -------- --- Thank You --- -------- --------

Center of mass motion removal mode is Linear
We have the following groups for center of mass motion removal:
  0:  rest

++++ PLEASE READ AND CITE THE FOLLOWING REFERENCE ++++
G. Bussi, D. Donadio and M. Parrinello
Canonical sampling through velocity rescaling
J. Chem. Phys. 126 (2007) pp. 014101
-------- -------- --- Thank You --- -------- --------

There are: 14100 Atoms

Constraining the starting coordinates (step 0)

Constraining the coordinates at t0-dt (step 0)
RMS relative constraint deviation after constraining: 2.98e-06
Initial temperature: 357.066 K

Started mdrun on rank 0 Sun Sep 17 20:10:36 2017
           Step           Time         Lambda
              0        0.00000        0.00000

   Energies (kJ/mol)
           Bond          Angle    Proper Dih.  Improper Dih.          LJ-14
    1.08865e+02    5.53911e+02    1.66193e+03    3.03505e+01    5.63376e+02
     Coulomb-14        LJ (SR)   Coulomb (SR)   Coul. recip.      LJ recip.
    1.06706e+04    5.77624e+04   -2.68776e+05    1.26157e+03   -1.69687e+04
      Potential    Kinetic En.   Total Energy  Conserved En.    Temperature
   -2.13132e+05    4.23491e+04   -1.70783e+05   -1.70783e+05    3.57306e+02
 Pressure (bar)   Constr. rmsd
    5.23293e+03    3.07085e-06

           Step           Time         Lambda
           5000       10.00000        0.00000

   Energies (kJ/mol)
           Bond          Angle    Proper Dih.  Improper Dih.          LJ-14
    4.48674e+02    1.22139e+03    1.71235e+03    9.83829e+01    5.98763e+02
     Coulomb-14        LJ (SR)   Coulomb (SR)   Coul. recip.      LJ recip.
    1.07789e+04    4.53558e+04   -2.28075e+05    1.38419e+03   -1.68050e+04
      Potential    Kinetic En.   Total Energy  Conserved En.    Temperature
   -1.83282e+05    4.02087e+04   -1.43073e+05   -1.70393e+05    3.39247e+02
 Pressure (bar)   Constr. rmsd
    4.88475e+03    2.89117e-06

Writing checkpoint, step 6740 at Sun Sep 17 20:25:40 2017


           Step           Time         Lambda
          10000       20.00000        0.00000

   Energies (kJ/mol)
           Bond          Angle    Proper Dih.  Improper Dih.          LJ-14
    4.89581e+02    1.46102e+03    1.71868e+03    8.46459e+01    5.55794e+02
     Coulomb-14        LJ (SR)   Coulomb (SR)   Coul. recip.      LJ recip.
    1.07033e+04    4.49183e+04   -2.25903e+05    1.36015e+03   -1.68206e+04
      Potential    Kinetic En.   Total Energy  Conserved En.    Temperature
   -1.81432e+05    4.12144e+04   -1.40218e+05   -1.70375e+05    3.47732e+02
 Pressure (bar)   Constr. rmsd
    4.85376e+03    3.90959e-06

Writing checkpoint, step 13440 at Sun Sep 17 20:40:40 2017


           Step           Time         Lambda
          15000       30.00000        0.00000

   Energies (kJ/mol)
           Bond          Angle    Proper Dih.  Improper Dih.          LJ-14
    5.00428e+02    1.37684e+03    1.65140e+03    8.49284e+01    5.95500e+02
     Coulomb-14        LJ (SR)   Coulomb (SR)   Coul. recip.      LJ recip.
    1.08171e+04    4.49300e+04   -2.25739e+05    1.31731e+03   -1.68119e+04
      Potential    Kinetic En.   Total Energy  Conserved En.    Temperature
   -1.81277e+05    4.21882e+04   -1.39089e+05   -1.70361e+05    3.55948e+02
 Pressure (bar)   Constr. rmsd
    5.14124e+03    4.30238e-06

           Step           Time         Lambda
          20000       40.00000        0.00000

   Energies (kJ/mol)
           Bond          Angle    Proper Dih.  Improper Dih.          LJ-14
    5.68575e+02    1.42004e+03    1.70530e+03    1.13753e+02    5.83971e+02
     Coulomb-14        LJ (SR)   Coulomb (SR)   Coul. recip.      LJ recip.
    1.07725e+04    4.51350e+04   -2.25262e+05    1.29664e+03   -1.68103e+04
      Potential    Kinetic En.   Total Energy  Conserved En.    Temperature
   -1.80477e+05    4.21371e+04   -1.38340e+05   -1.70317e+05    3.55517e+02
 Pressure (bar)   Constr. rmsd
    5.26468e+03    3.18474e-06

Writing checkpoint, step 20140 at Sun Sep 17 20:55:41 2017


           Step           Time         Lambda
          25000       50.00000        0.00000

   Energies (kJ/mol)
           Bond          Angle    Proper Dih.  Improper Dih.          LJ-14
    5.21437e+02    1.33101e+03    1.74628e+03    9.74266e+01    6.24958e+02
     Coulomb-14        LJ (SR)   Coulomb (SR)   Coul. recip.      LJ recip.
    1.08869e+04    4.53850e+04   -2.25934e+05    1.29629e+03   -1.68268e+04
      Potential    Kinetic En.   Total Energy  Conserved En.    Temperature
   -1.80872e+05    4.23020e+04   -1.38570e+05   -1.70289e+05    3.56909e+02
 Pressure (bar)   Constr. rmsd
    5.31502e+03    3.57489e-06

Writing checkpoint, step 26800 at Sun Sep 17 21:10:41 2017


           Step           Time         Lambda
          30000       60.00000        0.00000

   Energies (kJ/mol)
           Bond          Angle    Proper Dih.  Improper Dih.          LJ-14
    5.30746e+02    1.47445e+03    1.71902e+03    9.88270e+01    6.53768e+02
     Coulomb-14        LJ (SR)   Coulomb (SR)   Coul. recip.      LJ recip.
    1.08227e+04    4.55382e+04   -2.25880e+05    1.35871e+03   -1.68253e+04
      Potential    Kinetic En.   Total Energy  Conserved En.    Temperature
   -1.80509e+05    4.18804e+04   -1.38629e+05   -1.70260e+05    3.53351e+02
 Pressure (bar)   Constr. rmsd
    5.71691e+03    3.42458e-06

Writing checkpoint, step 33320 at Sun Sep 17 21:25:40 2017


           Step           Time         Lambda
          35000       70.00000        0.00000

   Energies (kJ/mol)
           Bond          Angle    Proper Dih.  Improper Dih.          LJ-14
    5.08900e+02    1.43567e+03    1.65488e+03    8.69435e+01    6.05720e+02
     Coulomb-14        LJ (SR)   Coulomb (SR)   Coul. recip.      LJ recip.
    1.09060e+04    4.46371e+04   -2.24557e+05    1.36256e+03   -1.68171e+04
      Potential    Kinetic En.   Total Energy  Conserved En.    Temperature
   -1.80176e+05    4.19432e+04   -1.38233e+05   -1.70237e+05    3.53881e+02
 Pressure (bar)   Constr. rmsd
    4.93395e+03    3.27511e-06

           Step           Time         Lambda
          40000       80.00000        0.00000

   Energies (kJ/mol)
           Bond          Angle    Proper Dih.  Improper Dih.          LJ-14
    4.70927e+02    1.38148e+03    1.66777e+03    7.29867e+01    6.00251e+02
     Coulomb-14        LJ (SR)   Coulomb (SR)   Coul. recip.      LJ recip.
    1.08744e+04    4.43785e+04   -2.24376e+05    1.33278e+03   -1.68202e+04
      Potential    Kinetic En.   Total Energy  Conserved En.    Temperature
   -1.80417e+05    4.26724e+04   -1.37745e+05   -1.70237e+05    3.60034e+02
 Pressure (bar)   Constr. rmsd
    4.94315e+03    4.35799e-06

Writing checkpoint, step 40080 at Sun Sep 17 21:40:40 2017


           Step           Time         Lambda
          45000       90.00000        0.00000

   Energies (kJ/mol)
           Bond          Angle    Proper Dih.  Improper Dih.          LJ-14
    5.33204e+02    1.49239e+03    1.73802e+03    9.63314e+01    5.95279e+02
     Coulomb-14        LJ (SR)   Coulomb (SR)   Coul. recip.      LJ recip.
    1.09318e+04    4.47896e+04   -2.25045e+05    1.30429e+03   -1.68250e+04
      Potential    Kinetic En.   Total Energy  Conserved En.    Temperature
   -1.80389e+05    4.23894e+04   -1.38000e+05   -1.70178e+05    3.57646e+02
 Pressure (bar)   Constr. rmsd
    5.09728e+03    3.33919e-06

Writing checkpoint, step 47020 at Sun Sep 17 21:55:38 2017


           Step           Time         Lambda
          50000      100.00000        0.00000

   Energies (kJ/mol)
           Bond          Angle    Proper Dih.  Improper Dih.          LJ-14
    5.90237e+02    1.39267e+03    1.73223e+03    9.20933e+01    5.87947e+02
     Coulomb-14        LJ (SR)   Coulomb (SR)   Coul. recip.      LJ recip.
    1.08785e+04    4.52572e+04   -2.25435e+05    1.33839e+03   -1.68128e+04
      Potential    Kinetic En.   Total Energy  Conserved En.    Temperature
   -1.80379e+05    4.26752e+04   -1.37704e+05   -1.70164e+05    3.60057e+02
 Pressure (bar)   Constr. rmsd
    5.02270e+03    3.70770e-06

Writing checkpoint, step 53880 at Sun Sep 17 22:10:42 2017


           Step           Time         Lambda
          55000      110.00000        0.00000

   Energies (kJ/mol)
           Bond          Angle    Proper Dih.  Improper Dih.          LJ-14
    4.91081e+02    1.34572e+03    1.64411e+03    9.37328e+01    5.81300e+02
     Coulomb-14        LJ (SR)   Coulomb (SR)   Coul. recip.      LJ recip.
    1.09585e+04    4.46592e+04   -2.25587e+05    1.36310e+03   -1.68262e+04
      Potential    Kinetic En.   Total Energy  Conserved En.    Temperature
   -1.81276e+05    4.22148e+04   -1.39061e+05   -1.70141e+05    3.56173e+02
 Pressure (bar)   Constr. rmsd
    4.99901e+03    4.41719e-06

           Step           Time         Lambda
          60000      120.00000        0.00000

   Energies (kJ/mol)
           Bond          Angle    Proper Dih.  Improper Dih.          LJ-14
    4.86156e+02    1.37828e+03    1.70679e+03    9.23870e+01    5.99296e+02
     Coulomb-14        LJ (SR)   Coulomb (SR)   Coul. recip.      LJ recip.
    1.09925e+04    4.49077e+04   -2.25365e+05    1.33766e+03   -1.68135e+04
      Potential    Kinetic En.   Total Energy  Conserved En.    Temperature
   -1.80677e+05    4.17549e+04   -1.38922e+05   -1.70087e+05    3.52292e+02
 Pressure (bar)   Constr. rmsd
    5.02895e+03    3.25061e-06

Writing checkpoint, step 60340 at Sun Sep 17 22:25:38 2017


           Step           Time         Lambda
          65000      130.00000        0.00000

   Energies (kJ/mol)
           Bond          Angle    Proper Dih.  Improper Dih.          LJ-14
    4.63617e+02    1.52351e+03    1.72006e+03    6.81744e+01    6.08249e+02
     Coulomb-14        LJ (SR)   Coulomb (SR)   Coul. recip.      LJ recip.
    1.08901e+04    4.52696e+04   -2.25299e+05    1.36466e+03   -1.68174e+04
      Potential    Kinetic En.   Total Energy  Conserved En.    Temperature
   -1.80208e+05    4.19591e+04   -1.38249e+05   -1.70074e+05    3.54015e+02
 Pressure (bar)   Constr. rmsd
    5.43238e+03    4.28652e-06

Writing checkpoint, step 66780 at Sun Sep 17 22:40:39 2017


           Step           Time         Lambda
          70000      140.00000        0.00000

   Energies (kJ/mol)
           Bond          Angle    Proper Dih.  Improper Dih.          LJ-14
    5.10559e+02    1.34139e+03    1.69014e+03    8.30367e+01    6.37104e+02
     Coulomb-14        LJ (SR)   Coulomb (SR)   Coul. recip.      LJ recip.
    1.08562e+04    4.54203e+04   -2.25702e+05    1.38335e+03   -1.68081e+04
      Potential    Kinetic En.   Total Energy  Conserved En.    Temperature
   -1.80588e+05    4.24457e+04   -1.38142e+05   -1.70047e+05    3.58121e+02
 Pressure (bar)   Constr. rmsd
    5.44723e+03    3.05573e-06

Writing checkpoint, step 73260 at Sun Sep 17 22:55:40 2017


           Step           Time         Lambda
          75000      150.00000        0.00000

   Energies (kJ/mol)
           Bond          Angle    Proper Dih.  Improper Dih.          LJ-14
    5.83687e+02    1.51545e+03    1.68294e+03    6.65991e+01    6.12719e+02
     Coulomb-14        LJ (SR)   Coulomb (SR)   Coul. recip.      LJ recip.
    1.08836e+04    4.50165e+04   -2.24884e+05    1.36421e+03   -1.68189e+04
      Potential    Kinetic En.   Total Energy  Conserved En.    Temperature
   -1.79977e+05    4.19136e+04   -1.38064e+05   -1.70013e+05    3.53631e+02
 Pressure (bar)   Constr. rmsd
    5.21817e+03    3.47263e-06

Writing checkpoint, step 79560 at Sun Sep 17 23:10:41 2017


           Step           Time         Lambda
          80000      160.00000        0.00000

   Energies (kJ/mol)
           Bond          Angle    Proper Dih.  Improper Dih.          LJ-14
    5.12912e+02    1.50546e+03    1.69784e+03    7.15391e+01    6.21889e+02
     Coulomb-14        LJ (SR)   Coulomb (SR)   Coul. recip.      LJ recip.
    1.08623e+04    4.46604e+04   -2.24836e+05    1.31111e+03   -1.68291e+04
      Potential    Kinetic En.   Total Energy  Conserved En.    Temperature
   -1.80422e+05    4.22203e+04   -1.38202e+05   -1.69986e+05    3.56219e+02
 Pressure (bar)   Constr. rmsd
    5.13314e+03    3.26123e-06

           Step           Time         Lambda
          85000      170.00000        0.00000

   Energies (kJ/mol)
           Bond          Angle    Proper Dih.  Improper Dih.          LJ-14
    5.23395e+02    1.30976e+03    1.69122e+03    6.82973e+01    6.06326e+02
     Coulomb-14        LJ (SR)   Coulomb (SR)   Coul. recip.      LJ recip.
    1.08512e+04    4.41657e+04   -2.24720e+05    1.28759e+03   -1.68285e+04
      Potential    Kinetic En.   Total Energy  Conserved En.    Temperature
   -1.81045e+05    4.22819e+04   -1.38763e+05   -1.69973e+05    3.56739e+02
 Pressure (bar)   Constr. rmsd
    4.74774e+03    3.60002e-06

Writing checkpoint, step 86720 at Sun Sep 17 23:25:40 2017


           Step           Time         Lambda
          90000      180.00000        0.00000

   Energies (kJ/mol)
           Bond          Angle    Proper Dih.  Improper Dih.          LJ-14
    4.95517e+02    1.51767e+03    1.68001e+03    7.46253e+01    5.84393e+02
     Coulomb-14        LJ (SR)   Coulomb (SR)   Coul. recip.      LJ recip.
    1.10300e+04    4.46624e+04   -2.25915e+05    1.45656e+03   -1.68218e+04
      Potential    Kinetic En.   Total Energy  Conserved En.    Temperature
   -1.81235e+05    4.13966e+04   -1.39838e+05   -1.69929e+05    3.49270e+02
 Pressure (bar)   Constr. rmsd
    4.73969e+03    5.89749e-06

Writing checkpoint, step 93080 at Sun Sep 17 23:40:40 2017


           Step           Time         Lambda
          95000      190.00000        0.00000

   Energies (kJ/mol)
           Bond          Angle    Proper Dih.  Improper Dih.          LJ-14
    5.47638e+02    1.47130e+03    1.75374e+03    9.10782e+01    6.09720e+02
     Coulomb-14        LJ (SR)   Coulomb (SR)   Coul. recip.      LJ recip.
    1.09518e+04    4.48188e+04   -2.25704e+05    1.34032e+03   -1.68209e+04
      Potential    Kinetic En.   Total Energy  Conserved En.    Temperature
   -1.80941e+05    4.14048e+04   -1.39536e+05   -1.69904e+05    3.49338e+02
 Pressure (bar)   Constr. rmsd
    4.93550e+03    3.97100e-06

Writing checkpoint, step 99880 at Sun Sep 17 23:55:38 2017


           Step           Time         Lambda
         100000      200.00000        0.00000

Writing checkpoint, step 100000 at Sun Sep 17 23:55:53 2017


   Energies (kJ/mol)
           Bond          Angle    Proper Dih.  Improper Dih.          LJ-14
    5.57858e+02    1.54831e+03    1.73241e+03    7.25734e+01    6.15466e+02
     Coulomb-14        LJ (SR)   Coulomb (SR)   Coul. recip.      LJ recip.
    1.08984e+04    4.45467e+04   -2.25305e+05    1.30492e+03   -1.68218e+04
      Potential    Kinetic En.   Total Energy  Conserved En.    Temperature
   -1.80850e+05    4.23198e+04   -1.38530e+05   -1.69872e+05    3.57059e+02
 Pressure (bar)   Constr. rmsd
    4.89577e+03    3.16633e-06

	<======  ###############  ==>
	<====  A V E R A G E S  ====>
	<==  ###############  ======>

	Statistics over 100001 steps using 1001 frames

   Energies (kJ/mol)
           Bond          Angle    Proper Dih.  Improper Dih.          LJ-14
    5.17160e+02    1.40763e+03    1.69034e+03    8.19516e+01    5.93884e+02
     Coulomb-14        LJ (SR)   Coulomb (SR)   Coul. recip.      LJ recip.
    1.08654e+04    4.49931e+04   -2.25948e+05    1.32331e+03   -1.68153e+04
      Potential    Kinetic En.   Total Energy  Conserved En.    Temperature
   -1.81290e+05    4.17627e+04   -1.39528e+05   -1.70157e+05    3.52358e+02
 Pressure (bar)   Constr. rmsd
    5.03871e+03    0.00000e+00

   Total Virial (kJ/mol)
   -5.06932e+03    2.52373e+01    3.58388e+01
    2.55478e+01   -5.00294e+03    4.51645e+01
    3.60043e+01    4.50660e+01   -5.05970e+03

   Pressure (bar)
    5.04424e+03   -9.30501e+00   -6.60182e+00
   -9.38750e+00    5.02654e+03   -6.61109e+00
   -6.64579e+00   -6.58491e+00    5.04535e+03


	M E G A - F L O P S   A C C O U N T I N G

 NB=Group-cutoff nonbonded kernels    NxN=N-by-N cluster Verlet kernels
 RF=Reaction-Field  VdW=Van der Waals  QSTab=quadratic-spline table
 W3=SPC/TIP3p  W4=TIP4p (single or pairs)
 V&F=Potential and force  V=Potential only  F=Force only

 Computing:                               M-Number         M-Flops  % Flops
-----------------------------------------------------------------------------
 Pair Search distance check           23802.390388      214221.513     0.4
 NxN QSTab Elec. + LJ [F]            351085.160032    27033557.322    56.4
 NxN QSTab Elec. + LJ [V&F]            3549.882896      326589.226     0.7
 NxN QSTab Elec. [F]                 313539.272736    10660335.273    22.2
 NxN QSTab Elec. [V&F]                 3170.494320      129990.267     0.3
 1,4 nonbonded interactions             163.201632       14688.147     0.0
 Calc Weights                          4230.042300      152281.523     0.3
 Spread Q Bspline                    180481.804800      360963.610     0.8
 Gather F Bspline                    180481.804800     1082890.829     2.3
 3D-FFT                              961842.418328     7694739.347    16.1
 Solve PME                              540.805408       34611.546     0.1
 Shift-X                                 70.514100         423.085     0.0
 Bonds                                   30.400304        1793.618     0.0
 Angles                                 114.301143       19202.592     0.0
 Propers                                177.301773       40602.106     0.1
 Impropers                               11.400114        2371.224     0.0
 Virial                                  14.159145         254.865     0.0
 Stop-CM                                 14.128200         141.282     0.0
 Calc-Ekin                              141.028200        3807.761     0.0
 Lincs                                   32.300969        1938.058     0.0
 Lincs-Mat                              190.805724         763.223     0.0
 Constraint-V                          1411.028220       11288.226     0.0
 Constraint-Vir                          13.800787         331.219     0.0
 Settle                                 448.813464      144966.749     0.3
-----------------------------------------------------------------------------
 Total                                                47932752.610   100.0
-----------------------------------------------------------------------------


     R E A L   C Y C L E   A N D   T I M E   A C C O U N T I N G

On 1 MPI rank

 Computing:          Num   Num      Call    Wall time         Giga-Cycles
                     Ranks Threads  Count      (s)         total sum    %
-----------------------------------------------------------------------------
 Neighbor search        1    1       5001     197.247        550.900   1.5
 Force                  1    1     100001    6941.497      19387.246  51.4
 PME mesh               1    1     100001    6150.081      17176.864  45.5
 NB X/F buffer ops.     1    1     195001      28.584         79.834   0.2
 Write traj.            1    1         16       3.006          8.394   0.0
 Update                 1    1     100001      30.585         85.422   0.2
 Constraints            1    1     100001     155.979        435.642   1.2
 Rest                                          10.731         29.972   0.1
-----------------------------------------------------------------------------
 Total                                      13517.710      37754.275 100.0
-----------------------------------------------------------------------------
 Breakdown of PME mesh computation
-----------------------------------------------------------------------------
 PME spread/gather      1    1     400004     827.808       2312.026   6.1
 PME 3D-FFT             1    1     400004    4980.097      13909.156  36.8
 PME solve LJ           1    1     100001     258.803        722.822   1.9
 PME solve Elec         1    1     100001      81.493        227.606   0.6
-----------------------------------------------------------------------------

               Core t (s)   Wall t (s)        (%)
       Time:    13397.330    13517.710       99.1
                         3h45:17
                 (ns/day)    (hour/ns)
Performance:        1.278       18.774
Finished mdrun on rank 0 Sun Sep 17 23:55:54 2017
