000 (9895024.000.000) 10/26 23:42:34 Job submitted from host: <129.79.53.198:9615?addrs=129.79.53.198-9615+[fd2f-6feb-37--1f]-9615&noUDP&sock=930205_24f3_5>
...
001 (9895024.000.000) 10/27 02:53:59 Job executing on host: <192.170.226.157:59425?CCBID=129.79.53.179:9750%3faddrs%3d129.79.53.179-9750+[fd2f-6feb-37--1d]-9750#2158896&addrs=192.170.226.157-59425+[--1]-59425&noUDP>
...
006 (9895024.000.000) 10/27 02:54:07 Image size of job updated: 1
	4  -  MemoryUsage of job (MB)
	3528  -  ResidentSetSize of job (KB)
...
006 (9895024.000.000) 10/27 02:59:07 Image size of job updated: 97308
	27  -  MemoryUsage of job (MB)
	26824  -  ResidentSetSize of job (KB)
...
006 (9895024.000.000) 10/27 03:14:09 Image size of job updated: 98636
	28  -  MemoryUsage of job (MB)
	27944  -  ResidentSetSize of job (KB)
...
006 (9895024.000.000) 10/27 03:19:09 Image size of job updated: 98636
	28  -  MemoryUsage of job (MB)
	28268  -  ResidentSetSize of job (KB)
...
006 (9895024.000.000) 10/27 03:24:10 Image size of job updated: 98636
	30  -  MemoryUsage of job (MB)
	30112  -  ResidentSetSize of job (KB)
...
005 (9895024.000.000) 10/27 05:07:23 Job terminated.
	(1) Normal termination (return value 0)
		Usr 0 02:12:04, Sys 0 00:00:42  -  Run Remote Usage
		Usr 0 00:00:00, Sys 0 00:00:00  -  Run Local Usage
		Usr 0 02:12:04, Sys 0 00:00:42  -  Total Remote Usage
		Usr 0 00:00:00, Sys 0 00:00:00  -  Total Local Usage
	35156  -  Run Bytes Sent By Job
	816753  -  Run Bytes Received By Job
	35156  -  Total Bytes Sent By Job
	816753  -  Total Bytes Received By Job
	Partitionable Resources :    Usage  Request Allocated
	   Cpus                 :                 1         1
	   Disk (KB)            :     3023     1000 256748016
	   Memory (MB)          :       30     1800      1920
...
