000 (9906406.000.000) 10/27 14:50:33 Job submitted from host: <129.79.53.198:9615?addrs=129.79.53.198-9615+[fd2f-6feb-37--1f]-9615&noUDP&sock=930205_24f3_5>
...
001 (9906406.000.000) 10/27 15:38:45 Job executing on host: <72.36.96.252:31304?CCBID=129.79.53.179:9734%3faddrs%3d129.79.53.179-9734+[fd2f-6feb-37--1d]-9734#1730264&addrs=72.36.96.252-31304+[--1]-31304&noUDP>
...
006 (9906406.000.000) 10/27 15:38:54 Image size of job updated: 1
	3  -  MemoryUsage of job (MB)
	2524  -  ResidentSetSize of job (KB)
...
006 (9906406.000.000) 10/27 15:43:54 Image size of job updated: 101224
	22  -  MemoryUsage of job (MB)
	22136  -  ResidentSetSize of job (KB)
...
006 (9906406.000.000) 10/27 15:48:54 Image size of job updated: 101224
	22  -  MemoryUsage of job (MB)
	22200  -  ResidentSetSize of job (KB)
...
005 (9906406.000.000) 10/27 15:50:04 Job terminated.
	(1) Normal termination (return value 0)
		Usr 0 00:11:15, Sys 0 00:00:00  -  Run Remote Usage
		Usr 0 00:00:00, Sys 0 00:00:00  -  Run Local Usage
		Usr 0 00:11:15, Sys 0 00:00:00  -  Total Remote Usage
		Usr 0 00:00:00, Sys 0 00:00:00  -  Total Local Usage
	26414  -  Run Bytes Sent By Job
	816753  -  Run Bytes Received By Job
	26414  -  Total Bytes Sent By Job
	816753  -  Total Bytes Received By Job
	Partitionable Resources :    Usage  Request Allocated
	   Cpus                 :                 1         1
	   Disk (KB)            :     2681     1000 535497528
	   Memory (MB)          :       22     1800      1920
...
