Log file opened on Sun Sep 17 19:59:56 2017
Host: acas1703.usatlas.bnl.gov  pid: 20346  rank ID: 0  number of ranks:  1
GROMACS:    gmx mdrun, VERSION 5.0

GROMACS is written by:
Emile Apol         Rossen Apostolov   Herman J.C. Berendsen Par Bjelkmar       
Aldert van Buuren  Rudi van Drunen    Anton Feenstra     Sebastian Fritsch  
Gerrit Groenhof    Christoph Junghans Peter Kasson       Carsten Kutzner    
Per Larsson        Justin A. Lemkul   Magnus Lundborg    Pieter Meulenhoff  
Erik Marklund      Teemu Murtola      Szilard Pall       Sander Pronk       
Roland Schulz      Alexey Shvetsov    Michael Shirts     Alfons Sijbers     
Peter Tieleman     Christian Wennberg Maarten Wolf       
and the project leaders:
Mark Abraham, Berk Hess, Erik Lindahl, and David van der Spoel

Copyright (c) 1991-2000, University of Groningen, The Netherlands.
Copyright (c) 2001-2014, The GROMACS development team at
Uppsala University, Stockholm University and
the Royal Institute of Technology, Sweden.
check out http://www.gromacs.org for more information.

GROMACS is free software; you can redistribute it and/or modify it
under the terms of the GNU Lesser General Public License
as published by the Free Software Foundation; either version 2.1
of the License, or (at your option) any later version.

GROMACS:      gmx mdrun, VERSION 5.0
Executable:   /cvmfs/oasis.opensciencegrid.org/osg/modules/gromacs/5.0.0/bin/gmx
Library dir:  /cvmfs/oasis.opensciencegrid.org/osg/modules/gromacs/5.0.0/share/gromacs/top
Command line:
  gmx mdrun -ntomp 1 -nt 1 -s out.tpr -c out.gro

Gromacs version:    VERSION 5.0
Precision:          single
Memory model:       64 bit
MPI library:        thread_mpi
OpenMP support:     enabled
GPU support:        disabled
invsqrt routine:    gmx_software_invsqrt(x)
SIMD instructions:  SSE4.1
FFT library:        fftw-3.3.4-sse2
RDTSCP usage:       disabled
C++11 compilation:  disabled
TNG support:        enabled
Tracing support:    disabled
Built on:           Mon Aug 25 12:33:03 CDT 2014
Built by:           sthapa@itb2.uchicago.edu [CMAKE]
Build OS/arch:      Linux 2.6.32-431.1.2.el6.x86_64 x86_64
Build CPU vendor:   GenuineIntel
Build CPU brand:    Intel(R) Xeon(R) CPU           E5440  @ 2.83GHz
Build CPU family:   6   Model: 23   Stepping: 6
Build CPU features: apic clfsh cmov cx8 cx16 lahf_lm mmx msr pdcm pse sse2 sse3 sse4.1 ssse3
C compiler:         /usr/bin/gcc GNU 4.4.7
C compiler flags:    -msse4.1   -Wno-maybe-uninitialized -Wextra -Wno-missing-field-initializers -Wno-sign-compare -Wpointer-arith -Wall -Wno-unused -Wunused-value -Wunused-parameter   -fomit-frame-pointer -funroll-all-loops  -Wno-array-bounds  -O3 -DNDEBUG
C++ compiler:       /usr/bin/c++ GNU 4.4.7
C++ compiler flags:  -msse4.1   -Wextra -Wno-missing-field-initializers -Wpointer-arith -Wall -Wno-unused-function   -fomit-frame-pointer -funroll-all-loops  -Wno-array-bounds  -O3 -DNDEBUG
Boost version:      1.55.0 (internal)



++++ PLEASE READ AND CITE THE FOLLOWING REFERENCE ++++
B. Hess and C. Kutzner and D. van der Spoel and E. Lindahl
GROMACS 4: Algorithms for highly efficient, load-balanced, and scalable
molecular simulation
J. Chem. Theory Comput. 4 (2008) pp. 435-447
-------- -------- --- Thank You --- -------- --------


++++ PLEASE READ AND CITE THE FOLLOWING REFERENCE ++++
D. van der Spoel, E. Lindahl, B. Hess, G. Groenhof, A. E. Mark and H. J. C.
Berendsen
GROMACS: Fast, Flexible and Free
J. Comp. Chem. 26 (2005) pp. 1701-1719
-------- -------- --- Thank You --- -------- --------


++++ PLEASE READ AND CITE THE FOLLOWING REFERENCE ++++
E. Lindahl and B. Hess and D. van der Spoel
GROMACS 3.0: A package for molecular simulation and trajectory analysis
J. Mol. Mod. 7 (2001) pp. 306-317
-------- -------- --- Thank You --- -------- --------


++++ PLEASE READ AND CITE THE FOLLOWING REFERENCE ++++
H. J. C. Berendsen, D. van der Spoel and R. van Drunen
GROMACS: A message-passing parallel molecular dynamics implementation
Comp. Phys. Comm. 91 (1995) pp. 43-56
-------- -------- --- Thank You --- -------- --------

Input Parameters:
   integrator                     = md
   tinit                          = 0
   dt                             = 0.002
   nsteps                         = 100000
   init-step                      = 0
   simulation-part                = 1
   comm-mode                      = Linear
   nstcomm                        = 100
   bd-fric                        = 0
   ld-seed                        = 2566547767
   emtol                          = 10
   emstep                         = 0.01
   niter                          = 20
   fcstep                         = 0
   nstcgsteep                     = 1000
   nbfgscorr                      = 10
   rtpi                           = 0.05
   nstxout                        = 0
   nstvout                        = 0
   nstfout                        = 0
   nstlog                         = 5000
   nstcalcenergy                  = 100
   nstenergy                      = 0
   nstxout-compressed             = 0
   compressed-x-precision         = 1000
   cutoff-scheme                  = Verlet
   nstlist                        = 20
   ns-type                        = Grid
   pbc                            = xyz
   periodic-molecules             = FALSE
   verlet-buffer-tolerance        = 0.005
   rlist                          = 1.041
   rlistlong                      = 1.041
   nstcalclr                      = 20
   coulombtype                    = PME
   coulomb-modifier               = Potential-shift
   rcoulomb-switch                = 0
   rcoulomb                       = 1
   epsilon-r                      = 1
   epsilon-rf                     = inf
   vdw-type                       = PME
   vdw-modifier                   = Potential-shift
   rvdw-switch                    = 0
   rvdw                           = 1
   DispCorr                       = No
   table-extension                = 1
   fourierspacing                 = 0.1
   fourier-nx                     = 52
   fourier-ny                     = 52
   fourier-nz                     = 52
   pme-order                      = 4
   ewald-rtol                     = 1e-05
   ewald-rtol-lj                  = 0.001
   lj-pme-comb-rule               = Geometric
   ewald-geometry                 = 0
   epsilon-surface                = 0
   implicit-solvent               = No
   gb-algorithm                   = Still
   nstgbradii                     = 1
   rgbradii                       = 1
   gb-epsilon-solvent             = 80
   gb-saltconc                    = 0
   gb-obc-alpha                   = 1
   gb-obc-beta                    = 0.8
   gb-obc-gamma                   = 4.85
   gb-dielectric-offset           = 0.009
   sa-algorithm                   = Ace-approximation
   sa-surface-tension             = 2.05016
   tcoupl                         = V-rescale
   nsttcouple                     = 20
   nh-chain-length                = 0
   print-nose-hoover-chain-variables = FALSE
   pcoupl                         = No
   pcoupltype                     = Isotropic
   nstpcouple                     = -1
   tau-p                          = 1
   compressibility (3x3):
      compressibility[    0]={ 0.00000e+00,  0.00000e+00,  0.00000e+00}
      compressibility[    1]={ 0.00000e+00,  0.00000e+00,  0.00000e+00}
      compressibility[    2]={ 0.00000e+00,  0.00000e+00,  0.00000e+00}
   ref-p (3x3):
      ref-p[    0]={ 0.00000e+00,  0.00000e+00,  0.00000e+00}
      ref-p[    1]={ 0.00000e+00,  0.00000e+00,  0.00000e+00}
      ref-p[    2]={ 0.00000e+00,  0.00000e+00,  0.00000e+00}
   refcoord-scaling               = No
   posres-com (3):
      posres-com[0]= 0.00000e+00
      posres-com[1]= 0.00000e+00
      posres-com[2]= 0.00000e+00
   posres-comB (3):
      posres-comB[0]= 0.00000e+00
      posres-comB[1]= 0.00000e+00
      posres-comB[2]= 0.00000e+00
   QMMM                           = FALSE
   QMconstraints                  = 0
   QMMMscheme                     = 0
   MMChargeScaleFactor            = 1
qm-opts:
   ngQM                           = 0
   constraint-algorithm           = Lincs
   continuation                   = FALSE
   Shake-SOR                      = FALSE
   shake-tol                      = 0.0001
   lincs-order                    = 4
   lincs-iter                     = 1
   lincs-warnangle                = 30
   nwall                          = 0
   wall-type                      = 9-3
   wall-r-linpot                  = -1
   wall-atomtype[0]               = -1
   wall-atomtype[1]               = -1
   wall-density[0]                = 0
   wall-density[1]                = 0
   wall-ewald-zfac                = 3
   pull                           = no
   rotation                       = FALSE
   interactiveMD                  = FALSE
   disre                          = No
   disre-weighting                = Conservative
   disre-mixed                    = FALSE
   dr-fc                          = 1000
   dr-tau                         = 0
   nstdisreout                    = 100
   orire-fc                       = 0
   orire-tau                      = 0
   nstorireout                    = 100
   free-energy                    = no
   cos-acceleration               = 0
   deform (3x3):
      deform[    0]={ 0.00000e+00,  0.00000e+00,  0.00000e+00}
      deform[    1]={ 0.00000e+00,  0.00000e+00,  0.00000e+00}
      deform[    2]={ 0.00000e+00,  0.00000e+00,  0.00000e+00}
   simulated-tempering            = FALSE
   E-x:
      n = 0
   E-xt:
      n = 0
   E-y:
      n = 0
   E-yt:
      n = 0
   E-z:
      n = 0
   E-zt:
      n = 0
   swapcoords                     = no
   adress                         = FALSE
   userint1                       = 0
   userint2                       = 0
   userint3                       = 0
   userint4                       = 0
   userreal1                      = 0
   userreal2                      = 0
   userreal3                      = 0
   userreal4                      = 0
grpopts:
   nrdf:       28510
   ref-t:         355
   tau-t:           2
annealing:          No
annealing-npoints:           0
   acc:	           0           0           0
   nfreeze:           N           N           N
   energygrp-flags[  0]: 0
Using 1 MPI thread
Using 1 OpenMP thread 

Detecting CPU SIMD instructions.
Present hardware specification:
Vendor: GenuineIntel
Brand:  Intel(R) Xeon(R) CPU           X5660  @ 2.80GHz
Family:  6  Model: 44  Stepping:  2
Features: aes apic clfsh cmov cx8 cx16 htt lahf_lm mmx msr nonstop_tsc pcid pclmuldq pdcm pdpe1gb popcnt pse rdtscp sse2 sse3 sse4.1 sse4.2 ssse3
SIMD instructions most likely to fit this hardware: SSE4.1
SIMD instructions selected at GROMACS compile time: SSE4.1


The current CPU can measure timings more accurately than the code in
gmx was configured to use. This might affect your simulation
speed as accurate timings are needed for load-balancing.
Please consider rebuilding gmx with the GMX_USE_RDTSCP=OFF CMake option.

Will do PME sum in reciprocal space for electrostatic interactions.

++++ PLEASE READ AND CITE THE FOLLOWING REFERENCE ++++
U. Essmann, L. Perera, M. L. Berkowitz, T. Darden, H. Lee and L. G. Pedersen 
A smooth particle mesh Ewald method
J. Chem. Phys. 103 (1995) pp. 8577-8592
-------- -------- --- Thank You --- -------- --------

Will do ordinary reciprocal space Ewald sum.
Using a Gaussian width (1/beta) of 0.320163 nm for Ewald
Will do PME sum in reciprocal space for LJ dispersion interactions.

++++ PLEASE READ AND CITE THE FOLLOWING REFERENCE ++++
U. Essmann, L. Perera, M. L. Berkowitz, T. Darden, H. Lee and L. G. Pedersen 
A smooth particle mesh Ewald method
J. Chem. Phys. 103 (1995) pp. 8577-8592
-------- -------- --- Thank You --- -------- --------

Using a Gaussian width (1/beta) of 0.298423 nm for LJ Ewald
Using shifted Lennard-Jones, switch between 0 and 1 nm
Cut-off's:   NS: 1.041   Coulomb: 1   LJ: 1
System total charge: -0.000
Generated table with 1020 data points for Ewald.
Tabscale = 500 points/nm
Generated table with 1020 data points for LJ6Ewald.
Tabscale = 500 points/nm
Generated table with 1020 data points for LJ12.
Tabscale = 500 points/nm
Generated table with 1020 data points for 1-4 COUL.
Tabscale = 500 points/nm
Generated table with 1020 data points for 1-4 LJ6.
Tabscale = 500 points/nm
Generated table with 1020 data points for 1-4 LJ12.
Tabscale = 500 points/nm

Using SSE4.1 4x4 non-bonded kernels

Potential shift: LJ r^-12: -1.000e+00 r^-6: -1.000e-03, Ewald -1.000e-05
Initialized non-bonded Ewald correction tables, spacing: 9.33e-04 size: 2189

Removing pbc first time

Initializing LINear Constraint Solver

++++ PLEASE READ AND CITE THE FOLLOWING REFERENCE ++++
B. Hess and H. Bekker and H. J. C. Berendsen and J. G. E. M. Fraaije
LINCS: A Linear Constraint Solver for molecular simulations
J. Comp. Chem. 18 (1997) pp. 1463-1472
-------- -------- --- Thank You --- -------- --------

The number of constraints is 323

++++ PLEASE READ AND CITE THE FOLLOWING REFERENCE ++++
S. Miyamoto and P. A. Kollman
SETTLE: An Analytical Version of the SHAKE and RATTLE Algorithms for Rigid
Water Models
J. Comp. Chem. 13 (1992) pp. 952-962
-------- -------- --- Thank You --- -------- --------

Center of mass motion removal mode is Linear
We have the following groups for center of mass motion removal:
  0:  rest

++++ PLEASE READ AND CITE THE FOLLOWING REFERENCE ++++
G. Bussi, D. Donadio and M. Parrinello
Canonical sampling through velocity rescaling
J. Chem. Phys. 126 (2007) pp. 014101
-------- -------- --- Thank You --- -------- --------

There are: 14100 Atoms

Constraining the starting coordinates (step 0)

Constraining the coordinates at t0-dt (step 0)
RMS relative constraint deviation after constraining: 3.65e-06
Initial temperature: 354.731 K

Started mdrun on rank 0 Sun Sep 17 19:59:57 2017
           Step           Time         Lambda
              0        0.00000        0.00000

   Energies (kJ/mol)
           Bond          Angle    Proper Dih.  Improper Dih.          LJ-14
    1.08865e+02    5.53911e+02    1.66193e+03    3.03505e+01    5.63376e+02
     Coulomb-14        LJ (SR)   Coulomb (SR)   Coul. recip.      LJ recip.
    1.06706e+04    5.77624e+04   -2.68776e+05    1.26157e+03   -1.69687e+04
      Potential    Kinetic En.   Total Energy  Conserved En.    Temperature
   -2.13132e+05    4.20689e+04   -1.71063e+05   -1.71063e+05    3.54942e+02
 Pressure (bar)   Constr. rmsd
    5.23233e+03    3.63655e-06

           Step           Time         Lambda
           5000       10.00000        0.00000

   Energies (kJ/mol)
           Bond          Angle    Proper Dih.  Improper Dih.          LJ-14
    4.93865e+02    1.28990e+03    1.64314e+03    6.25587e+01    5.55908e+02
     Coulomb-14        LJ (SR)   Coulomb (SR)   Coul. recip.      LJ recip.
    1.07816e+04    4.53165e+04   -2.28376e+05    1.26700e+03   -1.67961e+04
      Potential    Kinetic En.   Total Energy  Conserved En.    Temperature
   -1.83761e+05    4.01270e+04   -1.43634e+05   -1.70682e+05    3.38557e+02
 Pressure (bar)   Constr. rmsd
    4.66386e+03    3.93436e-06

Writing checkpoint, step 9560 at Sun Sep 17 20:14:59 2017


           Step           Time         Lambda
          10000       20.00000        0.00000

   Energies (kJ/mol)
           Bond          Angle    Proper Dih.  Improper Dih.          LJ-14
    4.58826e+02    1.44451e+03    1.64746e+03    8.31331e+01    6.08704e+02
     Coulomb-14        LJ (SR)   Coulomb (SR)   Coul. recip.      LJ recip.
    1.08865e+04    4.48209e+04   -2.25933e+05    1.33065e+03   -1.68146e+04
      Potential    Kinetic En.   Total Energy  Conserved En.    Temperature
   -1.81467e+05    4.20190e+04   -1.39448e+05   -1.70656e+05    3.54521e+02
 Pressure (bar)   Constr. rmsd
    5.05577e+03    3.14270e-06

           Step           Time         Lambda
          15000       30.00000        0.00000

   Energies (kJ/mol)
           Bond          Angle    Proper Dih.  Improper Dih.          LJ-14
    4.96695e+02    1.40690e+03    1.69483e+03    9.04537e+01    6.26632e+02
     Coulomb-14        LJ (SR)   Coulomb (SR)   Coul. recip.      LJ recip.
    1.08570e+04    4.49686e+04   -2.25221e+05    1.35686e+03   -1.68075e+04
      Potential    Kinetic En.   Total Energy  Conserved En.    Temperature
   -1.80531e+05    4.18450e+04   -1.38686e+05   -1.70624e+05    3.53053e+02
 Pressure (bar)   Constr. rmsd
    5.24445e+03    3.25790e-06

Writing checkpoint, step 19260 at Sun Sep 17 20:30:00 2017


           Step           Time         Lambda
          20000       40.00000        0.00000

   Energies (kJ/mol)
           Bond          Angle    Proper Dih.  Improper Dih.          LJ-14
    5.05407e+02    1.42438e+03    1.70344e+03    7.79116e+01    5.86552e+02
     Coulomb-14        LJ (SR)   Coulomb (SR)   Coul. recip.      LJ recip.
    1.07623e+04    4.43933e+04   -2.25294e+05    1.41070e+03   -1.68018e+04
      Potential    Kinetic En.   Total Energy  Conserved En.    Temperature
   -1.81232e+05    4.18836e+04   -1.39348e+05   -1.70600e+05    3.53378e+02
 Pressure (bar)   Constr. rmsd
    4.75844e+03    3.41744e-06

           Step           Time         Lambda
          25000       50.00000        0.00000

   Energies (kJ/mol)
           Bond          Angle    Proper Dih.  Improper Dih.          LJ-14
    4.99853e+02    1.50999e+03    1.67573e+03    8.80996e+01    5.93073e+02
     Coulomb-14        LJ (SR)   Coulomb (SR)   Coul. recip.      LJ recip.
    1.08178e+04    4.43068e+04   -2.23951e+05    1.30930e+03   -1.68045e+04
      Potential    Kinetic En.   Total Energy  Conserved En.    Temperature
   -1.79955e+05    4.25333e+04   -1.37422e+05   -1.70580e+05    3.58860e+02
 Pressure (bar)   Constr. rmsd
    5.11034e+03    4.14920e-06

Writing checkpoint, step 28860 at Sun Sep 17 20:45:01 2017


           Step           Time         Lambda
          30000       60.00000        0.00000

   Energies (kJ/mol)
           Bond          Angle    Proper Dih.  Improper Dih.          LJ-14
    5.43567e+02    1.30156e+03    1.72001e+03    6.29335e+01    5.97093e+02
     Coulomb-14        LJ (SR)   Coulomb (SR)   Coul. recip.      LJ recip.
    1.08772e+04    4.41471e+04   -2.24156e+05    1.32740e+03   -1.68155e+04
      Potential    Kinetic En.   Total Energy  Conserved En.    Temperature
   -1.80394e+05    4.19406e+04   -1.38454e+05   -1.70559e+05    3.53860e+02
 Pressure (bar)   Constr. rmsd
    4.89756e+03    3.26222e-06

           Step           Time         Lambda
          35000       70.00000        0.00000

   Energies (kJ/mol)
           Bond          Angle    Proper Dih.  Improper Dih.          LJ-14
    5.42871e+02    1.38929e+03    1.71043e+03    8.91599e+01    5.34951e+02
     Coulomb-14        LJ (SR)   Coulomb (SR)   Coul. recip.      LJ recip.
    1.08419e+04    4.48418e+04   -2.25669e+05    1.34480e+03   -1.67939e+04
      Potential    Kinetic En.   Total Energy  Conserved En.    Temperature
   -1.81168e+05    4.18392e+04   -1.39329e+05   -1.70527e+05    3.53004e+02
 Pressure (bar)   Constr. rmsd
    4.83227e+03    2.86319e-06

Writing checkpoint, step 37940 at Sun Sep 17 21:00:00 2017


           Step           Time         Lambda
          40000       80.00000        0.00000

   Energies (kJ/mol)
           Bond          Angle    Proper Dih.  Improper Dih.          LJ-14
    4.57722e+02    1.45915e+03    1.68283e+03    8.77499e+01    6.04815e+02
     Coulomb-14        LJ (SR)   Coulomb (SR)   Coul. recip.      LJ recip.
    1.09432e+04    4.52294e+04   -2.25688e+05    1.31316e+03   -1.68160e+04
      Potential    Kinetic En.   Total Energy  Conserved En.    Temperature
   -1.80726e+05    4.16564e+04   -1.39069e+05   -1.70498e+05    3.51461e+02
 Pressure (bar)   Constr. rmsd
    5.30523e+03    3.71147e-06

           Step           Time         Lambda
          45000       90.00000        0.00000

   Energies (kJ/mol)
           Bond          Angle    Proper Dih.  Improper Dih.          LJ-14
    5.01621e+02    1.32356e+03    1.70508e+03    8.04310e+01    6.20453e+02
     Coulomb-14        LJ (SR)   Coulomb (SR)   Coul. recip.      LJ recip.
    1.10191e+04    4.46508e+04   -2.24916e+05    1.32293e+03   -1.68057e+04
      Potential    Kinetic En.   Total Energy  Conserved En.    Temperature
   -1.80498e+05    4.18544e+04   -1.38643e+05   -1.70478e+05    3.53132e+02
 Pressure (bar)   Constr. rmsd
    5.14446e+03    3.03596e-06

Writing checkpoint, step 47440 at Sun Sep 17 21:15:00 2017


           Step           Time         Lambda
          50000      100.00000        0.00000

   Energies (kJ/mol)
           Bond          Angle    Proper Dih.  Improper Dih.          LJ-14
    4.94649e+02    1.49290e+03    1.68550e+03    5.99639e+01    5.94036e+02
     Coulomb-14        LJ (SR)   Coulomb (SR)   Coul. recip.      LJ recip.
    1.09247e+04    4.59810e+04   -2.26353e+05    1.33486e+03   -1.67990e+04
      Potential    Kinetic En.   Total Energy  Conserved En.    Temperature
   -1.80584e+05    4.27045e+04   -1.37880e+05   -1.70445e+05    3.60305e+02
 Pressure (bar)   Constr. rmsd
    5.56630e+03    3.40819e-06

           Step           Time         Lambda
          55000      110.00000        0.00000

   Energies (kJ/mol)
           Bond          Angle    Proper Dih.  Improper Dih.          LJ-14
    5.18717e+02    1.45154e+03    1.65962e+03    6.89366e+01    6.10919e+02
     Coulomb-14        LJ (SR)   Coulomb (SR)   Coul. recip.      LJ recip.
    1.08006e+04    4.55523e+04   -2.26443e+05    1.39075e+03   -1.68282e+04
      Potential    Kinetic En.   Total Energy  Conserved En.    Temperature
   -1.81218e+05    4.18563e+04   -1.39362e+05   -1.70418e+05    3.53148e+02
 Pressure (bar)   Constr. rmsd
    5.33387e+03    2.75228e-06

Writing checkpoint, step 56920 at Sun Sep 17 21:30:00 2017


           Step           Time         Lambda
          60000      120.00000        0.00000

   Energies (kJ/mol)
           Bond          Angle    Proper Dih.  Improper Dih.          LJ-14
    5.99753e+02    1.36037e+03    1.64649e+03    7.61837e+01    5.66205e+02
     Coulomb-14        LJ (SR)   Coulomb (SR)   Coul. recip.      LJ recip.
    1.09073e+04    4.41635e+04   -2.24398e+05    1.34081e+03   -1.68062e+04
      Potential    Kinetic En.   Total Energy  Conserved En.    Temperature
   -1.80543e+05    4.22078e+04   -1.38336e+05   -1.70385e+05    3.56113e+02
 Pressure (bar)   Constr. rmsd
    4.58617e+03    2.96130e-06

           Step           Time         Lambda
          65000      130.00000        0.00000

   Energies (kJ/mol)
           Bond          Angle    Proper Dih.  Improper Dih.          LJ-14
    4.73248e+02    1.40984e+03    1.71459e+03    7.60419e+01    5.84236e+02
     Coulomb-14        LJ (SR)   Coulomb (SR)   Coul. recip.      LJ recip.
    1.09530e+04    4.48221e+04   -2.25462e+05    1.27328e+03   -1.68092e+04
      Potential    Kinetic En.   Total Energy  Conserved En.    Temperature
   -1.80965e+05    4.19265e+04   -1.39038e+05   -1.70363e+05    3.53740e+02
 Pressure (bar)   Constr. rmsd
    5.10060e+03    3.80421e-06

Writing checkpoint, step 66200 at Sun Sep 17 21:45:00 2017


           Step           Time         Lambda
          70000      140.00000        0.00000

   Energies (kJ/mol)
           Bond          Angle    Proper Dih.  Improper Dih.          LJ-14
    4.73565e+02    1.42877e+03    1.65201e+03    8.42899e+01    6.13866e+02
     Coulomb-14        LJ (SR)   Coulomb (SR)   Coul. recip.      LJ recip.
    1.09575e+04    4.54478e+04   -2.26761e+05    1.31429e+03   -1.68114e+04
      Potential    Kinetic En.   Total Energy  Conserved En.    Temperature
   -1.81601e+05    4.25625e+04   -1.39038e+05   -1.70353e+05    3.59106e+02
 Pressure (bar)   Constr. rmsd
    5.16498e+03    3.21993e-06

           Step           Time         Lambda
          75000      150.00000        0.00000

   Energies (kJ/mol)
           Bond          Angle    Proper Dih.  Improper Dih.          LJ-14
    5.68717e+02    1.35794e+03    1.64262e+03    7.78503e+01    6.07343e+02
     Coulomb-14        LJ (SR)   Coulomb (SR)   Coul. recip.      LJ recip.
    1.08936e+04    4.49799e+04   -2.25664e+05    1.35661e+03   -1.68066e+04
      Potential    Kinetic En.   Total Energy  Conserved En.    Temperature
   -1.80986e+05    4.18812e+04   -1.39105e+05   -1.70299e+05    3.53359e+02
 Pressure (bar)   Constr. rmsd
    5.08600e+03    3.30832e-06

Writing checkpoint, step 75800 at Sun Sep 17 22:00:01 2017


           Step           Time         Lambda
          80000      160.00000        0.00000

   Energies (kJ/mol)
           Bond          Angle    Proper Dih.  Improper Dih.          LJ-14
    4.97559e+02    1.38283e+03    1.69050e+03    8.15259e+01    5.95037e+02
     Coulomb-14        LJ (SR)   Coulomb (SR)   Coul. recip.      LJ recip.
    1.08746e+04    4.41047e+04   -2.24511e+05    1.33056e+03   -1.68131e+04
      Potential    Kinetic En.   Total Energy  Conserved En.    Temperature
   -1.80767e+05    4.22690e+04   -1.38498e+05   -1.70289e+05    3.56630e+02
 Pressure (bar)   Constr. rmsd
    4.85289e+03    3.81020e-06

           Step           Time         Lambda
          85000      170.00000        0.00000

   Energies (kJ/mol)
           Bond          Angle    Proper Dih.  Improper Dih.          LJ-14
    5.21152e+02    1.49124e+03    1.63981e+03    8.28123e+01    5.76825e+02
     Coulomb-14        LJ (SR)   Coulomb (SR)   Coul. recip.      LJ recip.
    1.09075e+04    4.46698e+04   -2.25505e+05    1.39588e+03   -1.68083e+04
      Potential    Kinetic En.   Total Energy  Conserved En.    Temperature
   -1.81028e+05    4.20745e+04   -1.38954e+05   -1.70266e+05    3.54989e+02
 Pressure (bar)   Constr. rmsd
    4.82089e+03    3.91141e-06

Writing checkpoint, step 85300 at Sun Sep 17 22:14:59 2017


           Step           Time         Lambda
          90000      180.00000        0.00000

   Energies (kJ/mol)
           Bond          Angle    Proper Dih.  Improper Dih.          LJ-14
    5.25267e+02    1.49465e+03    1.69023e+03    9.68247e+01    5.95910e+02
     Coulomb-14        LJ (SR)   Coulomb (SR)   Coul. recip.      LJ recip.
    1.09501e+04    4.53285e+04   -2.25419e+05    1.29217e+03   -1.68102e+04
      Potential    Kinetic En.   Total Energy  Conserved En.    Temperature
   -1.80255e+05    4.23216e+04   -1.37934e+05   -1.70233e+05    3.57074e+02
 Pressure (bar)   Constr. rmsd
    5.28353e+03    3.11272e-06

Writing checkpoint, step 94860 at Sun Sep 17 22:30:00 2017


           Step           Time         Lambda
          95000      190.00000        0.00000

   Energies (kJ/mol)
           Bond          Angle    Proper Dih.  Improper Dih.          LJ-14
    4.91802e+02    1.43345e+03    1.65731e+03    1.11171e+02    6.28556e+02
     Coulomb-14        LJ (SR)   Coulomb (SR)   Coul. recip.      LJ recip.
    1.09736e+04    4.51861e+04   -2.25509e+05    1.25471e+03   -1.68167e+04
      Potential    Kinetic En.   Total Energy  Conserved En.    Temperature
   -1.80589e+05    4.20481e+04   -1.38541e+05   -1.70202e+05    3.54766e+02
 Pressure (bar)   Constr. rmsd
    5.43357e+03    3.68631e-06

           Step           Time         Lambda
         100000      200.00000        0.00000

Writing checkpoint, step 100000 at Sun Sep 17 22:38:13 2017


   Energies (kJ/mol)
           Bond          Angle    Proper Dih.  Improper Dih.          LJ-14
    5.01790e+02    1.37569e+03    1.64697e+03    5.75405e+01    5.88024e+02
     Coulomb-14        LJ (SR)   Coulomb (SR)   Coul. recip.      LJ recip.
    1.08777e+04    4.54533e+04   -2.25579e+05    1.32097e+03   -1.68169e+04
      Potential    Kinetic En.   Total Energy  Conserved En.    Temperature
   -1.80574e+05    4.20554e+04   -1.38518e+05   -1.70183e+05    3.54828e+02
 Pressure (bar)   Constr. rmsd
    5.45972e+03    3.48432e-06

	<======  ###############  ==>
	<====  A V E R A G E S  ====>
	<==  ###############  ======>

	Statistics over 100001 steps using 1001 frames

   Energies (kJ/mol)
           Bond          Angle    Proper Dih.  Improper Dih.          LJ-14
    5.12311e+02    1.39911e+03    1.67014e+03    7.94830e+01    5.94471e+02
     Coulomb-14        LJ (SR)   Coulomb (SR)   Coul. recip.      LJ recip.
    1.08688e+04    4.50544e+04   -2.25981e+05    1.32909e+03   -1.68071e+04
      Potential    Kinetic En.   Total Energy  Conserved En.    Temperature
   -1.81280e+05    4.17735e+04   -1.39507e+05   -1.70448e+05    3.52450e+02
 Pressure (bar)   Constr. rmsd
    5.06711e+03    0.00000e+00

   Total Virial (kJ/mol)
   -5.12090e+03   -8.85929e+00    4.14018e+01
   -8.61476e+00   -5.18826e+03    4.83663e+01
    4.13668e+01    4.81950e+01   -5.13259e+03

   Pressure (bar)
    5.06103e+03   -7.83627e-02   -1.18964e+01
   -1.43332e-01    5.07840e+03   -1.16930e+01
   -1.18871e+01   -1.16475e+01    5.06190e+03


	M E G A - F L O P S   A C C O U N T I N G

 NB=Group-cutoff nonbonded kernels    NxN=N-by-N cluster Verlet kernels
 RF=Reaction-Field  VdW=Van der Waals  QSTab=quadratic-spline table
 W3=SPC/TIP3p  W4=TIP4p (single or pairs)
 V&F=Potential and force  V=Potential only  F=Force only

 Computing:                               M-Number         M-Flops  % Flops
-----------------------------------------------------------------------------
 Pair Search distance check           23803.452850      214231.076     0.4
 NxN QSTab Elec. + LJ [F]            351137.238088    27037567.333    56.4
 NxN QSTab Elec. + LJ [V&F]            3550.305792      326628.133     0.7
 NxN QSTab Elec. [F]                 313578.485512    10661668.507    22.2
 NxN QSTab Elec. [V&F]                 3170.525392      129991.541     0.3
 1,4 nonbonded interactions             163.201632       14688.147     0.0
 Calc Weights                          4230.042300      152281.523     0.3
 Spread Q Bspline                    180481.804800      360963.610     0.8
 Gather F Bspline                    180481.804800     1082890.829     2.3
 3D-FFT                              961842.418328     7694739.347    16.1
 Solve PME                              540.805408       34611.546     0.1
 Shift-X                                 70.514100         423.085     0.0
 Bonds                                   30.400304        1793.618     0.0
 Angles                                 114.301143       19202.592     0.0
 Propers                                177.301773       40602.106     0.1
 Impropers                               11.400114        2371.224     0.0
 Virial                                  14.159145         254.865     0.0
 Stop-CM                                 14.128200         141.282     0.0
 Calc-Ekin                              141.028200        3807.761     0.0
 Lincs                                   32.300969        1938.058     0.0
 Lincs-Mat                              190.805724         763.223     0.0
 Constraint-V                          1411.028220       11288.226     0.0
 Constraint-Vir                          13.800787         331.219     0.0
 Settle                                 448.813464      144966.749     0.3
-----------------------------------------------------------------------------
 Total                                                47938145.597   100.0
-----------------------------------------------------------------------------


     R E A L   C Y C L E   A N D   T I M E   A C C O U N T I N G

On 1 MPI rank

 Computing:          Num   Num      Call    Wall time         Giga-Cycles
                     Ranks Threads  Count      (s)         total sum    %
-----------------------------------------------------------------------------
 Neighbor search        1    1       5001     150.516        420.385   1.6
 Force                  1    1     100001    4561.752      12740.765  48.0
 PME mesh               1    1     100001    4616.345      12893.241  48.6
 NB X/F buffer ops.     1    1     195001      19.379         54.125   0.2
 Write traj.            1    1         11       1.076          3.005   0.0
 Update                 1    1     100001      22.938         64.065   0.2
 Constraints            1    1     100001     115.189        321.717   1.2
 Rest                                           8.563         23.917   0.1
-----------------------------------------------------------------------------
 Total                                       9495.758      26521.220 100.0
-----------------------------------------------------------------------------
 Breakdown of PME mesh computation
-----------------------------------------------------------------------------
 PME spread/gather      1    1     400004     559.581       1562.884   5.9
 PME 3D-FFT             1    1     400004    3801.705      10617.990  40.0
 PME solve LJ           1    1     100001     193.428        540.236   2.0
 PME solve Elec         1    1     100001      60.294        168.399   0.6
-----------------------------------------------------------------------------

               Core t (s)   Wall t (s)        (%)
       Time:     9362.593     9495.758       98.6
                         2h38:15
                 (ns/day)    (hour/ns)
Performance:        1.820       13.188
Finished mdrun on rank 0 Sun Sep 17 22:38:13 2017
