2017-10-23 16:12:53,362: control.pubsub.pub.0001: pmgr.launching.0                : MainThread     : INFO    : python.interpreter   version: 2.7.12 (default, Nov 19 2016, 06:48:10) [GCC 5.4.0 20160609]
2017-10-23 16:12:53,363: control.pubsub.pub.0001: pmgr.launching.0                : MainThread     : INFO    :                      pid: 31894
2017-10-23 16:12:53,363: control.pubsub.pub.0001: pmgr.launching.0                : MainThread     : INFO    :                      tid: MainThread
2017-10-23 16:12:53,363: control.pubsub.pub.0001: pmgr.launching.0                : MainThread     : INFO    : radical.pilot        version: 0.47-v0.46.2-133-g78e0b005@rc-v0.46.3
2017-10-23 16:12:53,363: control.pubsub.pub.0001: pmgr.launching.0                : MainThread     : INFO    : create control_pubsub - pub - tcp://138.201.86.166:39462
2017-10-23 16:12:53,364: control.pubsub.pub.0001: pmgr.launching.0                : MainThread     : DEBUG   : start process
2017-10-23 16:12:53,364: control.pubsub.pub.0001: pmgr.launching.0                : MainThread     : DEBUG   : ru_initialize_common (NOOP)
2017-10-23 16:12:53,364: control.pubsub.pub.0001: pmgr.launching.0                : MainThread     : DEBUG   : ru_initialize_parent (NOOP)
2017-10-23 16:12:53,364: control.pubsub.pub.0001: pmgr.launching.0                : MainThread     : DEBUG   : process class started (no child)
2017-10-23 16:12:53,424: control.pubsub.pub.0001: MainProcess                     : MainThread     : INFO    : python.interpreter   version: 2.7.12 (default, Nov 19 2016, 06:48:10) [GCC 5.4.0 20160609]
2017-10-23 16:12:53,425: control.pubsub.pub.0001: MainProcess                     : MainThread     : INFO    :                      pid: 31793
2017-10-23 16:12:53,425: control.pubsub.pub.0001: MainProcess                     : MainThread     : INFO    :                      tid: MainThread
2017-10-23 16:12:53,425: control.pubsub.pub.0001: MainProcess                     : MainThread     : INFO    : radical.pilot        version: 0.47-v0.46.2-133-g78e0b005@rc-v0.46.3
2017-10-23 16:12:53,425: control.pubsub.pub.0001: MainProcess                     : MainThread     : INFO    : create control_pubsub - pub - tcp://138.201.86.166:39462
2017-10-23 16:12:53,426: control.pubsub.pub.0001: MainProcess                     : MainThread     : DEBUG   : start process
2017-10-23 16:12:53,426: control.pubsub.pub.0001: MainProcess                     : MainThread     : DEBUG   : ru_initialize_common (NOOP)
2017-10-23 16:12:53,426: control.pubsub.pub.0001: MainProcess                     : MainThread     : DEBUG   : ru_initialize_parent (NOOP)
2017-10-23 16:12:53,426: control.pubsub.pub.0001: MainProcess                     : MainThread     : DEBUG   : process class started (no child)
2017-10-23 22:12:15,083: control.pubsub.pub.0001: MainProcess                     : MainThread     : INFO    : parent stops child  31793 -> None [control.pubsub.pub.0001]
2017-10-23 22:12:15,083: control.pubsub.pub.0001: MainProcess                     : MainThread     : DEBUG   : ru_finalize_parent (NOOP)
