Log file opened on Thu Oct 26 18:48:32 2017
Host: compute-3-16.local  pid: 25452  rank ID: 0  number of ranks:  1
GROMACS:    gmx mdrun, VERSION 5.0

GROMACS is written by:
Emile Apol         Rossen Apostolov   Herman J.C. Berendsen Par Bjelkmar       
Aldert van Buuren  Rudi van Drunen    Anton Feenstra     Sebastian Fritsch  
Gerrit Groenhof    Christoph Junghans Peter Kasson       Carsten Kutzner    
Per Larsson        Justin A. Lemkul   Magnus Lundborg    Pieter Meulenhoff  
Erik Marklund      Teemu Murtola      Szilard Pall       Sander Pronk       
Roland Schulz      Alexey Shvetsov    Michael Shirts     Alfons Sijbers     
Peter Tieleman     Christian Wennberg Maarten Wolf       
and the project leaders:
Mark Abraham, Berk Hess, Erik Lindahl, and David van der Spoel

Copyright (c) 1991-2000, University of Groningen, The Netherlands.
Copyright (c) 2001-2014, The GROMACS development team at
Uppsala University, Stockholm University and
the Royal Institute of Technology, Sweden.
check out http://www.gromacs.org for more information.

GROMACS is free software; you can redistribute it and/or modify it
under the terms of the GNU Lesser General Public License
as published by the Free Software Foundation; either version 2.1
of the License, or (at your option) any later version.

GROMACS:      gmx mdrun, VERSION 5.0
Executable:   /cvmfs/oasis.opensciencegrid.org/osg/modules/gromacs/5.0.0/bin/gmx
Library dir:  /cvmfs/oasis.opensciencegrid.org/osg/modules/gromacs/5.0.0/share/gromacs/top
Command line:
  gmx mdrun -ntomp 1 -nt 1 -s out.tpr -c out.gro

Gromacs version:    VERSION 5.0
Precision:          single
Memory model:       64 bit
MPI library:        thread_mpi
OpenMP support:     enabled
GPU support:        disabled
invsqrt routine:    gmx_software_invsqrt(x)
SIMD instructions:  SSE4.1
FFT library:        fftw-3.3.4-sse2
RDTSCP usage:       disabled
C++11 compilation:  disabled
TNG support:        enabled
Tracing support:    disabled
Built on:           Mon Aug 25 12:33:03 CDT 2014
Built by:           sthapa@itb2.uchicago.edu [CMAKE]
Build OS/arch:      Linux 2.6.32-431.1.2.el6.x86_64 x86_64
Build CPU vendor:   GenuineIntel
Build CPU brand:    Intel(R) Xeon(R) CPU           E5440  @ 2.83GHz
Build CPU family:   6   Model: 23   Stepping: 6
Build CPU features: apic clfsh cmov cx8 cx16 lahf_lm mmx msr pdcm pse sse2 sse3 sse4.1 ssse3
C compiler:         /usr/bin/gcc GNU 4.4.7
C compiler flags:    -msse4.1   -Wno-maybe-uninitialized -Wextra -Wno-missing-field-initializers -Wno-sign-compare -Wpointer-arith -Wall -Wno-unused -Wunused-value -Wunused-parameter   -fomit-frame-pointer -funroll-all-loops  -Wno-array-bounds  -O3 -DNDEBUG
C++ compiler:       /usr/bin/c++ GNU 4.4.7
C++ compiler flags:  -msse4.1   -Wextra -Wno-missing-field-initializers -Wpointer-arith -Wall -Wno-unused-function   -fomit-frame-pointer -funroll-all-loops  -Wno-array-bounds  -O3 -DNDEBUG
Boost version:      1.55.0 (internal)



++++ PLEASE READ AND CITE THE FOLLOWING REFERENCE ++++
B. Hess and C. Kutzner and D. van der Spoel and E. Lindahl
GROMACS 4: Algorithms for highly efficient, load-balanced, and scalable
molecular simulation
J. Chem. Theory Comput. 4 (2008) pp. 435-447
-------- -------- --- Thank You --- -------- --------


++++ PLEASE READ AND CITE THE FOLLOWING REFERENCE ++++
D. van der Spoel, E. Lindahl, B. Hess, G. Groenhof, A. E. Mark and H. J. C.
Berendsen
GROMACS: Fast, Flexible and Free
J. Comp. Chem. 26 (2005) pp. 1701-1719
-------- -------- --- Thank You --- -------- --------


++++ PLEASE READ AND CITE THE FOLLOWING REFERENCE ++++
E. Lindahl and B. Hess and D. van der Spoel
GROMACS 3.0: A package for molecular simulation and trajectory analysis
J. Mol. Mod. 7 (2001) pp. 306-317
-------- -------- --- Thank You --- -------- --------


++++ PLEASE READ AND CITE THE FOLLOWING REFERENCE ++++
H. J. C. Berendsen, D. van der Spoel and R. van Drunen
GROMACS: A message-passing parallel molecular dynamics implementation
Comp. Phys. Comm. 91 (1995) pp. 43-56
-------- -------- --- Thank You --- -------- --------

Input Parameters:
   integrator                     = md
   tinit                          = 0
   dt                             = 0.002
   nsteps                         = 75000
   init-step                      = 0
   simulation-part                = 1
   comm-mode                      = Linear
   nstcomm                        = 100
   bd-fric                        = 0
   ld-seed                        = 1824689497
   emtol                          = 10
   emstep                         = 0.01
   niter                          = 20
   fcstep                         = 0
   nstcgsteep                     = 1000
   nbfgscorr                      = 10
   rtpi                           = 0.05
   nstxout                        = 0
   nstvout                        = 0
   nstfout                        = 0
   nstlog                         = 5000
   nstcalcenergy                  = 100
   nstenergy                      = 0
   nstxout-compressed             = 0
   compressed-x-precision         = 1000
   cutoff-scheme                  = Verlet
   nstlist                        = 20
   ns-type                        = Grid
   pbc                            = xyz
   periodic-molecules             = FALSE
   verlet-buffer-tolerance        = 0.005
   rlist                          = 1.041
   rlistlong                      = 1.041
   nstcalclr                      = 20
   coulombtype                    = PME
   coulomb-modifier               = Potential-shift
   rcoulomb-switch                = 0
   rcoulomb                       = 1
   epsilon-r                      = 1
   epsilon-rf                     = inf
   vdw-type                       = PME
   vdw-modifier                   = Potential-shift
   rvdw-switch                    = 0
   rvdw                           = 1
   DispCorr                       = No
   table-extension                = 1
   fourierspacing                 = 0.1
   fourier-nx                     = 52
   fourier-ny                     = 52
   fourier-nz                     = 52
   pme-order                      = 4
   ewald-rtol                     = 1e-05
   ewald-rtol-lj                  = 0.001
   lj-pme-comb-rule               = Geometric
   ewald-geometry                 = 0
   epsilon-surface                = 0
   implicit-solvent               = No
   gb-algorithm                   = Still
   nstgbradii                     = 1
   rgbradii                       = 1
   gb-epsilon-solvent             = 80
   gb-saltconc                    = 0
   gb-obc-alpha                   = 1
   gb-obc-beta                    = 0.8
   gb-obc-gamma                   = 4.85
   gb-dielectric-offset           = 0.009
   sa-algorithm                   = Ace-approximation
   sa-surface-tension             = 2.05016
   tcoupl                         = V-rescale
   nsttcouple                     = 20
   nh-chain-length                = 0
   print-nose-hoover-chain-variables = FALSE
   pcoupl                         = No
   pcoupltype                     = Isotropic
   nstpcouple                     = -1
   tau-p                          = 1
   compressibility (3x3):
      compressibility[    0]={ 0.00000e+00,  0.00000e+00,  0.00000e+00}
      compressibility[    1]={ 0.00000e+00,  0.00000e+00,  0.00000e+00}
      compressibility[    2]={ 0.00000e+00,  0.00000e+00,  0.00000e+00}
   ref-p (3x3):
      ref-p[    0]={ 0.00000e+00,  0.00000e+00,  0.00000e+00}
      ref-p[    1]={ 0.00000e+00,  0.00000e+00,  0.00000e+00}
      ref-p[    2]={ 0.00000e+00,  0.00000e+00,  0.00000e+00}
   refcoord-scaling               = No
   posres-com (3):
      posres-com[0]= 0.00000e+00
      posres-com[1]= 0.00000e+00
      posres-com[2]= 0.00000e+00
   posres-comB (3):
      posres-comB[0]= 0.00000e+00
      posres-comB[1]= 0.00000e+00
      posres-comB[2]= 0.00000e+00
   QMMM                           = FALSE
   QMconstraints                  = 0
   QMMMscheme                     = 0
   MMChargeScaleFactor            = 1
qm-opts:
   ngQM                           = 0
   constraint-algorithm           = Lincs
   continuation                   = FALSE
   Shake-SOR                      = FALSE
   shake-tol                      = 0.0001
   lincs-order                    = 4
   lincs-iter                     = 1
   lincs-warnangle                = 30
   nwall                          = 0
   wall-type                      = 9-3
   wall-r-linpot                  = -1
   wall-atomtype[0]               = -1
   wall-atomtype[1]               = -1
   wall-density[0]                = 0
   wall-density[1]                = 0
   wall-ewald-zfac                = 3
   pull                           = no
   rotation                       = FALSE
   interactiveMD                  = FALSE
   disre                          = No
   disre-weighting                = Conservative
   disre-mixed                    = FALSE
   dr-fc                          = 1000
   dr-tau                         = 0
   nstdisreout                    = 100
   orire-fc                       = 0
   orire-tau                      = 0
   nstorireout                    = 100
   free-energy                    = no
   cos-acceleration               = 0
   deform (3x3):
      deform[    0]={ 0.00000e+00,  0.00000e+00,  0.00000e+00}
      deform[    1]={ 0.00000e+00,  0.00000e+00,  0.00000e+00}
      deform[    2]={ 0.00000e+00,  0.00000e+00,  0.00000e+00}
   simulated-tempering            = FALSE
   E-x:
      n = 0
   E-xt:
      n = 0
   E-y:
      n = 0
   E-yt:
      n = 0
   E-z:
      n = 0
   E-zt:
      n = 0
   swapcoords                     = no
   adress                         = FALSE
   userint1                       = 0
   userint2                       = 0
   userint3                       = 0
   userint4                       = 0
   userreal1                      = 0
   userreal2                      = 0
   userreal3                      = 0
   userreal4                      = 0
grpopts:
   nrdf:       28510
   ref-t:         355
   tau-t:           2
annealing:          No
annealing-npoints:           0
   acc:	           0           0           0
   nfreeze:           N           N           N
   energygrp-flags[  0]: 0
Using 1 MPI thread
Using 1 OpenMP thread 

Detecting CPU SIMD instructions.
Present hardware specification:
Vendor: GenuineIntel
Brand:  Intel(R) Xeon(R) CPU           E5530  @ 2.40GHz
Family:  6  Model: 26  Stepping:  5
Features: apic clfsh cmov cx8 cx16 htt lahf_lm mmx msr nonstop_tsc pdcm popcnt pse rdtscp sse2 sse3 sse4.1 sse4.2 ssse3
SIMD instructions most likely to fit this hardware: SSE4.1
SIMD instructions selected at GROMACS compile time: SSE4.1


The current CPU can measure timings more accurately than the code in
gmx was configured to use. This might affect your simulation
speed as accurate timings are needed for load-balancing.
Please consider rebuilding gmx with the GMX_USE_RDTSCP=OFF CMake option.

Will do PME sum in reciprocal space for electrostatic interactions.

++++ PLEASE READ AND CITE THE FOLLOWING REFERENCE ++++
U. Essmann, L. Perera, M. L. Berkowitz, T. Darden, H. Lee and L. G. Pedersen 
A smooth particle mesh Ewald method
J. Chem. Phys. 103 (1995) pp. 8577-8592
-------- -------- --- Thank You --- -------- --------

Will do ordinary reciprocal space Ewald sum.
Using a Gaussian width (1/beta) of 0.320163 nm for Ewald
Will do PME sum in reciprocal space for LJ dispersion interactions.

++++ PLEASE READ AND CITE THE FOLLOWING REFERENCE ++++
U. Essmann, L. Perera, M. L. Berkowitz, T. Darden, H. Lee and L. G. Pedersen 
A smooth particle mesh Ewald method
J. Chem. Phys. 103 (1995) pp. 8577-8592
-------- -------- --- Thank You --- -------- --------

Using a Gaussian width (1/beta) of 0.298423 nm for LJ Ewald
Using shifted Lennard-Jones, switch between 0 and 1 nm
Cut-off's:   NS: 1.041   Coulomb: 1   LJ: 1
System total charge: -0.000
Generated table with 1020 data points for Ewald.
Tabscale = 500 points/nm
Generated table with 1020 data points for LJ6Ewald.
Tabscale = 500 points/nm
Generated table with 1020 data points for LJ12.
Tabscale = 500 points/nm
Generated table with 1020 data points for 1-4 COUL.
Tabscale = 500 points/nm
Generated table with 1020 data points for 1-4 LJ6.
Tabscale = 500 points/nm
Generated table with 1020 data points for 1-4 LJ12.
Tabscale = 500 points/nm

Using SSE4.1 4x4 non-bonded kernels

Potential shift: LJ r^-12: -1.000e+00 r^-6: -1.000e-03, Ewald -1.000e-05
Initialized non-bonded Ewald correction tables, spacing: 9.33e-04 size: 2189

Removing pbc first time

Initializing LINear Constraint Solver

++++ PLEASE READ AND CITE THE FOLLOWING REFERENCE ++++
B. Hess and H. Bekker and H. J. C. Berendsen and J. G. E. M. Fraaije
LINCS: A Linear Constraint Solver for molecular simulations
J. Comp. Chem. 18 (1997) pp. 1463-1472
-------- -------- --- Thank You --- -------- --------

The number of constraints is 323

++++ PLEASE READ AND CITE THE FOLLOWING REFERENCE ++++
S. Miyamoto and P. A. Kollman
SETTLE: An Analytical Version of the SHAKE and RATTLE Algorithms for Rigid
Water Models
J. Comp. Chem. 13 (1992) pp. 952-962
-------- -------- --- Thank You --- -------- --------

Center of mass motion removal mode is Linear
We have the following groups for center of mass motion removal:
  0:  rest

++++ PLEASE READ AND CITE THE FOLLOWING REFERENCE ++++
G. Bussi, D. Donadio and M. Parrinello
Canonical sampling through velocity rescaling
J. Chem. Phys. 126 (2007) pp. 014101
-------- -------- --- Thank You --- -------- --------

There are: 14100 Atoms

Constraining the starting coordinates (step 0)

Constraining the coordinates at t0-dt (step 0)
RMS relative constraint deviation after constraining: 4.00e-06
Initial temperature: 357.419 K

Started mdrun on rank 0 Thu Oct 26 18:48:32 2017
           Step           Time         Lambda
              0        0.00000        0.00000

   Energies (kJ/mol)
           Bond          Angle    Proper Dih.  Improper Dih.          LJ-14
    1.08865e+02    5.53911e+02    1.66193e+03    3.03505e+01    5.63376e+02
     Coulomb-14        LJ (SR)   Coulomb (SR)   Coul. recip.      LJ recip.
    1.06706e+04    5.77624e+04   -2.68776e+05    1.26157e+03   -1.69687e+04
      Potential    Kinetic En.   Total Energy  Conserved En.    Temperature
   -2.13132e+05    4.23758e+04   -1.70756e+05   -1.70756e+05    3.57531e+02
 Pressure (bar)   Constr. rmsd
    5.24168e+03    4.05368e-06

           Step           Time         Lambda
           5000       10.00000        0.00000

   Energies (kJ/mol)
           Bond          Angle    Proper Dih.  Improper Dih.          LJ-14
    4.82055e+02    1.36896e+03    1.65412e+03    7.60221e+01    5.70670e+02
     Coulomb-14        LJ (SR)   Coulomb (SR)   Coul. recip.      LJ recip.
    1.08019e+04    4.55148e+04   -2.27468e+05    1.30155e+03   -1.67941e+04
      Potential    Kinetic En.   Total Energy  Conserved En.    Temperature
   -1.82492e+05    4.04329e+04   -1.42059e+05   -1.70362e+05    3.41139e+02
 Pressure (bar)   Constr. rmsd
    4.83459e+03    3.09627e-06

Writing checkpoint, step 8460 at Thu Oct 26 19:03:36 2017


           Step           Time         Lambda
          10000       20.00000        0.00000

   Energies (kJ/mol)
           Bond          Angle    Proper Dih.  Improper Dih.          LJ-14
    4.96624e+02    1.37267e+03    1.68065e+03    9.74408e+01    5.61815e+02
     Coulomb-14        LJ (SR)   Coulomb (SR)   Coul. recip.      LJ recip.
    1.07656e+04    4.47998e+04   -2.24822e+05    1.28975e+03   -1.68093e+04
      Potential    Kinetic En.   Total Energy  Conserved En.    Temperature
   -1.80567e+05    4.13204e+04   -1.39247e+05   -1.70354e+05    3.48627e+02
 Pressure (bar)   Constr. rmsd
    4.91624e+03    3.00913e-06

           Step           Time         Lambda
          15000       30.00000        0.00000

   Energies (kJ/mol)
           Bond          Angle    Proper Dih.  Improper Dih.          LJ-14
    4.42515e+02    1.28028e+03    1.69596e+03    6.07875e+01    6.33083e+02
     Coulomb-14        LJ (SR)   Coulomb (SR)   Coul. recip.      LJ recip.
    1.09125e+04    4.44420e+04   -2.25062e+05    1.31954e+03   -1.68022e+04
      Potential    Kinetic En.   Total Energy  Conserved En.    Temperature
   -1.81078e+05    4.21149e+04   -1.38963e+05   -1.70336e+05    3.55330e+02
 Pressure (bar)   Constr. rmsd
    5.04661e+03    3.53659e-06

Writing checkpoint, step 16940 at Thu Oct 26 19:18:35 2017


           Step           Time         Lambda
          20000       40.00000        0.00000

   Energies (kJ/mol)
           Bond          Angle    Proper Dih.  Improper Dih.          LJ-14
    5.54519e+02    1.38488e+03    1.63339e+03    7.92714e+01    5.90104e+02
     Coulomb-14        LJ (SR)   Coulomb (SR)   Coul. recip.      LJ recip.
    1.08108e+04    4.55136e+04   -2.26049e+05    1.31241e+03   -1.68068e+04
      Potential    Kinetic En.   Total Energy  Conserved En.    Temperature
   -1.80977e+05    4.25311e+04   -1.38446e+05   -1.70289e+05    3.58842e+02
 Pressure (bar)   Constr. rmsd
    5.31589e+03    3.86165e-06

           Step           Time         Lambda
          25000       50.00000        0.00000

   Energies (kJ/mol)
           Bond          Angle    Proper Dih.  Improper Dih.          LJ-14
    4.79023e+02    1.43187e+03    1.65067e+03    8.46824e+01    6.44602e+02
     Coulomb-14        LJ (SR)   Coulomb (SR)   Coul. recip.      LJ recip.
    1.08669e+04    4.44632e+04   -2.25541e+05    1.26276e+03   -1.68188e+04
      Potential    Kinetic En.   Total Energy  Conserved En.    Temperature
   -1.81476e+05    4.23289e+04   -1.39148e+05   -1.70272e+05    3.57135e+02
 Pressure (bar)   Constr. rmsd
    4.89776e+03    4.22452e-06

Writing checkpoint, step 25260 at Thu Oct 26 19:33:36 2017


           Step           Time         Lambda
          30000       60.00000        0.00000

   Energies (kJ/mol)
           Bond          Angle    Proper Dih.  Improper Dih.          LJ-14
    5.05436e+02    1.50551e+03    1.68214e+03    7.66133e+01    5.77500e+02
     Coulomb-14        LJ (SR)   Coulomb (SR)   Coul. recip.      LJ recip.
    1.08370e+04    4.42156e+04   -2.24449e+05    1.36802e+03   -1.68039e+04
      Potential    Kinetic En.   Total Energy  Conserved En.    Temperature
   -1.80485e+05    4.16002e+04   -1.38885e+05   -1.70226e+05    3.50987e+02
 Pressure (bar)   Constr. rmsd
    4.74199e+03    3.53922e-06

Writing checkpoint, step 33500 at Thu Oct 26 19:48:35 2017


           Step           Time         Lambda
          35000       70.00000        0.00000

   Energies (kJ/mol)
           Bond          Angle    Proper Dih.  Improper Dih.          LJ-14
    4.86072e+02    1.32151e+03    1.71505e+03    1.02709e+02    6.15510e+02
     Coulomb-14        LJ (SR)   Coulomb (SR)   Coul. recip.      LJ recip.
    1.08766e+04    4.46271e+04   -2.25164e+05    1.31326e+03   -1.68200e+04
      Potential    Kinetic En.   Total Energy  Conserved En.    Temperature
   -1.80927e+05    4.21814e+04   -1.38745e+05   -1.70224e+05    3.55891e+02
 Pressure (bar)   Constr. rmsd
    5.05929e+03    4.19477e-06

           Step           Time         Lambda
          40000       80.00000        0.00000

   Energies (kJ/mol)
           Bond          Angle    Proper Dih.  Improper Dih.          LJ-14
    4.53768e+02    1.48921e+03    1.72026e+03    5.22197e+01    6.08632e+02
     Coulomb-14        LJ (SR)   Coulomb (SR)   Coul. recip.      LJ recip.
    1.08372e+04    4.41589e+04   -2.24994e+05    1.41050e+03   -1.68008e+04
      Potential    Kinetic En.   Total Energy  Conserved En.    Temperature
   -1.81064e+05    4.23162e+04   -1.38748e+05   -1.70183e+05    3.57028e+02
 Pressure (bar)   Constr. rmsd
    5.01247e+03    2.98094e-06

Writing checkpoint, step 41900 at Thu Oct 26 20:03:35 2017


           Step           Time         Lambda
          45000       90.00000        0.00000

   Energies (kJ/mol)
           Bond          Angle    Proper Dih.  Improper Dih.          LJ-14
    5.13490e+02    1.47648e+03    1.62182e+03    7.58100e+01    5.98685e+02
     Coulomb-14        LJ (SR)   Coulomb (SR)   Coul. recip.      LJ recip.
    1.08539e+04    4.57039e+04   -2.26218e+05    1.32472e+03   -1.68096e+04
      Potential    Kinetic En.   Total Energy  Conserved En.    Temperature
   -1.80859e+05    4.22789e+04   -1.38580e+05   -1.70157e+05    3.56714e+02
 Pressure (bar)   Constr. rmsd
    5.42819e+03    2.96317e-06

           Step           Time         Lambda
          50000      100.00000        0.00000

   Energies (kJ/mol)
           Bond          Angle    Proper Dih.  Improper Dih.          LJ-14
    5.24013e+02    1.44633e+03    1.70660e+03    1.10213e+02    5.91213e+02
     Coulomb-14        LJ (SR)   Coulomb (SR)   Coul. recip.      LJ recip.
    1.07486e+04    4.54879e+04   -2.26029e+05    1.35702e+03   -1.68190e+04
      Potential    Kinetic En.   Total Energy  Conserved En.    Temperature
   -1.80876e+05    4.21942e+04   -1.38682e+05   -1.70128e+05    3.55999e+02
 Pressure (bar)   Constr. rmsd
    5.20323e+03    4.11089e-06

Writing checkpoint, step 50340 at Thu Oct 26 20:18:36 2017


           Step           Time         Lambda
          55000      110.00000        0.00000

   Energies (kJ/mol)
           Bond          Angle    Proper Dih.  Improper Dih.          LJ-14
    4.77218e+02    1.46944e+03    1.67578e+03    7.98180e+01    5.78199e+02
     Coulomb-14        LJ (SR)   Coulomb (SR)   Coul. recip.      LJ recip.
    1.07547e+04    4.54004e+04   -2.25919e+05    1.29789e+03   -1.68075e+04
      Potential    Kinetic En.   Total Energy  Conserved En.    Temperature
   -1.80993e+05    4.25432e+04   -1.38450e+05   -1.70105e+05    3.58944e+02
 Pressure (bar)   Constr. rmsd
    5.15720e+03    3.59937e-06

Writing checkpoint, step 58580 at Thu Oct 26 20:33:37 2017


           Step           Time         Lambda
          60000      120.00000        0.00000

   Energies (kJ/mol)
           Bond          Angle    Proper Dih.  Improper Dih.          LJ-14
    4.94288e+02    1.38193e+03    1.67540e+03    9.54640e+01    6.27599e+02
     Coulomb-14        LJ (SR)   Coulomb (SR)   Coul. recip.      LJ recip.
    1.08876e+04    4.49408e+04   -2.25310e+05    1.32764e+03   -1.68137e+04
      Potential    Kinetic En.   Total Energy  Conserved En.    Temperature
   -1.80693e+05    4.23254e+04   -1.38367e+05   -1.70092e+05    3.57106e+02
 Pressure (bar)   Constr. rmsd
    5.17841e+03    3.36047e-06

           Step           Time         Lambda
          65000      130.00000        0.00000

   Energies (kJ/mol)
           Bond          Angle    Proper Dih.  Improper Dih.          LJ-14
    5.65768e+02    1.41080e+03    1.76912e+03    1.10777e+02    5.52902e+02
     Coulomb-14        LJ (SR)   Coulomb (SR)   Coul. recip.      LJ recip.
    1.08655e+04    4.50537e+04   -2.25381e+05    1.33856e+03   -1.68163e+04
      Potential    Kinetic En.   Total Energy  Conserved En.    Temperature
   -1.80530e+05    4.17747e+04   -1.38755e+05   -1.70034e+05    3.52459e+02
 Pressure (bar)   Constr. rmsd
    5.01568e+03    3.68281e-06

Writing checkpoint, step 67060 at Thu Oct 26 20:48:36 2017


           Step           Time         Lambda
          70000      140.00000        0.00000

   Energies (kJ/mol)
           Bond          Angle    Proper Dih.  Improper Dih.          LJ-14
    5.17100e+02    1.38172e+03    1.70698e+03    6.44579e+01    6.30300e+02
     Coulomb-14        LJ (SR)   Coulomb (SR)   Coul. recip.      LJ recip.
    1.08111e+04    4.60893e+04   -2.27008e+05    1.27222e+03   -1.68045e+04
      Potential    Kinetic En.   Total Energy  Conserved En.    Temperature
   -1.81339e+05    4.21334e+04   -1.39206e+05   -1.70024e+05    3.55486e+02
 Pressure (bar)   Constr. rmsd
    5.70785e+03    2.89064e-06

           Step           Time         Lambda
          75000      150.00000        0.00000

Writing checkpoint, step 75000 at Thu Oct 26 21:02:46 2017


   Energies (kJ/mol)
           Bond          Angle    Proper Dih.  Improper Dih.          LJ-14
    5.81931e+02    1.34095e+03    1.67065e+03    9.51542e+01    6.12136e+02
     Coulomb-14        LJ (SR)   Coulomb (SR)   Coul. recip.      LJ recip.
    1.08715e+04    4.42005e+04   -2.24383e+05    1.40276e+03   -1.68118e+04
      Potential    Kinetic En.   Total Energy  Conserved En.    Temperature
   -1.80419e+05    4.23805e+04   -1.38039e+05   -1.70010e+05    3.57570e+02
 Pressure (bar)   Constr. rmsd
    4.77053e+03    3.68869e-06

	<======  ###############  ==>
	<====  A V E R A G E S  ====>
	<==  ###############  ======>

	Statistics over 75001 steps using 751 frames

   Energies (kJ/mol)
           Bond          Angle    Proper Dih.  Improper Dih.          LJ-14
    5.07544e+02    1.39272e+03    1.68426e+03    8.06304e+01    5.94076e+02
     Coulomb-14        LJ (SR)   Coulomb (SR)   Coul. recip.      LJ recip.
    1.08284e+04    4.50507e+04   -2.26150e+05    1.32294e+03   -1.68076e+04
      Potential    Kinetic En.   Total Energy  Conserved En.    Temperature
   -1.81496e+05    4.16564e+04   -1.39840e+05   -1.70199e+05    3.51461e+02
 Pressure (bar)   Constr. rmsd
    5.02800e+03    0.00000e+00

   Total Virial (kJ/mol)
   -5.00899e+03    1.38918e+01    1.63652e+01
    1.38737e+01   -5.08930e+03    1.10493e+01
    1.62042e+01    1.12850e+01   -5.01910e+03

   Pressure (bar)
    5.02162e+03   -2.11405e+00   -2.73538e+00
   -2.10924e+00    5.04036e+03   -8.05949e-01
   -2.69258e+00   -8.68552e-01    5.02203e+03


	M E G A - F L O P S   A C C O U N T I N G

 NB=Group-cutoff nonbonded kernels    NxN=N-by-N cluster Verlet kernels
 RF=Reaction-Field  VdW=Van der Waals  QSTab=quadratic-spline table
 W3=SPC/TIP3p  W4=TIP4p (single or pairs)
 V&F=Potential and force  V=Potential only  F=Force only

 Computing:                               M-Number         M-Flops  % Flops
-----------------------------------------------------------------------------
 Pair Search distance check           17855.213276      160696.919     0.4
 NxN QSTab Elec. + LJ [F]            263342.922760    20277405.053    56.4
 NxN QSTab Elec. + LJ [V&F]            2663.633656      245054.296     0.7
 NxN QSTab Elec. [F]                 235144.328504     7994907.169    22.2
 NxN QSTab Elec. [V&F]                 2378.539912       97520.136     0.3
 1,4 nonbonded interactions             122.401632       11016.147     0.0
 Calc Weights                          3172.542300      114211.523     0.3
 Spread Q Bspline                    135361.804800      270723.610     0.8
 Gather F Bspline                    135361.804800      812170.829     2.3
 3D-FFT                              721384.218328     5771073.747    16.1
 Solve PME                              405.605408       25958.746     0.1
 Shift-X                                 52.889100         317.335     0.0
 Bonds                                   22.800304        1345.218     0.0
 Angles                                  85.726143       14401.992     0.0
 Propers                                132.976773       30451.681     0.1
 Impropers                                8.550114        1778.424     0.0
 Virial                                  10.622895         191.212     0.0
 Stop-CM                                 10.603200         106.032     0.0
 Calc-Ekin                              105.778200        2856.011     0.0
 Lincs                                   24.225969        1453.558     0.0
 Lincs-Mat                              143.105724         572.423     0.0
 Constraint-V                          1058.278220        8466.226     0.0
 Constraint-Vir                          10.354037         248.497     0.0
 Settle                                 336.613464      108726.149     0.3
-----------------------------------------------------------------------------
 Total                                                35951652.932   100.0
-----------------------------------------------------------------------------


     R E A L   C Y C L E   A N D   T I M E   A C C O U N T I N G

On 1 MPI rank

 Computing:          Num   Num      Call    Wall time         Giga-Cycles
                     Ranks Threads  Count      (s)         total sum    %
-----------------------------------------------------------------------------
 Neighbor search        1    1       3751     129.559        310.183   1.6
 Force                  1    1      75001    3935.056       9421.118  48.9
 PME mesh               1    1      75001    3847.315       9211.052  47.8
 NB X/F buffer ops.     1    1     146251      14.260         34.140   0.2
 Write traj.            1    1          9       1.235          2.957   0.0
 Update                 1    1      75001      19.314         46.240   0.2
 Constraints            1    1      75001      99.942        239.276   1.2
 Rest                                           7.237         17.326   0.1
-----------------------------------------------------------------------------
 Total                                       8053.917      19282.291 100.0
-----------------------------------------------------------------------------
 Breakdown of PME mesh computation
-----------------------------------------------------------------------------
 PME spread/gather      1    1     300004     417.659        999.940   5.2
 PME 3D-FFT             1    1     300004    3210.633       7686.739  39.9
 PME solve LJ           1    1      75001     166.650        398.986   2.1
 PME solve Elec         1    1      75001      51.465        123.214   0.6
-----------------------------------------------------------------------------

               Core t (s)   Wall t (s)        (%)
       Time:     8057.946     8053.917      100.1
                         2h14:13
                 (ns/day)    (hour/ns)
Performance:        1.609       14.914
Finished mdrun on rank 0 Thu Oct 26 21:02:46 2017
