2017-05-01 16:25:00,645: umgr.staging.output.queue.bridge: MainProcess                     : MainThread     : INFO    : python.interpreter   version: 2.7.12 (default, Nov 19 2016, 06:48:10) [GCC 5.4.0 20160609]
2017-05-01 16:25:00,645: umgr.staging.output.queue.bridge: MainProcess                     : MainThread     : INFO    :                      pid: 9593
2017-05-01 16:25:00,645: umgr.staging.output.queue.bridge: MainProcess                     : MainThread     : INFO    :                      tid: MainThread
2017-05-01 16:25:00,646: umgr.staging.output.queue.bridge: MainProcess                     : MainThread     : INFO    : radical.pilot        version: split-66-ge67c4f3c@devel
2017-05-01 16:25:00,646: umgr.staging.output.queue.bridge: MainProcess                     : MainThread     : INFO    : create umgr_staging_output_queue - bridge - tcp://*:*
2017-05-01 16:25:00,651: umgr.staging.output.queue.bridge: umgr.staging.output.queue.bridge: MainThread     : INFO    : start bridge umgr.staging.output.queue.bridge on tcp://*:*
2017-05-01 16:25:00,652: umgr.staging.output.queue.bridge: umgr.staging.output.queue.bridge: MainThread     : INFO    : bound bridge umgr.staging.output.queue.bridge to tcp://0.0.0.0:45642 : tcp://0.0.0.0:39643
2017-05-01 16:33:55,706: umgr.staging.output.queue.bridge: umgr.staging.output.queue.bridge: MainThread     : DEBUG   : sent  1 [hwm: 1]
2017-05-01 16:38:30,589: umgr.staging.output.queue.bridge: umgr.staging.output.queue.bridge: MainThread     : DEBUG   : sent  1 [hwm: 1]
2017-05-01 16:38:53,927: umgr.staging.output.queue.bridge: umgr.staging.output.queue.bridge: MainThread     : DEBUG   : sent  1 [hwm: 1]
2017-05-01 16:39:00,987: umgr.staging.output.queue.bridge: umgr.staging.output.queue.bridge: MainThread     : DEBUG   : sent  1 [hwm: 1]
2017-05-01 16:39:13,178: umgr.staging.output.queue.bridge: umgr.staging.output.queue.bridge: MainThread     : DEBUG   : sent  1 [hwm: 1]
2017-05-01 16:39:21,298: umgr.staging.output.queue.bridge: umgr.staging.output.queue.bridge: MainThread     : DEBUG   : sent  1 [hwm: 1]
2017-05-01 16:39:26,329: umgr.staging.output.queue.bridge: umgr.staging.output.queue.bridge: MainThread     : DEBUG   : sent  1 [hwm: 1]
2017-05-01 16:39:59,676: umgr.staging.output.queue.bridge: umgr.staging.output.queue.bridge: MainThread     : DEBUG   : sent  1 [hwm: 1]
2017-05-01 16:40:05,743: umgr.staging.output.queue.bridge: umgr.staging.output.queue.bridge: MainThread     : DEBUG   : sent  1 [hwm: 1]
2017-05-01 16:40:10,784: umgr.staging.output.queue.bridge: umgr.staging.output.queue.bridge: MainThread     : DEBUG   : sent  1 [hwm: 1]
2017-05-01 16:40:16,869: umgr.staging.output.queue.bridge: umgr.staging.output.queue.bridge: MainThread     : DEBUG   : sent  1 [hwm: 1]
2017-05-01 16:40:21,937: umgr.staging.output.queue.bridge: umgr.staging.output.queue.bridge: MainThread     : DEBUG   : sent  1 [hwm: 1]
2017-05-01 16:40:26,981: umgr.staging.output.queue.bridge: umgr.staging.output.queue.bridge: MainThread     : DEBUG   : sent  1 [hwm: 1]
2017-05-01 16:40:32,022: umgr.staging.output.queue.bridge: umgr.staging.output.queue.bridge: MainThread     : DEBUG   : sent  1 [hwm: 1]
2017-05-01 16:40:37,193: umgr.staging.output.queue.bridge: umgr.staging.output.queue.bridge: MainThread     : DEBUG   : sent  1 [hwm: 1]
2017-05-01 16:40:42,144: umgr.staging.output.queue.bridge: umgr.staging.output.queue.bridge: MainThread     : DEBUG   : sent  1 [hwm: 1]
2017-05-01 16:40:47,206: umgr.staging.output.queue.bridge: umgr.staging.output.queue.bridge: MainThread     : DEBUG   : sent  1 [hwm: 1]
2017-05-01 16:40:52,357: umgr.staging.output.queue.bridge: umgr.staging.output.queue.bridge: MainThread     : DEBUG   : sent  1 [hwm: 1]
2017-05-01 16:40:57,579: umgr.staging.output.queue.bridge: umgr.staging.output.queue.bridge: MainThread     : DEBUG   : sent  1 [hwm: 1]
2017-05-01 16:41:02,706: umgr.staging.output.queue.bridge: umgr.staging.output.queue.bridge: MainThread     : DEBUG   : sent  1 [hwm: 1]
2017-05-01 16:41:07,377: umgr.staging.output.queue.bridge: umgr.staging.output.queue.bridge: MainThread     : DEBUG   : sent  1 [hwm: 1]
2017-05-01 16:41:11,764: umgr.staging.output.queue.bridge: umgr.staging.output.queue.bridge: MainThread     : DEBUG   : sent  1 [hwm: 1]
2017-05-01 16:41:15,995: umgr.staging.output.queue.bridge: umgr.staging.output.queue.bridge: MainThread     : DEBUG   : sent  1 [hwm: 1]
2017-05-01 16:41:20,811: umgr.staging.output.queue.bridge: umgr.staging.output.queue.bridge: MainThread     : DEBUG   : sent  1 [hwm: 1]
2017-05-01 16:41:25,884: umgr.staging.output.queue.bridge: umgr.staging.output.queue.bridge: MainThread     : DEBUG   : sent  1 [hwm: 1]
2017-05-01 16:41:32,035: umgr.staging.output.queue.bridge: umgr.staging.output.queue.bridge: MainThread     : DEBUG   : sent  1 [hwm: 1]
2017-05-01 16:41:36,876: umgr.staging.output.queue.bridge: umgr.staging.output.queue.bridge: MainThread     : WARNING : bridge intr
2017-05-01 16:41:36,877: umgr.staging.output.queue.bridge: umgr.staging.output.queue.bridge: MainThread     : DEBUG   : bridge final
2017-05-01 16:41:47,875: umgr.staging.output.queue.bridge: MainProcess                     : MainThread     : INFO    : radical.pilot        version: split-66-ge67c4f3c@devel
2017-05-01 16:41:47,875: umgr.staging.output.queue.bridge: MainProcess                     : MainThread     : INFO    : create umgr_staging_output_queue - bridge - tcp://*:*
2017-05-01 16:41:47,882: umgr.staging.output.queue.bridge: umgr.staging.output.queue.bridge: MainThread     : INFO    : start bridge umgr.staging.output.queue.bridge on tcp://*:*
2017-05-01 16:41:47,883: umgr.staging.output.queue.bridge: umgr.staging.output.queue.bridge: MainThread     : INFO    : bound bridge umgr.staging.output.queue.bridge to tcp://0.0.0.0:35447 : tcp://0.0.0.0:34297
2017-05-01 16:57:32,723: umgr.staging.output.queue.bridge: umgr.staging.output.queue.bridge: MainThread     : DEBUG   : sent  1 [hwm: 1]
2017-05-01 17:02:42,844: umgr.staging.output.queue.bridge: umgr.staging.output.queue.bridge: MainThread     : DEBUG   : sent  1 [hwm: 1]
2017-05-01 17:02:47,923: umgr.staging.output.queue.bridge: umgr.staging.output.queue.bridge: MainThread     : DEBUG   : sent  1 [hwm: 1]
2017-05-01 17:02:52,928: umgr.staging.output.queue.bridge: umgr.staging.output.queue.bridge: MainThread     : DEBUG   : sent  1 [hwm: 1]
2017-05-01 17:02:58,943: umgr.staging.output.queue.bridge: umgr.staging.output.queue.bridge: MainThread     : DEBUG   : sent  1 [hwm: 1]
2017-05-01 17:03:04,086: umgr.staging.output.queue.bridge: umgr.staging.output.queue.bridge: MainThread     : DEBUG   : sent  1 [hwm: 1]
2017-05-01 17:03:08,175: umgr.staging.output.queue.bridge: umgr.staging.output.queue.bridge: MainThread     : DEBUG   : sent  1 [hwm: 1]
2017-05-01 17:03:23,651: umgr.staging.output.queue.bridge: umgr.staging.output.queue.bridge: MainThread     : DEBUG   : sent  1 [hwm: 1]
2017-05-01 17:03:28,780: umgr.staging.output.queue.bridge: umgr.staging.output.queue.bridge: MainThread     : DEBUG   : sent  1 [hwm: 1]
2017-05-01 17:03:54,134: umgr.staging.output.queue.bridge: umgr.staging.output.queue.bridge: MainThread     : DEBUG   : sent  1 [hwm: 1]
2017-05-01 17:03:59,244: umgr.staging.output.queue.bridge: umgr.staging.output.queue.bridge: MainThread     : DEBUG   : sent  1 [hwm: 1]
2017-05-01 17:04:04,746: umgr.staging.output.queue.bridge: umgr.staging.output.queue.bridge: MainThread     : DEBUG   : sent  1 [hwm: 1]
2017-05-01 17:04:09,646: umgr.staging.output.queue.bridge: umgr.staging.output.queue.bridge: MainThread     : DEBUG   : sent  1 [hwm: 1]
2017-05-01 17:04:13,920: umgr.staging.output.queue.bridge: umgr.staging.output.queue.bridge: MainThread     : DEBUG   : sent  1 [hwm: 1]
2017-05-01 17:04:19,860: umgr.staging.output.queue.bridge: umgr.staging.output.queue.bridge: MainThread     : DEBUG   : sent  1 [hwm: 1]
2017-05-01 17:04:25,007: umgr.staging.output.queue.bridge: umgr.staging.output.queue.bridge: MainThread     : DEBUG   : sent  1 [hwm: 1]
2017-05-01 17:04:30,116: umgr.staging.output.queue.bridge: umgr.staging.output.queue.bridge: MainThread     : DEBUG   : sent  1 [hwm: 1]
2017-05-01 17:04:34,291: umgr.staging.output.queue.bridge: umgr.staging.output.queue.bridge: MainThread     : DEBUG   : sent  1 [hwm: 1]
2017-05-01 17:04:39,362: umgr.staging.output.queue.bridge: umgr.staging.output.queue.bridge: MainThread     : DEBUG   : sent  1 [hwm: 1]
2017-05-01 17:04:44,480: umgr.staging.output.queue.bridge: umgr.staging.output.queue.bridge: MainThread     : DEBUG   : sent  1 [hwm: 1]
2017-05-01 17:04:49,583: umgr.staging.output.queue.bridge: umgr.staging.output.queue.bridge: MainThread     : DEBUG   : sent  1 [hwm: 1]
2017-05-01 17:04:54,061: umgr.staging.output.queue.bridge: umgr.staging.output.queue.bridge: MainThread     : DEBUG   : sent  1 [hwm: 1]
2017-05-01 17:04:57,861: umgr.staging.output.queue.bridge: umgr.staging.output.queue.bridge: MainThread     : DEBUG   : sent  1 [hwm: 1]
2017-05-01 17:05:05,089: umgr.staging.output.queue.bridge: umgr.staging.output.queue.bridge: MainThread     : DEBUG   : sent  1 [hwm: 1]
2017-05-01 17:05:10,181: umgr.staging.output.queue.bridge: umgr.staging.output.queue.bridge: MainThread     : DEBUG   : sent  1 [hwm: 1]
2017-05-01 17:05:15,046: umgr.staging.output.queue.bridge: umgr.staging.output.queue.bridge: MainThread     : WARNING : bridge intr
2017-05-01 17:05:15,046: umgr.staging.output.queue.bridge: umgr.staging.output.queue.bridge: MainThread     : DEBUG   : bridge final
2017-05-01 17:05:28,391: umgr.staging.output.queue.bridge: MainProcess                     : MainThread     : INFO    : radical.pilot        version: split-66-ge67c4f3c@devel
2017-05-01 17:05:28,391: umgr.staging.output.queue.bridge: MainProcess                     : MainThread     : INFO    : create umgr_staging_output_queue - bridge - tcp://*:*
2017-05-01 17:05:28,406: umgr.staging.output.queue.bridge: umgr.staging.output.queue.bridge: MainThread     : INFO    : start bridge umgr.staging.output.queue.bridge on tcp://*:*
2017-05-01 17:05:28,408: umgr.staging.output.queue.bridge: umgr.staging.output.queue.bridge: MainThread     : INFO    : bound bridge umgr.staging.output.queue.bridge to tcp://0.0.0.0:35103 : tcp://0.0.0.0:43362
2017-05-01 17:19:22,645: umgr.staging.output.queue.bridge: umgr.staging.output.queue.bridge: MainThread     : DEBUG   : sent  1 [hwm: 1]
2017-05-01 17:24:12,574: umgr.staging.output.queue.bridge: umgr.staging.output.queue.bridge: MainThread     : DEBUG   : sent  1 [hwm: 1]
2017-05-01 17:24:17,825: umgr.staging.output.queue.bridge: umgr.staging.output.queue.bridge: MainThread     : DEBUG   : sent  1 [hwm: 1]
2017-05-01 17:24:22,872: umgr.staging.output.queue.bridge: umgr.staging.output.queue.bridge: MainThread     : DEBUG   : sent  1 [hwm: 1]
2017-05-01 17:24:37,427: umgr.staging.output.queue.bridge: umgr.staging.output.queue.bridge: MainThread     : DEBUG   : sent  1 [hwm: 1]
2017-05-01 17:24:43,369: umgr.staging.output.queue.bridge: umgr.staging.output.queue.bridge: MainThread     : DEBUG   : sent  1 [hwm: 1]
2017-05-01 17:25:08,066: umgr.staging.output.queue.bridge: umgr.staging.output.queue.bridge: MainThread     : DEBUG   : sent  1 [hwm: 1]
2017-05-01 17:25:13,221: umgr.staging.output.queue.bridge: umgr.staging.output.queue.bridge: MainThread     : DEBUG   : sent  1 [hwm: 1]
2017-05-01 17:25:18,523: umgr.staging.output.queue.bridge: umgr.staging.output.queue.bridge: MainThread     : DEBUG   : sent  1 [hwm: 1]
2017-05-01 17:25:23,620: umgr.staging.output.queue.bridge: umgr.staging.output.queue.bridge: MainThread     : DEBUG   : sent  1 [hwm: 1]
2017-05-01 17:25:42,990: umgr.staging.output.queue.bridge: umgr.staging.output.queue.bridge: MainThread     : DEBUG   : sent  1 [hwm: 1]
2017-05-01 17:25:48,129: umgr.staging.output.queue.bridge: umgr.staging.output.queue.bridge: MainThread     : DEBUG   : sent  1 [hwm: 1]
2017-05-01 17:25:53,291: umgr.staging.output.queue.bridge: umgr.staging.output.queue.bridge: MainThread     : DEBUG   : sent  1 [hwm: 1]
2017-05-01 17:25:58,400: umgr.staging.output.queue.bridge: umgr.staging.output.queue.bridge: MainThread     : DEBUG   : sent  1 [hwm: 1]
2017-05-01 17:26:03,928: umgr.staging.output.queue.bridge: umgr.staging.output.queue.bridge: MainThread     : DEBUG   : sent  1 [hwm: 1]
2017-05-01 17:26:08,838: umgr.staging.output.queue.bridge: umgr.staging.output.queue.bridge: MainThread     : DEBUG   : sent  1 [hwm: 1]
2017-05-01 17:26:13,991: umgr.staging.output.queue.bridge: umgr.staging.output.queue.bridge: MainThread     : DEBUG   : sent  1 [hwm: 1]
2017-05-01 17:26:19,178: umgr.staging.output.queue.bridge: umgr.staging.output.queue.bridge: MainThread     : DEBUG   : sent  1 [hwm: 1]
2017-05-01 17:26:24,429: umgr.staging.output.queue.bridge: umgr.staging.output.queue.bridge: MainThread     : DEBUG   : sent  1 [hwm: 1]
2017-05-01 17:26:29,748: umgr.staging.output.queue.bridge: umgr.staging.output.queue.bridge: MainThread     : DEBUG   : sent  1 [hwm: 1]
2017-05-01 17:26:33,809: umgr.staging.output.queue.bridge: umgr.staging.output.queue.bridge: MainThread     : DEBUG   : sent  1 [hwm: 1]
2017-05-01 17:26:34,773: umgr.staging.output.queue.bridge: umgr.staging.output.queue.bridge: MainThread     : DEBUG   : sent  1 [hwm: 1]
2017-05-01 17:26:38,924: umgr.staging.output.queue.bridge: umgr.staging.output.queue.bridge: MainThread     : DEBUG   : sent  1 [hwm: 1]
2017-05-01 17:26:43,381: umgr.staging.output.queue.bridge: umgr.staging.output.queue.bridge: MainThread     : DEBUG   : sent  1 [hwm: 1]
2017-05-01 17:26:47,615: umgr.staging.output.queue.bridge: umgr.staging.output.queue.bridge: MainThread     : DEBUG   : sent  1 [hwm: 1]
2017-05-01 17:26:52,841: umgr.staging.output.queue.bridge: umgr.staging.output.queue.bridge: MainThread     : DEBUG   : sent  1 [hwm: 1]
2017-05-01 17:26:58,388: umgr.staging.output.queue.bridge: umgr.staging.output.queue.bridge: MainThread     : DEBUG   : sent  1 [hwm: 1]
2017-05-01 17:27:04,330: umgr.staging.output.queue.bridge: umgr.staging.output.queue.bridge: MainThread     : DEBUG   : sent  1 [hwm: 1]
2017-05-01 17:27:09,513: umgr.staging.output.queue.bridge: umgr.staging.output.queue.bridge: MainThread     : WARNING : bridge intr
2017-05-01 17:27:09,513: umgr.staging.output.queue.bridge: umgr.staging.output.queue.bridge: MainThread     : DEBUG   : bridge final
2017-05-01 17:28:55,740: umgr.staging.output.queue.bridge: MainProcess                     : MainThread     : INFO    : radical.pilot        version: split-66-ge67c4f3c@devel
2017-05-01 17:28:55,740: umgr.staging.output.queue.bridge: MainProcess                     : MainThread     : INFO    : create umgr_staging_output_queue - bridge - tcp://*:*
2017-05-01 17:28:55,756: umgr.staging.output.queue.bridge: umgr.staging.output.queue.bridge: MainThread     : INFO    : start bridge umgr.staging.output.queue.bridge on tcp://*:*
2017-05-01 17:28:55,758: umgr.staging.output.queue.bridge: umgr.staging.output.queue.bridge: MainThread     : INFO    : bound bridge umgr.staging.output.queue.bridge to tcp://0.0.0.0:35870 : tcp://0.0.0.0:42100
2017-05-01 17:37:38,254: umgr.staging.output.queue.bridge: umgr.staging.output.queue.bridge: MainThread     : DEBUG   : sent  1 [hwm: 1]
2017-05-01 17:42:51,974: umgr.staging.output.queue.bridge: umgr.staging.output.queue.bridge: MainThread     : DEBUG   : sent  1 [hwm: 1]
2017-05-01 17:42:58,164: umgr.staging.output.queue.bridge: umgr.staging.output.queue.bridge: MainThread     : DEBUG   : sent  1 [hwm: 1]
2017-05-01 17:43:03,361: umgr.staging.output.queue.bridge: umgr.staging.output.queue.bridge: MainThread     : DEBUG   : sent  1 [hwm: 1]
2017-05-01 17:43:08,379: umgr.staging.output.queue.bridge: umgr.staging.output.queue.bridge: MainThread     : DEBUG   : sent  1 [hwm: 1]
2017-05-01 17:43:28,773: umgr.staging.output.queue.bridge: umgr.staging.output.queue.bridge: MainThread     : DEBUG   : sent  1 [hwm: 1]
2017-05-01 17:43:33,787: umgr.staging.output.queue.bridge: umgr.staging.output.queue.bridge: MainThread     : DEBUG   : sent  1 [hwm: 1]
2017-05-01 17:43:39,007: umgr.staging.output.queue.bridge: umgr.staging.output.queue.bridge: MainThread     : DEBUG   : sent  1 [hwm: 1]
2017-05-01 17:43:58,545: umgr.staging.output.queue.bridge: umgr.staging.output.queue.bridge: MainThread     : DEBUG   : sent  1 [hwm: 1]
2017-05-01 17:44:04,677: umgr.staging.output.queue.bridge: umgr.staging.output.queue.bridge: MainThread     : DEBUG   : sent  1 [hwm: 1]
2017-05-01 17:44:08,933: umgr.staging.output.queue.bridge: umgr.staging.output.queue.bridge: MainThread     : DEBUG   : sent  1 [hwm: 1]
2017-05-01 17:44:14,143: umgr.staging.output.queue.bridge: umgr.staging.output.queue.bridge: MainThread     : DEBUG   : sent  1 [hwm: 1]
2017-05-01 17:44:19,582: umgr.staging.output.queue.bridge: umgr.staging.output.queue.bridge: MainThread     : DEBUG   : sent  1 [hwm: 1]
2017-05-01 17:44:24,008: umgr.staging.output.queue.bridge: umgr.staging.output.queue.bridge: MainThread     : DEBUG   : sent  1 [hwm: 1]
2017-05-01 17:44:29,207: umgr.staging.output.queue.bridge: umgr.staging.output.queue.bridge: MainThread     : DEBUG   : sent  1 [hwm: 1]
2017-05-01 17:44:34,733: umgr.staging.output.queue.bridge: umgr.staging.output.queue.bridge: MainThread     : DEBUG   : sent  1 [hwm: 1]
2017-05-01 17:44:39,156: umgr.staging.output.queue.bridge: umgr.staging.output.queue.bridge: MainThread     : DEBUG   : sent  1 [hwm: 1]
2017-05-01 17:44:44,706: umgr.staging.output.queue.bridge: umgr.staging.output.queue.bridge: MainThread     : DEBUG   : sent  1 [hwm: 1]
2017-05-01 17:44:50,135: umgr.staging.output.queue.bridge: umgr.staging.output.queue.bridge: MainThread     : DEBUG   : sent  1 [hwm: 1]
2017-05-01 17:44:54,140: umgr.staging.output.queue.bridge: umgr.staging.output.queue.bridge: MainThread     : DEBUG   : sent  1 [hwm: 1]
2017-05-01 17:44:57,794: umgr.staging.output.queue.bridge: umgr.staging.output.queue.bridge: MainThread     : DEBUG   : sent  1 [hwm: 1]
2017-05-01 17:45:03,799: umgr.staging.output.queue.bridge: umgr.staging.output.queue.bridge: MainThread     : DEBUG   : sent  1 [hwm: 1]
2017-05-01 17:45:09,979: umgr.staging.output.queue.bridge: umgr.staging.output.queue.bridge: MainThread     : DEBUG   : sent  1 [hwm: 1]
2017-05-01 17:45:14,242: umgr.staging.output.queue.bridge: umgr.staging.output.queue.bridge: MainThread     : DEBUG   : sent  1 [hwm: 1]
2017-05-01 17:45:20,117: umgr.staging.output.queue.bridge: umgr.staging.output.queue.bridge: MainThread     : DEBUG   : sent  1 [hwm: 1]
2017-05-01 17:45:26,522: umgr.staging.output.queue.bridge: umgr.staging.output.queue.bridge: MainThread     : WARNING : bridge intr
2017-05-01 17:45:26,522: umgr.staging.output.queue.bridge: umgr.staging.output.queue.bridge: MainThread     : DEBUG   : bridge final
2017-05-01 17:47:10,725: umgr.staging.output.queue.bridge: MainProcess                     : MainThread     : INFO    : radical.pilot        version: split-66-ge67c4f3c@devel
2017-05-01 17:47:10,725: umgr.staging.output.queue.bridge: MainProcess                     : MainThread     : INFO    : create umgr_staging_output_queue - bridge - tcp://*:*
2017-05-01 17:47:10,731: umgr.staging.output.queue.bridge: umgr.staging.output.queue.bridge: MainThread     : INFO    : start bridge umgr.staging.output.queue.bridge on tcp://*:*
2017-05-01 17:47:10,732: umgr.staging.output.queue.bridge: umgr.staging.output.queue.bridge: MainThread     : INFO    : bound bridge umgr.staging.output.queue.bridge to tcp://0.0.0.0:34265 : tcp://0.0.0.0:46598
2017-05-01 17:52:49,415: umgr.staging.output.queue.bridge: umgr.staging.output.queue.bridge: MainThread     : DEBUG   : sent  1 [hwm: 1]
2017-05-01 17:57:35,177: umgr.staging.output.queue.bridge: umgr.staging.output.queue.bridge: MainThread     : DEBUG   : sent  1 [hwm: 1]
2017-05-01 17:57:50,517: umgr.staging.output.queue.bridge: umgr.staging.output.queue.bridge: MainThread     : DEBUG   : sent  1 [hwm: 1]
2017-05-01 17:58:05,030: umgr.staging.output.queue.bridge: umgr.staging.output.queue.bridge: MainThread     : DEBUG   : sent  1 [hwm: 1]
2017-05-01 17:58:10,142: umgr.staging.output.queue.bridge: umgr.staging.output.queue.bridge: MainThread     : DEBUG   : sent  1 [hwm: 1]
2017-05-01 17:58:25,316: umgr.staging.output.queue.bridge: umgr.staging.output.queue.bridge: MainThread     : DEBUG   : sent  1 [hwm: 1]
2017-05-01 17:58:45,627: umgr.staging.output.queue.bridge: umgr.staging.output.queue.bridge: MainThread     : DEBUG   : sent  1 [hwm: 1]
2017-05-01 17:59:11,239: umgr.staging.output.queue.bridge: umgr.staging.output.queue.bridge: MainThread     : DEBUG   : sent  1 [hwm: 1]
2017-05-01 17:59:15,307: umgr.staging.output.queue.bridge: umgr.staging.output.queue.bridge: MainThread     : DEBUG   : sent  1 [hwm: 1]
2017-05-01 17:59:21,525: umgr.staging.output.queue.bridge: umgr.staging.output.queue.bridge: MainThread     : DEBUG   : sent  1 [hwm: 1]
2017-05-01 17:59:26,428: umgr.staging.output.queue.bridge: umgr.staging.output.queue.bridge: MainThread     : DEBUG   : sent  1 [hwm: 1]
2017-05-01 17:59:30,500: umgr.staging.output.queue.bridge: umgr.staging.output.queue.bridge: MainThread     : DEBUG   : sent  1 [hwm: 1]
2017-05-01 17:59:35,634: umgr.staging.output.queue.bridge: umgr.staging.output.queue.bridge: MainThread     : DEBUG   : sent  1 [hwm: 1]
2017-05-01 17:59:40,743: umgr.staging.output.queue.bridge: umgr.staging.output.queue.bridge: MainThread     : DEBUG   : sent  1 [hwm: 1]
2017-05-01 17:59:45,866: umgr.staging.output.queue.bridge: umgr.staging.output.queue.bridge: MainThread     : DEBUG   : sent  1 [hwm: 1]
2017-05-01 17:59:50,951: umgr.staging.output.queue.bridge: umgr.staging.output.queue.bridge: MainThread     : DEBUG   : sent  1 [hwm: 1]
2017-05-01 17:59:56,080: umgr.staging.output.queue.bridge: umgr.staging.output.queue.bridge: MainThread     : DEBUG   : sent  1 [hwm: 1]
2017-05-01 18:00:01,254: umgr.staging.output.queue.bridge: umgr.staging.output.queue.bridge: MainThread     : DEBUG   : sent  1 [hwm: 1]
2017-05-01 18:00:06,709: umgr.staging.output.queue.bridge: umgr.staging.output.queue.bridge: MainThread     : DEBUG   : sent  1 [hwm: 1]
2017-05-01 18:00:09,926: umgr.staging.output.queue.bridge: umgr.staging.output.queue.bridge: MainThread     : DEBUG   : sent  1 [hwm: 1]
2017-05-01 18:00:13,798: umgr.staging.output.queue.bridge: umgr.staging.output.queue.bridge: MainThread     : DEBUG   : sent  1 [hwm: 1]
2017-05-01 18:00:17,936: umgr.staging.output.queue.bridge: umgr.staging.output.queue.bridge: MainThread     : DEBUG   : sent  1 [hwm: 1]
2017-05-01 18:00:23,079: umgr.staging.output.queue.bridge: umgr.staging.output.queue.bridge: MainThread     : DEBUG   : sent  1 [hwm: 1]
2017-05-01 18:00:29,405: umgr.staging.output.queue.bridge: umgr.staging.output.queue.bridge: MainThread     : DEBUG   : sent  1 [hwm: 1]
2017-05-01 18:00:36,051: umgr.staging.output.queue.bridge: umgr.staging.output.queue.bridge: MainThread     : DEBUG   : sent  1 [hwm: 1]
2017-05-01 18:00:42,462: umgr.staging.output.queue.bridge: umgr.staging.output.queue.bridge: MainThread     : WARNING : bridge intr
2017-05-01 18:00:42,462: umgr.staging.output.queue.bridge: umgr.staging.output.queue.bridge: MainThread     : DEBUG   : bridge final
2017-05-01 18:02:23,733: umgr.staging.output.queue.bridge: MainProcess                     : MainThread     : INFO    : radical.pilot        version: split-66-ge67c4f3c@devel
2017-05-01 18:02:23,733: umgr.staging.output.queue.bridge: MainProcess                     : MainThread     : INFO    : create umgr_staging_output_queue - bridge - tcp://*:*
2017-05-01 18:02:23,742: umgr.staging.output.queue.bridge: umgr.staging.output.queue.bridge: MainThread     : INFO    : start bridge umgr.staging.output.queue.bridge on tcp://*:*
2017-05-01 18:02:23,743: umgr.staging.output.queue.bridge: umgr.staging.output.queue.bridge: MainThread     : INFO    : bound bridge umgr.staging.output.queue.bridge to tcp://0.0.0.0:40306 : tcp://0.0.0.0:34453
2017-05-01 18:08:36,713: umgr.staging.output.queue.bridge: umgr.staging.output.queue.bridge: MainThread     : DEBUG   : sent  1 [hwm: 1]
2017-05-01 18:14:02,156: umgr.staging.output.queue.bridge: umgr.staging.output.queue.bridge: MainThread     : DEBUG   : sent  1 [hwm: 1]
2017-05-01 18:14:07,212: umgr.staging.output.queue.bridge: umgr.staging.output.queue.bridge: MainThread     : DEBUG   : sent  1 [hwm: 1]
2017-05-01 18:14:51,958: umgr.staging.output.queue.bridge: umgr.staging.output.queue.bridge: MainThread     : DEBUG   : sent  1 [hwm: 1]
2017-05-01 18:14:57,061: umgr.staging.output.queue.bridge: umgr.staging.output.queue.bridge: MainThread     : DEBUG   : sent  1 [hwm: 1]
2017-05-01 18:15:02,029: umgr.staging.output.queue.bridge: umgr.staging.output.queue.bridge: MainThread     : DEBUG   : sent  1 [hwm: 1]
2017-05-01 18:15:07,318: umgr.staging.output.queue.bridge: umgr.staging.output.queue.bridge: MainThread     : DEBUG   : sent  1 [hwm: 1]
2017-05-01 18:15:12,368: umgr.staging.output.queue.bridge: umgr.staging.output.queue.bridge: MainThread     : DEBUG   : sent  1 [hwm: 1]
2017-05-01 18:15:17,454: umgr.staging.output.queue.bridge: umgr.staging.output.queue.bridge: MainThread     : DEBUG   : sent  1 [hwm: 1]
2017-05-01 18:15:22,561: umgr.staging.output.queue.bridge: umgr.staging.output.queue.bridge: MainThread     : DEBUG   : sent  1 [hwm: 1]
2017-05-01 18:15:27,667: umgr.staging.output.queue.bridge: umgr.staging.output.queue.bridge: MainThread     : DEBUG   : sent  1 [hwm: 1]
2017-05-01 18:15:32,806: umgr.staging.output.queue.bridge: umgr.staging.output.queue.bridge: MainThread     : DEBUG   : sent  1 [hwm: 1]
2017-05-01 18:15:38,038: umgr.staging.output.queue.bridge: umgr.staging.output.queue.bridge: MainThread     : DEBUG   : sent  1 [hwm: 1]
2017-05-01 18:15:43,310: umgr.staging.output.queue.bridge: umgr.staging.output.queue.bridge: MainThread     : DEBUG   : sent  1 [hwm: 1]
2017-05-01 18:15:47,817: umgr.staging.output.queue.bridge: umgr.staging.output.queue.bridge: MainThread     : DEBUG   : sent  1 [hwm: 1]
2017-05-01 18:15:51,929: umgr.staging.output.queue.bridge: umgr.staging.output.queue.bridge: MainThread     : DEBUG   : sent  1 [hwm: 1]
2017-05-01 18:15:56,351: umgr.staging.output.queue.bridge: umgr.staging.output.queue.bridge: MainThread     : DEBUG   : sent  1 [hwm: 1]
2017-05-01 18:15:59,206: umgr.staging.output.queue.bridge: umgr.staging.output.queue.bridge: MainThread     : DEBUG   : sent  1 [hwm: 1]
2017-05-01 18:16:03,701: umgr.staging.output.queue.bridge: umgr.staging.output.queue.bridge: MainThread     : DEBUG   : sent  1 [hwm: 1]
2017-05-01 18:16:13,436: umgr.staging.output.queue.bridge: umgr.staging.output.queue.bridge: MainThread     : DEBUG   : sent  1 [hwm: 1]
2017-05-01 18:16:24,082: umgr.staging.output.queue.bridge: umgr.staging.output.queue.bridge: MainThread     : WARNING : bridge intr
2017-05-01 18:16:24,082: umgr.staging.output.queue.bridge: umgr.staging.output.queue.bridge: MainThread     : DEBUG   : bridge final
2017-05-01 18:18:08,822: umgr.staging.output.queue.bridge: MainProcess                     : MainThread     : INFO    : radical.pilot        version: split-66-ge67c4f3c@devel
2017-05-01 18:18:08,823: umgr.staging.output.queue.bridge: MainProcess                     : MainThread     : INFO    : create umgr_staging_output_queue - bridge - tcp://*:*
2017-05-01 18:18:08,830: umgr.staging.output.queue.bridge: umgr.staging.output.queue.bridge: MainThread     : INFO    : start bridge umgr.staging.output.queue.bridge on tcp://*:*
2017-05-01 18:18:08,831: umgr.staging.output.queue.bridge: umgr.staging.output.queue.bridge: MainThread     : INFO    : bound bridge umgr.staging.output.queue.bridge to tcp://0.0.0.0:33376 : tcp://0.0.0.0:35716
2017-05-01 18:27:18,004: umgr.staging.output.queue.bridge: umgr.staging.output.queue.bridge: MainThread     : DEBUG   : sent  1 [hwm: 1]
2017-05-01 18:31:42,112: umgr.staging.output.queue.bridge: umgr.staging.output.queue.bridge: MainThread     : DEBUG   : sent  1 [hwm: 1]
2017-05-01 18:31:48,094: umgr.staging.output.queue.bridge: umgr.staging.output.queue.bridge: MainThread     : DEBUG   : sent  1 [hwm: 1]
2017-05-01 18:32:03,215: umgr.staging.output.queue.bridge: umgr.staging.output.queue.bridge: MainThread     : DEBUG   : sent  1 [hwm: 1]
2017-05-01 18:32:17,688: umgr.staging.output.queue.bridge: umgr.staging.output.queue.bridge: MainThread     : DEBUG   : sent  1 [hwm: 1]
2017-05-01 18:32:22,708: umgr.staging.output.queue.bridge: umgr.staging.output.queue.bridge: MainThread     : DEBUG   : sent  1 [hwm: 1]
2017-05-01 18:32:27,994: umgr.staging.output.queue.bridge: umgr.staging.output.queue.bridge: MainThread     : DEBUG   : sent  1 [hwm: 1]
2017-05-01 18:33:24,009: umgr.staging.output.queue.bridge: umgr.staging.output.queue.bridge: MainThread     : DEBUG   : sent  1 [hwm: 1]
2017-05-01 18:33:53,611: umgr.staging.output.queue.bridge: umgr.staging.output.queue.bridge: MainThread     : DEBUG   : sent  1 [hwm: 1]
2017-05-01 18:33:58,426: umgr.staging.output.queue.bridge: umgr.staging.output.queue.bridge: MainThread     : DEBUG   : sent  1 [hwm: 1]
2017-05-01 18:34:03,586: umgr.staging.output.queue.bridge: umgr.staging.output.queue.bridge: MainThread     : DEBUG   : sent  1 [hwm: 1]
2017-05-01 18:34:08,856: umgr.staging.output.queue.bridge: umgr.staging.output.queue.bridge: MainThread     : DEBUG   : sent  1 [hwm: 1]
2017-05-01 18:34:13,992: umgr.staging.output.queue.bridge: umgr.staging.output.queue.bridge: MainThread     : DEBUG   : sent  1 [hwm: 1]
2017-05-01 18:34:19,120: umgr.staging.output.queue.bridge: umgr.staging.output.queue.bridge: MainThread     : DEBUG   : sent  1 [hwm: 1]
2017-05-01 18:34:24,334: umgr.staging.output.queue.bridge: umgr.staging.output.queue.bridge: MainThread     : DEBUG   : sent  1 [hwm: 1]
2017-05-01 18:34:29,520: umgr.staging.output.queue.bridge: umgr.staging.output.queue.bridge: MainThread     : DEBUG   : sent  1 [hwm: 1]
2017-05-01 18:34:34,677: umgr.staging.output.queue.bridge: umgr.staging.output.queue.bridge: MainThread     : DEBUG   : sent  1 [hwm: 1]
2017-05-01 18:34:38,951: umgr.staging.output.queue.bridge: umgr.staging.output.queue.bridge: MainThread     : DEBUG   : sent  1 [hwm: 1]
2017-05-01 18:34:43,050: umgr.staging.output.queue.bridge: umgr.staging.output.queue.bridge: MainThread     : DEBUG   : sent  1 [hwm: 1]
2017-05-01 18:34:48,420: umgr.staging.output.queue.bridge: umgr.staging.output.queue.bridge: MainThread     : DEBUG   : sent  1 [hwm: 1]
2017-05-01 18:34:54,588: umgr.staging.output.queue.bridge: umgr.staging.output.queue.bridge: MainThread     : DEBUG   : sent  1 [hwm: 1]
2017-05-01 18:35:00,301: umgr.staging.output.queue.bridge: umgr.staging.output.queue.bridge: MainThread     : WARNING : bridge intr
2017-05-01 18:35:00,301: umgr.staging.output.queue.bridge: umgr.staging.output.queue.bridge: MainThread     : DEBUG   : bridge final
2017-05-01 18:36:54,268: umgr.staging.output.queue.bridge: MainProcess                     : MainThread     : INFO    : radical.pilot        version: split-66-ge67c4f3c@devel
2017-05-01 18:36:54,268: umgr.staging.output.queue.bridge: MainProcess                     : MainThread     : INFO    : create umgr_staging_output_queue - bridge - tcp://*:*
2017-05-01 18:36:54,275: umgr.staging.output.queue.bridge: umgr.staging.output.queue.bridge: MainThread     : INFO    : start bridge umgr.staging.output.queue.bridge on tcp://*:*
2017-05-01 18:36:54,276: umgr.staging.output.queue.bridge: umgr.staging.output.queue.bridge: MainThread     : INFO    : bound bridge umgr.staging.output.queue.bridge to tcp://0.0.0.0:36605 : tcp://0.0.0.0:38663
2017-05-01 18:42:26,970: umgr.staging.output.queue.bridge: umgr.staging.output.queue.bridge: MainThread     : DEBUG   : sent  1 [hwm: 1]
2017-05-01 18:46:31,954: umgr.staging.output.queue.bridge: umgr.staging.output.queue.bridge: MainThread     : DEBUG   : sent  1 [hwm: 1]
2017-05-01 18:47:14,147: umgr.staging.output.queue.bridge: umgr.staging.output.queue.bridge: MainThread     : DEBUG   : sent  1 [hwm: 1]
2017-05-01 18:47:22,558: umgr.staging.output.queue.bridge: umgr.staging.output.queue.bridge: MainThread     : DEBUG   : sent  1 [hwm: 1]
2017-05-01 18:47:27,458: umgr.staging.output.queue.bridge: umgr.staging.output.queue.bridge: MainThread     : DEBUG   : sent  1 [hwm: 1]
2017-05-01 18:47:32,604: umgr.staging.output.queue.bridge: umgr.staging.output.queue.bridge: MainThread     : DEBUG   : sent  1 [hwm: 1]
2017-05-01 18:47:37,747: umgr.staging.output.queue.bridge: umgr.staging.output.queue.bridge: MainThread     : DEBUG   : sent  1 [hwm: 1]
2017-05-01 18:47:57,316: umgr.staging.output.queue.bridge: umgr.staging.output.queue.bridge: MainThread     : DEBUG   : sent  1 [hwm: 1]
2017-05-01 18:48:37,257: umgr.staging.output.queue.bridge: umgr.staging.output.queue.bridge: MainThread     : DEBUG   : sent  1 [hwm: 1]
2017-05-01 18:48:52,035: umgr.staging.output.queue.bridge: umgr.staging.output.queue.bridge: MainThread     : DEBUG   : sent  1 [hwm: 1]
2017-05-01 18:48:57,797: umgr.staging.output.queue.bridge: umgr.staging.output.queue.bridge: MainThread     : DEBUG   : sent  1 [hwm: 1]
2017-05-01 18:49:03,075: umgr.staging.output.queue.bridge: umgr.staging.output.queue.bridge: MainThread     : DEBUG   : sent  1 [hwm: 1]
2017-05-01 18:49:08,257: umgr.staging.output.queue.bridge: umgr.staging.output.queue.bridge: MainThread     : DEBUG   : sent  1 [hwm: 1]
2017-05-01 18:49:13,431: umgr.staging.output.queue.bridge: umgr.staging.output.queue.bridge: MainThread     : DEBUG   : sent  1 [hwm: 1]
2017-05-01 18:49:18,593: umgr.staging.output.queue.bridge: umgr.staging.output.queue.bridge: MainThread     : DEBUG   : sent  1 [hwm: 1]
2017-05-01 18:49:23,735: umgr.staging.output.queue.bridge: umgr.staging.output.queue.bridge: MainThread     : DEBUG   : sent  1 [hwm: 1]
2017-05-01 18:49:28,167: umgr.staging.output.queue.bridge: umgr.staging.output.queue.bridge: MainThread     : DEBUG   : sent  1 [hwm: 1]
2017-05-01 18:49:32,997: umgr.staging.output.queue.bridge: umgr.staging.output.queue.bridge: MainThread     : DEBUG   : sent  1 [hwm: 1]
2017-05-01 18:49:38,226: umgr.staging.output.queue.bridge: umgr.staging.output.queue.bridge: MainThread     : DEBUG   : sent  1 [hwm: 1]
2017-05-01 18:49:43,491: umgr.staging.output.queue.bridge: umgr.staging.output.queue.bridge: MainThread     : DEBUG   : sent  1 [hwm: 1]
2017-05-01 18:49:47,542: umgr.staging.output.queue.bridge: umgr.staging.output.queue.bridge: MainThread     : DEBUG   : sent  1 [hwm: 1]
2017-05-01 18:49:52,767: umgr.staging.output.queue.bridge: umgr.staging.output.queue.bridge: MainThread     : DEBUG   : sent  1 [hwm: 1]
2017-05-01 18:49:59,124: umgr.staging.output.queue.bridge: umgr.staging.output.queue.bridge: MainThread     : DEBUG   : sent  1 [hwm: 1]
2017-05-01 18:50:03,591: umgr.staging.output.queue.bridge: umgr.staging.output.queue.bridge: MainThread     : DEBUG   : sent  1 [hwm: 1]
2017-05-01 18:50:08,388: umgr.staging.output.queue.bridge: umgr.staging.output.queue.bridge: MainThread     : DEBUG   : sent  1 [hwm: 1]
2017-05-01 18:50:13,034: umgr.staging.output.queue.bridge: umgr.staging.output.queue.bridge: MainThread     : WARNING : bridge intr
2017-05-01 18:50:13,035: umgr.staging.output.queue.bridge: umgr.staging.output.queue.bridge: MainThread     : DEBUG   : bridge final
2017-05-01 18:53:11,226: umgr.staging.output.queue.bridge: MainProcess                     : MainThread     : INFO    : radical.pilot        version: split-66-ge67c4f3c@devel
2017-05-01 18:53:11,226: umgr.staging.output.queue.bridge: MainProcess                     : MainThread     : INFO    : create umgr_staging_output_queue - bridge - tcp://*:*
2017-05-01 18:53:11,235: umgr.staging.output.queue.bridge: umgr.staging.output.queue.bridge: MainThread     : INFO    : start bridge umgr.staging.output.queue.bridge on tcp://*:*
2017-05-01 18:53:11,237: umgr.staging.output.queue.bridge: umgr.staging.output.queue.bridge: MainThread     : INFO    : bound bridge umgr.staging.output.queue.bridge to tcp://0.0.0.0:43955 : tcp://0.0.0.0:37355
2017-05-01 18:58:12,497: umgr.staging.output.queue.bridge: umgr.staging.output.queue.bridge: MainThread     : DEBUG   : sent  1 [hwm: 1]
2017-05-01 19:02:37,873: umgr.staging.output.queue.bridge: umgr.staging.output.queue.bridge: MainThread     : DEBUG   : sent  1 [hwm: 1]
2017-05-01 19:02:53,266: umgr.staging.output.queue.bridge: umgr.staging.output.queue.bridge: MainThread     : DEBUG   : sent  1 [hwm: 1]
2017-05-01 19:02:58,402: umgr.staging.output.queue.bridge: umgr.staging.output.queue.bridge: MainThread     : DEBUG   : sent  1 [hwm: 1]
2017-05-01 19:03:13,859: umgr.staging.output.queue.bridge: umgr.staging.output.queue.bridge: MainThread     : DEBUG   : sent  1 [hwm: 1]
2017-05-01 19:03:18,970: umgr.staging.output.queue.bridge: umgr.staging.output.queue.bridge: MainThread     : DEBUG   : sent  1 [hwm: 1]
2017-05-01 19:03:24,228: umgr.staging.output.queue.bridge: umgr.staging.output.queue.bridge: MainThread     : DEBUG   : sent  1 [hwm: 1]
2017-05-01 19:04:08,391: umgr.staging.output.queue.bridge: umgr.staging.output.queue.bridge: MainThread     : DEBUG   : sent  1 [hwm: 1]
2017-05-01 19:04:13,516: umgr.staging.output.queue.bridge: umgr.staging.output.queue.bridge: MainThread     : DEBUG   : sent  1 [hwm: 1]
2017-05-01 19:04:18,655: umgr.staging.output.queue.bridge: umgr.staging.output.queue.bridge: MainThread     : DEBUG   : sent  1 [hwm: 1]
2017-05-01 19:04:34,172: umgr.staging.output.queue.bridge: umgr.staging.output.queue.bridge: MainThread     : DEBUG   : sent  1 [hwm: 1]
2017-05-01 19:04:39,283: umgr.staging.output.queue.bridge: umgr.staging.output.queue.bridge: MainThread     : DEBUG   : sent  1 [hwm: 1]
2017-05-01 19:04:44,410: umgr.staging.output.queue.bridge: umgr.staging.output.queue.bridge: MainThread     : DEBUG   : sent  1 [hwm: 1]
2017-05-01 19:04:49,578: umgr.staging.output.queue.bridge: umgr.staging.output.queue.bridge: MainThread     : DEBUG   : sent  1 [hwm: 1]
2017-05-01 19:04:54,729: umgr.staging.output.queue.bridge: umgr.staging.output.queue.bridge: MainThread     : DEBUG   : sent  1 [hwm: 1]
2017-05-01 19:04:59,880: umgr.staging.output.queue.bridge: umgr.staging.output.queue.bridge: MainThread     : DEBUG   : sent  1 [hwm: 1]
2017-05-01 19:05:05,162: umgr.staging.output.queue.bridge: umgr.staging.output.queue.bridge: MainThread     : DEBUG   : sent  1 [hwm: 1]
2017-05-01 19:05:09,526: umgr.staging.output.queue.bridge: umgr.staging.output.queue.bridge: MainThread     : DEBUG   : sent  1 [hwm: 1]
2017-05-01 19:05:14,449: umgr.staging.output.queue.bridge: umgr.staging.output.queue.bridge: MainThread     : DEBUG   : sent  1 [hwm: 1]
2017-05-01 19:05:19,622: umgr.staging.output.queue.bridge: umgr.staging.output.queue.bridge: MainThread     : DEBUG   : sent  1 [hwm: 1]
2017-05-01 19:05:24,855: umgr.staging.output.queue.bridge: umgr.staging.output.queue.bridge: MainThread     : DEBUG   : sent  1 [hwm: 1]
2017-05-01 19:05:29,966: umgr.staging.output.queue.bridge: umgr.staging.output.queue.bridge: MainThread     : DEBUG   : sent  1 [hwm: 1]
2017-05-01 19:05:35,195: umgr.staging.output.queue.bridge: umgr.staging.output.queue.bridge: MainThread     : DEBUG   : sent  1 [hwm: 1]
2017-05-01 19:05:38,544: umgr.staging.output.queue.bridge: umgr.staging.output.queue.bridge: MainThread     : DEBUG   : sent  1 [hwm: 1]
2017-05-01 19:05:43,787: umgr.staging.output.queue.bridge: umgr.staging.output.queue.bridge: MainThread     : DEBUG   : sent  1 [hwm: 1]
2017-05-01 19:05:48,903: umgr.staging.output.queue.bridge: umgr.staging.output.queue.bridge: MainThread     : DEBUG   : sent  1 [hwm: 1]
2017-05-01 19:05:54,132: umgr.staging.output.queue.bridge: umgr.staging.output.queue.bridge: MainThread     : DEBUG   : sent  1 [hwm: 1]
2017-05-01 19:05:59,585: umgr.staging.output.queue.bridge: umgr.staging.output.queue.bridge: MainThread     : DEBUG   : sent  1 [hwm: 1]
2017-05-01 19:06:04,853: umgr.staging.output.queue.bridge: umgr.staging.output.queue.bridge: MainThread     : DEBUG   : sent  1 [hwm: 1]
2017-05-01 19:06:09,982: umgr.staging.output.queue.bridge: umgr.staging.output.queue.bridge: MainThread     : WARNING : bridge intr
2017-05-01 19:06:09,983: umgr.staging.output.queue.bridge: umgr.staging.output.queue.bridge: MainThread     : DEBUG   : bridge final
2017-05-01 19:08:11,188: umgr.staging.output.queue.bridge: MainProcess                     : MainThread     : INFO    : radical.pilot        version: split-66-ge67c4f3c@devel
2017-05-01 19:08:11,188: umgr.staging.output.queue.bridge: MainProcess                     : MainThread     : INFO    : create umgr_staging_output_queue - bridge - tcp://*:*
2017-05-01 19:08:11,204: umgr.staging.output.queue.bridge: umgr.staging.output.queue.bridge: MainThread     : INFO    : start bridge umgr.staging.output.queue.bridge on tcp://*:*
2017-05-01 19:08:11,207: umgr.staging.output.queue.bridge: umgr.staging.output.queue.bridge: MainThread     : INFO    : bound bridge umgr.staging.output.queue.bridge to tcp://0.0.0.0:33228 : tcp://0.0.0.0:44647
2017-05-01 19:13:18,628: umgr.staging.output.queue.bridge: umgr.staging.output.queue.bridge: MainThread     : DEBUG   : sent  1 [hwm: 1]
2017-05-01 19:18:26,381: umgr.staging.output.queue.bridge: umgr.staging.output.queue.bridge: MainThread     : DEBUG   : sent  1 [hwm: 1]
2017-05-01 19:18:31,504: umgr.staging.output.queue.bridge: umgr.staging.output.queue.bridge: MainThread     : DEBUG   : sent  1 [hwm: 1]
2017-05-01 19:18:36,720: umgr.staging.output.queue.bridge: umgr.staging.output.queue.bridge: MainThread     : DEBUG   : sent  1 [hwm: 1]
2017-05-01 19:18:41,869: umgr.staging.output.queue.bridge: umgr.staging.output.queue.bridge: MainThread     : DEBUG   : sent  1 [hwm: 1]
2017-05-01 19:19:31,946: umgr.staging.output.queue.bridge: umgr.staging.output.queue.bridge: MainThread     : DEBUG   : sent  1 [hwm: 1]
2017-05-01 19:19:37,074: umgr.staging.output.queue.bridge: umgr.staging.output.queue.bridge: MainThread     : DEBUG   : sent  1 [hwm: 1]
2017-05-01 19:19:42,213: umgr.staging.output.queue.bridge: umgr.staging.output.queue.bridge: MainThread     : DEBUG   : sent  1 [hwm: 1]
2017-05-01 19:19:56,709: umgr.staging.output.queue.bridge: umgr.staging.output.queue.bridge: MainThread     : DEBUG   : sent  1 [hwm: 1]
2017-05-01 19:20:02,668: umgr.staging.output.queue.bridge: umgr.staging.output.queue.bridge: MainThread     : DEBUG   : sent  1 [hwm: 1]
2017-05-01 19:20:07,890: umgr.staging.output.queue.bridge: umgr.staging.output.queue.bridge: MainThread     : DEBUG   : sent  1 [hwm: 1]
2017-05-01 19:20:13,020: umgr.staging.output.queue.bridge: umgr.staging.output.queue.bridge: MainThread     : DEBUG   : sent  1 [hwm: 1]
2017-05-01 19:20:29,539: umgr.staging.output.queue.bridge: umgr.staging.output.queue.bridge: MainThread     : DEBUG   : sent  1 [hwm: 1]
2017-05-01 19:20:34,986: umgr.staging.output.queue.bridge: umgr.staging.output.queue.bridge: MainThread     : DEBUG   : sent  1 [hwm: 1]
2017-05-01 19:20:39,493: umgr.staging.output.queue.bridge: umgr.staging.output.queue.bridge: MainThread     : DEBUG   : sent  1 [hwm: 1]
2017-05-01 19:20:44,043: umgr.staging.output.queue.bridge: umgr.staging.output.queue.bridge: MainThread     : DEBUG   : sent  1 [hwm: 1]
2017-05-01 19:20:49,240: umgr.staging.output.queue.bridge: umgr.staging.output.queue.bridge: MainThread     : DEBUG   : sent  1 [hwm: 1]
2017-05-01 19:20:54,644: umgr.staging.output.queue.bridge: umgr.staging.output.queue.bridge: MainThread     : DEBUG   : sent  1 [hwm: 1]
2017-05-01 19:21:02,462: umgr.staging.output.queue.bridge: umgr.staging.output.queue.bridge: MainThread     : DEBUG   : sent  1 [hwm: 1]
2017-05-01 19:21:09,852: umgr.staging.output.queue.bridge: umgr.staging.output.queue.bridge: MainThread     : WARNING : bridge intr
2017-05-01 19:21:09,852: umgr.staging.output.queue.bridge: umgr.staging.output.queue.bridge: MainThread     : DEBUG   : bridge final
