2017-05-31 03:54:56,253: control.pubsub.bridge: MainProcess                     : MainThread     : INFO    : python.interpreter   version: 2.7.12 (default, Nov 19 2016, 06:48:10) [GCC 5.4.0 20160609]
2017-05-31 03:54:56,253: control.pubsub.bridge: MainProcess                     : MainThread     : INFO    :                      pid: 14704
2017-05-31 03:54:56,253: control.pubsub.bridge: MainProcess                     : MainThread     : INFO    :                      tid: MainThread
2017-05-31 03:54:56,253: control.pubsub.bridge: MainProcess                     : MainThread     : INFO    : radical.pilot        version: split-81-gf853cc9b@feature-bridges
2017-05-31 03:54:56,253: control.pubsub.bridge: MainProcess                     : MainThread     : INFO    : create control_pubsub - bridge - tcp://*:*
2017-05-31 03:54:56,256: control.pubsub.bridge: MainProcess                     : MainThread     : DEBUG   : start process
2017-05-31 03:54:56,258: control.pubsub.bridge: control.pubsub.bridge           : MainThread     : INFO    : child (me) initializing
2017-05-31 03:54:56,259: control.pubsub.bridge: control.pubsub.bridge           : MainThread     : DEBUG   : start thread
2017-05-31 03:54:56,259: control.pubsub.bridge: control.pubsub.bridge           : control.pubsub.bridge.child.watch: INFO    : child (me) initializing
2017-05-31 03:54:56,259: control.pubsub.bridge: control.pubsub.bridge           : control.pubsub.bridge.child.watch: DEBUG   : ru_initialize_common (NOOP)
2017-05-31 03:54:56,259: control.pubsub.bridge: control.pubsub.bridge           : control.pubsub.bridge.child.watch: DEBUG   : ru_initialize_child (NOOP)
2017-05-31 03:54:56,259: control.pubsub.bridge: control.pubsub.bridge           : control.pubsub.bridge.child.watch: INFO    : send alive
2017-05-31 03:54:56,259: control.pubsub.bridge: control.pubsub.bridge           : control.pubsub.bridge.child.watch: INFO    : send message: alive
2017-05-31 03:54:56,260: control.pubsub.bridge: control.pubsub.bridge           : MainThread     : INFO    : recv message: alive
2017-05-31 03:54:56,260: control.pubsub.bridge: control.pubsub.bridge           : MainThread     : DEBUG   : ru_initialize_common (NOOP)
2017-05-31 03:54:56,260: control.pubsub.bridge: control.pubsub.bridge           : MainThread     : DEBUG   : ru_initialize_parent (NOOP)
2017-05-31 03:54:56,261: control.pubsub.bridge: control.pubsub.bridge           : MainThread     : DEBUG   : child thread control.pubsub.bridge.child.watch started
2017-05-31 03:54:56,261: control.pubsub.bridge: control.pubsub.bridge           : MainThread     : INFO    : child (me) is alive
2017-05-31 03:54:56,261: control.pubsub.bridge: control.pubsub.bridge           : MainThread     : DEBUG   : ru_initialize_common (NOOP)
2017-05-31 03:54:56,262: control.pubsub.bridge: control.pubsub.bridge.child     : MainThread     : INFO    : send alive
2017-05-31 03:54:56,262: control.pubsub.bridge: control.pubsub.bridge.child     : MainThread     : INFO    : send message: alive
2017-05-31 03:54:56,263: control.pubsub.bridge: MainProcess                     : MainThread     : INFO    : recv message: alive
2017-05-31 03:54:56,263: control.pubsub.bridge: MainProcess                     : MainThread     : DEBUG   : start thread
2017-05-31 03:54:56,263: control.pubsub.bridge: MainProcess                     : control.pubsub.bridge.watch: INFO    : child (me) initializing
2017-05-31 03:54:56,263: control.pubsub.bridge: MainProcess                     : control.pubsub.bridge.watch: DEBUG   : ru_initialize_common (NOOP)
2017-05-31 03:54:56,263: control.pubsub.bridge: MainProcess                     : control.pubsub.bridge.watch: DEBUG   : ru_initialize_child (NOOP)
2017-05-31 03:54:56,263: control.pubsub.bridge: MainProcess                     : control.pubsub.bridge.watch: INFO    : send alive
2017-05-31 03:54:56,263: control.pubsub.bridge: MainProcess                     : control.pubsub.bridge.watch: INFO    : send message: alive
2017-05-31 03:54:56,264: control.pubsub.bridge: MainProcess                     : MainThread     : INFO    : recv message: alive
2017-05-31 03:54:56,264: control.pubsub.bridge: MainProcess                     : MainThread     : DEBUG   : ru_initialize_common (NOOP)
2017-05-31 03:54:56,264: control.pubsub.bridge: MainProcess                     : MainThread     : DEBUG   : ru_initialize_parent (NOOP)
2017-05-31 03:54:56,264: control.pubsub.bridge: MainProcess                     : MainThread     : DEBUG   : child thread control.pubsub.bridge.watch started
2017-05-31 03:54:56,264: control.pubsub.bridge: MainProcess                     : MainThread     : INFO    : child is alive
2017-05-31 03:54:56,265: control.pubsub.bridge: MainProcess                     : MainThread     : DEBUG   : ru_initialize_common (NOOP)
2017-05-31 03:54:56,265: control.pubsub.bridge: MainProcess                     : MainThread     : DEBUG   : ru_initialize_parent (NOOP)
2017-05-31 03:54:56,265: control.pubsub.bridge: MainProcess                     : MainThread     : DEBUG   : child process started
2017-05-31 04:33:54,456: control.pubsub.bridge: MainProcess                     : MainThread     : INFO    : parent stops child
2017-05-31 04:33:54,456: control.pubsub.bridge: MainProcess                     : MainThread     : DEBUG   : ru_finalize_parent (NOOP)
2017-05-31 04:33:54,456: control.pubsub.bridge: MainProcess                     : MainThread     : DEBUG   : ru_finalize_common (NOOP)
2017-05-31 04:33:54,456: control.pubsub.bridge: MainProcess                     : MainThread     : INFO    : parent stops child
2017-05-31 04:33:54,456: control.pubsub.bridge: MainProcess                     : MainThread     : DEBUG   : ru_finalize_parent (NOOP)
2017-05-31 04:33:54,457: control.pubsub.bridge: MainProcess                     : MainThread     : DEBUG   : ru_finalize_common (NOOP)
2017-05-31 04:33:54,471: control.pubsub.bridge: MainProcess                     : control.pubsub.bridge.watch: INFO    : send message: work finished
2017-05-31 04:33:54,471: control.pubsub.bridge: MainProcess                     : control.pubsub.bridge.watch: DEBUG   : ru_finalize_child (NOOP)
2017-05-31 04:33:54,472: control.pubsub.bridge: MainProcess                     : control.pubsub.bridge.watch: DEBUG   : ru_finalize_common (NOOP)
2017-05-31 04:33:54,472: control.pubsub.bridge: MainProcess                     : control.pubsub.bridge.watch: INFO    : send message: terminating
2017-05-31 04:33:54,573: control.pubsub.bridge: MainProcess                     : MainThread     : WARNING : failed to stop child - terminate
2017-05-31 04:33:56,103: control.pubsub.bridge: MainProcess                     : MainThread     : INFO    : radical.pilot        version: split-81-gf853cc9b@feature-bridges
2017-05-31 04:33:56,103: control.pubsub.bridge: MainProcess                     : MainThread     : INFO    : create control_pubsub - bridge - tcp://*:*
2017-05-31 04:33:56,104: control.pubsub.bridge: MainProcess                     : MainThread     : DEBUG   : start process
2017-05-31 04:33:56,110: control.pubsub.bridge: control.pubsub.bridge           : MainThread     : INFO    : child (me) initializing
2017-05-31 04:33:56,111: control.pubsub.bridge: control.pubsub.bridge           : MainThread     : DEBUG   : start thread
2017-05-31 04:33:56,111: control.pubsub.bridge: control.pubsub.bridge           : control.pubsub.bridge.child.watch: INFO    : child (me) initializing
2017-05-31 04:33:56,111: control.pubsub.bridge: control.pubsub.bridge           : control.pubsub.bridge.child.watch: DEBUG   : ru_initialize_common (NOOP)
2017-05-31 04:33:56,111: control.pubsub.bridge: control.pubsub.bridge           : control.pubsub.bridge.child.watch: DEBUG   : ru_initialize_child (NOOP)
2017-05-31 04:33:56,111: control.pubsub.bridge: control.pubsub.bridge           : control.pubsub.bridge.child.watch: INFO    : send alive
2017-05-31 04:33:56,111: control.pubsub.bridge: control.pubsub.bridge           : control.pubsub.bridge.child.watch: INFO    : send message: alive
2017-05-31 04:33:56,112: control.pubsub.bridge: control.pubsub.bridge           : MainThread     : INFO    : recv message: alive
2017-05-31 04:33:56,112: control.pubsub.bridge: control.pubsub.bridge           : MainThread     : DEBUG   : ru_initialize_common (NOOP)
2017-05-31 04:33:56,113: control.pubsub.bridge: control.pubsub.bridge           : MainThread     : DEBUG   : ru_initialize_parent (NOOP)
2017-05-31 04:33:56,113: control.pubsub.bridge: control.pubsub.bridge           : MainThread     : DEBUG   : child thread control.pubsub.bridge.child.watch started
2017-05-31 04:33:56,113: control.pubsub.bridge: control.pubsub.bridge           : MainThread     : INFO    : child (me) is alive
2017-05-31 04:33:56,113: control.pubsub.bridge: control.pubsub.bridge           : MainThread     : DEBUG   : ru_initialize_common (NOOP)
2017-05-31 04:33:56,115: control.pubsub.bridge: control.pubsub.bridge.child     : MainThread     : INFO    : send alive
2017-05-31 04:33:56,115: control.pubsub.bridge: control.pubsub.bridge.child     : MainThread     : INFO    : send message: alive
2017-05-31 04:33:56,115: control.pubsub.bridge: MainProcess                     : MainThread     : INFO    : recv message: alive
2017-05-31 04:33:56,115: control.pubsub.bridge: MainProcess                     : MainThread     : DEBUG   : start thread
2017-05-31 04:33:56,116: control.pubsub.bridge: MainProcess                     : control.pubsub.bridge.watch: INFO    : child (me) initializing
2017-05-31 04:33:56,116: control.pubsub.bridge: MainProcess                     : control.pubsub.bridge.watch: DEBUG   : ru_initialize_common (NOOP)
2017-05-31 04:33:56,116: control.pubsub.bridge: MainProcess                     : control.pubsub.bridge.watch: DEBUG   : ru_initialize_child (NOOP)
2017-05-31 04:33:56,116: control.pubsub.bridge: MainProcess                     : control.pubsub.bridge.watch: INFO    : send alive
2017-05-31 04:33:56,116: control.pubsub.bridge: MainProcess                     : control.pubsub.bridge.watch: INFO    : send message: alive
2017-05-31 04:33:56,117: control.pubsub.bridge: MainProcess                     : MainThread     : INFO    : recv message: alive
2017-05-31 04:33:56,117: control.pubsub.bridge: MainProcess                     : MainThread     : DEBUG   : ru_initialize_common (NOOP)
2017-05-31 04:33:56,117: control.pubsub.bridge: MainProcess                     : MainThread     : DEBUG   : ru_initialize_parent (NOOP)
2017-05-31 04:33:56,117: control.pubsub.bridge: MainProcess                     : MainThread     : DEBUG   : child thread control.pubsub.bridge.watch started
2017-05-31 04:33:56,117: control.pubsub.bridge: MainProcess                     : MainThread     : INFO    : child is alive
2017-05-31 04:33:56,117: control.pubsub.bridge: MainProcess                     : MainThread     : DEBUG   : ru_initialize_common (NOOP)
2017-05-31 04:33:56,117: control.pubsub.bridge: MainProcess                     : MainThread     : DEBUG   : ru_initialize_parent (NOOP)
2017-05-31 04:33:56,118: control.pubsub.bridge: MainProcess                     : MainThread     : DEBUG   : child process started
2017-05-31 04:41:35,915: control.pubsub.bridge: MainProcess                     : MainThread     : INFO    : parent stops child
2017-05-31 04:41:35,916: control.pubsub.bridge: MainProcess                     : MainThread     : DEBUG   : ru_finalize_parent (NOOP)
2017-05-31 04:41:35,916: control.pubsub.bridge: MainProcess                     : MainThread     : DEBUG   : ru_finalize_common (NOOP)
2017-05-31 04:41:35,916: control.pubsub.bridge: MainProcess                     : MainThread     : INFO    : parent stops child
2017-05-31 04:41:35,916: control.pubsub.bridge: MainProcess                     : MainThread     : DEBUG   : ru_finalize_parent (NOOP)
2017-05-31 04:41:35,916: control.pubsub.bridge: MainProcess                     : MainThread     : DEBUG   : ru_finalize_common (NOOP)
2017-05-31 04:41:35,989: control.pubsub.bridge: MainProcess                     : control.pubsub.bridge.watch: INFO    : send message: work finished
2017-05-31 04:41:35,989: control.pubsub.bridge: MainProcess                     : control.pubsub.bridge.watch: DEBUG   : ru_finalize_child (NOOP)
2017-05-31 04:41:35,989: control.pubsub.bridge: MainProcess                     : control.pubsub.bridge.watch: DEBUG   : ru_finalize_common (NOOP)
2017-05-31 04:41:35,990: control.pubsub.bridge: MainProcess                     : control.pubsub.bridge.watch: INFO    : send message: terminating
2017-05-31 04:41:36,131: control.pubsub.bridge: MainProcess                     : MainThread     : WARNING : failed to stop child - terminate
