2017-05-31 03:54:56,277: log.pubsub.bridge   : MainProcess                     : MainThread     : INFO    : python.interpreter   version: 2.7.12 (default, Nov 19 2016, 06:48:10) [GCC 5.4.0 20160609]
2017-05-31 03:54:56,277: log.pubsub.bridge   : MainProcess                     : MainThread     : INFO    :                      pid: 14704
2017-05-31 03:54:56,277: log.pubsub.bridge   : MainProcess                     : MainThread     : INFO    :                      tid: MainThread
2017-05-31 03:54:56,277: log.pubsub.bridge   : MainProcess                     : MainThread     : INFO    : radical.pilot        version: split-81-gf853cc9b@feature-bridges
2017-05-31 03:54:56,277: log.pubsub.bridge   : MainProcess                     : MainThread     : INFO    : create log_pubsub - bridge - tcp://*:*
2017-05-31 03:54:56,278: log.pubsub.bridge   : MainProcess                     : MainThread     : DEBUG   : start process
2017-05-31 03:54:56,281: log.pubsub.bridge   : log.pubsub.bridge               : MainThread     : INFO    : child (me) initializing
2017-05-31 03:54:56,282: log.pubsub.bridge   : log.pubsub.bridge               : MainThread     : DEBUG   : start thread
2017-05-31 03:54:56,282: log.pubsub.bridge   : log.pubsub.bridge               : log.pubsub.bridge.child.watch: INFO    : child (me) initializing
2017-05-31 03:54:56,282: log.pubsub.bridge   : log.pubsub.bridge               : log.pubsub.bridge.child.watch: DEBUG   : ru_initialize_common (NOOP)
2017-05-31 03:54:56,282: log.pubsub.bridge   : log.pubsub.bridge               : log.pubsub.bridge.child.watch: DEBUG   : ru_initialize_child (NOOP)
2017-05-31 03:54:56,282: log.pubsub.bridge   : log.pubsub.bridge               : log.pubsub.bridge.child.watch: INFO    : send alive
2017-05-31 03:54:56,283: log.pubsub.bridge   : log.pubsub.bridge               : log.pubsub.bridge.child.watch: INFO    : send message: alive
2017-05-31 03:54:56,283: log.pubsub.bridge   : log.pubsub.bridge               : MainThread     : INFO    : recv message: alive
2017-05-31 03:54:56,283: log.pubsub.bridge   : log.pubsub.bridge               : MainThread     : DEBUG   : ru_initialize_common (NOOP)
2017-05-31 03:54:56,284: log.pubsub.bridge   : log.pubsub.bridge               : MainThread     : DEBUG   : ru_initialize_parent (NOOP)
2017-05-31 03:54:56,284: log.pubsub.bridge   : log.pubsub.bridge               : MainThread     : DEBUG   : child thread log.pubsub.bridge.child.watch started
2017-05-31 03:54:56,284: log.pubsub.bridge   : log.pubsub.bridge               : MainThread     : INFO    : child (me) is alive
2017-05-31 03:54:56,284: log.pubsub.bridge   : log.pubsub.bridge               : MainThread     : DEBUG   : ru_initialize_common (NOOP)
2017-05-31 03:54:56,286: log.pubsub.bridge   : log.pubsub.bridge.child         : MainThread     : INFO    : send alive
2017-05-31 03:54:56,286: log.pubsub.bridge   : log.pubsub.bridge.child         : MainThread     : INFO    : send message: alive
2017-05-31 03:54:56,286: log.pubsub.bridge   : MainProcess                     : MainThread     : INFO    : recv message: alive
2017-05-31 03:54:56,287: log.pubsub.bridge   : MainProcess                     : MainThread     : DEBUG   : start thread
2017-05-31 03:54:56,287: log.pubsub.bridge   : MainProcess                     : log.pubsub.bridge.watch: INFO    : child (me) initializing
2017-05-31 03:54:56,287: log.pubsub.bridge   : MainProcess                     : log.pubsub.bridge.watch: DEBUG   : ru_initialize_common (NOOP)
2017-05-31 03:54:56,287: log.pubsub.bridge   : MainProcess                     : log.pubsub.bridge.watch: DEBUG   : ru_initialize_child (NOOP)
2017-05-31 03:54:56,287: log.pubsub.bridge   : MainProcess                     : log.pubsub.bridge.watch: INFO    : send alive
2017-05-31 03:54:56,287: log.pubsub.bridge   : MainProcess                     : log.pubsub.bridge.watch: INFO    : send message: alive
2017-05-31 03:54:56,288: log.pubsub.bridge   : MainProcess                     : MainThread     : INFO    : recv message: alive
2017-05-31 03:54:56,289: log.pubsub.bridge   : MainProcess                     : MainThread     : DEBUG   : ru_initialize_common (NOOP)
2017-05-31 03:54:56,289: log.pubsub.bridge   : MainProcess                     : MainThread     : DEBUG   : ru_initialize_parent (NOOP)
2017-05-31 03:54:56,289: log.pubsub.bridge   : MainProcess                     : MainThread     : DEBUG   : child thread log.pubsub.bridge.watch started
2017-05-31 03:54:56,289: log.pubsub.bridge   : MainProcess                     : MainThread     : INFO    : child is alive
2017-05-31 03:54:56,289: log.pubsub.bridge   : MainProcess                     : MainThread     : DEBUG   : ru_initialize_common (NOOP)
2017-05-31 03:54:56,289: log.pubsub.bridge   : MainProcess                     : MainThread     : DEBUG   : ru_initialize_parent (NOOP)
2017-05-31 03:54:56,289: log.pubsub.bridge   : MainProcess                     : MainThread     : DEBUG   : child process started
2017-05-31 04:33:54,797: log.pubsub.bridge   : MainProcess                     : MainThread     : INFO    : parent stops child
2017-05-31 04:33:54,797: log.pubsub.bridge   : MainProcess                     : MainThread     : DEBUG   : ru_finalize_parent (NOOP)
2017-05-31 04:33:54,797: log.pubsub.bridge   : MainProcess                     : MainThread     : DEBUG   : ru_finalize_common (NOOP)
2017-05-31 04:33:54,797: log.pubsub.bridge   : MainProcess                     : MainThread     : INFO    : parent stops child
2017-05-31 04:33:54,797: log.pubsub.bridge   : MainProcess                     : MainThread     : DEBUG   : ru_finalize_parent (NOOP)
2017-05-31 04:33:54,798: log.pubsub.bridge   : MainProcess                     : MainThread     : DEBUG   : ru_finalize_common (NOOP)
2017-05-31 04:33:54,871: log.pubsub.bridge   : MainProcess                     : log.pubsub.bridge.watch: INFO    : send message: work finished
2017-05-31 04:33:54,872: log.pubsub.bridge   : MainProcess                     : log.pubsub.bridge.watch: DEBUG   : ru_finalize_child (NOOP)
2017-05-31 04:33:54,872: log.pubsub.bridge   : MainProcess                     : log.pubsub.bridge.watch: DEBUG   : ru_finalize_common (NOOP)
2017-05-31 04:33:54,872: log.pubsub.bridge   : MainProcess                     : log.pubsub.bridge.watch: INFO    : send message: terminating
2017-05-31 04:33:55,013: log.pubsub.bridge   : MainProcess                     : MainThread     : WARNING : failed to stop child - terminate
2017-05-31 04:33:56,132: log.pubsub.bridge   : MainProcess                     : MainThread     : INFO    : radical.pilot        version: split-81-gf853cc9b@feature-bridges
2017-05-31 04:33:56,132: log.pubsub.bridge   : MainProcess                     : MainThread     : INFO    : create log_pubsub - bridge - tcp://*:*
2017-05-31 04:33:56,132: log.pubsub.bridge   : MainProcess                     : MainThread     : DEBUG   : start process
2017-05-31 04:33:56,138: log.pubsub.bridge   : log.pubsub.bridge               : MainThread     : INFO    : child (me) initializing
2017-05-31 04:33:56,139: log.pubsub.bridge   : log.pubsub.bridge               : MainThread     : DEBUG   : start thread
2017-05-31 04:33:56,139: log.pubsub.bridge   : log.pubsub.bridge               : log.pubsub.bridge.child.watch: INFO    : child (me) initializing
2017-05-31 04:33:56,139: log.pubsub.bridge   : log.pubsub.bridge               : log.pubsub.bridge.child.watch: DEBUG   : ru_initialize_common (NOOP)
2017-05-31 04:33:56,139: log.pubsub.bridge   : log.pubsub.bridge               : log.pubsub.bridge.child.watch: DEBUG   : ru_initialize_child (NOOP)
2017-05-31 04:33:56,139: log.pubsub.bridge   : log.pubsub.bridge               : log.pubsub.bridge.child.watch: INFO    : send alive
2017-05-31 04:33:56,139: log.pubsub.bridge   : log.pubsub.bridge               : log.pubsub.bridge.child.watch: INFO    : send message: alive
2017-05-31 04:33:56,140: log.pubsub.bridge   : log.pubsub.bridge               : MainThread     : INFO    : recv message: alive
2017-05-31 04:33:56,140: log.pubsub.bridge   : log.pubsub.bridge               : MainThread     : DEBUG   : ru_initialize_common (NOOP)
2017-05-31 04:33:56,140: log.pubsub.bridge   : log.pubsub.bridge               : MainThread     : DEBUG   : ru_initialize_parent (NOOP)
2017-05-31 04:33:56,140: log.pubsub.bridge   : log.pubsub.bridge               : MainThread     : DEBUG   : child thread log.pubsub.bridge.child.watch started
2017-05-31 04:33:56,140: log.pubsub.bridge   : log.pubsub.bridge               : MainThread     : INFO    : child (me) is alive
2017-05-31 04:33:56,141: log.pubsub.bridge   : log.pubsub.bridge               : MainThread     : DEBUG   : ru_initialize_common (NOOP)
2017-05-31 04:33:56,142: log.pubsub.bridge   : log.pubsub.bridge.child         : MainThread     : INFO    : send alive
2017-05-31 04:33:56,142: log.pubsub.bridge   : log.pubsub.bridge.child         : MainThread     : INFO    : send message: alive
2017-05-31 04:33:56,142: log.pubsub.bridge   : MainProcess                     : MainThread     : INFO    : recv message: alive
2017-05-31 04:33:56,143: log.pubsub.bridge   : MainProcess                     : MainThread     : DEBUG   : start thread
2017-05-31 04:33:56,143: log.pubsub.bridge   : MainProcess                     : log.pubsub.bridge.watch: INFO    : child (me) initializing
2017-05-31 04:33:56,143: log.pubsub.bridge   : MainProcess                     : log.pubsub.bridge.watch: DEBUG   : ru_initialize_common (NOOP)
2017-05-31 04:33:56,143: log.pubsub.bridge   : MainProcess                     : log.pubsub.bridge.watch: DEBUG   : ru_initialize_child (NOOP)
2017-05-31 04:33:56,143: log.pubsub.bridge   : MainProcess                     : log.pubsub.bridge.watch: INFO    : send alive
2017-05-31 04:33:56,143: log.pubsub.bridge   : MainProcess                     : log.pubsub.bridge.watch: INFO    : send message: alive
2017-05-31 04:33:56,144: log.pubsub.bridge   : MainProcess                     : MainThread     : INFO    : recv message: alive
2017-05-31 04:33:56,144: log.pubsub.bridge   : MainProcess                     : MainThread     : DEBUG   : ru_initialize_common (NOOP)
2017-05-31 04:33:56,144: log.pubsub.bridge   : MainProcess                     : MainThread     : DEBUG   : ru_initialize_parent (NOOP)
2017-05-31 04:33:56,144: log.pubsub.bridge   : MainProcess                     : MainThread     : DEBUG   : child thread log.pubsub.bridge.watch started
2017-05-31 04:33:56,144: log.pubsub.bridge   : MainProcess                     : MainThread     : INFO    : child is alive
2017-05-31 04:33:56,144: log.pubsub.bridge   : MainProcess                     : MainThread     : DEBUG   : ru_initialize_common (NOOP)
2017-05-31 04:33:56,144: log.pubsub.bridge   : MainProcess                     : MainThread     : DEBUG   : ru_initialize_parent (NOOP)
2017-05-31 04:33:56,144: log.pubsub.bridge   : MainProcess                     : MainThread     : DEBUG   : child process started
2017-05-31 04:41:36,305: log.pubsub.bridge   : MainProcess                     : MainThread     : INFO    : parent stops child
2017-05-31 04:41:36,306: log.pubsub.bridge   : MainProcess                     : MainThread     : DEBUG   : ru_finalize_parent (NOOP)
2017-05-31 04:41:36,306: log.pubsub.bridge   : MainProcess                     : MainThread     : DEBUG   : ru_finalize_common (NOOP)
2017-05-31 04:41:36,306: log.pubsub.bridge   : MainProcess                     : MainThread     : INFO    : parent stops child
2017-05-31 04:41:36,306: log.pubsub.bridge   : MainProcess                     : MainThread     : DEBUG   : ru_finalize_parent (NOOP)
2017-05-31 04:41:36,306: log.pubsub.bridge   : MainProcess                     : MainThread     : DEBUG   : ru_finalize_common (NOOP)
2017-05-31 04:41:36,390: log.pubsub.bridge   : MainProcess                     : log.pubsub.bridge.watch: INFO    : send message: work finished
2017-05-31 04:41:36,391: log.pubsub.bridge   : MainProcess                     : log.pubsub.bridge.watch: DEBUG   : ru_finalize_child (NOOP)
2017-05-31 04:41:36,391: log.pubsub.bridge   : MainProcess                     : log.pubsub.bridge.watch: DEBUG   : ru_finalize_common (NOOP)
2017-05-31 04:41:36,391: log.pubsub.bridge   : MainProcess                     : log.pubsub.bridge.watch: INFO    : send message: terminating
2017-05-31 04:41:36,521: log.pubsub.bridge   : MainProcess                     : MainThread     : WARNING : failed to stop child - terminate
