2017-05-31 03:54:56,929: pmgr.launching.queue.bridge: MainProcess                     : MainThread     : INFO    : python.interpreter   version: 2.7.12 (default, Nov 19 2016, 06:48:10) [GCC 5.4.0 20160609]
2017-05-31 03:54:56,929: pmgr.launching.queue.bridge: MainProcess                     : MainThread     : INFO    :                      pid: 14704
2017-05-31 03:54:56,929: pmgr.launching.queue.bridge: MainProcess                     : MainThread     : INFO    :                      tid: MainThread
2017-05-31 03:54:56,929: pmgr.launching.queue.bridge: MainProcess                     : MainThread     : INFO    : radical.pilot        version: split-81-gf853cc9b@feature-bridges
2017-05-31 03:54:56,929: pmgr.launching.queue.bridge: MainProcess                     : MainThread     : INFO    : create pmgr_launching_queue - bridge - tcp://*:*
2017-05-31 03:54:56,930: pmgr.launching.queue.bridge: MainProcess                     : MainThread     : DEBUG   : start process
2017-05-31 03:54:56,932: pmgr.launching.queue.bridge: pmgr.launching.queue.bridge     : MainThread     : INFO    : child (me) initializing
2017-05-31 03:54:56,933: pmgr.launching.queue.bridge: pmgr.launching.queue.bridge     : MainThread     : DEBUG   : start thread
2017-05-31 03:54:56,933: pmgr.launching.queue.bridge: pmgr.launching.queue.bridge     : pmgr.launching.queue.bridge.child.watch: INFO    : child (me) initializing
2017-05-31 03:54:56,933: pmgr.launching.queue.bridge: pmgr.launching.queue.bridge     : pmgr.launching.queue.bridge.child.watch: DEBUG   : ru_initialize_common (NOOP)
2017-05-31 03:54:56,933: pmgr.launching.queue.bridge: pmgr.launching.queue.bridge     : pmgr.launching.queue.bridge.child.watch: DEBUG   : ru_initialize_child (NOOP)
2017-05-31 03:54:56,933: pmgr.launching.queue.bridge: pmgr.launching.queue.bridge     : pmgr.launching.queue.bridge.child.watch: INFO    : send alive
2017-05-31 03:54:56,933: pmgr.launching.queue.bridge: pmgr.launching.queue.bridge     : pmgr.launching.queue.bridge.child.watch: INFO    : send message: alive
2017-05-31 03:54:56,934: pmgr.launching.queue.bridge: pmgr.launching.queue.bridge     : MainThread     : INFO    : recv message: alive
2017-05-31 03:54:56,934: pmgr.launching.queue.bridge: pmgr.launching.queue.bridge     : MainThread     : DEBUG   : ru_initialize_common (NOOP)
2017-05-31 03:54:56,934: pmgr.launching.queue.bridge: pmgr.launching.queue.bridge     : MainThread     : DEBUG   : ru_initialize_parent (NOOP)
2017-05-31 03:54:56,934: pmgr.launching.queue.bridge: pmgr.launching.queue.bridge     : MainThread     : DEBUG   : child thread pmgr.launching.queue.bridge.child.watch started
2017-05-31 03:54:56,934: pmgr.launching.queue.bridge: pmgr.launching.queue.bridge     : MainThread     : INFO    : child (me) is alive
2017-05-31 03:54:56,934: pmgr.launching.queue.bridge: pmgr.launching.queue.bridge     : MainThread     : DEBUG   : ru_initialize_common (NOOP)
2017-05-31 03:54:56,935: pmgr.launching.queue.bridge: pmgr.launching.queue.bridge.child: MainThread     : INFO    : send alive
2017-05-31 03:54:56,936: pmgr.launching.queue.bridge: pmgr.launching.queue.bridge.child: MainThread     : INFO    : send message: alive
2017-05-31 03:54:56,936: pmgr.launching.queue.bridge: MainProcess                     : MainThread     : INFO    : recv message: alive
2017-05-31 03:54:56,936: pmgr.launching.queue.bridge: MainProcess                     : MainThread     : DEBUG   : start thread
2017-05-31 03:54:56,936: pmgr.launching.queue.bridge: MainProcess                     : pmgr.launching.queue.bridge.watch: INFO    : child (me) initializing
2017-05-31 03:54:56,936: pmgr.launching.queue.bridge: MainProcess                     : pmgr.launching.queue.bridge.watch: DEBUG   : ru_initialize_common (NOOP)
2017-05-31 03:54:56,936: pmgr.launching.queue.bridge: MainProcess                     : pmgr.launching.queue.bridge.watch: DEBUG   : ru_initialize_child (NOOP)
2017-05-31 03:54:56,936: pmgr.launching.queue.bridge: MainProcess                     : pmgr.launching.queue.bridge.watch: INFO    : send alive
2017-05-31 03:54:56,936: pmgr.launching.queue.bridge: MainProcess                     : pmgr.launching.queue.bridge.watch: INFO    : send message: alive
2017-05-31 03:54:56,937: pmgr.launching.queue.bridge: MainProcess                     : MainThread     : INFO    : recv message: alive
2017-05-31 03:54:56,937: pmgr.launching.queue.bridge: MainProcess                     : MainThread     : DEBUG   : ru_initialize_common (NOOP)
2017-05-31 03:54:56,937: pmgr.launching.queue.bridge: MainProcess                     : MainThread     : DEBUG   : ru_initialize_parent (NOOP)
2017-05-31 03:54:56,937: pmgr.launching.queue.bridge: MainProcess                     : MainThread     : DEBUG   : child thread pmgr.launching.queue.bridge.watch started
2017-05-31 03:54:56,937: pmgr.launching.queue.bridge: MainProcess                     : MainThread     : INFO    : child is alive
2017-05-31 03:54:56,938: pmgr.launching.queue.bridge: MainProcess                     : MainThread     : DEBUG   : ru_initialize_common (NOOP)
2017-05-31 03:54:56,938: pmgr.launching.queue.bridge: MainProcess                     : MainThread     : DEBUG   : ru_initialize_parent (NOOP)
2017-05-31 03:54:56,938: pmgr.launching.queue.bridge: MainProcess                     : MainThread     : DEBUG   : child process started
2017-05-31 04:33:53,601: pmgr.launching.queue.bridge: MainProcess                     : MainThread     : INFO    : parent stops child
2017-05-31 04:33:53,602: pmgr.launching.queue.bridge: MainProcess                     : MainThread     : DEBUG   : ru_finalize_parent (NOOP)
2017-05-31 04:33:53,602: pmgr.launching.queue.bridge: MainProcess                     : MainThread     : DEBUG   : ru_finalize_common (NOOP)
2017-05-31 04:33:53,602: pmgr.launching.queue.bridge: MainProcess                     : MainThread     : INFO    : parent stops child
2017-05-31 04:33:53,602: pmgr.launching.queue.bridge: MainProcess                     : MainThread     : DEBUG   : ru_finalize_parent (NOOP)
2017-05-31 04:33:53,602: pmgr.launching.queue.bridge: MainProcess                     : MainThread     : DEBUG   : ru_finalize_common (NOOP)
2017-05-31 04:33:53,669: pmgr.launching.queue.bridge: MainProcess                     : pmgr.launching.queue.bridge.watch: INFO    : send message: work finished
2017-05-31 04:33:53,669: pmgr.launching.queue.bridge: MainProcess                     : pmgr.launching.queue.bridge.watch: DEBUG   : ru_finalize_child (NOOP)
2017-05-31 04:33:53,670: pmgr.launching.queue.bridge: MainProcess                     : pmgr.launching.queue.bridge.watch: DEBUG   : ru_finalize_common (NOOP)
2017-05-31 04:33:53,670: pmgr.launching.queue.bridge: MainProcess                     : pmgr.launching.queue.bridge.watch: INFO    : send message: terminating
2017-05-31 04:33:53,769: pmgr.launching.queue.bridge: pmgr.launching.queue.bridge.child: pmgr.launching.queue.bridge.child.watch: WARNING : endpoint disappeard
2017-05-31 04:33:53,770: pmgr.launching.queue.bridge: pmgr.launching.queue.bridge.child: pmgr.launching.queue.bridge.child.watch: WARNING : watcher failed
2017-05-31 04:33:53,770: pmgr.launching.queue.bridge: pmgr.launching.queue.bridge.child: pmgr.launching.queue.bridge.child.watch: INFO    : send message: work finished
2017-05-31 04:33:53,770: pmgr.launching.queue.bridge: pmgr.launching.queue.bridge.child: pmgr.launching.queue.bridge.child.watch: DEBUG   : ru_finalize_child (NOOP)
2017-05-31 04:33:53,770: pmgr.launching.queue.bridge: pmgr.launching.queue.bridge.child: pmgr.launching.queue.bridge.child.watch: DEBUG   : ru_finalize_common (NOOP)
2017-05-31 04:33:53,771: pmgr.launching.queue.bridge: pmgr.launching.queue.bridge.child: pmgr.launching.queue.bridge.child.watch: INFO    : send message: terminating
2017-05-31 04:33:53,817: pmgr.launching.queue.bridge: MainProcess                     : MainThread     : WARNING : failed to stop child - terminate
2017-05-31 04:33:56,769: pmgr.launching.queue.bridge: MainProcess                     : MainThread     : INFO    : radical.pilot        version: split-81-gf853cc9b@feature-bridges
2017-05-31 04:33:56,769: pmgr.launching.queue.bridge: MainProcess                     : MainThread     : INFO    : create pmgr_launching_queue - bridge - tcp://*:*
2017-05-31 04:33:56,770: pmgr.launching.queue.bridge: MainProcess                     : MainThread     : DEBUG   : start process
2017-05-31 04:33:56,783: pmgr.launching.queue.bridge: pmgr.launching.queue.bridge     : MainThread     : INFO    : child (me) initializing
2017-05-31 04:33:56,784: pmgr.launching.queue.bridge: pmgr.launching.queue.bridge     : MainThread     : DEBUG   : start thread
2017-05-31 04:33:56,784: pmgr.launching.queue.bridge: pmgr.launching.queue.bridge     : pmgr.launching.queue.bridge.child.watch: INFO    : child (me) initializing
2017-05-31 04:33:56,784: pmgr.launching.queue.bridge: pmgr.launching.queue.bridge     : pmgr.launching.queue.bridge.child.watch: DEBUG   : ru_initialize_common (NOOP)
2017-05-31 04:33:56,784: pmgr.launching.queue.bridge: pmgr.launching.queue.bridge     : pmgr.launching.queue.bridge.child.watch: DEBUG   : ru_initialize_child (NOOP)
2017-05-31 04:33:56,785: pmgr.launching.queue.bridge: pmgr.launching.queue.bridge     : pmgr.launching.queue.bridge.child.watch: INFO    : send alive
2017-05-31 04:33:56,785: pmgr.launching.queue.bridge: pmgr.launching.queue.bridge     : pmgr.launching.queue.bridge.child.watch: INFO    : send message: alive
2017-05-31 04:33:56,786: pmgr.launching.queue.bridge: pmgr.launching.queue.bridge     : MainThread     : INFO    : recv message: alive
2017-05-31 04:33:56,786: pmgr.launching.queue.bridge: pmgr.launching.queue.bridge     : MainThread     : DEBUG   : ru_initialize_common (NOOP)
2017-05-31 04:33:56,787: pmgr.launching.queue.bridge: pmgr.launching.queue.bridge     : MainThread     : DEBUG   : ru_initialize_parent (NOOP)
2017-05-31 04:33:56,787: pmgr.launching.queue.bridge: pmgr.launching.queue.bridge     : MainThread     : DEBUG   : child thread pmgr.launching.queue.bridge.child.watch started
2017-05-31 04:33:56,787: pmgr.launching.queue.bridge: pmgr.launching.queue.bridge     : MainThread     : INFO    : child (me) is alive
2017-05-31 04:33:56,787: pmgr.launching.queue.bridge: pmgr.launching.queue.bridge     : MainThread     : DEBUG   : ru_initialize_common (NOOP)
2017-05-31 04:33:56,792: pmgr.launching.queue.bridge: pmgr.launching.queue.bridge.child: MainThread     : INFO    : send alive
2017-05-31 04:33:56,792: pmgr.launching.queue.bridge: pmgr.launching.queue.bridge.child: MainThread     : INFO    : send message: alive
2017-05-31 04:33:56,793: pmgr.launching.queue.bridge: MainProcess                     : MainThread     : INFO    : recv message: alive
2017-05-31 04:33:56,794: pmgr.launching.queue.bridge: MainProcess                     : MainThread     : DEBUG   : start thread
2017-05-31 04:33:56,794: pmgr.launching.queue.bridge: MainProcess                     : pmgr.launching.queue.bridge.watch: INFO    : child (me) initializing
2017-05-31 04:33:56,794: pmgr.launching.queue.bridge: MainProcess                     : pmgr.launching.queue.bridge.watch: DEBUG   : ru_initialize_common (NOOP)
2017-05-31 04:33:56,795: pmgr.launching.queue.bridge: MainProcess                     : pmgr.launching.queue.bridge.watch: DEBUG   : ru_initialize_child (NOOP)
2017-05-31 04:33:56,795: pmgr.launching.queue.bridge: MainProcess                     : pmgr.launching.queue.bridge.watch: INFO    : send alive
2017-05-31 04:33:56,795: pmgr.launching.queue.bridge: MainProcess                     : pmgr.launching.queue.bridge.watch: INFO    : send message: alive
2017-05-31 04:33:56,796: pmgr.launching.queue.bridge: MainProcess                     : MainThread     : INFO    : recv message: alive
2017-05-31 04:33:56,796: pmgr.launching.queue.bridge: MainProcess                     : MainThread     : DEBUG   : ru_initialize_common (NOOP)
2017-05-31 04:33:56,796: pmgr.launching.queue.bridge: MainProcess                     : MainThread     : DEBUG   : ru_initialize_parent (NOOP)
2017-05-31 04:33:56,796: pmgr.launching.queue.bridge: MainProcess                     : MainThread     : DEBUG   : child thread pmgr.launching.queue.bridge.watch started
2017-05-31 04:33:56,796: pmgr.launching.queue.bridge: MainProcess                     : MainThread     : INFO    : child is alive
2017-05-31 04:33:56,797: pmgr.launching.queue.bridge: MainProcess                     : MainThread     : DEBUG   : ru_initialize_common (NOOP)
2017-05-31 04:33:56,797: pmgr.launching.queue.bridge: MainProcess                     : MainThread     : DEBUG   : ru_initialize_parent (NOOP)
2017-05-31 04:33:56,797: pmgr.launching.queue.bridge: MainProcess                     : MainThread     : DEBUG   : child process started
2017-05-31 04:41:35,511: pmgr.launching.queue.bridge: MainProcess                     : MainThread     : INFO    : parent stops child
2017-05-31 04:41:35,511: pmgr.launching.queue.bridge: MainProcess                     : MainThread     : DEBUG   : ru_finalize_parent (NOOP)
2017-05-31 04:41:35,511: pmgr.launching.queue.bridge: MainProcess                     : MainThread     : DEBUG   : ru_finalize_common (NOOP)
2017-05-31 04:41:35,512: pmgr.launching.queue.bridge: MainProcess                     : MainThread     : INFO    : parent stops child
2017-05-31 04:41:35,512: pmgr.launching.queue.bridge: MainProcess                     : MainThread     : DEBUG   : ru_finalize_parent (NOOP)
2017-05-31 04:41:35,512: pmgr.launching.queue.bridge: MainProcess                     : MainThread     : DEBUG   : ru_finalize_common (NOOP)
2017-05-31 04:41:35,520: pmgr.launching.queue.bridge: MainProcess                     : pmgr.launching.queue.bridge.watch: INFO    : send message: work finished
2017-05-31 04:41:35,520: pmgr.launching.queue.bridge: MainProcess                     : pmgr.launching.queue.bridge.watch: DEBUG   : ru_finalize_child (NOOP)
2017-05-31 04:41:35,521: pmgr.launching.queue.bridge: MainProcess                     : pmgr.launching.queue.bridge.watch: DEBUG   : ru_finalize_common (NOOP)
2017-05-31 04:41:35,521: pmgr.launching.queue.bridge: MainProcess                     : pmgr.launching.queue.bridge.watch: INFO    : send message: terminating
2017-05-31 04:41:35,628: pmgr.launching.queue.bridge: MainProcess                     : MainThread     : WARNING : failed to stop child - terminate
