2017-05-31 03:54:56,939: pmgr.launching.0    : MainProcess                     : MainThread     : INFO    : python.interpreter   version: 2.7.12 (default, Nov 19 2016, 06:48:10) [GCC 5.4.0 20160609]
2017-05-31 03:54:56,939: pmgr.launching.0    : MainProcess                     : MainThread     : INFO    :                      pid: 14704
2017-05-31 03:54:56,939: pmgr.launching.0    : MainProcess                     : MainThread     : INFO    :                      tid: MainThread
2017-05-31 03:54:56,939: pmgr.launching.0    : MainProcess                     : MainThread     : INFO    : radical.pilot        version: split-81-gf853cc9b@feature-bridges
2017-05-31 03:54:56,939: pmgr.launching.0    : MainProcess                     : MainThread     : DEBUG   : start process
2017-05-31 03:54:56,942: pmgr.launching.0    : pmgr.launching.0                : MainThread     : INFO    : child (me) initializing
2017-05-31 03:54:56,943: pmgr.launching.0    : pmgr.launching.0                : MainThread     : DEBUG   : start thread
2017-05-31 03:54:56,943: pmgr.launching.0    : pmgr.launching.0                : pmgr.launching.0.child.watch: INFO    : child (me) initializing
2017-05-31 03:54:56,943: pmgr.launching.0    : pmgr.launching.0                : pmgr.launching.0.child.watch: DEBUG   : ru_initialize_common (NOOP)
2017-05-31 03:54:56,943: pmgr.launching.0    : pmgr.launching.0                : pmgr.launching.0.child.watch: DEBUG   : ru_initialize_child (NOOP)
2017-05-31 03:54:56,943: pmgr.launching.0    : pmgr.launching.0                : pmgr.launching.0.child.watch: INFO    : send alive
2017-05-31 03:54:56,943: pmgr.launching.0    : pmgr.launching.0                : pmgr.launching.0.child.watch: INFO    : send message: alive
2017-05-31 03:54:56,944: pmgr.launching.0    : pmgr.launching.0                : MainThread     : INFO    : recv message: alive
2017-05-31 03:54:56,944: pmgr.launching.0    : pmgr.launching.0                : MainThread     : DEBUG   : ru_initialize_common (NOOP)
2017-05-31 03:54:56,944: pmgr.launching.0    : pmgr.launching.0                : MainThread     : DEBUG   : ru_initialize_parent (NOOP)
2017-05-31 03:54:56,944: pmgr.launching.0    : pmgr.launching.0                : MainThread     : DEBUG   : child thread pmgr.launching.0.child.watch started
2017-05-31 03:54:56,944: pmgr.launching.0    : pmgr.launching.0                : MainThread     : INFO    : child (me) is alive
2017-05-31 03:54:57,034: pmgr.launching.0    : pmgr.launching.0                : MainThread     : INFO    : send alive
2017-05-31 03:54:57,034: pmgr.launching.0    : pmgr.launching.0                : MainThread     : INFO    : send message: alive
2017-05-31 03:54:57,034: pmgr.launching.0    : MainProcess                     : MainThread     : INFO    : recv message: alive
2017-05-31 03:54:57,035: pmgr.launching.0    : MainProcess                     : MainThread     : DEBUG   : start thread
2017-05-31 03:54:57,036: pmgr.launching.0    : MainProcess                     : pmgr.launching.0.watch: INFO    : child (me) initializing
2017-05-31 03:54:57,036: pmgr.launching.0    : MainProcess                     : pmgr.launching.0.watch: DEBUG   : ru_initialize_common (NOOP)
2017-05-31 03:54:57,036: pmgr.launching.0    : MainProcess                     : pmgr.launching.0.watch: DEBUG   : ru_initialize_child (NOOP)
2017-05-31 03:54:57,036: pmgr.launching.0    : MainProcess                     : pmgr.launching.0.watch: INFO    : send alive
2017-05-31 03:54:57,036: pmgr.launching.0    : MainProcess                     : pmgr.launching.0.watch: INFO    : send message: alive
2017-05-31 03:54:57,037: pmgr.launching.0    : MainProcess                     : MainThread     : INFO    : recv message: alive
2017-05-31 03:54:57,038: pmgr.launching.0    : MainProcess                     : MainThread     : DEBUG   : ru_initialize_common (NOOP)
2017-05-31 03:54:57,038: pmgr.launching.0    : MainProcess                     : MainThread     : DEBUG   : ru_initialize_parent (NOOP)
2017-05-31 03:54:57,038: pmgr.launching.0    : MainProcess                     : MainThread     : DEBUG   : child thread pmgr.launching.0.watch started
2017-05-31 03:54:57,038: pmgr.launching.0    : MainProcess                     : MainThread     : INFO    : child is alive
2017-05-31 03:54:57,038: pmgr.launching.0    : MainProcess                     : MainThread     : INFO    : radical.pilot        version: split-81-gf853cc9b@feature-bridges
2017-05-31 03:54:58,043: pmgr.launching.0    : MainProcess                     : MainThread     : INFO    : initialize pmgr.launching.0
2017-05-31 03:54:58,047: pmgr.launching.0    : MainProcess                     : MainThread     : INFO    : cfg: {'agents': {},
 u'bridges': {u'control_pubsub': {'addr_in': 'tcp://138.201.86.166:40511',
                                  'addr_out': 'tcp://138.201.86.166:34850',
                                  u'bulk_size': 0,
                                  u'log_level': u'debug',
                                  u'stall_hwm': 1},
              u'log_pubsub': {'addr_in': 'tcp://138.201.86.166:40437',
                              'addr_out': 'tcp://138.201.86.166:40538',
                              u'bulk_size': 0,
                              u'log_level': u'debug',
                              u'stall_hwm': 1},
              u'pmgr_launching_queue': {'addr_in': 'tcp://138.201.86.166:44489',
                                        'addr_out': 'tcp://138.201.86.166:34782',
                                        u'bulk_size': 0,
                                        u'log_level': u'debug',
                                        u'stall_hwm': 1},
              u'state_pubsub': {'addr_in': 'tcp://138.201.86.166:40539',
                                'addr_out': 'tcp://138.201.86.166:43996',
                                u'bulk_size': 0,
                                u'log_level': u'debug',
                                u'stall_hwm': 1}},
 'cname': u'PMGRLaunchingComponent',
 u'components': {},
 u'count': 1,
 u'db_poll_sleeptime': 1.0,
 'number': 0,
 'owner': 'pmgr.0000',
 'uid': 'pmgr.0000'}
2017-05-31 03:54:58,047: pmgr.launching.0    : MainProcess                     : MainThread     : DEBUG   : START: pmgr.launching.0 register publisher log_pubsub
2017-05-31 03:54:58,047: pmgr.launching.0    : MainProcess                     : MainThread     : DEBUG   : using addr tcp://138.201.86.166:40437 for pubsub log_pubsub
2017-05-31 03:54:58,048: pmgr.launching.0    : MainProcess                     : MainThread     : DEBUG   : registered publisher : log_pubsub : log.pubsub.pub
2017-05-31 03:54:58,048: pmgr.launching.0    : MainProcess                     : MainThread     : DEBUG   : START: pmgr.launching.0 register publisher state_pubsub
2017-05-31 03:54:58,048: pmgr.launching.0    : MainProcess                     : MainThread     : DEBUG   : using addr tcp://138.201.86.166:40539 for pubsub state_pubsub
2017-05-31 03:54:58,049: pmgr.launching.0    : MainProcess                     : MainThread     : DEBUG   : registered publisher : state_pubsub : state.pubsub.pub
2017-05-31 03:54:58,049: pmgr.launching.0    : MainProcess                     : MainThread     : DEBUG   : START: pmgr.launching.0 register publisher control_pubsub
2017-05-31 03:54:58,049: pmgr.launching.0    : MainProcess                     : MainThread     : DEBUG   : using addr tcp://138.201.86.166:40511 for pubsub control_pubsub
2017-05-31 03:54:58,049: pmgr.launching.0    : MainProcess                     : MainThread     : DEBUG   : registered publisher : control_pubsub : control.pubsub.pub
2017-05-31 03:54:58,049: pmgr.launching.0    : MainProcess                     : MainThread     : DEBUG   : child process started
2017-05-31 04:33:53,375: pmgr.launching.0    : MainProcess                     : MainThread     : DEBUG   : stop pmgr.launching.0 (14704 : 14771 : MainThread) [radical.pilot.pilot_manager.PilotManager.finalize_parent]
2017-05-31 04:33:53,375: pmgr.launching.0    : MainProcess                     : MainThread     : INFO    : parent stops child
2017-05-31 04:33:53,375: pmgr.launching.0    : MainProcess                     : MainThread     : DEBUG   : ru_finalize_common()
2017-05-31 04:33:53,375: pmgr.launching.0    : MainProcess                     : MainThread     : DEBUG   : TERM : pmgr.launching.0 unregister publisher state_pubsub
2017-05-31 04:33:53,377: pmgr.launching.0    : MainProcess                     : MainThread     : DEBUG   : unregistered publisher state_pubsub
2017-05-31 04:33:53,377: pmgr.launching.0    : MainProcess                     : MainThread     : DEBUG   : TERM : pmgr.launching.0 unregister publisher control_pubsub
2017-05-31 04:33:53,378: pmgr.launching.0    : MainProcess                     : MainThread     : DEBUG   : unregistered publisher control_pubsub
2017-05-31 04:33:53,378: pmgr.launching.0    : MainProcess                     : MainThread     : DEBUG   : pmgr.launching.0 close prof
2017-05-31 04:33:53,378: pmgr.launching.0    : MainProcess                     : MainThread     : INFO    : parent stops child
2017-05-31 04:33:53,378: pmgr.launching.0    : MainProcess                     : MainThread     : DEBUG   : ru_finalize_parent (NOOP)
2017-05-31 04:33:53,378: pmgr.launching.0    : MainProcess                     : MainThread     : DEBUG   : ru_finalize_common (NOOP)
2017-05-31 04:33:53,468: pmgr.launching.0    : MainProcess                     : pmgr.launching.0.watch: INFO    : send message: work finished
2017-05-31 04:33:53,469: pmgr.launching.0    : MainProcess                     : pmgr.launching.0.watch: DEBUG   : ru_finalize_child (NOOP)
2017-05-31 04:33:53,469: pmgr.launching.0    : MainProcess                     : pmgr.launching.0.watch: DEBUG   : ru_finalize_common (NOOP)
2017-05-31 04:33:53,469: pmgr.launching.0    : MainProcess                     : pmgr.launching.0.watch: INFO    : send message: terminating
2017-05-31 04:33:53,593: pmgr.launching.0    : MainProcess                     : MainThread     : WARNING : failed to stop child - terminate
2017-05-31 04:33:56,800: pmgr.launching.0    : MainProcess                     : MainThread     : INFO    : radical.pilot        version: split-81-gf853cc9b@feature-bridges
2017-05-31 04:33:56,800: pmgr.launching.0    : MainProcess                     : MainThread     : DEBUG   : start process
2017-05-31 04:33:56,814: pmgr.launching.0    : pmgr.launching.0                : MainThread     : INFO    : child (me) initializing
2017-05-31 04:33:56,815: pmgr.launching.0    : pmgr.launching.0                : MainThread     : DEBUG   : start thread
2017-05-31 04:33:56,815: pmgr.launching.0    : pmgr.launching.0                : pmgr.launching.0.child.watch: INFO    : child (me) initializing
2017-05-31 04:33:56,815: pmgr.launching.0    : pmgr.launching.0                : pmgr.launching.0.child.watch: DEBUG   : ru_initialize_common (NOOP)
2017-05-31 04:33:56,815: pmgr.launching.0    : pmgr.launching.0                : pmgr.launching.0.child.watch: DEBUG   : ru_initialize_child (NOOP)
2017-05-31 04:33:56,816: pmgr.launching.0    : pmgr.launching.0                : pmgr.launching.0.child.watch: INFO    : send alive
2017-05-31 04:33:56,816: pmgr.launching.0    : pmgr.launching.0                : pmgr.launching.0.child.watch: INFO    : send message: alive
2017-05-31 04:33:56,817: pmgr.launching.0    : pmgr.launching.0                : MainThread     : INFO    : recv message: alive
2017-05-31 04:33:56,817: pmgr.launching.0    : pmgr.launching.0                : MainThread     : DEBUG   : ru_initialize_common (NOOP)
2017-05-31 04:33:56,817: pmgr.launching.0    : pmgr.launching.0                : MainThread     : DEBUG   : ru_initialize_parent (NOOP)
2017-05-31 04:33:56,817: pmgr.launching.0    : pmgr.launching.0                : MainThread     : DEBUG   : child thread pmgr.launching.0.child.watch started
2017-05-31 04:33:56,818: pmgr.launching.0    : pmgr.launching.0                : MainThread     : INFO    : child (me) is alive
2017-05-31 04:33:56,839: pmgr.launching.0    : pmgr.launching.0                : MainThread     : INFO    : send alive
2017-05-31 04:33:56,839: pmgr.launching.0    : pmgr.launching.0                : MainThread     : INFO    : send message: alive
2017-05-31 04:33:56,839: pmgr.launching.0    : MainProcess                     : MainThread     : INFO    : recv message: alive
2017-05-31 04:33:56,839: pmgr.launching.0    : MainProcess                     : MainThread     : DEBUG   : start thread
2017-05-31 04:33:56,840: pmgr.launching.0    : MainProcess                     : pmgr.launching.0.watch: INFO    : child (me) initializing
2017-05-31 04:33:56,840: pmgr.launching.0    : MainProcess                     : pmgr.launching.0.watch: DEBUG   : ru_initialize_common (NOOP)
2017-05-31 04:33:56,840: pmgr.launching.0    : MainProcess                     : pmgr.launching.0.watch: DEBUG   : ru_initialize_child (NOOP)
2017-05-31 04:33:56,840: pmgr.launching.0    : MainProcess                     : pmgr.launching.0.watch: INFO    : send alive
2017-05-31 04:33:56,840: pmgr.launching.0    : MainProcess                     : pmgr.launching.0.watch: INFO    : send message: alive
2017-05-31 04:33:56,841: pmgr.launching.0    : MainProcess                     : MainThread     : INFO    : recv message: alive
2017-05-31 04:33:56,841: pmgr.launching.0    : MainProcess                     : MainThread     : DEBUG   : ru_initialize_common (NOOP)
2017-05-31 04:33:56,841: pmgr.launching.0    : MainProcess                     : MainThread     : DEBUG   : ru_initialize_parent (NOOP)
2017-05-31 04:33:56,841: pmgr.launching.0    : MainProcess                     : MainThread     : DEBUG   : child thread pmgr.launching.0.watch started
2017-05-31 04:33:56,841: pmgr.launching.0    : MainProcess                     : MainThread     : INFO    : child is alive
2017-05-31 04:33:56,841: pmgr.launching.0    : MainProcess                     : MainThread     : INFO    : radical.pilot        version: split-81-gf853cc9b@feature-bridges
2017-05-31 04:33:56,861: pmgr.launching.0    : MainProcess                     : MainThread     : INFO    : initialize pmgr.launching.0
2017-05-31 04:33:56,863: pmgr.launching.0    : MainProcess                     : MainThread     : INFO    : cfg: {'agents': {},
 u'bridges': {u'control_pubsub': {'addr_in': 'tcp://138.201.86.166:41739',
                                  'addr_out': 'tcp://138.201.86.166:41435',
                                  u'bulk_size': 0,
                                  u'log_level': u'debug',
                                  u'stall_hwm': 1},
              u'log_pubsub': {'addr_in': 'tcp://138.201.86.166:45110',
                              'addr_out': 'tcp://138.201.86.166:34132',
                              u'bulk_size': 0,
                              u'log_level': u'debug',
                              u'stall_hwm': 1},
              u'pmgr_launching_queue': {'addr_in': 'tcp://138.201.86.166:39830',
                                        'addr_out': 'tcp://138.201.86.166:46541',
                                        u'bulk_size': 0,
                                        u'log_level': u'debug',
                                        u'stall_hwm': 1},
              u'state_pubsub': {'addr_in': 'tcp://138.201.86.166:40697',
                                'addr_out': 'tcp://138.201.86.166:40297',
                                u'bulk_size': 0,
                                u'log_level': u'debug',
                                u'stall_hwm': 1}},
 'cname': u'PMGRLaunchingComponent',
 u'components': {},
 u'count': 1,
 u'db_poll_sleeptime': 1.0,
 'number': 0,
 'owner': 'pmgr.0000',
 'uid': 'pmgr.0000'}
2017-05-31 04:33:56,863: pmgr.launching.0    : MainProcess                     : MainThread     : DEBUG   : START: pmgr.launching.0 register publisher log_pubsub
2017-05-31 04:33:56,863: pmgr.launching.0    : MainProcess                     : MainThread     : DEBUG   : using addr tcp://138.201.86.166:45110 for pubsub log_pubsub
2017-05-31 04:33:56,864: pmgr.launching.0    : MainProcess                     : MainThread     : DEBUG   : registered publisher : log_pubsub : log.pubsub.pub
2017-05-31 04:33:56,864: pmgr.launching.0    : MainProcess                     : MainThread     : DEBUG   : START: pmgr.launching.0 register publisher state_pubsub
2017-05-31 04:33:56,864: pmgr.launching.0    : MainProcess                     : MainThread     : DEBUG   : using addr tcp://138.201.86.166:40697 for pubsub state_pubsub
2017-05-31 04:33:56,864: pmgr.launching.0    : MainProcess                     : MainThread     : DEBUG   : registered publisher : state_pubsub : state.pubsub.pub
2017-05-31 04:33:56,865: pmgr.launching.0    : MainProcess                     : MainThread     : DEBUG   : START: pmgr.launching.0 register publisher control_pubsub
2017-05-31 04:33:56,865: pmgr.launching.0    : MainProcess                     : MainThread     : DEBUG   : using addr tcp://138.201.86.166:41739 for pubsub control_pubsub
2017-05-31 04:33:56,865: pmgr.launching.0    : MainProcess                     : MainThread     : DEBUG   : registered publisher : control_pubsub : control.pubsub.pub
2017-05-31 04:33:56,865: pmgr.launching.0    : MainProcess                     : MainThread     : DEBUG   : child process started
2017-05-31 04:41:35,335: pmgr.launching.0    : MainProcess                     : MainThread     : DEBUG   : stop pmgr.launching.0 (14704 : 25109 : MainThread) [radical.pilot.pilot_manager.PilotManager.finalize_parent]
2017-05-31 04:41:35,335: pmgr.launching.0    : MainProcess                     : MainThread     : INFO    : parent stops child
2017-05-31 04:41:35,335: pmgr.launching.0    : MainProcess                     : MainThread     : DEBUG   : ru_finalize_common()
2017-05-31 04:41:35,335: pmgr.launching.0    : MainProcess                     : MainThread     : DEBUG   : TERM : pmgr.launching.0 unregister publisher state_pubsub
2017-05-31 04:41:35,336: pmgr.launching.0    : MainProcess                     : MainThread     : DEBUG   : unregistered publisher state_pubsub
2017-05-31 04:41:35,337: pmgr.launching.0    : MainProcess                     : MainThread     : DEBUG   : TERM : pmgr.launching.0 unregister publisher control_pubsub
2017-05-31 04:41:35,337: pmgr.launching.0    : MainProcess                     : MainThread     : DEBUG   : unregistered publisher control_pubsub
2017-05-31 04:41:35,338: pmgr.launching.0    : MainProcess                     : MainThread     : DEBUG   : pmgr.launching.0 close prof
2017-05-31 04:41:35,338: pmgr.launching.0    : MainProcess                     : MainThread     : INFO    : parent stops child
2017-05-31 04:41:35,338: pmgr.launching.0    : MainProcess                     : MainThread     : DEBUG   : ru_finalize_parent (NOOP)
2017-05-31 04:41:35,338: pmgr.launching.0    : MainProcess                     : MainThread     : DEBUG   : ru_finalize_common (NOOP)
2017-05-31 04:41:35,387: pmgr.launching.0    : MainProcess                     : pmgr.launching.0.watch: INFO    : send message: work finished
2017-05-31 04:41:35,388: pmgr.launching.0    : MainProcess                     : pmgr.launching.0.watch: DEBUG   : ru_finalize_child (NOOP)
2017-05-31 04:41:35,388: pmgr.launching.0    : MainProcess                     : pmgr.launching.0.watch: DEBUG   : ru_finalize_common (NOOP)
2017-05-31 04:41:35,388: pmgr.launching.0    : MainProcess                     : pmgr.launching.0.watch: INFO    : send message: terminating
2017-05-31 04:41:35,503: pmgr.launching.0    : MainProcess                     : MainThread     : WARNING : failed to stop child - terminate
