2017-05-31 03:54:56,266: state.pubsub.bridge : MainProcess                     : MainThread     : INFO    : python.interpreter   version: 2.7.12 (default, Nov 19 2016, 06:48:10) [GCC 5.4.0 20160609]
2017-05-31 03:54:56,266: state.pubsub.bridge : MainProcess                     : MainThread     : INFO    :                      pid: 14704
2017-05-31 03:54:56,266: state.pubsub.bridge : MainProcess                     : MainThread     : INFO    :                      tid: MainThread
2017-05-31 03:54:56,266: state.pubsub.bridge : MainProcess                     : MainThread     : INFO    : radical.pilot        version: split-81-gf853cc9b@feature-bridges
2017-05-31 03:54:56,266: state.pubsub.bridge : MainProcess                     : MainThread     : INFO    : create state_pubsub - bridge - tcp://*:*
2017-05-31 03:54:56,266: state.pubsub.bridge : MainProcess                     : MainThread     : DEBUG   : start process
2017-05-31 03:54:56,269: state.pubsub.bridge : state.pubsub.bridge             : MainThread     : INFO    : child (me) initializing
2017-05-31 03:54:56,269: state.pubsub.bridge : state.pubsub.bridge             : MainThread     : DEBUG   : start thread
2017-05-31 03:54:56,269: state.pubsub.bridge : state.pubsub.bridge             : state.pubsub.bridge.child.watch: INFO    : child (me) initializing
2017-05-31 03:54:56,269: state.pubsub.bridge : state.pubsub.bridge             : state.pubsub.bridge.child.watch: DEBUG   : ru_initialize_common (NOOP)
2017-05-31 03:54:56,269: state.pubsub.bridge : state.pubsub.bridge             : state.pubsub.bridge.child.watch: DEBUG   : ru_initialize_child (NOOP)
2017-05-31 03:54:56,270: state.pubsub.bridge : state.pubsub.bridge             : state.pubsub.bridge.child.watch: INFO    : send alive
2017-05-31 03:54:56,270: state.pubsub.bridge : state.pubsub.bridge             : state.pubsub.bridge.child.watch: INFO    : send message: alive
2017-05-31 03:54:56,271: state.pubsub.bridge : state.pubsub.bridge             : MainThread     : INFO    : recv message: alive
2017-05-31 03:54:56,271: state.pubsub.bridge : state.pubsub.bridge             : MainThread     : DEBUG   : ru_initialize_common (NOOP)
2017-05-31 03:54:56,271: state.pubsub.bridge : state.pubsub.bridge             : MainThread     : DEBUG   : ru_initialize_parent (NOOP)
2017-05-31 03:54:56,271: state.pubsub.bridge : state.pubsub.bridge             : MainThread     : DEBUG   : child thread state.pubsub.bridge.child.watch started
2017-05-31 03:54:56,271: state.pubsub.bridge : state.pubsub.bridge             : MainThread     : INFO    : child (me) is alive
2017-05-31 03:54:56,271: state.pubsub.bridge : state.pubsub.bridge             : MainThread     : DEBUG   : ru_initialize_common (NOOP)
2017-05-31 03:54:56,273: state.pubsub.bridge : state.pubsub.bridge.child       : MainThread     : INFO    : send alive
2017-05-31 03:54:56,273: state.pubsub.bridge : state.pubsub.bridge.child       : MainThread     : INFO    : send message: alive
2017-05-31 03:54:56,273: state.pubsub.bridge : MainProcess                     : MainThread     : INFO    : recv message: alive
2017-05-31 03:54:56,274: state.pubsub.bridge : MainProcess                     : MainThread     : DEBUG   : start thread
2017-05-31 03:54:56,274: state.pubsub.bridge : MainProcess                     : state.pubsub.bridge.watch: INFO    : child (me) initializing
2017-05-31 03:54:56,274: state.pubsub.bridge : MainProcess                     : state.pubsub.bridge.watch: DEBUG   : ru_initialize_common (NOOP)
2017-05-31 03:54:56,274: state.pubsub.bridge : MainProcess                     : state.pubsub.bridge.watch: DEBUG   : ru_initialize_child (NOOP)
2017-05-31 03:54:56,274: state.pubsub.bridge : MainProcess                     : state.pubsub.bridge.watch: INFO    : send alive
2017-05-31 03:54:56,274: state.pubsub.bridge : MainProcess                     : state.pubsub.bridge.watch: INFO    : send message: alive
2017-05-31 03:54:56,275: state.pubsub.bridge : MainProcess                     : MainThread     : INFO    : recv message: alive
2017-05-31 03:54:56,275: state.pubsub.bridge : MainProcess                     : MainThread     : DEBUG   : ru_initialize_common (NOOP)
2017-05-31 03:54:56,275: state.pubsub.bridge : MainProcess                     : MainThread     : DEBUG   : ru_initialize_parent (NOOP)
2017-05-31 03:54:56,276: state.pubsub.bridge : MainProcess                     : MainThread     : DEBUG   : child thread state.pubsub.bridge.watch started
2017-05-31 03:54:56,276: state.pubsub.bridge : MainProcess                     : MainThread     : INFO    : child is alive
2017-05-31 03:54:56,276: state.pubsub.bridge : MainProcess                     : MainThread     : DEBUG   : ru_initialize_common (NOOP)
2017-05-31 03:54:56,276: state.pubsub.bridge : MainProcess                     : MainThread     : DEBUG   : ru_initialize_parent (NOOP)
2017-05-31 03:54:56,276: state.pubsub.bridge : MainProcess                     : MainThread     : DEBUG   : child process started
2017-05-31 04:33:54,577: state.pubsub.bridge : MainProcess                     : MainThread     : INFO    : parent stops child
2017-05-31 04:33:54,577: state.pubsub.bridge : MainProcess                     : MainThread     : DEBUG   : ru_finalize_parent (NOOP)
2017-05-31 04:33:54,577: state.pubsub.bridge : MainProcess                     : MainThread     : DEBUG   : ru_finalize_common (NOOP)
2017-05-31 04:33:54,577: state.pubsub.bridge : MainProcess                     : MainThread     : INFO    : parent stops child
2017-05-31 04:33:54,578: state.pubsub.bridge : MainProcess                     : MainThread     : DEBUG   : ru_finalize_parent (NOOP)
2017-05-31 04:33:54,578: state.pubsub.bridge : MainProcess                     : MainThread     : DEBUG   : ru_finalize_common (NOOP)
2017-05-31 04:33:54,671: state.pubsub.bridge : MainProcess                     : state.pubsub.bridge.watch: INFO    : send message: work finished
2017-05-31 04:33:54,672: state.pubsub.bridge : MainProcess                     : state.pubsub.bridge.watch: DEBUG   : ru_finalize_child (NOOP)
2017-05-31 04:33:54,672: state.pubsub.bridge : MainProcess                     : state.pubsub.bridge.watch: DEBUG   : ru_finalize_common (NOOP)
2017-05-31 04:33:54,672: state.pubsub.bridge : MainProcess                     : state.pubsub.bridge.watch: INFO    : send message: terminating
2017-05-31 04:33:54,793: state.pubsub.bridge : MainProcess                     : MainThread     : WARNING : failed to stop child - terminate
2017-05-31 04:33:56,118: state.pubsub.bridge : MainProcess                     : MainThread     : INFO    : radical.pilot        version: split-81-gf853cc9b@feature-bridges
2017-05-31 04:33:56,118: state.pubsub.bridge : MainProcess                     : MainThread     : INFO    : create state_pubsub - bridge - tcp://*:*
2017-05-31 04:33:56,119: state.pubsub.bridge : MainProcess                     : MainThread     : DEBUG   : start process
2017-05-31 04:33:56,125: state.pubsub.bridge : state.pubsub.bridge             : MainThread     : INFO    : child (me) initializing
2017-05-31 04:33:56,126: state.pubsub.bridge : state.pubsub.bridge             : MainThread     : DEBUG   : start thread
2017-05-31 04:33:56,126: state.pubsub.bridge : state.pubsub.bridge             : state.pubsub.bridge.child.watch: INFO    : child (me) initializing
2017-05-31 04:33:56,126: state.pubsub.bridge : state.pubsub.bridge             : state.pubsub.bridge.child.watch: DEBUG   : ru_initialize_common (NOOP)
2017-05-31 04:33:56,126: state.pubsub.bridge : state.pubsub.bridge             : state.pubsub.bridge.child.watch: DEBUG   : ru_initialize_child (NOOP)
2017-05-31 04:33:56,126: state.pubsub.bridge : state.pubsub.bridge             : state.pubsub.bridge.child.watch: INFO    : send alive
2017-05-31 04:33:56,126: state.pubsub.bridge : state.pubsub.bridge             : state.pubsub.bridge.child.watch: INFO    : send message: alive
2017-05-31 04:33:56,127: state.pubsub.bridge : state.pubsub.bridge             : MainThread     : INFO    : recv message: alive
2017-05-31 04:33:56,127: state.pubsub.bridge : state.pubsub.bridge             : MainThread     : DEBUG   : ru_initialize_common (NOOP)
2017-05-31 04:33:56,127: state.pubsub.bridge : state.pubsub.bridge             : MainThread     : DEBUG   : ru_initialize_parent (NOOP)
2017-05-31 04:33:56,127: state.pubsub.bridge : state.pubsub.bridge             : MainThread     : DEBUG   : child thread state.pubsub.bridge.child.watch started
2017-05-31 04:33:56,128: state.pubsub.bridge : state.pubsub.bridge             : MainThread     : INFO    : child (me) is alive
2017-05-31 04:33:56,128: state.pubsub.bridge : state.pubsub.bridge             : MainThread     : DEBUG   : ru_initialize_common (NOOP)
2017-05-31 04:33:56,129: state.pubsub.bridge : state.pubsub.bridge.child       : MainThread     : INFO    : send alive
2017-05-31 04:33:56,129: state.pubsub.bridge : state.pubsub.bridge.child       : MainThread     : INFO    : send message: alive
2017-05-31 04:33:56,129: state.pubsub.bridge : MainProcess                     : MainThread     : INFO    : recv message: alive
2017-05-31 04:33:56,130: state.pubsub.bridge : MainProcess                     : MainThread     : DEBUG   : start thread
2017-05-31 04:33:56,130: state.pubsub.bridge : MainProcess                     : state.pubsub.bridge.watch: INFO    : child (me) initializing
2017-05-31 04:33:56,130: state.pubsub.bridge : MainProcess                     : state.pubsub.bridge.watch: DEBUG   : ru_initialize_common (NOOP)
2017-05-31 04:33:56,130: state.pubsub.bridge : MainProcess                     : state.pubsub.bridge.watch: DEBUG   : ru_initialize_child (NOOP)
2017-05-31 04:33:56,130: state.pubsub.bridge : MainProcess                     : state.pubsub.bridge.watch: INFO    : send alive
2017-05-31 04:33:56,130: state.pubsub.bridge : MainProcess                     : state.pubsub.bridge.watch: INFO    : send message: alive
2017-05-31 04:33:56,131: state.pubsub.bridge : MainProcess                     : MainThread     : INFO    : recv message: alive
2017-05-31 04:33:56,131: state.pubsub.bridge : MainProcess                     : MainThread     : DEBUG   : ru_initialize_common (NOOP)
2017-05-31 04:33:56,131: state.pubsub.bridge : MainProcess                     : MainThread     : DEBUG   : ru_initialize_parent (NOOP)
2017-05-31 04:33:56,131: state.pubsub.bridge : MainProcess                     : MainThread     : DEBUG   : child thread state.pubsub.bridge.watch started
2017-05-31 04:33:56,131: state.pubsub.bridge : MainProcess                     : MainThread     : INFO    : child is alive
2017-05-31 04:33:56,131: state.pubsub.bridge : MainProcess                     : MainThread     : DEBUG   : ru_initialize_common (NOOP)
2017-05-31 04:33:56,132: state.pubsub.bridge : MainProcess                     : MainThread     : DEBUG   : ru_initialize_parent (NOOP)
2017-05-31 04:33:56,132: state.pubsub.bridge : MainProcess                     : MainThread     : DEBUG   : child process started
2017-05-31 04:41:36,136: state.pubsub.bridge : MainProcess                     : MainThread     : INFO    : parent stops child
2017-05-31 04:41:36,136: state.pubsub.bridge : MainProcess                     : MainThread     : DEBUG   : ru_finalize_parent (NOOP)
2017-05-31 04:41:36,136: state.pubsub.bridge : MainProcess                     : MainThread     : DEBUG   : ru_finalize_common (NOOP)
2017-05-31 04:41:36,136: state.pubsub.bridge : MainProcess                     : MainThread     : INFO    : parent stops child
2017-05-31 04:41:36,136: state.pubsub.bridge : MainProcess                     : MainThread     : DEBUG   : ru_finalize_parent (NOOP)
2017-05-31 04:41:36,136: state.pubsub.bridge : MainProcess                     : MainThread     : DEBUG   : ru_finalize_common (NOOP)
2017-05-31 04:41:36,190: state.pubsub.bridge : MainProcess                     : state.pubsub.bridge.watch: INFO    : send message: work finished
2017-05-31 04:41:36,190: state.pubsub.bridge : MainProcess                     : state.pubsub.bridge.watch: DEBUG   : ru_finalize_child (NOOP)
2017-05-31 04:41:36,190: state.pubsub.bridge : MainProcess                     : state.pubsub.bridge.watch: DEBUG   : ru_finalize_common (NOOP)
2017-05-31 04:41:36,191: state.pubsub.bridge : MainProcess                     : state.pubsub.bridge.watch: INFO    : send message: terminating
2017-05-31 04:41:36,301: state.pubsub.bridge : MainProcess                     : MainThread     : WARNING : failed to stop child - terminate
