2017-05-31 03:55:02,718: umgr.unschedule.pubsub.bridge: MainProcess                     : MainThread     : INFO    : python.interpreter   version: 2.7.12 (default, Nov 19 2016, 06:48:10) [GCC 5.4.0 20160609]
2017-05-31 03:55:02,718: umgr.unschedule.pubsub.bridge: MainProcess                     : MainThread     : INFO    :                      pid: 14704
2017-05-31 03:55:02,718: umgr.unschedule.pubsub.bridge: MainProcess                     : MainThread     : INFO    :                      tid: MainThread
2017-05-31 03:55:02,718: umgr.unschedule.pubsub.bridge: MainProcess                     : MainThread     : INFO    : radical.pilot        version: split-81-gf853cc9b@feature-bridges
2017-05-31 03:55:02,718: umgr.unschedule.pubsub.bridge: MainProcess                     : MainThread     : INFO    : create umgr_unschedule_pubsub - bridge - tcp://*:*
2017-05-31 03:55:02,718: umgr.unschedule.pubsub.bridge: MainProcess                     : MainThread     : DEBUG   : start process
2017-05-31 03:55:02,724: umgr.unschedule.pubsub.bridge: umgr.unschedule.pubsub.bridge   : MainThread     : INFO    : child (me) initializing
2017-05-31 03:55:02,724: umgr.unschedule.pubsub.bridge: umgr.unschedule.pubsub.bridge   : MainThread     : DEBUG   : start thread
2017-05-31 03:55:02,725: umgr.unschedule.pubsub.bridge: umgr.unschedule.pubsub.bridge   : umgr.unschedule.pubsub.bridge.child.watch: INFO    : child (me) initializing
2017-05-31 03:55:02,725: umgr.unschedule.pubsub.bridge: umgr.unschedule.pubsub.bridge   : umgr.unschedule.pubsub.bridge.child.watch: DEBUG   : ru_initialize_common (NOOP)
2017-05-31 03:55:02,725: umgr.unschedule.pubsub.bridge: umgr.unschedule.pubsub.bridge   : umgr.unschedule.pubsub.bridge.child.watch: DEBUG   : ru_initialize_child (NOOP)
2017-05-31 03:55:02,725: umgr.unschedule.pubsub.bridge: umgr.unschedule.pubsub.bridge   : umgr.unschedule.pubsub.bridge.child.watch: INFO    : send alive
2017-05-31 03:55:02,725: umgr.unschedule.pubsub.bridge: umgr.unschedule.pubsub.bridge   : umgr.unschedule.pubsub.bridge.child.watch: INFO    : send message: alive
2017-05-31 03:55:02,726: umgr.unschedule.pubsub.bridge: umgr.unschedule.pubsub.bridge   : MainThread     : INFO    : recv message: alive
2017-05-31 03:55:02,726: umgr.unschedule.pubsub.bridge: umgr.unschedule.pubsub.bridge   : MainThread     : DEBUG   : ru_initialize_common (NOOP)
2017-05-31 03:55:02,726: umgr.unschedule.pubsub.bridge: umgr.unschedule.pubsub.bridge   : MainThread     : DEBUG   : ru_initialize_parent (NOOP)
2017-05-31 03:55:02,726: umgr.unschedule.pubsub.bridge: umgr.unschedule.pubsub.bridge   : MainThread     : DEBUG   : child thread umgr.unschedule.pubsub.bridge.child.watch started
2017-05-31 03:55:02,726: umgr.unschedule.pubsub.bridge: umgr.unschedule.pubsub.bridge   : MainThread     : INFO    : child (me) is alive
2017-05-31 03:55:02,726: umgr.unschedule.pubsub.bridge: umgr.unschedule.pubsub.bridge   : MainThread     : DEBUG   : ru_initialize_common (NOOP)
2017-05-31 03:55:02,728: umgr.unschedule.pubsub.bridge: umgr.unschedule.pubsub.bridge.child: MainThread     : INFO    : send alive
2017-05-31 03:55:02,728: umgr.unschedule.pubsub.bridge: umgr.unschedule.pubsub.bridge.child: MainThread     : INFO    : send message: alive
2017-05-31 03:55:02,728: umgr.unschedule.pubsub.bridge: MainProcess                     : MainThread     : INFO    : recv message: alive
2017-05-31 03:55:02,729: umgr.unschedule.pubsub.bridge: MainProcess                     : MainThread     : DEBUG   : start thread
2017-05-31 03:55:02,729: umgr.unschedule.pubsub.bridge: MainProcess                     : umgr.unschedule.pubsub.bridge.watch: INFO    : child (me) initializing
2017-05-31 03:55:02,729: umgr.unschedule.pubsub.bridge: MainProcess                     : umgr.unschedule.pubsub.bridge.watch: DEBUG   : ru_initialize_common (NOOP)
2017-05-31 03:55:02,729: umgr.unschedule.pubsub.bridge: MainProcess                     : umgr.unschedule.pubsub.bridge.watch: DEBUG   : ru_initialize_child (NOOP)
2017-05-31 03:55:02,729: umgr.unschedule.pubsub.bridge: MainProcess                     : umgr.unschedule.pubsub.bridge.watch: INFO    : send alive
2017-05-31 03:55:02,729: umgr.unschedule.pubsub.bridge: MainProcess                     : umgr.unschedule.pubsub.bridge.watch: INFO    : send message: alive
2017-05-31 03:55:02,730: umgr.unschedule.pubsub.bridge: MainProcess                     : MainThread     : INFO    : recv message: alive
2017-05-31 03:55:02,730: umgr.unschedule.pubsub.bridge: MainProcess                     : MainThread     : DEBUG   : ru_initialize_common (NOOP)
2017-05-31 03:55:02,730: umgr.unschedule.pubsub.bridge: MainProcess                     : MainThread     : DEBUG   : ru_initialize_parent (NOOP)
2017-05-31 03:55:02,731: umgr.unschedule.pubsub.bridge: MainProcess                     : MainThread     : DEBUG   : child thread umgr.unschedule.pubsub.bridge.watch started
2017-05-31 03:55:02,731: umgr.unschedule.pubsub.bridge: MainProcess                     : MainThread     : INFO    : child is alive
2017-05-31 03:55:02,731: umgr.unschedule.pubsub.bridge: MainProcess                     : MainThread     : DEBUG   : ru_initialize_common (NOOP)
2017-05-31 03:55:02,731: umgr.unschedule.pubsub.bridge: MainProcess                     : MainThread     : DEBUG   : ru_initialize_parent (NOOP)
2017-05-31 03:55:02,731: umgr.unschedule.pubsub.bridge: MainProcess                     : MainThread     : DEBUG   : child process started
2017-05-31 04:33:49,780: umgr.unschedule.pubsub.bridge: MainProcess                     : MainThread     : INFO    : parent stops child
2017-05-31 04:33:49,780: umgr.unschedule.pubsub.bridge: MainProcess                     : MainThread     : DEBUG   : ru_finalize_parent (NOOP)
2017-05-31 04:33:49,781: umgr.unschedule.pubsub.bridge: MainProcess                     : MainThread     : DEBUG   : ru_finalize_common (NOOP)
2017-05-31 04:33:49,781: umgr.unschedule.pubsub.bridge: MainProcess                     : MainThread     : INFO    : parent stops child
2017-05-31 04:33:49,781: umgr.unschedule.pubsub.bridge: MainProcess                     : MainThread     : DEBUG   : ru_finalize_parent (NOOP)
2017-05-31 04:33:49,781: umgr.unschedule.pubsub.bridge: MainProcess                     : MainThread     : DEBUG   : ru_finalize_common (NOOP)
2017-05-31 04:33:49,860: umgr.unschedule.pubsub.bridge: MainProcess                     : umgr.unschedule.pubsub.bridge.watch: INFO    : send message: work finished
2017-05-31 04:33:49,861: umgr.unschedule.pubsub.bridge: MainProcess                     : umgr.unschedule.pubsub.bridge.watch: DEBUG   : ru_finalize_child (NOOP)
2017-05-31 04:33:49,861: umgr.unschedule.pubsub.bridge: MainProcess                     : umgr.unschedule.pubsub.bridge.watch: DEBUG   : ru_finalize_common (NOOP)
2017-05-31 04:33:49,861: umgr.unschedule.pubsub.bridge: MainProcess                     : umgr.unschedule.pubsub.bridge.watch: INFO    : send message: terminating
2017-05-31 04:33:49,996: umgr.unschedule.pubsub.bridge: MainProcess                     : MainThread     : WARNING : failed to stop child - terminate
2017-05-31 04:33:58,775: umgr.unschedule.pubsub.bridge: MainProcess                     : MainThread     : INFO    : radical.pilot        version: split-81-gf853cc9b@feature-bridges
2017-05-31 04:33:58,776: umgr.unschedule.pubsub.bridge: MainProcess                     : MainThread     : INFO    : create umgr_unschedule_pubsub - bridge - tcp://*:*
2017-05-31 04:33:58,776: umgr.unschedule.pubsub.bridge: MainProcess                     : MainThread     : DEBUG   : start process
2017-05-31 04:33:58,788: umgr.unschedule.pubsub.bridge: umgr.unschedule.pubsub.bridge   : MainThread     : INFO    : child (me) initializing
2017-05-31 04:33:58,788: umgr.unschedule.pubsub.bridge: umgr.unschedule.pubsub.bridge   : MainThread     : DEBUG   : start thread
2017-05-31 04:33:58,789: umgr.unschedule.pubsub.bridge: umgr.unschedule.pubsub.bridge   : umgr.unschedule.pubsub.bridge.child.watch: INFO    : child (me) initializing
2017-05-31 04:33:58,789: umgr.unschedule.pubsub.bridge: umgr.unschedule.pubsub.bridge   : umgr.unschedule.pubsub.bridge.child.watch: DEBUG   : ru_initialize_common (NOOP)
2017-05-31 04:33:58,789: umgr.unschedule.pubsub.bridge: umgr.unschedule.pubsub.bridge   : umgr.unschedule.pubsub.bridge.child.watch: DEBUG   : ru_initialize_child (NOOP)
2017-05-31 04:33:58,789: umgr.unschedule.pubsub.bridge: umgr.unschedule.pubsub.bridge   : umgr.unschedule.pubsub.bridge.child.watch: INFO    : send alive
2017-05-31 04:33:58,789: umgr.unschedule.pubsub.bridge: umgr.unschedule.pubsub.bridge   : umgr.unschedule.pubsub.bridge.child.watch: INFO    : send message: alive
2017-05-31 04:33:58,790: umgr.unschedule.pubsub.bridge: umgr.unschedule.pubsub.bridge   : MainThread     : INFO    : recv message: alive
2017-05-31 04:33:58,790: umgr.unschedule.pubsub.bridge: umgr.unschedule.pubsub.bridge   : MainThread     : DEBUG   : ru_initialize_common (NOOP)
2017-05-31 04:33:58,790: umgr.unschedule.pubsub.bridge: umgr.unschedule.pubsub.bridge   : MainThread     : DEBUG   : ru_initialize_parent (NOOP)
2017-05-31 04:33:58,790: umgr.unschedule.pubsub.bridge: umgr.unschedule.pubsub.bridge   : MainThread     : DEBUG   : child thread umgr.unschedule.pubsub.bridge.child.watch started
2017-05-31 04:33:58,790: umgr.unschedule.pubsub.bridge: umgr.unschedule.pubsub.bridge   : MainThread     : INFO    : child (me) is alive
2017-05-31 04:33:58,790: umgr.unschedule.pubsub.bridge: umgr.unschedule.pubsub.bridge   : MainThread     : DEBUG   : ru_initialize_common (NOOP)
2017-05-31 04:33:58,793: umgr.unschedule.pubsub.bridge: umgr.unschedule.pubsub.bridge.child: MainThread     : INFO    : send alive
2017-05-31 04:33:58,794: umgr.unschedule.pubsub.bridge: umgr.unschedule.pubsub.bridge.child: MainThread     : INFO    : send message: alive
2017-05-31 04:33:58,794: umgr.unschedule.pubsub.bridge: MainProcess                     : MainThread     : INFO    : recv message: alive
2017-05-31 04:33:58,795: umgr.unschedule.pubsub.bridge: MainProcess                     : MainThread     : DEBUG   : start thread
2017-05-31 04:33:58,796: umgr.unschedule.pubsub.bridge: MainProcess                     : umgr.unschedule.pubsub.bridge.watch: INFO    : child (me) initializing
2017-05-31 04:33:58,796: umgr.unschedule.pubsub.bridge: MainProcess                     : umgr.unschedule.pubsub.bridge.watch: DEBUG   : ru_initialize_common (NOOP)
2017-05-31 04:33:58,796: umgr.unschedule.pubsub.bridge: MainProcess                     : umgr.unschedule.pubsub.bridge.watch: DEBUG   : ru_initialize_child (NOOP)
2017-05-31 04:33:58,796: umgr.unschedule.pubsub.bridge: MainProcess                     : umgr.unschedule.pubsub.bridge.watch: INFO    : send alive
2017-05-31 04:33:58,796: umgr.unschedule.pubsub.bridge: MainProcess                     : umgr.unschedule.pubsub.bridge.watch: INFO    : send message: alive
2017-05-31 04:33:58,797: umgr.unschedule.pubsub.bridge: MainProcess                     : MainThread     : INFO    : recv message: alive
2017-05-31 04:33:58,797: umgr.unschedule.pubsub.bridge: MainProcess                     : MainThread     : DEBUG   : ru_initialize_common (NOOP)
2017-05-31 04:33:58,797: umgr.unschedule.pubsub.bridge: MainProcess                     : MainThread     : DEBUG   : ru_initialize_parent (NOOP)
2017-05-31 04:33:58,797: umgr.unschedule.pubsub.bridge: MainProcess                     : MainThread     : DEBUG   : child thread umgr.unschedule.pubsub.bridge.watch started
2017-05-31 04:33:58,798: umgr.unschedule.pubsub.bridge: MainProcess                     : MainThread     : INFO    : child is alive
2017-05-31 04:33:58,798: umgr.unschedule.pubsub.bridge: MainProcess                     : MainThread     : DEBUG   : ru_initialize_common (NOOP)
2017-05-31 04:33:58,798: umgr.unschedule.pubsub.bridge: MainProcess                     : MainThread     : DEBUG   : ru_initialize_parent (NOOP)
2017-05-31 04:33:58,798: umgr.unschedule.pubsub.bridge: MainProcess                     : MainThread     : DEBUG   : child process started
2017-05-31 04:41:32,753: umgr.unschedule.pubsub.bridge: MainProcess                     : MainThread     : INFO    : parent stops child
2017-05-31 04:41:32,754: umgr.unschedule.pubsub.bridge: MainProcess                     : MainThread     : DEBUG   : ru_finalize_parent (NOOP)
2017-05-31 04:41:32,754: umgr.unschedule.pubsub.bridge: MainProcess                     : MainThread     : DEBUG   : ru_finalize_common (NOOP)
2017-05-31 04:41:32,754: umgr.unschedule.pubsub.bridge: MainProcess                     : MainThread     : INFO    : parent stops child
2017-05-31 04:41:32,754: umgr.unschedule.pubsub.bridge: MainProcess                     : MainThread     : DEBUG   : ru_finalize_parent (NOOP)
2017-05-31 04:41:32,754: umgr.unschedule.pubsub.bridge: MainProcess                     : MainThread     : DEBUG   : ru_finalize_common (NOOP)
2017-05-31 04:41:32,815: umgr.unschedule.pubsub.bridge: MainProcess                     : umgr.unschedule.pubsub.bridge.watch: INFO    : send message: work finished
2017-05-31 04:41:32,815: umgr.unschedule.pubsub.bridge: MainProcess                     : umgr.unschedule.pubsub.bridge.watch: DEBUG   : ru_finalize_child (NOOP)
2017-05-31 04:41:32,816: umgr.unschedule.pubsub.bridge: MainProcess                     : umgr.unschedule.pubsub.bridge.watch: DEBUG   : ru_finalize_common (NOOP)
2017-05-31 04:41:32,816: umgr.unschedule.pubsub.bridge: MainProcess                     : umgr.unschedule.pubsub.bridge.watch: INFO    : send message: terminating
2017-05-31 04:41:32,919: umgr.unschedule.pubsub.bridge: MainProcess                     : MainThread     : WARNING : failed to stop child - terminate
