2017-05-31 03:55:02,672: umgr.reschedule.pubsub.bridge: MainProcess                     : MainThread     : INFO    : python.interpreter   version: 2.7.12 (default, Nov 19 2016, 06:48:10) [GCC 5.4.0 20160609]
2017-05-31 03:55:02,672: umgr.reschedule.pubsub.bridge: MainProcess                     : MainThread     : INFO    :                      pid: 14704
2017-05-31 03:55:02,672: umgr.reschedule.pubsub.bridge: MainProcess                     : MainThread     : INFO    :                      tid: MainThread
2017-05-31 03:55:02,673: umgr.reschedule.pubsub.bridge: MainProcess                     : MainThread     : INFO    : radical.pilot        version: split-81-gf853cc9b@feature-bridges
2017-05-31 03:55:02,673: umgr.reschedule.pubsub.bridge: MainProcess                     : MainThread     : INFO    : create umgr_reschedule_pubsub - bridge - tcp://*:*
2017-05-31 03:55:02,674: umgr.reschedule.pubsub.bridge: MainProcess                     : MainThread     : DEBUG   : start process
2017-05-31 03:55:02,683: umgr.reschedule.pubsub.bridge: umgr.reschedule.pubsub.bridge   : MainThread     : INFO    : child (me) initializing
2017-05-31 03:55:02,683: umgr.reschedule.pubsub.bridge: umgr.reschedule.pubsub.bridge   : MainThread     : DEBUG   : start thread
2017-05-31 03:55:02,683: umgr.reschedule.pubsub.bridge: umgr.reschedule.pubsub.bridge   : umgr.reschedule.pubsub.bridge.child.watch: INFO    : child (me) initializing
2017-05-31 03:55:02,683: umgr.reschedule.pubsub.bridge: umgr.reschedule.pubsub.bridge   : umgr.reschedule.pubsub.bridge.child.watch: DEBUG   : ru_initialize_common (NOOP)
2017-05-31 03:55:02,683: umgr.reschedule.pubsub.bridge: umgr.reschedule.pubsub.bridge   : umgr.reschedule.pubsub.bridge.child.watch: DEBUG   : ru_initialize_child (NOOP)
2017-05-31 03:55:02,684: umgr.reschedule.pubsub.bridge: umgr.reschedule.pubsub.bridge   : umgr.reschedule.pubsub.bridge.child.watch: INFO    : send alive
2017-05-31 03:55:02,684: umgr.reschedule.pubsub.bridge: umgr.reschedule.pubsub.bridge   : umgr.reschedule.pubsub.bridge.child.watch: INFO    : send message: alive
2017-05-31 03:55:02,685: umgr.reschedule.pubsub.bridge: umgr.reschedule.pubsub.bridge   : MainThread     : INFO    : recv message: alive
2017-05-31 03:55:02,685: umgr.reschedule.pubsub.bridge: umgr.reschedule.pubsub.bridge   : MainThread     : DEBUG   : ru_initialize_common (NOOP)
2017-05-31 03:55:02,685: umgr.reschedule.pubsub.bridge: umgr.reschedule.pubsub.bridge   : MainThread     : DEBUG   : ru_initialize_parent (NOOP)
2017-05-31 03:55:02,685: umgr.reschedule.pubsub.bridge: umgr.reschedule.pubsub.bridge   : MainThread     : DEBUG   : child thread umgr.reschedule.pubsub.bridge.child.watch started
2017-05-31 03:55:02,685: umgr.reschedule.pubsub.bridge: umgr.reschedule.pubsub.bridge   : MainThread     : INFO    : child (me) is alive
2017-05-31 03:55:02,685: umgr.reschedule.pubsub.bridge: umgr.reschedule.pubsub.bridge   : MainThread     : DEBUG   : ru_initialize_common (NOOP)
2017-05-31 03:55:02,686: umgr.reschedule.pubsub.bridge: umgr.reschedule.pubsub.bridge.child: MainThread     : INFO    : send alive
2017-05-31 03:55:02,687: umgr.reschedule.pubsub.bridge: umgr.reschedule.pubsub.bridge.child: MainThread     : INFO    : send message: alive
2017-05-31 03:55:02,687: umgr.reschedule.pubsub.bridge: MainProcess                     : MainThread     : INFO    : recv message: alive
2017-05-31 03:55:02,687: umgr.reschedule.pubsub.bridge: MainProcess                     : MainThread     : DEBUG   : start thread
2017-05-31 03:55:02,687: umgr.reschedule.pubsub.bridge: MainProcess                     : umgr.reschedule.pubsub.bridge.watch: INFO    : child (me) initializing
2017-05-31 03:55:02,687: umgr.reschedule.pubsub.bridge: MainProcess                     : umgr.reschedule.pubsub.bridge.watch: DEBUG   : ru_initialize_common (NOOP)
2017-05-31 03:55:02,687: umgr.reschedule.pubsub.bridge: MainProcess                     : umgr.reschedule.pubsub.bridge.watch: DEBUG   : ru_initialize_child (NOOP)
2017-05-31 03:55:02,687: umgr.reschedule.pubsub.bridge: MainProcess                     : umgr.reschedule.pubsub.bridge.watch: INFO    : send alive
2017-05-31 03:55:02,688: umgr.reschedule.pubsub.bridge: MainProcess                     : umgr.reschedule.pubsub.bridge.watch: INFO    : send message: alive
2017-05-31 03:55:02,689: umgr.reschedule.pubsub.bridge: MainProcess                     : MainThread     : INFO    : recv message: alive
2017-05-31 03:55:02,689: umgr.reschedule.pubsub.bridge: MainProcess                     : MainThread     : DEBUG   : ru_initialize_common (NOOP)
2017-05-31 03:55:02,689: umgr.reschedule.pubsub.bridge: MainProcess                     : MainThread     : DEBUG   : ru_initialize_parent (NOOP)
2017-05-31 03:55:02,689: umgr.reschedule.pubsub.bridge: MainProcess                     : MainThread     : DEBUG   : child thread umgr.reschedule.pubsub.bridge.watch started
2017-05-31 03:55:02,689: umgr.reschedule.pubsub.bridge: MainProcess                     : MainThread     : INFO    : child is alive
2017-05-31 03:55:02,689: umgr.reschedule.pubsub.bridge: MainProcess                     : MainThread     : DEBUG   : ru_initialize_common (NOOP)
2017-05-31 03:55:02,689: umgr.reschedule.pubsub.bridge: MainProcess                     : MainThread     : DEBUG   : ru_initialize_parent (NOOP)
2017-05-31 03:55:02,689: umgr.reschedule.pubsub.bridge: MainProcess                     : MainThread     : DEBUG   : child process started
2017-05-31 04:33:49,172: umgr.reschedule.pubsub.bridge: MainProcess                     : MainThread     : INFO    : parent stops child
2017-05-31 04:33:49,172: umgr.reschedule.pubsub.bridge: MainProcess                     : MainThread     : DEBUG   : ru_finalize_parent (NOOP)
2017-05-31 04:33:49,172: umgr.reschedule.pubsub.bridge: MainProcess                     : MainThread     : DEBUG   : ru_finalize_common (NOOP)
2017-05-31 04:33:49,172: umgr.reschedule.pubsub.bridge: MainProcess                     : MainThread     : INFO    : parent stops child
2017-05-31 04:33:49,173: umgr.reschedule.pubsub.bridge: MainProcess                     : MainThread     : DEBUG   : ru_finalize_parent (NOOP)
2017-05-31 04:33:49,173: umgr.reschedule.pubsub.bridge: MainProcess                     : MainThread     : DEBUG   : ru_finalize_common (NOOP)
2017-05-31 04:33:49,259: umgr.reschedule.pubsub.bridge: MainProcess                     : umgr.reschedule.pubsub.bridge.watch: INFO    : send message: work finished
2017-05-31 04:33:49,260: umgr.reschedule.pubsub.bridge: MainProcess                     : umgr.reschedule.pubsub.bridge.watch: DEBUG   : ru_finalize_child (NOOP)
2017-05-31 04:33:49,260: umgr.reschedule.pubsub.bridge: MainProcess                     : umgr.reschedule.pubsub.bridge.watch: DEBUG   : ru_finalize_common (NOOP)
2017-05-31 04:33:49,260: umgr.reschedule.pubsub.bridge: MainProcess                     : umgr.reschedule.pubsub.bridge.watch: INFO    : send message: terminating
2017-05-31 04:33:49,388: umgr.reschedule.pubsub.bridge: MainProcess                     : MainThread     : WARNING : failed to stop child - terminate
2017-05-31 04:33:58,695: umgr.reschedule.pubsub.bridge: MainProcess                     : MainThread     : INFO    : radical.pilot        version: split-81-gf853cc9b@feature-bridges
2017-05-31 04:33:58,695: umgr.reschedule.pubsub.bridge: MainProcess                     : MainThread     : INFO    : create umgr_reschedule_pubsub - bridge - tcp://*:*
2017-05-31 04:33:58,696: umgr.reschedule.pubsub.bridge: MainProcess                     : MainThread     : DEBUG   : start process
2017-05-31 04:33:58,710: umgr.reschedule.pubsub.bridge: umgr.reschedule.pubsub.bridge   : MainThread     : INFO    : child (me) initializing
2017-05-31 04:33:58,711: umgr.reschedule.pubsub.bridge: umgr.reschedule.pubsub.bridge   : MainThread     : DEBUG   : start thread
2017-05-31 04:33:58,711: umgr.reschedule.pubsub.bridge: umgr.reschedule.pubsub.bridge   : umgr.reschedule.pubsub.bridge.child.watch: INFO    : child (me) initializing
2017-05-31 04:33:58,712: umgr.reschedule.pubsub.bridge: umgr.reschedule.pubsub.bridge   : umgr.reschedule.pubsub.bridge.child.watch: DEBUG   : ru_initialize_common (NOOP)
2017-05-31 04:33:58,712: umgr.reschedule.pubsub.bridge: umgr.reschedule.pubsub.bridge   : umgr.reschedule.pubsub.bridge.child.watch: DEBUG   : ru_initialize_child (NOOP)
2017-05-31 04:33:58,712: umgr.reschedule.pubsub.bridge: umgr.reschedule.pubsub.bridge   : umgr.reschedule.pubsub.bridge.child.watch: INFO    : send alive
2017-05-31 04:33:58,713: umgr.reschedule.pubsub.bridge: umgr.reschedule.pubsub.bridge   : umgr.reschedule.pubsub.bridge.child.watch: INFO    : send message: alive
2017-05-31 04:33:58,713: umgr.reschedule.pubsub.bridge: umgr.reschedule.pubsub.bridge   : MainThread     : INFO    : recv message: alive
2017-05-31 04:33:58,713: umgr.reschedule.pubsub.bridge: umgr.reschedule.pubsub.bridge   : MainThread     : DEBUG   : ru_initialize_common (NOOP)
2017-05-31 04:33:58,713: umgr.reschedule.pubsub.bridge: umgr.reschedule.pubsub.bridge   : MainThread     : DEBUG   : ru_initialize_parent (NOOP)
2017-05-31 04:33:58,714: umgr.reschedule.pubsub.bridge: umgr.reschedule.pubsub.bridge   : MainThread     : DEBUG   : child thread umgr.reschedule.pubsub.bridge.child.watch started
2017-05-31 04:33:58,714: umgr.reschedule.pubsub.bridge: umgr.reschedule.pubsub.bridge   : MainThread     : INFO    : child (me) is alive
2017-05-31 04:33:58,714: umgr.reschedule.pubsub.bridge: umgr.reschedule.pubsub.bridge   : MainThread     : DEBUG   : ru_initialize_common (NOOP)
2017-05-31 04:33:58,718: umgr.reschedule.pubsub.bridge: umgr.reschedule.pubsub.bridge.child: MainThread     : INFO    : send alive
2017-05-31 04:33:58,718: umgr.reschedule.pubsub.bridge: umgr.reschedule.pubsub.bridge.child: MainThread     : INFO    : send message: alive
2017-05-31 04:33:58,719: umgr.reschedule.pubsub.bridge: MainProcess                     : MainThread     : INFO    : recv message: alive
2017-05-31 04:33:58,720: umgr.reschedule.pubsub.bridge: MainProcess                     : MainThread     : DEBUG   : start thread
2017-05-31 04:33:58,720: umgr.reschedule.pubsub.bridge: MainProcess                     : umgr.reschedule.pubsub.bridge.watch: INFO    : child (me) initializing
2017-05-31 04:33:58,721: umgr.reschedule.pubsub.bridge: MainProcess                     : umgr.reschedule.pubsub.bridge.watch: DEBUG   : ru_initialize_common (NOOP)
2017-05-31 04:33:58,721: umgr.reschedule.pubsub.bridge: MainProcess                     : umgr.reschedule.pubsub.bridge.watch: DEBUG   : ru_initialize_child (NOOP)
2017-05-31 04:33:58,721: umgr.reschedule.pubsub.bridge: MainProcess                     : umgr.reschedule.pubsub.bridge.watch: INFO    : send alive
2017-05-31 04:33:58,721: umgr.reschedule.pubsub.bridge: MainProcess                     : umgr.reschedule.pubsub.bridge.watch: INFO    : send message: alive
2017-05-31 04:33:58,722: umgr.reschedule.pubsub.bridge: MainProcess                     : MainThread     : INFO    : recv message: alive
2017-05-31 04:33:58,723: umgr.reschedule.pubsub.bridge: MainProcess                     : MainThread     : DEBUG   : ru_initialize_common (NOOP)
2017-05-31 04:33:58,723: umgr.reschedule.pubsub.bridge: MainProcess                     : MainThread     : DEBUG   : ru_initialize_parent (NOOP)
2017-05-31 04:33:58,723: umgr.reschedule.pubsub.bridge: MainProcess                     : MainThread     : DEBUG   : child thread umgr.reschedule.pubsub.bridge.watch started
2017-05-31 04:33:58,723: umgr.reschedule.pubsub.bridge: MainProcess                     : MainThread     : INFO    : child is alive
2017-05-31 04:33:58,723: umgr.reschedule.pubsub.bridge: MainProcess                     : MainThread     : DEBUG   : ru_initialize_common (NOOP)
2017-05-31 04:33:58,723: umgr.reschedule.pubsub.bridge: MainProcess                     : MainThread     : DEBUG   : ru_initialize_parent (NOOP)
2017-05-31 04:33:58,724: umgr.reschedule.pubsub.bridge: MainProcess                     : MainThread     : DEBUG   : child process started
2017-05-31 04:41:32,143: umgr.reschedule.pubsub.bridge: MainProcess                     : MainThread     : INFO    : parent stops child
2017-05-31 04:41:32,143: umgr.reschedule.pubsub.bridge: MainProcess                     : MainThread     : DEBUG   : ru_finalize_parent (NOOP)
2017-05-31 04:41:32,143: umgr.reschedule.pubsub.bridge: MainProcess                     : MainThread     : DEBUG   : ru_finalize_common (NOOP)
2017-05-31 04:41:32,143: umgr.reschedule.pubsub.bridge: MainProcess                     : MainThread     : INFO    : parent stops child
2017-05-31 04:41:32,144: umgr.reschedule.pubsub.bridge: MainProcess                     : MainThread     : DEBUG   : ru_finalize_parent (NOOP)
2017-05-31 04:41:32,144: umgr.reschedule.pubsub.bridge: MainProcess                     : MainThread     : DEBUG   : ru_finalize_common (NOOP)
2017-05-31 04:41:32,180: umgr.reschedule.pubsub.bridge: MainProcess                     : umgr.reschedule.pubsub.bridge.watch: INFO    : send message: work finished
2017-05-31 04:41:32,180: umgr.reschedule.pubsub.bridge: MainProcess                     : umgr.reschedule.pubsub.bridge.watch: DEBUG   : ru_finalize_child (NOOP)
2017-05-31 04:41:32,180: umgr.reschedule.pubsub.bridge: MainProcess                     : umgr.reschedule.pubsub.bridge.watch: DEBUG   : ru_finalize_common (NOOP)
2017-05-31 04:41:32,181: umgr.reschedule.pubsub.bridge: MainProcess                     : umgr.reschedule.pubsub.bridge.watch: INFO    : send message: terminating
2017-05-31 04:41:32,308: umgr.reschedule.pubsub.bridge: MainProcess                     : MainThread     : WARNING : failed to stop child - terminate
