2017-05-31 03:55:02,747: umgr.staging.input.0: MainProcess                     : MainThread     : INFO    : python.interpreter   version: 2.7.12 (default, Nov 19 2016, 06:48:10) [GCC 5.4.0 20160609]
2017-05-31 03:55:02,748: umgr.staging.input.0: MainProcess                     : MainThread     : INFO    :                      pid: 14704
2017-05-31 03:55:02,748: umgr.staging.input.0: MainProcess                     : MainThread     : INFO    :                      tid: MainThread
2017-05-31 03:55:02,748: umgr.staging.input.0: MainProcess                     : MainThread     : INFO    : radical.pilot        version: split-81-gf853cc9b@feature-bridges
2017-05-31 03:55:02,748: umgr.staging.input.0: MainProcess                     : MainThread     : DEBUG   : start process
2017-05-31 03:55:02,753: umgr.staging.input.0: umgr.staging.input.0            : MainThread     : INFO    : child (me) initializing
2017-05-31 03:55:02,754: umgr.staging.input.0: umgr.staging.input.0            : MainThread     : DEBUG   : start thread
2017-05-31 03:55:02,754: umgr.staging.input.0: umgr.staging.input.0            : umgr.staging.input.0.child.watch: INFO    : child (me) initializing
2017-05-31 03:55:02,754: umgr.staging.input.0: umgr.staging.input.0            : umgr.staging.input.0.child.watch: DEBUG   : ru_initialize_common (NOOP)
2017-05-31 03:55:02,754: umgr.staging.input.0: umgr.staging.input.0            : umgr.staging.input.0.child.watch: DEBUG   : ru_initialize_child (NOOP)
2017-05-31 03:55:02,754: umgr.staging.input.0: umgr.staging.input.0            : umgr.staging.input.0.child.watch: INFO    : send alive
2017-05-31 03:55:02,755: umgr.staging.input.0: umgr.staging.input.0            : umgr.staging.input.0.child.watch: INFO    : send message: alive
2017-05-31 03:55:02,755: umgr.staging.input.0: umgr.staging.input.0            : MainThread     : INFO    : recv message: alive
2017-05-31 03:55:02,755: umgr.staging.input.0: umgr.staging.input.0            : MainThread     : DEBUG   : ru_initialize_common (NOOP)
2017-05-31 03:55:02,755: umgr.staging.input.0: umgr.staging.input.0            : MainThread     : DEBUG   : ru_initialize_parent (NOOP)
2017-05-31 03:55:02,756: umgr.staging.input.0: umgr.staging.input.0            : MainThread     : DEBUG   : child thread umgr.staging.input.0.child.watch started
2017-05-31 03:55:02,756: umgr.staging.input.0: umgr.staging.input.0            : MainThread     : INFO    : child (me) is alive
2017-05-31 03:55:02,834: umgr.staging.input.0: umgr.staging.input.0            : MainThread     : INFO    : send alive
2017-05-31 03:55:02,834: umgr.staging.input.0: umgr.staging.input.0            : MainThread     : INFO    : send message: alive
2017-05-31 03:55:02,834: umgr.staging.input.0: MainProcess                     : MainThread     : INFO    : recv message: alive
2017-05-31 03:55:02,835: umgr.staging.input.0: MainProcess                     : MainThread     : DEBUG   : start thread
2017-05-31 03:55:02,835: umgr.staging.input.0: MainProcess                     : umgr.staging.input.0.watch: INFO    : child (me) initializing
2017-05-31 03:55:02,835: umgr.staging.input.0: MainProcess                     : umgr.staging.input.0.watch: DEBUG   : ru_initialize_common (NOOP)
2017-05-31 03:55:02,835: umgr.staging.input.0: MainProcess                     : umgr.staging.input.0.watch: DEBUG   : ru_initialize_child (NOOP)
2017-05-31 03:55:02,835: umgr.staging.input.0: MainProcess                     : umgr.staging.input.0.watch: INFO    : send alive
2017-05-31 03:55:02,835: umgr.staging.input.0: MainProcess                     : umgr.staging.input.0.watch: INFO    : send message: alive
2017-05-31 03:55:02,836: umgr.staging.input.0: MainProcess                     : MainThread     : INFO    : recv message: alive
2017-05-31 03:55:02,836: umgr.staging.input.0: MainProcess                     : MainThread     : DEBUG   : ru_initialize_common (NOOP)
2017-05-31 03:55:02,836: umgr.staging.input.0: MainProcess                     : MainThread     : DEBUG   : ru_initialize_parent (NOOP)
2017-05-31 03:55:02,836: umgr.staging.input.0: MainProcess                     : MainThread     : DEBUG   : child thread umgr.staging.input.0.watch started
2017-05-31 03:55:02,836: umgr.staging.input.0: MainProcess                     : MainThread     : INFO    : child is alive
2017-05-31 03:55:02,837: umgr.staging.input.0: MainProcess                     : MainThread     : INFO    : radical.pilot        version: split-81-gf853cc9b@feature-bridges
2017-05-31 03:55:02,874: umgr.staging.input.0: MainProcess                     : MainThread     : INFO    : initialize umgr.staging.input.0
2017-05-31 03:55:02,880: umgr.staging.input.0: MainProcess                     : MainThread     : INFO    : cfg: {'agents': {},
 u'bridges': {u'control_pubsub': {'addr_in': 'tcp://138.201.86.166:40511',
                                  'addr_out': 'tcp://138.201.86.166:34850',
                                  u'bulk_size': 0,
                                  u'log_level': u'debug',
                                  u'stall_hwm': 1},
              u'log_pubsub': {'addr_in': 'tcp://138.201.86.166:40437',
                              'addr_out': 'tcp://138.201.86.166:40538',
                              u'bulk_size': 0,
                              u'log_level': u'debug',
                              u'stall_hwm': 1},
              u'state_pubsub': {'addr_in': 'tcp://138.201.86.166:40539',
                                'addr_out': 'tcp://138.201.86.166:43996',
                                u'bulk_size': 0,
                                u'log_level': u'debug',
                                u'stall_hwm': 1},
              u'umgr_reschedule_pubsub': {'addr_in': 'tcp://138.201.86.166:45190',
                                          'addr_out': 'tcp://138.201.86.166:42917',
                                          u'bulk_size': 0,
                                          u'log_level': u'debug',
                                          u'stall_hwm': 1},
              u'umgr_scheduling_queue': {'addr_in': 'tcp://138.201.86.166:37697',
                                         'addr_out': 'tcp://138.201.86.166:39998',
                                         u'bulk_size': 0,
                                         u'log_level': u'debug',
                                         u'stall_hwm': 1},
              u'umgr_staging_input_queue': {'addr_in': 'tcp://138.201.86.166:44496',
                                            'addr_out': 'tcp://138.201.86.166:42389',
                                            u'bulk_size': 0,
                                            u'log_level': u'debug',
                                            u'stall_hwm': 1},
              u'umgr_staging_output_queue': {'addr_in': 'tcp://138.201.86.166:34350',
                                             'addr_out': 'tcp://138.201.86.166:46370',
                                             u'bulk_size': 0,
                                             u'log_level': u'debug',
                                             u'stall_hwm': 1},
              u'umgr_unschedule_pubsub': {'addr_in': 'tcp://138.201.86.166:43757',
                                          'addr_out': 'tcp://138.201.86.166:44793',
                                          u'bulk_size': 0,
                                          u'log_level': u'debug',
                                          u'stall_hwm': 1}},
 u'bulk_collection_size': 100,
 u'bulk_collection_time': 1.0,
 'cname': u'UMGRStagingInputComponent',
 u'components': {},
 u'count': 1,
 u'db_poll_sleeptime': 1.0,
 'number': 0,
 'owner': 'umgr.0000',
 u'scheduler': u'round_robin',
 'uid': 'umgr.0000'}
2017-05-31 03:55:02,881: umgr.staging.input.0: MainProcess                     : MainThread     : DEBUG   : START: umgr.staging.input.0 register publisher log_pubsub
2017-05-31 03:55:02,881: umgr.staging.input.0: MainProcess                     : MainThread     : DEBUG   : using addr tcp://138.201.86.166:40437 for pubsub log_pubsub
2017-05-31 03:55:02,883: umgr.staging.input.0: MainProcess                     : MainThread     : DEBUG   : registered publisher : log_pubsub : log.pubsub.pub
2017-05-31 03:55:02,883: umgr.staging.input.0: MainProcess                     : MainThread     : DEBUG   : START: umgr.staging.input.0 register publisher state_pubsub
2017-05-31 03:55:02,883: umgr.staging.input.0: MainProcess                     : MainThread     : DEBUG   : using addr tcp://138.201.86.166:40539 for pubsub state_pubsub
2017-05-31 03:55:02,885: umgr.staging.input.0: MainProcess                     : MainThread     : DEBUG   : registered publisher : state_pubsub : state.pubsub.pub
2017-05-31 03:55:02,885: umgr.staging.input.0: MainProcess                     : MainThread     : DEBUG   : START: umgr.staging.input.0 register publisher control_pubsub
2017-05-31 03:55:02,885: umgr.staging.input.0: MainProcess                     : MainThread     : DEBUG   : using addr tcp://138.201.86.166:40511 for pubsub control_pubsub
2017-05-31 03:55:02,886: umgr.staging.input.0: MainProcess                     : MainThread     : DEBUG   : registered publisher : control_pubsub : control.pubsub.pub
2017-05-31 03:55:02,886: umgr.staging.input.0: MainProcess                     : MainThread     : DEBUG   : child process started
2017-05-31 04:33:48,635: umgr.staging.input.0: MainProcess                     : MainThread     : DEBUG   : stop umgr.staging.input.0 (14704 : 14864 : MainThread) [radical.pilot.unit_manager.UnitManager.finalize_parent]
2017-05-31 04:33:48,635: umgr.staging.input.0: MainProcess                     : MainThread     : INFO    : parent stops child
2017-05-31 04:33:48,635: umgr.staging.input.0: MainProcess                     : MainThread     : DEBUG   : ru_finalize_common()
2017-05-31 04:33:48,635: umgr.staging.input.0: MainProcess                     : MainThread     : DEBUG   : TERM : umgr.staging.input.0 unregister publisher state_pubsub
2017-05-31 04:33:48,635: umgr.staging.input.0: MainProcess                     : MainThread     : DEBUG   : unregistered publisher state_pubsub
2017-05-31 04:33:48,635: umgr.staging.input.0: MainProcess                     : MainThread     : DEBUG   : TERM : umgr.staging.input.0 unregister publisher control_pubsub
2017-05-31 04:33:48,636: umgr.staging.input.0: MainProcess                     : MainThread     : DEBUG   : unregistered publisher control_pubsub
2017-05-31 04:33:48,636: umgr.staging.input.0: MainProcess                     : MainThread     : DEBUG   : umgr.staging.input.0 close prof
2017-05-31 04:33:48,636: umgr.staging.input.0: MainProcess                     : MainThread     : INFO    : parent stops child
2017-05-31 04:33:48,636: umgr.staging.input.0: MainProcess                     : MainThread     : DEBUG   : ru_finalize_parent (NOOP)
2017-05-31 04:33:48,636: umgr.staging.input.0: MainProcess                     : MainThread     : DEBUG   : ru_finalize_common (NOOP)
2017-05-31 04:33:48,658: umgr.staging.input.0: MainProcess                     : umgr.staging.input.0.watch: INFO    : send message: work finished
2017-05-31 04:33:48,658: umgr.staging.input.0: MainProcess                     : umgr.staging.input.0.watch: DEBUG   : ru_finalize_child (NOOP)
2017-05-31 04:33:48,658: umgr.staging.input.0: MainProcess                     : umgr.staging.input.0.watch: DEBUG   : ru_finalize_common (NOOP)
2017-05-31 04:33:48,658: umgr.staging.input.0: MainProcess                     : umgr.staging.input.0.watch: INFO    : send message: terminating
2017-05-31 04:33:48,768: umgr.staging.input.0: MainProcess                     : MainThread     : WARNING : failed to stop child - terminate
2017-05-31 04:33:58,822: umgr.staging.input.0: MainProcess                     : MainThread     : INFO    : radical.pilot        version: split-81-gf853cc9b@feature-bridges
2017-05-31 04:33:58,823: umgr.staging.input.0: MainProcess                     : MainThread     : DEBUG   : start process
2017-05-31 04:33:58,833: umgr.staging.input.0: umgr.staging.input.0            : MainThread     : INFO    : child (me) initializing
2017-05-31 04:33:58,834: umgr.staging.input.0: umgr.staging.input.0            : MainThread     : DEBUG   : start thread
2017-05-31 04:33:58,834: umgr.staging.input.0: umgr.staging.input.0            : umgr.staging.input.0.child.watch: INFO    : child (me) initializing
2017-05-31 04:33:58,835: umgr.staging.input.0: umgr.staging.input.0            : umgr.staging.input.0.child.watch: DEBUG   : ru_initialize_common (NOOP)
2017-05-31 04:33:58,835: umgr.staging.input.0: umgr.staging.input.0            : umgr.staging.input.0.child.watch: DEBUG   : ru_initialize_child (NOOP)
2017-05-31 04:33:58,835: umgr.staging.input.0: umgr.staging.input.0            : umgr.staging.input.0.child.watch: INFO    : send alive
2017-05-31 04:33:58,835: umgr.staging.input.0: umgr.staging.input.0            : umgr.staging.input.0.child.watch: INFO    : send message: alive
2017-05-31 04:33:58,836: umgr.staging.input.0: umgr.staging.input.0            : MainThread     : INFO    : recv message: alive
2017-05-31 04:33:58,836: umgr.staging.input.0: umgr.staging.input.0            : MainThread     : DEBUG   : ru_initialize_common (NOOP)
2017-05-31 04:33:58,836: umgr.staging.input.0: umgr.staging.input.0            : MainThread     : DEBUG   : ru_initialize_parent (NOOP)
2017-05-31 04:33:58,836: umgr.staging.input.0: umgr.staging.input.0            : MainThread     : DEBUG   : child thread umgr.staging.input.0.child.watch started
2017-05-31 04:33:58,836: umgr.staging.input.0: umgr.staging.input.0            : MainThread     : INFO    : child (me) is alive
2017-05-31 04:33:58,857: umgr.staging.input.0: umgr.staging.input.0            : MainThread     : INFO    : send alive
2017-05-31 04:33:58,857: umgr.staging.input.0: umgr.staging.input.0            : MainThread     : INFO    : send message: alive
2017-05-31 04:33:58,858: umgr.staging.input.0: MainProcess                     : MainThread     : INFO    : recv message: alive
2017-05-31 04:33:58,859: umgr.staging.input.0: MainProcess                     : MainThread     : DEBUG   : start thread
2017-05-31 04:33:58,859: umgr.staging.input.0: MainProcess                     : umgr.staging.input.0.watch: INFO    : child (me) initializing
2017-05-31 04:33:58,859: umgr.staging.input.0: MainProcess                     : umgr.staging.input.0.watch: DEBUG   : ru_initialize_common (NOOP)
2017-05-31 04:33:58,860: umgr.staging.input.0: MainProcess                     : umgr.staging.input.0.watch: DEBUG   : ru_initialize_child (NOOP)
2017-05-31 04:33:58,860: umgr.staging.input.0: MainProcess                     : umgr.staging.input.0.watch: INFO    : send alive
2017-05-31 04:33:58,860: umgr.staging.input.0: MainProcess                     : umgr.staging.input.0.watch: INFO    : send message: alive
2017-05-31 04:33:58,861: umgr.staging.input.0: MainProcess                     : MainThread     : INFO    : recv message: alive
2017-05-31 04:33:58,861: umgr.staging.input.0: MainProcess                     : MainThread     : DEBUG   : ru_initialize_common (NOOP)
2017-05-31 04:33:58,861: umgr.staging.input.0: MainProcess                     : MainThread     : DEBUG   : ru_initialize_parent (NOOP)
2017-05-31 04:33:58,861: umgr.staging.input.0: MainProcess                     : MainThread     : DEBUG   : child thread umgr.staging.input.0.watch started
2017-05-31 04:33:58,861: umgr.staging.input.0: MainProcess                     : MainThread     : INFO    : child is alive
2017-05-31 04:33:58,861: umgr.staging.input.0: MainProcess                     : MainThread     : INFO    : radical.pilot        version: split-81-gf853cc9b@feature-bridges
2017-05-31 04:33:58,883: umgr.staging.input.0: MainProcess                     : MainThread     : INFO    : initialize umgr.staging.input.0
2017-05-31 04:33:58,890: umgr.staging.input.0: MainProcess                     : MainThread     : INFO    : cfg: {'agents': {},
 u'bridges': {u'control_pubsub': {'addr_in': 'tcp://138.201.86.166:41739',
                                  'addr_out': 'tcp://138.201.86.166:41435',
                                  u'bulk_size': 0,
                                  u'log_level': u'debug',
                                  u'stall_hwm': 1},
              u'log_pubsub': {'addr_in': 'tcp://138.201.86.166:45110',
                              'addr_out': 'tcp://138.201.86.166:34132',
                              u'bulk_size': 0,
                              u'log_level': u'debug',
                              u'stall_hwm': 1},
              u'state_pubsub': {'addr_in': 'tcp://138.201.86.166:40697',
                                'addr_out': 'tcp://138.201.86.166:40297',
                                u'bulk_size': 0,
                                u'log_level': u'debug',
                                u'stall_hwm': 1},
              u'umgr_reschedule_pubsub': {'addr_in': 'tcp://138.201.86.166:41513',
                                          'addr_out': 'tcp://138.201.86.166:38076',
                                          u'bulk_size': 0,
                                          u'log_level': u'debug',
                                          u'stall_hwm': 1},
              u'umgr_scheduling_queue': {'addr_in': 'tcp://138.201.86.166:37551',
                                         'addr_out': 'tcp://138.201.86.166:38817',
                                         u'bulk_size': 0,
                                         u'log_level': u'debug',
                                         u'stall_hwm': 1},
              u'umgr_staging_input_queue': {'addr_in': 'tcp://138.201.86.166:43860',
                                            'addr_out': 'tcp://138.201.86.166:35088',
                                            u'bulk_size': 0,
                                            u'log_level': u'debug',
                                            u'stall_hwm': 1},
              u'umgr_staging_output_queue': {'addr_in': 'tcp://138.201.86.166:34283',
                                             'addr_out': 'tcp://138.201.86.166:34134',
                                             u'bulk_size': 0,
                                             u'log_level': u'debug',
                                             u'stall_hwm': 1},
              u'umgr_unschedule_pubsub': {'addr_in': 'tcp://138.201.86.166:36653',
                                          'addr_out': 'tcp://138.201.86.166:46147',
                                          u'bulk_size': 0,
                                          u'log_level': u'debug',
                                          u'stall_hwm': 1}},
 u'bulk_collection_size': 100,
 u'bulk_collection_time': 1.0,
 'cname': u'UMGRStagingInputComponent',
 u'components': {},
 u'count': 1,
 u'db_poll_sleeptime': 1.0,
 'number': 0,
 'owner': 'umgr.0000',
 u'scheduler': u'round_robin',
 'uid': 'umgr.0000'}
2017-05-31 04:33:58,890: umgr.staging.input.0: MainProcess                     : MainThread     : DEBUG   : START: umgr.staging.input.0 register publisher log_pubsub
2017-05-31 04:33:58,890: umgr.staging.input.0: MainProcess                     : MainThread     : DEBUG   : using addr tcp://138.201.86.166:45110 for pubsub log_pubsub
2017-05-31 04:33:58,892: umgr.staging.input.0: MainProcess                     : MainThread     : DEBUG   : registered publisher : log_pubsub : log.pubsub.pub
2017-05-31 04:33:58,892: umgr.staging.input.0: MainProcess                     : MainThread     : DEBUG   : START: umgr.staging.input.0 register publisher state_pubsub
2017-05-31 04:33:58,892: umgr.staging.input.0: MainProcess                     : MainThread     : DEBUG   : using addr tcp://138.201.86.166:40697 for pubsub state_pubsub
2017-05-31 04:33:58,893: umgr.staging.input.0: MainProcess                     : MainThread     : DEBUG   : registered publisher : state_pubsub : state.pubsub.pub
2017-05-31 04:33:58,894: umgr.staging.input.0: MainProcess                     : MainThread     : DEBUG   : START: umgr.staging.input.0 register publisher control_pubsub
2017-05-31 04:33:58,894: umgr.staging.input.0: MainProcess                     : MainThread     : DEBUG   : using addr tcp://138.201.86.166:41739 for pubsub control_pubsub
2017-05-31 04:33:58,895: umgr.staging.input.0: MainProcess                     : MainThread     : DEBUG   : registered publisher : control_pubsub : control.pubsub.pub
2017-05-31 04:33:58,896: umgr.staging.input.0: MainProcess                     : MainThread     : DEBUG   : child process started
2017-05-31 04:41:31,570: umgr.staging.input.0: MainProcess                     : MainThread     : DEBUG   : stop umgr.staging.input.0 (14704 : 25187 : MainThread) [radical.pilot.unit_manager.UnitManager.finalize_parent]
2017-05-31 04:41:31,570: umgr.staging.input.0: MainProcess                     : MainThread     : INFO    : parent stops child
2017-05-31 04:41:31,571: umgr.staging.input.0: MainProcess                     : MainThread     : DEBUG   : ru_finalize_common()
2017-05-31 04:41:31,571: umgr.staging.input.0: MainProcess                     : MainThread     : DEBUG   : TERM : umgr.staging.input.0 unregister publisher state_pubsub
2017-05-31 04:41:31,571: umgr.staging.input.0: MainProcess                     : MainThread     : DEBUG   : unregistered publisher state_pubsub
2017-05-31 04:41:31,571: umgr.staging.input.0: MainProcess                     : MainThread     : DEBUG   : TERM : umgr.staging.input.0 unregister publisher control_pubsub
2017-05-31 04:41:31,572: umgr.staging.input.0: MainProcess                     : MainThread     : DEBUG   : unregistered publisher control_pubsub
2017-05-31 04:41:31,572: umgr.staging.input.0: MainProcess                     : MainThread     : DEBUG   : umgr.staging.input.0 close prof
2017-05-31 04:41:31,572: umgr.staging.input.0: MainProcess                     : MainThread     : INFO    : parent stops child
2017-05-31 04:41:31,572: umgr.staging.input.0: MainProcess                     : MainThread     : DEBUG   : ru_finalize_parent (NOOP)
2017-05-31 04:41:31,572: umgr.staging.input.0: MainProcess                     : MainThread     : DEBUG   : ru_finalize_common (NOOP)
2017-05-31 04:41:31,578: umgr.staging.input.0: MainProcess                     : umgr.staging.input.0.watch: INFO    : send message: work finished
2017-05-31 04:41:31,578: umgr.staging.input.0: MainProcess                     : umgr.staging.input.0.watch: DEBUG   : ru_finalize_child (NOOP)
2017-05-31 04:41:31,578: umgr.staging.input.0: MainProcess                     : umgr.staging.input.0.watch: DEBUG   : ru_finalize_common (NOOP)
2017-05-31 04:41:31,578: umgr.staging.input.0: MainProcess                     : umgr.staging.input.0.watch: INFO    : send message: terminating
2017-05-31 04:41:31,680: umgr.staging.input.0: MainProcess                     : MainThread     : WARNING : failed to stop child - terminate
