2017-05-31 03:55:02,732: umgr.scheduling.queue.bridge: MainProcess                     : MainThread     : INFO    : python.interpreter   version: 2.7.12 (default, Nov 19 2016, 06:48:10) [GCC 5.4.0 20160609]
2017-05-31 03:55:02,732: umgr.scheduling.queue.bridge: MainProcess                     : MainThread     : INFO    :                      pid: 14704
2017-05-31 03:55:02,732: umgr.scheduling.queue.bridge: MainProcess                     : MainThread     : INFO    :                      tid: MainThread
2017-05-31 03:55:02,732: umgr.scheduling.queue.bridge: MainProcess                     : MainThread     : INFO    : radical.pilot        version: split-81-gf853cc9b@feature-bridges
2017-05-31 03:55:02,732: umgr.scheduling.queue.bridge: MainProcess                     : MainThread     : INFO    : create umgr_scheduling_queue - bridge - tcp://*:*
2017-05-31 03:55:02,732: umgr.scheduling.queue.bridge: MainProcess                     : MainThread     : DEBUG   : start process
2017-05-31 03:55:02,738: umgr.scheduling.queue.bridge: umgr.scheduling.queue.bridge    : MainThread     : INFO    : child (me) initializing
2017-05-31 03:55:02,738: umgr.scheduling.queue.bridge: umgr.scheduling.queue.bridge    : MainThread     : DEBUG   : start thread
2017-05-31 03:55:02,739: umgr.scheduling.queue.bridge: umgr.scheduling.queue.bridge    : umgr.scheduling.queue.bridge.child.watch: INFO    : child (me) initializing
2017-05-31 03:55:02,739: umgr.scheduling.queue.bridge: umgr.scheduling.queue.bridge    : umgr.scheduling.queue.bridge.child.watch: DEBUG   : ru_initialize_common (NOOP)
2017-05-31 03:55:02,739: umgr.scheduling.queue.bridge: umgr.scheduling.queue.bridge    : umgr.scheduling.queue.bridge.child.watch: DEBUG   : ru_initialize_child (NOOP)
2017-05-31 03:55:02,739: umgr.scheduling.queue.bridge: umgr.scheduling.queue.bridge    : umgr.scheduling.queue.bridge.child.watch: INFO    : send alive
2017-05-31 03:55:02,739: umgr.scheduling.queue.bridge: umgr.scheduling.queue.bridge    : umgr.scheduling.queue.bridge.child.watch: INFO    : send message: alive
2017-05-31 03:55:02,740: umgr.scheduling.queue.bridge: umgr.scheduling.queue.bridge    : MainThread     : INFO    : recv message: alive
2017-05-31 03:55:02,740: umgr.scheduling.queue.bridge: umgr.scheduling.queue.bridge    : MainThread     : DEBUG   : ru_initialize_common (NOOP)
2017-05-31 03:55:02,740: umgr.scheduling.queue.bridge: umgr.scheduling.queue.bridge    : MainThread     : DEBUG   : ru_initialize_parent (NOOP)
2017-05-31 03:55:02,740: umgr.scheduling.queue.bridge: umgr.scheduling.queue.bridge    : MainThread     : DEBUG   : child thread umgr.scheduling.queue.bridge.child.watch started
2017-05-31 03:55:02,740: umgr.scheduling.queue.bridge: umgr.scheduling.queue.bridge    : MainThread     : INFO    : child (me) is alive
2017-05-31 03:55:02,740: umgr.scheduling.queue.bridge: umgr.scheduling.queue.bridge    : MainThread     : DEBUG   : ru_initialize_common (NOOP)
2017-05-31 03:55:02,742: umgr.scheduling.queue.bridge: umgr.scheduling.queue.bridge.child: MainThread     : INFO    : send alive
2017-05-31 03:55:02,743: umgr.scheduling.queue.bridge: umgr.scheduling.queue.bridge.child: MainThread     : INFO    : send message: alive
2017-05-31 03:55:02,743: umgr.scheduling.queue.bridge: MainProcess                     : MainThread     : INFO    : recv message: alive
2017-05-31 03:55:02,743: umgr.scheduling.queue.bridge: MainProcess                     : MainThread     : DEBUG   : start thread
2017-05-31 03:55:02,743: umgr.scheduling.queue.bridge: MainProcess                     : umgr.scheduling.queue.bridge.watch: INFO    : child (me) initializing
2017-05-31 03:55:02,744: umgr.scheduling.queue.bridge: MainProcess                     : umgr.scheduling.queue.bridge.watch: DEBUG   : ru_initialize_common (NOOP)
2017-05-31 03:55:02,744: umgr.scheduling.queue.bridge: MainProcess                     : umgr.scheduling.queue.bridge.watch: DEBUG   : ru_initialize_child (NOOP)
2017-05-31 03:55:02,744: umgr.scheduling.queue.bridge: MainProcess                     : umgr.scheduling.queue.bridge.watch: INFO    : send alive
2017-05-31 03:55:02,744: umgr.scheduling.queue.bridge: MainProcess                     : umgr.scheduling.queue.bridge.watch: INFO    : send message: alive
2017-05-31 03:55:02,745: umgr.scheduling.queue.bridge: MainProcess                     : MainThread     : INFO    : recv message: alive
2017-05-31 03:55:02,745: umgr.scheduling.queue.bridge: MainProcess                     : MainThread     : DEBUG   : ru_initialize_common (NOOP)
2017-05-31 03:55:02,745: umgr.scheduling.queue.bridge: MainProcess                     : MainThread     : DEBUG   : ru_initialize_parent (NOOP)
2017-05-31 03:55:02,745: umgr.scheduling.queue.bridge: MainProcess                     : MainThread     : DEBUG   : child thread umgr.scheduling.queue.bridge.watch started
2017-05-31 03:55:02,745: umgr.scheduling.queue.bridge: MainProcess                     : MainThread     : INFO    : child is alive
2017-05-31 03:55:02,745: umgr.scheduling.queue.bridge: MainProcess                     : MainThread     : DEBUG   : ru_initialize_common (NOOP)
2017-05-31 03:55:02,745: umgr.scheduling.queue.bridge: MainProcess                     : MainThread     : DEBUG   : ru_initialize_parent (NOOP)
2017-05-31 03:55:02,745: umgr.scheduling.queue.bridge: MainProcess                     : MainThread     : DEBUG   : child process started
2017-05-31 04:33:50,000: umgr.scheduling.queue.bridge: MainProcess                     : MainThread     : INFO    : parent stops child
2017-05-31 04:33:50,000: umgr.scheduling.queue.bridge: MainProcess                     : MainThread     : DEBUG   : ru_finalize_parent (NOOP)
2017-05-31 04:33:50,000: umgr.scheduling.queue.bridge: MainProcess                     : MainThread     : DEBUG   : ru_finalize_common (NOOP)
2017-05-31 04:33:50,001: umgr.scheduling.queue.bridge: MainProcess                     : MainThread     : INFO    : parent stops child
2017-05-31 04:33:50,001: umgr.scheduling.queue.bridge: MainProcess                     : MainThread     : DEBUG   : ru_finalize_parent (NOOP)
2017-05-31 04:33:50,001: umgr.scheduling.queue.bridge: MainProcess                     : MainThread     : DEBUG   : ru_finalize_common (NOOP)
2017-05-31 04:33:50,060: umgr.scheduling.queue.bridge: umgr.scheduling.queue.bridge.child: umgr.scheduling.queue.bridge.child.watch: WARNING : endpoint disappeard
2017-05-31 04:33:50,061: umgr.scheduling.queue.bridge: MainProcess                     : umgr.scheduling.queue.bridge.watch: INFO    : send message: work finished
2017-05-31 04:33:50,061: umgr.scheduling.queue.bridge: umgr.scheduling.queue.bridge.child: umgr.scheduling.queue.bridge.child.watch: WARNING : watcher failed
2017-05-31 04:33:50,061: umgr.scheduling.queue.bridge: MainProcess                     : umgr.scheduling.queue.bridge.watch: DEBUG   : ru_finalize_child (NOOP)
2017-05-31 04:33:50,061: umgr.scheduling.queue.bridge: umgr.scheduling.queue.bridge.child: umgr.scheduling.queue.bridge.child.watch: INFO    : send message: work finished
2017-05-31 04:33:50,061: umgr.scheduling.queue.bridge: umgr.scheduling.queue.bridge.child: umgr.scheduling.queue.bridge.child.watch: DEBUG   : ru_finalize_child (NOOP)
2017-05-31 04:33:50,061: umgr.scheduling.queue.bridge: MainProcess                     : umgr.scheduling.queue.bridge.watch: DEBUG   : ru_finalize_common (NOOP)
2017-05-31 04:33:50,062: umgr.scheduling.queue.bridge: umgr.scheduling.queue.bridge.child: umgr.scheduling.queue.bridge.child.watch: DEBUG   : ru_finalize_common (NOOP)
2017-05-31 04:33:50,062: umgr.scheduling.queue.bridge: umgr.scheduling.queue.bridge.child: umgr.scheduling.queue.bridge.child.watch: INFO    : send message: terminating
2017-05-31 04:33:50,062: umgr.scheduling.queue.bridge: MainProcess                     : umgr.scheduling.queue.bridge.watch: INFO    : send message: terminating
2017-05-31 04:33:50,165: umgr.scheduling.queue.bridge: MainProcess                     : MainThread     : WARNING : failed to stop child - terminate
2017-05-31 04:33:58,799: umgr.scheduling.queue.bridge: MainProcess                     : MainThread     : INFO    : radical.pilot        version: split-81-gf853cc9b@feature-bridges
2017-05-31 04:33:58,799: umgr.scheduling.queue.bridge: MainProcess                     : MainThread     : INFO    : create umgr_scheduling_queue - bridge - tcp://*:*
2017-05-31 04:33:58,799: umgr.scheduling.queue.bridge: MainProcess                     : MainThread     : DEBUG   : start process
2017-05-31 04:33:58,810: umgr.scheduling.queue.bridge: umgr.scheduling.queue.bridge    : MainThread     : INFO    : child (me) initializing
2017-05-31 04:33:58,811: umgr.scheduling.queue.bridge: umgr.scheduling.queue.bridge    : MainThread     : DEBUG   : start thread
2017-05-31 04:33:58,811: umgr.scheduling.queue.bridge: umgr.scheduling.queue.bridge    : umgr.scheduling.queue.bridge.child.watch: INFO    : child (me) initializing
2017-05-31 04:33:58,811: umgr.scheduling.queue.bridge: umgr.scheduling.queue.bridge    : umgr.scheduling.queue.bridge.child.watch: DEBUG   : ru_initialize_common (NOOP)
2017-05-31 04:33:58,811: umgr.scheduling.queue.bridge: umgr.scheduling.queue.bridge    : umgr.scheduling.queue.bridge.child.watch: DEBUG   : ru_initialize_child (NOOP)
2017-05-31 04:33:58,812: umgr.scheduling.queue.bridge: umgr.scheduling.queue.bridge    : umgr.scheduling.queue.bridge.child.watch: INFO    : send alive
2017-05-31 04:33:58,812: umgr.scheduling.queue.bridge: umgr.scheduling.queue.bridge    : umgr.scheduling.queue.bridge.child.watch: INFO    : send message: alive
2017-05-31 04:33:58,813: umgr.scheduling.queue.bridge: umgr.scheduling.queue.bridge    : MainThread     : INFO    : recv message: alive
2017-05-31 04:33:58,813: umgr.scheduling.queue.bridge: umgr.scheduling.queue.bridge    : MainThread     : DEBUG   : ru_initialize_common (NOOP)
2017-05-31 04:33:58,813: umgr.scheduling.queue.bridge: umgr.scheduling.queue.bridge    : MainThread     : DEBUG   : ru_initialize_parent (NOOP)
2017-05-31 04:33:58,813: umgr.scheduling.queue.bridge: umgr.scheduling.queue.bridge    : MainThread     : DEBUG   : child thread umgr.scheduling.queue.bridge.child.watch started
2017-05-31 04:33:58,813: umgr.scheduling.queue.bridge: umgr.scheduling.queue.bridge    : MainThread     : INFO    : child (me) is alive
2017-05-31 04:33:58,813: umgr.scheduling.queue.bridge: umgr.scheduling.queue.bridge    : MainThread     : DEBUG   : ru_initialize_common (NOOP)
2017-05-31 04:33:58,816: umgr.scheduling.queue.bridge: umgr.scheduling.queue.bridge.child: MainThread     : INFO    : send alive
2017-05-31 04:33:58,816: umgr.scheduling.queue.bridge: umgr.scheduling.queue.bridge.child: MainThread     : INFO    : send message: alive
2017-05-31 04:33:58,817: umgr.scheduling.queue.bridge: MainProcess                     : MainThread     : INFO    : recv message: alive
2017-05-31 04:33:58,817: umgr.scheduling.queue.bridge: MainProcess                     : MainThread     : DEBUG   : start thread
2017-05-31 04:33:58,818: umgr.scheduling.queue.bridge: MainProcess                     : umgr.scheduling.queue.bridge.watch: INFO    : child (me) initializing
2017-05-31 04:33:58,818: umgr.scheduling.queue.bridge: MainProcess                     : umgr.scheduling.queue.bridge.watch: DEBUG   : ru_initialize_common (NOOP)
2017-05-31 04:33:58,818: umgr.scheduling.queue.bridge: MainProcess                     : umgr.scheduling.queue.bridge.watch: DEBUG   : ru_initialize_child (NOOP)
2017-05-31 04:33:58,818: umgr.scheduling.queue.bridge: MainProcess                     : umgr.scheduling.queue.bridge.watch: INFO    : send alive
2017-05-31 04:33:58,818: umgr.scheduling.queue.bridge: MainProcess                     : umgr.scheduling.queue.bridge.watch: INFO    : send message: alive
2017-05-31 04:33:58,819: umgr.scheduling.queue.bridge: MainProcess                     : MainThread     : INFO    : recv message: alive
2017-05-31 04:33:58,819: umgr.scheduling.queue.bridge: MainProcess                     : MainThread     : DEBUG   : ru_initialize_common (NOOP)
2017-05-31 04:33:58,819: umgr.scheduling.queue.bridge: MainProcess                     : MainThread     : DEBUG   : ru_initialize_parent (NOOP)
2017-05-31 04:33:58,819: umgr.scheduling.queue.bridge: MainProcess                     : MainThread     : DEBUG   : child thread umgr.scheduling.queue.bridge.watch started
2017-05-31 04:33:58,820: umgr.scheduling.queue.bridge: MainProcess                     : MainThread     : INFO    : child is alive
2017-05-31 04:33:58,820: umgr.scheduling.queue.bridge: MainProcess                     : MainThread     : DEBUG   : ru_initialize_common (NOOP)
2017-05-31 04:33:58,820: umgr.scheduling.queue.bridge: MainProcess                     : MainThread     : DEBUG   : ru_initialize_parent (NOOP)
2017-05-31 04:33:58,820: umgr.scheduling.queue.bridge: MainProcess                     : MainThread     : DEBUG   : child process started
2017-05-31 04:41:32,922: umgr.scheduling.queue.bridge: MainProcess                     : MainThread     : INFO    : parent stops child
2017-05-31 04:41:32,922: umgr.scheduling.queue.bridge: MainProcess                     : MainThread     : DEBUG   : ru_finalize_parent (NOOP)
2017-05-31 04:41:32,922: umgr.scheduling.queue.bridge: MainProcess                     : MainThread     : DEBUG   : ru_finalize_common (NOOP)
2017-05-31 04:41:32,922: umgr.scheduling.queue.bridge: MainProcess                     : MainThread     : INFO    : parent stops child
2017-05-31 04:41:32,922: umgr.scheduling.queue.bridge: MainProcess                     : MainThread     : DEBUG   : ru_finalize_parent (NOOP)
2017-05-31 04:41:32,922: umgr.scheduling.queue.bridge: MainProcess                     : MainThread     : DEBUG   : ru_finalize_common (NOOP)
2017-05-31 04:41:32,946: umgr.scheduling.queue.bridge: MainProcess                     : umgr.scheduling.queue.bridge.watch: INFO    : send message: work finished
2017-05-31 04:41:32,946: umgr.scheduling.queue.bridge: MainProcess                     : umgr.scheduling.queue.bridge.watch: DEBUG   : ru_finalize_child (NOOP)
2017-05-31 04:41:32,946: umgr.scheduling.queue.bridge: MainProcess                     : umgr.scheduling.queue.bridge.watch: DEBUG   : ru_finalize_common (NOOP)
2017-05-31 04:41:32,946: umgr.scheduling.queue.bridge: MainProcess                     : umgr.scheduling.queue.bridge.watch: INFO    : send message: terminating
2017-05-31 04:41:33,055: umgr.scheduling.queue.bridge: MainProcess                     : MainThread     : WARNING : failed to stop child - terminate
