2017-05-31 03:55:04,034: umgr.scheduling.0   : MainProcess                     : MainThread     : INFO    : python.interpreter   version: 2.7.12 (default, Nov 19 2016, 06:48:10) [GCC 5.4.0 20160609]
2017-05-31 03:55:04,034: umgr.scheduling.0   : MainProcess                     : MainThread     : INFO    :                      pid: 14704
2017-05-31 03:55:04,034: umgr.scheduling.0   : MainProcess                     : MainThread     : INFO    :                      tid: MainThread
2017-05-31 03:55:04,034: umgr.scheduling.0   : MainProcess                     : MainThread     : INFO    : radical.pilot        version: split-81-gf853cc9b@feature-bridges
2017-05-31 03:55:04,035: umgr.scheduling.0   : MainProcess                     : MainThread     : DEBUG   : start process
2017-05-31 03:55:04,044: umgr.scheduling.0   : umgr.scheduling.0               : MainThread     : INFO    : child (me) initializing
2017-05-31 03:55:04,045: umgr.scheduling.0   : umgr.scheduling.0               : MainThread     : DEBUG   : start thread
2017-05-31 03:55:04,045: umgr.scheduling.0   : umgr.scheduling.0               : umgr.scheduling.0.child.watch: INFO    : child (me) initializing
2017-05-31 03:55:04,045: umgr.scheduling.0   : umgr.scheduling.0               : umgr.scheduling.0.child.watch: DEBUG   : ru_initialize_common (NOOP)
2017-05-31 03:55:04,045: umgr.scheduling.0   : umgr.scheduling.0               : umgr.scheduling.0.child.watch: DEBUG   : ru_initialize_child (NOOP)
2017-05-31 03:55:04,045: umgr.scheduling.0   : umgr.scheduling.0               : umgr.scheduling.0.child.watch: INFO    : send alive
2017-05-31 03:55:04,045: umgr.scheduling.0   : umgr.scheduling.0               : umgr.scheduling.0.child.watch: INFO    : send message: alive
2017-05-31 03:55:04,046: umgr.scheduling.0   : umgr.scheduling.0               : MainThread     : INFO    : recv message: alive
2017-05-31 03:55:04,046: umgr.scheduling.0   : umgr.scheduling.0               : MainThread     : DEBUG   : ru_initialize_common (NOOP)
2017-05-31 03:55:04,046: umgr.scheduling.0   : umgr.scheduling.0               : MainThread     : DEBUG   : ru_initialize_parent (NOOP)
2017-05-31 03:55:04,046: umgr.scheduling.0   : umgr.scheduling.0               : MainThread     : DEBUG   : child thread umgr.scheduling.0.child.watch started
2017-05-31 03:55:04,046: umgr.scheduling.0   : umgr.scheduling.0               : MainThread     : INFO    : child (me) is alive
2017-05-31 03:55:04,194: umgr.scheduling.0   : umgr.scheduling.0               : MainThread     : INFO    : send alive
2017-05-31 03:55:04,194: umgr.scheduling.0   : umgr.scheduling.0               : MainThread     : INFO    : send message: alive
2017-05-31 03:55:04,194: umgr.scheduling.0   : MainProcess                     : MainThread     : INFO    : recv message: alive
2017-05-31 03:55:04,195: umgr.scheduling.0   : MainProcess                     : MainThread     : DEBUG   : start thread
2017-05-31 03:55:04,195: umgr.scheduling.0   : MainProcess                     : umgr.scheduling.0.watch: INFO    : child (me) initializing
2017-05-31 03:55:04,195: umgr.scheduling.0   : MainProcess                     : umgr.scheduling.0.watch: DEBUG   : ru_initialize_common (NOOP)
2017-05-31 03:55:04,195: umgr.scheduling.0   : MainProcess                     : umgr.scheduling.0.watch: DEBUG   : ru_initialize_child (NOOP)
2017-05-31 03:55:04,195: umgr.scheduling.0   : MainProcess                     : umgr.scheduling.0.watch: INFO    : send alive
2017-05-31 03:55:04,195: umgr.scheduling.0   : MainProcess                     : umgr.scheduling.0.watch: INFO    : send message: alive
2017-05-31 03:55:04,196: umgr.scheduling.0   : MainProcess                     : MainThread     : INFO    : recv message: alive
2017-05-31 03:55:04,196: umgr.scheduling.0   : MainProcess                     : MainThread     : DEBUG   : ru_initialize_common (NOOP)
2017-05-31 03:55:04,196: umgr.scheduling.0   : MainProcess                     : MainThread     : DEBUG   : ru_initialize_parent (NOOP)
2017-05-31 03:55:04,196: umgr.scheduling.0   : MainProcess                     : MainThread     : DEBUG   : child thread umgr.scheduling.0.watch started
2017-05-31 03:55:04,196: umgr.scheduling.0   : MainProcess                     : MainThread     : INFO    : child is alive
2017-05-31 03:55:04,196: umgr.scheduling.0   : MainProcess                     : MainThread     : INFO    : radical.pilot        version: split-81-gf853cc9b@feature-bridges
2017-05-31 03:55:05,199: umgr.scheduling.0   : MainProcess                     : MainThread     : INFO    : initialize umgr.scheduling.0
2017-05-31 03:55:05,205: umgr.scheduling.0   : MainProcess                     : MainThread     : INFO    : cfg: {'agents': {},
 u'bridges': {u'control_pubsub': {'addr_in': 'tcp://138.201.86.166:40511',
                                  'addr_out': 'tcp://138.201.86.166:34850',
                                  u'bulk_size': 0,
                                  u'log_level': u'debug',
                                  u'stall_hwm': 1},
              u'log_pubsub': {'addr_in': 'tcp://138.201.86.166:40437',
                              'addr_out': 'tcp://138.201.86.166:40538',
                              u'bulk_size': 0,
                              u'log_level': u'debug',
                              u'stall_hwm': 1},
              u'state_pubsub': {'addr_in': 'tcp://138.201.86.166:40539',
                                'addr_out': 'tcp://138.201.86.166:43996',
                                u'bulk_size': 0,
                                u'log_level': u'debug',
                                u'stall_hwm': 1},
              u'umgr_reschedule_pubsub': {'addr_in': 'tcp://138.201.86.166:45190',
                                          'addr_out': 'tcp://138.201.86.166:42917',
                                          u'bulk_size': 0,
                                          u'log_level': u'debug',
                                          u'stall_hwm': 1},
              u'umgr_scheduling_queue': {'addr_in': 'tcp://138.201.86.166:37697',
                                         'addr_out': 'tcp://138.201.86.166:39998',
                                         u'bulk_size': 0,
                                         u'log_level': u'debug',
                                         u'stall_hwm': 1},
              u'umgr_staging_input_queue': {'addr_in': 'tcp://138.201.86.166:44496',
                                            'addr_out': 'tcp://138.201.86.166:42389',
                                            u'bulk_size': 0,
                                            u'log_level': u'debug',
                                            u'stall_hwm': 1},
              u'umgr_staging_output_queue': {'addr_in': 'tcp://138.201.86.166:34350',
                                             'addr_out': 'tcp://138.201.86.166:46370',
                                             u'bulk_size': 0,
                                             u'log_level': u'debug',
                                             u'stall_hwm': 1},
              u'umgr_unschedule_pubsub': {'addr_in': 'tcp://138.201.86.166:43757',
                                          'addr_out': 'tcp://138.201.86.166:44793',
                                          u'bulk_size': 0,
                                          u'log_level': u'debug',
                                          u'stall_hwm': 1}},
 u'bulk_collection_size': 100,
 u'bulk_collection_time': 1.0,
 'cname': u'UMGRSchedulingComponent',
 u'components': {},
 u'count': 1,
 u'db_poll_sleeptime': 1.0,
 'number': 0,
 'owner': 'umgr.0000',
 u'scheduler': u'round_robin',
 'uid': 'umgr.0000'}
2017-05-31 03:55:05,205: umgr.scheduling.0   : MainProcess                     : MainThread     : DEBUG   : START: umgr.scheduling.0 register publisher log_pubsub
2017-05-31 03:55:05,205: umgr.scheduling.0   : MainProcess                     : MainThread     : DEBUG   : using addr tcp://138.201.86.166:40437 for pubsub log_pubsub
2017-05-31 03:55:05,206: umgr.scheduling.0   : MainProcess                     : MainThread     : DEBUG   : registered publisher : log_pubsub : log.pubsub.pub
2017-05-31 03:55:05,206: umgr.scheduling.0   : MainProcess                     : MainThread     : DEBUG   : START: umgr.scheduling.0 register publisher state_pubsub
2017-05-31 03:55:05,206: umgr.scheduling.0   : MainProcess                     : MainThread     : DEBUG   : using addr tcp://138.201.86.166:40539 for pubsub state_pubsub
2017-05-31 03:55:05,206: umgr.scheduling.0   : MainProcess                     : MainThread     : DEBUG   : registered publisher : state_pubsub : state.pubsub.pub
2017-05-31 03:55:05,206: umgr.scheduling.0   : MainProcess                     : MainThread     : DEBUG   : START: umgr.scheduling.0 register publisher control_pubsub
2017-05-31 03:55:05,206: umgr.scheduling.0   : MainProcess                     : MainThread     : DEBUG   : using addr tcp://138.201.86.166:40511 for pubsub control_pubsub
2017-05-31 03:55:05,207: umgr.scheduling.0   : MainProcess                     : MainThread     : DEBUG   : registered publisher : control_pubsub : control.pubsub.pub
2017-05-31 03:55:05,207: umgr.scheduling.0   : MainProcess                     : MainThread     : DEBUG   : child process started
2017-05-31 04:33:48,996: umgr.scheduling.0   : MainProcess                     : MainThread     : DEBUG   : stop umgr.scheduling.0 (14704 : 14910 : MainThread) [radical.pilot.unit_manager.UnitManager.finalize_parent]
2017-05-31 04:33:48,996: umgr.scheduling.0   : MainProcess                     : MainThread     : INFO    : parent stops child
2017-05-31 04:33:48,996: umgr.scheduling.0   : MainProcess                     : MainThread     : DEBUG   : ru_finalize_common()
2017-05-31 04:33:48,996: umgr.scheduling.0   : MainProcess                     : MainThread     : DEBUG   : TERM : umgr.scheduling.0 unregister publisher state_pubsub
2017-05-31 04:33:48,997: umgr.scheduling.0   : MainProcess                     : MainThread     : DEBUG   : unregistered publisher state_pubsub
2017-05-31 04:33:48,998: umgr.scheduling.0   : MainProcess                     : MainThread     : DEBUG   : TERM : umgr.scheduling.0 unregister publisher control_pubsub
2017-05-31 04:33:48,998: umgr.scheduling.0   : MainProcess                     : MainThread     : DEBUG   : unregistered publisher control_pubsub
2017-05-31 04:33:48,999: umgr.scheduling.0   : MainProcess                     : MainThread     : DEBUG   : umgr.scheduling.0 close prof
2017-05-31 04:33:48,999: umgr.scheduling.0   : MainProcess                     : MainThread     : INFO    : parent stops child
2017-05-31 04:33:48,999: umgr.scheduling.0   : MainProcess                     : MainThread     : DEBUG   : ru_finalize_parent (NOOP)
2017-05-31 04:33:48,999: umgr.scheduling.0   : MainProcess                     : MainThread     : DEBUG   : ru_finalize_common (NOOP)
2017-05-31 04:33:49,059: umgr.scheduling.0   : MainProcess                     : umgr.scheduling.0.watch: INFO    : send message: work finished
2017-05-31 04:33:49,059: umgr.scheduling.0   : MainProcess                     : umgr.scheduling.0.watch: DEBUG   : ru_finalize_child (NOOP)
2017-05-31 04:33:49,059: umgr.scheduling.0   : MainProcess                     : umgr.scheduling.0.watch: DEBUG   : ru_finalize_common (NOOP)
2017-05-31 04:33:49,060: umgr.scheduling.0   : MainProcess                     : umgr.scheduling.0.watch: INFO    : send message: terminating
2017-05-31 04:33:49,164: umgr.scheduling.0   : MainProcess                     : MainThread     : WARNING : failed to stop child - terminate
2017-05-31 04:33:58,995: umgr.scheduling.0   : MainProcess                     : MainThread     : INFO    : radical.pilot        version: split-81-gf853cc9b@feature-bridges
2017-05-31 04:33:58,996: umgr.scheduling.0   : MainProcess                     : MainThread     : DEBUG   : start process
2017-05-31 04:33:59,011: umgr.scheduling.0   : umgr.scheduling.0               : MainThread     : INFO    : child (me) initializing
2017-05-31 04:33:59,012: umgr.scheduling.0   : umgr.scheduling.0               : MainThread     : DEBUG   : start thread
2017-05-31 04:33:59,013: umgr.scheduling.0   : umgr.scheduling.0               : umgr.scheduling.0.child.watch: INFO    : child (me) initializing
2017-05-31 04:33:59,013: umgr.scheduling.0   : umgr.scheduling.0               : umgr.scheduling.0.child.watch: DEBUG   : ru_initialize_common (NOOP)
2017-05-31 04:33:59,013: umgr.scheduling.0   : umgr.scheduling.0               : umgr.scheduling.0.child.watch: DEBUG   : ru_initialize_child (NOOP)
2017-05-31 04:33:59,014: umgr.scheduling.0   : umgr.scheduling.0               : umgr.scheduling.0.child.watch: INFO    : send alive
2017-05-31 04:33:59,014: umgr.scheduling.0   : umgr.scheduling.0               : umgr.scheduling.0.child.watch: INFO    : send message: alive
2017-05-31 04:33:59,014: umgr.scheduling.0   : umgr.scheduling.0               : MainThread     : INFO    : recv message: alive
2017-05-31 04:33:59,015: umgr.scheduling.0   : umgr.scheduling.0               : MainThread     : DEBUG   : ru_initialize_common (NOOP)
2017-05-31 04:33:59,015: umgr.scheduling.0   : umgr.scheduling.0               : MainThread     : DEBUG   : ru_initialize_parent (NOOP)
2017-05-31 04:33:59,015: umgr.scheduling.0   : umgr.scheduling.0               : MainThread     : DEBUG   : child thread umgr.scheduling.0.child.watch started
2017-05-31 04:33:59,015: umgr.scheduling.0   : umgr.scheduling.0               : MainThread     : INFO    : child (me) is alive
2017-05-31 04:33:59,089: umgr.scheduling.0   : umgr.scheduling.0               : MainThread     : INFO    : send alive
2017-05-31 04:33:59,089: umgr.scheduling.0   : umgr.scheduling.0               : MainThread     : INFO    : send message: alive
2017-05-31 04:33:59,089: umgr.scheduling.0   : MainProcess                     : MainThread     : INFO    : recv message: alive
2017-05-31 04:33:59,090: umgr.scheduling.0   : MainProcess                     : MainThread     : DEBUG   : start thread
2017-05-31 04:33:59,090: umgr.scheduling.0   : MainProcess                     : umgr.scheduling.0.watch: INFO    : child (me) initializing
2017-05-31 04:33:59,091: umgr.scheduling.0   : MainProcess                     : umgr.scheduling.0.watch: DEBUG   : ru_initialize_common (NOOP)
2017-05-31 04:33:59,091: umgr.scheduling.0   : MainProcess                     : umgr.scheduling.0.watch: DEBUG   : ru_initialize_child (NOOP)
2017-05-31 04:33:59,091: umgr.scheduling.0   : MainProcess                     : umgr.scheduling.0.watch: INFO    : send alive
2017-05-31 04:33:59,091: umgr.scheduling.0   : MainProcess                     : umgr.scheduling.0.watch: INFO    : send message: alive
2017-05-31 04:33:59,092: umgr.scheduling.0   : MainProcess                     : MainThread     : INFO    : recv message: alive
2017-05-31 04:33:59,092: umgr.scheduling.0   : MainProcess                     : MainThread     : DEBUG   : ru_initialize_common (NOOP)
2017-05-31 04:33:59,092: umgr.scheduling.0   : MainProcess                     : MainThread     : DEBUG   : ru_initialize_parent (NOOP)
2017-05-31 04:33:59,092: umgr.scheduling.0   : MainProcess                     : MainThread     : DEBUG   : child thread umgr.scheduling.0.watch started
2017-05-31 04:33:59,092: umgr.scheduling.0   : MainProcess                     : MainThread     : INFO    : child is alive
2017-05-31 04:33:59,093: umgr.scheduling.0   : MainProcess                     : MainThread     : INFO    : radical.pilot        version: split-81-gf853cc9b@feature-bridges
2017-05-31 04:33:59,114: umgr.scheduling.0   : MainProcess                     : MainThread     : INFO    : initialize umgr.scheduling.0
2017-05-31 04:33:59,121: umgr.scheduling.0   : MainProcess                     : MainThread     : INFO    : cfg: {'agents': {},
 u'bridges': {u'control_pubsub': {'addr_in': 'tcp://138.201.86.166:41739',
                                  'addr_out': 'tcp://138.201.86.166:41435',
                                  u'bulk_size': 0,
                                  u'log_level': u'debug',
                                  u'stall_hwm': 1},
              u'log_pubsub': {'addr_in': 'tcp://138.201.86.166:45110',
                              'addr_out': 'tcp://138.201.86.166:34132',
                              u'bulk_size': 0,
                              u'log_level': u'debug',
                              u'stall_hwm': 1},
              u'state_pubsub': {'addr_in': 'tcp://138.201.86.166:40697',
                                'addr_out': 'tcp://138.201.86.166:40297',
                                u'bulk_size': 0,
                                u'log_level': u'debug',
                                u'stall_hwm': 1},
              u'umgr_reschedule_pubsub': {'addr_in': 'tcp://138.201.86.166:41513',
                                          'addr_out': 'tcp://138.201.86.166:38076',
                                          u'bulk_size': 0,
                                          u'log_level': u'debug',
                                          u'stall_hwm': 1},
              u'umgr_scheduling_queue': {'addr_in': 'tcp://138.201.86.166:37551',
                                         'addr_out': 'tcp://138.201.86.166:38817',
                                         u'bulk_size': 0,
                                         u'log_level': u'debug',
                                         u'stall_hwm': 1},
              u'umgr_staging_input_queue': {'addr_in': 'tcp://138.201.86.166:43860',
                                            'addr_out': 'tcp://138.201.86.166:35088',
                                            u'bulk_size': 0,
                                            u'log_level': u'debug',
                                            u'stall_hwm': 1},
              u'umgr_staging_output_queue': {'addr_in': 'tcp://138.201.86.166:34283',
                                             'addr_out': 'tcp://138.201.86.166:34134',
                                             u'bulk_size': 0,
                                             u'log_level': u'debug',
                                             u'stall_hwm': 1},
              u'umgr_unschedule_pubsub': {'addr_in': 'tcp://138.201.86.166:36653',
                                          'addr_out': 'tcp://138.201.86.166:46147',
                                          u'bulk_size': 0,
                                          u'log_level': u'debug',
                                          u'stall_hwm': 1}},
 u'bulk_collection_size': 100,
 u'bulk_collection_time': 1.0,
 'cname': u'UMGRSchedulingComponent',
 u'components': {},
 u'count': 1,
 u'db_poll_sleeptime': 1.0,
 'number': 0,
 'owner': 'umgr.0000',
 u'scheduler': u'round_robin',
 'uid': 'umgr.0000'}
2017-05-31 04:33:59,121: umgr.scheduling.0   : MainProcess                     : MainThread     : DEBUG   : START: umgr.scheduling.0 register publisher log_pubsub
2017-05-31 04:33:59,121: umgr.scheduling.0   : MainProcess                     : MainThread     : DEBUG   : using addr tcp://138.201.86.166:45110 for pubsub log_pubsub
2017-05-31 04:33:59,123: umgr.scheduling.0   : MainProcess                     : MainThread     : DEBUG   : registered publisher : log_pubsub : log.pubsub.pub
2017-05-31 04:33:59,123: umgr.scheduling.0   : MainProcess                     : MainThread     : DEBUG   : START: umgr.scheduling.0 register publisher state_pubsub
2017-05-31 04:33:59,123: umgr.scheduling.0   : MainProcess                     : MainThread     : DEBUG   : using addr tcp://138.201.86.166:40697 for pubsub state_pubsub
2017-05-31 04:33:59,125: umgr.scheduling.0   : MainProcess                     : MainThread     : DEBUG   : registered publisher : state_pubsub : state.pubsub.pub
2017-05-31 04:33:59,125: umgr.scheduling.0   : MainProcess                     : MainThread     : DEBUG   : START: umgr.scheduling.0 register publisher control_pubsub
2017-05-31 04:33:59,125: umgr.scheduling.0   : MainProcess                     : MainThread     : DEBUG   : using addr tcp://138.201.86.166:41739 for pubsub control_pubsub
2017-05-31 04:33:59,139: umgr.scheduling.0   : MainProcess                     : MainThread     : DEBUG   : registered publisher : control_pubsub : control.pubsub.pub
2017-05-31 04:33:59,139: umgr.scheduling.0   : MainProcess                     : MainThread     : DEBUG   : child process started
2017-05-31 04:41:31,917: umgr.scheduling.0   : MainProcess                     : MainThread     : DEBUG   : stop umgr.scheduling.0 (14704 : 25227 : MainThread) [radical.pilot.unit_manager.UnitManager.finalize_parent]
2017-05-31 04:41:31,917: umgr.scheduling.0   : MainProcess                     : MainThread     : INFO    : parent stops child
2017-05-31 04:41:31,917: umgr.scheduling.0   : MainProcess                     : MainThread     : DEBUG   : ru_finalize_common()
2017-05-31 04:41:31,917: umgr.scheduling.0   : MainProcess                     : MainThread     : DEBUG   : TERM : umgr.scheduling.0 unregister publisher state_pubsub
2017-05-31 04:41:31,918: umgr.scheduling.0   : MainProcess                     : MainThread     : DEBUG   : unregistered publisher state_pubsub
2017-05-31 04:41:31,918: umgr.scheduling.0   : MainProcess                     : MainThread     : DEBUG   : TERM : umgr.scheduling.0 unregister publisher control_pubsub
2017-05-31 04:41:31,919: umgr.scheduling.0   : MainProcess                     : MainThread     : DEBUG   : unregistered publisher control_pubsub
2017-05-31 04:41:31,920: umgr.scheduling.0   : MainProcess                     : MainThread     : DEBUG   : umgr.scheduling.0 close prof
2017-05-31 04:41:31,920: umgr.scheduling.0   : MainProcess                     : MainThread     : INFO    : parent stops child
2017-05-31 04:41:31,920: umgr.scheduling.0   : MainProcess                     : MainThread     : DEBUG   : ru_finalize_parent (NOOP)
2017-05-31 04:41:31,920: umgr.scheduling.0   : MainProcess                     : MainThread     : DEBUG   : ru_finalize_common (NOOP)
2017-05-31 04:41:32,012: umgr.scheduling.0   : MainProcess                     : umgr.scheduling.0.watch: INFO    : send message: work finished
2017-05-31 04:41:32,013: umgr.scheduling.0   : MainProcess                     : umgr.scheduling.0.watch: DEBUG   : ru_finalize_child (NOOP)
2017-05-31 04:41:32,013: umgr.scheduling.0   : MainProcess                     : umgr.scheduling.0.watch: DEBUG   : ru_finalize_common (NOOP)
2017-05-31 04:41:32,013: umgr.scheduling.0   : MainProcess                     : umgr.scheduling.0.watch: INFO    : send message: terminating
2017-05-31 04:41:32,026: umgr.scheduling.0   : umgr.scheduling.0               : umgr.scheduling.0.child.watch: WARNING : endpoint disappeard
2017-05-31 04:41:32,027: umgr.scheduling.0   : umgr.scheduling.0               : umgr.scheduling.0.child.watch: WARNING : watcher failed
2017-05-31 04:41:32,027: umgr.scheduling.0   : umgr.scheduling.0               : umgr.scheduling.0.child.watch: INFO    : send message: work finished
2017-05-31 04:41:32,027: umgr.scheduling.0   : umgr.scheduling.0               : umgr.scheduling.0.child.watch: DEBUG   : ru_finalize_child (NOOP)
2017-05-31 04:41:32,027: umgr.scheduling.0   : umgr.scheduling.0               : umgr.scheduling.0.child.watch: DEBUG   : ru_finalize_common (NOOP)
2017-05-31 04:41:32,027: umgr.scheduling.0   : umgr.scheduling.0               : umgr.scheduling.0.child.watch: INFO    : send message: terminating
2017-05-31 04:41:32,074: umgr.scheduling.0   : umgr.scheduling.0               : MainThread     : WARNING : alive check failed - stop [False - True]
2017-05-31 04:41:32,078: umgr.scheduling.0   : umgr.scheduling.0               : MainThread     : INFO    : parent stops child
2017-05-31 04:41:32,081: umgr.scheduling.0   : umgr.scheduling.0               : MainThread     : INFO    : parent stops child
2017-05-31 04:41:32,081: umgr.scheduling.0   : umgr.scheduling.0               : MainThread     : DEBUG   : ru_finalize_parent (NOOP)
2017-05-31 04:41:32,082: umgr.scheduling.0   : umgr.scheduling.0               : MainThread     : DEBUG   : ru_finalize_common (NOOP)
2017-05-31 04:41:32,135: umgr.scheduling.0   : MainProcess                     : MainThread     : WARNING : failed to stop child - terminate
