2017-05-31 03:55:02,690: umgr.staging.input.queue.bridge: MainProcess                     : MainThread     : INFO    : python.interpreter   version: 2.7.12 (default, Nov 19 2016, 06:48:10) [GCC 5.4.0 20160609]
2017-05-31 03:55:02,690: umgr.staging.input.queue.bridge: MainProcess                     : MainThread     : INFO    :                      pid: 14704
2017-05-31 03:55:02,690: umgr.staging.input.queue.bridge: MainProcess                     : MainThread     : INFO    :                      tid: MainThread
2017-05-31 03:55:02,690: umgr.staging.input.queue.bridge: MainProcess                     : MainThread     : INFO    : radical.pilot        version: split-81-gf853cc9b@feature-bridges
2017-05-31 03:55:02,690: umgr.staging.input.queue.bridge: MainProcess                     : MainThread     : INFO    : create umgr_staging_input_queue - bridge - tcp://*:*
2017-05-31 03:55:02,690: umgr.staging.input.queue.bridge: MainProcess                     : MainThread     : DEBUG   : start process
2017-05-31 03:55:02,696: umgr.staging.input.queue.bridge: umgr.staging.input.queue.bridge : MainThread     : INFO    : child (me) initializing
2017-05-31 03:55:02,696: umgr.staging.input.queue.bridge: umgr.staging.input.queue.bridge : MainThread     : DEBUG   : start thread
2017-05-31 03:55:02,696: umgr.staging.input.queue.bridge: umgr.staging.input.queue.bridge : umgr.staging.input.queue.bridge.child.watch: INFO    : child (me) initializing
2017-05-31 03:55:02,697: umgr.staging.input.queue.bridge: umgr.staging.input.queue.bridge : umgr.staging.input.queue.bridge.child.watch: DEBUG   : ru_initialize_common (NOOP)
2017-05-31 03:55:02,697: umgr.staging.input.queue.bridge: umgr.staging.input.queue.bridge : umgr.staging.input.queue.bridge.child.watch: DEBUG   : ru_initialize_child (NOOP)
2017-05-31 03:55:02,697: umgr.staging.input.queue.bridge: umgr.staging.input.queue.bridge : umgr.staging.input.queue.bridge.child.watch: INFO    : send alive
2017-05-31 03:55:02,697: umgr.staging.input.queue.bridge: umgr.staging.input.queue.bridge : umgr.staging.input.queue.bridge.child.watch: INFO    : send message: alive
2017-05-31 03:55:02,698: umgr.staging.input.queue.bridge: umgr.staging.input.queue.bridge : MainThread     : INFO    : recv message: alive
2017-05-31 03:55:02,698: umgr.staging.input.queue.bridge: umgr.staging.input.queue.bridge : MainThread     : DEBUG   : ru_initialize_common (NOOP)
2017-05-31 03:55:02,698: umgr.staging.input.queue.bridge: umgr.staging.input.queue.bridge : MainThread     : DEBUG   : ru_initialize_parent (NOOP)
2017-05-31 03:55:02,698: umgr.staging.input.queue.bridge: umgr.staging.input.queue.bridge : MainThread     : DEBUG   : child thread umgr.staging.input.queue.bridge.child.watch started
2017-05-31 03:55:02,698: umgr.staging.input.queue.bridge: umgr.staging.input.queue.bridge : MainThread     : INFO    : child (me) is alive
2017-05-31 03:55:02,698: umgr.staging.input.queue.bridge: umgr.staging.input.queue.bridge : MainThread     : DEBUG   : ru_initialize_common (NOOP)
2017-05-31 03:55:02,700: umgr.staging.input.queue.bridge: umgr.staging.input.queue.bridge.child: MainThread     : INFO    : send alive
2017-05-31 03:55:02,700: umgr.staging.input.queue.bridge: umgr.staging.input.queue.bridge.child: MainThread     : INFO    : send message: alive
2017-05-31 03:55:02,700: umgr.staging.input.queue.bridge: MainProcess                     : MainThread     : INFO    : recv message: alive
2017-05-31 03:55:02,701: umgr.staging.input.queue.bridge: MainProcess                     : MainThread     : DEBUG   : start thread
2017-05-31 03:55:02,701: umgr.staging.input.queue.bridge: MainProcess                     : umgr.staging.input.queue.bridge.watch: INFO    : child (me) initializing
2017-05-31 03:55:02,701: umgr.staging.input.queue.bridge: MainProcess                     : umgr.staging.input.queue.bridge.watch: DEBUG   : ru_initialize_common (NOOP)
2017-05-31 03:55:02,701: umgr.staging.input.queue.bridge: MainProcess                     : umgr.staging.input.queue.bridge.watch: DEBUG   : ru_initialize_child (NOOP)
2017-05-31 03:55:02,701: umgr.staging.input.queue.bridge: MainProcess                     : umgr.staging.input.queue.bridge.watch: INFO    : send alive
2017-05-31 03:55:02,701: umgr.staging.input.queue.bridge: MainProcess                     : umgr.staging.input.queue.bridge.watch: INFO    : send message: alive
2017-05-31 03:55:02,702: umgr.staging.input.queue.bridge: MainProcess                     : MainThread     : INFO    : recv message: alive
2017-05-31 03:55:02,702: umgr.staging.input.queue.bridge: MainProcess                     : MainThread     : DEBUG   : ru_initialize_common (NOOP)
2017-05-31 03:55:02,702: umgr.staging.input.queue.bridge: MainProcess                     : MainThread     : DEBUG   : ru_initialize_parent (NOOP)
2017-05-31 03:55:02,703: umgr.staging.input.queue.bridge: MainProcess                     : MainThread     : DEBUG   : child thread umgr.staging.input.queue.bridge.watch started
2017-05-31 03:55:02,703: umgr.staging.input.queue.bridge: MainProcess                     : MainThread     : INFO    : child is alive
2017-05-31 03:55:02,703: umgr.staging.input.queue.bridge: MainProcess                     : MainThread     : DEBUG   : ru_initialize_common (NOOP)
2017-05-31 03:55:02,703: umgr.staging.input.queue.bridge: MainProcess                     : MainThread     : DEBUG   : ru_initialize_parent (NOOP)
2017-05-31 03:55:02,703: umgr.staging.input.queue.bridge: MainProcess                     : MainThread     : DEBUG   : child process started
2017-05-31 04:33:49,391: umgr.staging.input.queue.bridge: MainProcess                     : MainThread     : INFO    : parent stops child
2017-05-31 04:33:49,392: umgr.staging.input.queue.bridge: MainProcess                     : MainThread     : DEBUG   : ru_finalize_parent (NOOP)
2017-05-31 04:33:49,392: umgr.staging.input.queue.bridge: MainProcess                     : MainThread     : DEBUG   : ru_finalize_common (NOOP)
2017-05-31 04:33:49,392: umgr.staging.input.queue.bridge: MainProcess                     : MainThread     : INFO    : parent stops child
2017-05-31 04:33:49,392: umgr.staging.input.queue.bridge: MainProcess                     : MainThread     : DEBUG   : ru_finalize_parent (NOOP)
2017-05-31 04:33:49,392: umgr.staging.input.queue.bridge: MainProcess                     : MainThread     : DEBUG   : ru_finalize_common (NOOP)
2017-05-31 04:33:49,461: umgr.staging.input.queue.bridge: MainProcess                     : umgr.staging.input.queue.bridge.watch: INFO    : send message: work finished
2017-05-31 04:33:49,461: umgr.staging.input.queue.bridge: MainProcess                     : umgr.staging.input.queue.bridge.watch: DEBUG   : ru_finalize_child (NOOP)
2017-05-31 04:33:49,461: umgr.staging.input.queue.bridge: MainProcess                     : umgr.staging.input.queue.bridge.watch: DEBUG   : ru_finalize_common (NOOP)
2017-05-31 04:33:49,461: umgr.staging.input.queue.bridge: MainProcess                     : umgr.staging.input.queue.bridge.watch: INFO    : send message: terminating
2017-05-31 04:33:49,607: umgr.staging.input.queue.bridge: MainProcess                     : MainThread     : WARNING : failed to stop child - terminate
2017-05-31 04:33:58,725: umgr.staging.input.queue.bridge: MainProcess                     : MainThread     : INFO    : radical.pilot        version: split-81-gf853cc9b@feature-bridges
2017-05-31 04:33:58,725: umgr.staging.input.queue.bridge: MainProcess                     : MainThread     : INFO    : create umgr_staging_input_queue - bridge - tcp://*:*
2017-05-31 04:33:58,726: umgr.staging.input.queue.bridge: MainProcess                     : MainThread     : DEBUG   : start process
2017-05-31 04:33:58,740: umgr.staging.input.queue.bridge: umgr.staging.input.queue.bridge : MainThread     : INFO    : child (me) initializing
2017-05-31 04:33:58,741: umgr.staging.input.queue.bridge: umgr.staging.input.queue.bridge : MainThread     : DEBUG   : start thread
2017-05-31 04:33:58,742: umgr.staging.input.queue.bridge: umgr.staging.input.queue.bridge : umgr.staging.input.queue.bridge.child.watch: INFO    : child (me) initializing
2017-05-31 04:33:58,742: umgr.staging.input.queue.bridge: umgr.staging.input.queue.bridge : umgr.staging.input.queue.bridge.child.watch: DEBUG   : ru_initialize_common (NOOP)
2017-05-31 04:33:58,742: umgr.staging.input.queue.bridge: umgr.staging.input.queue.bridge : umgr.staging.input.queue.bridge.child.watch: DEBUG   : ru_initialize_child (NOOP)
2017-05-31 04:33:58,742: umgr.staging.input.queue.bridge: umgr.staging.input.queue.bridge : umgr.staging.input.queue.bridge.child.watch: INFO    : send alive
2017-05-31 04:33:58,743: umgr.staging.input.queue.bridge: umgr.staging.input.queue.bridge : umgr.staging.input.queue.bridge.child.watch: INFO    : send message: alive
2017-05-31 04:33:58,743: umgr.staging.input.queue.bridge: umgr.staging.input.queue.bridge : MainThread     : INFO    : recv message: alive
2017-05-31 04:33:58,744: umgr.staging.input.queue.bridge: umgr.staging.input.queue.bridge : MainThread     : DEBUG   : ru_initialize_common (NOOP)
2017-05-31 04:33:58,744: umgr.staging.input.queue.bridge: umgr.staging.input.queue.bridge : MainThread     : DEBUG   : ru_initialize_parent (NOOP)
2017-05-31 04:33:58,744: umgr.staging.input.queue.bridge: umgr.staging.input.queue.bridge : MainThread     : DEBUG   : child thread umgr.staging.input.queue.bridge.child.watch started
2017-05-31 04:33:58,744: umgr.staging.input.queue.bridge: umgr.staging.input.queue.bridge : MainThread     : INFO    : child (me) is alive
2017-05-31 04:33:58,744: umgr.staging.input.queue.bridge: umgr.staging.input.queue.bridge : MainThread     : DEBUG   : ru_initialize_common (NOOP)
2017-05-31 04:33:58,749: umgr.staging.input.queue.bridge: umgr.staging.input.queue.bridge.child: MainThread     : INFO    : send alive
2017-05-31 04:33:58,749: umgr.staging.input.queue.bridge: umgr.staging.input.queue.bridge.child: MainThread     : INFO    : send message: alive
2017-05-31 04:33:58,749: umgr.staging.input.queue.bridge: MainProcess                     : MainThread     : INFO    : recv message: alive
2017-05-31 04:33:58,750: umgr.staging.input.queue.bridge: MainProcess                     : MainThread     : DEBUG   : start thread
2017-05-31 04:33:58,750: umgr.staging.input.queue.bridge: MainProcess                     : umgr.staging.input.queue.bridge.watch: INFO    : child (me) initializing
2017-05-31 04:33:58,751: umgr.staging.input.queue.bridge: MainProcess                     : umgr.staging.input.queue.bridge.watch: DEBUG   : ru_initialize_common (NOOP)
2017-05-31 04:33:58,751: umgr.staging.input.queue.bridge: MainProcess                     : umgr.staging.input.queue.bridge.watch: DEBUG   : ru_initialize_child (NOOP)
2017-05-31 04:33:58,751: umgr.staging.input.queue.bridge: MainProcess                     : umgr.staging.input.queue.bridge.watch: INFO    : send alive
2017-05-31 04:33:58,751: umgr.staging.input.queue.bridge: MainProcess                     : umgr.staging.input.queue.bridge.watch: INFO    : send message: alive
2017-05-31 04:33:58,752: umgr.staging.input.queue.bridge: MainProcess                     : MainThread     : INFO    : recv message: alive
2017-05-31 04:33:58,752: umgr.staging.input.queue.bridge: MainProcess                     : MainThread     : DEBUG   : ru_initialize_common (NOOP)
2017-05-31 04:33:58,752: umgr.staging.input.queue.bridge: MainProcess                     : MainThread     : DEBUG   : ru_initialize_parent (NOOP)
2017-05-31 04:33:58,752: umgr.staging.input.queue.bridge: MainProcess                     : MainThread     : DEBUG   : child thread umgr.staging.input.queue.bridge.watch started
2017-05-31 04:33:58,752: umgr.staging.input.queue.bridge: MainProcess                     : MainThread     : INFO    : child is alive
2017-05-31 04:33:58,752: umgr.staging.input.queue.bridge: MainProcess                     : MainThread     : DEBUG   : ru_initialize_common (NOOP)
2017-05-31 04:33:58,752: umgr.staging.input.queue.bridge: MainProcess                     : MainThread     : DEBUG   : ru_initialize_parent (NOOP)
2017-05-31 04:33:58,752: umgr.staging.input.queue.bridge: MainProcess                     : MainThread     : DEBUG   : child process started
2017-05-31 04:41:32,312: umgr.staging.input.queue.bridge: MainProcess                     : MainThread     : INFO    : parent stops child
2017-05-31 04:41:32,312: umgr.staging.input.queue.bridge: MainProcess                     : MainThread     : DEBUG   : ru_finalize_parent (NOOP)
2017-05-31 04:41:32,313: umgr.staging.input.queue.bridge: MainProcess                     : MainThread     : DEBUG   : ru_finalize_common (NOOP)
2017-05-31 04:41:32,313: umgr.staging.input.queue.bridge: MainProcess                     : MainThread     : INFO    : parent stops child
2017-05-31 04:41:32,314: umgr.staging.input.queue.bridge: MainProcess                     : MainThread     : DEBUG   : ru_finalize_parent (NOOP)
2017-05-31 04:41:32,314: umgr.staging.input.queue.bridge: MainProcess                     : MainThread     : DEBUG   : ru_finalize_common (NOOP)
2017-05-31 04:41:32,380: umgr.staging.input.queue.bridge: MainProcess                     : umgr.staging.input.queue.bridge.watch: INFO    : send message: work finished
2017-05-31 04:41:32,381: umgr.staging.input.queue.bridge: MainProcess                     : umgr.staging.input.queue.bridge.watch: DEBUG   : ru_finalize_child (NOOP)
2017-05-31 04:41:32,382: umgr.staging.input.queue.bridge: MainProcess                     : umgr.staging.input.queue.bridge.watch: DEBUG   : ru_finalize_common (NOOP)
2017-05-31 04:41:32,383: umgr.staging.input.queue.bridge: MainProcess                     : umgr.staging.input.queue.bridge.watch: INFO    : send message: terminating
2017-05-31 04:41:32,530: umgr.staging.input.queue.bridge: MainProcess                     : MainThread     : WARNING : failed to stop child - terminate
