2017-05-31 03:55:02,704: umgr.staging.output.queue.bridge: MainProcess                     : MainThread     : INFO    : python.interpreter   version: 2.7.12 (default, Nov 19 2016, 06:48:10) [GCC 5.4.0 20160609]
2017-05-31 03:55:02,704: umgr.staging.output.queue.bridge: MainProcess                     : MainThread     : INFO    :                      pid: 14704
2017-05-31 03:55:02,704: umgr.staging.output.queue.bridge: MainProcess                     : MainThread     : INFO    :                      tid: MainThread
2017-05-31 03:55:02,704: umgr.staging.output.queue.bridge: MainProcess                     : MainThread     : INFO    : radical.pilot        version: split-81-gf853cc9b@feature-bridges
2017-05-31 03:55:02,704: umgr.staging.output.queue.bridge: MainProcess                     : MainThread     : INFO    : create umgr_staging_output_queue - bridge - tcp://*:*
2017-05-31 03:55:02,705: umgr.staging.output.queue.bridge: MainProcess                     : MainThread     : DEBUG   : start process
2017-05-31 03:55:02,710: umgr.staging.output.queue.bridge: umgr.staging.output.queue.bridge: MainThread     : INFO    : child (me) initializing
2017-05-31 03:55:02,710: umgr.staging.output.queue.bridge: umgr.staging.output.queue.bridge: MainThread     : DEBUG   : start thread
2017-05-31 03:55:02,710: umgr.staging.output.queue.bridge: umgr.staging.output.queue.bridge: umgr.staging.output.queue.bridge.child.watch: INFO    : child (me) initializing
2017-05-31 03:55:02,711: umgr.staging.output.queue.bridge: umgr.staging.output.queue.bridge: umgr.staging.output.queue.bridge.child.watch: DEBUG   : ru_initialize_common (NOOP)
2017-05-31 03:55:02,711: umgr.staging.output.queue.bridge: umgr.staging.output.queue.bridge: umgr.staging.output.queue.bridge.child.watch: DEBUG   : ru_initialize_child (NOOP)
2017-05-31 03:55:02,711: umgr.staging.output.queue.bridge: umgr.staging.output.queue.bridge: umgr.staging.output.queue.bridge.child.watch: INFO    : send alive
2017-05-31 03:55:02,711: umgr.staging.output.queue.bridge: umgr.staging.output.queue.bridge: umgr.staging.output.queue.bridge.child.watch: INFO    : send message: alive
2017-05-31 03:55:02,712: umgr.staging.output.queue.bridge: umgr.staging.output.queue.bridge: MainThread     : INFO    : recv message: alive
2017-05-31 03:55:02,712: umgr.staging.output.queue.bridge: umgr.staging.output.queue.bridge: MainThread     : DEBUG   : ru_initialize_common (NOOP)
2017-05-31 03:55:02,712: umgr.staging.output.queue.bridge: umgr.staging.output.queue.bridge: MainThread     : DEBUG   : ru_initialize_parent (NOOP)
2017-05-31 03:55:02,712: umgr.staging.output.queue.bridge: umgr.staging.output.queue.bridge: MainThread     : DEBUG   : child thread umgr.staging.output.queue.bridge.child.watch started
2017-05-31 03:55:02,712: umgr.staging.output.queue.bridge: umgr.staging.output.queue.bridge: MainThread     : INFO    : child (me) is alive
2017-05-31 03:55:02,712: umgr.staging.output.queue.bridge: umgr.staging.output.queue.bridge: MainThread     : DEBUG   : ru_initialize_common (NOOP)
2017-05-31 03:55:02,714: umgr.staging.output.queue.bridge: umgr.staging.output.queue.bridge.child: MainThread     : INFO    : send alive
2017-05-31 03:55:02,714: umgr.staging.output.queue.bridge: umgr.staging.output.queue.bridge.child: MainThread     : INFO    : send message: alive
2017-05-31 03:55:02,714: umgr.staging.output.queue.bridge: MainProcess                     : MainThread     : INFO    : recv message: alive
2017-05-31 03:55:02,715: umgr.staging.output.queue.bridge: MainProcess                     : MainThread     : DEBUG   : start thread
2017-05-31 03:55:02,715: umgr.staging.output.queue.bridge: MainProcess                     : umgr.staging.output.queue.bridge.watch: INFO    : child (me) initializing
2017-05-31 03:55:02,715: umgr.staging.output.queue.bridge: MainProcess                     : umgr.staging.output.queue.bridge.watch: DEBUG   : ru_initialize_common (NOOP)
2017-05-31 03:55:02,715: umgr.staging.output.queue.bridge: MainProcess                     : umgr.staging.output.queue.bridge.watch: DEBUG   : ru_initialize_child (NOOP)
2017-05-31 03:55:02,715: umgr.staging.output.queue.bridge: MainProcess                     : umgr.staging.output.queue.bridge.watch: INFO    : send alive
2017-05-31 03:55:02,715: umgr.staging.output.queue.bridge: MainProcess                     : umgr.staging.output.queue.bridge.watch: INFO    : send message: alive
2017-05-31 03:55:02,716: umgr.staging.output.queue.bridge: MainProcess                     : MainThread     : INFO    : recv message: alive
2017-05-31 03:55:02,716: umgr.staging.output.queue.bridge: MainProcess                     : MainThread     : DEBUG   : ru_initialize_common (NOOP)
2017-05-31 03:55:02,716: umgr.staging.output.queue.bridge: MainProcess                     : MainThread     : DEBUG   : ru_initialize_parent (NOOP)
2017-05-31 03:55:02,716: umgr.staging.output.queue.bridge: MainProcess                     : MainThread     : DEBUG   : child thread umgr.staging.output.queue.bridge.watch started
2017-05-31 03:55:02,717: umgr.staging.output.queue.bridge: MainProcess                     : MainThread     : INFO    : child is alive
2017-05-31 03:55:02,717: umgr.staging.output.queue.bridge: MainProcess                     : MainThread     : DEBUG   : ru_initialize_common (NOOP)
2017-05-31 03:55:02,717: umgr.staging.output.queue.bridge: MainProcess                     : MainThread     : DEBUG   : ru_initialize_parent (NOOP)
2017-05-31 03:55:02,717: umgr.staging.output.queue.bridge: MainProcess                     : MainThread     : DEBUG   : child process started
2017-05-31 04:33:49,611: umgr.staging.output.queue.bridge: MainProcess                     : MainThread     : INFO    : parent stops child
2017-05-31 04:33:49,611: umgr.staging.output.queue.bridge: MainProcess                     : MainThread     : DEBUG   : ru_finalize_parent (NOOP)
2017-05-31 04:33:49,612: umgr.staging.output.queue.bridge: MainProcess                     : MainThread     : DEBUG   : ru_finalize_common (NOOP)
2017-05-31 04:33:49,612: umgr.staging.output.queue.bridge: MainProcess                     : MainThread     : INFO    : parent stops child
2017-05-31 04:33:49,612: umgr.staging.output.queue.bridge: MainProcess                     : MainThread     : DEBUG   : ru_finalize_parent (NOOP)
2017-05-31 04:33:49,612: umgr.staging.output.queue.bridge: MainProcess                     : MainThread     : DEBUG   : ru_finalize_common (NOOP)
2017-05-31 04:33:49,662: umgr.staging.output.queue.bridge: MainProcess                     : umgr.staging.output.queue.bridge.watch: INFO    : send message: work finished
2017-05-31 04:33:49,662: umgr.staging.output.queue.bridge: MainProcess                     : umgr.staging.output.queue.bridge.watch: DEBUG   : ru_finalize_child (NOOP)
2017-05-31 04:33:49,662: umgr.staging.output.queue.bridge: MainProcess                     : umgr.staging.output.queue.bridge.watch: DEBUG   : ru_finalize_common (NOOP)
2017-05-31 04:33:49,662: umgr.staging.output.queue.bridge: MainProcess                     : umgr.staging.output.queue.bridge.watch: INFO    : send message: terminating
2017-05-31 04:33:49,776: umgr.staging.output.queue.bridge: MainProcess                     : MainThread     : WARNING : failed to stop child - terminate
2017-05-31 04:33:58,753: umgr.staging.output.queue.bridge: MainProcess                     : MainThread     : INFO    : radical.pilot        version: split-81-gf853cc9b@feature-bridges
2017-05-31 04:33:58,753: umgr.staging.output.queue.bridge: MainProcess                     : MainThread     : INFO    : create umgr_staging_output_queue - bridge - tcp://*:*
2017-05-31 04:33:58,754: umgr.staging.output.queue.bridge: MainProcess                     : MainThread     : DEBUG   : start process
2017-05-31 04:33:58,765: umgr.staging.output.queue.bridge: umgr.staging.output.queue.bridge: MainThread     : INFO    : child (me) initializing
2017-05-31 04:33:58,766: umgr.staging.output.queue.bridge: umgr.staging.output.queue.bridge: MainThread     : DEBUG   : start thread
2017-05-31 04:33:58,766: umgr.staging.output.queue.bridge: umgr.staging.output.queue.bridge: umgr.staging.output.queue.bridge.child.watch: INFO    : child (me) initializing
2017-05-31 04:33:58,766: umgr.staging.output.queue.bridge: umgr.staging.output.queue.bridge: umgr.staging.output.queue.bridge.child.watch: DEBUG   : ru_initialize_common (NOOP)
2017-05-31 04:33:58,766: umgr.staging.output.queue.bridge: umgr.staging.output.queue.bridge: umgr.staging.output.queue.bridge.child.watch: DEBUG   : ru_initialize_child (NOOP)
2017-05-31 04:33:58,767: umgr.staging.output.queue.bridge: umgr.staging.output.queue.bridge: umgr.staging.output.queue.bridge.child.watch: INFO    : send alive
2017-05-31 04:33:58,767: umgr.staging.output.queue.bridge: umgr.staging.output.queue.bridge: umgr.staging.output.queue.bridge.child.watch: INFO    : send message: alive
2017-05-31 04:33:58,767: umgr.staging.output.queue.bridge: umgr.staging.output.queue.bridge: MainThread     : INFO    : recv message: alive
2017-05-31 04:33:58,767: umgr.staging.output.queue.bridge: umgr.staging.output.queue.bridge: MainThread     : DEBUG   : ru_initialize_common (NOOP)
2017-05-31 04:33:58,768: umgr.staging.output.queue.bridge: umgr.staging.output.queue.bridge: MainThread     : DEBUG   : ru_initialize_parent (NOOP)
2017-05-31 04:33:58,768: umgr.staging.output.queue.bridge: umgr.staging.output.queue.bridge: MainThread     : DEBUG   : child thread umgr.staging.output.queue.bridge.child.watch started
2017-05-31 04:33:58,768: umgr.staging.output.queue.bridge: umgr.staging.output.queue.bridge: MainThread     : INFO    : child (me) is alive
2017-05-31 04:33:58,768: umgr.staging.output.queue.bridge: umgr.staging.output.queue.bridge: MainThread     : DEBUG   : ru_initialize_common (NOOP)
2017-05-31 04:33:58,771: umgr.staging.output.queue.bridge: umgr.staging.output.queue.bridge.child: MainThread     : INFO    : send alive
2017-05-31 04:33:58,771: umgr.staging.output.queue.bridge: umgr.staging.output.queue.bridge.child: MainThread     : INFO    : send message: alive
2017-05-31 04:33:58,771: umgr.staging.output.queue.bridge: MainProcess                     : MainThread     : INFO    : recv message: alive
2017-05-31 04:33:58,772: umgr.staging.output.queue.bridge: MainProcess                     : MainThread     : DEBUG   : start thread
2017-05-31 04:33:58,772: umgr.staging.output.queue.bridge: MainProcess                     : umgr.staging.output.queue.bridge.watch: INFO    : child (me) initializing
2017-05-31 04:33:58,772: umgr.staging.output.queue.bridge: MainProcess                     : umgr.staging.output.queue.bridge.watch: DEBUG   : ru_initialize_common (NOOP)
2017-05-31 04:33:58,773: umgr.staging.output.queue.bridge: MainProcess                     : umgr.staging.output.queue.bridge.watch: DEBUG   : ru_initialize_child (NOOP)
2017-05-31 04:33:58,773: umgr.staging.output.queue.bridge: MainProcess                     : umgr.staging.output.queue.bridge.watch: INFO    : send alive
2017-05-31 04:33:58,773: umgr.staging.output.queue.bridge: MainProcess                     : umgr.staging.output.queue.bridge.watch: INFO    : send message: alive
2017-05-31 04:33:58,774: umgr.staging.output.queue.bridge: MainProcess                     : MainThread     : INFO    : recv message: alive
2017-05-31 04:33:58,774: umgr.staging.output.queue.bridge: MainProcess                     : MainThread     : DEBUG   : ru_initialize_common (NOOP)
2017-05-31 04:33:58,774: umgr.staging.output.queue.bridge: MainProcess                     : MainThread     : DEBUG   : ru_initialize_parent (NOOP)
2017-05-31 04:33:58,774: umgr.staging.output.queue.bridge: MainProcess                     : MainThread     : DEBUG   : child thread umgr.staging.output.queue.bridge.watch started
2017-05-31 04:33:58,774: umgr.staging.output.queue.bridge: MainProcess                     : MainThread     : INFO    : child is alive
2017-05-31 04:33:58,774: umgr.staging.output.queue.bridge: MainProcess                     : MainThread     : DEBUG   : ru_initialize_common (NOOP)
2017-05-31 04:33:58,774: umgr.staging.output.queue.bridge: MainProcess                     : MainThread     : DEBUG   : ru_initialize_parent (NOOP)
2017-05-31 04:33:58,775: umgr.staging.output.queue.bridge: MainProcess                     : MainThread     : DEBUG   : child process started
2017-05-31 04:41:32,534: umgr.staging.output.queue.bridge: MainProcess                     : MainThread     : INFO    : parent stops child
2017-05-31 04:41:32,534: umgr.staging.output.queue.bridge: MainProcess                     : MainThread     : DEBUG   : ru_finalize_parent (NOOP)
2017-05-31 04:41:32,535: umgr.staging.output.queue.bridge: MainProcess                     : MainThread     : DEBUG   : ru_finalize_common (NOOP)
2017-05-31 04:41:32,535: umgr.staging.output.queue.bridge: MainProcess                     : MainThread     : INFO    : parent stops child
2017-05-31 04:41:32,535: umgr.staging.output.queue.bridge: MainProcess                     : MainThread     : DEBUG   : ru_finalize_parent (NOOP)
2017-05-31 04:41:32,535: umgr.staging.output.queue.bridge: MainProcess                     : MainThread     : DEBUG   : ru_finalize_common (NOOP)
2017-05-31 04:41:32,615: umgr.staging.output.queue.bridge: MainProcess                     : umgr.staging.output.queue.bridge.watch: INFO    : send message: work finished
2017-05-31 04:41:32,615: umgr.staging.output.queue.bridge: MainProcess                     : umgr.staging.output.queue.bridge.watch: DEBUG   : ru_finalize_child (NOOP)
2017-05-31 04:41:32,615: umgr.staging.output.queue.bridge: MainProcess                     : umgr.staging.output.queue.bridge.watch: DEBUG   : ru_finalize_common (NOOP)
2017-05-31 04:41:32,615: umgr.staging.output.queue.bridge: MainProcess                     : umgr.staging.output.queue.bridge.watch: INFO    : send message: terminating
2017-05-31 04:41:32,750: umgr.staging.output.queue.bridge: MainProcess                     : MainThread     : WARNING : failed to stop child - terminate
