2017-05-31 03:55:02,889: umgr.staging.output.0: MainProcess                     : MainThread     : INFO    : python.interpreter   version: 2.7.12 (default, Nov 19 2016, 06:48:10) [GCC 5.4.0 20160609]
2017-05-31 03:55:02,890: umgr.staging.output.0: MainProcess                     : MainThread     : INFO    :                      pid: 14704
2017-05-31 03:55:02,890: umgr.staging.output.0: MainProcess                     : MainThread     : INFO    :                      tid: MainThread
2017-05-31 03:55:02,890: umgr.staging.output.0: MainProcess                     : MainThread     : INFO    : radical.pilot        version: split-81-gf853cc9b@feature-bridges
2017-05-31 03:55:02,891: umgr.staging.output.0: MainProcess                     : MainThread     : DEBUG   : start process
2017-05-31 03:55:02,901: umgr.staging.output.0: umgr.staging.output.0           : MainThread     : INFO    : child (me) initializing
2017-05-31 03:55:02,902: umgr.staging.output.0: umgr.staging.output.0           : MainThread     : DEBUG   : start thread
2017-05-31 03:55:02,903: umgr.staging.output.0: umgr.staging.output.0           : umgr.staging.output.0.child.watch: INFO    : child (me) initializing
2017-05-31 03:55:02,903: umgr.staging.output.0: umgr.staging.output.0           : umgr.staging.output.0.child.watch: DEBUG   : ru_initialize_common (NOOP)
2017-05-31 03:55:02,903: umgr.staging.output.0: umgr.staging.output.0           : umgr.staging.output.0.child.watch: DEBUG   : ru_initialize_child (NOOP)
2017-05-31 03:55:02,904: umgr.staging.output.0: umgr.staging.output.0           : umgr.staging.output.0.child.watch: INFO    : send alive
2017-05-31 03:55:02,904: umgr.staging.output.0: umgr.staging.output.0           : umgr.staging.output.0.child.watch: INFO    : send message: alive
2017-05-31 03:55:02,904: umgr.staging.output.0: umgr.staging.output.0           : MainThread     : INFO    : recv message: alive
2017-05-31 03:55:02,904: umgr.staging.output.0: umgr.staging.output.0           : MainThread     : DEBUG   : ru_initialize_common (NOOP)
2017-05-31 03:55:02,905: umgr.staging.output.0: umgr.staging.output.0           : MainThread     : DEBUG   : ru_initialize_parent (NOOP)
2017-05-31 03:55:02,905: umgr.staging.output.0: umgr.staging.output.0           : MainThread     : DEBUG   : child thread umgr.staging.output.0.child.watch started
2017-05-31 03:55:02,905: umgr.staging.output.0: umgr.staging.output.0           : MainThread     : INFO    : child (me) is alive
2017-05-31 03:55:02,990: umgr.staging.output.0: umgr.staging.output.0           : MainThread     : INFO    : send alive
2017-05-31 03:55:02,990: umgr.staging.output.0: umgr.staging.output.0           : MainThread     : INFO    : send message: alive
2017-05-31 03:55:02,990: umgr.staging.output.0: MainProcess                     : MainThread     : INFO    : recv message: alive
2017-05-31 03:55:02,991: umgr.staging.output.0: MainProcess                     : MainThread     : DEBUG   : start thread
2017-05-31 03:55:02,991: umgr.staging.output.0: MainProcess                     : umgr.staging.output.0.watch: INFO    : child (me) initializing
2017-05-31 03:55:02,992: umgr.staging.output.0: MainProcess                     : umgr.staging.output.0.watch: DEBUG   : ru_initialize_common (NOOP)
2017-05-31 03:55:02,992: umgr.staging.output.0: MainProcess                     : umgr.staging.output.0.watch: DEBUG   : ru_initialize_child (NOOP)
2017-05-31 03:55:02,992: umgr.staging.output.0: MainProcess                     : umgr.staging.output.0.watch: INFO    : send alive
2017-05-31 03:55:02,992: umgr.staging.output.0: MainProcess                     : umgr.staging.output.0.watch: INFO    : send message: alive
2017-05-31 03:55:02,993: umgr.staging.output.0: MainProcess                     : MainThread     : INFO    : recv message: alive
2017-05-31 03:55:02,994: umgr.staging.output.0: MainProcess                     : MainThread     : DEBUG   : ru_initialize_common (NOOP)
2017-05-31 03:55:02,994: umgr.staging.output.0: MainProcess                     : MainThread     : DEBUG   : ru_initialize_parent (NOOP)
2017-05-31 03:55:02,994: umgr.staging.output.0: MainProcess                     : MainThread     : DEBUG   : child thread umgr.staging.output.0.watch started
2017-05-31 03:55:02,994: umgr.staging.output.0: MainProcess                     : MainThread     : INFO    : child is alive
2017-05-31 03:55:02,994: umgr.staging.output.0: MainProcess                     : MainThread     : INFO    : radical.pilot        version: split-81-gf853cc9b@feature-bridges
2017-05-31 03:55:03,999: umgr.staging.output.0: MainProcess                     : MainThread     : INFO    : initialize umgr.staging.output.0
2017-05-31 03:55:04,004: umgr.staging.output.0: MainProcess                     : MainThread     : INFO    : cfg: {'agents': {},
 u'bridges': {u'control_pubsub': {'addr_in': 'tcp://138.201.86.166:40511',
                                  'addr_out': 'tcp://138.201.86.166:34850',
                                  u'bulk_size': 0,
                                  u'log_level': u'debug',
                                  u'stall_hwm': 1},
              u'log_pubsub': {'addr_in': 'tcp://138.201.86.166:40437',
                              'addr_out': 'tcp://138.201.86.166:40538',
                              u'bulk_size': 0,
                              u'log_level': u'debug',
                              u'stall_hwm': 1},
              u'state_pubsub': {'addr_in': 'tcp://138.201.86.166:40539',
                                'addr_out': 'tcp://138.201.86.166:43996',
                                u'bulk_size': 0,
                                u'log_level': u'debug',
                                u'stall_hwm': 1},
              u'umgr_reschedule_pubsub': {'addr_in': 'tcp://138.201.86.166:45190',
                                          'addr_out': 'tcp://138.201.86.166:42917',
                                          u'bulk_size': 0,
                                          u'log_level': u'debug',
                                          u'stall_hwm': 1},
              u'umgr_scheduling_queue': {'addr_in': 'tcp://138.201.86.166:37697',
                                         'addr_out': 'tcp://138.201.86.166:39998',
                                         u'bulk_size': 0,
                                         u'log_level': u'debug',
                                         u'stall_hwm': 1},
              u'umgr_staging_input_queue': {'addr_in': 'tcp://138.201.86.166:44496',
                                            'addr_out': 'tcp://138.201.86.166:42389',
                                            u'bulk_size': 0,
                                            u'log_level': u'debug',
                                            u'stall_hwm': 1},
              u'umgr_staging_output_queue': {'addr_in': 'tcp://138.201.86.166:34350',
                                             'addr_out': 'tcp://138.201.86.166:46370',
                                             u'bulk_size': 0,
                                             u'log_level': u'debug',
                                             u'stall_hwm': 1},
              u'umgr_unschedule_pubsub': {'addr_in': 'tcp://138.201.86.166:43757',
                                          'addr_out': 'tcp://138.201.86.166:44793',
                                          u'bulk_size': 0,
                                          u'log_level': u'debug',
                                          u'stall_hwm': 1}},
 u'bulk_collection_size': 100,
 u'bulk_collection_time': 1.0,
 'cname': u'UMGRStagingOutputComponent',
 u'components': {},
 u'count': 1,
 u'db_poll_sleeptime': 1.0,
 'number': 0,
 'owner': 'umgr.0000',
 u'scheduler': u'round_robin',
 'uid': 'umgr.0000'}
2017-05-31 03:55:04,004: umgr.staging.output.0: MainProcess                     : MainThread     : DEBUG   : START: umgr.staging.output.0 register publisher log_pubsub
2017-05-31 03:55:04,004: umgr.staging.output.0: MainProcess                     : MainThread     : DEBUG   : using addr tcp://138.201.86.166:40437 for pubsub log_pubsub
2017-05-31 03:55:04,027: umgr.staging.output.0: MainProcess                     : MainThread     : DEBUG   : registered publisher : log_pubsub : log.pubsub.pub
2017-05-31 03:55:04,028: umgr.staging.output.0: MainProcess                     : MainThread     : DEBUG   : START: umgr.staging.output.0 register publisher state_pubsub
2017-05-31 03:55:04,028: umgr.staging.output.0: MainProcess                     : MainThread     : DEBUG   : using addr tcp://138.201.86.166:40539 for pubsub state_pubsub
2017-05-31 03:55:04,029: umgr.staging.output.0: MainProcess                     : MainThread     : DEBUG   : registered publisher : state_pubsub : state.pubsub.pub
2017-05-31 03:55:04,029: umgr.staging.output.0: MainProcess                     : MainThread     : DEBUG   : START: umgr.staging.output.0 register publisher control_pubsub
2017-05-31 03:55:04,029: umgr.staging.output.0: MainProcess                     : MainThread     : DEBUG   : using addr tcp://138.201.86.166:40511 for pubsub control_pubsub
2017-05-31 03:55:04,030: umgr.staging.output.0: MainProcess                     : MainThread     : DEBUG   : registered publisher : control_pubsub : control.pubsub.pub
2017-05-31 03:55:04,030: umgr.staging.output.0: MainProcess                     : MainThread     : DEBUG   : child process started
2017-05-31 04:33:48,773: umgr.staging.output.0: MainProcess                     : MainThread     : DEBUG   : stop umgr.staging.output.0 (14704 : 14884 : MainThread) [radical.pilot.unit_manager.UnitManager.finalize_parent]
2017-05-31 04:33:48,773: umgr.staging.output.0: MainProcess                     : MainThread     : INFO    : parent stops child
2017-05-31 04:33:48,774: umgr.staging.output.0: MainProcess                     : MainThread     : DEBUG   : ru_finalize_common()
2017-05-31 04:33:48,774: umgr.staging.output.0: MainProcess                     : MainThread     : DEBUG   : TERM : umgr.staging.output.0 unregister publisher state_pubsub
2017-05-31 04:33:48,774: umgr.staging.output.0: MainProcess                     : MainThread     : DEBUG   : unregistered publisher state_pubsub
2017-05-31 04:33:48,775: umgr.staging.output.0: MainProcess                     : MainThread     : DEBUG   : TERM : umgr.staging.output.0 unregister publisher control_pubsub
2017-05-31 04:33:48,775: umgr.staging.output.0: MainProcess                     : MainThread     : DEBUG   : unregistered publisher control_pubsub
2017-05-31 04:33:48,776: umgr.staging.output.0: MainProcess                     : MainThread     : DEBUG   : umgr.staging.output.0 close prof
2017-05-31 04:33:48,776: umgr.staging.output.0: MainProcess                     : MainThread     : INFO    : parent stops child
2017-05-31 04:33:48,776: umgr.staging.output.0: MainProcess                     : MainThread     : DEBUG   : ru_finalize_parent (NOOP)
2017-05-31 04:33:48,776: umgr.staging.output.0: MainProcess                     : MainThread     : DEBUG   : ru_finalize_common (NOOP)
2017-05-31 04:33:48,859: umgr.staging.output.0: MainProcess                     : umgr.staging.output.0.watch: INFO    : send message: work finished
2017-05-31 04:33:48,859: umgr.staging.output.0: MainProcess                     : umgr.staging.output.0.watch: DEBUG   : ru_finalize_child (NOOP)
2017-05-31 04:33:48,859: umgr.staging.output.0: MainProcess                     : umgr.staging.output.0.watch: DEBUG   : ru_finalize_common (NOOP)
2017-05-31 04:33:48,859: umgr.staging.output.0: MainProcess                     : umgr.staging.output.0.watch: INFO    : send message: terminating
2017-05-31 04:33:48,991: umgr.staging.output.0: MainProcess                     : MainThread     : WARNING : failed to stop child - terminate
2017-05-31 04:33:58,897: umgr.staging.output.0: MainProcess                     : MainThread     : INFO    : radical.pilot        version: split-81-gf853cc9b@feature-bridges
2017-05-31 04:33:58,898: umgr.staging.output.0: MainProcess                     : MainThread     : DEBUG   : start process
2017-05-31 04:33:58,913: umgr.staging.output.0: umgr.staging.output.0           : MainThread     : INFO    : child (me) initializing
2017-05-31 04:33:58,913: umgr.staging.output.0: umgr.staging.output.0           : MainThread     : DEBUG   : start thread
2017-05-31 04:33:58,914: umgr.staging.output.0: umgr.staging.output.0           : umgr.staging.output.0.child.watch: INFO    : child (me) initializing
2017-05-31 04:33:58,914: umgr.staging.output.0: umgr.staging.output.0           : umgr.staging.output.0.child.watch: DEBUG   : ru_initialize_common (NOOP)
2017-05-31 04:33:58,915: umgr.staging.output.0: umgr.staging.output.0           : umgr.staging.output.0.child.watch: DEBUG   : ru_initialize_child (NOOP)
2017-05-31 04:33:58,915: umgr.staging.output.0: umgr.staging.output.0           : umgr.staging.output.0.child.watch: INFO    : send alive
2017-05-31 04:33:58,915: umgr.staging.output.0: umgr.staging.output.0           : umgr.staging.output.0.child.watch: INFO    : send message: alive
2017-05-31 04:33:58,915: umgr.staging.output.0: umgr.staging.output.0           : MainThread     : INFO    : recv message: alive
2017-05-31 04:33:58,916: umgr.staging.output.0: umgr.staging.output.0           : MainThread     : DEBUG   : ru_initialize_common (NOOP)
2017-05-31 04:33:58,916: umgr.staging.output.0: umgr.staging.output.0           : MainThread     : DEBUG   : ru_initialize_parent (NOOP)
2017-05-31 04:33:58,916: umgr.staging.output.0: umgr.staging.output.0           : MainThread     : DEBUG   : child thread umgr.staging.output.0.child.watch started
2017-05-31 04:33:58,916: umgr.staging.output.0: umgr.staging.output.0           : MainThread     : INFO    : child (me) is alive
2017-05-31 04:33:58,955: umgr.staging.output.0: umgr.staging.output.0           : MainThread     : INFO    : send alive
2017-05-31 04:33:58,955: umgr.staging.output.0: umgr.staging.output.0           : MainThread     : INFO    : send message: alive
2017-05-31 04:33:58,955: umgr.staging.output.0: MainProcess                     : MainThread     : INFO    : recv message: alive
2017-05-31 04:33:58,956: umgr.staging.output.0: MainProcess                     : MainThread     : DEBUG   : start thread
2017-05-31 04:33:58,956: umgr.staging.output.0: MainProcess                     : umgr.staging.output.0.watch: INFO    : child (me) initializing
2017-05-31 04:33:58,956: umgr.staging.output.0: MainProcess                     : umgr.staging.output.0.watch: DEBUG   : ru_initialize_common (NOOP)
2017-05-31 04:33:58,956: umgr.staging.output.0: MainProcess                     : umgr.staging.output.0.watch: DEBUG   : ru_initialize_child (NOOP)
2017-05-31 04:33:58,956: umgr.staging.output.0: MainProcess                     : umgr.staging.output.0.watch: INFO    : send alive
2017-05-31 04:33:58,956: umgr.staging.output.0: MainProcess                     : umgr.staging.output.0.watch: INFO    : send message: alive
2017-05-31 04:33:58,957: umgr.staging.output.0: MainProcess                     : MainThread     : INFO    : recv message: alive
2017-05-31 04:33:58,957: umgr.staging.output.0: MainProcess                     : MainThread     : DEBUG   : ru_initialize_common (NOOP)
2017-05-31 04:33:58,958: umgr.staging.output.0: MainProcess                     : MainThread     : DEBUG   : ru_initialize_parent (NOOP)
2017-05-31 04:33:58,958: umgr.staging.output.0: MainProcess                     : MainThread     : DEBUG   : child thread umgr.staging.output.0.watch started
2017-05-31 04:33:58,958: umgr.staging.output.0: MainProcess                     : MainThread     : INFO    : child is alive
2017-05-31 04:33:58,958: umgr.staging.output.0: MainProcess                     : MainThread     : INFO    : radical.pilot        version: split-81-gf853cc9b@feature-bridges
2017-05-31 04:33:58,979: umgr.staging.output.0: MainProcess                     : MainThread     : INFO    : initialize umgr.staging.output.0
2017-05-31 04:33:58,987: umgr.staging.output.0: MainProcess                     : MainThread     : INFO    : cfg: {'agents': {},
 u'bridges': {u'control_pubsub': {'addr_in': 'tcp://138.201.86.166:41739',
                                  'addr_out': 'tcp://138.201.86.166:41435',
                                  u'bulk_size': 0,
                                  u'log_level': u'debug',
                                  u'stall_hwm': 1},
              u'log_pubsub': {'addr_in': 'tcp://138.201.86.166:45110',
                              'addr_out': 'tcp://138.201.86.166:34132',
                              u'bulk_size': 0,
                              u'log_level': u'debug',
                              u'stall_hwm': 1},
              u'state_pubsub': {'addr_in': 'tcp://138.201.86.166:40697',
                                'addr_out': 'tcp://138.201.86.166:40297',
                                u'bulk_size': 0,
                                u'log_level': u'debug',
                                u'stall_hwm': 1},
              u'umgr_reschedule_pubsub': {'addr_in': 'tcp://138.201.86.166:41513',
                                          'addr_out': 'tcp://138.201.86.166:38076',
                                          u'bulk_size': 0,
                                          u'log_level': u'debug',
                                          u'stall_hwm': 1},
              u'umgr_scheduling_queue': {'addr_in': 'tcp://138.201.86.166:37551',
                                         'addr_out': 'tcp://138.201.86.166:38817',
                                         u'bulk_size': 0,
                                         u'log_level': u'debug',
                                         u'stall_hwm': 1},
              u'umgr_staging_input_queue': {'addr_in': 'tcp://138.201.86.166:43860',
                                            'addr_out': 'tcp://138.201.86.166:35088',
                                            u'bulk_size': 0,
                                            u'log_level': u'debug',
                                            u'stall_hwm': 1},
              u'umgr_staging_output_queue': {'addr_in': 'tcp://138.201.86.166:34283',
                                             'addr_out': 'tcp://138.201.86.166:34134',
                                             u'bulk_size': 0,
                                             u'log_level': u'debug',
                                             u'stall_hwm': 1},
              u'umgr_unschedule_pubsub': {'addr_in': 'tcp://138.201.86.166:36653',
                                          'addr_out': 'tcp://138.201.86.166:46147',
                                          u'bulk_size': 0,
                                          u'log_level': u'debug',
                                          u'stall_hwm': 1}},
 u'bulk_collection_size': 100,
 u'bulk_collection_time': 1.0,
 'cname': u'UMGRStagingOutputComponent',
 u'components': {},
 u'count': 1,
 u'db_poll_sleeptime': 1.0,
 'number': 0,
 'owner': 'umgr.0000',
 u'scheduler': u'round_robin',
 'uid': 'umgr.0000'}
2017-05-31 04:33:58,987: umgr.staging.output.0: MainProcess                     : MainThread     : DEBUG   : START: umgr.staging.output.0 register publisher log_pubsub
2017-05-31 04:33:58,987: umgr.staging.output.0: MainProcess                     : MainThread     : DEBUG   : using addr tcp://138.201.86.166:45110 for pubsub log_pubsub
2017-05-31 04:33:58,989: umgr.staging.output.0: MainProcess                     : MainThread     : DEBUG   : registered publisher : log_pubsub : log.pubsub.pub
2017-05-31 04:33:58,989: umgr.staging.output.0: MainProcess                     : MainThread     : DEBUG   : START: umgr.staging.output.0 register publisher state_pubsub
2017-05-31 04:33:58,989: umgr.staging.output.0: MainProcess                     : MainThread     : DEBUG   : using addr tcp://138.201.86.166:40697 for pubsub state_pubsub
2017-05-31 04:33:58,991: umgr.staging.output.0: MainProcess                     : MainThread     : DEBUG   : registered publisher : state_pubsub : state.pubsub.pub
2017-05-31 04:33:58,991: umgr.staging.output.0: MainProcess                     : MainThread     : DEBUG   : START: umgr.staging.output.0 register publisher control_pubsub
2017-05-31 04:33:58,991: umgr.staging.output.0: MainProcess                     : MainThread     : DEBUG   : using addr tcp://138.201.86.166:41739 for pubsub control_pubsub
2017-05-31 04:33:58,993: umgr.staging.output.0: MainProcess                     : MainThread     : DEBUG   : registered publisher : control_pubsub : control.pubsub.pub
2017-05-31 04:33:58,993: umgr.staging.output.0: MainProcess                     : MainThread     : DEBUG   : child process started
2017-05-31 04:41:31,689: umgr.staging.output.0: MainProcess                     : MainThread     : DEBUG   : stop umgr.staging.output.0 (14704 : 25207 : MainThread) [radical.pilot.unit_manager.UnitManager.finalize_parent]
2017-05-31 04:41:31,689: umgr.staging.output.0: MainProcess                     : MainThread     : INFO    : parent stops child
2017-05-31 04:41:31,689: umgr.staging.output.0: MainProcess                     : MainThread     : DEBUG   : ru_finalize_common()
2017-05-31 04:41:31,690: umgr.staging.output.0: MainProcess                     : MainThread     : DEBUG   : TERM : umgr.staging.output.0 unregister publisher state_pubsub
2017-05-31 04:41:31,690: umgr.staging.output.0: MainProcess                     : MainThread     : DEBUG   : unregistered publisher state_pubsub
2017-05-31 04:41:31,691: umgr.staging.output.0: MainProcess                     : MainThread     : DEBUG   : TERM : umgr.staging.output.0 unregister publisher control_pubsub
2017-05-31 04:41:31,692: umgr.staging.output.0: MainProcess                     : MainThread     : DEBUG   : unregistered publisher control_pubsub
2017-05-31 04:41:31,692: umgr.staging.output.0: MainProcess                     : MainThread     : DEBUG   : umgr.staging.output.0 close prof
2017-05-31 04:41:31,692: umgr.staging.output.0: MainProcess                     : MainThread     : INFO    : parent stops child
2017-05-31 04:41:31,692: umgr.staging.output.0: MainProcess                     : MainThread     : DEBUG   : ru_finalize_parent (NOOP)
2017-05-31 04:41:31,692: umgr.staging.output.0: MainProcess                     : MainThread     : DEBUG   : ru_finalize_common (NOOP)
2017-05-31 04:41:31,781: umgr.staging.output.0: MainProcess                     : umgr.staging.output.0.watch: INFO    : send message: work finished
2017-05-31 04:41:31,781: umgr.staging.output.0: MainProcess                     : umgr.staging.output.0.watch: DEBUG   : ru_finalize_child (NOOP)
2017-05-31 04:41:31,781: umgr.staging.output.0: MainProcess                     : umgr.staging.output.0.watch: DEBUG   : ru_finalize_common (NOOP)
2017-05-31 04:41:31,781: umgr.staging.output.0: MainProcess                     : umgr.staging.output.0.watch: INFO    : send message: terminating
2017-05-31 04:41:31,907: umgr.staging.output.0: MainProcess                     : MainThread     : WARNING : failed to stop child - terminate
