2017-05-31 03:54:56,291: update.0            : MainProcess                     : MainThread     : INFO    : python.interpreter   version: 2.7.12 (default, Nov 19 2016, 06:48:10) [GCC 5.4.0 20160609]
2017-05-31 03:54:56,291: update.0            : MainProcess                     : MainThread     : INFO    :                      pid: 14704
2017-05-31 03:54:56,291: update.0            : MainProcess                     : MainThread     : INFO    :                      tid: MainThread
2017-05-31 03:54:56,291: update.0            : MainProcess                     : MainThread     : INFO    : radical.pilot        version: split-81-gf853cc9b@feature-bridges
2017-05-31 03:54:56,291: update.0            : MainProcess                     : MainThread     : DEBUG   : start process
2017-05-31 03:54:56,295: update.0            : update.0                        : MainThread     : INFO    : child (me) initializing
2017-05-31 03:54:56,296: update.0            : update.0                        : MainThread     : DEBUG   : start thread
2017-05-31 03:54:56,296: update.0            : update.0                        : update.0.child.watch: INFO    : child (me) initializing
2017-05-31 03:54:56,296: update.0            : update.0                        : update.0.child.watch: DEBUG   : ru_initialize_common (NOOP)
2017-05-31 03:54:56,296: update.0            : update.0                        : update.0.child.watch: DEBUG   : ru_initialize_child (NOOP)
2017-05-31 03:54:56,296: update.0            : update.0                        : update.0.child.watch: INFO    : send alive
2017-05-31 03:54:56,296: update.0            : update.0                        : update.0.child.watch: INFO    : send message: alive
2017-05-31 03:54:56,297: update.0            : update.0                        : MainThread     : INFO    : recv message: alive
2017-05-31 03:54:56,297: update.0            : update.0                        : MainThread     : DEBUG   : ru_initialize_common (NOOP)
2017-05-31 03:54:56,297: update.0            : update.0                        : MainThread     : DEBUG   : ru_initialize_parent (NOOP)
2017-05-31 03:54:56,297: update.0            : update.0                        : MainThread     : DEBUG   : child thread update.0.child.watch started
2017-05-31 03:54:56,297: update.0            : update.0                        : MainThread     : INFO    : child (me) is alive
2017-05-31 03:54:56,901: update.0            : update.0                        : MainThread     : INFO    : send alive
2017-05-31 03:54:56,902: update.0            : update.0                        : MainThread     : INFO    : send message: alive
2017-05-31 03:54:56,902: update.0            : MainProcess                     : MainThread     : INFO    : recv message: alive
2017-05-31 03:54:56,903: update.0            : MainProcess                     : MainThread     : DEBUG   : start thread
2017-05-31 03:54:56,903: update.0            : MainProcess                     : update.0.watch : INFO    : child (me) initializing
2017-05-31 03:54:56,903: update.0            : MainProcess                     : update.0.watch : DEBUG   : ru_initialize_common (NOOP)
2017-05-31 03:54:56,904: update.0            : MainProcess                     : update.0.watch : DEBUG   : ru_initialize_child (NOOP)
2017-05-31 03:54:56,904: update.0            : MainProcess                     : update.0.watch : INFO    : send alive
2017-05-31 03:54:56,904: update.0            : MainProcess                     : update.0.watch : INFO    : send message: alive
2017-05-31 03:54:56,905: update.0            : MainProcess                     : MainThread     : INFO    : recv message: alive
2017-05-31 03:54:56,905: update.0            : MainProcess                     : MainThread     : DEBUG   : ru_initialize_common (NOOP)
2017-05-31 03:54:56,905: update.0            : MainProcess                     : MainThread     : DEBUG   : ru_initialize_parent (NOOP)
2017-05-31 03:54:56,905: update.0            : MainProcess                     : MainThread     : DEBUG   : child thread update.0.watch started
2017-05-31 03:54:56,906: update.0            : MainProcess                     : MainThread     : INFO    : child is alive
2017-05-31 03:54:56,906: update.0            : MainProcess                     : MainThread     : INFO    : radical.pilot        version: split-81-gf853cc9b@feature-bridges
2017-05-31 03:54:56,909: update.0            : MainProcess                     : MainThread     : INFO    : initialize update.0
2017-05-31 03:54:56,913: update.0            : MainProcess                     : MainThread     : INFO    : cfg: {'agents': {},
 u'bridges': {u'control_pubsub': {'addr_in': 'tcp://138.201.86.166:40511',
                                  'addr_out': 'tcp://138.201.86.166:34850',
                                  u'bulk_size': 0,
                                  u'log_level': u'debug',
                                  u'stall_hwm': 1},
              u'log_pubsub': {'addr_in': 'tcp://138.201.86.166:40437',
                              'addr_out': 'tcp://138.201.86.166:40538',
                              u'bulk_size': 0,
                              u'log_level': u'debug',
                              u'stall_hwm': 1},
              u'state_pubsub': {'addr_in': 'tcp://138.201.86.166:40539',
                                'addr_out': 'tcp://138.201.86.166:43996',
                                u'bulk_size': 0,
                                u'log_level': u'debug',
                                u'stall_hwm': 1}},
 'cname': u'UpdateWorker',
 u'components': {},
 u'count': 1,
 'dburl': 'mongodb://mingtaiha:mingtaiha@ds053838.mlab.com:53838/hicomb',
 'debug': 'DEBUG',
 u'default_dburl': u'mongodb://rp:rp@ds015335.mlab.com:15335/rp',
 'logdir': '/home/mingtha/repos/affinity_model/exp/model_confirm/rp.session.Ubuntu-1604-xenial-64-minimal.mingtha.017317.0006',
 'number': 0,
 'owner': 'rp.session.Ubuntu-1604-xenial-64-minimal.mingtha.017317.0006',
 'session_id': 'rp.session.Ubuntu-1604-xenial-64-minimal.mingtha.017317.0006'}
2017-05-31 03:54:56,913: update.0            : MainProcess                     : MainThread     : DEBUG   : START: update.0 register publisher log_pubsub
2017-05-31 03:54:56,913: update.0            : MainProcess                     : MainThread     : DEBUG   : using addr tcp://138.201.86.166:40437 for pubsub log_pubsub
2017-05-31 03:54:56,916: update.0            : MainProcess                     : MainThread     : DEBUG   : registered publisher : log_pubsub : log.pubsub.pub
2017-05-31 03:54:56,916: update.0            : MainProcess                     : MainThread     : DEBUG   : START: update.0 register publisher state_pubsub
2017-05-31 03:54:56,916: update.0            : MainProcess                     : MainThread     : DEBUG   : using addr tcp://138.201.86.166:40539 for pubsub state_pubsub
2017-05-31 03:54:56,919: update.0            : MainProcess                     : MainThread     : DEBUG   : registered publisher : state_pubsub : state.pubsub.pub
2017-05-31 03:54:56,919: update.0            : MainProcess                     : MainThread     : DEBUG   : START: update.0 register publisher control_pubsub
2017-05-31 03:54:56,919: update.0            : MainProcess                     : MainThread     : DEBUG   : using addr tcp://138.201.86.166:40511 for pubsub control_pubsub
2017-05-31 03:54:56,921: update.0            : MainProcess                     : MainThread     : DEBUG   : registered publisher : control_pubsub : control.pubsub.pub
2017-05-31 03:54:56,922: update.0            : MainProcess                     : MainThread     : DEBUG   : child process started
2017-05-31 04:33:56,145: update.0            : MainProcess                     : MainThread     : INFO    : radical.pilot        version: split-81-gf853cc9b@feature-bridges
2017-05-31 04:33:56,146: update.0            : MainProcess                     : MainThread     : DEBUG   : start process
2017-05-31 04:33:56,151: update.0            : update.0                        : MainThread     : INFO    : child (me) initializing
2017-05-31 04:33:56,151: update.0            : update.0                        : MainThread     : DEBUG   : start thread
2017-05-31 04:33:56,152: update.0            : update.0                        : update.0.child.watch: INFO    : child (me) initializing
2017-05-31 04:33:56,152: update.0            : update.0                        : update.0.child.watch: DEBUG   : ru_initialize_common (NOOP)
2017-05-31 04:33:56,152: update.0            : update.0                        : update.0.child.watch: DEBUG   : ru_initialize_child (NOOP)
2017-05-31 04:33:56,152: update.0            : update.0                        : update.0.child.watch: INFO    : send alive
2017-05-31 04:33:56,152: update.0            : update.0                        : update.0.child.watch: INFO    : send message: alive
2017-05-31 04:33:56,153: update.0            : update.0                        : MainThread     : INFO    : recv message: alive
2017-05-31 04:33:56,153: update.0            : update.0                        : MainThread     : DEBUG   : ru_initialize_common (NOOP)
2017-05-31 04:33:56,153: update.0            : update.0                        : MainThread     : DEBUG   : ru_initialize_parent (NOOP)
2017-05-31 04:33:56,153: update.0            : update.0                        : MainThread     : DEBUG   : child thread update.0.child.watch started
2017-05-31 04:33:56,154: update.0            : update.0                        : MainThread     : INFO    : child (me) is alive
2017-05-31 04:33:56,725: update.0            : update.0                        : MainThread     : INFO    : send alive
2017-05-31 04:33:56,725: update.0            : update.0                        : MainThread     : INFO    : send message: alive
2017-05-31 04:33:56,726: update.0            : MainProcess                     : MainThread     : INFO    : recv message: alive
2017-05-31 04:33:56,727: update.0            : MainProcess                     : MainThread     : DEBUG   : start thread
2017-05-31 04:33:56,727: update.0            : MainProcess                     : update.0.watch : INFO    : child (me) initializing
2017-05-31 04:33:56,727: update.0            : MainProcess                     : update.0.watch : DEBUG   : ru_initialize_common (NOOP)
2017-05-31 04:33:56,728: update.0            : MainProcess                     : update.0.watch : DEBUG   : ru_initialize_child (NOOP)
2017-05-31 04:33:56,728: update.0            : MainProcess                     : update.0.watch : INFO    : send alive
2017-05-31 04:33:56,728: update.0            : MainProcess                     : update.0.watch : INFO    : send message: alive
2017-05-31 04:33:56,728: update.0            : MainProcess                     : MainThread     : INFO    : recv message: alive
2017-05-31 04:33:56,729: update.0            : MainProcess                     : MainThread     : DEBUG   : ru_initialize_common (NOOP)
2017-05-31 04:33:56,729: update.0            : MainProcess                     : MainThread     : DEBUG   : ru_initialize_parent (NOOP)
2017-05-31 04:33:56,729: update.0            : MainProcess                     : MainThread     : DEBUG   : child thread update.0.watch started
2017-05-31 04:33:56,729: update.0            : MainProcess                     : MainThread     : INFO    : child is alive
2017-05-31 04:33:56,729: update.0            : MainProcess                     : MainThread     : INFO    : radical.pilot        version: split-81-gf853cc9b@feature-bridges
2017-05-31 04:33:56,733: update.0            : MainProcess                     : MainThread     : INFO    : initialize update.0
2017-05-31 04:33:56,737: update.0            : MainProcess                     : MainThread     : INFO    : cfg: {'agents': {},
 u'bridges': {u'control_pubsub': {'addr_in': 'tcp://138.201.86.166:41739',
                                  'addr_out': 'tcp://138.201.86.166:41435',
                                  u'bulk_size': 0,
                                  u'log_level': u'debug',
                                  u'stall_hwm': 1},
              u'log_pubsub': {'addr_in': 'tcp://138.201.86.166:45110',
                              'addr_out': 'tcp://138.201.86.166:34132',
                              u'bulk_size': 0,
                              u'log_level': u'debug',
                              u'stall_hwm': 1},
              u'state_pubsub': {'addr_in': 'tcp://138.201.86.166:40697',
                                'addr_out': 'tcp://138.201.86.166:40297',
                                u'bulk_size': 0,
                                u'log_level': u'debug',
                                u'stall_hwm': 1}},
 'cname': u'UpdateWorker',
 u'components': {},
 u'count': 1,
 'dburl': 'mongodb://mingtaiha:mingtaiha@ds053838.mlab.com:53838/hicomb',
 'debug': 'DEBUG',
 u'default_dburl': u'mongodb://rp:rp@ds015335.mlab.com:15335/rp',
 'logdir': '/home/mingtha/repos/affinity_model/exp/model_confirm/rp.session.Ubuntu-1604-xenial-64-minimal.mingtha.017317.0007',
 'number': 0,
 'owner': 'rp.session.Ubuntu-1604-xenial-64-minimal.mingtha.017317.0007',
 'session_id': 'rp.session.Ubuntu-1604-xenial-64-minimal.mingtha.017317.0007'}
2017-05-31 04:33:56,737: update.0            : MainProcess                     : MainThread     : DEBUG   : START: update.0 register publisher log_pubsub
2017-05-31 04:33:56,737: update.0            : MainProcess                     : MainThread     : DEBUG   : using addr tcp://138.201.86.166:45110 for pubsub log_pubsub
2017-05-31 04:33:56,739: update.0            : MainProcess                     : MainThread     : DEBUG   : registered publisher : log_pubsub : log.pubsub.pub
2017-05-31 04:33:56,739: update.0            : MainProcess                     : MainThread     : DEBUG   : START: update.0 register publisher state_pubsub
2017-05-31 04:33:56,739: update.0            : MainProcess                     : MainThread     : DEBUG   : using addr tcp://138.201.86.166:40697 for pubsub state_pubsub
2017-05-31 04:33:56,741: update.0            : MainProcess                     : MainThread     : DEBUG   : registered publisher : state_pubsub : state.pubsub.pub
2017-05-31 04:33:56,741: update.0            : MainProcess                     : MainThread     : DEBUG   : START: update.0 register publisher control_pubsub
2017-05-31 04:33:56,741: update.0            : MainProcess                     : MainThread     : DEBUG   : using addr tcp://138.201.86.166:41739 for pubsub control_pubsub
2017-05-31 04:33:56,742: update.0            : MainProcess                     : MainThread     : DEBUG   : registered publisher : control_pubsub : control.pubsub.pub
2017-05-31 04:33:56,743: update.0            : MainProcess                     : MainThread     : DEBUG   : child process started
2017-05-31 04:41:36,791: update.0            : update.0                        : MainThread     : INFO    : send message: terminating
2017-05-31 04:41:36,791: update.0            : update.0                        : MainThread     : ERROR   : term msg error not sent: error(32, 'Broken pipe')
Traceback (most recent call last):
  File "/home/mingtha/ve/ve.rp_add_res_cfg/local/lib/python2.7/site-packages/radical/utils/process.py", line 578, in _run
    self._ru_msg_send('terminating')
  File "/home/mingtha/ve/ve.rp_add_res_cfg/local/lib/python2.7/site-packages/radical/utils/process.py", line 163, in _ru_msg_send
    self._ru_endpoint.send(msg)
error: [Errno 32] Broken pipe
2017-05-31 04:41:36,826: update.0            : update.0                        : MainThread     : INFO    : send message: terminating
2017-05-31 04:41:36,888: update.0            : update.0                        : update.0.child.watch: INFO    : send message: work finished
2017-05-31 04:41:36,888: update.0            : update.0                        : update.0.child.watch: DEBUG   : ru_finalize_child (NOOP)
2017-05-31 04:41:36,888: update.0            : update.0                        : update.0.child.watch: DEBUG   : ru_finalize_common (NOOP)
2017-05-31 04:41:36,888: update.0            : update.0                        : update.0.child.watch: INFO    : send message: terminating
2017-05-31 04:41:36,924: update.0            : update.0                        : update.0.child.watch: INFO    : send message: work finished
2017-05-31 04:41:36,924: update.0            : update.0                        : update.0.child.watch: DEBUG   : ru_finalize_child (NOOP)
2017-05-31 04:41:36,924: update.0            : update.0                        : update.0.child.watch: DEBUG   : ru_finalize_common (NOOP)
2017-05-31 04:41:36,924: update.0            : update.0                        : update.0.child.watch: INFO    : send message: terminating
