Log file opened on Mon Sep 18 02:50:44 2017
Host: mwt2-c062  pid: 60  rank ID: 0  number of ranks:  1
GROMACS:    gmx mdrun, VERSION 5.0

GROMACS is written by:
Emile Apol         Rossen Apostolov   Herman J.C. Berendsen Par Bjelkmar       
Aldert van Buuren  Rudi van Drunen    Anton Feenstra     Sebastian Fritsch  
Gerrit Groenhof    Christoph Junghans Peter Kasson       Carsten Kutzner    
Per Larsson        Justin A. Lemkul   Magnus Lundborg    Pieter Meulenhoff  
Erik Marklund      Teemu Murtola      Szilard Pall       Sander Pronk       
Roland Schulz      Alexey Shvetsov    Michael Shirts     Alfons Sijbers     
Peter Tieleman     Christian Wennberg Maarten Wolf       
and the project leaders:
Mark Abraham, Berk Hess, Erik Lindahl, and David van der Spoel

Copyright (c) 1991-2000, University of Groningen, The Netherlands.
Copyright (c) 2001-2014, The GROMACS development team at
Uppsala University, Stockholm University and
the Royal Institute of Technology, Sweden.
check out http://www.gromacs.org for more information.

GROMACS is free software; you can redistribute it and/or modify it
under the terms of the GNU Lesser General Public License
as published by the Free Software Foundation; either version 2.1
of the License, or (at your option) any later version.

GROMACS:      gmx mdrun, VERSION 5.0
Executable:   /cvmfs/oasis.opensciencegrid.org/osg/modules/gromacs/5.0.0/bin/gmx
Library dir:  /cvmfs/oasis.opensciencegrid.org/osg/modules/gromacs/5.0.0/share/gromacs/top
Command line:
  gmx mdrun -ntomp 1 -nt 1 -s out.tpr -c out.gro

Gromacs version:    VERSION 5.0
Precision:          single
Memory model:       64 bit
MPI library:        thread_mpi
OpenMP support:     enabled
GPU support:        disabled
invsqrt routine:    gmx_software_invsqrt(x)
SIMD instructions:  SSE4.1
FFT library:        fftw-3.3.4-sse2
RDTSCP usage:       disabled
C++11 compilation:  disabled
TNG support:        enabled
Tracing support:    disabled
Built on:           Mon Aug 25 12:33:03 CDT 2014
Built by:           sthapa@itb2.uchicago.edu [CMAKE]
Build OS/arch:      Linux 2.6.32-431.1.2.el6.x86_64 x86_64
Build CPU vendor:   GenuineIntel
Build CPU brand:    Intel(R) Xeon(R) CPU           E5440  @ 2.83GHz
Build CPU family:   6   Model: 23   Stepping: 6
Build CPU features: apic clfsh cmov cx8 cx16 lahf_lm mmx msr pdcm pse sse2 sse3 sse4.1 ssse3
C compiler:         /usr/bin/gcc GNU 4.4.7
C compiler flags:    -msse4.1   -Wno-maybe-uninitialized -Wextra -Wno-missing-field-initializers -Wno-sign-compare -Wpointer-arith -Wall -Wno-unused -Wunused-value -Wunused-parameter   -fomit-frame-pointer -funroll-all-loops  -Wno-array-bounds  -O3 -DNDEBUG
C++ compiler:       /usr/bin/c++ GNU 4.4.7
C++ compiler flags:  -msse4.1   -Wextra -Wno-missing-field-initializers -Wpointer-arith -Wall -Wno-unused-function   -fomit-frame-pointer -funroll-all-loops  -Wno-array-bounds  -O3 -DNDEBUG
Boost version:      1.55.0 (internal)



++++ PLEASE READ AND CITE THE FOLLOWING REFERENCE ++++
B. Hess and C. Kutzner and D. van der Spoel and E. Lindahl
GROMACS 4: Algorithms for highly efficient, load-balanced, and scalable
molecular simulation
J. Chem. Theory Comput. 4 (2008) pp. 435-447
-------- -------- --- Thank You --- -------- --------


++++ PLEASE READ AND CITE THE FOLLOWING REFERENCE ++++
D. van der Spoel, E. Lindahl, B. Hess, G. Groenhof, A. E. Mark and H. J. C.
Berendsen
GROMACS: Fast, Flexible and Free
J. Comp. Chem. 26 (2005) pp. 1701-1719
-------- -------- --- Thank You --- -------- --------


++++ PLEASE READ AND CITE THE FOLLOWING REFERENCE ++++
E. Lindahl and B. Hess and D. van der Spoel
GROMACS 3.0: A package for molecular simulation and trajectory analysis
J. Mol. Mod. 7 (2001) pp. 306-317
-------- -------- --- Thank You --- -------- --------


++++ PLEASE READ AND CITE THE FOLLOWING REFERENCE ++++
H. J. C. Berendsen, D. van der Spoel and R. van Drunen
GROMACS: A message-passing parallel molecular dynamics implementation
Comp. Phys. Comm. 91 (1995) pp. 43-56
-------- -------- --- Thank You --- -------- --------

Input Parameters:
   integrator                     = md
   tinit                          = 0
   dt                             = 0.002
   nsteps                         = 100000
   init-step                      = 0
   simulation-part                = 1
   comm-mode                      = Linear
   nstcomm                        = 100
   bd-fric                        = 0
   ld-seed                        = 79363941
   emtol                          = 10
   emstep                         = 0.01
   niter                          = 20
   fcstep                         = 0
   nstcgsteep                     = 1000
   nbfgscorr                      = 10
   rtpi                           = 0.05
   nstxout                        = 0
   nstvout                        = 0
   nstfout                        = 0
   nstlog                         = 5000
   nstcalcenergy                  = 100
   nstenergy                      = 0
   nstxout-compressed             = 0
   compressed-x-precision         = 1000
   cutoff-scheme                  = Verlet
   nstlist                        = 20
   ns-type                        = Grid
   pbc                            = xyz
   periodic-molecules             = FALSE
   verlet-buffer-tolerance        = 0.005
   rlist                          = 1.041
   rlistlong                      = 1.041
   nstcalclr                      = 20
   coulombtype                    = PME
   coulomb-modifier               = Potential-shift
   rcoulomb-switch                = 0
   rcoulomb                       = 1
   epsilon-r                      = 1
   epsilon-rf                     = inf
   vdw-type                       = PME
   vdw-modifier                   = Potential-shift
   rvdw-switch                    = 0
   rvdw                           = 1
   DispCorr                       = No
   table-extension                = 1
   fourierspacing                 = 0.1
   fourier-nx                     = 52
   fourier-ny                     = 52
   fourier-nz                     = 52
   pme-order                      = 4
   ewald-rtol                     = 1e-05
   ewald-rtol-lj                  = 0.001
   lj-pme-comb-rule               = Geometric
   ewald-geometry                 = 0
   epsilon-surface                = 0
   implicit-solvent               = No
   gb-algorithm                   = Still
   nstgbradii                     = 1
   rgbradii                       = 1
   gb-epsilon-solvent             = 80
   gb-saltconc                    = 0
   gb-obc-alpha                   = 1
   gb-obc-beta                    = 0.8
   gb-obc-gamma                   = 4.85
   gb-dielectric-offset           = 0.009
   sa-algorithm                   = Ace-approximation
   sa-surface-tension             = 2.05016
   tcoupl                         = V-rescale
   nsttcouple                     = 20
   nh-chain-length                = 0
   print-nose-hoover-chain-variables = FALSE
   pcoupl                         = No
   pcoupltype                     = Isotropic
   nstpcouple                     = -1
   tau-p                          = 1
   compressibility (3x3):
      compressibility[    0]={ 0.00000e+00,  0.00000e+00,  0.00000e+00}
      compressibility[    1]={ 0.00000e+00,  0.00000e+00,  0.00000e+00}
      compressibility[    2]={ 0.00000e+00,  0.00000e+00,  0.00000e+00}
   ref-p (3x3):
      ref-p[    0]={ 0.00000e+00,  0.00000e+00,  0.00000e+00}
      ref-p[    1]={ 0.00000e+00,  0.00000e+00,  0.00000e+00}
      ref-p[    2]={ 0.00000e+00,  0.00000e+00,  0.00000e+00}
   refcoord-scaling               = No
   posres-com (3):
      posres-com[0]= 0.00000e+00
      posres-com[1]= 0.00000e+00
      posres-com[2]= 0.00000e+00
   posres-comB (3):
      posres-comB[0]= 0.00000e+00
      posres-comB[1]= 0.00000e+00
      posres-comB[2]= 0.00000e+00
   QMMM                           = FALSE
   QMconstraints                  = 0
   QMMMscheme                     = 0
   MMChargeScaleFactor            = 1
qm-opts:
   ngQM                           = 0
   constraint-algorithm           = Lincs
   continuation                   = FALSE
   Shake-SOR                      = FALSE
   shake-tol                      = 0.0001
   lincs-order                    = 4
   lincs-iter                     = 1
   lincs-warnangle                = 30
   nwall                          = 0
   wall-type                      = 9-3
   wall-r-linpot                  = -1
   wall-atomtype[0]               = -1
   wall-atomtype[1]               = -1
   wall-density[0]                = 0
   wall-density[1]                = 0
   wall-ewald-zfac                = 3
   pull                           = no
   rotation                       = FALSE
   interactiveMD                  = FALSE
   disre                          = No
   disre-weighting                = Conservative
   disre-mixed                    = FALSE
   dr-fc                          = 1000
   dr-tau                         = 0
   nstdisreout                    = 100
   orire-fc                       = 0
   orire-tau                      = 0
   nstorireout                    = 100
   free-energy                    = no
   cos-acceleration               = 0
   deform (3x3):
      deform[    0]={ 0.00000e+00,  0.00000e+00,  0.00000e+00}
      deform[    1]={ 0.00000e+00,  0.00000e+00,  0.00000e+00}
      deform[    2]={ 0.00000e+00,  0.00000e+00,  0.00000e+00}
   simulated-tempering            = FALSE
   E-x:
      n = 0
   E-xt:
      n = 0
   E-y:
      n = 0
   E-yt:
      n = 0
   E-z:
      n = 0
   E-zt:
      n = 0
   swapcoords                     = no
   adress                         = FALSE
   userint1                       = 0
   userint2                       = 0
   userint3                       = 0
   userint4                       = 0
   userreal1                      = 0
   userreal2                      = 0
   userreal3                      = 0
   userreal4                      = 0
grpopts:
   nrdf:       28510
   ref-t:         355
   tau-t:           2
annealing:          No
annealing-npoints:           0
   acc:	           0           0           0
   nfreeze:           N           N           N
   energygrp-flags[  0]: 0
Using 1 MPI thread
Using 1 OpenMP thread 

Detecting CPU SIMD instructions.
Present hardware specification:
Vendor: GenuineIntel
Brand:  Intel(R) Xeon(R) CPU E5-2670 v2 @ 2.50GHz
Family:  6  Model: 62  Stepping:  4
Features: aes apic avx clfsh cmov cx8 cx16 f16c htt lahf_lm mmx msr nonstop_tsc pcid pclmuldq pdcm pdpe1gb popcnt pse rdrnd rdtscp sse2 sse3 sse4.1 sse4.2 ssse3 tdt x2apic
SIMD instructions most likely to fit this hardware: AVX_256
SIMD instructions selected at GROMACS compile time: SSE4.1


Binary not matching hardware - you might be losing performance.
SIMD instructions most likely to fit this hardware: AVX_256
SIMD instructions selected at GROMACS compile time: SSE4.1


The current CPU can measure timings more accurately than the code in
gmx was configured to use. This might affect your simulation
speed as accurate timings are needed for load-balancing.
Please consider rebuilding gmx with the GMX_USE_RDTSCP=OFF CMake option.

Will do PME sum in reciprocal space for electrostatic interactions.

++++ PLEASE READ AND CITE THE FOLLOWING REFERENCE ++++
U. Essmann, L. Perera, M. L. Berkowitz, T. Darden, H. Lee and L. G. Pedersen 
A smooth particle mesh Ewald method
J. Chem. Phys. 103 (1995) pp. 8577-8592
-------- -------- --- Thank You --- -------- --------

Will do ordinary reciprocal space Ewald sum.
Using a Gaussian width (1/beta) of 0.320163 nm for Ewald
Will do PME sum in reciprocal space for LJ dispersion interactions.

++++ PLEASE READ AND CITE THE FOLLOWING REFERENCE ++++
U. Essmann, L. Perera, M. L. Berkowitz, T. Darden, H. Lee and L. G. Pedersen 
A smooth particle mesh Ewald method
J. Chem. Phys. 103 (1995) pp. 8577-8592
-------- -------- --- Thank You --- -------- --------

Using a Gaussian width (1/beta) of 0.298423 nm for LJ Ewald
Using shifted Lennard-Jones, switch between 0 and 1 nm
Cut-off's:   NS: 1.041   Coulomb: 1   LJ: 1
System total charge: -0.000
Generated table with 1020 data points for Ewald.
Tabscale = 500 points/nm
Generated table with 1020 data points for LJ6Ewald.
Tabscale = 500 points/nm
Generated table with 1020 data points for LJ12.
Tabscale = 500 points/nm
Generated table with 1020 data points for 1-4 COUL.
Tabscale = 500 points/nm
Generated table with 1020 data points for 1-4 LJ6.
Tabscale = 500 points/nm
Generated table with 1020 data points for 1-4 LJ12.
Tabscale = 500 points/nm

Using SSE4.1 4x4 non-bonded kernels

Potential shift: LJ r^-12: -1.000e+00 r^-6: -1.000e-03, Ewald -1.000e-05
Initialized non-bonded Ewald correction tables, spacing: 9.33e-04 size: 2189

Removing pbc first time

Initializing LINear Constraint Solver

++++ PLEASE READ AND CITE THE FOLLOWING REFERENCE ++++
B. Hess and H. Bekker and H. J. C. Berendsen and J. G. E. M. Fraaije
LINCS: A Linear Constraint Solver for molecular simulations
J. Comp. Chem. 18 (1997) pp. 1463-1472
-------- -------- --- Thank You --- -------- --------

The number of constraints is 323

++++ PLEASE READ AND CITE THE FOLLOWING REFERENCE ++++
S. Miyamoto and P. A. Kollman
SETTLE: An Analytical Version of the SHAKE and RATTLE Algorithms for Rigid
Water Models
J. Comp. Chem. 13 (1992) pp. 952-962
-------- -------- --- Thank You --- -------- --------

Center of mass motion removal mode is Linear
We have the following groups for center of mass motion removal:
  0:  rest

++++ PLEASE READ AND CITE THE FOLLOWING REFERENCE ++++
G. Bussi, D. Donadio and M. Parrinello
Canonical sampling through velocity rescaling
J. Chem. Phys. 126 (2007) pp. 014101
-------- -------- --- Thank You --- -------- --------

There are: 14100 Atoms

Constraining the starting coordinates (step 0)

Constraining the coordinates at t0-dt (step 0)
RMS relative constraint deviation after constraining: 3.50e-06
Initial temperature: 351.852 K

Started mdrun on rank 0 Mon Sep 18 02:50:44 2017
           Step           Time         Lambda
              0        0.00000        0.00000

   Energies (kJ/mol)
           Bond          Angle    Proper Dih.  Improper Dih.          LJ-14
    1.08865e+02    5.53911e+02    1.66193e+03    3.03505e+01    5.63376e+02
     Coulomb-14        LJ (SR)   Coulomb (SR)   Coul. recip.      LJ recip.
    1.06706e+04    5.77624e+04   -2.68776e+05    1.26157e+03   -1.69687e+04
      Potential    Kinetic En.   Total Energy  Conserved En.    Temperature
   -2.13132e+05    4.17204e+04   -1.71411e+05   -1.71411e+05    3.52001e+02
 Pressure (bar)   Constr. rmsd
    5.21112e+03    3.67991e-06

           Step           Time         Lambda
           5000       10.00000        0.00000

   Energies (kJ/mol)
           Bond          Angle    Proper Dih.  Improper Dih.          LJ-14
    5.34577e+02    1.23000e+03    1.64760e+03    7.67423e+01    5.75929e+02
     Coulomb-14        LJ (SR)   Coulomb (SR)   Coul. recip.      LJ recip.
    1.07767e+04    4.52843e+04   -2.27944e+05    1.33737e+03   -1.68000e+04
      Potential    Kinetic En.   Total Energy  Conserved En.    Temperature
   -1.83281e+05    4.01728e+04   -1.43108e+05   -1.71037e+05    3.38944e+02
 Pressure (bar)   Constr. rmsd
    4.56677e+03    3.17684e-06

           Step           Time         Lambda
          10000       20.00000        0.00000

   Energies (kJ/mol)
           Bond          Angle    Proper Dih.  Improper Dih.          LJ-14
    4.96768e+02    1.44558e+03    1.67247e+03    7.98531e+01    5.83811e+02
     Coulomb-14        LJ (SR)   Coulomb (SR)   Coul. recip.      LJ recip.
    1.06507e+04    4.44009e+04   -2.25318e+05    1.35477e+03   -1.68024e+04
      Potential    Kinetic En.   Total Energy  Conserved En.    Temperature
   -1.81436e+05    4.20879e+04   -1.39348e+05   -1.71020e+05    3.55102e+02
 Pressure (bar)   Constr. rmsd
    4.74565e+03    3.12121e-06

Writing checkpoint, step 11520 at Mon Sep 18 03:05:47 2017


           Step           Time         Lambda
          15000       30.00000        0.00000

   Energies (kJ/mol)
           Bond          Angle    Proper Dih.  Improper Dih.          LJ-14
    5.09168e+02    1.44681e+03    1.67703e+03    6.65750e+01    6.08010e+02
     Coulomb-14        LJ (SR)   Coulomb (SR)   Coul. recip.      LJ recip.
    1.07265e+04    4.50283e+04   -2.25678e+05    1.35180e+03   -1.68064e+04
      Potential    Kinetic En.   Total Energy  Conserved En.    Temperature
   -1.81071e+05    4.24336e+04   -1.38637e+05   -1.70989e+05    3.58019e+02
 Pressure (bar)   Constr. rmsd
    5.08901e+03    3.92231e-06

           Step           Time         Lambda
          20000       40.00000        0.00000

   Energies (kJ/mol)
           Bond          Angle    Proper Dih.  Improper Dih.          LJ-14
    4.94133e+02    1.51574e+03    1.61506e+03    7.58668e+01    5.83048e+02
     Coulomb-14        LJ (SR)   Coulomb (SR)   Coul. recip.      LJ recip.
    1.07163e+04    4.46553e+04   -2.24613e+05    1.30108e+03   -1.67904e+04
      Potential    Kinetic En.   Total Energy  Conserved En.    Temperature
   -1.80447e+05    4.26183e+04   -1.37828e+05   -1.70964e+05    3.59578e+02
 Pressure (bar)   Constr. rmsd
    5.04506e+03    3.98207e-06

Writing checkpoint, step 22820 at Mon Sep 18 03:20:46 2017


           Step           Time         Lambda
          25000       50.00000        0.00000

   Energies (kJ/mol)
           Bond          Angle    Proper Dih.  Improper Dih.          LJ-14
    5.29689e+02    1.42447e+03    1.70357e+03    7.85062e+01    5.58450e+02
     Coulomb-14        LJ (SR)   Coulomb (SR)   Coul. recip.      LJ recip.
    1.07183e+04    4.44961e+04   -2.24378e+05    1.34207e+03   -1.68058e+04
      Potential    Kinetic En.   Total Energy  Conserved En.    Temperature
   -1.80332e+05    4.17093e+04   -1.38623e+05   -1.70941e+05    3.51908e+02
 Pressure (bar)   Constr. rmsd
    4.86242e+03    4.10558e-06

           Step           Time         Lambda
          30000       60.00000        0.00000

   Energies (kJ/mol)
           Bond          Angle    Proper Dih.  Improper Dih.          LJ-14
    5.18718e+02    1.59570e+03    1.64018e+03    7.60716e+01    5.96937e+02
     Coulomb-14        LJ (SR)   Coulomb (SR)   Coul. recip.      LJ recip.
    1.07231e+04    4.42853e+04   -2.25119e+05    1.34406e+03   -1.68021e+04
      Potential    Kinetic En.   Total Energy  Conserved En.    Temperature
   -1.81141e+05    4.14971e+04   -1.39644e+05   -1.70917e+05    3.50117e+02
 Pressure (bar)   Constr. rmsd
    4.66880e+03    3.62740e-06

Writing checkpoint, step 34500 at Mon Sep 18 03:35:46 2017


           Step           Time         Lambda
          35000       70.00000        0.00000

   Energies (kJ/mol)
           Bond          Angle    Proper Dih.  Improper Dih.          LJ-14
    5.80762e+02    1.30387e+03    1.61531e+03    8.37934e+01    6.11307e+02
     Coulomb-14        LJ (SR)   Coulomb (SR)   Coul. recip.      LJ recip.
    1.08269e+04    4.39179e+04   -2.24256e+05    1.28920e+03   -1.68104e+04
      Potential    Kinetic En.   Total Energy  Conserved En.    Temperature
   -1.80838e+05    4.21176e+04   -1.38720e+05   -1.70878e+05    3.55353e+02
 Pressure (bar)   Constr. rmsd
    4.75124e+03    3.31187e-06

           Step           Time         Lambda
          40000       80.00000        0.00000

   Energies (kJ/mol)
           Bond          Angle    Proper Dih.  Improper Dih.          LJ-14
    5.08324e+02    1.35192e+03    1.66834e+03    8.22925e+01    6.17218e+02
     Coulomb-14        LJ (SR)   Coulomb (SR)   Coul. recip.      LJ recip.
    1.09154e+04    4.48041e+04   -2.25123e+05    1.36524e+03   -1.68088e+04
      Potential    Kinetic En.   Total Energy  Conserved En.    Temperature
   -1.80619e+05    4.20110e+04   -1.38608e+05   -1.70858e+05    3.54454e+02
 Pressure (bar)   Constr. rmsd
    5.16004e+03    3.59519e-06

           Step           Time         Lambda
          45000       90.00000        0.00000

   Energies (kJ/mol)
           Bond          Angle    Proper Dih.  Improper Dih.          LJ-14
    5.58203e+02    1.39421e+03    1.61364e+03    6.17381e+01    6.46109e+02
     Coulomb-14        LJ (SR)   Coulomb (SR)   Coul. recip.      LJ recip.
    1.08685e+04    4.41768e+04   -2.24597e+05    1.36343e+03   -1.67960e+04
      Potential    Kinetic En.   Total Energy  Conserved En.    Temperature
   -1.80710e+05    4.22858e+04   -1.38424e+05   -1.70838e+05    3.56772e+02
 Pressure (bar)   Constr. rmsd
    4.96374e+03    3.47360e-06

Writing checkpoint, step 45840 at Mon Sep 18 03:50:46 2017


           Step           Time         Lambda
          50000      100.00000        0.00000

   Energies (kJ/mol)
           Bond          Angle    Proper Dih.  Improper Dih.          LJ-14
    4.54528e+02    1.26280e+03    1.63743e+03    8.28576e+01    6.15496e+02
     Coulomb-14        LJ (SR)   Coulomb (SR)   Coul. recip.      LJ recip.
    1.08846e+04    4.56262e+04   -2.25554e+05    1.41072e+03   -1.68047e+04
      Potential    Kinetic En.   Total Energy  Conserved En.    Temperature
   -1.80384e+05    4.21631e+04   -1.38221e+05   -1.70817e+05    3.55737e+02
 Pressure (bar)   Constr. rmsd
    5.53897e+03    3.22801e-06

           Step           Time         Lambda
          55000      110.00000        0.00000

   Energies (kJ/mol)
           Bond          Angle    Proper Dih.  Improper Dih.          LJ-14
    5.67271e+02    1.39087e+03    1.63975e+03    6.50954e+01    6.00437e+02
     Coulomb-14        LJ (SR)   Coulomb (SR)   Coul. recip.      LJ recip.
    1.08712e+04    4.48992e+04   -2.25307e+05    1.35676e+03   -1.68099e+04
      Potential    Kinetic En.   Total Energy  Conserved En.    Temperature
   -1.80726e+05    4.23343e+04   -1.38392e+05   -1.70768e+05    3.57181e+02
 Pressure (bar)   Constr. rmsd
    5.03198e+03    3.77411e-06

Writing checkpoint, step 57160 at Mon Sep 18 04:05:47 2017


           Step           Time         Lambda
          60000      120.00000        0.00000

   Energies (kJ/mol)
           Bond          Angle    Proper Dih.  Improper Dih.          LJ-14
    5.05216e+02    1.46591e+03    1.70000e+03    9.99648e+01    6.03559e+02
     Coulomb-14        LJ (SR)   Coulomb (SR)   Coul. recip.      LJ recip.
    1.09456e+04    4.37034e+04   -2.23756e+05    1.41610e+03   -1.68193e+04
      Potential    Kinetic En.   Total Energy  Conserved En.    Temperature
   -1.80136e+05    4.21849e+04   -1.37951e+05   -1.70747e+05    3.55920e+02
 Pressure (bar)   Constr. rmsd
    4.70631e+03    3.36748e-06

           Step           Time         Lambda
          65000      130.00000        0.00000

   Energies (kJ/mol)
           Bond          Angle    Proper Dih.  Improper Dih.          LJ-14
    4.37722e+02    1.37216e+03    1.66212e+03    1.00075e+02    6.06716e+02
     Coulomb-14        LJ (SR)   Coulomb (SR)   Coul. recip.      LJ recip.
    1.08857e+04    4.47706e+04   -2.25045e+05    1.37697e+03   -1.68150e+04
      Potential    Kinetic En.   Total Energy  Conserved En.    Temperature
   -1.80648e+05    4.24573e+04   -1.38190e+05   -1.70726e+05    3.58219e+02
 Pressure (bar)   Constr. rmsd
    5.25372e+03    3.16265e-06

Writing checkpoint, step 68500 at Mon Sep 18 04:20:47 2017


           Step           Time         Lambda
          70000      140.00000        0.00000

   Energies (kJ/mol)
           Bond          Angle    Proper Dih.  Improper Dih.          LJ-14
    5.62727e+02    1.35305e+03    1.70099e+03    1.08749e+02    6.22868e+02
     Coulomb-14        LJ (SR)   Coulomb (SR)   Coul. recip.      LJ recip.
    1.08517e+04    4.51152e+04   -2.26059e+05    1.32012e+03   -1.68257e+04
      Potential    Kinetic En.   Total Energy  Conserved En.    Temperature
   -1.81249e+05    4.26394e+04   -1.38610e+05   -1.70697e+05    3.59755e+02
 Pressure (bar)   Constr. rmsd
    5.11575e+03    3.60262e-06

           Step           Time         Lambda
          75000      150.00000        0.00000

   Energies (kJ/mol)
           Bond          Angle    Proper Dih.  Improper Dih.          LJ-14
    5.22051e+02    1.44956e+03    1.69168e+03    1.00655e+02    6.06828e+02
     Coulomb-14        LJ (SR)   Coulomb (SR)   Coul. recip.      LJ recip.
    1.07545e+04    4.46755e+04   -2.25422e+05    1.25384e+03   -1.68150e+04
      Potential    Kinetic En.   Total Energy  Conserved En.    Temperature
   -1.81182e+05    4.22372e+04   -1.38945e+05   -1.70676e+05    3.56362e+02
 Pressure (bar)   Constr. rmsd
    4.88882e+03    3.26920e-06

Writing checkpoint, step 79880 at Mon Sep 18 04:35:46 2017


           Step           Time         Lambda
          80000      160.00000        0.00000

   Energies (kJ/mol)
           Bond          Angle    Proper Dih.  Improper Dih.          LJ-14
    5.03254e+02    1.46477e+03    1.65028e+03    8.99113e+01    5.90639e+02
     Coulomb-14        LJ (SR)   Coulomb (SR)   Coul. recip.      LJ recip.
    1.08091e+04    4.52167e+04   -2.24943e+05    1.35047e+03   -1.68186e+04
      Potential    Kinetic En.   Total Energy  Conserved En.    Temperature
   -1.80086e+05    4.23084e+04   -1.37778e+05   -1.70652e+05    3.56962e+02
 Pressure (bar)   Constr. rmsd
    5.36093e+03    4.38572e-06

           Step           Time         Lambda
          85000      170.00000        0.00000

   Energies (kJ/mol)
           Bond          Angle    Proper Dih.  Improper Dih.          LJ-14
    5.81166e+02    1.34700e+03    1.73005e+03    8.77216e+01    5.94172e+02
     Coulomb-14        LJ (SR)   Coulomb (SR)   Coul. recip.      LJ recip.
    1.08734e+04    4.46342e+04   -2.24724e+05    1.32979e+03   -1.68145e+04
      Potential    Kinetic En.   Total Energy  Conserved En.    Temperature
   -1.80361e+05    4.13959e+04   -1.38965e+05   -1.70609e+05    3.49264e+02
 Pressure (bar)   Constr. rmsd
    5.00695e+03    4.41523e-06

           Step           Time         Lambda
          90000      180.00000        0.00000

   Energies (kJ/mol)
           Bond          Angle    Proper Dih.  Improper Dih.          LJ-14
    4.79930e+02    1.29241e+03    1.67841e+03    6.61893e+01    5.88185e+02
     Coulomb-14        LJ (SR)   Coulomb (SR)   Coul. recip.      LJ recip.
    1.09367e+04    4.47243e+04   -2.25319e+05    1.30488e+03   -1.68303e+04
      Potential    Kinetic En.   Total Energy  Conserved En.    Temperature
   -1.81078e+05    4.15724e+04   -1.39506e+05   -1.70591e+05    3.50753e+02
 Pressure (bar)   Constr. rmsd
    5.08478e+03    3.13279e-06

Writing checkpoint, step 91120 at Mon Sep 18 04:50:47 2017


           Step           Time         Lambda
          95000      190.00000        0.00000

   Energies (kJ/mol)
           Bond          Angle    Proper Dih.  Improper Dih.          LJ-14
    4.92697e+02    1.47341e+03    1.67982e+03    7.74186e+01    5.96508e+02
     Coulomb-14        LJ (SR)   Coulomb (SR)   Coul. recip.      LJ recip.
    1.07448e+04    4.52089e+04   -2.25077e+05    1.33022e+03   -1.68009e+04
      Potential    Kinetic En.   Total Energy  Conserved En.    Temperature
   -1.80274e+05    4.20776e+04   -1.38197e+05   -1.70567e+05    3.55015e+02
 Pressure (bar)   Constr. rmsd
    5.49599e+03    3.54863e-06

           Step           Time         Lambda
         100000      200.00000        0.00000

Writing checkpoint, step 100000 at Mon Sep 18 05:02:30 2017


   Energies (kJ/mol)
           Bond          Angle    Proper Dih.  Improper Dih.          LJ-14
    5.08087e+02    1.32109e+03    1.67917e+03    7.63085e+01    6.01410e+02
     Coulomb-14        LJ (SR)   Coulomb (SR)   Coul. recip.      LJ recip.
    1.08490e+04    4.45120e+04   -2.24703e+05    1.30436e+03   -1.68100e+04
      Potential    Kinetic En.   Total Energy  Conserved En.    Temperature
   -1.80662e+05    4.22633e+04   -1.38398e+05   -1.70552e+05    3.56582e+02
 Pressure (bar)   Constr. rmsd
    5.14358e+03    3.61273e-06

	<======  ###############  ==>
	<====  A V E R A G E S  ====>
	<==  ###############  ======>

	Statistics over 100001 steps using 1001 frames

   Energies (kJ/mol)
           Bond          Angle    Proper Dih.  Improper Dih.          LJ-14
    5.13965e+02    1.41242e+03    1.66861e+03    8.16543e+01    6.00276e+02
     Coulomb-14        LJ (SR)   Coulomb (SR)   Coul. recip.      LJ recip.
    1.08098e+04    4.49901e+04   -2.25809e+05    1.32943e+03   -1.68096e+04
      Potential    Kinetic En.   Total Energy  Conserved En.    Temperature
   -1.81213e+05    4.18014e+04   -1.39411e+05   -1.70804e+05    3.52685e+02
 Pressure (bar)   Constr. rmsd
    5.05203e+03    0.00000e+00

   Total Virial (kJ/mol)
   -5.05852e+03    7.19903e+00    2.83498e+01
    7.25474e+00   -5.07402e+03    3.07898e+01
    2.84014e+01    3.05846e+01   -5.11107e+03

   Pressure (bar)
    5.04853e+03   -3.44928e+00   -6.60651e+00
   -3.46408e+00    5.04878e+03   -7.83968e+00
   -6.62022e+00   -7.78517e+00    5.05877e+03


	M E G A - F L O P S   A C C O U N T I N G

 NB=Group-cutoff nonbonded kernels    NxN=N-by-N cluster Verlet kernels
 RF=Reaction-Field  VdW=Van der Waals  QSTab=quadratic-spline table
 W3=SPC/TIP3p  W4=TIP4p (single or pairs)
 V&F=Potential and force  V=Potential only  F=Force only

 Computing:                               M-Number         M-Flops  % Flops
-----------------------------------------------------------------------------
 Pair Search distance check           23804.535262      214240.817     0.4
 NxN QSTab Elec. + LJ [F]            351030.421672    27029342.469    56.4
 NxN QSTab Elec. + LJ [V&F]            3549.623968      326565.405     0.7
 NxN QSTab Elec. [F]                 313615.135000    10662914.590    22.2
 NxN QSTab Elec. [V&F]                 3171.146288      130016.998     0.3
 1,4 nonbonded interactions             163.201632       14688.147     0.0
 Calc Weights                          4230.042300      152281.523     0.3
 Spread Q Bspline                    180481.804800      360963.610     0.8
 Gather F Bspline                    180481.804800     1082890.829     2.3
 3D-FFT                              961842.418328     7694739.347    16.1
 Solve PME                              540.805408       34611.546     0.1
 Shift-X                                 70.514100         423.085     0.0
 Bonds                                   30.400304        1793.618     0.0
 Angles                                 114.301143       19202.592     0.0
 Propers                                177.301773       40602.106     0.1
 Impropers                               11.400114        2371.224     0.0
 Virial                                  14.159145         254.865     0.0
 Stop-CM                                 14.128200         141.282     0.0
 Calc-Ekin                              141.028200        3807.761     0.0
 Lincs                                   32.300969        1938.058     0.0
 Lincs-Mat                              190.805724         763.223     0.0
 Constraint-V                          1411.028220       11288.226     0.0
 Constraint-Vir                          13.800787         331.219     0.0
 Settle                                 448.813464      144966.749     0.3
-----------------------------------------------------------------------------
 Total                                                47931139.287   100.0
-----------------------------------------------------------------------------


     R E A L   C Y C L E   A N D   T I M E   A C C O U N T I N G

On 1 MPI rank

 Computing:          Num   Num      Call    Wall time         Giga-Cycles
                     Ranks Threads  Count      (s)         total sum    %
-----------------------------------------------------------------------------
 Neighbor search        1    1       5001     141.847        354.617   1.8
 Force                  1    1     100001    4211.117      10527.763  53.3
 PME mesh               1    1     100001    3404.855       8512.114  43.1
 NB X/F buffer ops.     1    1     195001      13.970         34.924   0.2
 Write traj.            1    1          9       1.691          4.229   0.0
 Update                 1    1     100001      21.886         54.715   0.3
 Constraints            1    1     100001     103.385        258.463   1.3
 Rest                                           7.414         18.535   0.1
-----------------------------------------------------------------------------
 Total                                       7906.165      19765.359 100.0
-----------------------------------------------------------------------------
 Breakdown of PME mesh computation
-----------------------------------------------------------------------------
 PME spread/gather      1    1     400004     500.383       1250.955   6.3
 PME 3D-FFT             1    1     400004    2668.016       6670.023  33.7
 PME solve LJ           1    1     100001     180.174        450.433   2.3
 PME solve Elec         1    1     100001      55.068        137.669   0.7
-----------------------------------------------------------------------------

               Core t (s)   Wall t (s)        (%)
       Time:     7900.523     7906.165       99.9
                         2h11:46
                 (ns/day)    (hour/ns)
Performance:        2.186       10.981
Finished mdrun on rank 0 Mon Sep 18 05:02:30 2017
