2017-10-27 17:02:09,607: state.pubsub.pub.0005: umgr.scheduling.0               : MainThread     : INFO    : python.interpreter   version: 2.7.12 (default, Nov 19 2016, 06:48:10) [GCC 5.4.0 20160609]
2017-10-27 17:02:09,607: state.pubsub.pub.0005: umgr.scheduling.0               : MainThread     : INFO    :                      pid: 23490
2017-10-27 17:02:09,607: state.pubsub.pub.0005: umgr.scheduling.0               : MainThread     : INFO    :                      tid: MainThread
2017-10-27 17:02:09,608: state.pubsub.pub.0005: umgr.scheduling.0               : MainThread     : INFO    : radical.pilot        version: 0.47-v0.46.2-133-g78e0b005@rc-v0.46.3
2017-10-27 17:02:09,608: state.pubsub.pub.0005: umgr.scheduling.0               : MainThread     : INFO    : create state_pubsub - pub - tcp://138.201.86.166:43473
2017-10-27 17:02:09,608: state.pubsub.pub.0005: umgr.scheduling.0               : MainThread     : DEBUG   : start process
2017-10-27 17:02:09,609: state.pubsub.pub.0005: umgr.scheduling.0               : MainThread     : DEBUG   : ru_initialize_common (NOOP)
2017-10-27 17:02:09,609: state.pubsub.pub.0005: umgr.scheduling.0               : MainThread     : DEBUG   : ru_initialize_parent (NOOP)
2017-10-27 17:02:09,609: state.pubsub.pub.0005: umgr.scheduling.0               : MainThread     : DEBUG   : process class started (no child)
2017-10-27 17:02:09,644: state.pubsub.pub.0005: MainProcess                     : MainThread     : INFO    : python.interpreter   version: 2.7.12 (default, Nov 19 2016, 06:48:10) [GCC 5.4.0 20160609]
2017-10-27 17:02:09,645: state.pubsub.pub.0005: MainProcess                     : MainThread     : INFO    :                      pid: 23100
2017-10-27 17:02:09,645: state.pubsub.pub.0005: MainProcess                     : MainThread     : INFO    :                      tid: MainThread
2017-10-27 17:02:09,645: state.pubsub.pub.0005: MainProcess                     : MainThread     : INFO    : radical.pilot        version: 0.47-v0.46.2-133-g78e0b005@rc-v0.46.3
2017-10-27 17:02:09,645: state.pubsub.pub.0005: MainProcess                     : MainThread     : INFO    : create state_pubsub - pub - tcp://138.201.86.166:43473
2017-10-27 17:02:09,645: state.pubsub.pub.0005: MainProcess                     : MainThread     : DEBUG   : start process
2017-10-27 17:02:09,645: state.pubsub.pub.0005: MainProcess                     : MainThread     : DEBUG   : ru_initialize_common (NOOP)
2017-10-27 17:02:09,645: state.pubsub.pub.0005: MainProcess                     : MainThread     : DEBUG   : ru_initialize_parent (NOOP)
2017-10-27 17:02:09,645: state.pubsub.pub.0005: MainProcess                     : MainThread     : DEBUG   : process class started (no child)
2017-10-27 18:26:45,932: state.pubsub.pub.0005: umgr.scheduling.0               : MainThread     : INFO    : parent stops child  23490 -> None [state.pubsub.pub.0005]
2017-10-27 18:26:45,932: state.pubsub.pub.0005: umgr.scheduling.0               : MainThread     : DEBUG   : ru_finalize_parent (NOOP)
